[2022-02-04 01:04:33,770] {taskinstance.py:1032} INFO - Dependencies all met for <TaskInstance: Sample_one.connect_to_astra_db manual__2022-02-04T01:04:32.074944+00:00 [queued]>
[2022-02-04 01:04:33,782] {taskinstance.py:1032} INFO - Dependencies all met for <TaskInstance: Sample_one.connect_to_astra_db manual__2022-02-04T01:04:32.074944+00:00 [queued]>
[2022-02-04 01:04:33,783] {taskinstance.py:1238} INFO - 
--------------------------------------------------------------------------------
[2022-02-04 01:04:33,784] {taskinstance.py:1239} INFO - Starting attempt 1 of 1
[2022-02-04 01:04:33,785] {taskinstance.py:1240} INFO - 
--------------------------------------------------------------------------------
[2022-02-04 01:04:33,798] {taskinstance.py:1259} INFO - Executing <Task(PythonOperator): connect_to_astra_db> on 2022-02-04 01:04:32.074944+00:00
[2022-02-04 01:04:33,805] {standard_task_runner.py:52} INFO - Started process 1184 to run task
[2022-02-04 01:04:33,809] {standard_task_runner.py:76} INFO - Running: ['***', 'tasks', 'run', 'Sample_one', 'connect_to_astra_db', 'manual__2022-02-04T01:04:32.074944+00:00', '--job-id', '45', '--raw', '--subdir', 'DAGS_FOLDER/astradb.py', '--cfg-path', '/tmp/tmpa9iwf_so', '--error-file', '/tmp/tmpd0562mwv']
[2022-02-04 01:04:33,810] {standard_task_runner.py:77} INFO - Job 45: Subtask connect_to_astra_db
[2022-02-04 01:04:33,870] {logging_mixin.py:109} INFO - Running <TaskInstance: Sample_one.connect_to_astra_db manual__2022-02-04T01:04:32.074944+00:00 [running]> on host 09c085199644
[2022-02-04 01:04:33,921] {taskinstance.py:1426} INFO - Exporting the following env vars:
AIRFLOW_CTX_DAG_OWNER=vathana
AIRFLOW_CTX_DAG_ID=Sample_one
AIRFLOW_CTX_TASK_ID=connect_to_astra_db
AIRFLOW_CTX_EXECUTION_DATE=2022-02-04T01:04:32.074944+00:00
AIRFLOW_CTX_DAG_RUN_ID=manual__2022-02-04T01:04:32.074944+00:00
[2022-02-04 01:04:33,923] {logging_mixin.py:109} INFO - HEllo
[2022-02-04 01:04:33,924] {python.py:175} INFO - Done. Returned value was: None
[2022-02-04 01:04:33,936] {taskinstance.py:1277} INFO - Marking task as SUCCESS. dag_id=Sample_one, task_id=connect_to_astra_db, execution_date=20220204T010432, start_date=20220204T010433, end_date=20220204T010433
[2022-02-04 01:04:33,983] {local_task_job.py:154} INFO - Task exited with return code 0
[2022-02-04 01:04:34,019] {local_task_job.py:264} INFO - 1 downstream tasks scheduled from follow-on schedule check
