[2022-02-04 01:00:59,923] {processor.py:163} INFO - Started process (PID=2626) to work on /opt/airflow/dags/secure-connect-capstone-project2.zip
[2022-02-04 01:00:59,930] {processor.py:642} INFO - Processing file /opt/airflow/dags/secure-connect-capstone-project2.zip for tasks to queue
[2022-02-04 01:00:59,931] {logging_mixin.py:109} INFO - [2022-02-04 01:00:59,931] {dagbag.py:500} INFO - Filling up the DagBag from /opt/airflow/dags/secure-connect-capstone-project2.zip
[2022-02-04 01:00:59,959] {processor.py:656} WARNING - No viable dags retrieved from /opt/airflow/dags/secure-connect-capstone-project2.zip
[2022-02-04 01:00:59,964] {processor.py:171} INFO - Processing /opt/airflow/dags/secure-connect-capstone-project2.zip took 0.044 seconds
[2022-02-04 01:01:30,753] {processor.py:163} INFO - Started process (PID=2693) to work on /opt/airflow/dags/secure-connect-capstone-project2.zip
[2022-02-04 01:01:30,756] {processor.py:642} INFO - Processing file /opt/airflow/dags/secure-connect-capstone-project2.zip for tasks to queue
[2022-02-04 01:01:30,758] {logging_mixin.py:109} INFO - [2022-02-04 01:01:30,757] {dagbag.py:500} INFO - Filling up the DagBag from /opt/airflow/dags/secure-connect-capstone-project2.zip
[2022-02-04 01:01:30,793] {processor.py:656} WARNING - No viable dags retrieved from /opt/airflow/dags/secure-connect-capstone-project2.zip
[2022-02-04 01:01:30,800] {processor.py:171} INFO - Processing /opt/airflow/dags/secure-connect-capstone-project2.zip took 0.051 seconds
[2022-02-04 01:02:01,079] {processor.py:163} INFO - Started process (PID=2748) to work on /opt/airflow/dags/secure-connect-capstone-project2.zip
[2022-02-04 01:02:01,083] {processor.py:642} INFO - Processing file /opt/airflow/dags/secure-connect-capstone-project2.zip for tasks to queue
[2022-02-04 01:02:01,086] {logging_mixin.py:109} INFO - [2022-02-04 01:02:01,086] {dagbag.py:500} INFO - Filling up the DagBag from /opt/airflow/dags/secure-connect-capstone-project2.zip
[2022-02-04 01:02:01,121] {processor.py:656} WARNING - No viable dags retrieved from /opt/airflow/dags/secure-connect-capstone-project2.zip
[2022-02-04 01:02:01,129] {processor.py:171} INFO - Processing /opt/airflow/dags/secure-connect-capstone-project2.zip took 0.059 seconds
[2022-02-04 01:02:31,603] {processor.py:163} INFO - Started process (PID=2807) to work on /opt/airflow/dags/secure-connect-capstone-project2.zip
[2022-02-04 01:02:31,605] {processor.py:642} INFO - Processing file /opt/airflow/dags/secure-connect-capstone-project2.zip for tasks to queue
[2022-02-04 01:02:31,607] {logging_mixin.py:109} INFO - [2022-02-04 01:02:31,607] {dagbag.py:500} INFO - Filling up the DagBag from /opt/airflow/dags/secure-connect-capstone-project2.zip
[2022-02-04 01:02:31,636] {processor.py:656} WARNING - No viable dags retrieved from /opt/airflow/dags/secure-connect-capstone-project2.zip
[2022-02-04 01:02:31,642] {processor.py:171} INFO - Processing /opt/airflow/dags/secure-connect-capstone-project2.zip took 0.043 seconds
[2022-02-04 01:03:02,155] {processor.py:163} INFO - Started process (PID=2873) to work on /opt/airflow/dags/secure-connect-capstone-project2.zip
[2022-02-04 01:03:02,159] {processor.py:642} INFO - Processing file /opt/airflow/dags/secure-connect-capstone-project2.zip for tasks to queue
[2022-02-04 01:03:02,162] {logging_mixin.py:109} INFO - [2022-02-04 01:03:02,161] {dagbag.py:500} INFO - Filling up the DagBag from /opt/airflow/dags/secure-connect-capstone-project2.zip
[2022-02-04 01:03:02,198] {processor.py:656} WARNING - No viable dags retrieved from /opt/airflow/dags/secure-connect-capstone-project2.zip
[2022-02-04 01:03:02,203] {processor.py:171} INFO - Processing /opt/airflow/dags/secure-connect-capstone-project2.zip took 0.059 seconds
[2022-02-04 01:03:32,949] {processor.py:163} INFO - Started process (PID=2931) to work on /opt/airflow/dags/secure-connect-capstone-project2.zip
[2022-02-04 01:03:32,952] {processor.py:642} INFO - Processing file /opt/airflow/dags/secure-connect-capstone-project2.zip for tasks to queue
[2022-02-04 01:03:32,953] {logging_mixin.py:109} INFO - [2022-02-04 01:03:32,953] {dagbag.py:500} INFO - Filling up the DagBag from /opt/airflow/dags/secure-connect-capstone-project2.zip
[2022-02-04 01:03:32,986] {processor.py:656} WARNING - No viable dags retrieved from /opt/airflow/dags/secure-connect-capstone-project2.zip
[2022-02-04 01:03:32,995] {processor.py:171} INFO - Processing /opt/airflow/dags/secure-connect-capstone-project2.zip took 0.049 seconds
[2022-02-04 01:04:03,753] {processor.py:163} INFO - Started process (PID=2989) to work on /opt/airflow/dags/secure-connect-capstone-project2.zip
[2022-02-04 01:04:03,754] {processor.py:642} INFO - Processing file /opt/airflow/dags/secure-connect-capstone-project2.zip for tasks to queue
[2022-02-04 01:04:03,756] {logging_mixin.py:109} INFO - [2022-02-04 01:04:03,756] {dagbag.py:500} INFO - Filling up the DagBag from /opt/airflow/dags/secure-connect-capstone-project2.zip
[2022-02-04 01:04:03,777] {processor.py:656} WARNING - No viable dags retrieved from /opt/airflow/dags/secure-connect-capstone-project2.zip
[2022-02-04 01:04:03,782] {processor.py:171} INFO - Processing /opt/airflow/dags/secure-connect-capstone-project2.zip took 0.033 seconds
[2022-02-04 01:04:34,430] {processor.py:163} INFO - Started process (PID=3069) to work on /opt/airflow/dags/secure-connect-capstone-project2.zip
[2022-02-04 01:04:34,434] {processor.py:642} INFO - Processing file /opt/airflow/dags/secure-connect-capstone-project2.zip for tasks to queue
[2022-02-04 01:04:34,450] {logging_mixin.py:109} INFO - [2022-02-04 01:04:34,450] {dagbag.py:500} INFO - Filling up the DagBag from /opt/airflow/dags/secure-connect-capstone-project2.zip
[2022-02-04 01:04:34,485] {processor.py:656} WARNING - No viable dags retrieved from /opt/airflow/dags/secure-connect-capstone-project2.zip
[2022-02-04 01:04:34,492] {processor.py:171} INFO - Processing /opt/airflow/dags/secure-connect-capstone-project2.zip took 0.067 seconds
[2022-02-04 01:05:05,124] {processor.py:163} INFO - Started process (PID=3125) to work on /opt/airflow/dags/secure-connect-capstone-project2.zip
[2022-02-04 01:05:05,126] {processor.py:642} INFO - Processing file /opt/airflow/dags/secure-connect-capstone-project2.zip for tasks to queue
[2022-02-04 01:05:05,128] {logging_mixin.py:109} INFO - [2022-02-04 01:05:05,128] {dagbag.py:500} INFO - Filling up the DagBag from /opt/airflow/dags/secure-connect-capstone-project2.zip
[2022-02-04 01:05:05,153] {processor.py:656} WARNING - No viable dags retrieved from /opt/airflow/dags/secure-connect-capstone-project2.zip
[2022-02-04 01:05:05,159] {processor.py:171} INFO - Processing /opt/airflow/dags/secure-connect-capstone-project2.zip took 0.038 seconds
[2022-02-04 01:05:35,813] {processor.py:163} INFO - Started process (PID=3193) to work on /opt/airflow/dags/secure-connect-capstone-project2.zip
[2022-02-04 01:05:35,816] {processor.py:642} INFO - Processing file /opt/airflow/dags/secure-connect-capstone-project2.zip for tasks to queue
[2022-02-04 01:05:35,818] {logging_mixin.py:109} INFO - [2022-02-04 01:05:35,818] {dagbag.py:500} INFO - Filling up the DagBag from /opt/airflow/dags/secure-connect-capstone-project2.zip
[2022-02-04 01:05:35,859] {processor.py:656} WARNING - No viable dags retrieved from /opt/airflow/dags/secure-connect-capstone-project2.zip
[2022-02-04 01:05:35,867] {processor.py:171} INFO - Processing /opt/airflow/dags/secure-connect-capstone-project2.zip took 0.058 seconds
[2022-02-04 01:06:06,050] {processor.py:163} INFO - Started process (PID=3249) to work on /opt/airflow/dags/secure-connect-capstone-project2.zip
[2022-02-04 01:06:06,052] {processor.py:642} INFO - Processing file /opt/airflow/dags/secure-connect-capstone-project2.zip for tasks to queue
[2022-02-04 01:06:06,053] {logging_mixin.py:109} INFO - [2022-02-04 01:06:06,053] {dagbag.py:500} INFO - Filling up the DagBag from /opt/airflow/dags/secure-connect-capstone-project2.zip
[2022-02-04 01:06:06,080] {processor.py:656} WARNING - No viable dags retrieved from /opt/airflow/dags/secure-connect-capstone-project2.zip
[2022-02-04 01:06:06,085] {processor.py:171} INFO - Processing /opt/airflow/dags/secure-connect-capstone-project2.zip took 0.039 seconds
[2022-02-04 01:06:36,960] {processor.py:163} INFO - Started process (PID=3308) to work on /opt/airflow/dags/secure-connect-capstone-project2.zip
[2022-02-04 01:06:36,962] {processor.py:642} INFO - Processing file /opt/airflow/dags/secure-connect-capstone-project2.zip for tasks to queue
[2022-02-04 01:06:36,963] {logging_mixin.py:109} INFO - [2022-02-04 01:06:36,963] {dagbag.py:500} INFO - Filling up the DagBag from /opt/airflow/dags/secure-connect-capstone-project2.zip
[2022-02-04 01:06:36,985] {processor.py:656} WARNING - No viable dags retrieved from /opt/airflow/dags/secure-connect-capstone-project2.zip
[2022-02-04 01:06:36,989] {processor.py:171} INFO - Processing /opt/airflow/dags/secure-connect-capstone-project2.zip took 0.034 seconds
[2022-02-04 01:07:07,795] {processor.py:163} INFO - Started process (PID=3381) to work on /opt/airflow/dags/secure-connect-capstone-project2.zip
[2022-02-04 01:07:07,797] {processor.py:642} INFO - Processing file /opt/airflow/dags/secure-connect-capstone-project2.zip for tasks to queue
[2022-02-04 01:07:07,799] {logging_mixin.py:109} INFO - [2022-02-04 01:07:07,799] {dagbag.py:500} INFO - Filling up the DagBag from /opt/airflow/dags/secure-connect-capstone-project2.zip
[2022-02-04 01:07:07,822] {processor.py:656} WARNING - No viable dags retrieved from /opt/airflow/dags/secure-connect-capstone-project2.zip
[2022-02-04 01:07:07,829] {processor.py:171} INFO - Processing /opt/airflow/dags/secure-connect-capstone-project2.zip took 0.037 seconds
[2022-02-04 01:07:37,918] {processor.py:163} INFO - Started process (PID=3440) to work on /opt/airflow/dags/secure-connect-capstone-project2.zip
[2022-02-04 01:07:37,920] {processor.py:642} INFO - Processing file /opt/airflow/dags/secure-connect-capstone-project2.zip for tasks to queue
[2022-02-04 01:07:37,922] {logging_mixin.py:109} INFO - [2022-02-04 01:07:37,922] {dagbag.py:500} INFO - Filling up the DagBag from /opt/airflow/dags/secure-connect-capstone-project2.zip
[2022-02-04 01:07:37,946] {processor.py:656} WARNING - No viable dags retrieved from /opt/airflow/dags/secure-connect-capstone-project2.zip
[2022-02-04 01:07:37,950] {processor.py:171} INFO - Processing /opt/airflow/dags/secure-connect-capstone-project2.zip took 0.036 seconds
[2022-02-04 01:59:49,195] {processor.py:163} INFO - Started process (PID=3095) to work on /opt/airflow/dags/secure-connect-capstone-project2.zip
[2022-02-04 01:59:49,198] {processor.py:642} INFO - Processing file /opt/airflow/dags/secure-connect-capstone-project2.zip for tasks to queue
[2022-02-04 01:59:49,200] {logging_mixin.py:109} INFO - [2022-02-04 01:59:49,200] {dagbag.py:500} INFO - Filling up the DagBag from /opt/airflow/dags/secure-connect-capstone-project2.zip
[2022-02-04 01:59:49,227] {processor.py:656} WARNING - No viable dags retrieved from /opt/airflow/dags/secure-connect-capstone-project2.zip
[2022-02-04 01:59:49,233] {processor.py:171} INFO - Processing /opt/airflow/dags/secure-connect-capstone-project2.zip took 0.044 seconds
