[2022-03-03 15:18:30,074] {processor.py:163} INFO - Started process (PID=49) to work on /opt/airflow/dags/dag.py
[2022-03-03 15:18:30,120] {processor.py:642} INFO - Processing file /opt/airflow/dags/dag.py for tasks to queue
[2022-03-03 15:18:30,128] {logging_mixin.py:109} INFO - [2022-03-03 15:18:30,126] {dagbag.py:500} INFO - Filling up the DagBag from /opt/airflow/dags/dag.py
[2022-03-03 15:18:37,667] {processor.py:654} INFO - DAG(s) dict_keys(['Sample_one']) retrieved from /opt/airflow/dags/dag.py
[2022-03-03 15:18:37,742] {logging_mixin.py:109} INFO - [2022-03-03 15:18:37,742] {dag.py:2396} INFO - Sync 1 DAGs
[2022-03-03 15:18:37,837] {logging_mixin.py:109} INFO - [2022-03-03 15:18:37,837] {dag.py:2935} INFO - Setting next_dagrun for Sample_one to None
[2022-03-03 15:18:37,887] {processor.py:171} INFO - Processing /opt/airflow/dags/dag.py took 7.824 seconds
[2022-03-03 15:19:08,172] {processor.py:163} INFO - Started process (PID=111) to work on /opt/airflow/dags/dag.py
[2022-03-03 15:19:08,186] {processor.py:642} INFO - Processing file /opt/airflow/dags/dag.py for tasks to queue
[2022-03-03 15:19:08,191] {logging_mixin.py:109} INFO - [2022-03-03 15:19:08,191] {dagbag.py:500} INFO - Filling up the DagBag from /opt/airflow/dags/dag.py
[2022-03-03 15:19:11,433] {processor.py:654} INFO - DAG(s) dict_keys(['Sample_one']) retrieved from /opt/airflow/dags/dag.py
[2022-03-03 15:19:11,453] {logging_mixin.py:109} INFO - [2022-03-03 15:19:11,451] {dag.py:2396} INFO - Sync 1 DAGs
[2022-03-03 15:19:11,497] {logging_mixin.py:109} INFO - [2022-03-03 15:19:11,497] {dag.py:2935} INFO - Setting next_dagrun for Sample_one to None
[2022-03-03 15:19:11,524] {processor.py:171} INFO - Processing /opt/airflow/dags/dag.py took 3.358 seconds
[2022-03-03 15:19:42,358] {processor.py:163} INFO - Started process (PID=169) to work on /opt/airflow/dags/dag.py
[2022-03-03 15:19:42,360] {processor.py:642} INFO - Processing file /opt/airflow/dags/dag.py for tasks to queue
[2022-03-03 15:19:42,362] {logging_mixin.py:109} INFO - [2022-03-03 15:19:42,361] {dagbag.py:500} INFO - Filling up the DagBag from /opt/airflow/dags/dag.py
[2022-03-03 15:19:43,917] {processor.py:654} INFO - DAG(s) dict_keys(['Sample_one']) retrieved from /opt/airflow/dags/dag.py
[2022-03-03 15:19:43,931] {logging_mixin.py:109} INFO - [2022-03-03 15:19:43,930] {dag.py:2396} INFO - Sync 1 DAGs
[2022-03-03 15:19:43,963] {logging_mixin.py:109} INFO - [2022-03-03 15:19:43,963] {dag.py:2935} INFO - Setting next_dagrun for Sample_one to None
[2022-03-03 15:19:43,982] {processor.py:171} INFO - Processing /opt/airflow/dags/dag.py took 1.627 seconds
[2022-03-03 15:20:14,848] {processor.py:163} INFO - Started process (PID=232) to work on /opt/airflow/dags/dag.py
[2022-03-03 15:20:14,851] {processor.py:642} INFO - Processing file /opt/airflow/dags/dag.py for tasks to queue
[2022-03-03 15:20:14,852] {logging_mixin.py:109} INFO - [2022-03-03 15:20:14,852] {dagbag.py:500} INFO - Filling up the DagBag from /opt/airflow/dags/dag.py
[2022-03-03 15:20:16,058] {processor.py:654} INFO - DAG(s) dict_keys(['Sample_one']) retrieved from /opt/airflow/dags/dag.py
[2022-03-03 15:20:16,070] {logging_mixin.py:109} INFO - [2022-03-03 15:20:16,070] {dag.py:2396} INFO - Sync 1 DAGs
[2022-03-03 15:20:16,086] {logging_mixin.py:109} INFO - [2022-03-03 15:20:16,086] {dag.py:2935} INFO - Setting next_dagrun for Sample_one to None
[2022-03-03 15:20:16,096] {processor.py:171} INFO - Processing /opt/airflow/dags/dag.py took 1.251 seconds
[2022-03-03 15:20:47,057] {processor.py:163} INFO - Started process (PID=289) to work on /opt/airflow/dags/dag.py
[2022-03-03 15:20:47,059] {processor.py:642} INFO - Processing file /opt/airflow/dags/dag.py for tasks to queue
[2022-03-03 15:20:47,060] {logging_mixin.py:109} INFO - [2022-03-03 15:20:47,060] {dagbag.py:500} INFO - Filling up the DagBag from /opt/airflow/dags/dag.py
[2022-03-03 15:20:48,433] {processor.py:654} INFO - DAG(s) dict_keys(['Sample_one']) retrieved from /opt/airflow/dags/dag.py
[2022-03-03 15:20:48,444] {logging_mixin.py:109} INFO - [2022-03-03 15:20:48,443] {dag.py:2396} INFO - Sync 1 DAGs
[2022-03-03 15:20:48,459] {logging_mixin.py:109} INFO - [2022-03-03 15:20:48,459] {dag.py:2935} INFO - Setting next_dagrun for Sample_one to None
[2022-03-03 15:20:48,470] {processor.py:171} INFO - Processing /opt/airflow/dags/dag.py took 1.441 seconds
[2022-03-03 15:21:19,067] {processor.py:163} INFO - Started process (PID=354) to work on /opt/airflow/dags/dag.py
[2022-03-03 15:21:19,069] {processor.py:642} INFO - Processing file /opt/airflow/dags/dag.py for tasks to queue
[2022-03-03 15:21:19,070] {logging_mixin.py:109} INFO - [2022-03-03 15:21:19,070] {dagbag.py:500} INFO - Filling up the DagBag from /opt/airflow/dags/dag.py
[2022-03-03 15:21:23,243] {processor.py:654} INFO - DAG(s) dict_keys(['Sample_one']) retrieved from /opt/airflow/dags/dag.py
[2022-03-03 15:21:23,274] {logging_mixin.py:109} INFO - [2022-03-03 15:21:23,272] {dag.py:2396} INFO - Sync 1 DAGs
[2022-03-03 15:21:23,419] {logging_mixin.py:109} INFO - [2022-03-03 15:21:23,416] {dag.py:2935} INFO - Setting next_dagrun for Sample_one to None
[2022-03-03 15:21:23,479] {processor.py:171} INFO - Processing /opt/airflow/dags/dag.py took 4.414 seconds
[2022-03-03 15:21:53,805] {processor.py:163} INFO - Started process (PID=416) to work on /opt/airflow/dags/dag.py
[2022-03-03 15:21:53,808] {processor.py:642} INFO - Processing file /opt/airflow/dags/dag.py for tasks to queue
[2022-03-03 15:21:53,812] {logging_mixin.py:109} INFO - [2022-03-03 15:21:53,812] {dagbag.py:500} INFO - Filling up the DagBag from /opt/airflow/dags/dag.py
[2022-03-03 15:21:56,222] {processor.py:654} INFO - DAG(s) dict_keys(['Sample_one']) retrieved from /opt/airflow/dags/dag.py
[2022-03-03 15:21:56,239] {logging_mixin.py:109} INFO - [2022-03-03 15:21:56,239] {dag.py:2396} INFO - Sync 1 DAGs
[2022-03-03 15:21:56,268] {logging_mixin.py:109} INFO - [2022-03-03 15:21:56,268] {dag.py:2935} INFO - Setting next_dagrun for Sample_one to None
[2022-03-03 15:21:56,285] {processor.py:171} INFO - Processing /opt/airflow/dags/dag.py took 2.490 seconds
[2022-03-03 15:22:26,450] {processor.py:163} INFO - Started process (PID=477) to work on /opt/airflow/dags/dag.py
[2022-03-03 15:22:26,452] {processor.py:642} INFO - Processing file /opt/airflow/dags/dag.py for tasks to queue
[2022-03-03 15:22:26,454] {logging_mixin.py:109} INFO - [2022-03-03 15:22:26,453] {dagbag.py:500} INFO - Filling up the DagBag from /opt/airflow/dags/dag.py
[2022-03-03 15:22:27,723] {processor.py:654} INFO - DAG(s) dict_keys(['Sample_one']) retrieved from /opt/airflow/dags/dag.py
[2022-03-03 15:22:27,741] {logging_mixin.py:109} INFO - [2022-03-03 15:22:27,740] {dag.py:2396} INFO - Sync 1 DAGs
[2022-03-03 15:22:27,754] {logging_mixin.py:109} INFO - [2022-03-03 15:22:27,754] {dag.py:2935} INFO - Setting next_dagrun for Sample_one to None
[2022-03-03 15:22:27,765] {processor.py:171} INFO - Processing /opt/airflow/dags/dag.py took 1.320 seconds
[2022-03-03 15:22:58,175] {processor.py:163} INFO - Started process (PID=539) to work on /opt/airflow/dags/dag.py
[2022-03-03 15:22:58,180] {processor.py:642} INFO - Processing file /opt/airflow/dags/dag.py for tasks to queue
[2022-03-03 15:22:58,184] {logging_mixin.py:109} INFO - [2022-03-03 15:22:58,184] {dagbag.py:500} INFO - Filling up the DagBag from /opt/airflow/dags/dag.py
[2022-03-03 15:22:59,483] {processor.py:654} INFO - DAG(s) dict_keys(['Sample_one']) retrieved from /opt/airflow/dags/dag.py
[2022-03-03 15:22:59,491] {logging_mixin.py:109} INFO - [2022-03-03 15:22:59,490] {dag.py:2396} INFO - Sync 1 DAGs
[2022-03-03 15:22:59,509] {logging_mixin.py:109} INFO - [2022-03-03 15:22:59,507] {dag.py:2935} INFO - Setting next_dagrun for Sample_one to None
[2022-03-03 15:22:59,526] {processor.py:171} INFO - Processing /opt/airflow/dags/dag.py took 1.357 seconds
[2022-03-03 15:23:29,909] {processor.py:163} INFO - Started process (PID=602) to work on /opt/airflow/dags/dag.py
[2022-03-03 15:23:29,911] {processor.py:642} INFO - Processing file /opt/airflow/dags/dag.py for tasks to queue
[2022-03-03 15:23:29,913] {logging_mixin.py:109} INFO - [2022-03-03 15:23:29,913] {dagbag.py:500} INFO - Filling up the DagBag from /opt/airflow/dags/dag.py
[2022-03-03 15:23:31,105] {processor.py:654} INFO - DAG(s) dict_keys(['Sample_one']) retrieved from /opt/airflow/dags/dag.py
[2022-03-03 15:23:31,127] {logging_mixin.py:109} INFO - [2022-03-03 15:23:31,127] {dag.py:2396} INFO - Sync 1 DAGs
[2022-03-03 15:23:31,146] {logging_mixin.py:109} INFO - [2022-03-03 15:23:31,146] {dag.py:2935} INFO - Setting next_dagrun for Sample_one to None
[2022-03-03 15:23:31,156] {processor.py:171} INFO - Processing /opt/airflow/dags/dag.py took 1.253 seconds
[2022-03-03 15:24:01,326] {processor.py:163} INFO - Started process (PID=658) to work on /opt/airflow/dags/dag.py
[2022-03-03 15:24:01,329] {processor.py:642} INFO - Processing file /opt/airflow/dags/dag.py for tasks to queue
[2022-03-03 15:24:01,330] {logging_mixin.py:109} INFO - [2022-03-03 15:24:01,330] {dagbag.py:500} INFO - Filling up the DagBag from /opt/airflow/dags/dag.py
[2022-03-03 15:24:03,017] {processor.py:654} INFO - DAG(s) dict_keys(['Sample_one']) retrieved from /opt/airflow/dags/dag.py
[2022-03-03 15:24:03,026] {logging_mixin.py:109} INFO - [2022-03-03 15:24:03,026] {dag.py:2396} INFO - Sync 1 DAGs
[2022-03-03 15:24:03,040] {logging_mixin.py:109} INFO - [2022-03-03 15:24:03,040] {dag.py:2935} INFO - Setting next_dagrun for Sample_one to None
[2022-03-03 15:24:03,050] {processor.py:171} INFO - Processing /opt/airflow/dags/dag.py took 1.729 seconds
[2022-03-03 15:24:33,149] {processor.py:163} INFO - Started process (PID=712) to work on /opt/airflow/dags/dag.py
[2022-03-03 15:24:33,160] {processor.py:642} INFO - Processing file /opt/airflow/dags/dag.py for tasks to queue
[2022-03-03 15:24:33,164] {logging_mixin.py:109} INFO - [2022-03-03 15:24:33,163] {dagbag.py:500} INFO - Filling up the DagBag from /opt/airflow/dags/dag.py
[2022-03-03 15:24:35,622] {processor.py:654} INFO - DAG(s) dict_keys(['Sample_one']) retrieved from /opt/airflow/dags/dag.py
[2022-03-03 15:24:35,632] {logging_mixin.py:109} INFO - [2022-03-03 15:24:35,632] {dag.py:2396} INFO - Sync 1 DAGs
[2022-03-03 15:24:35,648] {logging_mixin.py:109} INFO - [2022-03-03 15:24:35,648] {dag.py:2935} INFO - Setting next_dagrun for Sample_one to None
[2022-03-03 15:24:35,658] {processor.py:171} INFO - Processing /opt/airflow/dags/dag.py took 2.521 seconds
[2022-03-03 15:25:05,795] {processor.py:163} INFO - Started process (PID=775) to work on /opt/airflow/dags/dag.py
[2022-03-03 15:25:05,797] {processor.py:642} INFO - Processing file /opt/airflow/dags/dag.py for tasks to queue
[2022-03-03 15:25:05,799] {logging_mixin.py:109} INFO - [2022-03-03 15:25:05,798] {dagbag.py:500} INFO - Filling up the DagBag from /opt/airflow/dags/dag.py
[2022-03-03 15:25:07,024] {processor.py:654} INFO - DAG(s) dict_keys(['Sample_one']) retrieved from /opt/airflow/dags/dag.py
[2022-03-03 15:25:07,034] {logging_mixin.py:109} INFO - [2022-03-03 15:25:07,034] {dag.py:2396} INFO - Sync 1 DAGs
[2022-03-03 15:25:07,050] {logging_mixin.py:109} INFO - [2022-03-03 15:25:07,050] {dag.py:2935} INFO - Setting next_dagrun for Sample_one to None
[2022-03-03 15:25:07,061] {processor.py:171} INFO - Processing /opt/airflow/dags/dag.py took 1.272 seconds
[2022-03-03 15:25:37,538] {processor.py:163} INFO - Started process (PID=831) to work on /opt/airflow/dags/dag.py
[2022-03-03 15:25:37,543] {processor.py:642} INFO - Processing file /opt/airflow/dags/dag.py for tasks to queue
[2022-03-03 15:25:37,545] {logging_mixin.py:109} INFO - [2022-03-03 15:25:37,545] {dagbag.py:500} INFO - Filling up the DagBag from /opt/airflow/dags/dag.py
[2022-03-03 15:25:38,812] {processor.py:654} INFO - DAG(s) dict_keys(['Sample_one']) retrieved from /opt/airflow/dags/dag.py
[2022-03-03 15:25:38,822] {logging_mixin.py:109} INFO - [2022-03-03 15:25:38,822] {dag.py:2396} INFO - Sync 1 DAGs
[2022-03-03 15:25:38,837] {logging_mixin.py:109} INFO - [2022-03-03 15:25:38,837] {dag.py:2935} INFO - Setting next_dagrun for Sample_one to None
[2022-03-03 15:25:38,847] {processor.py:171} INFO - Processing /opt/airflow/dags/dag.py took 1.314 seconds
[2022-03-03 15:26:09,755] {processor.py:163} INFO - Started process (PID=886) to work on /opt/airflow/dags/dag.py
[2022-03-03 15:26:09,757] {processor.py:642} INFO - Processing file /opt/airflow/dags/dag.py for tasks to queue
[2022-03-03 15:26:09,759] {logging_mixin.py:109} INFO - [2022-03-03 15:26:09,759] {dagbag.py:500} INFO - Filling up the DagBag from /opt/airflow/dags/dag.py
[2022-03-03 15:26:11,322] {processor.py:654} INFO - DAG(s) dict_keys(['Sample_one']) retrieved from /opt/airflow/dags/dag.py
[2022-03-03 15:26:11,348] {logging_mixin.py:109} INFO - [2022-03-03 15:26:11,348] {dag.py:2396} INFO - Sync 1 DAGs
[2022-03-03 15:26:11,400] {logging_mixin.py:109} INFO - [2022-03-03 15:26:11,400] {dag.py:2935} INFO - Setting next_dagrun for Sample_one to None
[2022-03-03 15:26:11,418] {processor.py:171} INFO - Processing /opt/airflow/dags/dag.py took 1.671 seconds
[2022-03-03 15:26:41,564] {processor.py:163} INFO - Started process (PID=950) to work on /opt/airflow/dags/dag.py
[2022-03-03 15:26:41,574] {processor.py:642} INFO - Processing file /opt/airflow/dags/dag.py for tasks to queue
[2022-03-03 15:26:41,578] {logging_mixin.py:109} INFO - [2022-03-03 15:26:41,577] {dagbag.py:500} INFO - Filling up the DagBag from /opt/airflow/dags/dag.py
[2022-03-03 15:26:42,991] {processor.py:654} INFO - DAG(s) dict_keys(['Sample_one']) retrieved from /opt/airflow/dags/dag.py
[2022-03-03 15:26:42,999] {logging_mixin.py:109} INFO - [2022-03-03 15:26:42,999] {dag.py:2396} INFO - Sync 1 DAGs
[2022-03-03 15:26:43,013] {logging_mixin.py:109} INFO - [2022-03-03 15:26:43,013] {dag.py:2935} INFO - Setting next_dagrun for Sample_one to None
[2022-03-03 15:26:43,021] {processor.py:171} INFO - Processing /opt/airflow/dags/dag.py took 1.469 seconds
[2022-03-03 15:27:13,117] {processor.py:163} INFO - Started process (PID=1006) to work on /opt/airflow/dags/dag.py
[2022-03-03 15:27:13,127] {processor.py:642} INFO - Processing file /opt/airflow/dags/dag.py for tasks to queue
[2022-03-03 15:27:13,129] {logging_mixin.py:109} INFO - [2022-03-03 15:27:13,129] {dagbag.py:500} INFO - Filling up the DagBag from /opt/airflow/dags/dag.py
[2022-03-03 15:27:14,570] {processor.py:654} INFO - DAG(s) dict_keys(['Sample_one']) retrieved from /opt/airflow/dags/dag.py
[2022-03-03 15:27:14,578] {logging_mixin.py:109} INFO - [2022-03-03 15:27:14,577] {dag.py:2396} INFO - Sync 1 DAGs
[2022-03-03 15:27:14,590] {logging_mixin.py:109} INFO - [2022-03-03 15:27:14,590] {dag.py:2935} INFO - Setting next_dagrun for Sample_one to None
[2022-03-03 15:27:14,598] {processor.py:171} INFO - Processing /opt/airflow/dags/dag.py took 1.485 seconds
[2022-03-03 15:27:44,703] {processor.py:163} INFO - Started process (PID=1064) to work on /opt/airflow/dags/dag.py
[2022-03-03 15:27:44,707] {processor.py:642} INFO - Processing file /opt/airflow/dags/dag.py for tasks to queue
[2022-03-03 15:27:44,709] {logging_mixin.py:109} INFO - [2022-03-03 15:27:44,709] {dagbag.py:500} INFO - Filling up the DagBag from /opt/airflow/dags/dag.py
[2022-03-03 15:27:45,861] {processor.py:654} INFO - DAG(s) dict_keys(['Sample_one']) retrieved from /opt/airflow/dags/dag.py
[2022-03-03 15:27:45,870] {logging_mixin.py:109} INFO - [2022-03-03 15:27:45,869] {dag.py:2396} INFO - Sync 1 DAGs
[2022-03-03 15:27:45,883] {logging_mixin.py:109} INFO - [2022-03-03 15:27:45,883] {dag.py:2935} INFO - Setting next_dagrun for Sample_one to None
[2022-03-03 15:27:45,892] {processor.py:171} INFO - Processing /opt/airflow/dags/dag.py took 1.194 seconds
[2022-03-03 15:28:16,342] {processor.py:163} INFO - Started process (PID=1133) to work on /opt/airflow/dags/dag.py
[2022-03-03 15:28:16,349] {processor.py:642} INFO - Processing file /opt/airflow/dags/dag.py for tasks to queue
[2022-03-03 15:28:16,354] {logging_mixin.py:109} INFO - [2022-03-03 15:28:16,354] {dagbag.py:500} INFO - Filling up the DagBag from /opt/airflow/dags/dag.py
[2022-03-03 15:28:20,439] {processor.py:654} INFO - DAG(s) dict_keys(['Sample_one']) retrieved from /opt/airflow/dags/dag.py
[2022-03-03 15:28:20,458] {logging_mixin.py:109} INFO - [2022-03-03 15:28:20,458] {dag.py:2396} INFO - Sync 1 DAGs
[2022-03-03 15:28:20,487] {logging_mixin.py:109} INFO - [2022-03-03 15:28:20,487] {dag.py:2935} INFO - Setting next_dagrun for Sample_one to None
[2022-03-03 15:28:20,505] {processor.py:171} INFO - Processing /opt/airflow/dags/dag.py took 4.197 seconds
[2022-03-03 15:28:50,593] {processor.py:163} INFO - Started process (PID=1182) to work on /opt/airflow/dags/dag.py
[2022-03-03 15:28:50,596] {processor.py:642} INFO - Processing file /opt/airflow/dags/dag.py for tasks to queue
[2022-03-03 15:28:50,599] {logging_mixin.py:109} INFO - [2022-03-03 15:28:50,599] {dagbag.py:500} INFO - Filling up the DagBag from /opt/airflow/dags/dag.py
[2022-03-03 15:28:57,879] {processor.py:654} INFO - DAG(s) dict_keys(['Sample_one']) retrieved from /opt/airflow/dags/dag.py
[2022-03-03 15:28:57,930] {logging_mixin.py:109} INFO - [2022-03-03 15:28:57,924] {dag.py:2396} INFO - Sync 1 DAGs
[2022-03-03 15:28:58,024] {logging_mixin.py:109} INFO - [2022-03-03 15:28:58,023] {dag.py:2935} INFO - Setting next_dagrun for Sample_one to None
[2022-03-03 15:28:58,063] {processor.py:171} INFO - Processing /opt/airflow/dags/dag.py took 7.473 seconds
[2022-03-03 15:29:28,351] {processor.py:163} INFO - Started process (PID=1238) to work on /opt/airflow/dags/dag.py
[2022-03-03 15:29:28,354] {processor.py:642} INFO - Processing file /opt/airflow/dags/dag.py for tasks to queue
[2022-03-03 15:29:28,355] {logging_mixin.py:109} INFO - [2022-03-03 15:29:28,355] {dagbag.py:500} INFO - Filling up the DagBag from /opt/airflow/dags/dag.py
[2022-03-03 15:29:31,132] {processor.py:654} INFO - DAG(s) dict_keys(['Sample_one']) retrieved from /opt/airflow/dags/dag.py
[2022-03-03 15:29:31,140] {logging_mixin.py:109} INFO - [2022-03-03 15:29:31,140] {dag.py:2396} INFO - Sync 1 DAGs
[2022-03-03 15:29:31,159] {logging_mixin.py:109} INFO - [2022-03-03 15:29:31,158] {dag.py:2935} INFO - Setting next_dagrun for Sample_one to None
[2022-03-03 15:29:31,170] {processor.py:171} INFO - Processing /opt/airflow/dags/dag.py took 2.828 seconds
[2022-03-03 15:30:01,298] {processor.py:163} INFO - Started process (PID=1308) to work on /opt/airflow/dags/dag.py
[2022-03-03 15:30:01,300] {processor.py:642} INFO - Processing file /opt/airflow/dags/dag.py for tasks to queue
[2022-03-03 15:30:01,301] {logging_mixin.py:109} INFO - [2022-03-03 15:30:01,301] {dagbag.py:500} INFO - Filling up the DagBag from /opt/airflow/dags/dag.py
[2022-03-03 15:30:02,333] {processor.py:654} INFO - DAG(s) dict_keys(['Sample_one']) retrieved from /opt/airflow/dags/dag.py
[2022-03-03 15:30:02,341] {logging_mixin.py:109} INFO - [2022-03-03 15:30:02,341] {dag.py:2396} INFO - Sync 1 DAGs
[2022-03-03 15:30:02,357] {logging_mixin.py:109} INFO - [2022-03-03 15:30:02,357] {dag.py:2935} INFO - Setting next_dagrun for Sample_one to None
[2022-03-03 15:30:02,364] {processor.py:171} INFO - Processing /opt/airflow/dags/dag.py took 1.070 seconds
[2022-03-03 15:30:32,761] {processor.py:163} INFO - Started process (PID=1361) to work on /opt/airflow/dags/dag.py
[2022-03-03 15:30:32,768] {processor.py:642} INFO - Processing file /opt/airflow/dags/dag.py for tasks to queue
[2022-03-03 15:30:32,770] {logging_mixin.py:109} INFO - [2022-03-03 15:30:32,770] {dagbag.py:500} INFO - Filling up the DagBag from /opt/airflow/dags/dag.py
[2022-03-03 15:30:34,315] {processor.py:654} INFO - DAG(s) dict_keys(['Sample_one']) retrieved from /opt/airflow/dags/dag.py
[2022-03-03 15:30:34,323] {logging_mixin.py:109} INFO - [2022-03-03 15:30:34,322] {dag.py:2396} INFO - Sync 1 DAGs
[2022-03-03 15:30:34,336] {logging_mixin.py:109} INFO - [2022-03-03 15:30:34,336] {dag.py:2935} INFO - Setting next_dagrun for Sample_one to None
[2022-03-03 15:30:34,344] {processor.py:171} INFO - Processing /opt/airflow/dags/dag.py took 1.594 seconds
[2022-03-03 15:31:04,410] {processor.py:163} INFO - Started process (PID=1423) to work on /opt/airflow/dags/dag.py
[2022-03-03 15:31:04,414] {processor.py:642} INFO - Processing file /opt/airflow/dags/dag.py for tasks to queue
[2022-03-03 15:31:04,416] {logging_mixin.py:109} INFO - [2022-03-03 15:31:04,416] {dagbag.py:500} INFO - Filling up the DagBag from /opt/airflow/dags/dag.py
[2022-03-03 15:31:05,998] {processor.py:654} INFO - DAG(s) dict_keys(['Sample_one']) retrieved from /opt/airflow/dags/dag.py
[2022-03-03 15:31:06,009] {logging_mixin.py:109} INFO - [2022-03-03 15:31:06,008] {dag.py:2396} INFO - Sync 1 DAGs
[2022-03-03 15:31:06,024] {logging_mixin.py:109} INFO - [2022-03-03 15:31:06,024] {dag.py:2935} INFO - Setting next_dagrun for Sample_one to None
[2022-03-03 15:31:06,034] {processor.py:171} INFO - Processing /opt/airflow/dags/dag.py took 1.634 seconds
[2022-03-03 15:31:36,480] {processor.py:163} INFO - Started process (PID=1495) to work on /opt/airflow/dags/dag.py
[2022-03-03 15:31:36,482] {processor.py:642} INFO - Processing file /opt/airflow/dags/dag.py for tasks to queue
[2022-03-03 15:31:36,483] {logging_mixin.py:109} INFO - [2022-03-03 15:31:36,483] {dagbag.py:500} INFO - Filling up the DagBag from /opt/airflow/dags/dag.py
[2022-03-03 15:31:38,721] {processor.py:654} INFO - DAG(s) dict_keys(['Sample_one']) retrieved from /opt/airflow/dags/dag.py
[2022-03-03 15:31:38,740] {logging_mixin.py:109} INFO - [2022-03-03 15:31:38,740] {dag.py:2396} INFO - Sync 1 DAGs
[2022-03-03 15:31:38,759] {logging_mixin.py:109} INFO - [2022-03-03 15:31:38,759] {dag.py:2935} INFO - Setting next_dagrun for Sample_one to None
[2022-03-03 15:31:38,767] {processor.py:171} INFO - Processing /opt/airflow/dags/dag.py took 2.290 seconds
[2022-03-03 15:32:08,976] {processor.py:163} INFO - Started process (PID=1553) to work on /opt/airflow/dags/dag.py
[2022-03-03 15:32:08,981] {processor.py:642} INFO - Processing file /opt/airflow/dags/dag.py for tasks to queue
[2022-03-03 15:32:08,983] {logging_mixin.py:109} INFO - [2022-03-03 15:32:08,983] {dagbag.py:500} INFO - Filling up the DagBag from /opt/airflow/dags/dag.py
[2022-03-03 15:32:10,309] {processor.py:654} INFO - DAG(s) dict_keys(['Sample_one']) retrieved from /opt/airflow/dags/dag.py
[2022-03-03 15:32:10,322] {logging_mixin.py:109} INFO - [2022-03-03 15:32:10,321] {dag.py:2396} INFO - Sync 1 DAGs
[2022-03-03 15:32:10,347] {logging_mixin.py:109} INFO - [2022-03-03 15:32:10,346] {dag.py:2935} INFO - Setting next_dagrun for Sample_one to None
[2022-03-03 15:32:10,359] {processor.py:171} INFO - Processing /opt/airflow/dags/dag.py took 1.386 seconds
[2022-03-03 15:32:40,424] {processor.py:163} INFO - Started process (PID=1608) to work on /opt/airflow/dags/dag.py
[2022-03-03 15:32:40,428] {processor.py:642} INFO - Processing file /opt/airflow/dags/dag.py for tasks to queue
[2022-03-03 15:32:40,431] {logging_mixin.py:109} INFO - [2022-03-03 15:32:40,431] {dagbag.py:500} INFO - Filling up the DagBag from /opt/airflow/dags/dag.py
[2022-03-03 15:32:41,659] {processor.py:654} INFO - DAG(s) dict_keys(['Sample_one']) retrieved from /opt/airflow/dags/dag.py
[2022-03-03 15:32:41,674] {logging_mixin.py:109} INFO - [2022-03-03 15:32:41,674] {dag.py:2396} INFO - Sync 1 DAGs
[2022-03-03 15:32:41,690] {logging_mixin.py:109} INFO - [2022-03-03 15:32:41,690] {dag.py:2935} INFO - Setting next_dagrun for Sample_one to None
[2022-03-03 15:32:41,697] {processor.py:171} INFO - Processing /opt/airflow/dags/dag.py took 1.283 seconds
[2022-03-03 15:33:11,950] {processor.py:163} INFO - Started process (PID=1669) to work on /opt/airflow/dags/dag.py
[2022-03-03 15:33:11,952] {processor.py:642} INFO - Processing file /opt/airflow/dags/dag.py for tasks to queue
[2022-03-03 15:33:11,954] {logging_mixin.py:109} INFO - [2022-03-03 15:33:11,954] {dagbag.py:500} INFO - Filling up the DagBag from /opt/airflow/dags/dag.py
[2022-03-03 15:33:13,405] {processor.py:654} INFO - DAG(s) dict_keys(['Sample_one']) retrieved from /opt/airflow/dags/dag.py
[2022-03-03 15:33:13,416] {logging_mixin.py:109} INFO - [2022-03-03 15:33:13,416] {dag.py:2396} INFO - Sync 1 DAGs
[2022-03-03 15:33:13,432] {logging_mixin.py:109} INFO - [2022-03-03 15:33:13,432] {dag.py:2935} INFO - Setting next_dagrun for Sample_one to None
[2022-03-03 15:33:13,444] {processor.py:171} INFO - Processing /opt/airflow/dags/dag.py took 1.500 seconds
[2022-03-03 15:33:44,221] {processor.py:163} INFO - Started process (PID=1732) to work on /opt/airflow/dags/dag.py
[2022-03-03 15:33:44,230] {processor.py:642} INFO - Processing file /opt/airflow/dags/dag.py for tasks to queue
[2022-03-03 15:33:44,236] {logging_mixin.py:109} INFO - [2022-03-03 15:33:44,235] {dagbag.py:500} INFO - Filling up the DagBag from /opt/airflow/dags/dag.py
[2022-03-03 15:33:47,894] {processor.py:654} INFO - DAG(s) dict_keys(['Sample_one']) retrieved from /opt/airflow/dags/dag.py
[2022-03-03 15:33:47,916] {logging_mixin.py:109} INFO - [2022-03-03 15:33:47,916] {dag.py:2396} INFO - Sync 1 DAGs
[2022-03-03 15:33:47,992] {logging_mixin.py:109} INFO - [2022-03-03 15:33:47,991] {dag.py:2935} INFO - Setting next_dagrun for Sample_one to None
[2022-03-03 15:33:48,051] {processor.py:171} INFO - Processing /opt/airflow/dags/dag.py took 3.848 seconds
[2022-03-03 15:34:18,152] {processor.py:163} INFO - Started process (PID=1794) to work on /opt/airflow/dags/dag.py
[2022-03-03 15:34:18,154] {processor.py:642} INFO - Processing file /opt/airflow/dags/dag.py for tasks to queue
[2022-03-03 15:34:18,155] {logging_mixin.py:109} INFO - [2022-03-03 15:34:18,155] {dagbag.py:500} INFO - Filling up the DagBag from /opt/airflow/dags/dag.py
[2022-03-03 15:34:19,403] {processor.py:654} INFO - DAG(s) dict_keys(['Sample_one']) retrieved from /opt/airflow/dags/dag.py
[2022-03-03 15:34:19,415] {logging_mixin.py:109} INFO - [2022-03-03 15:34:19,415] {dag.py:2396} INFO - Sync 1 DAGs
[2022-03-03 15:34:19,432] {logging_mixin.py:109} INFO - [2022-03-03 15:34:19,431] {dag.py:2935} INFO - Setting next_dagrun for Sample_one to None
[2022-03-03 15:34:19,440] {processor.py:171} INFO - Processing /opt/airflow/dags/dag.py took 1.294 seconds
[2022-03-03 15:34:49,634] {processor.py:163} INFO - Started process (PID=1850) to work on /opt/airflow/dags/dag.py
[2022-03-03 15:34:49,636] {processor.py:642} INFO - Processing file /opt/airflow/dags/dag.py for tasks to queue
[2022-03-03 15:34:49,638] {logging_mixin.py:109} INFO - [2022-03-03 15:34:49,638] {dagbag.py:500} INFO - Filling up the DagBag from /opt/airflow/dags/dag.py
[2022-03-03 15:34:50,745] {processor.py:654} INFO - DAG(s) dict_keys(['Sample_one']) retrieved from /opt/airflow/dags/dag.py
[2022-03-03 15:34:50,755] {logging_mixin.py:109} INFO - [2022-03-03 15:34:50,755] {dag.py:2396} INFO - Sync 1 DAGs
[2022-03-03 15:34:50,772] {logging_mixin.py:109} INFO - [2022-03-03 15:34:50,772] {dag.py:2935} INFO - Setting next_dagrun for Sample_one to None
[2022-03-03 15:34:50,780] {processor.py:171} INFO - Processing /opt/airflow/dags/dag.py took 1.176 seconds
[2022-03-03 15:35:20,983] {processor.py:163} INFO - Started process (PID=1906) to work on /opt/airflow/dags/dag.py
[2022-03-03 15:35:20,985] {processor.py:642} INFO - Processing file /opt/airflow/dags/dag.py for tasks to queue
[2022-03-03 15:35:20,987] {logging_mixin.py:109} INFO - [2022-03-03 15:35:20,987] {dagbag.py:500} INFO - Filling up the DagBag from /opt/airflow/dags/dag.py
[2022-03-03 15:35:22,194] {processor.py:654} INFO - DAG(s) dict_keys(['Sample_one']) retrieved from /opt/airflow/dags/dag.py
[2022-03-03 15:35:22,204] {logging_mixin.py:109} INFO - [2022-03-03 15:35:22,203] {dag.py:2396} INFO - Sync 1 DAGs
[2022-03-03 15:35:22,220] {logging_mixin.py:109} INFO - [2022-03-03 15:35:22,220] {dag.py:2935} INFO - Setting next_dagrun for Sample_one to None
[2022-03-03 15:35:22,230] {processor.py:171} INFO - Processing /opt/airflow/dags/dag.py took 1.252 seconds
[2022-03-03 15:35:52,604] {processor.py:163} INFO - Started process (PID=1972) to work on /opt/airflow/dags/dag.py
[2022-03-03 15:35:52,611] {processor.py:642} INFO - Processing file /opt/airflow/dags/dag.py for tasks to queue
[2022-03-03 15:35:52,613] {logging_mixin.py:109} INFO - [2022-03-03 15:35:52,613] {dagbag.py:500} INFO - Filling up the DagBag from /opt/airflow/dags/dag.py
[2022-03-03 15:35:55,114] {processor.py:654} INFO - DAG(s) dict_keys(['Sample_one']) retrieved from /opt/airflow/dags/dag.py
[2022-03-03 15:35:55,137] {logging_mixin.py:109} INFO - [2022-03-03 15:35:55,137] {dag.py:2396} INFO - Sync 1 DAGs
[2022-03-03 15:35:55,176] {logging_mixin.py:109} INFO - [2022-03-03 15:35:55,176] {dag.py:2935} INFO - Setting next_dagrun for Sample_one to None
[2022-03-03 15:35:55,185] {processor.py:171} INFO - Processing /opt/airflow/dags/dag.py took 2.588 seconds
[2022-03-03 15:36:25,277] {processor.py:163} INFO - Started process (PID=2031) to work on /opt/airflow/dags/dag.py
[2022-03-03 15:36:25,279] {processor.py:642} INFO - Processing file /opt/airflow/dags/dag.py for tasks to queue
[2022-03-03 15:36:25,280] {logging_mixin.py:109} INFO - [2022-03-03 15:36:25,280] {dagbag.py:500} INFO - Filling up the DagBag from /opt/airflow/dags/dag.py
[2022-03-03 15:36:26,605] {processor.py:654} INFO - DAG(s) dict_keys(['Sample_one']) retrieved from /opt/airflow/dags/dag.py
[2022-03-03 15:36:26,615] {logging_mixin.py:109} INFO - [2022-03-03 15:36:26,615] {dag.py:2396} INFO - Sync 1 DAGs
[2022-03-03 15:36:26,633] {logging_mixin.py:109} INFO - [2022-03-03 15:36:26,633] {dag.py:2935} INFO - Setting next_dagrun for Sample_one to None
[2022-03-03 15:36:26,644] {processor.py:171} INFO - Processing /opt/airflow/dags/dag.py took 1.373 seconds
[2022-03-03 15:36:56,965] {processor.py:163} INFO - Started process (PID=2086) to work on /opt/airflow/dags/dag.py
[2022-03-03 15:36:56,969] {processor.py:642} INFO - Processing file /opt/airflow/dags/dag.py for tasks to queue
[2022-03-03 15:36:56,971] {logging_mixin.py:109} INFO - [2022-03-03 15:36:56,971] {dagbag.py:500} INFO - Filling up the DagBag from /opt/airflow/dags/dag.py
[2022-03-03 15:36:58,033] {processor.py:654} INFO - DAG(s) dict_keys(['Sample_one']) retrieved from /opt/airflow/dags/dag.py
[2022-03-03 15:36:58,041] {logging_mixin.py:109} INFO - [2022-03-03 15:36:58,040] {dag.py:2396} INFO - Sync 1 DAGs
[2022-03-03 15:36:58,054] {logging_mixin.py:109} INFO - [2022-03-03 15:36:58,054] {dag.py:2935} INFO - Setting next_dagrun for Sample_one to None
[2022-03-03 15:36:58,061] {processor.py:171} INFO - Processing /opt/airflow/dags/dag.py took 1.106 seconds
[2022-03-03 15:37:28,542] {processor.py:163} INFO - Started process (PID=2157) to work on /opt/airflow/dags/dag.py
[2022-03-03 15:37:28,552] {processor.py:642} INFO - Processing file /opt/airflow/dags/dag.py for tasks to queue
[2022-03-03 15:37:28,564] {logging_mixin.py:109} INFO - [2022-03-03 15:37:28,559] {dagbag.py:500} INFO - Filling up the DagBag from /opt/airflow/dags/dag.py
[2022-03-03 15:37:32,087] {processor.py:654} INFO - DAG(s) dict_keys(['Sample_one']) retrieved from /opt/airflow/dags/dag.py
[2022-03-03 15:37:32,103] {logging_mixin.py:109} INFO - [2022-03-03 15:37:32,102] {dag.py:2396} INFO - Sync 1 DAGs
[2022-03-03 15:37:32,130] {logging_mixin.py:109} INFO - [2022-03-03 15:37:32,130] {dag.py:2935} INFO - Setting next_dagrun for Sample_one to None
[2022-03-03 15:37:32,145] {processor.py:171} INFO - Processing /opt/airflow/dags/dag.py took 3.619 seconds
[2022-03-03 15:38:02,434] {processor.py:163} INFO - Started process (PID=2216) to work on /opt/airflow/dags/dag.py
[2022-03-03 15:38:02,439] {processor.py:642} INFO - Processing file /opt/airflow/dags/dag.py for tasks to queue
[2022-03-03 15:38:02,441] {logging_mixin.py:109} INFO - [2022-03-03 15:38:02,441] {dagbag.py:500} INFO - Filling up the DagBag from /opt/airflow/dags/dag.py
[2022-03-03 15:38:03,515] {processor.py:654} INFO - DAG(s) dict_keys(['Sample_one']) retrieved from /opt/airflow/dags/dag.py
[2022-03-03 15:38:03,525] {logging_mixin.py:109} INFO - [2022-03-03 15:38:03,525] {dag.py:2396} INFO - Sync 1 DAGs
[2022-03-03 15:38:03,546] {logging_mixin.py:109} INFO - [2022-03-03 15:38:03,546] {dag.py:2935} INFO - Setting next_dagrun for Sample_one to None
[2022-03-03 15:38:03,557] {processor.py:171} INFO - Processing /opt/airflow/dags/dag.py took 1.131 seconds
[2022-03-03 15:38:34,447] {processor.py:163} INFO - Started process (PID=2272) to work on /opt/airflow/dags/dag.py
[2022-03-03 15:38:34,460] {processor.py:642} INFO - Processing file /opt/airflow/dags/dag.py for tasks to queue
[2022-03-03 15:38:34,461] {logging_mixin.py:109} INFO - [2022-03-03 15:38:34,461] {dagbag.py:500} INFO - Filling up the DagBag from /opt/airflow/dags/dag.py
[2022-03-03 15:38:36,605] {processor.py:654} INFO - DAG(s) dict_keys(['Sample_one']) retrieved from /opt/airflow/dags/dag.py
[2022-03-03 15:38:36,618] {logging_mixin.py:109} INFO - [2022-03-03 15:38:36,617] {dag.py:2396} INFO - Sync 1 DAGs
[2022-03-03 15:38:36,634] {logging_mixin.py:109} INFO - [2022-03-03 15:38:36,634] {dag.py:2935} INFO - Setting next_dagrun for Sample_one to None
[2022-03-03 15:38:36,664] {processor.py:171} INFO - Processing /opt/airflow/dags/dag.py took 2.220 seconds
[2022-03-03 15:39:07,366] {processor.py:163} INFO - Started process (PID=2339) to work on /opt/airflow/dags/dag.py
[2022-03-03 15:39:07,368] {processor.py:642} INFO - Processing file /opt/airflow/dags/dag.py for tasks to queue
[2022-03-03 15:39:07,369] {logging_mixin.py:109} INFO - [2022-03-03 15:39:07,369] {dagbag.py:500} INFO - Filling up the DagBag from /opt/airflow/dags/dag.py
[2022-03-03 15:39:09,175] {processor.py:654} INFO - DAG(s) dict_keys(['Sample_one']) retrieved from /opt/airflow/dags/dag.py
[2022-03-03 15:39:09,185] {logging_mixin.py:109} INFO - [2022-03-03 15:39:09,185] {dag.py:2396} INFO - Sync 1 DAGs
[2022-03-03 15:39:09,201] {logging_mixin.py:109} INFO - [2022-03-03 15:39:09,201] {dag.py:2935} INFO - Setting next_dagrun for Sample_one to None
[2022-03-03 15:39:09,211] {processor.py:171} INFO - Processing /opt/airflow/dags/dag.py took 1.863 seconds
[2022-03-03 15:39:39,565] {processor.py:163} INFO - Started process (PID=2397) to work on /opt/airflow/dags/dag.py
[2022-03-03 15:39:39,568] {processor.py:642} INFO - Processing file /opt/airflow/dags/dag.py for tasks to queue
[2022-03-03 15:39:39,569] {logging_mixin.py:109} INFO - [2022-03-03 15:39:39,569] {dagbag.py:500} INFO - Filling up the DagBag from /opt/airflow/dags/dag.py
[2022-03-03 15:39:40,594] {processor.py:654} INFO - DAG(s) dict_keys(['Sample_one']) retrieved from /opt/airflow/dags/dag.py
[2022-03-03 15:39:40,602] {logging_mixin.py:109} INFO - [2022-03-03 15:39:40,602] {dag.py:2396} INFO - Sync 1 DAGs
[2022-03-03 15:39:40,615] {logging_mixin.py:109} INFO - [2022-03-03 15:39:40,615] {dag.py:2935} INFO - Setting next_dagrun for Sample_one to None
[2022-03-03 15:39:40,623] {processor.py:171} INFO - Processing /opt/airflow/dags/dag.py took 1.076 seconds
[2022-03-03 15:40:11,415] {processor.py:163} INFO - Started process (PID=2451) to work on /opt/airflow/dags/dag.py
[2022-03-03 15:40:11,419] {processor.py:642} INFO - Processing file /opt/airflow/dags/dag.py for tasks to queue
[2022-03-03 15:40:11,420] {logging_mixin.py:109} INFO - [2022-03-03 15:40:11,420] {dagbag.py:500} INFO - Filling up the DagBag from /opt/airflow/dags/dag.py
[2022-03-03 15:40:12,425] {processor.py:654} INFO - DAG(s) dict_keys(['Sample_one']) retrieved from /opt/airflow/dags/dag.py
[2022-03-03 15:40:12,433] {logging_mixin.py:109} INFO - [2022-03-03 15:40:12,433] {dag.py:2396} INFO - Sync 1 DAGs
[2022-03-03 15:40:12,446] {logging_mixin.py:109} INFO - [2022-03-03 15:40:12,446] {dag.py:2935} INFO - Setting next_dagrun for Sample_one to None
[2022-03-03 15:40:12,454] {processor.py:171} INFO - Processing /opt/airflow/dags/dag.py took 1.042 seconds
[2022-03-03 15:40:42,587] {processor.py:163} INFO - Started process (PID=2504) to work on /opt/airflow/dags/dag.py
[2022-03-03 15:40:42,589] {processor.py:642} INFO - Processing file /opt/airflow/dags/dag.py for tasks to queue
[2022-03-03 15:40:42,591] {logging_mixin.py:109} INFO - [2022-03-03 15:40:42,591] {dagbag.py:500} INFO - Filling up the DagBag from /opt/airflow/dags/dag.py
[2022-03-03 15:40:44,628] {processor.py:654} INFO - DAG(s) dict_keys(['Sample_one']) retrieved from /opt/airflow/dags/dag.py
[2022-03-03 15:40:44,640] {logging_mixin.py:109} INFO - [2022-03-03 15:40:44,640] {dag.py:2396} INFO - Sync 1 DAGs
[2022-03-03 15:40:44,662] {logging_mixin.py:109} INFO - [2022-03-03 15:40:44,662] {dag.py:2935} INFO - Setting next_dagrun for Sample_one to None
[2022-03-03 15:40:44,679] {processor.py:171} INFO - Processing /opt/airflow/dags/dag.py took 2.097 seconds
[2022-03-03 15:41:15,324] {processor.py:163} INFO - Started process (PID=2576) to work on /opt/airflow/dags/dag.py
[2022-03-03 15:41:15,329] {processor.py:642} INFO - Processing file /opt/airflow/dags/dag.py for tasks to queue
[2022-03-03 15:41:15,330] {logging_mixin.py:109} INFO - [2022-03-03 15:41:15,330] {dagbag.py:500} INFO - Filling up the DagBag from /opt/airflow/dags/dag.py
[2022-03-03 15:41:16,340] {processor.py:654} INFO - DAG(s) dict_keys(['Sample_one']) retrieved from /opt/airflow/dags/dag.py
[2022-03-03 15:41:16,350] {logging_mixin.py:109} INFO - [2022-03-03 15:41:16,350] {dag.py:2396} INFO - Sync 1 DAGs
[2022-03-03 15:41:16,364] {logging_mixin.py:109} INFO - [2022-03-03 15:41:16,363] {dag.py:2935} INFO - Setting next_dagrun for Sample_one to None
[2022-03-03 15:41:16,374] {processor.py:171} INFO - Processing /opt/airflow/dags/dag.py took 1.052 seconds
[2022-03-03 15:41:47,000] {processor.py:163} INFO - Started process (PID=2632) to work on /opt/airflow/dags/dag.py
[2022-03-03 15:41:47,002] {processor.py:642} INFO - Processing file /opt/airflow/dags/dag.py for tasks to queue
[2022-03-03 15:41:47,004] {logging_mixin.py:109} INFO - [2022-03-03 15:41:47,004] {dagbag.py:500} INFO - Filling up the DagBag from /opt/airflow/dags/dag.py
[2022-03-03 15:41:47,945] {processor.py:654} INFO - DAG(s) dict_keys(['Sample_one']) retrieved from /opt/airflow/dags/dag.py
[2022-03-03 15:41:47,953] {logging_mixin.py:109} INFO - [2022-03-03 15:41:47,952] {dag.py:2396} INFO - Sync 1 DAGs
[2022-03-03 15:41:47,965] {logging_mixin.py:109} INFO - [2022-03-03 15:41:47,965] {dag.py:2935} INFO - Setting next_dagrun for Sample_one to None
[2022-03-03 15:41:47,972] {processor.py:171} INFO - Processing /opt/airflow/dags/dag.py took 0.976 seconds
[2022-03-03 15:42:18,605] {processor.py:163} INFO - Started process (PID=2695) to work on /opt/airflow/dags/dag.py
[2022-03-03 15:42:18,610] {processor.py:642} INFO - Processing file /opt/airflow/dags/dag.py for tasks to queue
[2022-03-03 15:42:18,612] {logging_mixin.py:109} INFO - [2022-03-03 15:42:18,611] {dagbag.py:500} INFO - Filling up the DagBag from /opt/airflow/dags/dag.py
[2022-03-03 15:42:21,255] {processor.py:654} INFO - DAG(s) dict_keys(['Sample_one']) retrieved from /opt/airflow/dags/dag.py
[2022-03-03 15:42:21,266] {logging_mixin.py:109} INFO - [2022-03-03 15:42:21,265] {dag.py:2396} INFO - Sync 1 DAGs
[2022-03-03 15:42:21,294] {logging_mixin.py:109} INFO - [2022-03-03 15:42:21,294] {dag.py:2935} INFO - Setting next_dagrun for Sample_one to None
[2022-03-03 15:42:21,310] {processor.py:171} INFO - Processing /opt/airflow/dags/dag.py took 2.738 seconds
[2022-03-03 15:42:51,501] {processor.py:163} INFO - Started process (PID=2765) to work on /opt/airflow/dags/dag.py
[2022-03-03 15:42:51,504] {processor.py:642} INFO - Processing file /opt/airflow/dags/dag.py for tasks to queue
[2022-03-03 15:42:51,507] {logging_mixin.py:109} INFO - [2022-03-03 15:42:51,506] {dagbag.py:500} INFO - Filling up the DagBag from /opt/airflow/dags/dag.py
[2022-03-03 15:42:52,622] {processor.py:654} INFO - DAG(s) dict_keys(['Sample_one']) retrieved from /opt/airflow/dags/dag.py
[2022-03-03 15:42:52,630] {logging_mixin.py:109} INFO - [2022-03-03 15:42:52,630] {dag.py:2396} INFO - Sync 1 DAGs
[2022-03-03 15:42:52,643] {logging_mixin.py:109} INFO - [2022-03-03 15:42:52,642] {dag.py:2935} INFO - Setting next_dagrun for Sample_one to None
[2022-03-03 15:42:52,650] {processor.py:171} INFO - Processing /opt/airflow/dags/dag.py took 1.152 seconds
[2022-03-03 15:43:23,320] {processor.py:163} INFO - Started process (PID=2821) to work on /opt/airflow/dags/dag.py
[2022-03-03 15:43:23,322] {processor.py:642} INFO - Processing file /opt/airflow/dags/dag.py for tasks to queue
[2022-03-03 15:43:23,325] {logging_mixin.py:109} INFO - [2022-03-03 15:43:23,324] {dagbag.py:500} INFO - Filling up the DagBag from /opt/airflow/dags/dag.py
[2022-03-03 15:43:24,474] {processor.py:654} INFO - DAG(s) dict_keys(['Sample_one']) retrieved from /opt/airflow/dags/dag.py
[2022-03-03 15:43:24,484] {logging_mixin.py:109} INFO - [2022-03-03 15:43:24,484] {dag.py:2396} INFO - Sync 1 DAGs
[2022-03-03 15:43:24,511] {logging_mixin.py:109} INFO - [2022-03-03 15:43:24,511] {dag.py:2935} INFO - Setting next_dagrun for Sample_one to None
[2022-03-03 15:43:24,524] {processor.py:171} INFO - Processing /opt/airflow/dags/dag.py took 1.213 seconds
[2022-03-03 15:43:55,083] {processor.py:163} INFO - Started process (PID=2879) to work on /opt/airflow/dags/dag.py
[2022-03-03 15:43:55,086] {processor.py:642} INFO - Processing file /opt/airflow/dags/dag.py for tasks to queue
[2022-03-03 15:43:55,088] {logging_mixin.py:109} INFO - [2022-03-03 15:43:55,087] {dagbag.py:500} INFO - Filling up the DagBag from /opt/airflow/dags/dag.py
[2022-03-03 15:43:56,119] {processor.py:654} INFO - DAG(s) dict_keys(['Sample_one']) retrieved from /opt/airflow/dags/dag.py
[2022-03-03 15:43:56,130] {logging_mixin.py:109} INFO - [2022-03-03 15:43:56,129] {dag.py:2396} INFO - Sync 1 DAGs
[2022-03-03 15:43:56,145] {logging_mixin.py:109} INFO - [2022-03-03 15:43:56,145] {dag.py:2935} INFO - Setting next_dagrun for Sample_one to None
[2022-03-03 15:43:56,156] {processor.py:171} INFO - Processing /opt/airflow/dags/dag.py took 1.083 seconds
[2022-03-03 15:44:26,602] {processor.py:163} INFO - Started process (PID=2937) to work on /opt/airflow/dags/dag.py
[2022-03-03 15:44:26,604] {processor.py:642} INFO - Processing file /opt/airflow/dags/dag.py for tasks to queue
[2022-03-03 15:44:26,606] {logging_mixin.py:109} INFO - [2022-03-03 15:44:26,606] {dagbag.py:500} INFO - Filling up the DagBag from /opt/airflow/dags/dag.py
[2022-03-03 15:44:30,099] {processor.py:654} INFO - DAG(s) dict_keys(['Sample_one']) retrieved from /opt/airflow/dags/dag.py
[2022-03-03 15:44:30,120] {logging_mixin.py:109} INFO - [2022-03-03 15:44:30,120] {dag.py:2396} INFO - Sync 1 DAGs
[2022-03-03 15:44:30,156] {logging_mixin.py:109} INFO - [2022-03-03 15:44:30,156] {dag.py:2935} INFO - Setting next_dagrun for Sample_one to None
[2022-03-03 15:44:30,175] {processor.py:171} INFO - Processing /opt/airflow/dags/dag.py took 3.583 seconds
[2022-03-03 15:45:00,800] {processor.py:163} INFO - Started process (PID=3010) to work on /opt/airflow/dags/dag.py
[2022-03-03 15:45:00,804] {processor.py:642} INFO - Processing file /opt/airflow/dags/dag.py for tasks to queue
[2022-03-03 15:45:00,805] {logging_mixin.py:109} INFO - [2022-03-03 15:45:00,805] {dagbag.py:500} INFO - Filling up the DagBag from /opt/airflow/dags/dag.py
[2022-03-03 15:45:01,942] {processor.py:654} INFO - DAG(s) dict_keys(['Sample_one']) retrieved from /opt/airflow/dags/dag.py
[2022-03-03 15:45:01,965] {logging_mixin.py:109} INFO - [2022-03-03 15:45:01,964] {dag.py:2396} INFO - Sync 1 DAGs
[2022-03-03 15:45:01,979] {logging_mixin.py:109} INFO - [2022-03-03 15:45:01,979] {dag.py:2935} INFO - Setting next_dagrun for Sample_one to None
[2022-03-03 15:45:01,988] {processor.py:171} INFO - Processing /opt/airflow/dags/dag.py took 1.196 seconds
[2022-03-03 15:45:32,609] {processor.py:163} INFO - Started process (PID=3064) to work on /opt/airflow/dags/dag.py
[2022-03-03 15:45:32,612] {processor.py:642} INFO - Processing file /opt/airflow/dags/dag.py for tasks to queue
[2022-03-03 15:45:32,615] {logging_mixin.py:109} INFO - [2022-03-03 15:45:32,615] {dagbag.py:500} INFO - Filling up the DagBag from /opt/airflow/dags/dag.py
[2022-03-03 15:45:33,763] {processor.py:654} INFO - DAG(s) dict_keys(['Sample_one']) retrieved from /opt/airflow/dags/dag.py
[2022-03-03 15:45:33,773] {logging_mixin.py:109} INFO - [2022-03-03 15:45:33,772] {dag.py:2396} INFO - Sync 1 DAGs
[2022-03-03 15:45:33,802] {logging_mixin.py:109} INFO - [2022-03-03 15:45:33,802] {dag.py:2935} INFO - Setting next_dagrun for Sample_one to None
[2022-03-03 15:45:33,810] {processor.py:171} INFO - Processing /opt/airflow/dags/dag.py took 1.206 seconds
[2022-03-03 15:46:03,946] {processor.py:163} INFO - Started process (PID=3140) to work on /opt/airflow/dags/dag.py
[2022-03-03 15:46:03,947] {processor.py:642} INFO - Processing file /opt/airflow/dags/dag.py for tasks to queue
[2022-03-03 15:46:03,951] {logging_mixin.py:109} INFO - [2022-03-03 15:46:03,951] {dagbag.py:500} INFO - Filling up the DagBag from /opt/airflow/dags/dag.py
[2022-03-03 15:46:05,438] {processor.py:654} INFO - DAG(s) dict_keys(['Sample_one']) retrieved from /opt/airflow/dags/dag.py
[2022-03-03 15:46:05,447] {logging_mixin.py:109} INFO - [2022-03-03 15:46:05,447] {dag.py:2396} INFO - Sync 1 DAGs
[2022-03-03 15:46:05,480] {logging_mixin.py:109} INFO - [2022-03-03 15:46:05,480] {dag.py:2935} INFO - Setting next_dagrun for Sample_one to None
[2022-03-03 15:46:05,503] {processor.py:171} INFO - Processing /opt/airflow/dags/dag.py took 1.567 seconds
[2022-03-03 15:46:36,211] {processor.py:163} INFO - Started process (PID=3196) to work on /opt/airflow/dags/dag.py
[2022-03-03 15:46:36,213] {processor.py:642} INFO - Processing file /opt/airflow/dags/dag.py for tasks to queue
[2022-03-03 15:46:36,216] {logging_mixin.py:109} INFO - [2022-03-03 15:46:36,216] {dagbag.py:500} INFO - Filling up the DagBag from /opt/airflow/dags/dag.py
[2022-03-03 15:46:37,740] {processor.py:654} INFO - DAG(s) dict_keys(['Sample_one']) retrieved from /opt/airflow/dags/dag.py
[2022-03-03 15:46:37,748] {logging_mixin.py:109} INFO - [2022-03-03 15:46:37,748] {dag.py:2396} INFO - Sync 1 DAGs
[2022-03-03 15:46:37,762] {logging_mixin.py:109} INFO - [2022-03-03 15:46:37,762] {dag.py:2935} INFO - Setting next_dagrun for Sample_one to None
[2022-03-03 15:46:37,782] {processor.py:171} INFO - Processing /opt/airflow/dags/dag.py took 1.580 seconds
[2022-03-03 15:47:08,551] {processor.py:163} INFO - Started process (PID=3255) to work on /opt/airflow/dags/dag.py
[2022-03-03 15:47:08,554] {processor.py:642} INFO - Processing file /opt/airflow/dags/dag.py for tasks to queue
[2022-03-03 15:47:08,555] {logging_mixin.py:109} INFO - [2022-03-03 15:47:08,555] {dagbag.py:500} INFO - Filling up the DagBag from /opt/airflow/dags/dag.py
[2022-03-03 15:47:09,970] {processor.py:654} INFO - DAG(s) dict_keys(['Sample_one']) retrieved from /opt/airflow/dags/dag.py
[2022-03-03 15:47:09,982] {logging_mixin.py:109} INFO - [2022-03-03 15:47:09,981] {dag.py:2396} INFO - Sync 1 DAGs
[2022-03-03 15:47:10,009] {logging_mixin.py:109} INFO - [2022-03-03 15:47:10,008] {dag.py:2935} INFO - Setting next_dagrun for Sample_one to None
[2022-03-03 15:47:10,025] {processor.py:171} INFO - Processing /opt/airflow/dags/dag.py took 1.481 seconds
[2022-03-03 15:47:40,200] {processor.py:163} INFO - Started process (PID=3321) to work on /opt/airflow/dags/dag.py
[2022-03-03 15:47:40,203] {processor.py:642} INFO - Processing file /opt/airflow/dags/dag.py for tasks to queue
[2022-03-03 15:47:40,206] {logging_mixin.py:109} INFO - [2022-03-03 15:47:40,206] {dagbag.py:500} INFO - Filling up the DagBag from /opt/airflow/dags/dag.py
[2022-03-03 15:47:43,349] {processor.py:654} INFO - DAG(s) dict_keys(['Sample_one']) retrieved from /opt/airflow/dags/dag.py
[2022-03-03 15:47:43,360] {logging_mixin.py:109} INFO - [2022-03-03 15:47:43,359] {dag.py:2396} INFO - Sync 1 DAGs
[2022-03-03 15:47:43,385] {logging_mixin.py:109} INFO - [2022-03-03 15:47:43,385] {dag.py:2935} INFO - Setting next_dagrun for Sample_one to None
[2022-03-03 15:47:43,393] {processor.py:171} INFO - Processing /opt/airflow/dags/dag.py took 3.200 seconds
[2022-03-03 15:48:13,660] {processor.py:163} INFO - Started process (PID=3384) to work on /opt/airflow/dags/dag.py
[2022-03-03 15:48:13,662] {processor.py:642} INFO - Processing file /opt/airflow/dags/dag.py for tasks to queue
[2022-03-03 15:48:13,664] {logging_mixin.py:109} INFO - [2022-03-03 15:48:13,664] {dagbag.py:500} INFO - Filling up the DagBag from /opt/airflow/dags/dag.py
[2022-03-03 15:48:15,255] {processor.py:654} INFO - DAG(s) dict_keys(['Sample_one']) retrieved from /opt/airflow/dags/dag.py
[2022-03-03 15:48:15,269] {logging_mixin.py:109} INFO - [2022-03-03 15:48:15,269] {dag.py:2396} INFO - Sync 1 DAGs
[2022-03-03 15:48:15,288] {logging_mixin.py:109} INFO - [2022-03-03 15:48:15,288] {dag.py:2935} INFO - Setting next_dagrun for Sample_one to None
[2022-03-03 15:48:15,295] {processor.py:171} INFO - Processing /opt/airflow/dags/dag.py took 1.638 seconds
[2022-03-03 15:48:46,010] {processor.py:163} INFO - Started process (PID=3451) to work on /opt/airflow/dags/dag.py
[2022-03-03 15:48:46,014] {processor.py:642} INFO - Processing file /opt/airflow/dags/dag.py for tasks to queue
[2022-03-03 15:48:46,016] {logging_mixin.py:109} INFO - [2022-03-03 15:48:46,016] {dagbag.py:500} INFO - Filling up the DagBag from /opt/airflow/dags/dag.py
[2022-03-03 15:48:47,061] {processor.py:654} INFO - DAG(s) dict_keys(['Sample_one']) retrieved from /opt/airflow/dags/dag.py
[2022-03-03 15:48:47,071] {logging_mixin.py:109} INFO - [2022-03-03 15:48:47,071] {dag.py:2396} INFO - Sync 1 DAGs
[2022-03-03 15:48:47,086] {logging_mixin.py:109} INFO - [2022-03-03 15:48:47,086] {dag.py:2935} INFO - Setting next_dagrun for Sample_one to None
[2022-03-03 15:48:47,096] {processor.py:171} INFO - Processing /opt/airflow/dags/dag.py took 1.090 seconds
[2022-03-03 15:49:17,258] {processor.py:163} INFO - Started process (PID=3505) to work on /opt/airflow/dags/dag.py
[2022-03-03 15:49:17,260] {processor.py:642} INFO - Processing file /opt/airflow/dags/dag.py for tasks to queue
[2022-03-03 15:49:17,262] {logging_mixin.py:109} INFO - [2022-03-03 15:49:17,262] {dagbag.py:500} INFO - Filling up the DagBag from /opt/airflow/dags/dag.py
[2022-03-03 15:49:18,844] {processor.py:654} INFO - DAG(s) dict_keys(['Sample_one']) retrieved from /opt/airflow/dags/dag.py
[2022-03-03 15:49:18,855] {logging_mixin.py:109} INFO - [2022-03-03 15:49:18,855] {dag.py:2396} INFO - Sync 1 DAGs
[2022-03-03 15:49:18,872] {logging_mixin.py:109} INFO - [2022-03-03 15:49:18,872] {dag.py:2935} INFO - Setting next_dagrun for Sample_one to None
[2022-03-03 15:49:18,882] {processor.py:171} INFO - Processing /opt/airflow/dags/dag.py took 1.629 seconds
[2022-03-03 15:49:48,957] {processor.py:163} INFO - Started process (PID=3570) to work on /opt/airflow/dags/dag.py
[2022-03-03 15:49:48,960] {processor.py:642} INFO - Processing file /opt/airflow/dags/dag.py for tasks to queue
[2022-03-03 15:49:48,961] {logging_mixin.py:109} INFO - [2022-03-03 15:49:48,961] {dagbag.py:500} INFO - Filling up the DagBag from /opt/airflow/dags/dag.py
[2022-03-03 15:49:50,096] {processor.py:654} INFO - DAG(s) dict_keys(['Sample_one']) retrieved from /opt/airflow/dags/dag.py
[2022-03-03 15:49:50,104] {logging_mixin.py:109} INFO - [2022-03-03 15:49:50,103] {dag.py:2396} INFO - Sync 1 DAGs
[2022-03-03 15:49:50,117] {logging_mixin.py:109} INFO - [2022-03-03 15:49:50,117] {dag.py:2935} INFO - Setting next_dagrun for Sample_one to None
[2022-03-03 15:49:50,126] {processor.py:171} INFO - Processing /opt/airflow/dags/dag.py took 1.201 seconds
[2022-03-03 15:50:20,355] {processor.py:163} INFO - Started process (PID=3630) to work on /opt/airflow/dags/dag.py
[2022-03-03 15:50:20,357] {processor.py:642} INFO - Processing file /opt/airflow/dags/dag.py for tasks to queue
[2022-03-03 15:50:20,358] {logging_mixin.py:109} INFO - [2022-03-03 15:50:20,358] {dagbag.py:500} INFO - Filling up the DagBag from /opt/airflow/dags/dag.py
[2022-03-03 15:50:21,438] {processor.py:654} INFO - DAG(s) dict_keys(['Sample_one']) retrieved from /opt/airflow/dags/dag.py
[2022-03-03 15:50:21,446] {logging_mixin.py:109} INFO - [2022-03-03 15:50:21,446] {dag.py:2396} INFO - Sync 1 DAGs
[2022-03-03 15:50:21,459] {logging_mixin.py:109} INFO - [2022-03-03 15:50:21,459] {dag.py:2935} INFO - Setting next_dagrun for Sample_one to None
[2022-03-03 15:50:21,469] {processor.py:171} INFO - Processing /opt/airflow/dags/dag.py took 1.117 seconds
[2022-03-03 15:50:51,532] {processor.py:163} INFO - Started process (PID=3687) to work on /opt/airflow/dags/dag.py
[2022-03-03 15:50:51,534] {processor.py:642} INFO - Processing file /opt/airflow/dags/dag.py for tasks to queue
[2022-03-03 15:50:51,538] {logging_mixin.py:109} INFO - [2022-03-03 15:50:51,538] {dagbag.py:500} INFO - Filling up the DagBag from /opt/airflow/dags/dag.py
[2022-03-03 15:50:53,969] {processor.py:654} INFO - DAG(s) dict_keys(['Sample_one']) retrieved from /opt/airflow/dags/dag.py
[2022-03-03 15:50:53,983] {logging_mixin.py:109} INFO - [2022-03-03 15:50:53,983] {dag.py:2396} INFO - Sync 1 DAGs
[2022-03-03 15:50:54,021] {logging_mixin.py:109} INFO - [2022-03-03 15:50:54,021] {dag.py:2935} INFO - Setting next_dagrun for Sample_one to None
[2022-03-03 15:50:54,039] {processor.py:171} INFO - Processing /opt/airflow/dags/dag.py took 2.515 seconds
