[2022-02-03 23:02:19,467] {processor.py:163} INFO - Started process (PID=135) to work on /home/airflow/.local/lib/python3.7/site-packages/airflow/example_dags/example_skip_dag.py
[2022-02-03 23:02:19,469] {processor.py:642} INFO - Processing file /home/airflow/.local/lib/python3.7/site-packages/airflow/example_dags/example_skip_dag.py for tasks to queue
[2022-02-03 23:02:19,471] {logging_mixin.py:109} INFO - [2022-02-03 23:02:19,471] {dagbag.py:500} INFO - Filling up the DagBag from /home/airflow/.local/lib/python3.7/site-packages/airflow/example_dags/example_skip_dag.py
[2022-02-03 23:02:19,517] {processor.py:654} INFO - DAG(s) dict_keys(['example_skip_dag']) retrieved from /home/airflow/.local/lib/python3.7/site-packages/airflow/example_dags/example_skip_dag.py
[2022-02-03 23:02:21,464] {logging_mixin.py:109} INFO - [2022-02-03 23:02:21,463] {manager.py:496} INFO - Created Permission View: can read on DAG:example_skip_dag
[2022-02-03 23:02:21,475] {logging_mixin.py:109} INFO - [2022-02-03 23:02:21,475] {manager.py:496} INFO - Created Permission View: can edit on DAG:example_skip_dag
[2022-02-03 23:02:21,476] {logging_mixin.py:109} INFO - [2022-02-03 23:02:21,476] {dag.py:2396} INFO - Sync 1 DAGs
[2022-02-03 23:02:21,485] {logging_mixin.py:109} INFO - [2022-02-03 23:02:21,484] {dag.py:2415} INFO - Creating ORM DAG for example_skip_dag
[2022-02-03 23:02:21,501] {logging_mixin.py:109} INFO - [2022-02-03 23:02:21,501] {dag.py:2935} INFO - Setting next_dagrun for example_skip_dag to 2022-02-02T23:02:21.501001+00:00
[2022-02-03 23:02:21,520] {processor.py:171} INFO - Processing /home/airflow/.local/lib/python3.7/site-packages/airflow/example_dags/example_skip_dag.py took 2.058 seconds
[2022-02-03 23:02:52,132] {processor.py:163} INFO - Started process (PID=251) to work on /home/airflow/.local/lib/python3.7/site-packages/airflow/example_dags/example_skip_dag.py
[2022-02-03 23:02:52,134] {processor.py:642} INFO - Processing file /home/airflow/.local/lib/python3.7/site-packages/airflow/example_dags/example_skip_dag.py for tasks to queue
[2022-02-03 23:02:52,135] {logging_mixin.py:109} INFO - [2022-02-03 23:02:52,135] {dagbag.py:500} INFO - Filling up the DagBag from /home/airflow/.local/lib/python3.7/site-packages/airflow/example_dags/example_skip_dag.py
[2022-02-03 23:02:52,198] {processor.py:654} INFO - DAG(s) dict_keys(['example_skip_dag']) retrieved from /home/airflow/.local/lib/python3.7/site-packages/airflow/example_dags/example_skip_dag.py
[2022-02-03 23:02:52,214] {logging_mixin.py:109} INFO - [2022-02-03 23:02:52,214] {dag.py:2396} INFO - Sync 1 DAGs
[2022-02-03 23:02:52,236] {logging_mixin.py:109} INFO - [2022-02-03 23:02:52,236] {dag.py:2935} INFO - Setting next_dagrun for example_skip_dag to 2022-02-02T23:02:52.235841+00:00
[2022-02-03 23:02:52,249] {processor.py:171} INFO - Processing /home/airflow/.local/lib/python3.7/site-packages/airflow/example_dags/example_skip_dag.py took 0.120 seconds
[2022-02-03 23:03:22,973] {processor.py:163} INFO - Started process (PID=314) to work on /home/airflow/.local/lib/python3.7/site-packages/airflow/example_dags/example_skip_dag.py
[2022-02-03 23:03:22,985] {processor.py:642} INFO - Processing file /home/airflow/.local/lib/python3.7/site-packages/airflow/example_dags/example_skip_dag.py for tasks to queue
[2022-02-03 23:03:22,992] {logging_mixin.py:109} INFO - [2022-02-03 23:03:22,990] {dagbag.py:500} INFO - Filling up the DagBag from /home/airflow/.local/lib/python3.7/site-packages/airflow/example_dags/example_skip_dag.py
[2022-02-03 23:03:23,135] {processor.py:654} INFO - DAG(s) dict_keys(['example_skip_dag']) retrieved from /home/airflow/.local/lib/python3.7/site-packages/airflow/example_dags/example_skip_dag.py
[2022-02-03 23:03:23,167] {logging_mixin.py:109} INFO - [2022-02-03 23:03:23,167] {dag.py:2396} INFO - Sync 1 DAGs
[2022-02-03 23:03:23,216] {logging_mixin.py:109} INFO - [2022-02-03 23:03:23,216] {dag.py:2935} INFO - Setting next_dagrun for example_skip_dag to 2022-02-02T23:03:23.205550+00:00
[2022-02-03 23:03:23,242] {processor.py:171} INFO - Processing /home/airflow/.local/lib/python3.7/site-packages/airflow/example_dags/example_skip_dag.py took 0.289 seconds
[2022-02-03 23:03:53,507] {processor.py:163} INFO - Started process (PID=366) to work on /home/airflow/.local/lib/python3.7/site-packages/airflow/example_dags/example_skip_dag.py
[2022-02-03 23:03:53,509] {processor.py:642} INFO - Processing file /home/airflow/.local/lib/python3.7/site-packages/airflow/example_dags/example_skip_dag.py for tasks to queue
[2022-02-03 23:03:53,511] {logging_mixin.py:109} INFO - [2022-02-03 23:03:53,510] {dagbag.py:500} INFO - Filling up the DagBag from /home/airflow/.local/lib/python3.7/site-packages/airflow/example_dags/example_skip_dag.py
[2022-02-03 23:03:53,547] {processor.py:654} INFO - DAG(s) dict_keys(['example_skip_dag']) retrieved from /home/airflow/.local/lib/python3.7/site-packages/airflow/example_dags/example_skip_dag.py
[2022-02-03 23:03:53,560] {logging_mixin.py:109} INFO - [2022-02-03 23:03:53,560] {dag.py:2396} INFO - Sync 1 DAGs
[2022-02-03 23:03:53,587] {logging_mixin.py:109} INFO - [2022-02-03 23:03:53,587] {dag.py:2935} INFO - Setting next_dagrun for example_skip_dag to 2022-02-02T23:03:53.587006+00:00
[2022-02-03 23:03:53,599] {processor.py:171} INFO - Processing /home/airflow/.local/lib/python3.7/site-packages/airflow/example_dags/example_skip_dag.py took 0.096 seconds
[2022-02-03 23:04:23,759] {processor.py:163} INFO - Started process (PID=424) to work on /home/airflow/.local/lib/python3.7/site-packages/airflow/example_dags/example_skip_dag.py
[2022-02-03 23:04:23,762] {processor.py:642} INFO - Processing file /home/airflow/.local/lib/python3.7/site-packages/airflow/example_dags/example_skip_dag.py for tasks to queue
[2022-02-03 23:04:23,764] {logging_mixin.py:109} INFO - [2022-02-03 23:04:23,764] {dagbag.py:500} INFO - Filling up the DagBag from /home/airflow/.local/lib/python3.7/site-packages/airflow/example_dags/example_skip_dag.py
[2022-02-03 23:04:23,797] {processor.py:654} INFO - DAG(s) dict_keys(['example_skip_dag']) retrieved from /home/airflow/.local/lib/python3.7/site-packages/airflow/example_dags/example_skip_dag.py
[2022-02-03 23:04:23,812] {logging_mixin.py:109} INFO - [2022-02-03 23:04:23,812] {dag.py:2396} INFO - Sync 1 DAGs
[2022-02-03 23:04:23,829] {logging_mixin.py:109} INFO - [2022-02-03 23:04:23,829] {dag.py:2935} INFO - Setting next_dagrun for example_skip_dag to 2022-02-02T23:04:23.829378+00:00
[2022-02-03 23:04:23,840] {processor.py:171} INFO - Processing /home/airflow/.local/lib/python3.7/site-packages/airflow/example_dags/example_skip_dag.py took 0.087 seconds
[2022-02-03 23:04:54,223] {processor.py:163} INFO - Started process (PID=488) to work on /home/airflow/.local/lib/python3.7/site-packages/airflow/example_dags/example_skip_dag.py
[2022-02-03 23:04:54,226] {processor.py:642} INFO - Processing file /home/airflow/.local/lib/python3.7/site-packages/airflow/example_dags/example_skip_dag.py for tasks to queue
[2022-02-03 23:04:54,228] {logging_mixin.py:109} INFO - [2022-02-03 23:04:54,227] {dagbag.py:500} INFO - Filling up the DagBag from /home/airflow/.local/lib/python3.7/site-packages/airflow/example_dags/example_skip_dag.py
[2022-02-03 23:04:54,267] {processor.py:654} INFO - DAG(s) dict_keys(['example_skip_dag']) retrieved from /home/airflow/.local/lib/python3.7/site-packages/airflow/example_dags/example_skip_dag.py
[2022-02-03 23:04:54,285] {logging_mixin.py:109} INFO - [2022-02-03 23:04:54,285] {dag.py:2396} INFO - Sync 1 DAGs
[2022-02-03 23:04:54,311] {logging_mixin.py:109} INFO - [2022-02-03 23:04:54,311] {dag.py:2935} INFO - Setting next_dagrun for example_skip_dag to 2022-02-02T23:04:54.311018+00:00
[2022-02-03 23:04:54,328] {processor.py:171} INFO - Processing /home/airflow/.local/lib/python3.7/site-packages/airflow/example_dags/example_skip_dag.py took 0.109 seconds
[2022-02-03 23:05:25,251] {processor.py:163} INFO - Started process (PID=541) to work on /home/airflow/.local/lib/python3.7/site-packages/airflow/example_dags/example_skip_dag.py
[2022-02-03 23:05:25,257] {processor.py:642} INFO - Processing file /home/airflow/.local/lib/python3.7/site-packages/airflow/example_dags/example_skip_dag.py for tasks to queue
[2022-02-03 23:05:25,260] {logging_mixin.py:109} INFO - [2022-02-03 23:05:25,260] {dagbag.py:500} INFO - Filling up the DagBag from /home/airflow/.local/lib/python3.7/site-packages/airflow/example_dags/example_skip_dag.py
[2022-02-03 23:05:25,313] {processor.py:654} INFO - DAG(s) dict_keys(['example_skip_dag']) retrieved from /home/airflow/.local/lib/python3.7/site-packages/airflow/example_dags/example_skip_dag.py
[2022-02-03 23:05:25,334] {logging_mixin.py:109} INFO - [2022-02-03 23:05:25,334] {dag.py:2396} INFO - Sync 1 DAGs
[2022-02-03 23:05:25,364] {logging_mixin.py:109} INFO - [2022-02-03 23:05:25,363] {dag.py:2935} INFO - Setting next_dagrun for example_skip_dag to 2022-02-02T23:05:25.363474+00:00
[2022-02-03 23:05:25,385] {processor.py:171} INFO - Processing /home/airflow/.local/lib/python3.7/site-packages/airflow/example_dags/example_skip_dag.py took 0.140 seconds
[2022-02-03 23:05:55,989] {processor.py:163} INFO - Started process (PID=600) to work on /home/airflow/.local/lib/python3.7/site-packages/airflow/example_dags/example_skip_dag.py
[2022-02-03 23:05:55,992] {processor.py:642} INFO - Processing file /home/airflow/.local/lib/python3.7/site-packages/airflow/example_dags/example_skip_dag.py for tasks to queue
[2022-02-03 23:05:55,994] {logging_mixin.py:109} INFO - [2022-02-03 23:05:55,994] {dagbag.py:500} INFO - Filling up the DagBag from /home/airflow/.local/lib/python3.7/site-packages/airflow/example_dags/example_skip_dag.py
[2022-02-03 23:05:56,027] {processor.py:654} INFO - DAG(s) dict_keys(['example_skip_dag']) retrieved from /home/airflow/.local/lib/python3.7/site-packages/airflow/example_dags/example_skip_dag.py
[2022-02-03 23:05:56,041] {logging_mixin.py:109} INFO - [2022-02-03 23:05:56,040] {dag.py:2396} INFO - Sync 1 DAGs
[2022-02-03 23:05:56,060] {logging_mixin.py:109} INFO - [2022-02-03 23:05:56,060] {dag.py:2935} INFO - Setting next_dagrun for example_skip_dag to 2022-02-02T23:05:56.059816+00:00
[2022-02-03 23:05:56,071] {processor.py:171} INFO - Processing /home/airflow/.local/lib/python3.7/site-packages/airflow/example_dags/example_skip_dag.py took 0.086 seconds
[2022-02-03 23:06:26,664] {processor.py:163} INFO - Started process (PID=665) to work on /home/airflow/.local/lib/python3.7/site-packages/airflow/example_dags/example_skip_dag.py
[2022-02-03 23:06:26,666] {processor.py:642} INFO - Processing file /home/airflow/.local/lib/python3.7/site-packages/airflow/example_dags/example_skip_dag.py for tasks to queue
[2022-02-03 23:06:26,667] {logging_mixin.py:109} INFO - [2022-02-03 23:06:26,667] {dagbag.py:500} INFO - Filling up the DagBag from /home/airflow/.local/lib/python3.7/site-packages/airflow/example_dags/example_skip_dag.py
[2022-02-03 23:06:26,697] {processor.py:654} INFO - DAG(s) dict_keys(['example_skip_dag']) retrieved from /home/airflow/.local/lib/python3.7/site-packages/airflow/example_dags/example_skip_dag.py
[2022-02-03 23:06:26,710] {logging_mixin.py:109} INFO - [2022-02-03 23:06:26,710] {dag.py:2396} INFO - Sync 1 DAGs
[2022-02-03 23:06:26,727] {logging_mixin.py:109} INFO - [2022-02-03 23:06:26,727] {dag.py:2935} INFO - Setting next_dagrun for example_skip_dag to 2022-02-02T23:06:26.727332+00:00
[2022-02-03 23:06:26,739] {processor.py:171} INFO - Processing /home/airflow/.local/lib/python3.7/site-packages/airflow/example_dags/example_skip_dag.py took 0.078 seconds
[2022-02-03 23:06:57,258] {processor.py:163} INFO - Started process (PID=719) to work on /home/airflow/.local/lib/python3.7/site-packages/airflow/example_dags/example_skip_dag.py
[2022-02-03 23:06:57,261] {processor.py:642} INFO - Processing file /home/airflow/.local/lib/python3.7/site-packages/airflow/example_dags/example_skip_dag.py for tasks to queue
[2022-02-03 23:06:57,262] {logging_mixin.py:109} INFO - [2022-02-03 23:06:57,262] {dagbag.py:500} INFO - Filling up the DagBag from /home/airflow/.local/lib/python3.7/site-packages/airflow/example_dags/example_skip_dag.py
[2022-02-03 23:06:57,295] {processor.py:654} INFO - DAG(s) dict_keys(['example_skip_dag']) retrieved from /home/airflow/.local/lib/python3.7/site-packages/airflow/example_dags/example_skip_dag.py
[2022-02-03 23:06:57,308] {logging_mixin.py:109} INFO - [2022-02-03 23:06:57,308] {dag.py:2396} INFO - Sync 1 DAGs
[2022-02-03 23:06:57,331] {logging_mixin.py:109} INFO - [2022-02-03 23:06:57,331] {dag.py:2935} INFO - Setting next_dagrun for example_skip_dag to 2022-02-02T23:06:57.330901+00:00
[2022-02-03 23:06:57,343] {processor.py:171} INFO - Processing /home/airflow/.local/lib/python3.7/site-packages/airflow/example_dags/example_skip_dag.py took 0.088 seconds
[2022-02-03 23:07:28,226] {processor.py:163} INFO - Started process (PID=780) to work on /home/airflow/.local/lib/python3.7/site-packages/airflow/example_dags/example_skip_dag.py
[2022-02-03 23:07:28,228] {processor.py:642} INFO - Processing file /home/airflow/.local/lib/python3.7/site-packages/airflow/example_dags/example_skip_dag.py for tasks to queue
[2022-02-03 23:07:28,229] {logging_mixin.py:109} INFO - [2022-02-03 23:07:28,229] {dagbag.py:500} INFO - Filling up the DagBag from /home/airflow/.local/lib/python3.7/site-packages/airflow/example_dags/example_skip_dag.py
[2022-02-03 23:07:28,259] {processor.py:654} INFO - DAG(s) dict_keys(['example_skip_dag']) retrieved from /home/airflow/.local/lib/python3.7/site-packages/airflow/example_dags/example_skip_dag.py
[2022-02-03 23:07:28,271] {logging_mixin.py:109} INFO - [2022-02-03 23:07:28,271] {dag.py:2396} INFO - Sync 1 DAGs
[2022-02-03 23:07:28,289] {logging_mixin.py:109} INFO - [2022-02-03 23:07:28,289] {dag.py:2935} INFO - Setting next_dagrun for example_skip_dag to 2022-02-02T23:07:28.288925+00:00
[2022-02-03 23:07:28,301] {processor.py:171} INFO - Processing /home/airflow/.local/lib/python3.7/site-packages/airflow/example_dags/example_skip_dag.py took 0.079 seconds
[2022-02-03 23:07:58,479] {processor.py:163} INFO - Started process (PID=834) to work on /home/airflow/.local/lib/python3.7/site-packages/airflow/example_dags/example_skip_dag.py
[2022-02-03 23:07:58,482] {processor.py:642} INFO - Processing file /home/airflow/.local/lib/python3.7/site-packages/airflow/example_dags/example_skip_dag.py for tasks to queue
[2022-02-03 23:07:58,484] {logging_mixin.py:109} INFO - [2022-02-03 23:07:58,484] {dagbag.py:500} INFO - Filling up the DagBag from /home/airflow/.local/lib/python3.7/site-packages/airflow/example_dags/example_skip_dag.py
[2022-02-03 23:07:58,515] {processor.py:654} INFO - DAG(s) dict_keys(['example_skip_dag']) retrieved from /home/airflow/.local/lib/python3.7/site-packages/airflow/example_dags/example_skip_dag.py
[2022-02-03 23:07:58,528] {logging_mixin.py:109} INFO - [2022-02-03 23:07:58,527] {dag.py:2396} INFO - Sync 1 DAGs
[2022-02-03 23:07:58,546] {logging_mixin.py:109} INFO - [2022-02-03 23:07:58,546] {dag.py:2935} INFO - Setting next_dagrun for example_skip_dag to 2022-02-02T23:07:58.545609+00:00
[2022-02-03 23:07:58,557] {processor.py:171} INFO - Processing /home/airflow/.local/lib/python3.7/site-packages/airflow/example_dags/example_skip_dag.py took 0.082 seconds
[2022-02-03 23:08:29,505] {processor.py:163} INFO - Started process (PID=891) to work on /home/airflow/.local/lib/python3.7/site-packages/airflow/example_dags/example_skip_dag.py
[2022-02-03 23:08:29,508] {processor.py:642} INFO - Processing file /home/airflow/.local/lib/python3.7/site-packages/airflow/example_dags/example_skip_dag.py for tasks to queue
[2022-02-03 23:08:29,509] {logging_mixin.py:109} INFO - [2022-02-03 23:08:29,509] {dagbag.py:500} INFO - Filling up the DagBag from /home/airflow/.local/lib/python3.7/site-packages/airflow/example_dags/example_skip_dag.py
[2022-02-03 23:08:29,542] {processor.py:654} INFO - DAG(s) dict_keys(['example_skip_dag']) retrieved from /home/airflow/.local/lib/python3.7/site-packages/airflow/example_dags/example_skip_dag.py
[2022-02-03 23:08:29,556] {logging_mixin.py:109} INFO - [2022-02-03 23:08:29,556] {dag.py:2396} INFO - Sync 1 DAGs
[2022-02-03 23:08:29,579] {logging_mixin.py:109} INFO - [2022-02-03 23:08:29,579] {dag.py:2935} INFO - Setting next_dagrun for example_skip_dag to 2022-02-02T23:08:29.579231+00:00
[2022-02-03 23:08:29,596] {processor.py:171} INFO - Processing /home/airflow/.local/lib/python3.7/site-packages/airflow/example_dags/example_skip_dag.py took 0.095 seconds
[2022-02-03 23:09:00,226] {processor.py:163} INFO - Started process (PID=952) to work on /home/airflow/.local/lib/python3.7/site-packages/airflow/example_dags/example_skip_dag.py
[2022-02-03 23:09:00,227] {processor.py:642} INFO - Processing file /home/airflow/.local/lib/python3.7/site-packages/airflow/example_dags/example_skip_dag.py for tasks to queue
[2022-02-03 23:09:00,229] {logging_mixin.py:109} INFO - [2022-02-03 23:09:00,229] {dagbag.py:500} INFO - Filling up the DagBag from /home/airflow/.local/lib/python3.7/site-packages/airflow/example_dags/example_skip_dag.py
[2022-02-03 23:09:00,258] {processor.py:654} INFO - DAG(s) dict_keys(['example_skip_dag']) retrieved from /home/airflow/.local/lib/python3.7/site-packages/airflow/example_dags/example_skip_dag.py
[2022-02-03 23:09:00,271] {logging_mixin.py:109} INFO - [2022-02-03 23:09:00,270] {dag.py:2396} INFO - Sync 1 DAGs
[2022-02-03 23:09:00,288] {logging_mixin.py:109} INFO - [2022-02-03 23:09:00,288] {dag.py:2935} INFO - Setting next_dagrun for example_skip_dag to 2022-02-02T23:09:00.287954+00:00
[2022-02-03 23:09:00,300] {processor.py:171} INFO - Processing /home/airflow/.local/lib/python3.7/site-packages/airflow/example_dags/example_skip_dag.py took 0.078 seconds
[2022-02-03 23:09:30,789] {processor.py:163} INFO - Started process (PID=1018) to work on /home/airflow/.local/lib/python3.7/site-packages/airflow/example_dags/example_skip_dag.py
[2022-02-03 23:09:30,795] {processor.py:642} INFO - Processing file /home/airflow/.local/lib/python3.7/site-packages/airflow/example_dags/example_skip_dag.py for tasks to queue
[2022-02-03 23:09:30,805] {logging_mixin.py:109} INFO - [2022-02-03 23:09:30,805] {dagbag.py:500} INFO - Filling up the DagBag from /home/airflow/.local/lib/python3.7/site-packages/airflow/example_dags/example_skip_dag.py
[2022-02-03 23:09:30,865] {processor.py:654} INFO - DAG(s) dict_keys(['example_skip_dag']) retrieved from /home/airflow/.local/lib/python3.7/site-packages/airflow/example_dags/example_skip_dag.py
[2022-02-03 23:09:30,903] {logging_mixin.py:109} INFO - [2022-02-03 23:09:30,902] {dag.py:2396} INFO - Sync 1 DAGs
[2022-02-03 23:09:30,923] {logging_mixin.py:109} INFO - [2022-02-03 23:09:30,922] {dag.py:2935} INFO - Setting next_dagrun for example_skip_dag to 2022-02-02T23:09:30.922485+00:00
[2022-02-03 23:09:30,939] {processor.py:171} INFO - Processing /home/airflow/.local/lib/python3.7/site-packages/airflow/example_dags/example_skip_dag.py took 0.157 seconds
[2022-02-03 23:10:01,305] {processor.py:163} INFO - Started process (PID=1076) to work on /home/airflow/.local/lib/python3.7/site-packages/airflow/example_dags/example_skip_dag.py
[2022-02-03 23:10:01,315] {processor.py:642} INFO - Processing file /home/airflow/.local/lib/python3.7/site-packages/airflow/example_dags/example_skip_dag.py for tasks to queue
[2022-02-03 23:10:01,318] {logging_mixin.py:109} INFO - [2022-02-03 23:10:01,318] {dagbag.py:500} INFO - Filling up the DagBag from /home/airflow/.local/lib/python3.7/site-packages/airflow/example_dags/example_skip_dag.py
[2022-02-03 23:10:01,367] {processor.py:654} INFO - DAG(s) dict_keys(['example_skip_dag']) retrieved from /home/airflow/.local/lib/python3.7/site-packages/airflow/example_dags/example_skip_dag.py
[2022-02-03 23:10:01,381] {logging_mixin.py:109} INFO - [2022-02-03 23:10:01,380] {dag.py:2396} INFO - Sync 1 DAGs
[2022-02-03 23:10:01,401] {logging_mixin.py:109} INFO - [2022-02-03 23:10:01,400] {dag.py:2935} INFO - Setting next_dagrun for example_skip_dag to 2022-02-02T23:10:01.400507+00:00
[2022-02-03 23:10:01,433] {processor.py:171} INFO - Processing /home/airflow/.local/lib/python3.7/site-packages/airflow/example_dags/example_skip_dag.py took 0.132 seconds
[2022-02-03 23:10:31,752] {processor.py:163} INFO - Started process (PID=1132) to work on /home/airflow/.local/lib/python3.7/site-packages/airflow/example_dags/example_skip_dag.py
[2022-02-03 23:10:31,756] {processor.py:642} INFO - Processing file /home/airflow/.local/lib/python3.7/site-packages/airflow/example_dags/example_skip_dag.py for tasks to queue
[2022-02-03 23:10:31,760] {logging_mixin.py:109} INFO - [2022-02-03 23:10:31,760] {dagbag.py:500} INFO - Filling up the DagBag from /home/airflow/.local/lib/python3.7/site-packages/airflow/example_dags/example_skip_dag.py
[2022-02-03 23:10:31,797] {processor.py:654} INFO - DAG(s) dict_keys(['example_skip_dag']) retrieved from /home/airflow/.local/lib/python3.7/site-packages/airflow/example_dags/example_skip_dag.py
[2022-02-03 23:10:31,810] {logging_mixin.py:109} INFO - [2022-02-03 23:10:31,810] {dag.py:2396} INFO - Sync 1 DAGs
[2022-02-03 23:10:31,829] {logging_mixin.py:109} INFO - [2022-02-03 23:10:31,829] {dag.py:2935} INFO - Setting next_dagrun for example_skip_dag to 2022-02-02T23:10:31.829081+00:00
[2022-02-03 23:10:31,844] {processor.py:171} INFO - Processing /home/airflow/.local/lib/python3.7/site-packages/airflow/example_dags/example_skip_dag.py took 0.099 seconds
[2022-02-03 23:11:01,962] {processor.py:163} INFO - Started process (PID=1196) to work on /home/airflow/.local/lib/python3.7/site-packages/airflow/example_dags/example_skip_dag.py
[2022-02-03 23:11:01,964] {processor.py:642} INFO - Processing file /home/airflow/.local/lib/python3.7/site-packages/airflow/example_dags/example_skip_dag.py for tasks to queue
[2022-02-03 23:11:01,966] {logging_mixin.py:109} INFO - [2022-02-03 23:11:01,966] {dagbag.py:500} INFO - Filling up the DagBag from /home/airflow/.local/lib/python3.7/site-packages/airflow/example_dags/example_skip_dag.py
[2022-02-03 23:11:02,004] {processor.py:654} INFO - DAG(s) dict_keys(['example_skip_dag']) retrieved from /home/airflow/.local/lib/python3.7/site-packages/airflow/example_dags/example_skip_dag.py
[2022-02-03 23:11:02,023] {logging_mixin.py:109} INFO - [2022-02-03 23:11:02,023] {dag.py:2396} INFO - Sync 1 DAGs
[2022-02-03 23:11:02,044] {logging_mixin.py:109} INFO - [2022-02-03 23:11:02,044] {dag.py:2935} INFO - Setting next_dagrun for example_skip_dag to 2022-02-02T23:11:02.044111+00:00
[2022-02-03 23:11:02,073] {processor.py:171} INFO - Processing /home/airflow/.local/lib/python3.7/site-packages/airflow/example_dags/example_skip_dag.py took 0.115 seconds
[2022-02-03 23:11:32,592] {processor.py:163} INFO - Started process (PID=1253) to work on /home/airflow/.local/lib/python3.7/site-packages/airflow/example_dags/example_skip_dag.py
[2022-02-03 23:11:32,594] {processor.py:642} INFO - Processing file /home/airflow/.local/lib/python3.7/site-packages/airflow/example_dags/example_skip_dag.py for tasks to queue
[2022-02-03 23:11:32,596] {logging_mixin.py:109} INFO - [2022-02-03 23:11:32,595] {dagbag.py:500} INFO - Filling up the DagBag from /home/airflow/.local/lib/python3.7/site-packages/airflow/example_dags/example_skip_dag.py
[2022-02-03 23:11:32,629] {processor.py:654} INFO - DAG(s) dict_keys(['example_skip_dag']) retrieved from /home/airflow/.local/lib/python3.7/site-packages/airflow/example_dags/example_skip_dag.py
[2022-02-03 23:11:32,643] {logging_mixin.py:109} INFO - [2022-02-03 23:11:32,643] {dag.py:2396} INFO - Sync 1 DAGs
[2022-02-03 23:11:32,663] {logging_mixin.py:109} INFO - [2022-02-03 23:11:32,662] {dag.py:2935} INFO - Setting next_dagrun for example_skip_dag to 2022-02-02T23:11:32.662374+00:00
[2022-02-03 23:11:32,687] {processor.py:171} INFO - Processing /home/airflow/.local/lib/python3.7/site-packages/airflow/example_dags/example_skip_dag.py took 0.099 seconds
[2022-02-03 23:12:02,874] {processor.py:163} INFO - Started process (PID=1320) to work on /home/airflow/.local/lib/python3.7/site-packages/airflow/example_dags/example_skip_dag.py
[2022-02-03 23:12:02,877] {processor.py:642} INFO - Processing file /home/airflow/.local/lib/python3.7/site-packages/airflow/example_dags/example_skip_dag.py for tasks to queue
[2022-02-03 23:12:02,880] {logging_mixin.py:109} INFO - [2022-02-03 23:12:02,880] {dagbag.py:500} INFO - Filling up the DagBag from /home/airflow/.local/lib/python3.7/site-packages/airflow/example_dags/example_skip_dag.py
[2022-02-03 23:12:02,931] {processor.py:654} INFO - DAG(s) dict_keys(['example_skip_dag']) retrieved from /home/airflow/.local/lib/python3.7/site-packages/airflow/example_dags/example_skip_dag.py
[2022-02-03 23:12:02,948] {logging_mixin.py:109} INFO - [2022-02-03 23:12:02,947] {dag.py:2396} INFO - Sync 1 DAGs
[2022-02-03 23:12:02,969] {logging_mixin.py:109} INFO - [2022-02-03 23:12:02,969] {dag.py:2935} INFO - Setting next_dagrun for example_skip_dag to 2022-02-02T23:12:02.968839+00:00
[2022-02-03 23:12:02,984] {processor.py:171} INFO - Processing /home/airflow/.local/lib/python3.7/site-packages/airflow/example_dags/example_skip_dag.py took 0.113 seconds
[2022-02-03 23:12:33,425] {processor.py:163} INFO - Started process (PID=1373) to work on /home/airflow/.local/lib/python3.7/site-packages/airflow/example_dags/example_skip_dag.py
[2022-02-03 23:12:33,428] {processor.py:642} INFO - Processing file /home/airflow/.local/lib/python3.7/site-packages/airflow/example_dags/example_skip_dag.py for tasks to queue
[2022-02-03 23:12:33,430] {logging_mixin.py:109} INFO - [2022-02-03 23:12:33,430] {dagbag.py:500} INFO - Filling up the DagBag from /home/airflow/.local/lib/python3.7/site-packages/airflow/example_dags/example_skip_dag.py
[2022-02-03 23:12:33,466] {processor.py:654} INFO - DAG(s) dict_keys(['example_skip_dag']) retrieved from /home/airflow/.local/lib/python3.7/site-packages/airflow/example_dags/example_skip_dag.py
[2022-02-03 23:12:33,493] {logging_mixin.py:109} INFO - [2022-02-03 23:12:33,493] {dag.py:2396} INFO - Sync 1 DAGs
[2022-02-03 23:12:33,531] {logging_mixin.py:109} INFO - [2022-02-03 23:12:33,531] {dag.py:2935} INFO - Setting next_dagrun for example_skip_dag to 2022-02-02T23:12:33.531194+00:00
[2022-02-03 23:12:33,546] {processor.py:171} INFO - Processing /home/airflow/.local/lib/python3.7/site-packages/airflow/example_dags/example_skip_dag.py took 0.125 seconds
[2022-02-03 23:13:04,071] {processor.py:163} INFO - Started process (PID=1427) to work on /home/airflow/.local/lib/python3.7/site-packages/airflow/example_dags/example_skip_dag.py
[2022-02-03 23:13:04,079] {processor.py:642} INFO - Processing file /home/airflow/.local/lib/python3.7/site-packages/airflow/example_dags/example_skip_dag.py for tasks to queue
[2022-02-03 23:13:04,081] {logging_mixin.py:109} INFO - [2022-02-03 23:13:04,081] {dagbag.py:500} INFO - Filling up the DagBag from /home/airflow/.local/lib/python3.7/site-packages/airflow/example_dags/example_skip_dag.py
[2022-02-03 23:13:04,163] {processor.py:654} INFO - DAG(s) dict_keys(['example_skip_dag']) retrieved from /home/airflow/.local/lib/python3.7/site-packages/airflow/example_dags/example_skip_dag.py
[2022-02-03 23:13:04,191] {logging_mixin.py:109} INFO - [2022-02-03 23:13:04,190] {dag.py:2396} INFO - Sync 1 DAGs
[2022-02-03 23:13:04,230] {logging_mixin.py:109} INFO - [2022-02-03 23:13:04,230] {dag.py:2935} INFO - Setting next_dagrun for example_skip_dag to 2022-02-02T23:13:04.229784+00:00
[2022-02-03 23:13:04,257] {processor.py:171} INFO - Processing /home/airflow/.local/lib/python3.7/site-packages/airflow/example_dags/example_skip_dag.py took 0.191 seconds
[2022-02-03 23:13:34,886] {processor.py:163} INFO - Started process (PID=1490) to work on /home/airflow/.local/lib/python3.7/site-packages/airflow/example_dags/example_skip_dag.py
[2022-02-03 23:13:34,889] {processor.py:642} INFO - Processing file /home/airflow/.local/lib/python3.7/site-packages/airflow/example_dags/example_skip_dag.py for tasks to queue
[2022-02-03 23:13:34,890] {logging_mixin.py:109} INFO - [2022-02-03 23:13:34,890] {dagbag.py:500} INFO - Filling up the DagBag from /home/airflow/.local/lib/python3.7/site-packages/airflow/example_dags/example_skip_dag.py
[2022-02-03 23:13:34,926] {processor.py:654} INFO - DAG(s) dict_keys(['example_skip_dag']) retrieved from /home/airflow/.local/lib/python3.7/site-packages/airflow/example_dags/example_skip_dag.py
[2022-02-03 23:13:34,942] {logging_mixin.py:109} INFO - [2022-02-03 23:13:34,942] {dag.py:2396} INFO - Sync 1 DAGs
[2022-02-03 23:13:34,963] {logging_mixin.py:109} INFO - [2022-02-03 23:13:34,963] {dag.py:2935} INFO - Setting next_dagrun for example_skip_dag to 2022-02-02T23:13:34.963281+00:00
[2022-02-03 23:13:34,977] {processor.py:171} INFO - Processing /home/airflow/.local/lib/python3.7/site-packages/airflow/example_dags/example_skip_dag.py took 0.095 seconds
[2022-02-03 23:15:06,752] {processor.py:163} INFO - Started process (PID=56) to work on /home/airflow/.local/lib/python3.7/site-packages/airflow/example_dags/example_skip_dag.py
[2022-02-03 23:15:06,755] {processor.py:642} INFO - Processing file /home/airflow/.local/lib/python3.7/site-packages/airflow/example_dags/example_skip_dag.py for tasks to queue
[2022-02-03 23:15:06,757] {logging_mixin.py:109} INFO - [2022-02-03 23:15:06,756] {dagbag.py:500} INFO - Filling up the DagBag from /home/airflow/.local/lib/python3.7/site-packages/airflow/example_dags/example_skip_dag.py
[2022-02-03 23:15:06,797] {processor.py:654} INFO - DAG(s) dict_keys(['example_skip_dag']) retrieved from /home/airflow/.local/lib/python3.7/site-packages/airflow/example_dags/example_skip_dag.py
[2022-02-03 23:15:06,836] {logging_mixin.py:109} INFO - [2022-02-03 23:15:06,836] {dag.py:2396} INFO - Sync 1 DAGs
[2022-02-03 23:15:06,880] {logging_mixin.py:109} INFO - [2022-02-03 23:15:06,880] {dag.py:2935} INFO - Setting next_dagrun for example_skip_dag to 2022-02-02T23:15:06.879925+00:00
[2022-02-03 23:15:06,896] {processor.py:171} INFO - Processing /home/airflow/.local/lib/python3.7/site-packages/airflow/example_dags/example_skip_dag.py took 0.150 seconds
[2022-02-03 23:30:32,372] {processor.py:163} INFO - Started process (PID=56) to work on /home/airflow/.local/lib/python3.7/site-packages/airflow/example_dags/example_skip_dag.py
[2022-02-03 23:30:32,380] {processor.py:642} INFO - Processing file /home/airflow/.local/lib/python3.7/site-packages/airflow/example_dags/example_skip_dag.py for tasks to queue
[2022-02-03 23:30:32,390] {logging_mixin.py:109} INFO - [2022-02-03 23:30:32,390] {dagbag.py:500} INFO - Filling up the DagBag from /home/airflow/.local/lib/python3.7/site-packages/airflow/example_dags/example_skip_dag.py
[2022-02-03 23:30:32,475] {processor.py:654} INFO - DAG(s) dict_keys(['example_skip_dag']) retrieved from /home/airflow/.local/lib/python3.7/site-packages/airflow/example_dags/example_skip_dag.py
[2022-02-03 23:30:32,500] {logging_mixin.py:109} INFO - [2022-02-03 23:30:32,500] {dag.py:2396} INFO - Sync 1 DAGs
[2022-02-03 23:30:32,565] {logging_mixin.py:109} INFO - [2022-02-03 23:30:32,564] {dag.py:2935} INFO - Setting next_dagrun for example_skip_dag to 2022-02-02T23:30:32.564286+00:00
[2022-02-03 23:30:32,628] {processor.py:171} INFO - Processing /home/airflow/.local/lib/python3.7/site-packages/airflow/example_dags/example_skip_dag.py took 0.261 seconds
[2022-02-03 23:31:02,912] {processor.py:163} INFO - Started process (PID=107) to work on /home/airflow/.local/lib/python3.7/site-packages/airflow/example_dags/example_skip_dag.py
[2022-02-03 23:31:02,914] {processor.py:642} INFO - Processing file /home/airflow/.local/lib/python3.7/site-packages/airflow/example_dags/example_skip_dag.py for tasks to queue
[2022-02-03 23:31:02,916] {logging_mixin.py:109} INFO - [2022-02-03 23:31:02,916] {dagbag.py:500} INFO - Filling up the DagBag from /home/airflow/.local/lib/python3.7/site-packages/airflow/example_dags/example_skip_dag.py
[2022-02-03 23:31:02,953] {processor.py:654} INFO - DAG(s) dict_keys(['example_skip_dag']) retrieved from /home/airflow/.local/lib/python3.7/site-packages/airflow/example_dags/example_skip_dag.py
[2022-02-03 23:31:02,966] {logging_mixin.py:109} INFO - [2022-02-03 23:31:02,966] {dag.py:2396} INFO - Sync 1 DAGs
[2022-02-03 23:31:02,983] {logging_mixin.py:109} INFO - [2022-02-03 23:31:02,983] {dag.py:2935} INFO - Setting next_dagrun for example_skip_dag to 2022-02-02T23:31:02.982746+00:00
[2022-02-03 23:31:02,995] {processor.py:171} INFO - Processing /home/airflow/.local/lib/python3.7/site-packages/airflow/example_dags/example_skip_dag.py took 0.086 seconds
[2022-02-03 23:31:33,660] {processor.py:163} INFO - Started process (PID=164) to work on /home/airflow/.local/lib/python3.7/site-packages/airflow/example_dags/example_skip_dag.py
[2022-02-03 23:31:33,663] {processor.py:642} INFO - Processing file /home/airflow/.local/lib/python3.7/site-packages/airflow/example_dags/example_skip_dag.py for tasks to queue
[2022-02-03 23:31:33,665] {logging_mixin.py:109} INFO - [2022-02-03 23:31:33,665] {dagbag.py:500} INFO - Filling up the DagBag from /home/airflow/.local/lib/python3.7/site-packages/airflow/example_dags/example_skip_dag.py
[2022-02-03 23:31:33,735] {processor.py:654} INFO - DAG(s) dict_keys(['example_skip_dag']) retrieved from /home/airflow/.local/lib/python3.7/site-packages/airflow/example_dags/example_skip_dag.py
[2022-02-03 23:31:33,753] {logging_mixin.py:109} INFO - [2022-02-03 23:31:33,753] {dag.py:2396} INFO - Sync 1 DAGs
[2022-02-03 23:31:33,772] {logging_mixin.py:109} INFO - [2022-02-03 23:31:33,772] {dag.py:2935} INFO - Setting next_dagrun for example_skip_dag to 2022-02-02T23:31:33.771973+00:00
[2022-02-03 23:31:33,808] {processor.py:171} INFO - Processing /home/airflow/.local/lib/python3.7/site-packages/airflow/example_dags/example_skip_dag.py took 0.156 seconds
[2022-02-03 23:32:04,241] {processor.py:163} INFO - Started process (PID=228) to work on /home/airflow/.local/lib/python3.7/site-packages/airflow/example_dags/example_skip_dag.py
[2022-02-03 23:32:04,243] {processor.py:642} INFO - Processing file /home/airflow/.local/lib/python3.7/site-packages/airflow/example_dags/example_skip_dag.py for tasks to queue
[2022-02-03 23:32:04,244] {logging_mixin.py:109} INFO - [2022-02-03 23:32:04,244] {dagbag.py:500} INFO - Filling up the DagBag from /home/airflow/.local/lib/python3.7/site-packages/airflow/example_dags/example_skip_dag.py
[2022-02-03 23:32:04,279] {processor.py:654} INFO - DAG(s) dict_keys(['example_skip_dag']) retrieved from /home/airflow/.local/lib/python3.7/site-packages/airflow/example_dags/example_skip_dag.py
[2022-02-03 23:32:04,304] {logging_mixin.py:109} INFO - [2022-02-03 23:32:04,303] {dag.py:2396} INFO - Sync 1 DAGs
[2022-02-03 23:32:04,333] {logging_mixin.py:109} INFO - [2022-02-03 23:32:04,333] {dag.py:2935} INFO - Setting next_dagrun for example_skip_dag to 2022-02-02T23:32:04.333065+00:00
[2022-02-03 23:32:04,351] {processor.py:171} INFO - Processing /home/airflow/.local/lib/python3.7/site-packages/airflow/example_dags/example_skip_dag.py took 0.115 seconds
[2022-02-03 23:32:35,230] {processor.py:163} INFO - Started process (PID=281) to work on /home/airflow/.local/lib/python3.7/site-packages/airflow/example_dags/example_skip_dag.py
[2022-02-03 23:32:35,232] {processor.py:642} INFO - Processing file /home/airflow/.local/lib/python3.7/site-packages/airflow/example_dags/example_skip_dag.py for tasks to queue
[2022-02-03 23:32:35,233] {logging_mixin.py:109} INFO - [2022-02-03 23:32:35,233] {dagbag.py:500} INFO - Filling up the DagBag from /home/airflow/.local/lib/python3.7/site-packages/airflow/example_dags/example_skip_dag.py
[2022-02-03 23:32:35,271] {processor.py:654} INFO - DAG(s) dict_keys(['example_skip_dag']) retrieved from /home/airflow/.local/lib/python3.7/site-packages/airflow/example_dags/example_skip_dag.py
[2022-02-03 23:32:35,291] {logging_mixin.py:109} INFO - [2022-02-03 23:32:35,291] {dag.py:2396} INFO - Sync 1 DAGs
[2022-02-03 23:32:35,314] {logging_mixin.py:109} INFO - [2022-02-03 23:32:35,314] {dag.py:2935} INFO - Setting next_dagrun for example_skip_dag to 2022-02-02T23:32:35.314250+00:00
[2022-02-03 23:32:35,328] {processor.py:171} INFO - Processing /home/airflow/.local/lib/python3.7/site-packages/airflow/example_dags/example_skip_dag.py took 0.101 seconds
[2022-02-03 23:33:06,659] {processor.py:163} INFO - Started process (PID=344) to work on /home/airflow/.local/lib/python3.7/site-packages/airflow/example_dags/example_skip_dag.py
[2022-02-03 23:33:06,665] {processor.py:642} INFO - Processing file /home/airflow/.local/lib/python3.7/site-packages/airflow/example_dags/example_skip_dag.py for tasks to queue
[2022-02-03 23:33:06,667] {logging_mixin.py:109} INFO - [2022-02-03 23:33:06,667] {dagbag.py:500} INFO - Filling up the DagBag from /home/airflow/.local/lib/python3.7/site-packages/airflow/example_dags/example_skip_dag.py
[2022-02-03 23:33:06,809] {processor.py:654} INFO - DAG(s) dict_keys(['example_skip_dag']) retrieved from /home/airflow/.local/lib/python3.7/site-packages/airflow/example_dags/example_skip_dag.py
[2022-02-03 23:33:06,851] {logging_mixin.py:109} INFO - [2022-02-03 23:33:06,851] {dag.py:2396} INFO - Sync 1 DAGs
[2022-02-03 23:33:06,892] {logging_mixin.py:109} INFO - [2022-02-03 23:33:06,892] {dag.py:2935} INFO - Setting next_dagrun for example_skip_dag to 2022-02-02T23:33:06.891791+00:00
[2022-02-03 23:33:06,913] {processor.py:171} INFO - Processing /home/airflow/.local/lib/python3.7/site-packages/airflow/example_dags/example_skip_dag.py took 0.260 seconds
[2022-02-03 23:33:37,295] {processor.py:163} INFO - Started process (PID=399) to work on /home/airflow/.local/lib/python3.7/site-packages/airflow/example_dags/example_skip_dag.py
[2022-02-03 23:33:37,299] {processor.py:642} INFO - Processing file /home/airflow/.local/lib/python3.7/site-packages/airflow/example_dags/example_skip_dag.py for tasks to queue
[2022-02-03 23:33:37,300] {logging_mixin.py:109} INFO - [2022-02-03 23:33:37,300] {dagbag.py:500} INFO - Filling up the DagBag from /home/airflow/.local/lib/python3.7/site-packages/airflow/example_dags/example_skip_dag.py
[2022-02-03 23:33:37,334] {processor.py:654} INFO - DAG(s) dict_keys(['example_skip_dag']) retrieved from /home/airflow/.local/lib/python3.7/site-packages/airflow/example_dags/example_skip_dag.py
[2022-02-03 23:33:37,349] {logging_mixin.py:109} INFO - [2022-02-03 23:33:37,349] {dag.py:2396} INFO - Sync 1 DAGs
[2022-02-03 23:33:37,368] {logging_mixin.py:109} INFO - [2022-02-03 23:33:37,368] {dag.py:2935} INFO - Setting next_dagrun for example_skip_dag to 2022-02-02T23:33:37.368187+00:00
[2022-02-03 23:33:37,390] {processor.py:171} INFO - Processing /home/airflow/.local/lib/python3.7/site-packages/airflow/example_dags/example_skip_dag.py took 0.101 seconds
[2022-02-03 23:34:07,908] {processor.py:163} INFO - Started process (PID=450) to work on /home/airflow/.local/lib/python3.7/site-packages/airflow/example_dags/example_skip_dag.py
[2022-02-03 23:34:07,913] {processor.py:642} INFO - Processing file /home/airflow/.local/lib/python3.7/site-packages/airflow/example_dags/example_skip_dag.py for tasks to queue
[2022-02-03 23:34:07,915] {logging_mixin.py:109} INFO - [2022-02-03 23:34:07,915] {dagbag.py:500} INFO - Filling up the DagBag from /home/airflow/.local/lib/python3.7/site-packages/airflow/example_dags/example_skip_dag.py
[2022-02-03 23:34:07,958] {processor.py:654} INFO - DAG(s) dict_keys(['example_skip_dag']) retrieved from /home/airflow/.local/lib/python3.7/site-packages/airflow/example_dags/example_skip_dag.py
[2022-02-03 23:34:07,999] {logging_mixin.py:109} INFO - [2022-02-03 23:34:07,998] {dag.py:2396} INFO - Sync 1 DAGs
[2022-02-03 23:34:08,032] {logging_mixin.py:109} INFO - [2022-02-03 23:34:08,031] {dag.py:2935} INFO - Setting next_dagrun for example_skip_dag to 2022-02-02T23:34:08.030991+00:00
[2022-02-03 23:34:08,072] {processor.py:171} INFO - Processing /home/airflow/.local/lib/python3.7/site-packages/airflow/example_dags/example_skip_dag.py took 0.169 seconds
[2022-02-03 23:34:39,294] {processor.py:163} INFO - Started process (PID=516) to work on /home/airflow/.local/lib/python3.7/site-packages/airflow/example_dags/example_skip_dag.py
[2022-02-03 23:34:39,297] {processor.py:642} INFO - Processing file /home/airflow/.local/lib/python3.7/site-packages/airflow/example_dags/example_skip_dag.py for tasks to queue
[2022-02-03 23:34:39,299] {logging_mixin.py:109} INFO - [2022-02-03 23:34:39,299] {dagbag.py:500} INFO - Filling up the DagBag from /home/airflow/.local/lib/python3.7/site-packages/airflow/example_dags/example_skip_dag.py
[2022-02-03 23:34:39,346] {processor.py:654} INFO - DAG(s) dict_keys(['example_skip_dag']) retrieved from /home/airflow/.local/lib/python3.7/site-packages/airflow/example_dags/example_skip_dag.py
[2022-02-03 23:34:39,362] {logging_mixin.py:109} INFO - [2022-02-03 23:34:39,361] {dag.py:2396} INFO - Sync 1 DAGs
[2022-02-03 23:34:39,386] {logging_mixin.py:109} INFO - [2022-02-03 23:34:39,386] {dag.py:2935} INFO - Setting next_dagrun for example_skip_dag to 2022-02-02T23:34:39.385603+00:00
[2022-02-03 23:34:39,401] {processor.py:171} INFO - Processing /home/airflow/.local/lib/python3.7/site-packages/airflow/example_dags/example_skip_dag.py took 0.113 seconds
[2022-02-03 23:35:09,736] {processor.py:163} INFO - Started process (PID=569) to work on /home/airflow/.local/lib/python3.7/site-packages/airflow/example_dags/example_skip_dag.py
[2022-02-03 23:35:09,739] {processor.py:642} INFO - Processing file /home/airflow/.local/lib/python3.7/site-packages/airflow/example_dags/example_skip_dag.py for tasks to queue
[2022-02-03 23:35:09,740] {logging_mixin.py:109} INFO - [2022-02-03 23:35:09,740] {dagbag.py:500} INFO - Filling up the DagBag from /home/airflow/.local/lib/python3.7/site-packages/airflow/example_dags/example_skip_dag.py
[2022-02-03 23:35:09,803] {processor.py:654} INFO - DAG(s) dict_keys(['example_skip_dag']) retrieved from /home/airflow/.local/lib/python3.7/site-packages/airflow/example_dags/example_skip_dag.py
[2022-02-03 23:35:09,819] {logging_mixin.py:109} INFO - [2022-02-03 23:35:09,819] {dag.py:2396} INFO - Sync 1 DAGs
[2022-02-03 23:35:09,876] {logging_mixin.py:109} INFO - [2022-02-03 23:35:09,876] {dag.py:2935} INFO - Setting next_dagrun for example_skip_dag to 2022-02-02T23:35:09.876096+00:00
[2022-02-03 23:35:09,896] {processor.py:171} INFO - Processing /home/airflow/.local/lib/python3.7/site-packages/airflow/example_dags/example_skip_dag.py took 0.164 seconds
[2022-02-03 23:35:40,996] {processor.py:163} INFO - Started process (PID=622) to work on /home/airflow/.local/lib/python3.7/site-packages/airflow/example_dags/example_skip_dag.py
[2022-02-03 23:35:40,999] {processor.py:642} INFO - Processing file /home/airflow/.local/lib/python3.7/site-packages/airflow/example_dags/example_skip_dag.py for tasks to queue
[2022-02-03 23:35:41,000] {logging_mixin.py:109} INFO - [2022-02-03 23:35:41,000] {dagbag.py:500} INFO - Filling up the DagBag from /home/airflow/.local/lib/python3.7/site-packages/airflow/example_dags/example_skip_dag.py
[2022-02-03 23:35:41,043] {processor.py:654} INFO - DAG(s) dict_keys(['example_skip_dag']) retrieved from /home/airflow/.local/lib/python3.7/site-packages/airflow/example_dags/example_skip_dag.py
[2022-02-03 23:35:41,059] {logging_mixin.py:109} INFO - [2022-02-03 23:35:41,059] {dag.py:2396} INFO - Sync 1 DAGs
[2022-02-03 23:35:41,081] {logging_mixin.py:109} INFO - [2022-02-03 23:35:41,081] {dag.py:2935} INFO - Setting next_dagrun for example_skip_dag to 2022-02-02T23:35:41.081557+00:00
[2022-02-03 23:35:41,098] {processor.py:171} INFO - Processing /home/airflow/.local/lib/python3.7/site-packages/airflow/example_dags/example_skip_dag.py took 0.107 seconds
[2022-02-03 23:36:11,911] {processor.py:163} INFO - Started process (PID=679) to work on /home/airflow/.local/lib/python3.7/site-packages/airflow/example_dags/example_skip_dag.py
[2022-02-03 23:36:11,914] {processor.py:642} INFO - Processing file /home/airflow/.local/lib/python3.7/site-packages/airflow/example_dags/example_skip_dag.py for tasks to queue
[2022-02-03 23:36:11,916] {logging_mixin.py:109} INFO - [2022-02-03 23:36:11,916] {dagbag.py:500} INFO - Filling up the DagBag from /home/airflow/.local/lib/python3.7/site-packages/airflow/example_dags/example_skip_dag.py
[2022-02-03 23:36:11,974] {processor.py:654} INFO - DAG(s) dict_keys(['example_skip_dag']) retrieved from /home/airflow/.local/lib/python3.7/site-packages/airflow/example_dags/example_skip_dag.py
[2022-02-03 23:36:12,000] {logging_mixin.py:109} INFO - [2022-02-03 23:36:11,999] {dag.py:2396} INFO - Sync 1 DAGs
[2022-02-03 23:36:12,034] {logging_mixin.py:109} INFO - [2022-02-03 23:36:12,034] {dag.py:2935} INFO - Setting next_dagrun for example_skip_dag to 2022-02-02T23:36:12.034493+00:00
[2022-02-03 23:36:12,051] {processor.py:171} INFO - Processing /home/airflow/.local/lib/python3.7/site-packages/airflow/example_dags/example_skip_dag.py took 0.143 seconds
[2022-02-03 23:36:42,249] {processor.py:163} INFO - Started process (PID=741) to work on /home/airflow/.local/lib/python3.7/site-packages/airflow/example_dags/example_skip_dag.py
[2022-02-03 23:36:42,251] {processor.py:642} INFO - Processing file /home/airflow/.local/lib/python3.7/site-packages/airflow/example_dags/example_skip_dag.py for tasks to queue
[2022-02-03 23:36:42,253] {logging_mixin.py:109} INFO - [2022-02-03 23:36:42,252] {dagbag.py:500} INFO - Filling up the DagBag from /home/airflow/.local/lib/python3.7/site-packages/airflow/example_dags/example_skip_dag.py
[2022-02-03 23:36:42,283] {processor.py:654} INFO - DAG(s) dict_keys(['example_skip_dag']) retrieved from /home/airflow/.local/lib/python3.7/site-packages/airflow/example_dags/example_skip_dag.py
[2022-02-03 23:36:42,295] {logging_mixin.py:109} INFO - [2022-02-03 23:36:42,295] {dag.py:2396} INFO - Sync 1 DAGs
[2022-02-03 23:36:42,313] {logging_mixin.py:109} INFO - [2022-02-03 23:36:42,313] {dag.py:2935} INFO - Setting next_dagrun for example_skip_dag to 2022-02-02T23:36:42.313022+00:00
[2022-02-03 23:36:42,323] {processor.py:171} INFO - Processing /home/airflow/.local/lib/python3.7/site-packages/airflow/example_dags/example_skip_dag.py took 0.078 seconds
[2022-02-03 23:37:12,710] {processor.py:163} INFO - Started process (PID=794) to work on /home/airflow/.local/lib/python3.7/site-packages/airflow/example_dags/example_skip_dag.py
[2022-02-03 23:37:12,712] {processor.py:642} INFO - Processing file /home/airflow/.local/lib/python3.7/site-packages/airflow/example_dags/example_skip_dag.py for tasks to queue
[2022-02-03 23:37:12,713] {logging_mixin.py:109} INFO - [2022-02-03 23:37:12,713] {dagbag.py:500} INFO - Filling up the DagBag from /home/airflow/.local/lib/python3.7/site-packages/airflow/example_dags/example_skip_dag.py
[2022-02-03 23:37:12,743] {processor.py:654} INFO - DAG(s) dict_keys(['example_skip_dag']) retrieved from /home/airflow/.local/lib/python3.7/site-packages/airflow/example_dags/example_skip_dag.py
[2022-02-03 23:37:12,761] {logging_mixin.py:109} INFO - [2022-02-03 23:37:12,761] {dag.py:2396} INFO - Sync 1 DAGs
[2022-02-03 23:37:12,791] {logging_mixin.py:109} INFO - [2022-02-03 23:37:12,791] {dag.py:2935} INFO - Setting next_dagrun for example_skip_dag to 2022-02-02T23:37:12.790350+00:00
[2022-02-03 23:37:12,807] {processor.py:171} INFO - Processing /home/airflow/.local/lib/python3.7/site-packages/airflow/example_dags/example_skip_dag.py took 0.100 seconds
[2022-02-03 23:37:43,320] {processor.py:163} INFO - Started process (PID=849) to work on /home/airflow/.local/lib/python3.7/site-packages/airflow/example_dags/example_skip_dag.py
[2022-02-03 23:37:43,322] {processor.py:642} INFO - Processing file /home/airflow/.local/lib/python3.7/site-packages/airflow/example_dags/example_skip_dag.py for tasks to queue
[2022-02-03 23:37:43,324] {logging_mixin.py:109} INFO - [2022-02-03 23:37:43,324] {dagbag.py:500} INFO - Filling up the DagBag from /home/airflow/.local/lib/python3.7/site-packages/airflow/example_dags/example_skip_dag.py
[2022-02-03 23:37:43,374] {processor.py:654} INFO - DAG(s) dict_keys(['example_skip_dag']) retrieved from /home/airflow/.local/lib/python3.7/site-packages/airflow/example_dags/example_skip_dag.py
[2022-02-03 23:37:43,395] {logging_mixin.py:109} INFO - [2022-02-03 23:37:43,394] {dag.py:2396} INFO - Sync 1 DAGs
[2022-02-03 23:37:43,418] {logging_mixin.py:109} INFO - [2022-02-03 23:37:43,418] {dag.py:2935} INFO - Setting next_dagrun for example_skip_dag to 2022-02-02T23:37:43.417627+00:00
[2022-02-03 23:37:43,429] {processor.py:171} INFO - Processing /home/airflow/.local/lib/python3.7/site-packages/airflow/example_dags/example_skip_dag.py took 0.113 seconds
[2022-02-03 23:38:13,928] {processor.py:163} INFO - Started process (PID=911) to work on /home/airflow/.local/lib/python3.7/site-packages/airflow/example_dags/example_skip_dag.py
[2022-02-03 23:38:13,933] {processor.py:642} INFO - Processing file /home/airflow/.local/lib/python3.7/site-packages/airflow/example_dags/example_skip_dag.py for tasks to queue
[2022-02-03 23:38:13,935] {logging_mixin.py:109} INFO - [2022-02-03 23:38:13,935] {dagbag.py:500} INFO - Filling up the DagBag from /home/airflow/.local/lib/python3.7/site-packages/airflow/example_dags/example_skip_dag.py
[2022-02-03 23:38:13,993] {processor.py:654} INFO - DAG(s) dict_keys(['example_skip_dag']) retrieved from /home/airflow/.local/lib/python3.7/site-packages/airflow/example_dags/example_skip_dag.py
[2022-02-03 23:38:14,022] {logging_mixin.py:109} INFO - [2022-02-03 23:38:14,022] {dag.py:2396} INFO - Sync 1 DAGs
[2022-02-03 23:38:14,065] {logging_mixin.py:109} INFO - [2022-02-03 23:38:14,065] {dag.py:2935} INFO - Setting next_dagrun for example_skip_dag to 2022-02-02T23:38:14.064643+00:00
[2022-02-03 23:38:14,087] {processor.py:171} INFO - Processing /home/airflow/.local/lib/python3.7/site-packages/airflow/example_dags/example_skip_dag.py took 0.164 seconds
[2022-02-03 23:38:44,215] {processor.py:163} INFO - Started process (PID=965) to work on /home/airflow/.local/lib/python3.7/site-packages/airflow/example_dags/example_skip_dag.py
[2022-02-03 23:38:44,217] {processor.py:642} INFO - Processing file /home/airflow/.local/lib/python3.7/site-packages/airflow/example_dags/example_skip_dag.py for tasks to queue
[2022-02-03 23:38:44,219] {logging_mixin.py:109} INFO - [2022-02-03 23:38:44,219] {dagbag.py:500} INFO - Filling up the DagBag from /home/airflow/.local/lib/python3.7/site-packages/airflow/example_dags/example_skip_dag.py
[2022-02-03 23:38:44,255] {processor.py:654} INFO - DAG(s) dict_keys(['example_skip_dag']) retrieved from /home/airflow/.local/lib/python3.7/site-packages/airflow/example_dags/example_skip_dag.py
[2022-02-03 23:38:44,305] {logging_mixin.py:109} INFO - [2022-02-03 23:38:44,305] {dag.py:2396} INFO - Sync 1 DAGs
[2022-02-03 23:38:44,344] {logging_mixin.py:109} INFO - [2022-02-03 23:38:44,344] {dag.py:2935} INFO - Setting next_dagrun for example_skip_dag to 2022-02-02T23:38:44.343552+00:00
[2022-02-03 23:38:44,372] {processor.py:171} INFO - Processing /home/airflow/.local/lib/python3.7/site-packages/airflow/example_dags/example_skip_dag.py took 0.161 seconds
[2022-02-03 23:39:14,730] {processor.py:163} INFO - Started process (PID=1019) to work on /home/airflow/.local/lib/python3.7/site-packages/airflow/example_dags/example_skip_dag.py
[2022-02-03 23:39:14,733] {processor.py:642} INFO - Processing file /home/airflow/.local/lib/python3.7/site-packages/airflow/example_dags/example_skip_dag.py for tasks to queue
[2022-02-03 23:39:14,736] {logging_mixin.py:109} INFO - [2022-02-03 23:39:14,735] {dagbag.py:500} INFO - Filling up the DagBag from /home/airflow/.local/lib/python3.7/site-packages/airflow/example_dags/example_skip_dag.py
[2022-02-03 23:39:14,846] {processor.py:654} INFO - DAG(s) dict_keys(['example_skip_dag']) retrieved from /home/airflow/.local/lib/python3.7/site-packages/airflow/example_dags/example_skip_dag.py
[2022-02-03 23:39:14,887] {logging_mixin.py:109} INFO - [2022-02-03 23:39:14,887] {dag.py:2396} INFO - Sync 1 DAGs
[2022-02-03 23:39:14,915] {logging_mixin.py:109} INFO - [2022-02-03 23:39:14,915] {dag.py:2935} INFO - Setting next_dagrun for example_skip_dag to 2022-02-02T23:39:14.915023+00:00
[2022-02-03 23:39:14,936] {processor.py:171} INFO - Processing /home/airflow/.local/lib/python3.7/site-packages/airflow/example_dags/example_skip_dag.py took 0.210 seconds
[2022-02-03 23:39:45,125] {processor.py:163} INFO - Started process (PID=1081) to work on /home/airflow/.local/lib/python3.7/site-packages/airflow/example_dags/example_skip_dag.py
[2022-02-03 23:39:45,126] {processor.py:642} INFO - Processing file /home/airflow/.local/lib/python3.7/site-packages/airflow/example_dags/example_skip_dag.py for tasks to queue
[2022-02-03 23:39:45,128] {logging_mixin.py:109} INFO - [2022-02-03 23:39:45,128] {dagbag.py:500} INFO - Filling up the DagBag from /home/airflow/.local/lib/python3.7/site-packages/airflow/example_dags/example_skip_dag.py
[2022-02-03 23:39:45,163] {processor.py:654} INFO - DAG(s) dict_keys(['example_skip_dag']) retrieved from /home/airflow/.local/lib/python3.7/site-packages/airflow/example_dags/example_skip_dag.py
[2022-02-03 23:39:45,179] {logging_mixin.py:109} INFO - [2022-02-03 23:39:45,179] {dag.py:2396} INFO - Sync 1 DAGs
[2022-02-03 23:39:45,198] {logging_mixin.py:109} INFO - [2022-02-03 23:39:45,198] {dag.py:2935} INFO - Setting next_dagrun for example_skip_dag to 2022-02-02T23:39:45.198475+00:00
[2022-02-03 23:39:45,212] {processor.py:171} INFO - Processing /home/airflow/.local/lib/python3.7/site-packages/airflow/example_dags/example_skip_dag.py took 0.091 seconds
[2022-02-03 23:40:15,800] {processor.py:163} INFO - Started process (PID=1136) to work on /home/airflow/.local/lib/python3.7/site-packages/airflow/example_dags/example_skip_dag.py
[2022-02-03 23:40:15,802] {processor.py:642} INFO - Processing file /home/airflow/.local/lib/python3.7/site-packages/airflow/example_dags/example_skip_dag.py for tasks to queue
[2022-02-03 23:40:15,806] {logging_mixin.py:109} INFO - [2022-02-03 23:40:15,806] {dagbag.py:500} INFO - Filling up the DagBag from /home/airflow/.local/lib/python3.7/site-packages/airflow/example_dags/example_skip_dag.py
[2022-02-03 23:40:15,857] {processor.py:654} INFO - DAG(s) dict_keys(['example_skip_dag']) retrieved from /home/airflow/.local/lib/python3.7/site-packages/airflow/example_dags/example_skip_dag.py
[2022-02-03 23:40:15,878] {logging_mixin.py:109} INFO - [2022-02-03 23:40:15,878] {dag.py:2396} INFO - Sync 1 DAGs
[2022-02-03 23:40:15,913] {logging_mixin.py:109} INFO - [2022-02-03 23:40:15,913] {dag.py:2935} INFO - Setting next_dagrun for example_skip_dag to 2022-02-02T23:40:15.913404+00:00
[2022-02-03 23:40:15,935] {processor.py:171} INFO - Processing /home/airflow/.local/lib/python3.7/site-packages/airflow/example_dags/example_skip_dag.py took 0.141 seconds
[2022-02-03 23:40:46,903] {processor.py:163} INFO - Started process (PID=1189) to work on /home/airflow/.local/lib/python3.7/site-packages/airflow/example_dags/example_skip_dag.py
[2022-02-03 23:40:46,908] {processor.py:642} INFO - Processing file /home/airflow/.local/lib/python3.7/site-packages/airflow/example_dags/example_skip_dag.py for tasks to queue
[2022-02-03 23:40:46,912] {logging_mixin.py:109} INFO - [2022-02-03 23:40:46,911] {dagbag.py:500} INFO - Filling up the DagBag from /home/airflow/.local/lib/python3.7/site-packages/airflow/example_dags/example_skip_dag.py
[2022-02-03 23:40:46,973] {processor.py:654} INFO - DAG(s) dict_keys(['example_skip_dag']) retrieved from /home/airflow/.local/lib/python3.7/site-packages/airflow/example_dags/example_skip_dag.py
[2022-02-03 23:40:47,003] {logging_mixin.py:109} INFO - [2022-02-03 23:40:47,003] {dag.py:2396} INFO - Sync 1 DAGs
[2022-02-03 23:40:47,053] {logging_mixin.py:109} INFO - [2022-02-03 23:40:47,053] {dag.py:2935} INFO - Setting next_dagrun for example_skip_dag to 2022-02-02T23:40:47.052395+00:00
[2022-02-03 23:40:47,076] {processor.py:171} INFO - Processing /home/airflow/.local/lib/python3.7/site-packages/airflow/example_dags/example_skip_dag.py took 0.178 seconds
