[2022-02-03 23:02:21,585] {processor.py:163} INFO - Started process (PID=145) to work on /home/airflow/.local/lib/python3.7/site-packages/airflow/example_dags/example_task_group.py
[2022-02-03 23:02:21,587] {processor.py:642} INFO - Processing file /home/airflow/.local/lib/python3.7/site-packages/airflow/example_dags/example_task_group.py for tasks to queue
[2022-02-03 23:02:21,589] {logging_mixin.py:109} INFO - [2022-02-03 23:02:21,589] {dagbag.py:500} INFO - Filling up the DagBag from /home/airflow/.local/lib/python3.7/site-packages/airflow/example_dags/example_task_group.py
[2022-02-03 23:02:21,629] {processor.py:654} INFO - DAG(s) dict_keys(['example_task_group']) retrieved from /home/airflow/.local/lib/python3.7/site-packages/airflow/example_dags/example_task_group.py
[2022-02-03 23:02:23,588] {logging_mixin.py:109} INFO - [2022-02-03 23:02:23,588] {manager.py:496} INFO - Created Permission View: can read on DAG:example_task_group
[2022-02-03 23:02:23,598] {logging_mixin.py:109} INFO - [2022-02-03 23:02:23,598] {manager.py:496} INFO - Created Permission View: can edit on DAG:example_task_group
[2022-02-03 23:02:23,599] {logging_mixin.py:109} INFO - [2022-02-03 23:02:23,599] {dag.py:2396} INFO - Sync 1 DAGs
[2022-02-03 23:02:23,609] {logging_mixin.py:109} INFO - [2022-02-03 23:02:23,609] {dag.py:2415} INFO - Creating ORM DAG for example_task_group
[2022-02-03 23:02:23,618] {logging_mixin.py:109} INFO - [2022-02-03 23:02:23,618] {dag.py:2935} INFO - Setting next_dagrun for example_task_group to 2022-02-02T23:02:23.618422+00:00
[2022-02-03 23:02:23,633] {processor.py:171} INFO - Processing /home/airflow/.local/lib/python3.7/site-packages/airflow/example_dags/example_task_group.py took 2.053 seconds
[2022-02-03 23:02:54,300] {processor.py:163} INFO - Started process (PID=262) to work on /home/airflow/.local/lib/python3.7/site-packages/airflow/example_dags/example_task_group.py
[2022-02-03 23:02:54,302] {processor.py:642} INFO - Processing file /home/airflow/.local/lib/python3.7/site-packages/airflow/example_dags/example_task_group.py for tasks to queue
[2022-02-03 23:02:54,303] {logging_mixin.py:109} INFO - [2022-02-03 23:02:54,303] {dagbag.py:500} INFO - Filling up the DagBag from /home/airflow/.local/lib/python3.7/site-packages/airflow/example_dags/example_task_group.py
[2022-02-03 23:02:54,348] {processor.py:654} INFO - DAG(s) dict_keys(['example_task_group']) retrieved from /home/airflow/.local/lib/python3.7/site-packages/airflow/example_dags/example_task_group.py
[2022-02-03 23:02:54,365] {logging_mixin.py:109} INFO - [2022-02-03 23:02:54,365] {dag.py:2396} INFO - Sync 1 DAGs
[2022-02-03 23:02:54,413] {logging_mixin.py:109} INFO - [2022-02-03 23:02:54,413] {dag.py:2935} INFO - Setting next_dagrun for example_task_group to 2022-02-02T23:02:54.412623+00:00
[2022-02-03 23:02:54,432] {processor.py:171} INFO - Processing /home/airflow/.local/lib/python3.7/site-packages/airflow/example_dags/example_task_group.py took 0.137 seconds
[2022-02-03 23:03:24,706] {processor.py:163} INFO - Started process (PID=315) to work on /home/airflow/.local/lib/python3.7/site-packages/airflow/example_dags/example_task_group.py
[2022-02-03 23:03:24,709] {processor.py:642} INFO - Processing file /home/airflow/.local/lib/python3.7/site-packages/airflow/example_dags/example_task_group.py for tasks to queue
[2022-02-03 23:03:24,711] {logging_mixin.py:109} INFO - [2022-02-03 23:03:24,710] {dagbag.py:500} INFO - Filling up the DagBag from /home/airflow/.local/lib/python3.7/site-packages/airflow/example_dags/example_task_group.py
[2022-02-03 23:03:24,752] {processor.py:654} INFO - DAG(s) dict_keys(['example_task_group']) retrieved from /home/airflow/.local/lib/python3.7/site-packages/airflow/example_dags/example_task_group.py
[2022-02-03 23:03:24,770] {logging_mixin.py:109} INFO - [2022-02-03 23:03:24,769] {dag.py:2396} INFO - Sync 1 DAGs
[2022-02-03 23:03:24,789] {logging_mixin.py:109} INFO - [2022-02-03 23:03:24,789] {dag.py:2935} INFO - Setting next_dagrun for example_task_group to 2022-02-02T23:03:24.788509+00:00
[2022-02-03 23:03:24,801] {processor.py:171} INFO - Processing /home/airflow/.local/lib/python3.7/site-packages/airflow/example_dags/example_task_group.py took 0.100 seconds
[2022-02-03 23:03:54,941] {processor.py:163} INFO - Started process (PID=368) to work on /home/airflow/.local/lib/python3.7/site-packages/airflow/example_dags/example_task_group.py
[2022-02-03 23:03:54,944] {processor.py:642} INFO - Processing file /home/airflow/.local/lib/python3.7/site-packages/airflow/example_dags/example_task_group.py for tasks to queue
[2022-02-03 23:03:54,945] {logging_mixin.py:109} INFO - [2022-02-03 23:03:54,945] {dagbag.py:500} INFO - Filling up the DagBag from /home/airflow/.local/lib/python3.7/site-packages/airflow/example_dags/example_task_group.py
[2022-02-03 23:03:54,981] {processor.py:654} INFO - DAG(s) dict_keys(['example_task_group']) retrieved from /home/airflow/.local/lib/python3.7/site-packages/airflow/example_dags/example_task_group.py
[2022-02-03 23:03:54,994] {logging_mixin.py:109} INFO - [2022-02-03 23:03:54,993] {dag.py:2396} INFO - Sync 1 DAGs
[2022-02-03 23:03:55,011] {logging_mixin.py:109} INFO - [2022-02-03 23:03:55,011] {dag.py:2935} INFO - Setting next_dagrun for example_task_group to 2022-02-02T23:03:55.010724+00:00
[2022-02-03 23:03:55,022] {processor.py:171} INFO - Processing /home/airflow/.local/lib/python3.7/site-packages/airflow/example_dags/example_task_group.py took 0.085 seconds
[2022-02-03 23:04:25,904] {processor.py:163} INFO - Started process (PID=437) to work on /home/airflow/.local/lib/python3.7/site-packages/airflow/example_dags/example_task_group.py
[2022-02-03 23:04:25,907] {processor.py:642} INFO - Processing file /home/airflow/.local/lib/python3.7/site-packages/airflow/example_dags/example_task_group.py for tasks to queue
[2022-02-03 23:04:25,908] {logging_mixin.py:109} INFO - [2022-02-03 23:04:25,908] {dagbag.py:500} INFO - Filling up the DagBag from /home/airflow/.local/lib/python3.7/site-packages/airflow/example_dags/example_task_group.py
[2022-02-03 23:04:25,942] {processor.py:654} INFO - DAG(s) dict_keys(['example_task_group']) retrieved from /home/airflow/.local/lib/python3.7/site-packages/airflow/example_dags/example_task_group.py
[2022-02-03 23:04:25,956] {logging_mixin.py:109} INFO - [2022-02-03 23:04:25,955] {dag.py:2396} INFO - Sync 1 DAGs
[2022-02-03 23:04:25,973] {logging_mixin.py:109} INFO - [2022-02-03 23:04:25,973] {dag.py:2935} INFO - Setting next_dagrun for example_task_group to 2022-02-02T23:04:25.973437+00:00
[2022-02-03 23:04:25,985] {processor.py:171} INFO - Processing /home/airflow/.local/lib/python3.7/site-packages/airflow/example_dags/example_task_group.py took 0.085 seconds
[2022-02-03 23:04:56,263] {processor.py:163} INFO - Started process (PID=490) to work on /home/airflow/.local/lib/python3.7/site-packages/airflow/example_dags/example_task_group.py
[2022-02-03 23:04:56,265] {processor.py:642} INFO - Processing file /home/airflow/.local/lib/python3.7/site-packages/airflow/example_dags/example_task_group.py for tasks to queue
[2022-02-03 23:04:56,267] {logging_mixin.py:109} INFO - [2022-02-03 23:04:56,267] {dagbag.py:500} INFO - Filling up the DagBag from /home/airflow/.local/lib/python3.7/site-packages/airflow/example_dags/example_task_group.py
[2022-02-03 23:04:56,304] {processor.py:654} INFO - DAG(s) dict_keys(['example_task_group']) retrieved from /home/airflow/.local/lib/python3.7/site-packages/airflow/example_dags/example_task_group.py
[2022-02-03 23:04:56,322] {logging_mixin.py:109} INFO - [2022-02-03 23:04:56,322] {dag.py:2396} INFO - Sync 1 DAGs
[2022-02-03 23:04:56,343] {logging_mixin.py:109} INFO - [2022-02-03 23:04:56,343] {dag.py:2935} INFO - Setting next_dagrun for example_task_group to 2022-02-02T23:04:56.342798+00:00
[2022-02-03 23:04:56,357] {processor.py:171} INFO - Processing /home/airflow/.local/lib/python3.7/site-packages/airflow/example_dags/example_task_group.py took 0.101 seconds
[2022-02-03 23:05:26,426] {processor.py:163} INFO - Started process (PID=542) to work on /home/airflow/.local/lib/python3.7/site-packages/airflow/example_dags/example_task_group.py
[2022-02-03 23:05:26,430] {processor.py:642} INFO - Processing file /home/airflow/.local/lib/python3.7/site-packages/airflow/example_dags/example_task_group.py for tasks to queue
[2022-02-03 23:05:26,433] {logging_mixin.py:109} INFO - [2022-02-03 23:05:26,432] {dagbag.py:500} INFO - Filling up the DagBag from /home/airflow/.local/lib/python3.7/site-packages/airflow/example_dags/example_task_group.py
[2022-02-03 23:05:26,468] {processor.py:654} INFO - DAG(s) dict_keys(['example_task_group']) retrieved from /home/airflow/.local/lib/python3.7/site-packages/airflow/example_dags/example_task_group.py
[2022-02-03 23:05:26,485] {logging_mixin.py:109} INFO - [2022-02-03 23:05:26,485] {dag.py:2396} INFO - Sync 1 DAGs
[2022-02-03 23:05:26,507] {logging_mixin.py:109} INFO - [2022-02-03 23:05:26,507] {dag.py:2935} INFO - Setting next_dagrun for example_task_group to 2022-02-02T23:05:26.506938+00:00
[2022-02-03 23:05:26,528] {processor.py:171} INFO - Processing /home/airflow/.local/lib/python3.7/site-packages/airflow/example_dags/example_task_group.py took 0.110 seconds
[2022-02-03 23:05:56,981] {processor.py:163} INFO - Started process (PID=609) to work on /home/airflow/.local/lib/python3.7/site-packages/airflow/example_dags/example_task_group.py
[2022-02-03 23:05:56,986] {processor.py:642} INFO - Processing file /home/airflow/.local/lib/python3.7/site-packages/airflow/example_dags/example_task_group.py for tasks to queue
[2022-02-03 23:05:56,999] {logging_mixin.py:109} INFO - [2022-02-03 23:05:56,999] {dagbag.py:500} INFO - Filling up the DagBag from /home/airflow/.local/lib/python3.7/site-packages/airflow/example_dags/example_task_group.py
[2022-02-03 23:05:57,043] {processor.py:654} INFO - DAG(s) dict_keys(['example_task_group']) retrieved from /home/airflow/.local/lib/python3.7/site-packages/airflow/example_dags/example_task_group.py
[2022-02-03 23:05:57,060] {logging_mixin.py:109} INFO - [2022-02-03 23:05:57,060] {dag.py:2396} INFO - Sync 1 DAGs
[2022-02-03 23:05:57,083] {logging_mixin.py:109} INFO - [2022-02-03 23:05:57,083] {dag.py:2935} INFO - Setting next_dagrun for example_task_group to 2022-02-02T23:05:57.083559+00:00
[2022-02-03 23:05:57,103] {processor.py:171} INFO - Processing /home/airflow/.local/lib/python3.7/site-packages/airflow/example_dags/example_task_group.py took 0.132 seconds
[2022-02-03 23:06:27,641] {processor.py:163} INFO - Started process (PID=666) to work on /home/airflow/.local/lib/python3.7/site-packages/airflow/example_dags/example_task_group.py
[2022-02-03 23:06:27,643] {processor.py:642} INFO - Processing file /home/airflow/.local/lib/python3.7/site-packages/airflow/example_dags/example_task_group.py for tasks to queue
[2022-02-03 23:06:27,645] {logging_mixin.py:109} INFO - [2022-02-03 23:06:27,645] {dagbag.py:500} INFO - Filling up the DagBag from /home/airflow/.local/lib/python3.7/site-packages/airflow/example_dags/example_task_group.py
[2022-02-03 23:06:27,676] {processor.py:654} INFO - DAG(s) dict_keys(['example_task_group']) retrieved from /home/airflow/.local/lib/python3.7/site-packages/airflow/example_dags/example_task_group.py
[2022-02-03 23:06:27,689] {logging_mixin.py:109} INFO - [2022-02-03 23:06:27,688] {dag.py:2396} INFO - Sync 1 DAGs
[2022-02-03 23:06:27,706] {logging_mixin.py:109} INFO - [2022-02-03 23:06:27,706] {dag.py:2935} INFO - Setting next_dagrun for example_task_group to 2022-02-02T23:06:27.706254+00:00
[2022-02-03 23:06:27,720] {processor.py:171} INFO - Processing /home/airflow/.local/lib/python3.7/site-packages/airflow/example_dags/example_task_group.py took 0.082 seconds
[2022-02-03 23:06:58,277] {processor.py:163} INFO - Started process (PID=720) to work on /home/airflow/.local/lib/python3.7/site-packages/airflow/example_dags/example_task_group.py
[2022-02-03 23:06:58,279] {processor.py:642} INFO - Processing file /home/airflow/.local/lib/python3.7/site-packages/airflow/example_dags/example_task_group.py for tasks to queue
[2022-02-03 23:06:58,281] {logging_mixin.py:109} INFO - [2022-02-03 23:06:58,280] {dagbag.py:500} INFO - Filling up the DagBag from /home/airflow/.local/lib/python3.7/site-packages/airflow/example_dags/example_task_group.py
[2022-02-03 23:06:58,316] {processor.py:654} INFO - DAG(s) dict_keys(['example_task_group']) retrieved from /home/airflow/.local/lib/python3.7/site-packages/airflow/example_dags/example_task_group.py
[2022-02-03 23:06:58,332] {logging_mixin.py:109} INFO - [2022-02-03 23:06:58,332] {dag.py:2396} INFO - Sync 1 DAGs
[2022-02-03 23:06:58,350] {logging_mixin.py:109} INFO - [2022-02-03 23:06:58,350] {dag.py:2935} INFO - Setting next_dagrun for example_task_group to 2022-02-02T23:06:58.349958+00:00
[2022-02-03 23:06:58,363] {processor.py:171} INFO - Processing /home/airflow/.local/lib/python3.7/site-packages/airflow/example_dags/example_task_group.py took 0.090 seconds
[2022-02-03 23:07:29,249] {processor.py:163} INFO - Started process (PID=781) to work on /home/airflow/.local/lib/python3.7/site-packages/airflow/example_dags/example_task_group.py
[2022-02-03 23:07:29,252] {processor.py:642} INFO - Processing file /home/airflow/.local/lib/python3.7/site-packages/airflow/example_dags/example_task_group.py for tasks to queue
[2022-02-03 23:07:29,254] {logging_mixin.py:109} INFO - [2022-02-03 23:07:29,254] {dagbag.py:500} INFO - Filling up the DagBag from /home/airflow/.local/lib/python3.7/site-packages/airflow/example_dags/example_task_group.py
[2022-02-03 23:07:29,296] {processor.py:654} INFO - DAG(s) dict_keys(['example_task_group']) retrieved from /home/airflow/.local/lib/python3.7/site-packages/airflow/example_dags/example_task_group.py
[2022-02-03 23:07:29,314] {logging_mixin.py:109} INFO - [2022-02-03 23:07:29,314] {dag.py:2396} INFO - Sync 1 DAGs
[2022-02-03 23:07:29,354] {logging_mixin.py:109} INFO - [2022-02-03 23:07:29,354] {dag.py:2935} INFO - Setting next_dagrun for example_task_group to 2022-02-02T23:07:29.353359+00:00
[2022-02-03 23:07:29,375] {processor.py:171} INFO - Processing /home/airflow/.local/lib/python3.7/site-packages/airflow/example_dags/example_task_group.py took 0.131 seconds
[2022-02-03 23:07:59,541] {processor.py:163} INFO - Started process (PID=836) to work on /home/airflow/.local/lib/python3.7/site-packages/airflow/example_dags/example_task_group.py
[2022-02-03 23:07:59,545] {processor.py:642} INFO - Processing file /home/airflow/.local/lib/python3.7/site-packages/airflow/example_dags/example_task_group.py for tasks to queue
[2022-02-03 23:07:59,547] {logging_mixin.py:109} INFO - [2022-02-03 23:07:59,546] {dagbag.py:500} INFO - Filling up the DagBag from /home/airflow/.local/lib/python3.7/site-packages/airflow/example_dags/example_task_group.py
[2022-02-03 23:07:59,583] {processor.py:654} INFO - DAG(s) dict_keys(['example_task_group']) retrieved from /home/airflow/.local/lib/python3.7/site-packages/airflow/example_dags/example_task_group.py
[2022-02-03 23:07:59,595] {logging_mixin.py:109} INFO - [2022-02-03 23:07:59,595] {dag.py:2396} INFO - Sync 1 DAGs
[2022-02-03 23:07:59,622] {logging_mixin.py:109} INFO - [2022-02-03 23:07:59,622] {dag.py:2935} INFO - Setting next_dagrun for example_task_group to 2022-02-02T23:07:59.622304+00:00
[2022-02-03 23:07:59,634] {processor.py:171} INFO - Processing /home/airflow/.local/lib/python3.7/site-packages/airflow/example_dags/example_task_group.py took 0.099 seconds
[2022-02-03 23:08:30,523] {processor.py:163} INFO - Started process (PID=892) to work on /home/airflow/.local/lib/python3.7/site-packages/airflow/example_dags/example_task_group.py
[2022-02-03 23:08:30,526] {processor.py:642} INFO - Processing file /home/airflow/.local/lib/python3.7/site-packages/airflow/example_dags/example_task_group.py for tasks to queue
[2022-02-03 23:08:30,527] {logging_mixin.py:109} INFO - [2022-02-03 23:08:30,527] {dagbag.py:500} INFO - Filling up the DagBag from /home/airflow/.local/lib/python3.7/site-packages/airflow/example_dags/example_task_group.py
[2022-02-03 23:08:30,564] {processor.py:654} INFO - DAG(s) dict_keys(['example_task_group']) retrieved from /home/airflow/.local/lib/python3.7/site-packages/airflow/example_dags/example_task_group.py
[2022-02-03 23:08:30,576] {logging_mixin.py:109} INFO - [2022-02-03 23:08:30,575] {dag.py:2396} INFO - Sync 1 DAGs
[2022-02-03 23:08:30,593] {logging_mixin.py:109} INFO - [2022-02-03 23:08:30,593] {dag.py:2935} INFO - Setting next_dagrun for example_task_group to 2022-02-02T23:08:30.592753+00:00
[2022-02-03 23:08:30,604] {processor.py:171} INFO - Processing /home/airflow/.local/lib/python3.7/site-packages/airflow/example_dags/example_task_group.py took 0.086 seconds
[2022-02-03 23:09:01,312] {processor.py:163} INFO - Started process (PID=963) to work on /home/airflow/.local/lib/python3.7/site-packages/airflow/example_dags/example_task_group.py
[2022-02-03 23:09:01,314] {processor.py:642} INFO - Processing file /home/airflow/.local/lib/python3.7/site-packages/airflow/example_dags/example_task_group.py for tasks to queue
[2022-02-03 23:09:01,316] {logging_mixin.py:109} INFO - [2022-02-03 23:09:01,316] {dagbag.py:500} INFO - Filling up the DagBag from /home/airflow/.local/lib/python3.7/site-packages/airflow/example_dags/example_task_group.py
[2022-02-03 23:09:01,348] {processor.py:654} INFO - DAG(s) dict_keys(['example_task_group']) retrieved from /home/airflow/.local/lib/python3.7/site-packages/airflow/example_dags/example_task_group.py
[2022-02-03 23:09:01,362] {logging_mixin.py:109} INFO - [2022-02-03 23:09:01,362] {dag.py:2396} INFO - Sync 1 DAGs
[2022-02-03 23:09:01,380] {logging_mixin.py:109} INFO - [2022-02-03 23:09:01,380] {dag.py:2935} INFO - Setting next_dagrun for example_task_group to 2022-02-02T23:09:01.380488+00:00
[2022-02-03 23:09:01,392] {processor.py:171} INFO - Processing /home/airflow/.local/lib/python3.7/site-packages/airflow/example_dags/example_task_group.py took 0.083 seconds
[2022-02-03 23:09:31,784] {processor.py:163} INFO - Started process (PID=1019) to work on /home/airflow/.local/lib/python3.7/site-packages/airflow/example_dags/example_task_group.py
[2022-02-03 23:09:31,787] {processor.py:642} INFO - Processing file /home/airflow/.local/lib/python3.7/site-packages/airflow/example_dags/example_task_group.py for tasks to queue
[2022-02-03 23:09:31,789] {logging_mixin.py:109} INFO - [2022-02-03 23:09:31,788] {dagbag.py:500} INFO - Filling up the DagBag from /home/airflow/.local/lib/python3.7/site-packages/airflow/example_dags/example_task_group.py
[2022-02-03 23:09:31,833] {processor.py:654} INFO - DAG(s) dict_keys(['example_task_group']) retrieved from /home/airflow/.local/lib/python3.7/site-packages/airflow/example_dags/example_task_group.py
[2022-02-03 23:09:31,846] {logging_mixin.py:109} INFO - [2022-02-03 23:09:31,846] {dag.py:2396} INFO - Sync 1 DAGs
[2022-02-03 23:09:31,887] {logging_mixin.py:109} INFO - [2022-02-03 23:09:31,887] {dag.py:2935} INFO - Setting next_dagrun for example_task_group to 2022-02-02T23:09:31.887014+00:00
[2022-02-03 23:09:31,898] {processor.py:171} INFO - Processing /home/airflow/.local/lib/python3.7/site-packages/airflow/example_dags/example_task_group.py took 0.118 seconds
[2022-02-03 23:10:02,323] {processor.py:163} INFO - Started process (PID=1077) to work on /home/airflow/.local/lib/python3.7/site-packages/airflow/example_dags/example_task_group.py
[2022-02-03 23:10:02,326] {processor.py:642} INFO - Processing file /home/airflow/.local/lib/python3.7/site-packages/airflow/example_dags/example_task_group.py for tasks to queue
[2022-02-03 23:10:02,327] {logging_mixin.py:109} INFO - [2022-02-03 23:10:02,327] {dagbag.py:500} INFO - Filling up the DagBag from /home/airflow/.local/lib/python3.7/site-packages/airflow/example_dags/example_task_group.py
[2022-02-03 23:10:02,363] {processor.py:654} INFO - DAG(s) dict_keys(['example_task_group']) retrieved from /home/airflow/.local/lib/python3.7/site-packages/airflow/example_dags/example_task_group.py
[2022-02-03 23:10:02,375] {logging_mixin.py:109} INFO - [2022-02-03 23:10:02,375] {dag.py:2396} INFO - Sync 1 DAGs
[2022-02-03 23:10:02,392] {logging_mixin.py:109} INFO - [2022-02-03 23:10:02,392] {dag.py:2935} INFO - Setting next_dagrun for example_task_group to 2022-02-02T23:10:02.392428+00:00
[2022-02-03 23:10:02,403] {processor.py:171} INFO - Processing /home/airflow/.local/lib/python3.7/site-packages/airflow/example_dags/example_task_group.py took 0.085 seconds
[2022-02-03 23:10:32,836] {processor.py:163} INFO - Started process (PID=1144) to work on /home/airflow/.local/lib/python3.7/site-packages/airflow/example_dags/example_task_group.py
[2022-02-03 23:10:32,839] {processor.py:642} INFO - Processing file /home/airflow/.local/lib/python3.7/site-packages/airflow/example_dags/example_task_group.py for tasks to queue
[2022-02-03 23:10:32,840] {logging_mixin.py:109} INFO - [2022-02-03 23:10:32,840] {dagbag.py:500} INFO - Filling up the DagBag from /home/airflow/.local/lib/python3.7/site-packages/airflow/example_dags/example_task_group.py
[2022-02-03 23:10:32,882] {processor.py:654} INFO - DAG(s) dict_keys(['example_task_group']) retrieved from /home/airflow/.local/lib/python3.7/site-packages/airflow/example_dags/example_task_group.py
[2022-02-03 23:10:32,903] {logging_mixin.py:109} INFO - [2022-02-03 23:10:32,903] {dag.py:2396} INFO - Sync 1 DAGs
[2022-02-03 23:10:32,951] {logging_mixin.py:109} INFO - [2022-02-03 23:10:32,951] {dag.py:2935} INFO - Setting next_dagrun for example_task_group to 2022-02-02T23:10:32.950701+00:00
[2022-02-03 23:10:32,962] {processor.py:171} INFO - Processing /home/airflow/.local/lib/python3.7/site-packages/airflow/example_dags/example_task_group.py took 0.133 seconds
[2022-02-03 23:11:03,040] {processor.py:163} INFO - Started process (PID=1198) to work on /home/airflow/.local/lib/python3.7/site-packages/airflow/example_dags/example_task_group.py
[2022-02-03 23:11:03,043] {processor.py:642} INFO - Processing file /home/airflow/.local/lib/python3.7/site-packages/airflow/example_dags/example_task_group.py for tasks to queue
[2022-02-03 23:11:03,045] {logging_mixin.py:109} INFO - [2022-02-03 23:11:03,045] {dagbag.py:500} INFO - Filling up the DagBag from /home/airflow/.local/lib/python3.7/site-packages/airflow/example_dags/example_task_group.py
[2022-02-03 23:11:03,087] {processor.py:654} INFO - DAG(s) dict_keys(['example_task_group']) retrieved from /home/airflow/.local/lib/python3.7/site-packages/airflow/example_dags/example_task_group.py
[2022-02-03 23:11:03,100] {logging_mixin.py:109} INFO - [2022-02-03 23:11:03,100] {dag.py:2396} INFO - Sync 1 DAGs
[2022-02-03 23:11:03,119] {logging_mixin.py:109} INFO - [2022-02-03 23:11:03,119] {dag.py:2935} INFO - Setting next_dagrun for example_task_group to 2022-02-02T23:11:03.119346+00:00
[2022-02-03 23:11:03,131] {processor.py:171} INFO - Processing /home/airflow/.local/lib/python3.7/site-packages/airflow/example_dags/example_task_group.py took 0.094 seconds
[2022-02-03 23:11:33,612] {processor.py:163} INFO - Started process (PID=1254) to work on /home/airflow/.local/lib/python3.7/site-packages/airflow/example_dags/example_task_group.py
[2022-02-03 23:11:33,615] {processor.py:642} INFO - Processing file /home/airflow/.local/lib/python3.7/site-packages/airflow/example_dags/example_task_group.py for tasks to queue
[2022-02-03 23:11:33,616] {logging_mixin.py:109} INFO - [2022-02-03 23:11:33,616] {dagbag.py:500} INFO - Filling up the DagBag from /home/airflow/.local/lib/python3.7/site-packages/airflow/example_dags/example_task_group.py
[2022-02-03 23:11:33,659] {processor.py:654} INFO - DAG(s) dict_keys(['example_task_group']) retrieved from /home/airflow/.local/lib/python3.7/site-packages/airflow/example_dags/example_task_group.py
[2022-02-03 23:11:33,677] {logging_mixin.py:109} INFO - [2022-02-03 23:11:33,677] {dag.py:2396} INFO - Sync 1 DAGs
[2022-02-03 23:11:33,702] {logging_mixin.py:109} INFO - [2022-02-03 23:11:33,702] {dag.py:2935} INFO - Setting next_dagrun for example_task_group to 2022-02-02T23:11:33.702173+00:00
[2022-02-03 23:11:33,715] {processor.py:171} INFO - Processing /home/airflow/.local/lib/python3.7/site-packages/airflow/example_dags/example_task_group.py took 0.108 seconds
[2022-02-03 23:12:03,914] {processor.py:163} INFO - Started process (PID=1321) to work on /home/airflow/.local/lib/python3.7/site-packages/airflow/example_dags/example_task_group.py
[2022-02-03 23:12:03,917] {processor.py:642} INFO - Processing file /home/airflow/.local/lib/python3.7/site-packages/airflow/example_dags/example_task_group.py for tasks to queue
[2022-02-03 23:12:03,918] {logging_mixin.py:109} INFO - [2022-02-03 23:12:03,918] {dagbag.py:500} INFO - Filling up the DagBag from /home/airflow/.local/lib/python3.7/site-packages/airflow/example_dags/example_task_group.py
[2022-02-03 23:12:03,957] {processor.py:654} INFO - DAG(s) dict_keys(['example_task_group']) retrieved from /home/airflow/.local/lib/python3.7/site-packages/airflow/example_dags/example_task_group.py
[2022-02-03 23:12:03,971] {logging_mixin.py:109} INFO - [2022-02-03 23:12:03,971] {dag.py:2396} INFO - Sync 1 DAGs
[2022-02-03 23:12:03,990] {logging_mixin.py:109} INFO - [2022-02-03 23:12:03,990] {dag.py:2935} INFO - Setting next_dagrun for example_task_group to 2022-02-02T23:12:03.990040+00:00
[2022-02-03 23:12:04,004] {processor.py:171} INFO - Processing /home/airflow/.local/lib/python3.7/site-packages/airflow/example_dags/example_task_group.py took 0.094 seconds
[2022-02-03 23:12:34,507] {processor.py:163} INFO - Started process (PID=1374) to work on /home/airflow/.local/lib/python3.7/site-packages/airflow/example_dags/example_task_group.py
[2022-02-03 23:12:34,509] {processor.py:642} INFO - Processing file /home/airflow/.local/lib/python3.7/site-packages/airflow/example_dags/example_task_group.py for tasks to queue
[2022-02-03 23:12:34,510] {logging_mixin.py:109} INFO - [2022-02-03 23:12:34,510] {dagbag.py:500} INFO - Filling up the DagBag from /home/airflow/.local/lib/python3.7/site-packages/airflow/example_dags/example_task_group.py
[2022-02-03 23:12:34,551] {processor.py:654} INFO - DAG(s) dict_keys(['example_task_group']) retrieved from /home/airflow/.local/lib/python3.7/site-packages/airflow/example_dags/example_task_group.py
[2022-02-03 23:12:34,566] {logging_mixin.py:109} INFO - [2022-02-03 23:12:34,566] {dag.py:2396} INFO - Sync 1 DAGs
[2022-02-03 23:12:34,591] {logging_mixin.py:109} INFO - [2022-02-03 23:12:34,591] {dag.py:2935} INFO - Setting next_dagrun for example_task_group to 2022-02-02T23:12:34.590631+00:00
[2022-02-03 23:12:34,603] {processor.py:171} INFO - Processing /home/airflow/.local/lib/python3.7/site-packages/airflow/example_dags/example_task_group.py took 0.100 seconds
[2022-02-03 23:13:05,185] {processor.py:163} INFO - Started process (PID=1428) to work on /home/airflow/.local/lib/python3.7/site-packages/airflow/example_dags/example_task_group.py
[2022-02-03 23:13:05,188] {processor.py:642} INFO - Processing file /home/airflow/.local/lib/python3.7/site-packages/airflow/example_dags/example_task_group.py for tasks to queue
[2022-02-03 23:13:05,190] {logging_mixin.py:109} INFO - [2022-02-03 23:13:05,189] {dagbag.py:500} INFO - Filling up the DagBag from /home/airflow/.local/lib/python3.7/site-packages/airflow/example_dags/example_task_group.py
[2022-02-03 23:13:05,238] {processor.py:654} INFO - DAG(s) dict_keys(['example_task_group']) retrieved from /home/airflow/.local/lib/python3.7/site-packages/airflow/example_dags/example_task_group.py
[2022-02-03 23:13:05,256] {logging_mixin.py:109} INFO - [2022-02-03 23:13:05,256] {dag.py:2396} INFO - Sync 1 DAGs
[2022-02-03 23:13:05,276] {logging_mixin.py:109} INFO - [2022-02-03 23:13:05,276] {dag.py:2935} INFO - Setting next_dagrun for example_task_group to 2022-02-02T23:13:05.275966+00:00
[2022-02-03 23:13:05,288] {processor.py:171} INFO - Processing /home/airflow/.local/lib/python3.7/site-packages/airflow/example_dags/example_task_group.py took 0.108 seconds
[2022-02-03 23:13:35,946] {processor.py:163} INFO - Started process (PID=1491) to work on /home/airflow/.local/lib/python3.7/site-packages/airflow/example_dags/example_task_group.py
[2022-02-03 23:13:35,948] {processor.py:642} INFO - Processing file /home/airflow/.local/lib/python3.7/site-packages/airflow/example_dags/example_task_group.py for tasks to queue
[2022-02-03 23:13:35,950] {logging_mixin.py:109} INFO - [2022-02-03 23:13:35,950] {dagbag.py:500} INFO - Filling up the DagBag from /home/airflow/.local/lib/python3.7/site-packages/airflow/example_dags/example_task_group.py
[2022-02-03 23:13:35,984] {processor.py:654} INFO - DAG(s) dict_keys(['example_task_group']) retrieved from /home/airflow/.local/lib/python3.7/site-packages/airflow/example_dags/example_task_group.py
[2022-02-03 23:13:36,006] {logging_mixin.py:109} INFO - [2022-02-03 23:13:36,006] {dag.py:2396} INFO - Sync 1 DAGs
[2022-02-03 23:13:36,025] {logging_mixin.py:109} INFO - [2022-02-03 23:13:36,025] {dag.py:2935} INFO - Setting next_dagrun for example_task_group to 2022-02-02T23:13:36.024736+00:00
[2022-02-03 23:13:36,037] {processor.py:171} INFO - Processing /home/airflow/.local/lib/python3.7/site-packages/airflow/example_dags/example_task_group.py took 0.095 seconds
[2022-02-03 23:15:07,366] {processor.py:163} INFO - Started process (PID=58) to work on /home/airflow/.local/lib/python3.7/site-packages/airflow/example_dags/example_task_group.py
[2022-02-03 23:15:07,375] {processor.py:642} INFO - Processing file /home/airflow/.local/lib/python3.7/site-packages/airflow/example_dags/example_task_group.py for tasks to queue
[2022-02-03 23:15:07,383] {logging_mixin.py:109} INFO - [2022-02-03 23:15:07,382] {dagbag.py:500} INFO - Filling up the DagBag from /home/airflow/.local/lib/python3.7/site-packages/airflow/example_dags/example_task_group.py
[2022-02-03 23:15:07,450] {processor.py:654} INFO - DAG(s) dict_keys(['example_task_group']) retrieved from /home/airflow/.local/lib/python3.7/site-packages/airflow/example_dags/example_task_group.py
[2022-02-03 23:15:07,491] {logging_mixin.py:109} INFO - [2022-02-03 23:15:07,491] {dag.py:2396} INFO - Sync 1 DAGs
[2022-02-03 23:15:07,553] {logging_mixin.py:109} INFO - [2022-02-03 23:15:07,553] {dag.py:2935} INFO - Setting next_dagrun for example_task_group to 2022-02-02T23:15:07.552897+00:00
[2022-02-03 23:15:07,587] {processor.py:171} INFO - Processing /home/airflow/.local/lib/python3.7/site-packages/airflow/example_dags/example_task_group.py took 0.234 seconds
[2022-02-03 23:30:32,889] {processor.py:163} INFO - Started process (PID=58) to work on /home/airflow/.local/lib/python3.7/site-packages/airflow/example_dags/example_task_group.py
[2022-02-03 23:30:32,893] {processor.py:642} INFO - Processing file /home/airflow/.local/lib/python3.7/site-packages/airflow/example_dags/example_task_group.py for tasks to queue
[2022-02-03 23:30:32,896] {logging_mixin.py:109} INFO - [2022-02-03 23:30:32,896] {dagbag.py:500} INFO - Filling up the DagBag from /home/airflow/.local/lib/python3.7/site-packages/airflow/example_dags/example_task_group.py
[2022-02-03 23:30:32,935] {processor.py:654} INFO - DAG(s) dict_keys(['example_task_group']) retrieved from /home/airflow/.local/lib/python3.7/site-packages/airflow/example_dags/example_task_group.py
[2022-02-03 23:30:32,959] {logging_mixin.py:109} INFO - [2022-02-03 23:30:32,959] {dag.py:2396} INFO - Sync 1 DAGs
[2022-02-03 23:30:33,038] {logging_mixin.py:109} INFO - [2022-02-03 23:30:33,038] {dag.py:2935} INFO - Setting next_dagrun for example_task_group to 2022-02-02T23:30:33.038172+00:00
[2022-02-03 23:30:33,093] {processor.py:171} INFO - Processing /home/airflow/.local/lib/python3.7/site-packages/airflow/example_dags/example_task_group.py took 0.212 seconds
[2022-02-03 23:31:03,317] {processor.py:163} INFO - Started process (PID=109) to work on /home/airflow/.local/lib/python3.7/site-packages/airflow/example_dags/example_task_group.py
[2022-02-03 23:31:03,319] {processor.py:642} INFO - Processing file /home/airflow/.local/lib/python3.7/site-packages/airflow/example_dags/example_task_group.py for tasks to queue
[2022-02-03 23:31:03,320] {logging_mixin.py:109} INFO - [2022-02-03 23:31:03,320] {dagbag.py:500} INFO - Filling up the DagBag from /home/airflow/.local/lib/python3.7/site-packages/airflow/example_dags/example_task_group.py
[2022-02-03 23:31:03,357] {processor.py:654} INFO - DAG(s) dict_keys(['example_task_group']) retrieved from /home/airflow/.local/lib/python3.7/site-packages/airflow/example_dags/example_task_group.py
[2022-02-03 23:31:03,370] {logging_mixin.py:109} INFO - [2022-02-03 23:31:03,370] {dag.py:2396} INFO - Sync 1 DAGs
[2022-02-03 23:31:03,388] {logging_mixin.py:109} INFO - [2022-02-03 23:31:03,388] {dag.py:2935} INFO - Setting next_dagrun for example_task_group to 2022-02-02T23:31:03.387771+00:00
[2022-02-03 23:31:03,399] {processor.py:171} INFO - Processing /home/airflow/.local/lib/python3.7/site-packages/airflow/example_dags/example_task_group.py took 0.086 seconds
[2022-02-03 23:31:33,840] {processor.py:163} INFO - Started process (PID=165) to work on /home/airflow/.local/lib/python3.7/site-packages/airflow/example_dags/example_task_group.py
[2022-02-03 23:31:33,842] {processor.py:642} INFO - Processing file /home/airflow/.local/lib/python3.7/site-packages/airflow/example_dags/example_task_group.py for tasks to queue
[2022-02-03 23:31:33,844] {logging_mixin.py:109} INFO - [2022-02-03 23:31:33,844] {dagbag.py:500} INFO - Filling up the DagBag from /home/airflow/.local/lib/python3.7/site-packages/airflow/example_dags/example_task_group.py
[2022-02-03 23:31:33,888] {processor.py:654} INFO - DAG(s) dict_keys(['example_task_group']) retrieved from /home/airflow/.local/lib/python3.7/site-packages/airflow/example_dags/example_task_group.py
[2022-02-03 23:31:33,903] {logging_mixin.py:109} INFO - [2022-02-03 23:31:33,903] {dag.py:2396} INFO - Sync 1 DAGs
[2022-02-03 23:31:33,924] {logging_mixin.py:109} INFO - [2022-02-03 23:31:33,923] {dag.py:2935} INFO - Setting next_dagrun for example_task_group to 2022-02-02T23:31:33.923687+00:00
[2022-02-03 23:31:33,945] {processor.py:171} INFO - Processing /home/airflow/.local/lib/python3.7/site-packages/airflow/example_dags/example_task_group.py took 0.110 seconds
[2022-02-03 23:32:04,379] {processor.py:163} INFO - Started process (PID=229) to work on /home/airflow/.local/lib/python3.7/site-packages/airflow/example_dags/example_task_group.py
[2022-02-03 23:32:04,382] {processor.py:642} INFO - Processing file /home/airflow/.local/lib/python3.7/site-packages/airflow/example_dags/example_task_group.py for tasks to queue
[2022-02-03 23:32:04,385] {logging_mixin.py:109} INFO - [2022-02-03 23:32:04,385] {dagbag.py:500} INFO - Filling up the DagBag from /home/airflow/.local/lib/python3.7/site-packages/airflow/example_dags/example_task_group.py
[2022-02-03 23:32:04,436] {processor.py:654} INFO - DAG(s) dict_keys(['example_task_group']) retrieved from /home/airflow/.local/lib/python3.7/site-packages/airflow/example_dags/example_task_group.py
[2022-02-03 23:32:04,454] {logging_mixin.py:109} INFO - [2022-02-03 23:32:04,454] {dag.py:2396} INFO - Sync 1 DAGs
[2022-02-03 23:32:04,472] {logging_mixin.py:109} INFO - [2022-02-03 23:32:04,472] {dag.py:2935} INFO - Setting next_dagrun for example_task_group to 2022-02-02T23:32:04.472240+00:00
[2022-02-03 23:32:04,489] {processor.py:171} INFO - Processing /home/airflow/.local/lib/python3.7/site-packages/airflow/example_dags/example_task_group.py took 0.115 seconds
[2022-02-03 23:32:35,361] {processor.py:163} INFO - Started process (PID=282) to work on /home/airflow/.local/lib/python3.7/site-packages/airflow/example_dags/example_task_group.py
[2022-02-03 23:32:35,363] {processor.py:642} INFO - Processing file /home/airflow/.local/lib/python3.7/site-packages/airflow/example_dags/example_task_group.py for tasks to queue
[2022-02-03 23:32:35,365] {logging_mixin.py:109} INFO - [2022-02-03 23:32:35,365] {dagbag.py:500} INFO - Filling up the DagBag from /home/airflow/.local/lib/python3.7/site-packages/airflow/example_dags/example_task_group.py
[2022-02-03 23:32:35,423] {processor.py:654} INFO - DAG(s) dict_keys(['example_task_group']) retrieved from /home/airflow/.local/lib/python3.7/site-packages/airflow/example_dags/example_task_group.py
[2022-02-03 23:32:35,443] {logging_mixin.py:109} INFO - [2022-02-03 23:32:35,443] {dag.py:2396} INFO - Sync 1 DAGs
[2022-02-03 23:32:35,461] {logging_mixin.py:109} INFO - [2022-02-03 23:32:35,461] {dag.py:2935} INFO - Setting next_dagrun for example_task_group to 2022-02-02T23:32:35.460745+00:00
[2022-02-03 23:32:35,471] {processor.py:171} INFO - Processing /home/airflow/.local/lib/python3.7/site-packages/airflow/example_dags/example_task_group.py took 0.117 seconds
[2022-02-03 23:33:06,957] {processor.py:163} INFO - Started process (PID=347) to work on /home/airflow/.local/lib/python3.7/site-packages/airflow/example_dags/example_task_group.py
[2022-02-03 23:33:06,961] {processor.py:642} INFO - Processing file /home/airflow/.local/lib/python3.7/site-packages/airflow/example_dags/example_task_group.py for tasks to queue
[2022-02-03 23:33:06,964] {logging_mixin.py:109} INFO - [2022-02-03 23:33:06,963] {dagbag.py:500} INFO - Filling up the DagBag from /home/airflow/.local/lib/python3.7/site-packages/airflow/example_dags/example_task_group.py
[2022-02-03 23:33:07,099] {processor.py:654} INFO - DAG(s) dict_keys(['example_task_group']) retrieved from /home/airflow/.local/lib/python3.7/site-packages/airflow/example_dags/example_task_group.py
[2022-02-03 23:33:07,151] {logging_mixin.py:109} INFO - [2022-02-03 23:33:07,150] {dag.py:2396} INFO - Sync 1 DAGs
[2022-02-03 23:33:07,213] {logging_mixin.py:109} INFO - [2022-02-03 23:33:07,213] {dag.py:2935} INFO - Setting next_dagrun for example_task_group to 2022-02-02T23:33:07.212727+00:00
[2022-02-03 23:33:07,271] {processor.py:171} INFO - Processing /home/airflow/.local/lib/python3.7/site-packages/airflow/example_dags/example_task_group.py took 0.318 seconds
[2022-02-03 23:33:37,422] {processor.py:163} INFO - Started process (PID=400) to work on /home/airflow/.local/lib/python3.7/site-packages/airflow/example_dags/example_task_group.py
[2022-02-03 23:33:37,425] {processor.py:642} INFO - Processing file /home/airflow/.local/lib/python3.7/site-packages/airflow/example_dags/example_task_group.py for tasks to queue
[2022-02-03 23:33:37,427] {logging_mixin.py:109} INFO - [2022-02-03 23:33:37,427] {dagbag.py:500} INFO - Filling up the DagBag from /home/airflow/.local/lib/python3.7/site-packages/airflow/example_dags/example_task_group.py
[2022-02-03 23:33:37,469] {processor.py:654} INFO - DAG(s) dict_keys(['example_task_group']) retrieved from /home/airflow/.local/lib/python3.7/site-packages/airflow/example_dags/example_task_group.py
[2022-02-03 23:33:37,484] {logging_mixin.py:109} INFO - [2022-02-03 23:33:37,484] {dag.py:2396} INFO - Sync 1 DAGs
[2022-02-03 23:33:37,504] {logging_mixin.py:109} INFO - [2022-02-03 23:33:37,504] {dag.py:2935} INFO - Setting next_dagrun for example_task_group to 2022-02-02T23:33:37.504174+00:00
[2022-02-03 23:33:37,518] {processor.py:171} INFO - Processing /home/airflow/.local/lib/python3.7/site-packages/airflow/example_dags/example_task_group.py took 0.100 seconds
[2022-02-03 23:34:08,041] {processor.py:163} INFO - Started process (PID=451) to work on /home/airflow/.local/lib/python3.7/site-packages/airflow/example_dags/example_task_group.py
[2022-02-03 23:34:08,045] {processor.py:642} INFO - Processing file /home/airflow/.local/lib/python3.7/site-packages/airflow/example_dags/example_task_group.py for tasks to queue
[2022-02-03 23:34:08,048] {logging_mixin.py:109} INFO - [2022-02-03 23:34:08,048] {dagbag.py:500} INFO - Filling up the DagBag from /home/airflow/.local/lib/python3.7/site-packages/airflow/example_dags/example_task_group.py
[2022-02-03 23:34:08,109] {processor.py:654} INFO - DAG(s) dict_keys(['example_task_group']) retrieved from /home/airflow/.local/lib/python3.7/site-packages/airflow/example_dags/example_task_group.py
[2022-02-03 23:34:08,136] {logging_mixin.py:109} INFO - [2022-02-03 23:34:08,136] {dag.py:2396} INFO - Sync 1 DAGs
[2022-02-03 23:34:08,179] {logging_mixin.py:109} INFO - [2022-02-03 23:34:08,178] {dag.py:2935} INFO - Setting next_dagrun for example_task_group to 2022-02-02T23:34:08.178092+00:00
[2022-02-03 23:34:08,204] {processor.py:171} INFO - Processing /home/airflow/.local/lib/python3.7/site-packages/airflow/example_dags/example_task_group.py took 0.169 seconds
[2022-02-03 23:34:39,435] {processor.py:163} INFO - Started process (PID=517) to work on /home/airflow/.local/lib/python3.7/site-packages/airflow/example_dags/example_task_group.py
[2022-02-03 23:34:39,443] {processor.py:642} INFO - Processing file /home/airflow/.local/lib/python3.7/site-packages/airflow/example_dags/example_task_group.py for tasks to queue
[2022-02-03 23:34:39,446] {logging_mixin.py:109} INFO - [2022-02-03 23:34:39,445] {dagbag.py:500} INFO - Filling up the DagBag from /home/airflow/.local/lib/python3.7/site-packages/airflow/example_dags/example_task_group.py
[2022-02-03 23:34:39,507] {processor.py:654} INFO - DAG(s) dict_keys(['example_task_group']) retrieved from /home/airflow/.local/lib/python3.7/site-packages/airflow/example_dags/example_task_group.py
[2022-02-03 23:34:39,529] {logging_mixin.py:109} INFO - [2022-02-03 23:34:39,529] {dag.py:2396} INFO - Sync 1 DAGs
[2022-02-03 23:34:39,553] {logging_mixin.py:109} INFO - [2022-02-03 23:34:39,553] {dag.py:2935} INFO - Setting next_dagrun for example_task_group to 2022-02-02T23:34:39.552844+00:00
[2022-02-03 23:34:39,567] {processor.py:171} INFO - Processing /home/airflow/.local/lib/python3.7/site-packages/airflow/example_dags/example_task_group.py took 0.135 seconds
[2022-02-03 23:35:09,788] {processor.py:163} INFO - Started process (PID=570) to work on /home/airflow/.local/lib/python3.7/site-packages/airflow/example_dags/example_task_group.py
[2022-02-03 23:35:09,793] {processor.py:642} INFO - Processing file /home/airflow/.local/lib/python3.7/site-packages/airflow/example_dags/example_task_group.py for tasks to queue
[2022-02-03 23:35:09,797] {logging_mixin.py:109} INFO - [2022-02-03 23:35:09,796] {dagbag.py:500} INFO - Filling up the DagBag from /home/airflow/.local/lib/python3.7/site-packages/airflow/example_dags/example_task_group.py
[2022-02-03 23:35:09,872] {processor.py:654} INFO - DAG(s) dict_keys(['example_task_group']) retrieved from /home/airflow/.local/lib/python3.7/site-packages/airflow/example_dags/example_task_group.py
[2022-02-03 23:35:09,890] {logging_mixin.py:109} INFO - [2022-02-03 23:35:09,889] {dag.py:2396} INFO - Sync 1 DAGs
[2022-02-03 23:35:09,930] {logging_mixin.py:109} INFO - [2022-02-03 23:35:09,929] {dag.py:2935} INFO - Setting next_dagrun for example_task_group to 2022-02-02T23:35:09.929356+00:00
[2022-02-03 23:35:09,955] {processor.py:171} INFO - Processing /home/airflow/.local/lib/python3.7/site-packages/airflow/example_dags/example_task_group.py took 0.171 seconds
[2022-02-03 23:35:41,129] {processor.py:163} INFO - Started process (PID=623) to work on /home/airflow/.local/lib/python3.7/site-packages/airflow/example_dags/example_task_group.py
[2022-02-03 23:35:41,133] {processor.py:642} INFO - Processing file /home/airflow/.local/lib/python3.7/site-packages/airflow/example_dags/example_task_group.py for tasks to queue
[2022-02-03 23:35:41,134] {logging_mixin.py:109} INFO - [2022-02-03 23:35:41,134] {dagbag.py:500} INFO - Filling up the DagBag from /home/airflow/.local/lib/python3.7/site-packages/airflow/example_dags/example_task_group.py
[2022-02-03 23:35:41,179] {processor.py:654} INFO - DAG(s) dict_keys(['example_task_group']) retrieved from /home/airflow/.local/lib/python3.7/site-packages/airflow/example_dags/example_task_group.py
[2022-02-03 23:35:41,195] {logging_mixin.py:109} INFO - [2022-02-03 23:35:41,195] {dag.py:2396} INFO - Sync 1 DAGs
[2022-02-03 23:35:41,215] {logging_mixin.py:109} INFO - [2022-02-03 23:35:41,215] {dag.py:2935} INFO - Setting next_dagrun for example_task_group to 2022-02-02T23:35:41.215150+00:00
[2022-02-03 23:35:41,231] {processor.py:171} INFO - Processing /home/airflow/.local/lib/python3.7/site-packages/airflow/example_dags/example_task_group.py took 0.108 seconds
[2022-02-03 23:36:12,015] {processor.py:163} INFO - Started process (PID=688) to work on /home/airflow/.local/lib/python3.7/site-packages/airflow/example_dags/example_task_group.py
[2022-02-03 23:36:12,018] {processor.py:642} INFO - Processing file /home/airflow/.local/lib/python3.7/site-packages/airflow/example_dags/example_task_group.py for tasks to queue
[2022-02-03 23:36:12,020] {logging_mixin.py:109} INFO - [2022-02-03 23:36:12,019] {dagbag.py:500} INFO - Filling up the DagBag from /home/airflow/.local/lib/python3.7/site-packages/airflow/example_dags/example_task_group.py
[2022-02-03 23:36:12,065] {processor.py:654} INFO - DAG(s) dict_keys(['example_task_group']) retrieved from /home/airflow/.local/lib/python3.7/site-packages/airflow/example_dags/example_task_group.py
[2022-02-03 23:36:12,078] {logging_mixin.py:109} INFO - [2022-02-03 23:36:12,078] {dag.py:2396} INFO - Sync 1 DAGs
[2022-02-03 23:36:12,099] {logging_mixin.py:109} INFO - [2022-02-03 23:36:12,099] {dag.py:2935} INFO - Setting next_dagrun for example_task_group to 2022-02-02T23:36:12.098691+00:00
[2022-02-03 23:36:12,110] {processor.py:171} INFO - Processing /home/airflow/.local/lib/python3.7/site-packages/airflow/example_dags/example_task_group.py took 0.105 seconds
[2022-02-03 23:36:42,342] {processor.py:163} INFO - Started process (PID=742) to work on /home/airflow/.local/lib/python3.7/site-packages/airflow/example_dags/example_task_group.py
[2022-02-03 23:36:42,344] {processor.py:642} INFO - Processing file /home/airflow/.local/lib/python3.7/site-packages/airflow/example_dags/example_task_group.py for tasks to queue
[2022-02-03 23:36:42,345] {logging_mixin.py:109} INFO - [2022-02-03 23:36:42,345] {dagbag.py:500} INFO - Filling up the DagBag from /home/airflow/.local/lib/python3.7/site-packages/airflow/example_dags/example_task_group.py
[2022-02-03 23:36:42,378] {processor.py:654} INFO - DAG(s) dict_keys(['example_task_group']) retrieved from /home/airflow/.local/lib/python3.7/site-packages/airflow/example_dags/example_task_group.py
[2022-02-03 23:36:42,404] {logging_mixin.py:109} INFO - [2022-02-03 23:36:42,403] {dag.py:2396} INFO - Sync 1 DAGs
[2022-02-03 23:36:42,423] {logging_mixin.py:109} INFO - [2022-02-03 23:36:42,423] {dag.py:2935} INFO - Setting next_dagrun for example_task_group to 2022-02-02T23:36:42.423534+00:00
[2022-02-03 23:36:42,435] {processor.py:171} INFO - Processing /home/airflow/.local/lib/python3.7/site-packages/airflow/example_dags/example_task_group.py took 0.096 seconds
[2022-02-03 23:37:12,790] {processor.py:163} INFO - Started process (PID=795) to work on /home/airflow/.local/lib/python3.7/site-packages/airflow/example_dags/example_task_group.py
[2022-02-03 23:37:12,793] {processor.py:642} INFO - Processing file /home/airflow/.local/lib/python3.7/site-packages/airflow/example_dags/example_task_group.py for tasks to queue
[2022-02-03 23:37:12,794] {logging_mixin.py:109} INFO - [2022-02-03 23:37:12,794] {dagbag.py:500} INFO - Filling up the DagBag from /home/airflow/.local/lib/python3.7/site-packages/airflow/example_dags/example_task_group.py
[2022-02-03 23:37:12,836] {processor.py:654} INFO - DAG(s) dict_keys(['example_task_group']) retrieved from /home/airflow/.local/lib/python3.7/site-packages/airflow/example_dags/example_task_group.py
[2022-02-03 23:37:12,871] {logging_mixin.py:109} INFO - [2022-02-03 23:37:12,870] {dag.py:2396} INFO - Sync 1 DAGs
[2022-02-03 23:37:12,901] {logging_mixin.py:109} INFO - [2022-02-03 23:37:12,900] {dag.py:2935} INFO - Setting next_dagrun for example_task_group to 2022-02-02T23:37:12.900584+00:00
[2022-02-03 23:37:12,920] {processor.py:171} INFO - Processing /home/airflow/.local/lib/python3.7/site-packages/airflow/example_dags/example_task_group.py took 0.133 seconds
[2022-02-03 23:37:43,459] {processor.py:163} INFO - Started process (PID=850) to work on /home/airflow/.local/lib/python3.7/site-packages/airflow/example_dags/example_task_group.py
[2022-02-03 23:37:43,461] {processor.py:642} INFO - Processing file /home/airflow/.local/lib/python3.7/site-packages/airflow/example_dags/example_task_group.py for tasks to queue
[2022-02-03 23:37:43,463] {logging_mixin.py:109} INFO - [2022-02-03 23:37:43,463] {dagbag.py:500} INFO - Filling up the DagBag from /home/airflow/.local/lib/python3.7/site-packages/airflow/example_dags/example_task_group.py
[2022-02-03 23:37:43,517] {processor.py:654} INFO - DAG(s) dict_keys(['example_task_group']) retrieved from /home/airflow/.local/lib/python3.7/site-packages/airflow/example_dags/example_task_group.py
[2022-02-03 23:37:43,534] {logging_mixin.py:109} INFO - [2022-02-03 23:37:43,534] {dag.py:2396} INFO - Sync 1 DAGs
[2022-02-03 23:37:43,561] {logging_mixin.py:109} INFO - [2022-02-03 23:37:43,561] {dag.py:2935} INFO - Setting next_dagrun for example_task_group to 2022-02-02T23:37:43.560837+00:00
[2022-02-03 23:37:43,571] {processor.py:171} INFO - Processing /home/airflow/.local/lib/python3.7/site-packages/airflow/example_dags/example_task_group.py took 0.116 seconds
[2022-02-03 23:38:14,096] {processor.py:163} INFO - Started process (PID=912) to work on /home/airflow/.local/lib/python3.7/site-packages/airflow/example_dags/example_task_group.py
[2022-02-03 23:38:14,101] {processor.py:642} INFO - Processing file /home/airflow/.local/lib/python3.7/site-packages/airflow/example_dags/example_task_group.py for tasks to queue
[2022-02-03 23:38:14,106] {logging_mixin.py:109} INFO - [2022-02-03 23:38:14,105] {dagbag.py:500} INFO - Filling up the DagBag from /home/airflow/.local/lib/python3.7/site-packages/airflow/example_dags/example_task_group.py
[2022-02-03 23:38:14,175] {processor.py:654} INFO - DAG(s) dict_keys(['example_task_group']) retrieved from /home/airflow/.local/lib/python3.7/site-packages/airflow/example_dags/example_task_group.py
[2022-02-03 23:38:14,198] {logging_mixin.py:109} INFO - [2022-02-03 23:38:14,198] {dag.py:2396} INFO - Sync 1 DAGs
[2022-02-03 23:38:14,253] {logging_mixin.py:109} INFO - [2022-02-03 23:38:14,252] {dag.py:2935} INFO - Setting next_dagrun for example_task_group to 2022-02-02T23:38:14.243175+00:00
[2022-02-03 23:38:14,275] {processor.py:171} INFO - Processing /home/airflow/.local/lib/python3.7/site-packages/airflow/example_dags/example_task_group.py took 0.189 seconds
[2022-02-03 23:38:44,419] {processor.py:163} INFO - Started process (PID=966) to work on /home/airflow/.local/lib/python3.7/site-packages/airflow/example_dags/example_task_group.py
[2022-02-03 23:38:44,421] {processor.py:642} INFO - Processing file /home/airflow/.local/lib/python3.7/site-packages/airflow/example_dags/example_task_group.py for tasks to queue
[2022-02-03 23:38:44,422] {logging_mixin.py:109} INFO - [2022-02-03 23:38:44,422] {dagbag.py:500} INFO - Filling up the DagBag from /home/airflow/.local/lib/python3.7/site-packages/airflow/example_dags/example_task_group.py
[2022-02-03 23:38:44,464] {processor.py:654} INFO - DAG(s) dict_keys(['example_task_group']) retrieved from /home/airflow/.local/lib/python3.7/site-packages/airflow/example_dags/example_task_group.py
[2022-02-03 23:38:44,479] {logging_mixin.py:109} INFO - [2022-02-03 23:38:44,479] {dag.py:2396} INFO - Sync 1 DAGs
[2022-02-03 23:38:44,501] {logging_mixin.py:109} INFO - [2022-02-03 23:38:44,501] {dag.py:2935} INFO - Setting next_dagrun for example_task_group to 2022-02-02T23:38:44.500855+00:00
[2022-02-03 23:38:44,516] {processor.py:171} INFO - Processing /home/airflow/.local/lib/python3.7/site-packages/airflow/example_dags/example_task_group.py took 0.102 seconds
[2022-02-03 23:39:14,988] {processor.py:163} INFO - Started process (PID=1021) to work on /home/airflow/.local/lib/python3.7/site-packages/airflow/example_dags/example_task_group.py
[2022-02-03 23:39:14,996] {processor.py:642} INFO - Processing file /home/airflow/.local/lib/python3.7/site-packages/airflow/example_dags/example_task_group.py for tasks to queue
[2022-02-03 23:39:14,997] {logging_mixin.py:109} INFO - [2022-02-03 23:39:14,997] {dagbag.py:500} INFO - Filling up the DagBag from /home/airflow/.local/lib/python3.7/site-packages/airflow/example_dags/example_task_group.py
[2022-02-03 23:39:15,070] {processor.py:654} INFO - DAG(s) dict_keys(['example_task_group']) retrieved from /home/airflow/.local/lib/python3.7/site-packages/airflow/example_dags/example_task_group.py
[2022-02-03 23:39:15,087] {logging_mixin.py:109} INFO - [2022-02-03 23:39:15,087] {dag.py:2396} INFO - Sync 1 DAGs
[2022-02-03 23:39:15,110] {logging_mixin.py:109} INFO - [2022-02-03 23:39:15,110] {dag.py:2935} INFO - Setting next_dagrun for example_task_group to 2022-02-02T23:39:15.110543+00:00
[2022-02-03 23:39:15,126] {processor.py:171} INFO - Processing /home/airflow/.local/lib/python3.7/site-packages/airflow/example_dags/example_task_group.py took 0.151 seconds
[2022-02-03 23:39:45,181] {processor.py:163} INFO - Started process (PID=1082) to work on /home/airflow/.local/lib/python3.7/site-packages/airflow/example_dags/example_task_group.py
[2022-02-03 23:39:45,183] {processor.py:642} INFO - Processing file /home/airflow/.local/lib/python3.7/site-packages/airflow/example_dags/example_task_group.py for tasks to queue
[2022-02-03 23:39:45,184] {logging_mixin.py:109} INFO - [2022-02-03 23:39:45,184] {dagbag.py:500} INFO - Filling up the DagBag from /home/airflow/.local/lib/python3.7/site-packages/airflow/example_dags/example_task_group.py
[2022-02-03 23:39:45,217] {processor.py:654} INFO - DAG(s) dict_keys(['example_task_group']) retrieved from /home/airflow/.local/lib/python3.7/site-packages/airflow/example_dags/example_task_group.py
[2022-02-03 23:39:45,232] {logging_mixin.py:109} INFO - [2022-02-03 23:39:45,232] {dag.py:2396} INFO - Sync 1 DAGs
[2022-02-03 23:39:45,248] {logging_mixin.py:109} INFO - [2022-02-03 23:39:45,248] {dag.py:2935} INFO - Setting next_dagrun for example_task_group to 2022-02-02T23:39:45.248072+00:00
[2022-02-03 23:39:45,259] {processor.py:171} INFO - Processing /home/airflow/.local/lib/python3.7/site-packages/airflow/example_dags/example_task_group.py took 0.082 seconds
[2022-02-03 23:40:15,826] {processor.py:163} INFO - Started process (PID=1137) to work on /home/airflow/.local/lib/python3.7/site-packages/airflow/example_dags/example_task_group.py
[2022-02-03 23:40:15,829] {processor.py:642} INFO - Processing file /home/airflow/.local/lib/python3.7/site-packages/airflow/example_dags/example_task_group.py for tasks to queue
[2022-02-03 23:40:15,830] {logging_mixin.py:109} INFO - [2022-02-03 23:40:15,830] {dagbag.py:500} INFO - Filling up the DagBag from /home/airflow/.local/lib/python3.7/site-packages/airflow/example_dags/example_task_group.py
[2022-02-03 23:40:15,865] {processor.py:654} INFO - DAG(s) dict_keys(['example_task_group']) retrieved from /home/airflow/.local/lib/python3.7/site-packages/airflow/example_dags/example_task_group.py
[2022-02-03 23:40:15,878] {logging_mixin.py:109} INFO - [2022-02-03 23:40:15,877] {dag.py:2396} INFO - Sync 1 DAGs
[2022-02-03 23:40:15,896] {logging_mixin.py:109} INFO - [2022-02-03 23:40:15,895] {dag.py:2935} INFO - Setting next_dagrun for example_task_group to 2022-02-02T23:40:15.895430+00:00
[2022-02-03 23:40:15,909] {processor.py:171} INFO - Processing /home/airflow/.local/lib/python3.7/site-packages/airflow/example_dags/example_task_group.py took 0.085 seconds
[2022-02-03 23:40:47,111] {processor.py:163} INFO - Started process (PID=1190) to work on /home/airflow/.local/lib/python3.7/site-packages/airflow/example_dags/example_task_group.py
[2022-02-03 23:40:47,115] {processor.py:642} INFO - Processing file /home/airflow/.local/lib/python3.7/site-packages/airflow/example_dags/example_task_group.py for tasks to queue
[2022-02-03 23:40:47,117] {logging_mixin.py:109} INFO - [2022-02-03 23:40:47,117] {dagbag.py:500} INFO - Filling up the DagBag from /home/airflow/.local/lib/python3.7/site-packages/airflow/example_dags/example_task_group.py
[2022-02-03 23:40:47,169] {processor.py:654} INFO - DAG(s) dict_keys(['example_task_group']) retrieved from /home/airflow/.local/lib/python3.7/site-packages/airflow/example_dags/example_task_group.py
[2022-02-03 23:40:47,209] {logging_mixin.py:109} INFO - [2022-02-03 23:40:47,209] {dag.py:2396} INFO - Sync 1 DAGs
[2022-02-03 23:40:47,234] {logging_mixin.py:109} INFO - [2022-02-03 23:40:47,234] {dag.py:2935} INFO - Setting next_dagrun for example_task_group to 2022-02-02T23:40:47.234324+00:00
[2022-02-03 23:40:47,254] {processor.py:171} INFO - Processing /home/airflow/.local/lib/python3.7/site-packages/airflow/example_dags/example_task_group.py took 0.149 seconds
