[2022-02-03 23:02:14,577] {processor.py:163} INFO - Started process (PID=114) to work on /home/airflow/.local/lib/python3.7/site-packages/airflow/example_dags/example_branch_datetime_operator.py
[2022-02-03 23:02:14,582] {processor.py:642} INFO - Processing file /home/airflow/.local/lib/python3.7/site-packages/airflow/example_dags/example_branch_datetime_operator.py for tasks to queue
[2022-02-03 23:02:14,586] {logging_mixin.py:109} INFO - [2022-02-03 23:02:14,586] {dagbag.py:500} INFO - Filling up the DagBag from /home/airflow/.local/lib/python3.7/site-packages/airflow/example_dags/example_branch_datetime_operator.py
[2022-02-03 23:02:14,752] {processor.py:654} INFO - DAG(s) dict_keys(['example_branch_datetime_operator_2']) retrieved from /home/airflow/.local/lib/python3.7/site-packages/airflow/example_dags/example_branch_datetime_operator.py
[2022-02-03 23:02:17,170] {logging_mixin.py:109} INFO - [2022-02-03 23:02:17,170] {manager.py:496} INFO - Created Permission View: can read on DAG:example_branch_datetime_operator_2
[2022-02-03 23:02:17,181] {logging_mixin.py:109} INFO - [2022-02-03 23:02:17,181] {manager.py:496} INFO - Created Permission View: can edit on DAG:example_branch_datetime_operator_2
[2022-02-03 23:02:17,182] {logging_mixin.py:109} INFO - [2022-02-03 23:02:17,182] {dag.py:2396} INFO - Sync 1 DAGs
[2022-02-03 23:02:17,190] {logging_mixin.py:109} INFO - [2022-02-03 23:02:17,190] {dag.py:2415} INFO - Creating ORM DAG for example_branch_datetime_operator_2
[2022-02-03 23:02:17,201] {logging_mixin.py:109} INFO - [2022-02-03 23:02:17,201] {dag.py:2935} INFO - Setting next_dagrun for example_branch_datetime_operator_2 to 2022-02-02 00:00:00+00:00
[2022-02-03 23:02:17,214] {processor.py:171} INFO - Processing /home/airflow/.local/lib/python3.7/site-packages/airflow/example_dags/example_branch_datetime_operator.py took 2.673 seconds
[2022-02-03 23:02:47,848] {processor.py:163} INFO - Started process (PID=246) to work on /home/airflow/.local/lib/python3.7/site-packages/airflow/example_dags/example_branch_datetime_operator.py
[2022-02-03 23:02:47,850] {processor.py:642} INFO - Processing file /home/airflow/.local/lib/python3.7/site-packages/airflow/example_dags/example_branch_datetime_operator.py for tasks to queue
[2022-02-03 23:02:47,852] {logging_mixin.py:109} INFO - [2022-02-03 23:02:47,852] {dagbag.py:500} INFO - Filling up the DagBag from /home/airflow/.local/lib/python3.7/site-packages/airflow/example_dags/example_branch_datetime_operator.py
[2022-02-03 23:02:47,891] {processor.py:654} INFO - DAG(s) dict_keys(['example_branch_datetime_operator_2']) retrieved from /home/airflow/.local/lib/python3.7/site-packages/airflow/example_dags/example_branch_datetime_operator.py
[2022-02-03 23:02:47,903] {logging_mixin.py:109} INFO - [2022-02-03 23:02:47,903] {dag.py:2396} INFO - Sync 1 DAGs
[2022-02-03 23:02:47,925] {logging_mixin.py:109} INFO - [2022-02-03 23:02:47,925] {dag.py:2935} INFO - Setting next_dagrun for example_branch_datetime_operator_2 to 2022-02-02 00:00:00+00:00
[2022-02-03 23:02:47,936] {processor.py:171} INFO - Processing /home/airflow/.local/lib/python3.7/site-packages/airflow/example_dags/example_branch_datetime_operator.py took 0.092 seconds
[2022-02-03 23:03:18,574] {processor.py:163} INFO - Started process (PID=299) to work on /home/airflow/.local/lib/python3.7/site-packages/airflow/example_dags/example_branch_datetime_operator.py
[2022-02-03 23:03:18,581] {processor.py:642} INFO - Processing file /home/airflow/.local/lib/python3.7/site-packages/airflow/example_dags/example_branch_datetime_operator.py for tasks to queue
[2022-02-03 23:03:18,584] {logging_mixin.py:109} INFO - [2022-02-03 23:03:18,584] {dagbag.py:500} INFO - Filling up the DagBag from /home/airflow/.local/lib/python3.7/site-packages/airflow/example_dags/example_branch_datetime_operator.py
[2022-02-03 23:03:18,632] {processor.py:654} INFO - DAG(s) dict_keys(['example_branch_datetime_operator_2']) retrieved from /home/airflow/.local/lib/python3.7/site-packages/airflow/example_dags/example_branch_datetime_operator.py
[2022-02-03 23:03:18,643] {logging_mixin.py:109} INFO - [2022-02-03 23:03:18,642] {dag.py:2396} INFO - Sync 1 DAGs
[2022-02-03 23:03:18,664] {logging_mixin.py:109} INFO - [2022-02-03 23:03:18,664] {dag.py:2935} INFO - Setting next_dagrun for example_branch_datetime_operator_2 to 2022-02-02 00:00:00+00:00
[2022-02-03 23:03:18,674] {processor.py:171} INFO - Processing /home/airflow/.local/lib/python3.7/site-packages/airflow/example_dags/example_branch_datetime_operator.py took 0.107 seconds
[2022-02-03 23:03:49,137] {processor.py:163} INFO - Started process (PID=362) to work on /home/airflow/.local/lib/python3.7/site-packages/airflow/example_dags/example_branch_datetime_operator.py
[2022-02-03 23:03:49,143] {processor.py:642} INFO - Processing file /home/airflow/.local/lib/python3.7/site-packages/airflow/example_dags/example_branch_datetime_operator.py for tasks to queue
[2022-02-03 23:03:49,147] {logging_mixin.py:109} INFO - [2022-02-03 23:03:49,146] {dagbag.py:500} INFO - Filling up the DagBag from /home/airflow/.local/lib/python3.7/site-packages/airflow/example_dags/example_branch_datetime_operator.py
[2022-02-03 23:03:49,218] {processor.py:654} INFO - DAG(s) dict_keys(['example_branch_datetime_operator_2']) retrieved from /home/airflow/.local/lib/python3.7/site-packages/airflow/example_dags/example_branch_datetime_operator.py
[2022-02-03 23:03:49,242] {logging_mixin.py:109} INFO - [2022-02-03 23:03:49,242] {dag.py:2396} INFO - Sync 1 DAGs
[2022-02-03 23:03:49,300] {logging_mixin.py:109} INFO - [2022-02-03 23:03:49,300] {dag.py:2935} INFO - Setting next_dagrun for example_branch_datetime_operator_2 to 2022-02-02 00:00:00+00:00
[2022-02-03 23:03:49,318] {processor.py:171} INFO - Processing /home/airflow/.local/lib/python3.7/site-packages/airflow/example_dags/example_branch_datetime_operator.py took 0.189 seconds
[2022-02-03 23:04:19,443] {processor.py:163} INFO - Started process (PID=418) to work on /home/airflow/.local/lib/python3.7/site-packages/airflow/example_dags/example_branch_datetime_operator.py
[2022-02-03 23:04:19,445] {processor.py:642} INFO - Processing file /home/airflow/.local/lib/python3.7/site-packages/airflow/example_dags/example_branch_datetime_operator.py for tasks to queue
[2022-02-03 23:04:19,447] {logging_mixin.py:109} INFO - [2022-02-03 23:04:19,447] {dagbag.py:500} INFO - Filling up the DagBag from /home/airflow/.local/lib/python3.7/site-packages/airflow/example_dags/example_branch_datetime_operator.py
[2022-02-03 23:04:19,491] {processor.py:654} INFO - DAG(s) dict_keys(['example_branch_datetime_operator_2']) retrieved from /home/airflow/.local/lib/python3.7/site-packages/airflow/example_dags/example_branch_datetime_operator.py
[2022-02-03 23:04:19,502] {logging_mixin.py:109} INFO - [2022-02-03 23:04:19,502] {dag.py:2396} INFO - Sync 1 DAGs
[2022-02-03 23:04:19,522] {logging_mixin.py:109} INFO - [2022-02-03 23:04:19,522] {dag.py:2935} INFO - Setting next_dagrun for example_branch_datetime_operator_2 to 2022-02-02 00:00:00+00:00
[2022-02-03 23:04:19,532] {processor.py:171} INFO - Processing /home/airflow/.local/lib/python3.7/site-packages/airflow/example_dags/example_branch_datetime_operator.py took 0.096 seconds
[2022-02-03 23:04:49,953] {processor.py:163} INFO - Started process (PID=474) to work on /home/airflow/.local/lib/python3.7/site-packages/airflow/example_dags/example_branch_datetime_operator.py
[2022-02-03 23:04:49,956] {processor.py:642} INFO - Processing file /home/airflow/.local/lib/python3.7/site-packages/airflow/example_dags/example_branch_datetime_operator.py for tasks to queue
[2022-02-03 23:04:49,958] {logging_mixin.py:109} INFO - [2022-02-03 23:04:49,958] {dagbag.py:500} INFO - Filling up the DagBag from /home/airflow/.local/lib/python3.7/site-packages/airflow/example_dags/example_branch_datetime_operator.py
[2022-02-03 23:04:49,993] {processor.py:654} INFO - DAG(s) dict_keys(['example_branch_datetime_operator_2']) retrieved from /home/airflow/.local/lib/python3.7/site-packages/airflow/example_dags/example_branch_datetime_operator.py
[2022-02-03 23:04:50,006] {logging_mixin.py:109} INFO - [2022-02-03 23:04:50,006] {dag.py:2396} INFO - Sync 1 DAGs
[2022-02-03 23:04:50,026] {logging_mixin.py:109} INFO - [2022-02-03 23:04:50,026] {dag.py:2935} INFO - Setting next_dagrun for example_branch_datetime_operator_2 to 2022-02-02 00:00:00+00:00
[2022-02-03 23:04:50,038] {processor.py:171} INFO - Processing /home/airflow/.local/lib/python3.7/site-packages/airflow/example_dags/example_branch_datetime_operator.py took 0.091 seconds
[2022-02-03 23:05:20,916] {processor.py:163} INFO - Started process (PID=537) to work on /home/airflow/.local/lib/python3.7/site-packages/airflow/example_dags/example_branch_datetime_operator.py
[2022-02-03 23:05:20,919] {processor.py:642} INFO - Processing file /home/airflow/.local/lib/python3.7/site-packages/airflow/example_dags/example_branch_datetime_operator.py for tasks to queue
[2022-02-03 23:05:20,921] {logging_mixin.py:109} INFO - [2022-02-03 23:05:20,921] {dagbag.py:500} INFO - Filling up the DagBag from /home/airflow/.local/lib/python3.7/site-packages/airflow/example_dags/example_branch_datetime_operator.py
[2022-02-03 23:05:20,963] {processor.py:654} INFO - DAG(s) dict_keys(['example_branch_datetime_operator_2']) retrieved from /home/airflow/.local/lib/python3.7/site-packages/airflow/example_dags/example_branch_datetime_operator.py
[2022-02-03 23:05:20,986] {logging_mixin.py:109} INFO - [2022-02-03 23:05:20,986] {dag.py:2396} INFO - Sync 1 DAGs
[2022-02-03 23:05:21,010] {logging_mixin.py:109} INFO - [2022-02-03 23:05:21,010] {dag.py:2935} INFO - Setting next_dagrun for example_branch_datetime_operator_2 to 2022-02-02 00:00:00+00:00
[2022-02-03 23:05:21,029] {processor.py:171} INFO - Processing /home/airflow/.local/lib/python3.7/site-packages/airflow/example_dags/example_branch_datetime_operator.py took 0.118 seconds
[2022-02-03 23:05:51,664] {processor.py:163} INFO - Started process (PID=596) to work on /home/airflow/.local/lib/python3.7/site-packages/airflow/example_dags/example_branch_datetime_operator.py
[2022-02-03 23:05:51,667] {processor.py:642} INFO - Processing file /home/airflow/.local/lib/python3.7/site-packages/airflow/example_dags/example_branch_datetime_operator.py for tasks to queue
[2022-02-03 23:05:51,669] {logging_mixin.py:109} INFO - [2022-02-03 23:05:51,669] {dagbag.py:500} INFO - Filling up the DagBag from /home/airflow/.local/lib/python3.7/site-packages/airflow/example_dags/example_branch_datetime_operator.py
[2022-02-03 23:05:51,710] {processor.py:654} INFO - DAG(s) dict_keys(['example_branch_datetime_operator_2']) retrieved from /home/airflow/.local/lib/python3.7/site-packages/airflow/example_dags/example_branch_datetime_operator.py
[2022-02-03 23:05:51,727] {logging_mixin.py:109} INFO - [2022-02-03 23:05:51,727] {dag.py:2396} INFO - Sync 1 DAGs
[2022-02-03 23:05:51,763] {logging_mixin.py:109} INFO - [2022-02-03 23:05:51,762] {dag.py:2935} INFO - Setting next_dagrun for example_branch_datetime_operator_2 to 2022-02-02 00:00:00+00:00
[2022-02-03 23:05:51,775] {processor.py:171} INFO - Processing /home/airflow/.local/lib/python3.7/site-packages/airflow/example_dags/example_branch_datetime_operator.py took 0.116 seconds
[2022-02-03 23:06:22,402] {processor.py:163} INFO - Started process (PID=651) to work on /home/airflow/.local/lib/python3.7/site-packages/airflow/example_dags/example_branch_datetime_operator.py
[2022-02-03 23:06:22,404] {processor.py:642} INFO - Processing file /home/airflow/.local/lib/python3.7/site-packages/airflow/example_dags/example_branch_datetime_operator.py for tasks to queue
[2022-02-03 23:06:22,406] {logging_mixin.py:109} INFO - [2022-02-03 23:06:22,405] {dagbag.py:500} INFO - Filling up the DagBag from /home/airflow/.local/lib/python3.7/site-packages/airflow/example_dags/example_branch_datetime_operator.py
[2022-02-03 23:06:22,439] {processor.py:654} INFO - DAG(s) dict_keys(['example_branch_datetime_operator_2']) retrieved from /home/airflow/.local/lib/python3.7/site-packages/airflow/example_dags/example_branch_datetime_operator.py
[2022-02-03 23:06:22,454] {logging_mixin.py:109} INFO - [2022-02-03 23:06:22,454] {dag.py:2396} INFO - Sync 1 DAGs
[2022-02-03 23:06:22,473] {logging_mixin.py:109} INFO - [2022-02-03 23:06:22,473] {dag.py:2935} INFO - Setting next_dagrun for example_branch_datetime_operator_2 to 2022-02-02 00:00:00+00:00
[2022-02-03 23:06:22,484] {processor.py:171} INFO - Processing /home/airflow/.local/lib/python3.7/site-packages/airflow/example_dags/example_branch_datetime_operator.py took 0.087 seconds
[2022-02-03 23:06:53,019] {processor.py:163} INFO - Started process (PID=715) to work on /home/airflow/.local/lib/python3.7/site-packages/airflow/example_dags/example_branch_datetime_operator.py
[2022-02-03 23:06:53,021] {processor.py:642} INFO - Processing file /home/airflow/.local/lib/python3.7/site-packages/airflow/example_dags/example_branch_datetime_operator.py for tasks to queue
[2022-02-03 23:06:53,023] {logging_mixin.py:109} INFO - [2022-02-03 23:06:53,023] {dagbag.py:500} INFO - Filling up the DagBag from /home/airflow/.local/lib/python3.7/site-packages/airflow/example_dags/example_branch_datetime_operator.py
[2022-02-03 23:06:53,058] {processor.py:654} INFO - DAG(s) dict_keys(['example_branch_datetime_operator_2']) retrieved from /home/airflow/.local/lib/python3.7/site-packages/airflow/example_dags/example_branch_datetime_operator.py
[2022-02-03 23:06:53,083] {logging_mixin.py:109} INFO - [2022-02-03 23:06:53,083] {dag.py:2396} INFO - Sync 1 DAGs
[2022-02-03 23:06:53,113] {logging_mixin.py:109} INFO - [2022-02-03 23:06:53,112] {dag.py:2935} INFO - Setting next_dagrun for example_branch_datetime_operator_2 to 2022-02-02 00:00:00+00:00
[2022-02-03 23:06:53,124] {processor.py:171} INFO - Processing /home/airflow/.local/lib/python3.7/site-packages/airflow/example_dags/example_branch_datetime_operator.py took 0.111 seconds
[2022-02-03 23:07:23,849] {processor.py:163} INFO - Started process (PID=767) to work on /home/airflow/.local/lib/python3.7/site-packages/airflow/example_dags/example_branch_datetime_operator.py
[2022-02-03 23:07:23,852] {processor.py:642} INFO - Processing file /home/airflow/.local/lib/python3.7/site-packages/airflow/example_dags/example_branch_datetime_operator.py for tasks to queue
[2022-02-03 23:07:23,854] {logging_mixin.py:109} INFO - [2022-02-03 23:07:23,854] {dagbag.py:500} INFO - Filling up the DagBag from /home/airflow/.local/lib/python3.7/site-packages/airflow/example_dags/example_branch_datetime_operator.py
[2022-02-03 23:07:23,902] {processor.py:654} INFO - DAG(s) dict_keys(['example_branch_datetime_operator_2']) retrieved from /home/airflow/.local/lib/python3.7/site-packages/airflow/example_dags/example_branch_datetime_operator.py
[2022-02-03 23:07:23,920] {logging_mixin.py:109} INFO - [2022-02-03 23:07:23,920] {dag.py:2396} INFO - Sync 1 DAGs
[2022-02-03 23:07:23,978] {logging_mixin.py:109} INFO - [2022-02-03 23:07:23,978] {dag.py:2935} INFO - Setting next_dagrun for example_branch_datetime_operator_2 to 2022-02-02 00:00:00+00:00
[2022-02-03 23:07:24,022] {processor.py:171} INFO - Processing /home/airflow/.local/lib/python3.7/site-packages/airflow/example_dags/example_branch_datetime_operator.py took 0.178 seconds
[2022-02-03 23:07:54,064] {processor.py:163} INFO - Started process (PID=829) to work on /home/airflow/.local/lib/python3.7/site-packages/airflow/example_dags/example_branch_datetime_operator.py
[2022-02-03 23:07:54,067] {processor.py:642} INFO - Processing file /home/airflow/.local/lib/python3.7/site-packages/airflow/example_dags/example_branch_datetime_operator.py for tasks to queue
[2022-02-03 23:07:54,069] {logging_mixin.py:109} INFO - [2022-02-03 23:07:54,069] {dagbag.py:500} INFO - Filling up the DagBag from /home/airflow/.local/lib/python3.7/site-packages/airflow/example_dags/example_branch_datetime_operator.py
[2022-02-03 23:07:54,131] {processor.py:654} INFO - DAG(s) dict_keys(['example_branch_datetime_operator_2']) retrieved from /home/airflow/.local/lib/python3.7/site-packages/airflow/example_dags/example_branch_datetime_operator.py
[2022-02-03 23:07:54,145] {logging_mixin.py:109} INFO - [2022-02-03 23:07:54,145] {dag.py:2396} INFO - Sync 1 DAGs
[2022-02-03 23:07:54,166] {logging_mixin.py:109} INFO - [2022-02-03 23:07:54,166] {dag.py:2935} INFO - Setting next_dagrun for example_branch_datetime_operator_2 to 2022-02-02 00:00:00+00:00
[2022-02-03 23:07:54,179] {processor.py:171} INFO - Processing /home/airflow/.local/lib/python3.7/site-packages/airflow/example_dags/example_branch_datetime_operator.py took 0.119 seconds
[2022-02-03 23:08:24,993] {processor.py:163} INFO - Started process (PID=887) to work on /home/airflow/.local/lib/python3.7/site-packages/airflow/example_dags/example_branch_datetime_operator.py
[2022-02-03 23:08:25,001] {processor.py:642} INFO - Processing file /home/airflow/.local/lib/python3.7/site-packages/airflow/example_dags/example_branch_datetime_operator.py for tasks to queue
[2022-02-03 23:08:25,004] {logging_mixin.py:109} INFO - [2022-02-03 23:08:25,003] {dagbag.py:500} INFO - Filling up the DagBag from /home/airflow/.local/lib/python3.7/site-packages/airflow/example_dags/example_branch_datetime_operator.py
[2022-02-03 23:08:25,108] {processor.py:654} INFO - DAG(s) dict_keys(['example_branch_datetime_operator_2']) retrieved from /home/airflow/.local/lib/python3.7/site-packages/airflow/example_dags/example_branch_datetime_operator.py
[2022-02-03 23:08:25,144] {logging_mixin.py:109} INFO - [2022-02-03 23:08:25,143] {dag.py:2396} INFO - Sync 1 DAGs
[2022-02-03 23:08:25,240] {logging_mixin.py:109} INFO - [2022-02-03 23:08:25,240] {dag.py:2935} INFO - Setting next_dagrun for example_branch_datetime_operator_2 to 2022-02-02 00:00:00+00:00
[2022-02-03 23:08:25,293] {processor.py:171} INFO - Processing /home/airflow/.local/lib/python3.7/site-packages/airflow/example_dags/example_branch_datetime_operator.py took 0.324 seconds
[2022-02-03 23:08:56,002] {processor.py:163} INFO - Started process (PID=947) to work on /home/airflow/.local/lib/python3.7/site-packages/airflow/example_dags/example_branch_datetime_operator.py
[2022-02-03 23:08:56,010] {processor.py:642} INFO - Processing file /home/airflow/.local/lib/python3.7/site-packages/airflow/example_dags/example_branch_datetime_operator.py for tasks to queue
[2022-02-03 23:08:56,012] {logging_mixin.py:109} INFO - [2022-02-03 23:08:56,012] {dagbag.py:500} INFO - Filling up the DagBag from /home/airflow/.local/lib/python3.7/site-packages/airflow/example_dags/example_branch_datetime_operator.py
[2022-02-03 23:08:56,070] {processor.py:654} INFO - DAG(s) dict_keys(['example_branch_datetime_operator_2']) retrieved from /home/airflow/.local/lib/python3.7/site-packages/airflow/example_dags/example_branch_datetime_operator.py
[2022-02-03 23:08:56,083] {logging_mixin.py:109} INFO - [2022-02-03 23:08:56,083] {dag.py:2396} INFO - Sync 1 DAGs
[2022-02-03 23:08:56,106] {logging_mixin.py:109} INFO - [2022-02-03 23:08:56,106] {dag.py:2935} INFO - Setting next_dagrun for example_branch_datetime_operator_2 to 2022-02-02 00:00:00+00:00
[2022-02-03 23:08:56,117] {processor.py:171} INFO - Processing /home/airflow/.local/lib/python3.7/site-packages/airflow/example_dags/example_branch_datetime_operator.py took 0.121 seconds
[2022-02-03 23:09:26,433] {processor.py:163} INFO - Started process (PID=1003) to work on /home/airflow/.local/lib/python3.7/site-packages/airflow/example_dags/example_branch_datetime_operator.py
[2022-02-03 23:09:26,441] {processor.py:642} INFO - Processing file /home/airflow/.local/lib/python3.7/site-packages/airflow/example_dags/example_branch_datetime_operator.py for tasks to queue
[2022-02-03 23:09:26,449] {logging_mixin.py:109} INFO - [2022-02-03 23:09:26,446] {dagbag.py:500} INFO - Filling up the DagBag from /home/airflow/.local/lib/python3.7/site-packages/airflow/example_dags/example_branch_datetime_operator.py
[2022-02-03 23:09:26,501] {processor.py:654} INFO - DAG(s) dict_keys(['example_branch_datetime_operator_2']) retrieved from /home/airflow/.local/lib/python3.7/site-packages/airflow/example_dags/example_branch_datetime_operator.py
[2022-02-03 23:09:26,531] {logging_mixin.py:109} INFO - [2022-02-03 23:09:26,531] {dag.py:2396} INFO - Sync 1 DAGs
[2022-02-03 23:09:26,559] {logging_mixin.py:109} INFO - [2022-02-03 23:09:26,559] {dag.py:2935} INFO - Setting next_dagrun for example_branch_datetime_operator_2 to 2022-02-02 00:00:00+00:00
[2022-02-03 23:09:26,578] {processor.py:171} INFO - Processing /home/airflow/.local/lib/python3.7/site-packages/airflow/example_dags/example_branch_datetime_operator.py took 0.187 seconds
[2022-02-03 23:09:57,003] {processor.py:163} INFO - Started process (PID=1072) to work on /home/airflow/.local/lib/python3.7/site-packages/airflow/example_dags/example_branch_datetime_operator.py
[2022-02-03 23:09:57,007] {processor.py:642} INFO - Processing file /home/airflow/.local/lib/python3.7/site-packages/airflow/example_dags/example_branch_datetime_operator.py for tasks to queue
[2022-02-03 23:09:57,008] {logging_mixin.py:109} INFO - [2022-02-03 23:09:57,008] {dagbag.py:500} INFO - Filling up the DagBag from /home/airflow/.local/lib/python3.7/site-packages/airflow/example_dags/example_branch_datetime_operator.py
[2022-02-03 23:09:57,054] {processor.py:654} INFO - DAG(s) dict_keys(['example_branch_datetime_operator_2']) retrieved from /home/airflow/.local/lib/python3.7/site-packages/airflow/example_dags/example_branch_datetime_operator.py
[2022-02-03 23:09:57,068] {logging_mixin.py:109} INFO - [2022-02-03 23:09:57,067] {dag.py:2396} INFO - Sync 1 DAGs
[2022-02-03 23:09:57,089] {logging_mixin.py:109} INFO - [2022-02-03 23:09:57,089] {dag.py:2935} INFO - Setting next_dagrun for example_branch_datetime_operator_2 to 2022-02-02 00:00:00+00:00
[2022-02-03 23:09:57,101] {processor.py:171} INFO - Processing /home/airflow/.local/lib/python3.7/site-packages/airflow/example_dags/example_branch_datetime_operator.py took 0.101 seconds
[2022-02-03 23:10:27,577] {processor.py:163} INFO - Started process (PID=1128) to work on /home/airflow/.local/lib/python3.7/site-packages/airflow/example_dags/example_branch_datetime_operator.py
[2022-02-03 23:10:27,579] {processor.py:642} INFO - Processing file /home/airflow/.local/lib/python3.7/site-packages/airflow/example_dags/example_branch_datetime_operator.py for tasks to queue
[2022-02-03 23:10:27,581] {logging_mixin.py:109} INFO - [2022-02-03 23:10:27,581] {dagbag.py:500} INFO - Filling up the DagBag from /home/airflow/.local/lib/python3.7/site-packages/airflow/example_dags/example_branch_datetime_operator.py
[2022-02-03 23:10:27,616] {processor.py:654} INFO - DAG(s) dict_keys(['example_branch_datetime_operator_2']) retrieved from /home/airflow/.local/lib/python3.7/site-packages/airflow/example_dags/example_branch_datetime_operator.py
[2022-02-03 23:10:27,629] {logging_mixin.py:109} INFO - [2022-02-03 23:10:27,629] {dag.py:2396} INFO - Sync 1 DAGs
[2022-02-03 23:10:27,651] {logging_mixin.py:109} INFO - [2022-02-03 23:10:27,651] {dag.py:2935} INFO - Setting next_dagrun for example_branch_datetime_operator_2 to 2022-02-02 00:00:00+00:00
[2022-02-03 23:10:27,666] {processor.py:171} INFO - Processing /home/airflow/.local/lib/python3.7/site-packages/airflow/example_dags/example_branch_datetime_operator.py took 0.094 seconds
[2022-02-03 23:10:58,358] {processor.py:163} INFO - Started process (PID=1190) to work on /home/airflow/.local/lib/python3.7/site-packages/airflow/example_dags/example_branch_datetime_operator.py
[2022-02-03 23:10:58,362] {processor.py:642} INFO - Processing file /home/airflow/.local/lib/python3.7/site-packages/airflow/example_dags/example_branch_datetime_operator.py for tasks to queue
[2022-02-03 23:10:58,365] {logging_mixin.py:109} INFO - [2022-02-03 23:10:58,365] {dagbag.py:500} INFO - Filling up the DagBag from /home/airflow/.local/lib/python3.7/site-packages/airflow/example_dags/example_branch_datetime_operator.py
[2022-02-03 23:10:58,410] {processor.py:654} INFO - DAG(s) dict_keys(['example_branch_datetime_operator_2']) retrieved from /home/airflow/.local/lib/python3.7/site-packages/airflow/example_dags/example_branch_datetime_operator.py
[2022-02-03 23:10:58,428] {logging_mixin.py:109} INFO - [2022-02-03 23:10:58,428] {dag.py:2396} INFO - Sync 1 DAGs
[2022-02-03 23:10:58,469] {logging_mixin.py:109} INFO - [2022-02-03 23:10:58,468] {dag.py:2935} INFO - Setting next_dagrun for example_branch_datetime_operator_2 to 2022-02-02 00:00:00+00:00
[2022-02-03 23:10:58,497] {processor.py:171} INFO - Processing /home/airflow/.local/lib/python3.7/site-packages/airflow/example_dags/example_branch_datetime_operator.py took 0.144 seconds
[2022-02-03 23:11:29,254] {processor.py:163} INFO - Started process (PID=1249) to work on /home/airflow/.local/lib/python3.7/site-packages/airflow/example_dags/example_branch_datetime_operator.py
[2022-02-03 23:11:29,258] {processor.py:642} INFO - Processing file /home/airflow/.local/lib/python3.7/site-packages/airflow/example_dags/example_branch_datetime_operator.py for tasks to queue
[2022-02-03 23:11:29,264] {logging_mixin.py:109} INFO - [2022-02-03 23:11:29,263] {dagbag.py:500} INFO - Filling up the DagBag from /home/airflow/.local/lib/python3.7/site-packages/airflow/example_dags/example_branch_datetime_operator.py
[2022-02-03 23:11:29,328] {processor.py:654} INFO - DAG(s) dict_keys(['example_branch_datetime_operator_2']) retrieved from /home/airflow/.local/lib/python3.7/site-packages/airflow/example_dags/example_branch_datetime_operator.py
[2022-02-03 23:11:29,344] {logging_mixin.py:109} INFO - [2022-02-03 23:11:29,344] {dag.py:2396} INFO - Sync 1 DAGs
[2022-02-03 23:11:29,372] {logging_mixin.py:109} INFO - [2022-02-03 23:11:29,371] {dag.py:2935} INFO - Setting next_dagrun for example_branch_datetime_operator_2 to 2022-02-02 00:00:00+00:00
[2022-02-03 23:11:29,397] {processor.py:171} INFO - Processing /home/airflow/.local/lib/python3.7/site-packages/airflow/example_dags/example_branch_datetime_operator.py took 0.153 seconds
[2022-02-03 23:11:59,575] {processor.py:163} INFO - Started process (PID=1305) to work on /home/airflow/.local/lib/python3.7/site-packages/airflow/example_dags/example_branch_datetime_operator.py
[2022-02-03 23:11:59,579] {processor.py:642} INFO - Processing file /home/airflow/.local/lib/python3.7/site-packages/airflow/example_dags/example_branch_datetime_operator.py for tasks to queue
[2022-02-03 23:11:59,582] {logging_mixin.py:109} INFO - [2022-02-03 23:11:59,582] {dagbag.py:500} INFO - Filling up the DagBag from /home/airflow/.local/lib/python3.7/site-packages/airflow/example_dags/example_branch_datetime_operator.py
[2022-02-03 23:11:59,615] {processor.py:654} INFO - DAG(s) dict_keys(['example_branch_datetime_operator_2']) retrieved from /home/airflow/.local/lib/python3.7/site-packages/airflow/example_dags/example_branch_datetime_operator.py
[2022-02-03 23:11:59,636] {logging_mixin.py:109} INFO - [2022-02-03 23:11:59,636] {dag.py:2396} INFO - Sync 1 DAGs
[2022-02-03 23:11:59,654] {logging_mixin.py:109} INFO - [2022-02-03 23:11:59,654] {dag.py:2935} INFO - Setting next_dagrun for example_branch_datetime_operator_2 to 2022-02-02 00:00:00+00:00
[2022-02-03 23:11:59,664] {processor.py:171} INFO - Processing /home/airflow/.local/lib/python3.7/site-packages/airflow/example_dags/example_branch_datetime_operator.py took 0.095 seconds
[2022-02-03 23:12:30,219] {processor.py:163} INFO - Started process (PID=1368) to work on /home/airflow/.local/lib/python3.7/site-packages/airflow/example_dags/example_branch_datetime_operator.py
[2022-02-03 23:12:30,221] {processor.py:642} INFO - Processing file /home/airflow/.local/lib/python3.7/site-packages/airflow/example_dags/example_branch_datetime_operator.py for tasks to queue
[2022-02-03 23:12:30,222] {logging_mixin.py:109} INFO - [2022-02-03 23:12:30,222] {dagbag.py:500} INFO - Filling up the DagBag from /home/airflow/.local/lib/python3.7/site-packages/airflow/example_dags/example_branch_datetime_operator.py
[2022-02-03 23:12:30,261] {processor.py:654} INFO - DAG(s) dict_keys(['example_branch_datetime_operator_2']) retrieved from /home/airflow/.local/lib/python3.7/site-packages/airflow/example_dags/example_branch_datetime_operator.py
[2022-02-03 23:12:30,277] {logging_mixin.py:109} INFO - [2022-02-03 23:12:30,276] {dag.py:2396} INFO - Sync 1 DAGs
[2022-02-03 23:12:30,306] {logging_mixin.py:109} INFO - [2022-02-03 23:12:30,306] {dag.py:2935} INFO - Setting next_dagrun for example_branch_datetime_operator_2 to 2022-02-02 00:00:00+00:00
[2022-02-03 23:12:30,325] {processor.py:171} INFO - Processing /home/airflow/.local/lib/python3.7/site-packages/airflow/example_dags/example_branch_datetime_operator.py took 0.114 seconds
[2022-02-03 23:13:00,710] {processor.py:163} INFO - Started process (PID=1422) to work on /home/airflow/.local/lib/python3.7/site-packages/airflow/example_dags/example_branch_datetime_operator.py
[2022-02-03 23:13:00,713] {processor.py:642} INFO - Processing file /home/airflow/.local/lib/python3.7/site-packages/airflow/example_dags/example_branch_datetime_operator.py for tasks to queue
[2022-02-03 23:13:00,714] {logging_mixin.py:109} INFO - [2022-02-03 23:13:00,714] {dagbag.py:500} INFO - Filling up the DagBag from /home/airflow/.local/lib/python3.7/site-packages/airflow/example_dags/example_branch_datetime_operator.py
[2022-02-03 23:13:00,776] {processor.py:654} INFO - DAG(s) dict_keys(['example_branch_datetime_operator_2']) retrieved from /home/airflow/.local/lib/python3.7/site-packages/airflow/example_dags/example_branch_datetime_operator.py
[2022-02-03 23:13:00,795] {logging_mixin.py:109} INFO - [2022-02-03 23:13:00,795] {dag.py:2396} INFO - Sync 1 DAGs
[2022-02-03 23:13:00,822] {logging_mixin.py:109} INFO - [2022-02-03 23:13:00,822] {dag.py:2935} INFO - Setting next_dagrun for example_branch_datetime_operator_2 to 2022-02-02 00:00:00+00:00
[2022-02-03 23:13:00,851] {processor.py:171} INFO - Processing /home/airflow/.local/lib/python3.7/site-packages/airflow/example_dags/example_branch_datetime_operator.py took 0.145 seconds
[2022-02-03 23:13:31,540] {processor.py:163} INFO - Started process (PID=1476) to work on /home/airflow/.local/lib/python3.7/site-packages/airflow/example_dags/example_branch_datetime_operator.py
[2022-02-03 23:13:31,545] {processor.py:642} INFO - Processing file /home/airflow/.local/lib/python3.7/site-packages/airflow/example_dags/example_branch_datetime_operator.py for tasks to queue
[2022-02-03 23:13:31,547] {logging_mixin.py:109} INFO - [2022-02-03 23:13:31,547] {dagbag.py:500} INFO - Filling up the DagBag from /home/airflow/.local/lib/python3.7/site-packages/airflow/example_dags/example_branch_datetime_operator.py
[2022-02-03 23:13:31,590] {processor.py:654} INFO - DAG(s) dict_keys(['example_branch_datetime_operator_2']) retrieved from /home/airflow/.local/lib/python3.7/site-packages/airflow/example_dags/example_branch_datetime_operator.py
[2022-02-03 23:13:31,607] {logging_mixin.py:109} INFO - [2022-02-03 23:13:31,607] {dag.py:2396} INFO - Sync 1 DAGs
[2022-02-03 23:13:31,631] {logging_mixin.py:109} INFO - [2022-02-03 23:13:31,631] {dag.py:2935} INFO - Setting next_dagrun for example_branch_datetime_operator_2 to 2022-02-02 00:00:00+00:00
[2022-02-03 23:13:31,643] {processor.py:171} INFO - Processing /home/airflow/.local/lib/python3.7/site-packages/airflow/example_dags/example_branch_datetime_operator.py took 0.117 seconds
[2022-02-03 23:15:05,883] {processor.py:163} INFO - Started process (PID=51) to work on /home/airflow/.local/lib/python3.7/site-packages/airflow/example_dags/example_branch_datetime_operator.py
[2022-02-03 23:15:05,888] {processor.py:642} INFO - Processing file /home/airflow/.local/lib/python3.7/site-packages/airflow/example_dags/example_branch_datetime_operator.py for tasks to queue
[2022-02-03 23:15:05,895] {logging_mixin.py:109} INFO - [2022-02-03 23:15:05,895] {dagbag.py:500} INFO - Filling up the DagBag from /home/airflow/.local/lib/python3.7/site-packages/airflow/example_dags/example_branch_datetime_operator.py
[2022-02-03 23:15:05,941] {processor.py:654} INFO - DAG(s) dict_keys(['example_branch_datetime_operator_2']) retrieved from /home/airflow/.local/lib/python3.7/site-packages/airflow/example_dags/example_branch_datetime_operator.py
[2022-02-03 23:15:05,959] {logging_mixin.py:109} INFO - [2022-02-03 23:15:05,959] {dag.py:2396} INFO - Sync 1 DAGs
[2022-02-03 23:15:05,991] {logging_mixin.py:109} INFO - [2022-02-03 23:15:05,991] {dag.py:2935} INFO - Setting next_dagrun for example_branch_datetime_operator_2 to 2022-02-02 00:00:00+00:00
[2022-02-03 23:15:06,017] {processor.py:171} INFO - Processing /home/airflow/.local/lib/python3.7/site-packages/airflow/example_dags/example_branch_datetime_operator.py took 0.146 seconds
[2022-02-03 23:30:31,757] {processor.py:163} INFO - Started process (PID=51) to work on /home/airflow/.local/lib/python3.7/site-packages/airflow/example_dags/example_branch_datetime_operator.py
[2022-02-03 23:30:31,763] {processor.py:642} INFO - Processing file /home/airflow/.local/lib/python3.7/site-packages/airflow/example_dags/example_branch_datetime_operator.py for tasks to queue
[2022-02-03 23:30:31,764] {logging_mixin.py:109} INFO - [2022-02-03 23:30:31,764] {dagbag.py:500} INFO - Filling up the DagBag from /home/airflow/.local/lib/python3.7/site-packages/airflow/example_dags/example_branch_datetime_operator.py
[2022-02-03 23:30:31,814] {processor.py:654} INFO - DAG(s) dict_keys(['example_branch_datetime_operator_2']) retrieved from /home/airflow/.local/lib/python3.7/site-packages/airflow/example_dags/example_branch_datetime_operator.py
[2022-02-03 23:30:31,827] {logging_mixin.py:109} INFO - [2022-02-03 23:30:31,827] {dag.py:2396} INFO - Sync 1 DAGs
[2022-02-03 23:30:31,857] {logging_mixin.py:109} INFO - [2022-02-03 23:30:31,857] {dag.py:2935} INFO - Setting next_dagrun for example_branch_datetime_operator_2 to 2022-02-02 00:00:00+00:00
[2022-02-03 23:30:31,872] {processor.py:171} INFO - Processing /home/airflow/.local/lib/python3.7/site-packages/airflow/example_dags/example_branch_datetime_operator.py took 0.119 seconds
[2022-02-03 23:31:02,662] {processor.py:163} INFO - Started process (PID=103) to work on /home/airflow/.local/lib/python3.7/site-packages/airflow/example_dags/example_branch_datetime_operator.py
[2022-02-03 23:31:02,665] {processor.py:642} INFO - Processing file /home/airflow/.local/lib/python3.7/site-packages/airflow/example_dags/example_branch_datetime_operator.py for tasks to queue
[2022-02-03 23:31:02,666] {logging_mixin.py:109} INFO - [2022-02-03 23:31:02,666] {dagbag.py:500} INFO - Filling up the DagBag from /home/airflow/.local/lib/python3.7/site-packages/airflow/example_dags/example_branch_datetime_operator.py
[2022-02-03 23:31:02,698] {processor.py:654} INFO - DAG(s) dict_keys(['example_branch_datetime_operator_2']) retrieved from /home/airflow/.local/lib/python3.7/site-packages/airflow/example_dags/example_branch_datetime_operator.py
[2022-02-03 23:31:02,716] {logging_mixin.py:109} INFO - [2022-02-03 23:31:02,715] {dag.py:2396} INFO - Sync 1 DAGs
[2022-02-03 23:31:02,733] {logging_mixin.py:109} INFO - [2022-02-03 23:31:02,732] {dag.py:2935} INFO - Setting next_dagrun for example_branch_datetime_operator_2 to 2022-02-02 00:00:00+00:00
[2022-02-03 23:31:02,744] {processor.py:171} INFO - Processing /home/airflow/.local/lib/python3.7/site-packages/airflow/example_dags/example_branch_datetime_operator.py took 0.085 seconds
[2022-02-03 23:31:33,117] {processor.py:163} INFO - Started process (PID=159) to work on /home/airflow/.local/lib/python3.7/site-packages/airflow/example_dags/example_branch_datetime_operator.py
[2022-02-03 23:31:33,120] {processor.py:642} INFO - Processing file /home/airflow/.local/lib/python3.7/site-packages/airflow/example_dags/example_branch_datetime_operator.py for tasks to queue
[2022-02-03 23:31:33,121] {logging_mixin.py:109} INFO - [2022-02-03 23:31:33,121] {dagbag.py:500} INFO - Filling up the DagBag from /home/airflow/.local/lib/python3.7/site-packages/airflow/example_dags/example_branch_datetime_operator.py
[2022-02-03 23:31:33,185] {processor.py:654} INFO - DAG(s) dict_keys(['example_branch_datetime_operator_2']) retrieved from /home/airflow/.local/lib/python3.7/site-packages/airflow/example_dags/example_branch_datetime_operator.py
[2022-02-03 23:31:33,205] {logging_mixin.py:109} INFO - [2022-02-03 23:31:33,205] {dag.py:2396} INFO - Sync 1 DAGs
[2022-02-03 23:31:33,236] {logging_mixin.py:109} INFO - [2022-02-03 23:31:33,236] {dag.py:2935} INFO - Setting next_dagrun for example_branch_datetime_operator_2 to 2022-02-02 00:00:00+00:00
[2022-02-03 23:31:33,260] {processor.py:171} INFO - Processing /home/airflow/.local/lib/python3.7/site-packages/airflow/example_dags/example_branch_datetime_operator.py took 0.148 seconds
[2022-02-03 23:32:03,805] {processor.py:163} INFO - Started process (PID=223) to work on /home/airflow/.local/lib/python3.7/site-packages/airflow/example_dags/example_branch_datetime_operator.py
[2022-02-03 23:32:03,813] {processor.py:642} INFO - Processing file /home/airflow/.local/lib/python3.7/site-packages/airflow/example_dags/example_branch_datetime_operator.py for tasks to queue
[2022-02-03 23:32:03,815] {logging_mixin.py:109} INFO - [2022-02-03 23:32:03,815] {dagbag.py:500} INFO - Filling up the DagBag from /home/airflow/.local/lib/python3.7/site-packages/airflow/example_dags/example_branch_datetime_operator.py
[2022-02-03 23:32:03,864] {processor.py:654} INFO - DAG(s) dict_keys(['example_branch_datetime_operator_2']) retrieved from /home/airflow/.local/lib/python3.7/site-packages/airflow/example_dags/example_branch_datetime_operator.py
[2022-02-03 23:32:03,875] {logging_mixin.py:109} INFO - [2022-02-03 23:32:03,875] {dag.py:2396} INFO - Sync 1 DAGs
[2022-02-03 23:32:03,899] {logging_mixin.py:109} INFO - [2022-02-03 23:32:03,899] {dag.py:2935} INFO - Setting next_dagrun for example_branch_datetime_operator_2 to 2022-02-02 00:00:00+00:00
[2022-02-03 23:32:03,915] {processor.py:171} INFO - Processing /home/airflow/.local/lib/python3.7/site-packages/airflow/example_dags/example_branch_datetime_operator.py took 0.113 seconds
[2022-02-03 23:32:34,824] {processor.py:163} INFO - Started process (PID=276) to work on /home/airflow/.local/lib/python3.7/site-packages/airflow/example_dags/example_branch_datetime_operator.py
[2022-02-03 23:32:34,826] {processor.py:642} INFO - Processing file /home/airflow/.local/lib/python3.7/site-packages/airflow/example_dags/example_branch_datetime_operator.py for tasks to queue
[2022-02-03 23:32:34,827] {logging_mixin.py:109} INFO - [2022-02-03 23:32:34,827] {dagbag.py:500} INFO - Filling up the DagBag from /home/airflow/.local/lib/python3.7/site-packages/airflow/example_dags/example_branch_datetime_operator.py
[2022-02-03 23:32:34,873] {processor.py:654} INFO - DAG(s) dict_keys(['example_branch_datetime_operator_2']) retrieved from /home/airflow/.local/lib/python3.7/site-packages/airflow/example_dags/example_branch_datetime_operator.py
[2022-02-03 23:32:34,885] {logging_mixin.py:109} INFO - [2022-02-03 23:32:34,885] {dag.py:2396} INFO - Sync 1 DAGs
[2022-02-03 23:32:34,909] {logging_mixin.py:109} INFO - [2022-02-03 23:32:34,909] {dag.py:2935} INFO - Setting next_dagrun for example_branch_datetime_operator_2 to 2022-02-02 00:00:00+00:00
[2022-02-03 23:32:34,920] {processor.py:171} INFO - Processing /home/airflow/.local/lib/python3.7/site-packages/airflow/example_dags/example_branch_datetime_operator.py took 0.100 seconds
[2022-02-03 23:33:05,928] {processor.py:163} INFO - Started process (PID=329) to work on /home/airflow/.local/lib/python3.7/site-packages/airflow/example_dags/example_branch_datetime_operator.py
[2022-02-03 23:33:05,930] {processor.py:642} INFO - Processing file /home/airflow/.local/lib/python3.7/site-packages/airflow/example_dags/example_branch_datetime_operator.py for tasks to queue
[2022-02-03 23:33:05,932] {logging_mixin.py:109} INFO - [2022-02-03 23:33:05,932] {dagbag.py:500} INFO - Filling up the DagBag from /home/airflow/.local/lib/python3.7/site-packages/airflow/example_dags/example_branch_datetime_operator.py
[2022-02-03 23:33:05,984] {processor.py:654} INFO - DAG(s) dict_keys(['example_branch_datetime_operator_2']) retrieved from /home/airflow/.local/lib/python3.7/site-packages/airflow/example_dags/example_branch_datetime_operator.py
[2022-02-03 23:33:06,019] {logging_mixin.py:109} INFO - [2022-02-03 23:33:06,018] {dag.py:2396} INFO - Sync 1 DAGs
[2022-02-03 23:33:06,041] {logging_mixin.py:109} INFO - [2022-02-03 23:33:06,041] {dag.py:2935} INFO - Setting next_dagrun for example_branch_datetime_operator_2 to 2022-02-02 00:00:00+00:00
[2022-02-03 23:33:06,064] {processor.py:171} INFO - Processing /home/airflow/.local/lib/python3.7/site-packages/airflow/example_dags/example_branch_datetime_operator.py took 0.141 seconds
[2022-02-03 23:33:36,812] {processor.py:163} INFO - Started process (PID=394) to work on /home/airflow/.local/lib/python3.7/site-packages/airflow/example_dags/example_branch_datetime_operator.py
[2022-02-03 23:33:36,814] {processor.py:642} INFO - Processing file /home/airflow/.local/lib/python3.7/site-packages/airflow/example_dags/example_branch_datetime_operator.py for tasks to queue
[2022-02-03 23:33:36,816] {logging_mixin.py:109} INFO - [2022-02-03 23:33:36,816] {dagbag.py:500} INFO - Filling up the DagBag from /home/airflow/.local/lib/python3.7/site-packages/airflow/example_dags/example_branch_datetime_operator.py
[2022-02-03 23:33:36,863] {processor.py:654} INFO - DAG(s) dict_keys(['example_branch_datetime_operator_2']) retrieved from /home/airflow/.local/lib/python3.7/site-packages/airflow/example_dags/example_branch_datetime_operator.py
[2022-02-03 23:33:36,874] {logging_mixin.py:109} INFO - [2022-02-03 23:33:36,874] {dag.py:2396} INFO - Sync 1 DAGs
[2022-02-03 23:33:36,900] {logging_mixin.py:109} INFO - [2022-02-03 23:33:36,900] {dag.py:2935} INFO - Setting next_dagrun for example_branch_datetime_operator_2 to 2022-02-02 00:00:00+00:00
[2022-02-03 23:33:36,917] {processor.py:171} INFO - Processing /home/airflow/.local/lib/python3.7/site-packages/airflow/example_dags/example_branch_datetime_operator.py took 0.109 seconds
[2022-02-03 23:34:07,571] {processor.py:163} INFO - Started process (PID=446) to work on /home/airflow/.local/lib/python3.7/site-packages/airflow/example_dags/example_branch_datetime_operator.py
[2022-02-03 23:34:07,576] {processor.py:642} INFO - Processing file /home/airflow/.local/lib/python3.7/site-packages/airflow/example_dags/example_branch_datetime_operator.py for tasks to queue
[2022-02-03 23:34:07,579] {logging_mixin.py:109} INFO - [2022-02-03 23:34:07,578] {dagbag.py:500} INFO - Filling up the DagBag from /home/airflow/.local/lib/python3.7/site-packages/airflow/example_dags/example_branch_datetime_operator.py
[2022-02-03 23:34:07,630] {processor.py:654} INFO - DAG(s) dict_keys(['example_branch_datetime_operator_2']) retrieved from /home/airflow/.local/lib/python3.7/site-packages/airflow/example_dags/example_branch_datetime_operator.py
[2022-02-03 23:34:07,651] {logging_mixin.py:109} INFO - [2022-02-03 23:34:07,651] {dag.py:2396} INFO - Sync 1 DAGs
[2022-02-03 23:34:07,683] {logging_mixin.py:109} INFO - [2022-02-03 23:34:07,683] {dag.py:2935} INFO - Setting next_dagrun for example_branch_datetime_operator_2 to 2022-02-02 00:00:00+00:00
[2022-02-03 23:34:07,700] {processor.py:171} INFO - Processing /home/airflow/.local/lib/python3.7/site-packages/airflow/example_dags/example_branch_datetime_operator.py took 0.137 seconds
[2022-02-03 23:34:38,710] {processor.py:163} INFO - Started process (PID=509) to work on /home/airflow/.local/lib/python3.7/site-packages/airflow/example_dags/example_branch_datetime_operator.py
[2022-02-03 23:34:38,714] {processor.py:642} INFO - Processing file /home/airflow/.local/lib/python3.7/site-packages/airflow/example_dags/example_branch_datetime_operator.py for tasks to queue
[2022-02-03 23:34:38,716] {logging_mixin.py:109} INFO - [2022-02-03 23:34:38,716] {dagbag.py:500} INFO - Filling up the DagBag from /home/airflow/.local/lib/python3.7/site-packages/airflow/example_dags/example_branch_datetime_operator.py
[2022-02-03 23:34:38,767] {processor.py:654} INFO - DAG(s) dict_keys(['example_branch_datetime_operator_2']) retrieved from /home/airflow/.local/lib/python3.7/site-packages/airflow/example_dags/example_branch_datetime_operator.py
[2022-02-03 23:34:38,785] {logging_mixin.py:109} INFO - [2022-02-03 23:34:38,785] {dag.py:2396} INFO - Sync 1 DAGs
[2022-02-03 23:34:38,827] {logging_mixin.py:109} INFO - [2022-02-03 23:34:38,827] {dag.py:2935} INFO - Setting next_dagrun for example_branch_datetime_operator_2 to 2022-02-02 00:00:00+00:00
[2022-02-03 23:34:38,840] {processor.py:171} INFO - Processing /home/airflow/.local/lib/python3.7/site-packages/airflow/example_dags/example_branch_datetime_operator.py took 0.137 seconds
[2022-02-03 23:35:09,452] {processor.py:163} INFO - Started process (PID=565) to work on /home/airflow/.local/lib/python3.7/site-packages/airflow/example_dags/example_branch_datetime_operator.py
[2022-02-03 23:35:09,455] {processor.py:642} INFO - Processing file /home/airflow/.local/lib/python3.7/site-packages/airflow/example_dags/example_branch_datetime_operator.py for tasks to queue
[2022-02-03 23:35:09,457] {logging_mixin.py:109} INFO - [2022-02-03 23:35:09,457] {dagbag.py:500} INFO - Filling up the DagBag from /home/airflow/.local/lib/python3.7/site-packages/airflow/example_dags/example_branch_datetime_operator.py
[2022-02-03 23:35:09,493] {processor.py:654} INFO - DAG(s) dict_keys(['example_branch_datetime_operator_2']) retrieved from /home/airflow/.local/lib/python3.7/site-packages/airflow/example_dags/example_branch_datetime_operator.py
[2022-02-03 23:35:09,513] {logging_mixin.py:109} INFO - [2022-02-03 23:35:09,513] {dag.py:2396} INFO - Sync 1 DAGs
[2022-02-03 23:35:09,533] {logging_mixin.py:109} INFO - [2022-02-03 23:35:09,533] {dag.py:2935} INFO - Setting next_dagrun for example_branch_datetime_operator_2 to 2022-02-02 00:00:00+00:00
[2022-02-03 23:35:09,545] {processor.py:171} INFO - Processing /home/airflow/.local/lib/python3.7/site-packages/airflow/example_dags/example_branch_datetime_operator.py took 0.097 seconds
[2022-02-03 23:35:40,604] {processor.py:163} INFO - Started process (PID=617) to work on /home/airflow/.local/lib/python3.7/site-packages/airflow/example_dags/example_branch_datetime_operator.py
[2022-02-03 23:35:40,606] {processor.py:642} INFO - Processing file /home/airflow/.local/lib/python3.7/site-packages/airflow/example_dags/example_branch_datetime_operator.py for tasks to queue
[2022-02-03 23:35:40,608] {logging_mixin.py:109} INFO - [2022-02-03 23:35:40,608] {dagbag.py:500} INFO - Filling up the DagBag from /home/airflow/.local/lib/python3.7/site-packages/airflow/example_dags/example_branch_datetime_operator.py
[2022-02-03 23:35:40,648] {processor.py:654} INFO - DAG(s) dict_keys(['example_branch_datetime_operator_2']) retrieved from /home/airflow/.local/lib/python3.7/site-packages/airflow/example_dags/example_branch_datetime_operator.py
[2022-02-03 23:35:40,668] {logging_mixin.py:109} INFO - [2022-02-03 23:35:40,668] {dag.py:2396} INFO - Sync 1 DAGs
[2022-02-03 23:35:40,707] {logging_mixin.py:109} INFO - [2022-02-03 23:35:40,706] {dag.py:2935} INFO - Setting next_dagrun for example_branch_datetime_operator_2 to 2022-02-02 00:00:00+00:00
[2022-02-03 23:35:40,720] {processor.py:171} INFO - Processing /home/airflow/.local/lib/python3.7/site-packages/airflow/example_dags/example_branch_datetime_operator.py took 0.120 seconds
[2022-02-03 23:36:11,403] {processor.py:163} INFO - Started process (PID=675) to work on /home/airflow/.local/lib/python3.7/site-packages/airflow/example_dags/example_branch_datetime_operator.py
[2022-02-03 23:36:11,406] {processor.py:642} INFO - Processing file /home/airflow/.local/lib/python3.7/site-packages/airflow/example_dags/example_branch_datetime_operator.py for tasks to queue
[2022-02-03 23:36:11,410] {logging_mixin.py:109} INFO - [2022-02-03 23:36:11,410] {dagbag.py:500} INFO - Filling up the DagBag from /home/airflow/.local/lib/python3.7/site-packages/airflow/example_dags/example_branch_datetime_operator.py
[2022-02-03 23:36:11,479] {processor.py:654} INFO - DAG(s) dict_keys(['example_branch_datetime_operator_2']) retrieved from /home/airflow/.local/lib/python3.7/site-packages/airflow/example_dags/example_branch_datetime_operator.py
[2022-02-03 23:36:11,527] {logging_mixin.py:109} INFO - [2022-02-03 23:36:11,527] {dag.py:2396} INFO - Sync 1 DAGs
[2022-02-03 23:36:11,647] {logging_mixin.py:109} INFO - [2022-02-03 23:36:11,647] {dag.py:2935} INFO - Setting next_dagrun for example_branch_datetime_operator_2 to 2022-02-02 00:00:00+00:00
[2022-02-03 23:36:11,692] {processor.py:171} INFO - Processing /home/airflow/.local/lib/python3.7/site-packages/airflow/example_dags/example_branch_datetime_operator.py took 0.295 seconds
[2022-02-03 23:36:41,935] {processor.py:163} INFO - Started process (PID=737) to work on /home/airflow/.local/lib/python3.7/site-packages/airflow/example_dags/example_branch_datetime_operator.py
[2022-02-03 23:36:41,937] {processor.py:642} INFO - Processing file /home/airflow/.local/lib/python3.7/site-packages/airflow/example_dags/example_branch_datetime_operator.py for tasks to queue
[2022-02-03 23:36:41,938] {logging_mixin.py:109} INFO - [2022-02-03 23:36:41,938] {dagbag.py:500} INFO - Filling up the DagBag from /home/airflow/.local/lib/python3.7/site-packages/airflow/example_dags/example_branch_datetime_operator.py
[2022-02-03 23:36:41,990] {processor.py:654} INFO - DAG(s) dict_keys(['example_branch_datetime_operator_2']) retrieved from /home/airflow/.local/lib/python3.7/site-packages/airflow/example_dags/example_branch_datetime_operator.py
[2022-02-03 23:36:42,013] {logging_mixin.py:109} INFO - [2022-02-03 23:36:42,013] {dag.py:2396} INFO - Sync 1 DAGs
[2022-02-03 23:36:42,046] {logging_mixin.py:109} INFO - [2022-02-03 23:36:42,045] {dag.py:2935} INFO - Setting next_dagrun for example_branch_datetime_operator_2 to 2022-02-02 00:00:00+00:00
[2022-02-03 23:36:42,061] {processor.py:171} INFO - Processing /home/airflow/.local/lib/python3.7/site-packages/airflow/example_dags/example_branch_datetime_operator.py took 0.135 seconds
[2022-02-03 23:37:12,370] {processor.py:163} INFO - Started process (PID=790) to work on /home/airflow/.local/lib/python3.7/site-packages/airflow/example_dags/example_branch_datetime_operator.py
[2022-02-03 23:37:12,373] {processor.py:642} INFO - Processing file /home/airflow/.local/lib/python3.7/site-packages/airflow/example_dags/example_branch_datetime_operator.py for tasks to queue
[2022-02-03 23:37:12,374] {logging_mixin.py:109} INFO - [2022-02-03 23:37:12,374] {dagbag.py:500} INFO - Filling up the DagBag from /home/airflow/.local/lib/python3.7/site-packages/airflow/example_dags/example_branch_datetime_operator.py
[2022-02-03 23:37:12,411] {processor.py:654} INFO - DAG(s) dict_keys(['example_branch_datetime_operator_2']) retrieved from /home/airflow/.local/lib/python3.7/site-packages/airflow/example_dags/example_branch_datetime_operator.py
[2022-02-03 23:37:12,422] {logging_mixin.py:109} INFO - [2022-02-03 23:37:12,422] {dag.py:2396} INFO - Sync 1 DAGs
[2022-02-03 23:37:12,442] {logging_mixin.py:109} INFO - [2022-02-03 23:37:12,442] {dag.py:2935} INFO - Setting next_dagrun for example_branch_datetime_operator_2 to 2022-02-02 00:00:00+00:00
[2022-02-03 23:37:12,454] {processor.py:171} INFO - Processing /home/airflow/.local/lib/python3.7/site-packages/airflow/example_dags/example_branch_datetime_operator.py took 0.087 seconds
[2022-02-03 23:37:42,863] {processor.py:163} INFO - Started process (PID=845) to work on /home/airflow/.local/lib/python3.7/site-packages/airflow/example_dags/example_branch_datetime_operator.py
[2022-02-03 23:37:42,865] {processor.py:642} INFO - Processing file /home/airflow/.local/lib/python3.7/site-packages/airflow/example_dags/example_branch_datetime_operator.py for tasks to queue
[2022-02-03 23:37:42,867] {logging_mixin.py:109} INFO - [2022-02-03 23:37:42,867] {dagbag.py:500} INFO - Filling up the DagBag from /home/airflow/.local/lib/python3.7/site-packages/airflow/example_dags/example_branch_datetime_operator.py
[2022-02-03 23:37:42,916] {processor.py:654} INFO - DAG(s) dict_keys(['example_branch_datetime_operator_2']) retrieved from /home/airflow/.local/lib/python3.7/site-packages/airflow/example_dags/example_branch_datetime_operator.py
[2022-02-03 23:37:42,928] {logging_mixin.py:109} INFO - [2022-02-03 23:37:42,927] {dag.py:2396} INFO - Sync 1 DAGs
[2022-02-03 23:37:42,949] {logging_mixin.py:109} INFO - [2022-02-03 23:37:42,949] {dag.py:2935} INFO - Setting next_dagrun for example_branch_datetime_operator_2 to 2022-02-02 00:00:00+00:00
[2022-02-03 23:37:42,963] {processor.py:171} INFO - Processing /home/airflow/.local/lib/python3.7/site-packages/airflow/example_dags/example_branch_datetime_operator.py took 0.104 seconds
[2022-02-03 23:38:13,183] {processor.py:163} INFO - Started process (PID=906) to work on /home/airflow/.local/lib/python3.7/site-packages/airflow/example_dags/example_branch_datetime_operator.py
[2022-02-03 23:38:13,185] {processor.py:642} INFO - Processing file /home/airflow/.local/lib/python3.7/site-packages/airflow/example_dags/example_branch_datetime_operator.py for tasks to queue
[2022-02-03 23:38:13,186] {logging_mixin.py:109} INFO - [2022-02-03 23:38:13,186] {dagbag.py:500} INFO - Filling up the DagBag from /home/airflow/.local/lib/python3.7/site-packages/airflow/example_dags/example_branch_datetime_operator.py
[2022-02-03 23:38:13,229] {processor.py:654} INFO - DAG(s) dict_keys(['example_branch_datetime_operator_2']) retrieved from /home/airflow/.local/lib/python3.7/site-packages/airflow/example_dags/example_branch_datetime_operator.py
[2022-02-03 23:38:13,244] {logging_mixin.py:109} INFO - [2022-02-03 23:38:13,244] {dag.py:2396} INFO - Sync 1 DAGs
[2022-02-03 23:38:13,272] {logging_mixin.py:109} INFO - [2022-02-03 23:38:13,272] {dag.py:2935} INFO - Setting next_dagrun for example_branch_datetime_operator_2 to 2022-02-02 00:00:00+00:00
[2022-02-03 23:38:13,293] {processor.py:171} INFO - Processing /home/airflow/.local/lib/python3.7/site-packages/airflow/example_dags/example_branch_datetime_operator.py took 0.114 seconds
[2022-02-03 23:38:43,830] {processor.py:163} INFO - Started process (PID=960) to work on /home/airflow/.local/lib/python3.7/site-packages/airflow/example_dags/example_branch_datetime_operator.py
[2022-02-03 23:38:43,835] {processor.py:642} INFO - Processing file /home/airflow/.local/lib/python3.7/site-packages/airflow/example_dags/example_branch_datetime_operator.py for tasks to queue
[2022-02-03 23:38:43,846] {logging_mixin.py:109} INFO - [2022-02-03 23:38:43,840] {dagbag.py:500} INFO - Filling up the DagBag from /home/airflow/.local/lib/python3.7/site-packages/airflow/example_dags/example_branch_datetime_operator.py
[2022-02-03 23:38:43,898] {processor.py:654} INFO - DAG(s) dict_keys(['example_branch_datetime_operator_2']) retrieved from /home/airflow/.local/lib/python3.7/site-packages/airflow/example_dags/example_branch_datetime_operator.py
[2022-02-03 23:38:43,911] {logging_mixin.py:109} INFO - [2022-02-03 23:38:43,910] {dag.py:2396} INFO - Sync 1 DAGs
[2022-02-03 23:38:43,935] {logging_mixin.py:109} INFO - [2022-02-03 23:38:43,934] {dag.py:2935} INFO - Setting next_dagrun for example_branch_datetime_operator_2 to 2022-02-02 00:00:00+00:00
[2022-02-03 23:38:43,949] {processor.py:171} INFO - Processing /home/airflow/.local/lib/python3.7/site-packages/airflow/example_dags/example_branch_datetime_operator.py took 0.133 seconds
[2022-02-03 23:39:14,433] {processor.py:163} INFO - Started process (PID=1015) to work on /home/airflow/.local/lib/python3.7/site-packages/airflow/example_dags/example_branch_datetime_operator.py
[2022-02-03 23:39:14,436] {processor.py:642} INFO - Processing file /home/airflow/.local/lib/python3.7/site-packages/airflow/example_dags/example_branch_datetime_operator.py for tasks to queue
[2022-02-03 23:39:14,437] {logging_mixin.py:109} INFO - [2022-02-03 23:39:14,437] {dagbag.py:500} INFO - Filling up the DagBag from /home/airflow/.local/lib/python3.7/site-packages/airflow/example_dags/example_branch_datetime_operator.py
[2022-02-03 23:39:14,488] {processor.py:654} INFO - DAG(s) dict_keys(['example_branch_datetime_operator_2']) retrieved from /home/airflow/.local/lib/python3.7/site-packages/airflow/example_dags/example_branch_datetime_operator.py
[2022-02-03 23:39:14,503] {logging_mixin.py:109} INFO - [2022-02-03 23:39:14,503] {dag.py:2396} INFO - Sync 1 DAGs
[2022-02-03 23:39:14,524] {logging_mixin.py:109} INFO - [2022-02-03 23:39:14,524] {dag.py:2935} INFO - Setting next_dagrun for example_branch_datetime_operator_2 to 2022-02-02 00:00:00+00:00
[2022-02-03 23:39:14,537] {processor.py:171} INFO - Processing /home/airflow/.local/lib/python3.7/site-packages/airflow/example_dags/example_branch_datetime_operator.py took 0.107 seconds
[2022-02-03 23:39:44,631] {processor.py:163} INFO - Started process (PID=1077) to work on /home/airflow/.local/lib/python3.7/site-packages/airflow/example_dags/example_branch_datetime_operator.py
[2022-02-03 23:39:44,636] {processor.py:642} INFO - Processing file /home/airflow/.local/lib/python3.7/site-packages/airflow/example_dags/example_branch_datetime_operator.py for tasks to queue
[2022-02-03 23:39:44,640] {logging_mixin.py:109} INFO - [2022-02-03 23:39:44,639] {dagbag.py:500} INFO - Filling up the DagBag from /home/airflow/.local/lib/python3.7/site-packages/airflow/example_dags/example_branch_datetime_operator.py
[2022-02-03 23:39:44,682] {processor.py:654} INFO - DAG(s) dict_keys(['example_branch_datetime_operator_2']) retrieved from /home/airflow/.local/lib/python3.7/site-packages/airflow/example_dags/example_branch_datetime_operator.py
[2022-02-03 23:39:44,700] {logging_mixin.py:109} INFO - [2022-02-03 23:39:44,700] {dag.py:2396} INFO - Sync 1 DAGs
[2022-02-03 23:39:44,721] {logging_mixin.py:109} INFO - [2022-02-03 23:39:44,721] {dag.py:2935} INFO - Setting next_dagrun for example_branch_datetime_operator_2 to 2022-02-02 00:00:00+00:00
[2022-02-03 23:39:44,742] {processor.py:171} INFO - Processing /home/airflow/.local/lib/python3.7/site-packages/airflow/example_dags/example_branch_datetime_operator.py took 0.117 seconds
[2022-02-03 23:40:15,482] {processor.py:163} INFO - Started process (PID=1132) to work on /home/airflow/.local/lib/python3.7/site-packages/airflow/example_dags/example_branch_datetime_operator.py
[2022-02-03 23:40:15,484] {processor.py:642} INFO - Processing file /home/airflow/.local/lib/python3.7/site-packages/airflow/example_dags/example_branch_datetime_operator.py for tasks to queue
[2022-02-03 23:40:15,485] {logging_mixin.py:109} INFO - [2022-02-03 23:40:15,485] {dagbag.py:500} INFO - Filling up the DagBag from /home/airflow/.local/lib/python3.7/site-packages/airflow/example_dags/example_branch_datetime_operator.py
[2022-02-03 23:40:15,552] {processor.py:654} INFO - DAG(s) dict_keys(['example_branch_datetime_operator_2']) retrieved from /home/airflow/.local/lib/python3.7/site-packages/airflow/example_dags/example_branch_datetime_operator.py
[2022-02-03 23:40:15,586] {logging_mixin.py:109} INFO - [2022-02-03 23:40:15,585] {dag.py:2396} INFO - Sync 1 DAGs
[2022-02-03 23:40:15,608] {logging_mixin.py:109} INFO - [2022-02-03 23:40:15,608] {dag.py:2935} INFO - Setting next_dagrun for example_branch_datetime_operator_2 to 2022-02-02 00:00:00+00:00
[2022-02-03 23:40:15,623] {processor.py:171} INFO - Processing /home/airflow/.local/lib/python3.7/site-packages/airflow/example_dags/example_branch_datetime_operator.py took 0.145 seconds
[2022-02-03 23:40:46,300] {processor.py:163} INFO - Started process (PID=1184) to work on /home/airflow/.local/lib/python3.7/site-packages/airflow/example_dags/example_branch_datetime_operator.py
[2022-02-03 23:40:46,302] {processor.py:642} INFO - Processing file /home/airflow/.local/lib/python3.7/site-packages/airflow/example_dags/example_branch_datetime_operator.py for tasks to queue
[2022-02-03 23:40:46,303] {logging_mixin.py:109} INFO - [2022-02-03 23:40:46,303] {dagbag.py:500} INFO - Filling up the DagBag from /home/airflow/.local/lib/python3.7/site-packages/airflow/example_dags/example_branch_datetime_operator.py
[2022-02-03 23:40:46,341] {processor.py:654} INFO - DAG(s) dict_keys(['example_branch_datetime_operator_2']) retrieved from /home/airflow/.local/lib/python3.7/site-packages/airflow/example_dags/example_branch_datetime_operator.py
[2022-02-03 23:40:46,354] {logging_mixin.py:109} INFO - [2022-02-03 23:40:46,354] {dag.py:2396} INFO - Sync 1 DAGs
[2022-02-03 23:40:46,387] {logging_mixin.py:109} INFO - [2022-02-03 23:40:46,387] {dag.py:2935} INFO - Setting next_dagrun for example_branch_datetime_operator_2 to 2022-02-02 00:00:00+00:00
[2022-02-03 23:40:46,406] {processor.py:171} INFO - Processing /home/airflow/.local/lib/python3.7/site-packages/airflow/example_dags/example_branch_datetime_operator.py took 0.110 seconds
