[2022-02-03 23:02:26,839] {processor.py:163} INFO - Started process (PID=169) to work on /home/airflow/.local/lib/python3.7/site-packages/airflow/example_dags/example_xcom.py
[2022-02-03 23:02:26,841] {processor.py:642} INFO - Processing file /home/airflow/.local/lib/python3.7/site-packages/airflow/example_dags/example_xcom.py for tasks to queue
[2022-02-03 23:02:26,843] {logging_mixin.py:109} INFO - [2022-02-03 23:02:26,843] {dagbag.py:500} INFO - Filling up the DagBag from /home/airflow/.local/lib/python3.7/site-packages/airflow/example_dags/example_xcom.py
[2022-02-03 23:02:26,897] {processor.py:654} INFO - DAG(s) dict_keys(['example_xcom']) retrieved from /home/airflow/.local/lib/python3.7/site-packages/airflow/example_dags/example_xcom.py
[2022-02-03 23:02:29,262] {logging_mixin.py:109} INFO - [2022-02-03 23:02:29,261] {manager.py:496} INFO - Created Permission View: can read on DAG:example_xcom
[2022-02-03 23:02:29,278] {logging_mixin.py:109} INFO - [2022-02-03 23:02:29,277] {manager.py:496} INFO - Created Permission View: can edit on DAG:example_xcom
[2022-02-03 23:02:29,281] {logging_mixin.py:109} INFO - [2022-02-03 23:02:29,280] {dag.py:2396} INFO - Sync 1 DAGs
[2022-02-03 23:02:29,302] {logging_mixin.py:109} INFO - [2022-02-03 23:02:29,302] {dag.py:2415} INFO - Creating ORM DAG for example_xcom
[2022-02-03 23:02:29,316] {logging_mixin.py:109} INFO - [2022-02-03 23:02:29,315] {dag.py:2935} INFO - Setting next_dagrun for example_xcom to 2021-01-01T00:00:00+00:00
[2022-02-03 23:02:29,350] {processor.py:171} INFO - Processing /home/airflow/.local/lib/python3.7/site-packages/airflow/example_dags/example_xcom.py took 2.552 seconds
[2022-02-03 23:03:00,270] {processor.py:163} INFO - Started process (PID=266) to work on /home/airflow/.local/lib/python3.7/site-packages/airflow/example_dags/example_xcom.py
[2022-02-03 23:03:00,272] {processor.py:642} INFO - Processing file /home/airflow/.local/lib/python3.7/site-packages/airflow/example_dags/example_xcom.py for tasks to queue
[2022-02-03 23:03:00,273] {logging_mixin.py:109} INFO - [2022-02-03 23:03:00,273] {dagbag.py:500} INFO - Filling up the DagBag from /home/airflow/.local/lib/python3.7/site-packages/airflow/example_dags/example_xcom.py
[2022-02-03 23:03:00,319] {processor.py:654} INFO - DAG(s) dict_keys(['example_xcom']) retrieved from /home/airflow/.local/lib/python3.7/site-packages/airflow/example_dags/example_xcom.py
[2022-02-03 23:03:00,606] {logging_mixin.py:109} INFO - [2022-02-03 23:03:00,606] {dag.py:2396} INFO - Sync 1 DAGs
[2022-02-03 23:03:00,621] {logging_mixin.py:109} INFO - [2022-02-03 23:03:00,621] {dag.py:2935} INFO - Setting next_dagrun for example_xcom to 2021-01-01T00:00:00+00:00
[2022-02-03 23:03:00,636] {processor.py:171} INFO - Processing /home/airflow/.local/lib/python3.7/site-packages/airflow/example_dags/example_xcom.py took 0.370 seconds
[2022-02-03 23:03:31,473] {processor.py:163} INFO - Started process (PID=320) to work on /home/airflow/.local/lib/python3.7/site-packages/airflow/example_dags/example_xcom.py
[2022-02-03 23:03:31,476] {processor.py:642} INFO - Processing file /home/airflow/.local/lib/python3.7/site-packages/airflow/example_dags/example_xcom.py for tasks to queue
[2022-02-03 23:03:31,477] {logging_mixin.py:109} INFO - [2022-02-03 23:03:31,477] {dagbag.py:500} INFO - Filling up the DagBag from /home/airflow/.local/lib/python3.7/site-packages/airflow/example_dags/example_xcom.py
[2022-02-03 23:03:31,519] {processor.py:654} INFO - DAG(s) dict_keys(['example_xcom']) retrieved from /home/airflow/.local/lib/python3.7/site-packages/airflow/example_dags/example_xcom.py
[2022-02-03 23:03:31,810] {logging_mixin.py:109} INFO - [2022-02-03 23:03:31,810] {dag.py:2396} INFO - Sync 1 DAGs
[2022-02-03 23:03:31,829] {logging_mixin.py:109} INFO - [2022-02-03 23:03:31,829] {dag.py:2935} INFO - Setting next_dagrun for example_xcom to 2021-01-01T00:00:00+00:00
[2022-02-03 23:03:31,841] {processor.py:171} INFO - Processing /home/airflow/.local/lib/python3.7/site-packages/airflow/example_dags/example_xcom.py took 0.373 seconds
[2022-02-03 23:04:01,946] {processor.py:163} INFO - Started process (PID=385) to work on /home/airflow/.local/lib/python3.7/site-packages/airflow/example_dags/example_xcom.py
[2022-02-03 23:04:01,949] {processor.py:642} INFO - Processing file /home/airflow/.local/lib/python3.7/site-packages/airflow/example_dags/example_xcom.py for tasks to queue
[2022-02-03 23:04:01,951] {logging_mixin.py:109} INFO - [2022-02-03 23:04:01,951] {dagbag.py:500} INFO - Filling up the DagBag from /home/airflow/.local/lib/python3.7/site-packages/airflow/example_dags/example_xcom.py
[2022-02-03 23:04:01,993] {processor.py:654} INFO - DAG(s) dict_keys(['example_xcom']) retrieved from /home/airflow/.local/lib/python3.7/site-packages/airflow/example_dags/example_xcom.py
[2022-02-03 23:04:02,308] {logging_mixin.py:109} INFO - [2022-02-03 23:04:02,307] {dag.py:2396} INFO - Sync 1 DAGs
[2022-02-03 23:04:02,325] {logging_mixin.py:109} INFO - [2022-02-03 23:04:02,325] {dag.py:2935} INFO - Setting next_dagrun for example_xcom to 2021-01-01T00:00:00+00:00
[2022-02-03 23:04:02,347] {processor.py:171} INFO - Processing /home/airflow/.local/lib/python3.7/site-packages/airflow/example_dags/example_xcom.py took 0.405 seconds
[2022-02-03 23:04:32,745] {processor.py:163} INFO - Started process (PID=443) to work on /home/airflow/.local/lib/python3.7/site-packages/airflow/example_dags/example_xcom.py
[2022-02-03 23:04:32,748] {processor.py:642} INFO - Processing file /home/airflow/.local/lib/python3.7/site-packages/airflow/example_dags/example_xcom.py for tasks to queue
[2022-02-03 23:04:32,750] {logging_mixin.py:109} INFO - [2022-02-03 23:04:32,749] {dagbag.py:500} INFO - Filling up the DagBag from /home/airflow/.local/lib/python3.7/site-packages/airflow/example_dags/example_xcom.py
[2022-02-03 23:04:32,792] {processor.py:654} INFO - DAG(s) dict_keys(['example_xcom']) retrieved from /home/airflow/.local/lib/python3.7/site-packages/airflow/example_dags/example_xcom.py
[2022-02-03 23:04:33,077] {logging_mixin.py:109} INFO - [2022-02-03 23:04:33,077] {dag.py:2396} INFO - Sync 1 DAGs
[2022-02-03 23:04:33,093] {logging_mixin.py:109} INFO - [2022-02-03 23:04:33,093] {dag.py:2935} INFO - Setting next_dagrun for example_xcom to 2021-01-01T00:00:00+00:00
[2022-02-03 23:04:33,104] {processor.py:171} INFO - Processing /home/airflow/.local/lib/python3.7/site-packages/airflow/example_dags/example_xcom.py took 0.365 seconds
[2022-02-03 23:05:03,995] {processor.py:163} INFO - Started process (PID=496) to work on /home/airflow/.local/lib/python3.7/site-packages/airflow/example_dags/example_xcom.py
[2022-02-03 23:05:03,999] {processor.py:642} INFO - Processing file /home/airflow/.local/lib/python3.7/site-packages/airflow/example_dags/example_xcom.py for tasks to queue
[2022-02-03 23:05:04,006] {logging_mixin.py:109} INFO - [2022-02-03 23:05:04,006] {dagbag.py:500} INFO - Filling up the DagBag from /home/airflow/.local/lib/python3.7/site-packages/airflow/example_dags/example_xcom.py
[2022-02-03 23:05:04,056] {processor.py:654} INFO - DAG(s) dict_keys(['example_xcom']) retrieved from /home/airflow/.local/lib/python3.7/site-packages/airflow/example_dags/example_xcom.py
[2022-02-03 23:05:04,358] {logging_mixin.py:109} INFO - [2022-02-03 23:05:04,358] {dag.py:2396} INFO - Sync 1 DAGs
[2022-02-03 23:05:04,373] {logging_mixin.py:109} INFO - [2022-02-03 23:05:04,373] {dag.py:2935} INFO - Setting next_dagrun for example_xcom to 2021-01-01T00:00:00+00:00
[2022-02-03 23:05:04,386] {processor.py:171} INFO - Processing /home/airflow/.local/lib/python3.7/site-packages/airflow/example_dags/example_xcom.py took 0.394 seconds
[2022-02-03 23:05:34,450] {processor.py:163} INFO - Started process (PID=559) to work on /home/airflow/.local/lib/python3.7/site-packages/airflow/example_dags/example_xcom.py
[2022-02-03 23:05:34,452] {processor.py:642} INFO - Processing file /home/airflow/.local/lib/python3.7/site-packages/airflow/example_dags/example_xcom.py for tasks to queue
[2022-02-03 23:05:34,454] {logging_mixin.py:109} INFO - [2022-02-03 23:05:34,454] {dagbag.py:500} INFO - Filling up the DagBag from /home/airflow/.local/lib/python3.7/site-packages/airflow/example_dags/example_xcom.py
[2022-02-03 23:05:34,493] {processor.py:654} INFO - DAG(s) dict_keys(['example_xcom']) retrieved from /home/airflow/.local/lib/python3.7/site-packages/airflow/example_dags/example_xcom.py
[2022-02-03 23:05:34,787] {logging_mixin.py:109} INFO - [2022-02-03 23:05:34,787] {dag.py:2396} INFO - Sync 1 DAGs
[2022-02-03 23:05:34,802] {logging_mixin.py:109} INFO - [2022-02-03 23:05:34,801] {dag.py:2935} INFO - Setting next_dagrun for example_xcom to 2021-01-01T00:00:00+00:00
[2022-02-03 23:05:34,815] {processor.py:171} INFO - Processing /home/airflow/.local/lib/python3.7/site-packages/airflow/example_dags/example_xcom.py took 0.370 seconds
[2022-02-03 23:06:05,489] {processor.py:163} INFO - Started process (PID=618) to work on /home/airflow/.local/lib/python3.7/site-packages/airflow/example_dags/example_xcom.py
[2022-02-03 23:06:05,492] {processor.py:642} INFO - Processing file /home/airflow/.local/lib/python3.7/site-packages/airflow/example_dags/example_xcom.py for tasks to queue
[2022-02-03 23:06:05,493] {logging_mixin.py:109} INFO - [2022-02-03 23:06:05,493] {dagbag.py:500} INFO - Filling up the DagBag from /home/airflow/.local/lib/python3.7/site-packages/airflow/example_dags/example_xcom.py
[2022-02-03 23:06:05,547] {processor.py:654} INFO - DAG(s) dict_keys(['example_xcom']) retrieved from /home/airflow/.local/lib/python3.7/site-packages/airflow/example_dags/example_xcom.py
[2022-02-03 23:06:05,911] {logging_mixin.py:109} INFO - [2022-02-03 23:06:05,911] {dag.py:2396} INFO - Sync 1 DAGs
[2022-02-03 23:06:05,927] {logging_mixin.py:109} INFO - [2022-02-03 23:06:05,927] {dag.py:2935} INFO - Setting next_dagrun for example_xcom to 2021-01-01T00:00:00+00:00
[2022-02-03 23:06:05,940] {processor.py:171} INFO - Processing /home/airflow/.local/lib/python3.7/site-packages/airflow/example_dags/example_xcom.py took 0.457 seconds
[2022-02-03 23:06:36,454] {processor.py:163} INFO - Started process (PID=683) to work on /home/airflow/.local/lib/python3.7/site-packages/airflow/example_dags/example_xcom.py
[2022-02-03 23:06:36,456] {processor.py:642} INFO - Processing file /home/airflow/.local/lib/python3.7/site-packages/airflow/example_dags/example_xcom.py for tasks to queue
[2022-02-03 23:06:36,458] {logging_mixin.py:109} INFO - [2022-02-03 23:06:36,458] {dagbag.py:500} INFO - Filling up the DagBag from /home/airflow/.local/lib/python3.7/site-packages/airflow/example_dags/example_xcom.py
[2022-02-03 23:06:36,501] {processor.py:654} INFO - DAG(s) dict_keys(['example_xcom']) retrieved from /home/airflow/.local/lib/python3.7/site-packages/airflow/example_dags/example_xcom.py
[2022-02-03 23:06:36,887] {logging_mixin.py:109} INFO - [2022-02-03 23:06:36,887] {dag.py:2396} INFO - Sync 1 DAGs
[2022-02-03 23:06:36,904] {logging_mixin.py:109} INFO - [2022-02-03 23:06:36,904] {dag.py:2935} INFO - Setting next_dagrun for example_xcom to 2021-01-01T00:00:00+00:00
[2022-02-03 23:06:36,923] {processor.py:171} INFO - Processing /home/airflow/.local/lib/python3.7/site-packages/airflow/example_dags/example_xcom.py took 0.472 seconds
[2022-02-03 23:07:07,144] {processor.py:163} INFO - Started process (PID=737) to work on /home/airflow/.local/lib/python3.7/site-packages/airflow/example_dags/example_xcom.py
[2022-02-03 23:07:07,148] {processor.py:642} INFO - Processing file /home/airflow/.local/lib/python3.7/site-packages/airflow/example_dags/example_xcom.py for tasks to queue
[2022-02-03 23:07:07,150] {logging_mixin.py:109} INFO - [2022-02-03 23:07:07,150] {dagbag.py:500} INFO - Filling up the DagBag from /home/airflow/.local/lib/python3.7/site-packages/airflow/example_dags/example_xcom.py
[2022-02-03 23:07:07,195] {processor.py:654} INFO - DAG(s) dict_keys(['example_xcom']) retrieved from /home/airflow/.local/lib/python3.7/site-packages/airflow/example_dags/example_xcom.py
[2022-02-03 23:07:07,510] {logging_mixin.py:109} INFO - [2022-02-03 23:07:07,509] {dag.py:2396} INFO - Sync 1 DAGs
[2022-02-03 23:07:07,529] {logging_mixin.py:109} INFO - [2022-02-03 23:07:07,529] {dag.py:2935} INFO - Setting next_dagrun for example_xcom to 2021-01-01T00:00:00+00:00
[2022-02-03 23:07:07,546] {processor.py:171} INFO - Processing /home/airflow/.local/lib/python3.7/site-packages/airflow/example_dags/example_xcom.py took 0.406 seconds
[2022-02-03 23:07:38,187] {processor.py:163} INFO - Started process (PID=788) to work on /home/airflow/.local/lib/python3.7/site-packages/airflow/example_dags/example_xcom.py
[2022-02-03 23:07:38,190] {processor.py:642} INFO - Processing file /home/airflow/.local/lib/python3.7/site-packages/airflow/example_dags/example_xcom.py for tasks to queue
[2022-02-03 23:07:38,192] {logging_mixin.py:109} INFO - [2022-02-03 23:07:38,192] {dagbag.py:500} INFO - Filling up the DagBag from /home/airflow/.local/lib/python3.7/site-packages/airflow/example_dags/example_xcom.py
[2022-02-03 23:07:38,238] {processor.py:654} INFO - DAG(s) dict_keys(['example_xcom']) retrieved from /home/airflow/.local/lib/python3.7/site-packages/airflow/example_dags/example_xcom.py
[2022-02-03 23:07:38,561] {logging_mixin.py:109} INFO - [2022-02-03 23:07:38,561] {dag.py:2396} INFO - Sync 1 DAGs
[2022-02-03 23:07:38,577] {logging_mixin.py:109} INFO - [2022-02-03 23:07:38,577] {dag.py:2935} INFO - Setting next_dagrun for example_xcom to 2021-01-01T00:00:00+00:00
[2022-02-03 23:07:38,626] {processor.py:171} INFO - Processing /home/airflow/.local/lib/python3.7/site-packages/airflow/example_dags/example_xcom.py took 0.445 seconds
[2022-02-03 23:08:08,700] {processor.py:163} INFO - Started process (PID=856) to work on /home/airflow/.local/lib/python3.7/site-packages/airflow/example_dags/example_xcom.py
[2022-02-03 23:08:08,707] {processor.py:642} INFO - Processing file /home/airflow/.local/lib/python3.7/site-packages/airflow/example_dags/example_xcom.py for tasks to queue
[2022-02-03 23:08:08,709] {logging_mixin.py:109} INFO - [2022-02-03 23:08:08,708] {dagbag.py:500} INFO - Filling up the DagBag from /home/airflow/.local/lib/python3.7/site-packages/airflow/example_dags/example_xcom.py
[2022-02-03 23:08:08,756] {processor.py:654} INFO - DAG(s) dict_keys(['example_xcom']) retrieved from /home/airflow/.local/lib/python3.7/site-packages/airflow/example_dags/example_xcom.py
[2022-02-03 23:08:09,114] {logging_mixin.py:109} INFO - [2022-02-03 23:08:09,114] {dag.py:2396} INFO - Sync 1 DAGs
[2022-02-03 23:08:09,129] {logging_mixin.py:109} INFO - [2022-02-03 23:08:09,128] {dag.py:2935} INFO - Setting next_dagrun for example_xcom to 2021-01-01T00:00:00+00:00
[2022-02-03 23:08:09,164] {processor.py:171} INFO - Processing /home/airflow/.local/lib/python3.7/site-packages/airflow/example_dags/example_xcom.py took 0.473 seconds
[2022-02-03 23:08:39,203] {processor.py:163} INFO - Started process (PID=916) to work on /home/airflow/.local/lib/python3.7/site-packages/airflow/example_dags/example_xcom.py
[2022-02-03 23:08:39,205] {processor.py:642} INFO - Processing file /home/airflow/.local/lib/python3.7/site-packages/airflow/example_dags/example_xcom.py for tasks to queue
[2022-02-03 23:08:39,207] {logging_mixin.py:109} INFO - [2022-02-03 23:08:39,207] {dagbag.py:500} INFO - Filling up the DagBag from /home/airflow/.local/lib/python3.7/site-packages/airflow/example_dags/example_xcom.py
[2022-02-03 23:08:39,253] {processor.py:654} INFO - DAG(s) dict_keys(['example_xcom']) retrieved from /home/airflow/.local/lib/python3.7/site-packages/airflow/example_dags/example_xcom.py
[2022-02-03 23:08:39,571] {logging_mixin.py:109} INFO - [2022-02-03 23:08:39,571] {dag.py:2396} INFO - Sync 1 DAGs
[2022-02-03 23:08:39,591] {logging_mixin.py:109} INFO - [2022-02-03 23:08:39,591] {dag.py:2935} INFO - Setting next_dagrun for example_xcom to 2021-01-01T00:00:00+00:00
[2022-02-03 23:08:39,607] {processor.py:171} INFO - Processing /home/airflow/.local/lib/python3.7/site-packages/airflow/example_dags/example_xcom.py took 0.408 seconds
[2022-02-03 23:09:09,665] {processor.py:163} INFO - Started process (PID=974) to work on /home/airflow/.local/lib/python3.7/site-packages/airflow/example_dags/example_xcom.py
[2022-02-03 23:09:09,668] {processor.py:642} INFO - Processing file /home/airflow/.local/lib/python3.7/site-packages/airflow/example_dags/example_xcom.py for tasks to queue
[2022-02-03 23:09:09,669] {logging_mixin.py:109} INFO - [2022-02-03 23:09:09,669] {dagbag.py:500} INFO - Filling up the DagBag from /home/airflow/.local/lib/python3.7/site-packages/airflow/example_dags/example_xcom.py
[2022-02-03 23:09:09,736] {processor.py:654} INFO - DAG(s) dict_keys(['example_xcom']) retrieved from /home/airflow/.local/lib/python3.7/site-packages/airflow/example_dags/example_xcom.py
[2022-02-03 23:09:10,081] {logging_mixin.py:109} INFO - [2022-02-03 23:09:10,081] {dag.py:2396} INFO - Sync 1 DAGs
[2022-02-03 23:09:10,095] {logging_mixin.py:109} INFO - [2022-02-03 23:09:10,094] {dag.py:2935} INFO - Setting next_dagrun for example_xcom to 2021-01-01T00:00:00+00:00
[2022-02-03 23:09:10,106] {processor.py:171} INFO - Processing /home/airflow/.local/lib/python3.7/site-packages/airflow/example_dags/example_xcom.py took 0.445 seconds
[2022-02-03 23:09:40,202] {processor.py:163} INFO - Started process (PID=1042) to work on /home/airflow/.local/lib/python3.7/site-packages/airflow/example_dags/example_xcom.py
[2022-02-03 23:09:40,204] {processor.py:642} INFO - Processing file /home/airflow/.local/lib/python3.7/site-packages/airflow/example_dags/example_xcom.py for tasks to queue
[2022-02-03 23:09:40,206] {logging_mixin.py:109} INFO - [2022-02-03 23:09:40,206] {dagbag.py:500} INFO - Filling up the DagBag from /home/airflow/.local/lib/python3.7/site-packages/airflow/example_dags/example_xcom.py
[2022-02-03 23:09:40,257] {processor.py:654} INFO - DAG(s) dict_keys(['example_xcom']) retrieved from /home/airflow/.local/lib/python3.7/site-packages/airflow/example_dags/example_xcom.py
[2022-02-03 23:09:40,572] {logging_mixin.py:109} INFO - [2022-02-03 23:09:40,572] {dag.py:2396} INFO - Sync 1 DAGs
[2022-02-03 23:09:40,587] {logging_mixin.py:109} INFO - [2022-02-03 23:09:40,587] {dag.py:2935} INFO - Setting next_dagrun for example_xcom to 2021-01-01T00:00:00+00:00
[2022-02-03 23:09:40,600] {processor.py:171} INFO - Processing /home/airflow/.local/lib/python3.7/site-packages/airflow/example_dags/example_xcom.py took 0.401 seconds
[2022-02-03 23:10:10,674] {processor.py:163} INFO - Started process (PID=1098) to work on /home/airflow/.local/lib/python3.7/site-packages/airflow/example_dags/example_xcom.py
[2022-02-03 23:10:10,677] {processor.py:642} INFO - Processing file /home/airflow/.local/lib/python3.7/site-packages/airflow/example_dags/example_xcom.py for tasks to queue
[2022-02-03 23:10:10,678] {logging_mixin.py:109} INFO - [2022-02-03 23:10:10,678] {dagbag.py:500} INFO - Filling up the DagBag from /home/airflow/.local/lib/python3.7/site-packages/airflow/example_dags/example_xcom.py
[2022-02-03 23:10:10,716] {processor.py:654} INFO - DAG(s) dict_keys(['example_xcom']) retrieved from /home/airflow/.local/lib/python3.7/site-packages/airflow/example_dags/example_xcom.py
[2022-02-03 23:10:10,992] {logging_mixin.py:109} INFO - [2022-02-03 23:10:10,992] {dag.py:2396} INFO - Sync 1 DAGs
[2022-02-03 23:10:11,006] {logging_mixin.py:109} INFO - [2022-02-03 23:10:11,006] {dag.py:2935} INFO - Setting next_dagrun for example_xcom to 2021-01-01T00:00:00+00:00
[2022-02-03 23:10:11,019] {processor.py:171} INFO - Processing /home/airflow/.local/lib/python3.7/site-packages/airflow/example_dags/example_xcom.py took 0.348 seconds
[2022-02-03 23:10:41,875] {processor.py:163} INFO - Started process (PID=1155) to work on /home/airflow/.local/lib/python3.7/site-packages/airflow/example_dags/example_xcom.py
[2022-02-03 23:10:41,880] {processor.py:642} INFO - Processing file /home/airflow/.local/lib/python3.7/site-packages/airflow/example_dags/example_xcom.py for tasks to queue
[2022-02-03 23:10:41,885] {logging_mixin.py:109} INFO - [2022-02-03 23:10:41,885] {dagbag.py:500} INFO - Filling up the DagBag from /home/airflow/.local/lib/python3.7/site-packages/airflow/example_dags/example_xcom.py
[2022-02-03 23:10:41,934] {processor.py:654} INFO - DAG(s) dict_keys(['example_xcom']) retrieved from /home/airflow/.local/lib/python3.7/site-packages/airflow/example_dags/example_xcom.py
[2022-02-03 23:10:42,234] {logging_mixin.py:109} INFO - [2022-02-03 23:10:42,234] {dag.py:2396} INFO - Sync 1 DAGs
[2022-02-03 23:10:42,248] {logging_mixin.py:109} INFO - [2022-02-03 23:10:42,248] {dag.py:2935} INFO - Setting next_dagrun for example_xcom to 2021-01-01T00:00:00+00:00
[2022-02-03 23:10:42,265] {processor.py:171} INFO - Processing /home/airflow/.local/lib/python3.7/site-packages/airflow/example_dags/example_xcom.py took 0.393 seconds
[2022-02-03 23:11:13,216] {processor.py:163} INFO - Started process (PID=1220) to work on /home/airflow/.local/lib/python3.7/site-packages/airflow/example_dags/example_xcom.py
[2022-02-03 23:11:13,219] {processor.py:642} INFO - Processing file /home/airflow/.local/lib/python3.7/site-packages/airflow/example_dags/example_xcom.py for tasks to queue
[2022-02-03 23:11:13,224] {logging_mixin.py:109} INFO - [2022-02-03 23:11:13,223] {dagbag.py:500} INFO - Filling up the DagBag from /home/airflow/.local/lib/python3.7/site-packages/airflow/example_dags/example_xcom.py
[2022-02-03 23:11:13,295] {processor.py:654} INFO - DAG(s) dict_keys(['example_xcom']) retrieved from /home/airflow/.local/lib/python3.7/site-packages/airflow/example_dags/example_xcom.py
[2022-02-03 23:11:13,626] {logging_mixin.py:109} INFO - [2022-02-03 23:11:13,626] {dag.py:2396} INFO - Sync 1 DAGs
[2022-02-03 23:11:13,643] {logging_mixin.py:109} INFO - [2022-02-03 23:11:13,643] {dag.py:2935} INFO - Setting next_dagrun for example_xcom to 2021-01-01T00:00:00+00:00
[2022-02-03 23:11:13,657] {processor.py:171} INFO - Processing /home/airflow/.local/lib/python3.7/site-packages/airflow/example_dags/example_xcom.py took 0.452 seconds
[2022-02-03 23:11:44,103] {processor.py:163} INFO - Started process (PID=1277) to work on /home/airflow/.local/lib/python3.7/site-packages/airflow/example_dags/example_xcom.py
[2022-02-03 23:11:44,105] {processor.py:642} INFO - Processing file /home/airflow/.local/lib/python3.7/site-packages/airflow/example_dags/example_xcom.py for tasks to queue
[2022-02-03 23:11:44,107] {logging_mixin.py:109} INFO - [2022-02-03 23:11:44,107] {dagbag.py:500} INFO - Filling up the DagBag from /home/airflow/.local/lib/python3.7/site-packages/airflow/example_dags/example_xcom.py
[2022-02-03 23:11:44,148] {processor.py:654} INFO - DAG(s) dict_keys(['example_xcom']) retrieved from /home/airflow/.local/lib/python3.7/site-packages/airflow/example_dags/example_xcom.py
[2022-02-03 23:11:44,427] {logging_mixin.py:109} INFO - [2022-02-03 23:11:44,427] {dag.py:2396} INFO - Sync 1 DAGs
[2022-02-03 23:11:44,444] {logging_mixin.py:109} INFO - [2022-02-03 23:11:44,444] {dag.py:2935} INFO - Setting next_dagrun for example_xcom to 2021-01-01T00:00:00+00:00
[2022-02-03 23:11:44,458] {processor.py:171} INFO - Processing /home/airflow/.local/lib/python3.7/site-packages/airflow/example_dags/example_xcom.py took 0.361 seconds
[2022-02-03 23:12:15,097] {processor.py:163} INFO - Started process (PID=1332) to work on /home/airflow/.local/lib/python3.7/site-packages/airflow/example_dags/example_xcom.py
[2022-02-03 23:12:15,100] {processor.py:642} INFO - Processing file /home/airflow/.local/lib/python3.7/site-packages/airflow/example_dags/example_xcom.py for tasks to queue
[2022-02-03 23:12:15,102] {logging_mixin.py:109} INFO - [2022-02-03 23:12:15,102] {dagbag.py:500} INFO - Filling up the DagBag from /home/airflow/.local/lib/python3.7/site-packages/airflow/example_dags/example_xcom.py
[2022-02-03 23:12:15,160] {processor.py:654} INFO - DAG(s) dict_keys(['example_xcom']) retrieved from /home/airflow/.local/lib/python3.7/site-packages/airflow/example_dags/example_xcom.py
[2022-02-03 23:12:15,465] {logging_mixin.py:109} INFO - [2022-02-03 23:12:15,465] {dag.py:2396} INFO - Sync 1 DAGs
[2022-02-03 23:12:15,485] {logging_mixin.py:109} INFO - [2022-02-03 23:12:15,485] {dag.py:2935} INFO - Setting next_dagrun for example_xcom to 2021-01-01T00:00:00+00:00
[2022-02-03 23:12:15,504] {processor.py:171} INFO - Processing /home/airflow/.local/lib/python3.7/site-packages/airflow/example_dags/example_xcom.py took 0.412 seconds
[2022-02-03 23:12:45,546] {processor.py:163} INFO - Started process (PID=1397) to work on /home/airflow/.local/lib/python3.7/site-packages/airflow/example_dags/example_xcom.py
[2022-02-03 23:12:45,549] {processor.py:642} INFO - Processing file /home/airflow/.local/lib/python3.7/site-packages/airflow/example_dags/example_xcom.py for tasks to queue
[2022-02-03 23:12:45,550] {logging_mixin.py:109} INFO - [2022-02-03 23:12:45,550] {dagbag.py:500} INFO - Filling up the DagBag from /home/airflow/.local/lib/python3.7/site-packages/airflow/example_dags/example_xcom.py
[2022-02-03 23:12:45,590] {processor.py:654} INFO - DAG(s) dict_keys(['example_xcom']) retrieved from /home/airflow/.local/lib/python3.7/site-packages/airflow/example_dags/example_xcom.py
[2022-02-03 23:12:45,853] {logging_mixin.py:109} INFO - [2022-02-03 23:12:45,853] {dag.py:2396} INFO - Sync 1 DAGs
[2022-02-03 23:12:45,869] {logging_mixin.py:109} INFO - [2022-02-03 23:12:45,869] {dag.py:2935} INFO - Setting next_dagrun for example_xcom to 2021-01-01T00:00:00+00:00
[2022-02-03 23:12:45,882] {processor.py:171} INFO - Processing /home/airflow/.local/lib/python3.7/site-packages/airflow/example_dags/example_xcom.py took 0.339 seconds
[2022-02-03 23:13:15,917] {processor.py:163} INFO - Started process (PID=1450) to work on /home/airflow/.local/lib/python3.7/site-packages/airflow/example_dags/example_xcom.py
[2022-02-03 23:13:15,921] {processor.py:642} INFO - Processing file /home/airflow/.local/lib/python3.7/site-packages/airflow/example_dags/example_xcom.py for tasks to queue
[2022-02-03 23:13:15,923] {logging_mixin.py:109} INFO - [2022-02-03 23:13:15,923] {dagbag.py:500} INFO - Filling up the DagBag from /home/airflow/.local/lib/python3.7/site-packages/airflow/example_dags/example_xcom.py
[2022-02-03 23:13:15,983] {processor.py:654} INFO - DAG(s) dict_keys(['example_xcom']) retrieved from /home/airflow/.local/lib/python3.7/site-packages/airflow/example_dags/example_xcom.py
[2022-02-03 23:13:16,275] {logging_mixin.py:109} INFO - [2022-02-03 23:13:16,275] {dag.py:2396} INFO - Sync 1 DAGs
[2022-02-03 23:13:16,292] {logging_mixin.py:109} INFO - [2022-02-03 23:13:16,291] {dag.py:2935} INFO - Setting next_dagrun for example_xcom to 2021-01-01T00:00:00+00:00
[2022-02-03 23:13:16,317] {processor.py:171} INFO - Processing /home/airflow/.local/lib/python3.7/site-packages/airflow/example_dags/example_xcom.py took 0.406 seconds
[2022-02-03 23:13:46,634] {processor.py:163} INFO - Started process (PID=1514) to work on /home/airflow/.local/lib/python3.7/site-packages/airflow/example_dags/example_xcom.py
[2022-02-03 23:13:46,645] {processor.py:642} INFO - Processing file /home/airflow/.local/lib/python3.7/site-packages/airflow/example_dags/example_xcom.py for tasks to queue
[2022-02-03 23:13:46,648] {logging_mixin.py:109} INFO - [2022-02-03 23:13:46,648] {dagbag.py:500} INFO - Filling up the DagBag from /home/airflow/.local/lib/python3.7/site-packages/airflow/example_dags/example_xcom.py
[2022-02-03 23:15:08,047] {processor.py:163} INFO - Started process (PID=62) to work on /home/airflow/.local/lib/python3.7/site-packages/airflow/example_dags/example_xcom.py
[2022-02-03 23:15:08,051] {processor.py:642} INFO - Processing file /home/airflow/.local/lib/python3.7/site-packages/airflow/example_dags/example_xcom.py for tasks to queue
[2022-02-03 23:15:08,054] {logging_mixin.py:109} INFO - [2022-02-03 23:15:08,053] {dagbag.py:500} INFO - Filling up the DagBag from /home/airflow/.local/lib/python3.7/site-packages/airflow/example_dags/example_xcom.py
[2022-02-03 23:15:08,103] {processor.py:654} INFO - DAG(s) dict_keys(['example_xcom']) retrieved from /home/airflow/.local/lib/python3.7/site-packages/airflow/example_dags/example_xcom.py
[2022-02-03 23:15:08,476] {logging_mixin.py:109} INFO - [2022-02-03 23:15:08,476] {dag.py:2396} INFO - Sync 1 DAGs
[2022-02-03 23:15:08,493] {logging_mixin.py:109} INFO - [2022-02-03 23:15:08,493] {dag.py:2935} INFO - Setting next_dagrun for example_xcom to 2021-01-01T00:00:00+00:00
[2022-02-03 23:15:08,507] {processor.py:171} INFO - Processing /home/airflow/.local/lib/python3.7/site-packages/airflow/example_dags/example_xcom.py took 0.468 seconds
[2022-02-03 23:30:33,752] {processor.py:163} INFO - Started process (PID=62) to work on /home/airflow/.local/lib/python3.7/site-packages/airflow/example_dags/example_xcom.py
[2022-02-03 23:30:33,754] {processor.py:642} INFO - Processing file /home/airflow/.local/lib/python3.7/site-packages/airflow/example_dags/example_xcom.py for tasks to queue
[2022-02-03 23:30:33,756] {logging_mixin.py:109} INFO - [2022-02-03 23:30:33,756] {dagbag.py:500} INFO - Filling up the DagBag from /home/airflow/.local/lib/python3.7/site-packages/airflow/example_dags/example_xcom.py
[2022-02-03 23:30:33,812] {processor.py:654} INFO - DAG(s) dict_keys(['example_xcom']) retrieved from /home/airflow/.local/lib/python3.7/site-packages/airflow/example_dags/example_xcom.py
[2022-02-03 23:30:34,460] {logging_mixin.py:109} INFO - [2022-02-03 23:30:34,460] {dag.py:2396} INFO - Sync 1 DAGs
[2022-02-03 23:30:34,493] {logging_mixin.py:109} INFO - [2022-02-03 23:30:34,493] {dag.py:2935} INFO - Setting next_dagrun for example_xcom to 2021-01-01T00:00:00+00:00
[2022-02-03 23:30:34,525] {processor.py:171} INFO - Processing /home/airflow/.local/lib/python3.7/site-packages/airflow/example_dags/example_xcom.py took 0.777 seconds
[2022-02-03 23:31:05,053] {processor.py:163} INFO - Started process (PID=115) to work on /home/airflow/.local/lib/python3.7/site-packages/airflow/example_dags/example_xcom.py
[2022-02-03 23:31:05,055] {processor.py:642} INFO - Processing file /home/airflow/.local/lib/python3.7/site-packages/airflow/example_dags/example_xcom.py for tasks to queue
[2022-02-03 23:31:05,057] {logging_mixin.py:109} INFO - [2022-02-03 23:31:05,057] {dagbag.py:500} INFO - Filling up the DagBag from /home/airflow/.local/lib/python3.7/site-packages/airflow/example_dags/example_xcom.py
[2022-02-03 23:31:05,105] {processor.py:654} INFO - DAG(s) dict_keys(['example_xcom']) retrieved from /home/airflow/.local/lib/python3.7/site-packages/airflow/example_dags/example_xcom.py
[2022-02-03 23:31:05,430] {logging_mixin.py:109} INFO - [2022-02-03 23:31:05,430] {dag.py:2396} INFO - Sync 1 DAGs
[2022-02-03 23:31:05,456] {logging_mixin.py:109} INFO - [2022-02-03 23:31:05,456] {dag.py:2935} INFO - Setting next_dagrun for example_xcom to 2021-01-01T00:00:00+00:00
[2022-02-03 23:31:05,467] {processor.py:171} INFO - Processing /home/airflow/.local/lib/python3.7/site-packages/airflow/example_dags/example_xcom.py took 0.419 seconds
[2022-02-03 23:31:36,400] {processor.py:163} INFO - Started process (PID=182) to work on /home/airflow/.local/lib/python3.7/site-packages/airflow/example_dags/example_xcom.py
[2022-02-03 23:31:36,403] {processor.py:642} INFO - Processing file /home/airflow/.local/lib/python3.7/site-packages/airflow/example_dags/example_xcom.py for tasks to queue
[2022-02-03 23:31:36,404] {logging_mixin.py:109} INFO - [2022-02-03 23:31:36,404] {dagbag.py:500} INFO - Filling up the DagBag from /home/airflow/.local/lib/python3.7/site-packages/airflow/example_dags/example_xcom.py
[2022-02-03 23:31:36,468] {processor.py:654} INFO - DAG(s) dict_keys(['example_xcom']) retrieved from /home/airflow/.local/lib/python3.7/site-packages/airflow/example_dags/example_xcom.py
[2022-02-03 23:31:36,826] {logging_mixin.py:109} INFO - [2022-02-03 23:31:36,826] {dag.py:2396} INFO - Sync 1 DAGs
[2022-02-03 23:31:36,862] {logging_mixin.py:109} INFO - [2022-02-03 23:31:36,862] {dag.py:2935} INFO - Setting next_dagrun for example_xcom to 2021-01-01T00:00:00+00:00
[2022-02-03 23:31:36,884] {processor.py:171} INFO - Processing /home/airflow/.local/lib/python3.7/site-packages/airflow/example_dags/example_xcom.py took 0.488 seconds
[2022-02-03 23:32:07,232] {processor.py:163} INFO - Started process (PID=235) to work on /home/airflow/.local/lib/python3.7/site-packages/airflow/example_dags/example_xcom.py
[2022-02-03 23:32:07,234] {processor.py:642} INFO - Processing file /home/airflow/.local/lib/python3.7/site-packages/airflow/example_dags/example_xcom.py for tasks to queue
[2022-02-03 23:32:07,236] {logging_mixin.py:109} INFO - [2022-02-03 23:32:07,235] {dagbag.py:500} INFO - Filling up the DagBag from /home/airflow/.local/lib/python3.7/site-packages/airflow/example_dags/example_xcom.py
[2022-02-03 23:32:07,280] {processor.py:654} INFO - DAG(s) dict_keys(['example_xcom']) retrieved from /home/airflow/.local/lib/python3.7/site-packages/airflow/example_dags/example_xcom.py
[2022-02-03 23:32:07,655] {logging_mixin.py:109} INFO - [2022-02-03 23:32:07,655] {dag.py:2396} INFO - Sync 1 DAGs
[2022-02-03 23:32:07,681] {logging_mixin.py:109} INFO - [2022-02-03 23:32:07,681] {dag.py:2935} INFO - Setting next_dagrun for example_xcom to 2021-01-01T00:00:00+00:00
[2022-02-03 23:32:07,697] {processor.py:171} INFO - Processing /home/airflow/.local/lib/python3.7/site-packages/airflow/example_dags/example_xcom.py took 0.468 seconds
[2022-02-03 23:32:38,311] {processor.py:163} INFO - Started process (PID=288) to work on /home/airflow/.local/lib/python3.7/site-packages/airflow/example_dags/example_xcom.py
[2022-02-03 23:32:38,313] {processor.py:642} INFO - Processing file /home/airflow/.local/lib/python3.7/site-packages/airflow/example_dags/example_xcom.py for tasks to queue
[2022-02-03 23:32:38,315] {logging_mixin.py:109} INFO - [2022-02-03 23:32:38,315] {dagbag.py:500} INFO - Filling up the DagBag from /home/airflow/.local/lib/python3.7/site-packages/airflow/example_dags/example_xcom.py
[2022-02-03 23:32:38,358] {processor.py:654} INFO - DAG(s) dict_keys(['example_xcom']) retrieved from /home/airflow/.local/lib/python3.7/site-packages/airflow/example_dags/example_xcom.py
[2022-02-03 23:32:38,792] {logging_mixin.py:109} INFO - [2022-02-03 23:32:38,791] {dag.py:2396} INFO - Sync 1 DAGs
[2022-02-03 23:32:38,820] {logging_mixin.py:109} INFO - [2022-02-03 23:32:38,820] {dag.py:2935} INFO - Setting next_dagrun for example_xcom to 2021-01-01T00:00:00+00:00
[2022-02-03 23:32:38,853] {processor.py:171} INFO - Processing /home/airflow/.local/lib/python3.7/site-packages/airflow/example_dags/example_xcom.py took 0.545 seconds
[2022-02-03 23:33:09,125] {processor.py:163} INFO - Started process (PID=356) to work on /home/airflow/.local/lib/python3.7/site-packages/airflow/example_dags/example_xcom.py
[2022-02-03 23:33:09,127] {processor.py:642} INFO - Processing file /home/airflow/.local/lib/python3.7/site-packages/airflow/example_dags/example_xcom.py for tasks to queue
[2022-02-03 23:33:09,129] {logging_mixin.py:109} INFO - [2022-02-03 23:33:09,129] {dagbag.py:500} INFO - Filling up the DagBag from /home/airflow/.local/lib/python3.7/site-packages/airflow/example_dags/example_xcom.py
[2022-02-03 23:33:09,173] {processor.py:654} INFO - DAG(s) dict_keys(['example_xcom']) retrieved from /home/airflow/.local/lib/python3.7/site-packages/airflow/example_dags/example_xcom.py
[2022-02-03 23:33:09,507] {logging_mixin.py:109} INFO - [2022-02-03 23:33:09,507] {dag.py:2396} INFO - Sync 1 DAGs
[2022-02-03 23:33:09,522] {logging_mixin.py:109} INFO - [2022-02-03 23:33:09,522] {dag.py:2935} INFO - Setting next_dagrun for example_xcom to 2021-01-01T00:00:00+00:00
[2022-02-03 23:33:09,537] {processor.py:171} INFO - Processing /home/airflow/.local/lib/python3.7/site-packages/airflow/example_dags/example_xcom.py took 0.415 seconds
[2022-02-03 23:33:40,262] {processor.py:163} INFO - Started process (PID=405) to work on /home/airflow/.local/lib/python3.7/site-packages/airflow/example_dags/example_xcom.py
[2022-02-03 23:33:40,265] {processor.py:642} INFO - Processing file /home/airflow/.local/lib/python3.7/site-packages/airflow/example_dags/example_xcom.py for tasks to queue
[2022-02-03 23:33:40,268] {logging_mixin.py:109} INFO - [2022-02-03 23:33:40,267] {dagbag.py:500} INFO - Filling up the DagBag from /home/airflow/.local/lib/python3.7/site-packages/airflow/example_dags/example_xcom.py
[2022-02-03 23:33:40,319] {processor.py:654} INFO - DAG(s) dict_keys(['example_xcom']) retrieved from /home/airflow/.local/lib/python3.7/site-packages/airflow/example_dags/example_xcom.py
[2022-02-03 23:33:40,713] {logging_mixin.py:109} INFO - [2022-02-03 23:33:40,713] {dag.py:2396} INFO - Sync 1 DAGs
[2022-02-03 23:33:40,727] {logging_mixin.py:109} INFO - [2022-02-03 23:33:40,727] {dag.py:2935} INFO - Setting next_dagrun for example_xcom to 2021-01-01T00:00:00+00:00
[2022-02-03 23:33:40,740] {processor.py:171} INFO - Processing /home/airflow/.local/lib/python3.7/site-packages/airflow/example_dags/example_xcom.py took 0.482 seconds
[2022-02-03 23:34:10,956] {processor.py:163} INFO - Started process (PID=457) to work on /home/airflow/.local/lib/python3.7/site-packages/airflow/example_dags/example_xcom.py
[2022-02-03 23:34:10,959] {processor.py:642} INFO - Processing file /home/airflow/.local/lib/python3.7/site-packages/airflow/example_dags/example_xcom.py for tasks to queue
[2022-02-03 23:34:10,961] {logging_mixin.py:109} INFO - [2022-02-03 23:34:10,961] {dagbag.py:500} INFO - Filling up the DagBag from /home/airflow/.local/lib/python3.7/site-packages/airflow/example_dags/example_xcom.py
[2022-02-03 23:34:11,027] {processor.py:654} INFO - DAG(s) dict_keys(['example_xcom']) retrieved from /home/airflow/.local/lib/python3.7/site-packages/airflow/example_dags/example_xcom.py
[2022-02-03 23:34:11,429] {logging_mixin.py:109} INFO - [2022-02-03 23:34:11,429] {dag.py:2396} INFO - Sync 1 DAGs
[2022-02-03 23:34:11,451] {logging_mixin.py:109} INFO - [2022-02-03 23:34:11,451] {dag.py:2935} INFO - Setting next_dagrun for example_xcom to 2021-01-01T00:00:00+00:00
[2022-02-03 23:34:11,469] {processor.py:171} INFO - Processing /home/airflow/.local/lib/python3.7/site-packages/airflow/example_dags/example_xcom.py took 0.521 seconds
[2022-02-03 23:34:42,279] {processor.py:163} INFO - Started process (PID=522) to work on /home/airflow/.local/lib/python3.7/site-packages/airflow/example_dags/example_xcom.py
[2022-02-03 23:34:42,282] {processor.py:642} INFO - Processing file /home/airflow/.local/lib/python3.7/site-packages/airflow/example_dags/example_xcom.py for tasks to queue
[2022-02-03 23:34:42,283] {logging_mixin.py:109} INFO - [2022-02-03 23:34:42,283] {dagbag.py:500} INFO - Filling up the DagBag from /home/airflow/.local/lib/python3.7/site-packages/airflow/example_dags/example_xcom.py
[2022-02-03 23:34:42,323] {processor.py:654} INFO - DAG(s) dict_keys(['example_xcom']) retrieved from /home/airflow/.local/lib/python3.7/site-packages/airflow/example_dags/example_xcom.py
[2022-02-03 23:34:42,640] {logging_mixin.py:109} INFO - [2022-02-03 23:34:42,640] {dag.py:2396} INFO - Sync 1 DAGs
[2022-02-03 23:34:42,667] {logging_mixin.py:109} INFO - [2022-02-03 23:34:42,667] {dag.py:2935} INFO - Setting next_dagrun for example_xcom to 2021-01-01T00:00:00+00:00
[2022-02-03 23:34:42,680] {processor.py:171} INFO - Processing /home/airflow/.local/lib/python3.7/site-packages/airflow/example_dags/example_xcom.py took 0.404 seconds
[2022-02-03 23:35:13,102] {processor.py:163} INFO - Started process (PID=576) to work on /home/airflow/.local/lib/python3.7/site-packages/airflow/example_dags/example_xcom.py
[2022-02-03 23:35:13,105] {processor.py:642} INFO - Processing file /home/airflow/.local/lib/python3.7/site-packages/airflow/example_dags/example_xcom.py for tasks to queue
[2022-02-03 23:35:13,107] {logging_mixin.py:109} INFO - [2022-02-03 23:35:13,107] {dagbag.py:500} INFO - Filling up the DagBag from /home/airflow/.local/lib/python3.7/site-packages/airflow/example_dags/example_xcom.py
[2022-02-03 23:35:13,149] {processor.py:654} INFO - DAG(s) dict_keys(['example_xcom']) retrieved from /home/airflow/.local/lib/python3.7/site-packages/airflow/example_dags/example_xcom.py
[2022-02-03 23:35:13,510] {logging_mixin.py:109} INFO - [2022-02-03 23:35:13,510] {dag.py:2396} INFO - Sync 1 DAGs
[2022-02-03 23:35:13,554] {logging_mixin.py:109} INFO - [2022-02-03 23:35:13,553] {dag.py:2935} INFO - Setting next_dagrun for example_xcom to 2021-01-01T00:00:00+00:00
[2022-02-03 23:35:13,576] {processor.py:171} INFO - Processing /home/airflow/.local/lib/python3.7/site-packages/airflow/example_dags/example_xcom.py took 0.478 seconds
[2022-02-03 23:35:44,256] {processor.py:163} INFO - Started process (PID=630) to work on /home/airflow/.local/lib/python3.7/site-packages/airflow/example_dags/example_xcom.py
[2022-02-03 23:35:44,260] {processor.py:642} INFO - Processing file /home/airflow/.local/lib/python3.7/site-packages/airflow/example_dags/example_xcom.py for tasks to queue
[2022-02-03 23:35:44,272] {logging_mixin.py:109} INFO - [2022-02-03 23:35:44,271] {dagbag.py:500} INFO - Filling up the DagBag from /home/airflow/.local/lib/python3.7/site-packages/airflow/example_dags/example_xcom.py
[2022-02-03 23:35:44,345] {processor.py:654} INFO - DAG(s) dict_keys(['example_xcom']) retrieved from /home/airflow/.local/lib/python3.7/site-packages/airflow/example_dags/example_xcom.py
[2022-02-03 23:35:45,029] {logging_mixin.py:109} INFO - [2022-02-03 23:35:45,029] {dag.py:2396} INFO - Sync 1 DAGs
[2022-02-03 23:35:45,057] {logging_mixin.py:109} INFO - [2022-02-03 23:35:45,057] {dag.py:2935} INFO - Setting next_dagrun for example_xcom to 2021-01-01T00:00:00+00:00
[2022-02-03 23:35:45,087] {processor.py:171} INFO - Processing /home/airflow/.local/lib/python3.7/site-packages/airflow/example_dags/example_xcom.py took 0.837 seconds
[2022-02-03 23:36:16,049] {processor.py:163} INFO - Started process (PID=700) to work on /home/airflow/.local/lib/python3.7/site-packages/airflow/example_dags/example_xcom.py
[2022-02-03 23:36:16,053] {processor.py:642} INFO - Processing file /home/airflow/.local/lib/python3.7/site-packages/airflow/example_dags/example_xcom.py for tasks to queue
[2022-02-03 23:36:16,055] {logging_mixin.py:109} INFO - [2022-02-03 23:36:16,055] {dagbag.py:500} INFO - Filling up the DagBag from /home/airflow/.local/lib/python3.7/site-packages/airflow/example_dags/example_xcom.py
[2022-02-03 23:36:16,105] {processor.py:654} INFO - DAG(s) dict_keys(['example_xcom']) retrieved from /home/airflow/.local/lib/python3.7/site-packages/airflow/example_dags/example_xcom.py
[2022-02-03 23:36:16,451] {logging_mixin.py:109} INFO - [2022-02-03 23:36:16,451] {dag.py:2396} INFO - Sync 1 DAGs
[2022-02-03 23:36:16,491] {logging_mixin.py:109} INFO - [2022-02-03 23:36:16,491] {dag.py:2935} INFO - Setting next_dagrun for example_xcom to 2021-01-01T00:00:00+00:00
[2022-02-03 23:36:16,504] {processor.py:171} INFO - Processing /home/airflow/.local/lib/python3.7/site-packages/airflow/example_dags/example_xcom.py took 0.460 seconds
[2022-02-03 23:36:46,662] {processor.py:163} INFO - Started process (PID=754) to work on /home/airflow/.local/lib/python3.7/site-packages/airflow/example_dags/example_xcom.py
[2022-02-03 23:36:46,665] {processor.py:642} INFO - Processing file /home/airflow/.local/lib/python3.7/site-packages/airflow/example_dags/example_xcom.py for tasks to queue
[2022-02-03 23:36:46,667] {logging_mixin.py:109} INFO - [2022-02-03 23:36:46,667] {dagbag.py:500} INFO - Filling up the DagBag from /home/airflow/.local/lib/python3.7/site-packages/airflow/example_dags/example_xcom.py
[2022-02-03 23:36:46,723] {processor.py:654} INFO - DAG(s) dict_keys(['example_xcom']) retrieved from /home/airflow/.local/lib/python3.7/site-packages/airflow/example_dags/example_xcom.py
[2022-02-03 23:36:47,010] {logging_mixin.py:109} INFO - [2022-02-03 23:36:47,010] {dag.py:2396} INFO - Sync 1 DAGs
[2022-02-03 23:36:47,027] {logging_mixin.py:109} INFO - [2022-02-03 23:36:47,027] {dag.py:2935} INFO - Setting next_dagrun for example_xcom to 2021-01-01T00:00:00+00:00
[2022-02-03 23:36:47,042] {processor.py:171} INFO - Processing /home/airflow/.local/lib/python3.7/site-packages/airflow/example_dags/example_xcom.py took 0.385 seconds
[2022-02-03 23:37:17,416] {processor.py:163} INFO - Started process (PID=809) to work on /home/airflow/.local/lib/python3.7/site-packages/airflow/example_dags/example_xcom.py
[2022-02-03 23:37:17,420] {processor.py:642} INFO - Processing file /home/airflow/.local/lib/python3.7/site-packages/airflow/example_dags/example_xcom.py for tasks to queue
[2022-02-03 23:37:17,423] {logging_mixin.py:109} INFO - [2022-02-03 23:37:17,423] {dagbag.py:500} INFO - Filling up the DagBag from /home/airflow/.local/lib/python3.7/site-packages/airflow/example_dags/example_xcom.py
[2022-02-03 23:37:17,500] {processor.py:654} INFO - DAG(s) dict_keys(['example_xcom']) retrieved from /home/airflow/.local/lib/python3.7/site-packages/airflow/example_dags/example_xcom.py
[2022-02-03 23:37:17,912] {logging_mixin.py:109} INFO - [2022-02-03 23:37:17,912] {dag.py:2396} INFO - Sync 1 DAGs
[2022-02-03 23:37:17,929] {logging_mixin.py:109} INFO - [2022-02-03 23:37:17,929] {dag.py:2935} INFO - Setting next_dagrun for example_xcom to 2021-01-01T00:00:00+00:00
[2022-02-03 23:37:17,946] {processor.py:171} INFO - Processing /home/airflow/.local/lib/python3.7/site-packages/airflow/example_dags/example_xcom.py took 0.534 seconds
[2022-02-03 23:37:48,210] {processor.py:163} INFO - Started process (PID=875) to work on /home/airflow/.local/lib/python3.7/site-packages/airflow/example_dags/example_xcom.py
[2022-02-03 23:37:48,211] {processor.py:642} INFO - Processing file /home/airflow/.local/lib/python3.7/site-packages/airflow/example_dags/example_xcom.py for tasks to queue
[2022-02-03 23:37:48,213] {logging_mixin.py:109} INFO - [2022-02-03 23:37:48,213] {dagbag.py:500} INFO - Filling up the DagBag from /home/airflow/.local/lib/python3.7/site-packages/airflow/example_dags/example_xcom.py
[2022-02-03 23:37:48,253] {processor.py:654} INFO - DAG(s) dict_keys(['example_xcom']) retrieved from /home/airflow/.local/lib/python3.7/site-packages/airflow/example_dags/example_xcom.py
[2022-02-03 23:37:48,533] {logging_mixin.py:109} INFO - [2022-02-03 23:37:48,533] {dag.py:2396} INFO - Sync 1 DAGs
[2022-02-03 23:37:48,549] {logging_mixin.py:109} INFO - [2022-02-03 23:37:48,549] {dag.py:2935} INFO - Setting next_dagrun for example_xcom to 2021-01-01T00:00:00+00:00
[2022-02-03 23:37:48,563] {processor.py:171} INFO - Processing /home/airflow/.local/lib/python3.7/site-packages/airflow/example_dags/example_xcom.py took 0.357 seconds
[2022-02-03 23:38:18,958] {processor.py:163} INFO - Started process (PID=928) to work on /home/airflow/.local/lib/python3.7/site-packages/airflow/example_dags/example_xcom.py
[2022-02-03 23:38:18,960] {processor.py:642} INFO - Processing file /home/airflow/.local/lib/python3.7/site-packages/airflow/example_dags/example_xcom.py for tasks to queue
[2022-02-03 23:38:18,961] {logging_mixin.py:109} INFO - [2022-02-03 23:38:18,961] {dagbag.py:500} INFO - Filling up the DagBag from /home/airflow/.local/lib/python3.7/site-packages/airflow/example_dags/example_xcom.py
[2022-02-03 23:38:18,999] {processor.py:654} INFO - DAG(s) dict_keys(['example_xcom']) retrieved from /home/airflow/.local/lib/python3.7/site-packages/airflow/example_dags/example_xcom.py
[2022-02-03 23:38:19,285] {logging_mixin.py:109} INFO - [2022-02-03 23:38:19,285] {dag.py:2396} INFO - Sync 1 DAGs
[2022-02-03 23:38:19,300] {logging_mixin.py:109} INFO - [2022-02-03 23:38:19,300] {dag.py:2935} INFO - Setting next_dagrun for example_xcom to 2021-01-01T00:00:00+00:00
[2022-02-03 23:38:19,312] {processor.py:171} INFO - Processing /home/airflow/.local/lib/python3.7/site-packages/airflow/example_dags/example_xcom.py took 0.357 seconds
[2022-02-03 23:38:49,564] {processor.py:163} INFO - Started process (PID=975) to work on /home/airflow/.local/lib/python3.7/site-packages/airflow/example_dags/example_xcom.py
[2022-02-03 23:38:49,566] {processor.py:642} INFO - Processing file /home/airflow/.local/lib/python3.7/site-packages/airflow/example_dags/example_xcom.py for tasks to queue
[2022-02-03 23:38:49,568] {logging_mixin.py:109} INFO - [2022-02-03 23:38:49,567] {dagbag.py:500} INFO - Filling up the DagBag from /home/airflow/.local/lib/python3.7/site-packages/airflow/example_dags/example_xcom.py
[2022-02-03 23:38:49,607] {processor.py:654} INFO - DAG(s) dict_keys(['example_xcom']) retrieved from /home/airflow/.local/lib/python3.7/site-packages/airflow/example_dags/example_xcom.py
[2022-02-03 23:38:49,922] {logging_mixin.py:109} INFO - [2022-02-03 23:38:49,922] {dag.py:2396} INFO - Sync 1 DAGs
[2022-02-03 23:38:49,939] {logging_mixin.py:109} INFO - [2022-02-03 23:38:49,939] {dag.py:2935} INFO - Setting next_dagrun for example_xcom to 2021-01-01T00:00:00+00:00
[2022-02-03 23:38:49,959] {processor.py:171} INFO - Processing /home/airflow/.local/lib/python3.7/site-packages/airflow/example_dags/example_xcom.py took 0.400 seconds
[2022-02-03 23:39:20,119] {processor.py:163} INFO - Started process (PID=1040) to work on /home/airflow/.local/lib/python3.7/site-packages/airflow/example_dags/example_xcom.py
[2022-02-03 23:39:20,123] {processor.py:642} INFO - Processing file /home/airflow/.local/lib/python3.7/site-packages/airflow/example_dags/example_xcom.py for tasks to queue
[2022-02-03 23:39:20,125] {logging_mixin.py:109} INFO - [2022-02-03 23:39:20,125] {dagbag.py:500} INFO - Filling up the DagBag from /home/airflow/.local/lib/python3.7/site-packages/airflow/example_dags/example_xcom.py
[2022-02-03 23:39:20,172] {processor.py:654} INFO - DAG(s) dict_keys(['example_xcom']) retrieved from /home/airflow/.local/lib/python3.7/site-packages/airflow/example_dags/example_xcom.py
[2022-02-03 23:39:20,495] {logging_mixin.py:109} INFO - [2022-02-03 23:39:20,495] {dag.py:2396} INFO - Sync 1 DAGs
[2022-02-03 23:39:20,508] {logging_mixin.py:109} INFO - [2022-02-03 23:39:20,508] {dag.py:2935} INFO - Setting next_dagrun for example_xcom to 2021-01-01T00:00:00+00:00
[2022-02-03 23:39:20,521] {processor.py:171} INFO - Processing /home/airflow/.local/lib/python3.7/site-packages/airflow/example_dags/example_xcom.py took 0.411 seconds
[2022-02-03 23:39:50,842] {processor.py:163} INFO - Started process (PID=1092) to work on /home/airflow/.local/lib/python3.7/site-packages/airflow/example_dags/example_xcom.py
[2022-02-03 23:39:50,845] {processor.py:642} INFO - Processing file /home/airflow/.local/lib/python3.7/site-packages/airflow/example_dags/example_xcom.py for tasks to queue
[2022-02-03 23:39:50,847] {logging_mixin.py:109} INFO - [2022-02-03 23:39:50,847] {dagbag.py:500} INFO - Filling up the DagBag from /home/airflow/.local/lib/python3.7/site-packages/airflow/example_dags/example_xcom.py
[2022-02-03 23:39:50,897] {processor.py:654} INFO - DAG(s) dict_keys(['example_xcom']) retrieved from /home/airflow/.local/lib/python3.7/site-packages/airflow/example_dags/example_xcom.py
[2022-02-03 23:39:51,220] {logging_mixin.py:109} INFO - [2022-02-03 23:39:51,220] {dag.py:2396} INFO - Sync 1 DAGs
[2022-02-03 23:39:51,236] {logging_mixin.py:109} INFO - [2022-02-03 23:39:51,236] {dag.py:2935} INFO - Setting next_dagrun for example_xcom to 2021-01-01T00:00:00+00:00
[2022-02-03 23:39:51,249] {processor.py:171} INFO - Processing /home/airflow/.local/lib/python3.7/site-packages/airflow/example_dags/example_xcom.py took 0.410 seconds
[2022-02-03 23:40:21,578] {processor.py:163} INFO - Started process (PID=1160) to work on /home/airflow/.local/lib/python3.7/site-packages/airflow/example_dags/example_xcom.py
[2022-02-03 23:40:21,583] {processor.py:642} INFO - Processing file /home/airflow/.local/lib/python3.7/site-packages/airflow/example_dags/example_xcom.py for tasks to queue
[2022-02-03 23:40:21,587] {logging_mixin.py:109} INFO - [2022-02-03 23:40:21,586] {dagbag.py:500} INFO - Filling up the DagBag from /home/airflow/.local/lib/python3.7/site-packages/airflow/example_dags/example_xcom.py
[2022-02-03 23:40:21,646] {processor.py:654} INFO - DAG(s) dict_keys(['example_xcom']) retrieved from /home/airflow/.local/lib/python3.7/site-packages/airflow/example_dags/example_xcom.py
[2022-02-03 23:40:22,266] {logging_mixin.py:109} INFO - [2022-02-03 23:40:22,266] {dag.py:2396} INFO - Sync 1 DAGs
[2022-02-03 23:40:22,285] {logging_mixin.py:109} INFO - [2022-02-03 23:40:22,285] {dag.py:2935} INFO - Setting next_dagrun for example_xcom to 2021-01-01T00:00:00+00:00
[2022-02-03 23:40:22,312] {processor.py:171} INFO - Processing /home/airflow/.local/lib/python3.7/site-packages/airflow/example_dags/example_xcom.py took 0.745 seconds
