[2022-02-03 23:02:05,130] {processor.py:163} INFO - Started process (PID=83) to work on /home/airflow/.local/lib/python3.7/site-packages/airflow/example_dags/example_bash_operator.py
[2022-02-03 23:02:05,138] {processor.py:642} INFO - Processing file /home/airflow/.local/lib/python3.7/site-packages/airflow/example_dags/example_bash_operator.py for tasks to queue
[2022-02-03 23:02:05,142] {logging_mixin.py:109} INFO - [2022-02-03 23:02:05,141] {dagbag.py:500} INFO - Filling up the DagBag from /home/airflow/.local/lib/python3.7/site-packages/airflow/example_dags/example_bash_operator.py
[2022-02-03 23:02:05,216] {processor.py:654} INFO - DAG(s) dict_keys(['example_bash_operator']) retrieved from /home/airflow/.local/lib/python3.7/site-packages/airflow/example_dags/example_bash_operator.py
[2022-02-03 23:02:09,115] {logging_mixin.py:109} INFO - [2022-02-03 23:02:09,115] {manager.py:496} INFO - Created Permission View: can read on DAG:example_bash_operator
[2022-02-03 23:02:09,197] {logging_mixin.py:109} INFO - [2022-02-03 23:02:09,197] {manager.py:496} INFO - Created Permission View: can edit on DAG:example_bash_operator
[2022-02-03 23:02:09,201] {logging_mixin.py:109} INFO - [2022-02-03 23:02:09,201] {dag.py:2396} INFO - Sync 1 DAGs
[2022-02-03 23:02:09,263] {logging_mixin.py:109} INFO - [2022-02-03 23:02:09,263] {dag.py:2415} INFO - Creating ORM DAG for example_bash_operator
[2022-02-03 23:02:09,322] {logging_mixin.py:109} INFO - [2022-02-03 23:02:09,322] {dag.py:2935} INFO - Setting next_dagrun for example_bash_operator to 2022-02-02 00:00:00+00:00
[2022-02-03 23:02:09,377] {processor.py:171} INFO - Processing /home/airflow/.local/lib/python3.7/site-packages/airflow/example_dags/example_bash_operator.py took 4.256 seconds
[2022-02-03 23:02:39,479] {processor.py:163} INFO - Started process (PID=233) to work on /home/airflow/.local/lib/python3.7/site-packages/airflow/example_dags/example_bash_operator.py
[2022-02-03 23:02:39,481] {processor.py:642} INFO - Processing file /home/airflow/.local/lib/python3.7/site-packages/airflow/example_dags/example_bash_operator.py for tasks to queue
[2022-02-03 23:02:39,483] {logging_mixin.py:109} INFO - [2022-02-03 23:02:39,483] {dagbag.py:500} INFO - Filling up the DagBag from /home/airflow/.local/lib/python3.7/site-packages/airflow/example_dags/example_bash_operator.py
[2022-02-03 23:02:39,529] {processor.py:654} INFO - DAG(s) dict_keys(['example_bash_operator']) retrieved from /home/airflow/.local/lib/python3.7/site-packages/airflow/example_dags/example_bash_operator.py
[2022-02-03 23:02:39,543] {logging_mixin.py:109} INFO - [2022-02-03 23:02:39,543] {dag.py:2396} INFO - Sync 1 DAGs
[2022-02-03 23:02:39,563] {logging_mixin.py:109} INFO - [2022-02-03 23:02:39,563] {dag.py:2935} INFO - Setting next_dagrun for example_bash_operator to 2022-02-02 00:00:00+00:00
[2022-02-03 23:02:39,600] {processor.py:171} INFO - Processing /home/airflow/.local/lib/python3.7/site-packages/airflow/example_dags/example_bash_operator.py took 0.126 seconds
[2022-02-03 23:03:10,214] {processor.py:163} INFO - Started process (PID=296) to work on /home/airflow/.local/lib/python3.7/site-packages/airflow/example_dags/example_bash_operator.py
[2022-02-03 23:03:10,216] {processor.py:642} INFO - Processing file /home/airflow/.local/lib/python3.7/site-packages/airflow/example_dags/example_bash_operator.py for tasks to queue
[2022-02-03 23:03:10,218] {logging_mixin.py:109} INFO - [2022-02-03 23:03:10,218] {dagbag.py:500} INFO - Filling up the DagBag from /home/airflow/.local/lib/python3.7/site-packages/airflow/example_dags/example_bash_operator.py
[2022-02-03 23:03:10,288] {processor.py:654} INFO - DAG(s) dict_keys(['example_bash_operator']) retrieved from /home/airflow/.local/lib/python3.7/site-packages/airflow/example_dags/example_bash_operator.py
[2022-02-03 23:03:10,322] {logging_mixin.py:109} INFO - [2022-02-03 23:03:10,321] {dag.py:2396} INFO - Sync 1 DAGs
[2022-02-03 23:03:10,344] {logging_mixin.py:109} INFO - [2022-02-03 23:03:10,344] {dag.py:2935} INFO - Setting next_dagrun for example_bash_operator to 2022-02-02 00:00:00+00:00
[2022-02-03 23:03:10,358] {processor.py:171} INFO - Processing /home/airflow/.local/lib/python3.7/site-packages/airflow/example_dags/example_bash_operator.py took 0.148 seconds
[2022-02-03 23:03:40,751] {processor.py:163} INFO - Started process (PID=349) to work on /home/airflow/.local/lib/python3.7/site-packages/airflow/example_dags/example_bash_operator.py
[2022-02-03 23:03:40,753] {processor.py:642} INFO - Processing file /home/airflow/.local/lib/python3.7/site-packages/airflow/example_dags/example_bash_operator.py for tasks to queue
[2022-02-03 23:03:40,758] {logging_mixin.py:109} INFO - [2022-02-03 23:03:40,758] {dagbag.py:500} INFO - Filling up the DagBag from /home/airflow/.local/lib/python3.7/site-packages/airflow/example_dags/example_bash_operator.py
[2022-02-03 23:03:40,800] {processor.py:654} INFO - DAG(s) dict_keys(['example_bash_operator']) retrieved from /home/airflow/.local/lib/python3.7/site-packages/airflow/example_dags/example_bash_operator.py
[2022-02-03 23:03:40,811] {logging_mixin.py:109} INFO - [2022-02-03 23:03:40,811] {dag.py:2396} INFO - Sync 1 DAGs
[2022-02-03 23:03:40,839] {logging_mixin.py:109} INFO - [2022-02-03 23:03:40,839] {dag.py:2935} INFO - Setting next_dagrun for example_bash_operator to 2022-02-02 00:00:00+00:00
[2022-02-03 23:03:40,864] {processor.py:171} INFO - Processing /home/airflow/.local/lib/python3.7/site-packages/airflow/example_dags/example_bash_operator.py took 0.117 seconds
[2022-02-03 23:04:11,228] {processor.py:163} INFO - Started process (PID=403) to work on /home/airflow/.local/lib/python3.7/site-packages/airflow/example_dags/example_bash_operator.py
[2022-02-03 23:04:11,232] {processor.py:642} INFO - Processing file /home/airflow/.local/lib/python3.7/site-packages/airflow/example_dags/example_bash_operator.py for tasks to queue
[2022-02-03 23:04:11,233] {logging_mixin.py:109} INFO - [2022-02-03 23:04:11,233] {dagbag.py:500} INFO - Filling up the DagBag from /home/airflow/.local/lib/python3.7/site-packages/airflow/example_dags/example_bash_operator.py
[2022-02-03 23:04:11,270] {processor.py:654} INFO - DAG(s) dict_keys(['example_bash_operator']) retrieved from /home/airflow/.local/lib/python3.7/site-packages/airflow/example_dags/example_bash_operator.py
[2022-02-03 23:04:11,283] {logging_mixin.py:109} INFO - [2022-02-03 23:04:11,283] {dag.py:2396} INFO - Sync 1 DAGs
[2022-02-03 23:04:11,300] {logging_mixin.py:109} INFO - [2022-02-03 23:04:11,300] {dag.py:2935} INFO - Setting next_dagrun for example_bash_operator to 2022-02-02 00:00:00+00:00
[2022-02-03 23:04:11,311] {processor.py:171} INFO - Processing /home/airflow/.local/lib/python3.7/site-packages/airflow/example_dags/example_bash_operator.py took 0.093 seconds
[2022-02-03 23:04:41,775] {processor.py:163} INFO - Started process (PID=471) to work on /home/airflow/.local/lib/python3.7/site-packages/airflow/example_dags/example_bash_operator.py
[2022-02-03 23:04:41,778] {processor.py:642} INFO - Processing file /home/airflow/.local/lib/python3.7/site-packages/airflow/example_dags/example_bash_operator.py for tasks to queue
[2022-02-03 23:04:41,789] {logging_mixin.py:109} INFO - [2022-02-03 23:04:41,789] {dagbag.py:500} INFO - Filling up the DagBag from /home/airflow/.local/lib/python3.7/site-packages/airflow/example_dags/example_bash_operator.py
[2022-02-03 23:04:41,938] {processor.py:654} INFO - DAG(s) dict_keys(['example_bash_operator']) retrieved from /home/airflow/.local/lib/python3.7/site-packages/airflow/example_dags/example_bash_operator.py
[2022-02-03 23:04:41,958] {logging_mixin.py:109} INFO - [2022-02-03 23:04:41,958] {dag.py:2396} INFO - Sync 1 DAGs
[2022-02-03 23:04:41,993] {logging_mixin.py:109} INFO - [2022-02-03 23:04:41,993] {dag.py:2935} INFO - Setting next_dagrun for example_bash_operator to 2022-02-02 00:00:00+00:00
[2022-02-03 23:04:42,025] {processor.py:171} INFO - Processing /home/airflow/.local/lib/python3.7/site-packages/airflow/example_dags/example_bash_operator.py took 0.256 seconds
[2022-02-03 23:05:12,335] {processor.py:163} INFO - Started process (PID=522) to work on /home/airflow/.local/lib/python3.7/site-packages/airflow/example_dags/example_bash_operator.py
[2022-02-03 23:05:12,337] {processor.py:642} INFO - Processing file /home/airflow/.local/lib/python3.7/site-packages/airflow/example_dags/example_bash_operator.py for tasks to queue
[2022-02-03 23:05:12,338] {logging_mixin.py:109} INFO - [2022-02-03 23:05:12,338] {dagbag.py:500} INFO - Filling up the DagBag from /home/airflow/.local/lib/python3.7/site-packages/airflow/example_dags/example_bash_operator.py
[2022-02-03 23:05:12,371] {processor.py:654} INFO - DAG(s) dict_keys(['example_bash_operator']) retrieved from /home/airflow/.local/lib/python3.7/site-packages/airflow/example_dags/example_bash_operator.py
[2022-02-03 23:05:12,383] {logging_mixin.py:109} INFO - [2022-02-03 23:05:12,383] {dag.py:2396} INFO - Sync 1 DAGs
[2022-02-03 23:05:12,402] {logging_mixin.py:109} INFO - [2022-02-03 23:05:12,402] {dag.py:2935} INFO - Setting next_dagrun for example_bash_operator to 2022-02-02 00:00:00+00:00
[2022-02-03 23:05:12,412] {processor.py:171} INFO - Processing /home/airflow/.local/lib/python3.7/site-packages/airflow/example_dags/example_bash_operator.py took 0.081 seconds
[2022-02-03 23:05:42,806] {processor.py:163} INFO - Started process (PID=575) to work on /home/airflow/.local/lib/python3.7/site-packages/airflow/example_dags/example_bash_operator.py
[2022-02-03 23:05:42,810] {processor.py:642} INFO - Processing file /home/airflow/.local/lib/python3.7/site-packages/airflow/example_dags/example_bash_operator.py for tasks to queue
[2022-02-03 23:05:42,813] {logging_mixin.py:109} INFO - [2022-02-03 23:05:42,812] {dagbag.py:500} INFO - Filling up the DagBag from /home/airflow/.local/lib/python3.7/site-packages/airflow/example_dags/example_bash_operator.py
[2022-02-03 23:05:42,855] {processor.py:654} INFO - DAG(s) dict_keys(['example_bash_operator']) retrieved from /home/airflow/.local/lib/python3.7/site-packages/airflow/example_dags/example_bash_operator.py
[2022-02-03 23:05:42,876] {logging_mixin.py:109} INFO - [2022-02-03 23:05:42,876] {dag.py:2396} INFO - Sync 1 DAGs
[2022-02-03 23:05:42,897] {logging_mixin.py:109} INFO - [2022-02-03 23:05:42,897] {dag.py:2935} INFO - Setting next_dagrun for example_bash_operator to 2022-02-02 00:00:00+00:00
[2022-02-03 23:05:42,910] {processor.py:171} INFO - Processing /home/airflow/.local/lib/python3.7/site-packages/airflow/example_dags/example_bash_operator.py took 0.112 seconds
[2022-02-03 23:06:13,778] {processor.py:163} INFO - Started process (PID=646) to work on /home/airflow/.local/lib/python3.7/site-packages/airflow/example_dags/example_bash_operator.py
[2022-02-03 23:06:13,780] {processor.py:642} INFO - Processing file /home/airflow/.local/lib/python3.7/site-packages/airflow/example_dags/example_bash_operator.py for tasks to queue
[2022-02-03 23:06:13,784] {logging_mixin.py:109} INFO - [2022-02-03 23:06:13,784] {dagbag.py:500} INFO - Filling up the DagBag from /home/airflow/.local/lib/python3.7/site-packages/airflow/example_dags/example_bash_operator.py
[2022-02-03 23:06:13,837] {processor.py:654} INFO - DAG(s) dict_keys(['example_bash_operator']) retrieved from /home/airflow/.local/lib/python3.7/site-packages/airflow/example_dags/example_bash_operator.py
[2022-02-03 23:06:13,859] {logging_mixin.py:109} INFO - [2022-02-03 23:06:13,859] {dag.py:2396} INFO - Sync 1 DAGs
[2022-02-03 23:06:13,885] {logging_mixin.py:109} INFO - [2022-02-03 23:06:13,884] {dag.py:2935} INFO - Setting next_dagrun for example_bash_operator to 2022-02-02 00:00:00+00:00
[2022-02-03 23:06:13,902] {processor.py:171} INFO - Processing /home/airflow/.local/lib/python3.7/site-packages/airflow/example_dags/example_bash_operator.py took 0.128 seconds
[2022-02-03 23:06:44,418] {processor.py:163} INFO - Started process (PID=699) to work on /home/airflow/.local/lib/python3.7/site-packages/airflow/example_dags/example_bash_operator.py
[2022-02-03 23:06:44,421] {processor.py:642} INFO - Processing file /home/airflow/.local/lib/python3.7/site-packages/airflow/example_dags/example_bash_operator.py for tasks to queue
[2022-02-03 23:06:44,423] {logging_mixin.py:109} INFO - [2022-02-03 23:06:44,423] {dagbag.py:500} INFO - Filling up the DagBag from /home/airflow/.local/lib/python3.7/site-packages/airflow/example_dags/example_bash_operator.py
[2022-02-03 23:06:44,471] {processor.py:654} INFO - DAG(s) dict_keys(['example_bash_operator']) retrieved from /home/airflow/.local/lib/python3.7/site-packages/airflow/example_dags/example_bash_operator.py
[2022-02-03 23:06:44,483] {logging_mixin.py:109} INFO - [2022-02-03 23:06:44,483] {dag.py:2396} INFO - Sync 1 DAGs
[2022-02-03 23:06:44,507] {logging_mixin.py:109} INFO - [2022-02-03 23:06:44,507] {dag.py:2935} INFO - Setting next_dagrun for example_bash_operator to 2022-02-02 00:00:00+00:00
[2022-02-03 23:06:44,524] {processor.py:171} INFO - Processing /home/airflow/.local/lib/python3.7/site-packages/airflow/example_dags/example_bash_operator.py took 0.115 seconds
[2022-02-03 23:07:15,186] {processor.py:163} INFO - Started process (PID=762) to work on /home/airflow/.local/lib/python3.7/site-packages/airflow/example_dags/example_bash_operator.py
[2022-02-03 23:07:15,188] {processor.py:642} INFO - Processing file /home/airflow/.local/lib/python3.7/site-packages/airflow/example_dags/example_bash_operator.py for tasks to queue
[2022-02-03 23:07:15,190] {logging_mixin.py:109} INFO - [2022-02-03 23:07:15,190] {dagbag.py:500} INFO - Filling up the DagBag from /home/airflow/.local/lib/python3.7/site-packages/airflow/example_dags/example_bash_operator.py
[2022-02-03 23:07:15,230] {processor.py:654} INFO - DAG(s) dict_keys(['example_bash_operator']) retrieved from /home/airflow/.local/lib/python3.7/site-packages/airflow/example_dags/example_bash_operator.py
[2022-02-03 23:07:15,243] {logging_mixin.py:109} INFO - [2022-02-03 23:07:15,243] {dag.py:2396} INFO - Sync 1 DAGs
[2022-02-03 23:07:15,264] {logging_mixin.py:109} INFO - [2022-02-03 23:07:15,264] {dag.py:2935} INFO - Setting next_dagrun for example_bash_operator to 2022-02-02 00:00:00+00:00
[2022-02-03 23:07:15,276] {processor.py:171} INFO - Processing /home/airflow/.local/lib/python3.7/site-packages/airflow/example_dags/example_bash_operator.py took 0.096 seconds
[2022-02-03 23:07:45,361] {processor.py:163} INFO - Started process (PID=813) to work on /home/airflow/.local/lib/python3.7/site-packages/airflow/example_dags/example_bash_operator.py
[2022-02-03 23:07:45,364] {processor.py:642} INFO - Processing file /home/airflow/.local/lib/python3.7/site-packages/airflow/example_dags/example_bash_operator.py for tasks to queue
[2022-02-03 23:07:45,365] {logging_mixin.py:109} INFO - [2022-02-03 23:07:45,365] {dagbag.py:500} INFO - Filling up the DagBag from /home/airflow/.local/lib/python3.7/site-packages/airflow/example_dags/example_bash_operator.py
[2022-02-03 23:07:45,401] {processor.py:654} INFO - DAG(s) dict_keys(['example_bash_operator']) retrieved from /home/airflow/.local/lib/python3.7/site-packages/airflow/example_dags/example_bash_operator.py
[2022-02-03 23:07:45,413] {logging_mixin.py:109} INFO - [2022-02-03 23:07:45,413] {dag.py:2396} INFO - Sync 1 DAGs
[2022-02-03 23:07:45,431] {logging_mixin.py:109} INFO - [2022-02-03 23:07:45,431] {dag.py:2935} INFO - Setting next_dagrun for example_bash_operator to 2022-02-02 00:00:00+00:00
[2022-02-03 23:07:45,441] {processor.py:171} INFO - Processing /home/airflow/.local/lib/python3.7/site-packages/airflow/example_dags/example_bash_operator.py took 0.084 seconds
[2022-02-03 23:08:15,816] {processor.py:163} INFO - Started process (PID=871) to work on /home/airflow/.local/lib/python3.7/site-packages/airflow/example_dags/example_bash_operator.py
[2022-02-03 23:08:15,818] {processor.py:642} INFO - Processing file /home/airflow/.local/lib/python3.7/site-packages/airflow/example_dags/example_bash_operator.py for tasks to queue
[2022-02-03 23:08:15,820] {logging_mixin.py:109} INFO - [2022-02-03 23:08:15,820] {dagbag.py:500} INFO - Filling up the DagBag from /home/airflow/.local/lib/python3.7/site-packages/airflow/example_dags/example_bash_operator.py
[2022-02-03 23:08:15,855] {processor.py:654} INFO - DAG(s) dict_keys(['example_bash_operator']) retrieved from /home/airflow/.local/lib/python3.7/site-packages/airflow/example_dags/example_bash_operator.py
[2022-02-03 23:08:15,868] {logging_mixin.py:109} INFO - [2022-02-03 23:08:15,868] {dag.py:2396} INFO - Sync 1 DAGs
[2022-02-03 23:08:15,886] {logging_mixin.py:109} INFO - [2022-02-03 23:08:15,886] {dag.py:2935} INFO - Setting next_dagrun for example_bash_operator to 2022-02-02 00:00:00+00:00
[2022-02-03 23:08:15,901] {processor.py:171} INFO - Processing /home/airflow/.local/lib/python3.7/site-packages/airflow/example_dags/example_bash_operator.py took 0.088 seconds
[2022-02-03 23:08:46,354] {processor.py:163} INFO - Started process (PID=930) to work on /home/airflow/.local/lib/python3.7/site-packages/airflow/example_dags/example_bash_operator.py
[2022-02-03 23:08:46,357] {processor.py:642} INFO - Processing file /home/airflow/.local/lib/python3.7/site-packages/airflow/example_dags/example_bash_operator.py for tasks to queue
[2022-02-03 23:08:46,358] {logging_mixin.py:109} INFO - [2022-02-03 23:08:46,358] {dagbag.py:500} INFO - Filling up the DagBag from /home/airflow/.local/lib/python3.7/site-packages/airflow/example_dags/example_bash_operator.py
[2022-02-03 23:08:46,397] {processor.py:654} INFO - DAG(s) dict_keys(['example_bash_operator']) retrieved from /home/airflow/.local/lib/python3.7/site-packages/airflow/example_dags/example_bash_operator.py
[2022-02-03 23:08:46,414] {logging_mixin.py:109} INFO - [2022-02-03 23:08:46,414] {dag.py:2396} INFO - Sync 1 DAGs
[2022-02-03 23:08:46,436] {logging_mixin.py:109} INFO - [2022-02-03 23:08:46,436] {dag.py:2935} INFO - Setting next_dagrun for example_bash_operator to 2022-02-02 00:00:00+00:00
[2022-02-03 23:08:46,448] {processor.py:171} INFO - Processing /home/airflow/.local/lib/python3.7/site-packages/airflow/example_dags/example_bash_operator.py took 0.098 seconds
[2022-02-03 23:09:16,687] {processor.py:163} INFO - Started process (PID=997) to work on /home/airflow/.local/lib/python3.7/site-packages/airflow/example_dags/example_bash_operator.py
[2022-02-03 23:09:16,690] {processor.py:642} INFO - Processing file /home/airflow/.local/lib/python3.7/site-packages/airflow/example_dags/example_bash_operator.py for tasks to queue
[2022-02-03 23:09:16,692] {logging_mixin.py:109} INFO - [2022-02-03 23:09:16,692] {dagbag.py:500} INFO - Filling up the DagBag from /home/airflow/.local/lib/python3.7/site-packages/airflow/example_dags/example_bash_operator.py
[2022-02-03 23:09:16,748] {processor.py:654} INFO - DAG(s) dict_keys(['example_bash_operator']) retrieved from /home/airflow/.local/lib/python3.7/site-packages/airflow/example_dags/example_bash_operator.py
[2022-02-03 23:09:16,768] {logging_mixin.py:109} INFO - [2022-02-03 23:09:16,768] {dag.py:2396} INFO - Sync 1 DAGs
[2022-02-03 23:09:16,801] {logging_mixin.py:109} INFO - [2022-02-03 23:09:16,801] {dag.py:2935} INFO - Setting next_dagrun for example_bash_operator to 2022-02-02 00:00:00+00:00
[2022-02-03 23:09:16,815] {processor.py:171} INFO - Processing /home/airflow/.local/lib/python3.7/site-packages/airflow/example_dags/example_bash_operator.py took 0.132 seconds
[2022-02-03 23:09:47,304] {processor.py:163} INFO - Started process (PID=1055) to work on /home/airflow/.local/lib/python3.7/site-packages/airflow/example_dags/example_bash_operator.py
[2022-02-03 23:09:47,307] {processor.py:642} INFO - Processing file /home/airflow/.local/lib/python3.7/site-packages/airflow/example_dags/example_bash_operator.py for tasks to queue
[2022-02-03 23:09:47,309] {logging_mixin.py:109} INFO - [2022-02-03 23:09:47,308] {dagbag.py:500} INFO - Filling up the DagBag from /home/airflow/.local/lib/python3.7/site-packages/airflow/example_dags/example_bash_operator.py
[2022-02-03 23:09:47,343] {processor.py:654} INFO - DAG(s) dict_keys(['example_bash_operator']) retrieved from /home/airflow/.local/lib/python3.7/site-packages/airflow/example_dags/example_bash_operator.py
[2022-02-03 23:09:47,356] {logging_mixin.py:109} INFO - [2022-02-03 23:09:47,356] {dag.py:2396} INFO - Sync 1 DAGs
[2022-02-03 23:09:47,382] {logging_mixin.py:109} INFO - [2022-02-03 23:09:47,382] {dag.py:2935} INFO - Setting next_dagrun for example_bash_operator to 2022-02-02 00:00:00+00:00
[2022-02-03 23:09:47,396] {processor.py:171} INFO - Processing /home/airflow/.local/lib/python3.7/site-packages/airflow/example_dags/example_bash_operator.py took 0.096 seconds
[2022-02-03 23:10:18,372] {processor.py:163} INFO - Started process (PID=1111) to work on /home/airflow/.local/lib/python3.7/site-packages/airflow/example_dags/example_bash_operator.py
[2022-02-03 23:10:18,374] {processor.py:642} INFO - Processing file /home/airflow/.local/lib/python3.7/site-packages/airflow/example_dags/example_bash_operator.py for tasks to queue
[2022-02-03 23:10:18,376] {logging_mixin.py:109} INFO - [2022-02-03 23:10:18,376] {dagbag.py:500} INFO - Filling up the DagBag from /home/airflow/.local/lib/python3.7/site-packages/airflow/example_dags/example_bash_operator.py
[2022-02-03 23:10:18,418] {processor.py:654} INFO - DAG(s) dict_keys(['example_bash_operator']) retrieved from /home/airflow/.local/lib/python3.7/site-packages/airflow/example_dags/example_bash_operator.py
[2022-02-03 23:10:18,437] {logging_mixin.py:109} INFO - [2022-02-03 23:10:18,437] {dag.py:2396} INFO - Sync 1 DAGs
[2022-02-03 23:10:18,466] {logging_mixin.py:109} INFO - [2022-02-03 23:10:18,466] {dag.py:2935} INFO - Setting next_dagrun for example_bash_operator to 2022-02-02 00:00:00+00:00
[2022-02-03 23:10:18,478] {processor.py:171} INFO - Processing /home/airflow/.local/lib/python3.7/site-packages/airflow/example_dags/example_bash_operator.py took 0.111 seconds
[2022-02-03 23:10:48,813] {processor.py:163} INFO - Started process (PID=1176) to work on /home/airflow/.local/lib/python3.7/site-packages/airflow/example_dags/example_bash_operator.py
[2022-02-03 23:10:48,818] {processor.py:642} INFO - Processing file /home/airflow/.local/lib/python3.7/site-packages/airflow/example_dags/example_bash_operator.py for tasks to queue
[2022-02-03 23:10:48,820] {logging_mixin.py:109} INFO - [2022-02-03 23:10:48,820] {dagbag.py:500} INFO - Filling up the DagBag from /home/airflow/.local/lib/python3.7/site-packages/airflow/example_dags/example_bash_operator.py
[2022-02-03 23:10:48,869] {processor.py:654} INFO - DAG(s) dict_keys(['example_bash_operator']) retrieved from /home/airflow/.local/lib/python3.7/site-packages/airflow/example_dags/example_bash_operator.py
[2022-02-03 23:10:48,884] {logging_mixin.py:109} INFO - [2022-02-03 23:10:48,884] {dag.py:2396} INFO - Sync 1 DAGs
[2022-02-03 23:10:48,906] {logging_mixin.py:109} INFO - [2022-02-03 23:10:48,906] {dag.py:2935} INFO - Setting next_dagrun for example_bash_operator to 2022-02-02 00:00:00+00:00
[2022-02-03 23:10:48,919] {processor.py:171} INFO - Processing /home/airflow/.local/lib/python3.7/site-packages/airflow/example_dags/example_bash_operator.py took 0.112 seconds
[2022-02-03 23:11:19,095] {processor.py:163} INFO - Started process (PID=1232) to work on /home/airflow/.local/lib/python3.7/site-packages/airflow/example_dags/example_bash_operator.py
[2022-02-03 23:11:19,097] {processor.py:642} INFO - Processing file /home/airflow/.local/lib/python3.7/site-packages/airflow/example_dags/example_bash_operator.py for tasks to queue
[2022-02-03 23:11:19,099] {logging_mixin.py:109} INFO - [2022-02-03 23:11:19,099] {dagbag.py:500} INFO - Filling up the DagBag from /home/airflow/.local/lib/python3.7/site-packages/airflow/example_dags/example_bash_operator.py
[2022-02-03 23:11:19,136] {processor.py:654} INFO - DAG(s) dict_keys(['example_bash_operator']) retrieved from /home/airflow/.local/lib/python3.7/site-packages/airflow/example_dags/example_bash_operator.py
[2022-02-03 23:11:19,148] {logging_mixin.py:109} INFO - [2022-02-03 23:11:19,148] {dag.py:2396} INFO - Sync 1 DAGs
[2022-02-03 23:11:19,165] {logging_mixin.py:109} INFO - [2022-02-03 23:11:19,165] {dag.py:2935} INFO - Setting next_dagrun for example_bash_operator to 2022-02-02 00:00:00+00:00
[2022-02-03 23:11:19,177] {processor.py:171} INFO - Processing /home/airflow/.local/lib/python3.7/site-packages/airflow/example_dags/example_bash_operator.py took 0.087 seconds
[2022-02-03 23:11:49,973] {processor.py:163} INFO - Started process (PID=1295) to work on /home/airflow/.local/lib/python3.7/site-packages/airflow/example_dags/example_bash_operator.py
[2022-02-03 23:11:49,975] {processor.py:642} INFO - Processing file /home/airflow/.local/lib/python3.7/site-packages/airflow/example_dags/example_bash_operator.py for tasks to queue
[2022-02-03 23:11:49,977] {logging_mixin.py:109} INFO - [2022-02-03 23:11:49,977] {dagbag.py:500} INFO - Filling up the DagBag from /home/airflow/.local/lib/python3.7/site-packages/airflow/example_dags/example_bash_operator.py
[2022-02-03 23:11:50,038] {processor.py:654} INFO - DAG(s) dict_keys(['example_bash_operator']) retrieved from /home/airflow/.local/lib/python3.7/site-packages/airflow/example_dags/example_bash_operator.py
[2022-02-03 23:11:50,061] {logging_mixin.py:109} INFO - [2022-02-03 23:11:50,061] {dag.py:2396} INFO - Sync 1 DAGs
[2022-02-03 23:11:50,087] {logging_mixin.py:109} INFO - [2022-02-03 23:11:50,087] {dag.py:2935} INFO - Setting next_dagrun for example_bash_operator to 2022-02-02 00:00:00+00:00
[2022-02-03 23:11:50,100] {processor.py:171} INFO - Processing /home/airflow/.local/lib/python3.7/site-packages/airflow/example_dags/example_bash_operator.py took 0.131 seconds
[2022-02-03 23:12:20,741] {processor.py:163} INFO - Started process (PID=1352) to work on /home/airflow/.local/lib/python3.7/site-packages/airflow/example_dags/example_bash_operator.py
[2022-02-03 23:12:20,744] {processor.py:642} INFO - Processing file /home/airflow/.local/lib/python3.7/site-packages/airflow/example_dags/example_bash_operator.py for tasks to queue
[2022-02-03 23:12:20,747] {logging_mixin.py:109} INFO - [2022-02-03 23:12:20,747] {dagbag.py:500} INFO - Filling up the DagBag from /home/airflow/.local/lib/python3.7/site-packages/airflow/example_dags/example_bash_operator.py
[2022-02-03 23:12:20,786] {processor.py:654} INFO - DAG(s) dict_keys(['example_bash_operator']) retrieved from /home/airflow/.local/lib/python3.7/site-packages/airflow/example_dags/example_bash_operator.py
[2022-02-03 23:12:20,803] {logging_mixin.py:109} INFO - [2022-02-03 23:12:20,802] {dag.py:2396} INFO - Sync 1 DAGs
[2022-02-03 23:12:20,826] {logging_mixin.py:109} INFO - [2022-02-03 23:12:20,826] {dag.py:2935} INFO - Setting next_dagrun for example_bash_operator to 2022-02-02 00:00:00+00:00
[2022-02-03 23:12:20,841] {processor.py:171} INFO - Processing /home/airflow/.local/lib/python3.7/site-packages/airflow/example_dags/example_bash_operator.py took 0.107 seconds
[2022-02-03 23:12:51,143] {processor.py:163} INFO - Started process (PID=1407) to work on /home/airflow/.local/lib/python3.7/site-packages/airflow/example_dags/example_bash_operator.py
[2022-02-03 23:12:51,145] {processor.py:642} INFO - Processing file /home/airflow/.local/lib/python3.7/site-packages/airflow/example_dags/example_bash_operator.py for tasks to queue
[2022-02-03 23:12:51,146] {logging_mixin.py:109} INFO - [2022-02-03 23:12:51,146] {dagbag.py:500} INFO - Filling up the DagBag from /home/airflow/.local/lib/python3.7/site-packages/airflow/example_dags/example_bash_operator.py
[2022-02-03 23:12:51,182] {processor.py:654} INFO - DAG(s) dict_keys(['example_bash_operator']) retrieved from /home/airflow/.local/lib/python3.7/site-packages/airflow/example_dags/example_bash_operator.py
[2022-02-03 23:12:51,195] {logging_mixin.py:109} INFO - [2022-02-03 23:12:51,195] {dag.py:2396} INFO - Sync 1 DAGs
[2022-02-03 23:12:51,220] {logging_mixin.py:109} INFO - [2022-02-03 23:12:51,220] {dag.py:2935} INFO - Setting next_dagrun for example_bash_operator to 2022-02-02 00:00:00+00:00
[2022-02-03 23:12:51,232] {processor.py:171} INFO - Processing /home/airflow/.local/lib/python3.7/site-packages/airflow/example_dags/example_bash_operator.py took 0.093 seconds
[2022-02-03 23:13:21,802] {processor.py:163} INFO - Started process (PID=1471) to work on /home/airflow/.local/lib/python3.7/site-packages/airflow/example_dags/example_bash_operator.py
[2022-02-03 23:13:21,805] {processor.py:642} INFO - Processing file /home/airflow/.local/lib/python3.7/site-packages/airflow/example_dags/example_bash_operator.py for tasks to queue
[2022-02-03 23:13:21,808] {logging_mixin.py:109} INFO - [2022-02-03 23:13:21,807] {dagbag.py:500} INFO - Filling up the DagBag from /home/airflow/.local/lib/python3.7/site-packages/airflow/example_dags/example_bash_operator.py
[2022-02-03 23:13:21,866] {processor.py:654} INFO - DAG(s) dict_keys(['example_bash_operator']) retrieved from /home/airflow/.local/lib/python3.7/site-packages/airflow/example_dags/example_bash_operator.py
[2022-02-03 23:13:21,884] {logging_mixin.py:109} INFO - [2022-02-03 23:13:21,884] {dag.py:2396} INFO - Sync 1 DAGs
[2022-02-03 23:13:21,923] {logging_mixin.py:109} INFO - [2022-02-03 23:13:21,923] {dag.py:2935} INFO - Setting next_dagrun for example_bash_operator to 2022-02-02 00:00:00+00:00
[2022-02-03 23:13:21,952] {processor.py:171} INFO - Processing /home/airflow/.local/lib/python3.7/site-packages/airflow/example_dags/example_bash_operator.py took 0.161 seconds
[2022-02-03 23:15:05,581] {processor.py:163} INFO - Started process (PID=48) to work on /home/airflow/.local/lib/python3.7/site-packages/airflow/example_dags/example_bash_operator.py
[2022-02-03 23:15:05,586] {processor.py:642} INFO - Processing file /home/airflow/.local/lib/python3.7/site-packages/airflow/example_dags/example_bash_operator.py for tasks to queue
[2022-02-03 23:15:05,589] {logging_mixin.py:109} INFO - [2022-02-03 23:15:05,589] {dagbag.py:500} INFO - Filling up the DagBag from /home/airflow/.local/lib/python3.7/site-packages/airflow/example_dags/example_bash_operator.py
[2022-02-03 23:15:05,645] {processor.py:654} INFO - DAG(s) dict_keys(['example_bash_operator']) retrieved from /home/airflow/.local/lib/python3.7/site-packages/airflow/example_dags/example_bash_operator.py
[2022-02-03 23:15:05,685] {logging_mixin.py:109} INFO - [2022-02-03 23:15:05,685] {dag.py:2396} INFO - Sync 1 DAGs
[2022-02-03 23:15:05,726] {logging_mixin.py:109} INFO - [2022-02-03 23:15:05,726] {dag.py:2935} INFO - Setting next_dagrun for example_bash_operator to 2022-02-02 00:00:00+00:00
[2022-02-03 23:15:05,759] {processor.py:171} INFO - Processing /home/airflow/.local/lib/python3.7/site-packages/airflow/example_dags/example_bash_operator.py took 0.184 seconds
[2022-02-03 23:30:31,531] {processor.py:163} INFO - Started process (PID=48) to work on /home/airflow/.local/lib/python3.7/site-packages/airflow/example_dags/example_bash_operator.py
[2022-02-03 23:30:31,534] {processor.py:642} INFO - Processing file /home/airflow/.local/lib/python3.7/site-packages/airflow/example_dags/example_bash_operator.py for tasks to queue
[2022-02-03 23:30:31,537] {logging_mixin.py:109} INFO - [2022-02-03 23:30:31,537] {dagbag.py:500} INFO - Filling up the DagBag from /home/airflow/.local/lib/python3.7/site-packages/airflow/example_dags/example_bash_operator.py
[2022-02-03 23:30:31,607] {processor.py:654} INFO - DAG(s) dict_keys(['example_bash_operator']) retrieved from /home/airflow/.local/lib/python3.7/site-packages/airflow/example_dags/example_bash_operator.py
[2022-02-03 23:30:31,625] {logging_mixin.py:109} INFO - [2022-02-03 23:30:31,625] {dag.py:2396} INFO - Sync 1 DAGs
[2022-02-03 23:30:31,655] {logging_mixin.py:109} INFO - [2022-02-03 23:30:31,655] {dag.py:2935} INFO - Setting next_dagrun for example_bash_operator to 2022-02-02 00:00:00+00:00
[2022-02-03 23:30:31,680] {processor.py:171} INFO - Processing /home/airflow/.local/lib/python3.7/site-packages/airflow/example_dags/example_bash_operator.py took 0.154 seconds
[2022-02-03 23:31:02,446] {processor.py:163} INFO - Started process (PID=100) to work on /home/airflow/.local/lib/python3.7/site-packages/airflow/example_dags/example_bash_operator.py
[2022-02-03 23:31:02,448] {processor.py:642} INFO - Processing file /home/airflow/.local/lib/python3.7/site-packages/airflow/example_dags/example_bash_operator.py for tasks to queue
[2022-02-03 23:31:02,449] {logging_mixin.py:109} INFO - [2022-02-03 23:31:02,449] {dagbag.py:500} INFO - Filling up the DagBag from /home/airflow/.local/lib/python3.7/site-packages/airflow/example_dags/example_bash_operator.py
[2022-02-03 23:31:02,495] {processor.py:654} INFO - DAG(s) dict_keys(['example_bash_operator']) retrieved from /home/airflow/.local/lib/python3.7/site-packages/airflow/example_dags/example_bash_operator.py
[2022-02-03 23:31:02,509] {logging_mixin.py:109} INFO - [2022-02-03 23:31:02,509] {dag.py:2396} INFO - Sync 1 DAGs
[2022-02-03 23:31:02,526] {logging_mixin.py:109} INFO - [2022-02-03 23:31:02,526] {dag.py:2935} INFO - Setting next_dagrun for example_bash_operator to 2022-02-02 00:00:00+00:00
[2022-02-03 23:31:02,538] {processor.py:171} INFO - Processing /home/airflow/.local/lib/python3.7/site-packages/airflow/example_dags/example_bash_operator.py took 0.096 seconds
[2022-02-03 23:31:32,932] {processor.py:163} INFO - Started process (PID=156) to work on /home/airflow/.local/lib/python3.7/site-packages/airflow/example_dags/example_bash_operator.py
[2022-02-03 23:31:32,935] {processor.py:642} INFO - Processing file /home/airflow/.local/lib/python3.7/site-packages/airflow/example_dags/example_bash_operator.py for tasks to queue
[2022-02-03 23:31:32,936] {logging_mixin.py:109} INFO - [2022-02-03 23:31:32,936] {dagbag.py:500} INFO - Filling up the DagBag from /home/airflow/.local/lib/python3.7/site-packages/airflow/example_dags/example_bash_operator.py
[2022-02-03 23:31:32,973] {processor.py:654} INFO - DAG(s) dict_keys(['example_bash_operator']) retrieved from /home/airflow/.local/lib/python3.7/site-packages/airflow/example_dags/example_bash_operator.py
[2022-02-03 23:31:32,999] {logging_mixin.py:109} INFO - [2022-02-03 23:31:32,999] {dag.py:2396} INFO - Sync 1 DAGs
[2022-02-03 23:31:33,039] {logging_mixin.py:109} INFO - [2022-02-03 23:31:33,038] {dag.py:2935} INFO - Setting next_dagrun for example_bash_operator to 2022-02-02 00:00:00+00:00
[2022-02-03 23:31:33,051] {processor.py:171} INFO - Processing /home/airflow/.local/lib/python3.7/site-packages/airflow/example_dags/example_bash_operator.py took 0.122 seconds
[2022-02-03 23:32:03,634] {processor.py:163} INFO - Started process (PID=220) to work on /home/airflow/.local/lib/python3.7/site-packages/airflow/example_dags/example_bash_operator.py
[2022-02-03 23:32:03,636] {processor.py:642} INFO - Processing file /home/airflow/.local/lib/python3.7/site-packages/airflow/example_dags/example_bash_operator.py for tasks to queue
[2022-02-03 23:32:03,637] {logging_mixin.py:109} INFO - [2022-02-03 23:32:03,637] {dagbag.py:500} INFO - Filling up the DagBag from /home/airflow/.local/lib/python3.7/site-packages/airflow/example_dags/example_bash_operator.py
[2022-02-03 23:32:03,695] {processor.py:654} INFO - DAG(s) dict_keys(['example_bash_operator']) retrieved from /home/airflow/.local/lib/python3.7/site-packages/airflow/example_dags/example_bash_operator.py
[2022-02-03 23:32:03,709] {logging_mixin.py:109} INFO - [2022-02-03 23:32:03,709] {dag.py:2396} INFO - Sync 1 DAGs
[2022-02-03 23:32:03,728] {logging_mixin.py:109} INFO - [2022-02-03 23:32:03,728] {dag.py:2935} INFO - Setting next_dagrun for example_bash_operator to 2022-02-02 00:00:00+00:00
[2022-02-03 23:32:03,741] {processor.py:171} INFO - Processing /home/airflow/.local/lib/python3.7/site-packages/airflow/example_dags/example_bash_operator.py took 0.111 seconds
[2022-02-03 23:32:34,535] {processor.py:163} INFO - Started process (PID=273) to work on /home/airflow/.local/lib/python3.7/site-packages/airflow/example_dags/example_bash_operator.py
[2022-02-03 23:32:34,539] {processor.py:642} INFO - Processing file /home/airflow/.local/lib/python3.7/site-packages/airflow/example_dags/example_bash_operator.py for tasks to queue
[2022-02-03 23:32:34,542] {logging_mixin.py:109} INFO - [2022-02-03 23:32:34,542] {dagbag.py:500} INFO - Filling up the DagBag from /home/airflow/.local/lib/python3.7/site-packages/airflow/example_dags/example_bash_operator.py
[2022-02-03 23:32:34,589] {processor.py:654} INFO - DAG(s) dict_keys(['example_bash_operator']) retrieved from /home/airflow/.local/lib/python3.7/site-packages/airflow/example_dags/example_bash_operator.py
[2022-02-03 23:32:34,605] {logging_mixin.py:109} INFO - [2022-02-03 23:32:34,605] {dag.py:2396} INFO - Sync 1 DAGs
[2022-02-03 23:32:34,627] {logging_mixin.py:109} INFO - [2022-02-03 23:32:34,627] {dag.py:2935} INFO - Setting next_dagrun for example_bash_operator to 2022-02-02 00:00:00+00:00
[2022-02-03 23:32:34,643] {processor.py:171} INFO - Processing /home/airflow/.local/lib/python3.7/site-packages/airflow/example_dags/example_bash_operator.py took 0.115 seconds
[2022-02-03 23:33:05,767] {processor.py:163} INFO - Started process (PID=326) to work on /home/airflow/.local/lib/python3.7/site-packages/airflow/example_dags/example_bash_operator.py
[2022-02-03 23:33:05,770] {processor.py:642} INFO - Processing file /home/airflow/.local/lib/python3.7/site-packages/airflow/example_dags/example_bash_operator.py for tasks to queue
[2022-02-03 23:33:05,772] {logging_mixin.py:109} INFO - [2022-02-03 23:33:05,772] {dagbag.py:500} INFO - Filling up the DagBag from /home/airflow/.local/lib/python3.7/site-packages/airflow/example_dags/example_bash_operator.py
[2022-02-03 23:33:05,834] {processor.py:654} INFO - DAG(s) dict_keys(['example_bash_operator']) retrieved from /home/airflow/.local/lib/python3.7/site-packages/airflow/example_dags/example_bash_operator.py
[2022-02-03 23:33:05,851] {logging_mixin.py:109} INFO - [2022-02-03 23:33:05,850] {dag.py:2396} INFO - Sync 1 DAGs
[2022-02-03 23:33:05,880] {logging_mixin.py:109} INFO - [2022-02-03 23:33:05,880] {dag.py:2935} INFO - Setting next_dagrun for example_bash_operator to 2022-02-02 00:00:00+00:00
[2022-02-03 23:33:05,893] {processor.py:171} INFO - Processing /home/airflow/.local/lib/python3.7/site-packages/airflow/example_dags/example_bash_operator.py took 0.130 seconds
[2022-02-03 23:33:36,420] {processor.py:163} INFO - Started process (PID=391) to work on /home/airflow/.local/lib/python3.7/site-packages/airflow/example_dags/example_bash_operator.py
[2022-02-03 23:33:36,425] {processor.py:642} INFO - Processing file /home/airflow/.local/lib/python3.7/site-packages/airflow/example_dags/example_bash_operator.py for tasks to queue
[2022-02-03 23:33:36,428] {logging_mixin.py:109} INFO - [2022-02-03 23:33:36,427] {dagbag.py:500} INFO - Filling up the DagBag from /home/airflow/.local/lib/python3.7/site-packages/airflow/example_dags/example_bash_operator.py
[2022-02-03 23:33:36,491] {processor.py:654} INFO - DAG(s) dict_keys(['example_bash_operator']) retrieved from /home/airflow/.local/lib/python3.7/site-packages/airflow/example_dags/example_bash_operator.py
[2022-02-03 23:33:36,506] {logging_mixin.py:109} INFO - [2022-02-03 23:33:36,506] {dag.py:2396} INFO - Sync 1 DAGs
[2022-02-03 23:33:36,530] {logging_mixin.py:109} INFO - [2022-02-03 23:33:36,530] {dag.py:2935} INFO - Setting next_dagrun for example_bash_operator to 2022-02-02 00:00:00+00:00
[2022-02-03 23:33:36,551] {processor.py:171} INFO - Processing /home/airflow/.local/lib/python3.7/site-packages/airflow/example_dags/example_bash_operator.py took 0.134 seconds
[2022-02-03 23:34:07,119] {processor.py:163} INFO - Started process (PID=443) to work on /home/airflow/.local/lib/python3.7/site-packages/airflow/example_dags/example_bash_operator.py
[2022-02-03 23:34:07,122] {processor.py:642} INFO - Processing file /home/airflow/.local/lib/python3.7/site-packages/airflow/example_dags/example_bash_operator.py for tasks to queue
[2022-02-03 23:34:07,123] {logging_mixin.py:109} INFO - [2022-02-03 23:34:07,123] {dagbag.py:500} INFO - Filling up the DagBag from /home/airflow/.local/lib/python3.7/site-packages/airflow/example_dags/example_bash_operator.py
[2022-02-03 23:34:07,163] {processor.py:654} INFO - DAG(s) dict_keys(['example_bash_operator']) retrieved from /home/airflow/.local/lib/python3.7/site-packages/airflow/example_dags/example_bash_operator.py
[2022-02-03 23:34:07,187] {logging_mixin.py:109} INFO - [2022-02-03 23:34:07,187] {dag.py:2396} INFO - Sync 1 DAGs
[2022-02-03 23:34:07,219] {logging_mixin.py:109} INFO - [2022-02-03 23:34:07,219] {dag.py:2935} INFO - Setting next_dagrun for example_bash_operator to 2022-02-02 00:00:00+00:00
[2022-02-03 23:34:07,249] {processor.py:171} INFO - Processing /home/airflow/.local/lib/python3.7/site-packages/airflow/example_dags/example_bash_operator.py took 0.133 seconds
[2022-02-03 23:34:38,425] {processor.py:163} INFO - Started process (PID=502) to work on /home/airflow/.local/lib/python3.7/site-packages/airflow/example_dags/example_bash_operator.py
[2022-02-03 23:34:38,429] {processor.py:642} INFO - Processing file /home/airflow/.local/lib/python3.7/site-packages/airflow/example_dags/example_bash_operator.py for tasks to queue
[2022-02-03 23:34:38,437] {logging_mixin.py:109} INFO - [2022-02-03 23:34:38,436] {dagbag.py:500} INFO - Filling up the DagBag from /home/airflow/.local/lib/python3.7/site-packages/airflow/example_dags/example_bash_operator.py
[2022-02-03 23:34:38,549] {processor.py:654} INFO - DAG(s) dict_keys(['example_bash_operator']) retrieved from /home/airflow/.local/lib/python3.7/site-packages/airflow/example_dags/example_bash_operator.py
[2022-02-03 23:34:38,581] {logging_mixin.py:109} INFO - [2022-02-03 23:34:38,581] {dag.py:2396} INFO - Sync 1 DAGs
[2022-02-03 23:34:38,625] {logging_mixin.py:109} INFO - [2022-02-03 23:34:38,624] {dag.py:2935} INFO - Setting next_dagrun for example_bash_operator to 2022-02-02 00:00:00+00:00
[2022-02-03 23:34:38,647] {processor.py:171} INFO - Processing /home/airflow/.local/lib/python3.7/site-packages/airflow/example_dags/example_bash_operator.py took 0.227 seconds
[2022-02-03 23:35:09,126] {processor.py:163} INFO - Started process (PID=562) to work on /home/airflow/.local/lib/python3.7/site-packages/airflow/example_dags/example_bash_operator.py
[2022-02-03 23:35:09,135] {processor.py:642} INFO - Processing file /home/airflow/.local/lib/python3.7/site-packages/airflow/example_dags/example_bash_operator.py for tasks to queue
[2022-02-03 23:35:09,139] {logging_mixin.py:109} INFO - [2022-02-03 23:35:09,139] {dagbag.py:500} INFO - Filling up the DagBag from /home/airflow/.local/lib/python3.7/site-packages/airflow/example_dags/example_bash_operator.py
[2022-02-03 23:35:09,187] {processor.py:654} INFO - DAG(s) dict_keys(['example_bash_operator']) retrieved from /home/airflow/.local/lib/python3.7/site-packages/airflow/example_dags/example_bash_operator.py
[2022-02-03 23:35:09,208] {logging_mixin.py:109} INFO - [2022-02-03 23:35:09,208] {dag.py:2396} INFO - Sync 1 DAGs
[2022-02-03 23:35:09,234] {logging_mixin.py:109} INFO - [2022-02-03 23:35:09,233] {dag.py:2935} INFO - Setting next_dagrun for example_bash_operator to 2022-02-02 00:00:00+00:00
[2022-02-03 23:35:09,266] {processor.py:171} INFO - Processing /home/airflow/.local/lib/python3.7/site-packages/airflow/example_dags/example_bash_operator.py took 0.145 seconds
[2022-02-03 23:35:40,413] {processor.py:163} INFO - Started process (PID=614) to work on /home/airflow/.local/lib/python3.7/site-packages/airflow/example_dags/example_bash_operator.py
[2022-02-03 23:35:40,416] {processor.py:642} INFO - Processing file /home/airflow/.local/lib/python3.7/site-packages/airflow/example_dags/example_bash_operator.py for tasks to queue
[2022-02-03 23:35:40,419] {logging_mixin.py:109} INFO - [2022-02-03 23:35:40,419] {dagbag.py:500} INFO - Filling up the DagBag from /home/airflow/.local/lib/python3.7/site-packages/airflow/example_dags/example_bash_operator.py
[2022-02-03 23:35:40,484] {processor.py:654} INFO - DAG(s) dict_keys(['example_bash_operator']) retrieved from /home/airflow/.local/lib/python3.7/site-packages/airflow/example_dags/example_bash_operator.py
[2022-02-03 23:35:40,499] {logging_mixin.py:109} INFO - [2022-02-03 23:35:40,499] {dag.py:2396} INFO - Sync 1 DAGs
[2022-02-03 23:35:40,526] {logging_mixin.py:109} INFO - [2022-02-03 23:35:40,526] {dag.py:2935} INFO - Setting next_dagrun for example_bash_operator to 2022-02-02 00:00:00+00:00
[2022-02-03 23:35:40,540] {processor.py:171} INFO - Processing /home/airflow/.local/lib/python3.7/site-packages/airflow/example_dags/example_bash_operator.py took 0.134 seconds
[2022-02-03 23:36:10,720] {processor.py:163} INFO - Started process (PID=672) to work on /home/airflow/.local/lib/python3.7/site-packages/airflow/example_dags/example_bash_operator.py
[2022-02-03 23:36:10,726] {processor.py:642} INFO - Processing file /home/airflow/.local/lib/python3.7/site-packages/airflow/example_dags/example_bash_operator.py for tasks to queue
[2022-02-03 23:36:10,730] {logging_mixin.py:109} INFO - [2022-02-03 23:36:10,729] {dagbag.py:500} INFO - Filling up the DagBag from /home/airflow/.local/lib/python3.7/site-packages/airflow/example_dags/example_bash_operator.py
[2022-02-03 23:36:10,899] {processor.py:654} INFO - DAG(s) dict_keys(['example_bash_operator']) retrieved from /home/airflow/.local/lib/python3.7/site-packages/airflow/example_dags/example_bash_operator.py
[2022-02-03 23:36:10,952] {logging_mixin.py:109} INFO - [2022-02-03 23:36:10,952] {dag.py:2396} INFO - Sync 1 DAGs
[2022-02-03 23:36:11,012] {logging_mixin.py:109} INFO - [2022-02-03 23:36:11,012] {dag.py:2935} INFO - Setting next_dagrun for example_bash_operator to 2022-02-02 00:00:00+00:00
[2022-02-03 23:36:11,047] {processor.py:171} INFO - Processing /home/airflow/.local/lib/python3.7/site-packages/airflow/example_dags/example_bash_operator.py took 0.337 seconds
[2022-02-03 23:36:41,378] {processor.py:163} INFO - Started process (PID=733) to work on /home/airflow/.local/lib/python3.7/site-packages/airflow/example_dags/example_bash_operator.py
[2022-02-03 23:36:41,380] {processor.py:642} INFO - Processing file /home/airflow/.local/lib/python3.7/site-packages/airflow/example_dags/example_bash_operator.py for tasks to queue
[2022-02-03 23:36:41,382] {logging_mixin.py:109} INFO - [2022-02-03 23:36:41,382] {dagbag.py:500} INFO - Filling up the DagBag from /home/airflow/.local/lib/python3.7/site-packages/airflow/example_dags/example_bash_operator.py
[2022-02-03 23:36:41,420] {processor.py:654} INFO - DAG(s) dict_keys(['example_bash_operator']) retrieved from /home/airflow/.local/lib/python3.7/site-packages/airflow/example_dags/example_bash_operator.py
[2022-02-03 23:36:41,433] {logging_mixin.py:109} INFO - [2022-02-03 23:36:41,433] {dag.py:2396} INFO - Sync 1 DAGs
[2022-02-03 23:36:41,450] {logging_mixin.py:109} INFO - [2022-02-03 23:36:41,450] {dag.py:2935} INFO - Setting next_dagrun for example_bash_operator to 2022-02-02 00:00:00+00:00
[2022-02-03 23:36:41,460] {processor.py:171} INFO - Processing /home/airflow/.local/lib/python3.7/site-packages/airflow/example_dags/example_bash_operator.py took 0.086 seconds
[2022-02-03 23:37:11,779] {processor.py:163} INFO - Started process (PID=785) to work on /home/airflow/.local/lib/python3.7/site-packages/airflow/example_dags/example_bash_operator.py
[2022-02-03 23:37:11,783] {processor.py:642} INFO - Processing file /home/airflow/.local/lib/python3.7/site-packages/airflow/example_dags/example_bash_operator.py for tasks to queue
[2022-02-03 23:37:11,786] {logging_mixin.py:109} INFO - [2022-02-03 23:37:11,785] {dagbag.py:500} INFO - Filling up the DagBag from /home/airflow/.local/lib/python3.7/site-packages/airflow/example_dags/example_bash_operator.py
[2022-02-03 23:37:11,824] {processor.py:654} INFO - DAG(s) dict_keys(['example_bash_operator']) retrieved from /home/airflow/.local/lib/python3.7/site-packages/airflow/example_dags/example_bash_operator.py
[2022-02-03 23:37:11,835] {logging_mixin.py:109} INFO - [2022-02-03 23:37:11,835] {dag.py:2396} INFO - Sync 1 DAGs
[2022-02-03 23:37:11,852] {logging_mixin.py:109} INFO - [2022-02-03 23:37:11,852] {dag.py:2935} INFO - Setting next_dagrun for example_bash_operator to 2022-02-02 00:00:00+00:00
[2022-02-03 23:37:11,863] {processor.py:171} INFO - Processing /home/airflow/.local/lib/python3.7/site-packages/airflow/example_dags/example_bash_operator.py took 0.089 seconds
[2022-02-03 23:37:42,192] {processor.py:163} INFO - Started process (PID=840) to work on /home/airflow/.local/lib/python3.7/site-packages/airflow/example_dags/example_bash_operator.py
[2022-02-03 23:37:42,194] {processor.py:642} INFO - Processing file /home/airflow/.local/lib/python3.7/site-packages/airflow/example_dags/example_bash_operator.py for tasks to queue
[2022-02-03 23:37:42,196] {logging_mixin.py:109} INFO - [2022-02-03 23:37:42,196] {dagbag.py:500} INFO - Filling up the DagBag from /home/airflow/.local/lib/python3.7/site-packages/airflow/example_dags/example_bash_operator.py
[2022-02-03 23:37:42,238] {processor.py:654} INFO - DAG(s) dict_keys(['example_bash_operator']) retrieved from /home/airflow/.local/lib/python3.7/site-packages/airflow/example_dags/example_bash_operator.py
[2022-02-03 23:37:42,255] {logging_mixin.py:109} INFO - [2022-02-03 23:37:42,255] {dag.py:2396} INFO - Sync 1 DAGs
[2022-02-03 23:37:42,274] {logging_mixin.py:109} INFO - [2022-02-03 23:37:42,274] {dag.py:2935} INFO - Setting next_dagrun for example_bash_operator to 2022-02-02 00:00:00+00:00
[2022-02-03 23:37:42,287] {processor.py:171} INFO - Processing /home/airflow/.local/lib/python3.7/site-packages/airflow/example_dags/example_bash_operator.py took 0.099 seconds
[2022-02-03 23:38:12,777] {processor.py:163} INFO - Started process (PID=903) to work on /home/airflow/.local/lib/python3.7/site-packages/airflow/example_dags/example_bash_operator.py
[2022-02-03 23:38:12,779] {processor.py:642} INFO - Processing file /home/airflow/.local/lib/python3.7/site-packages/airflow/example_dags/example_bash_operator.py for tasks to queue
[2022-02-03 23:38:12,781] {logging_mixin.py:109} INFO - [2022-02-03 23:38:12,781] {dagbag.py:500} INFO - Filling up the DagBag from /home/airflow/.local/lib/python3.7/site-packages/airflow/example_dags/example_bash_operator.py
[2022-02-03 23:38:12,823] {processor.py:654} INFO - DAG(s) dict_keys(['example_bash_operator']) retrieved from /home/airflow/.local/lib/python3.7/site-packages/airflow/example_dags/example_bash_operator.py
[2022-02-03 23:38:12,836] {logging_mixin.py:109} INFO - [2022-02-03 23:38:12,836] {dag.py:2396} INFO - Sync 1 DAGs
[2022-02-03 23:38:12,858] {logging_mixin.py:109} INFO - [2022-02-03 23:38:12,858] {dag.py:2935} INFO - Setting next_dagrun for example_bash_operator to 2022-02-02 00:00:00+00:00
[2022-02-03 23:38:12,877] {processor.py:171} INFO - Processing /home/airflow/.local/lib/python3.7/site-packages/airflow/example_dags/example_bash_operator.py took 0.104 seconds
[2022-02-03 23:38:43,402] {processor.py:163} INFO - Started process (PID=957) to work on /home/airflow/.local/lib/python3.7/site-packages/airflow/example_dags/example_bash_operator.py
[2022-02-03 23:38:43,404] {processor.py:642} INFO - Processing file /home/airflow/.local/lib/python3.7/site-packages/airflow/example_dags/example_bash_operator.py for tasks to queue
[2022-02-03 23:38:43,405] {logging_mixin.py:109} INFO - [2022-02-03 23:38:43,405] {dagbag.py:500} INFO - Filling up the DagBag from /home/airflow/.local/lib/python3.7/site-packages/airflow/example_dags/example_bash_operator.py
[2022-02-03 23:38:43,444] {processor.py:654} INFO - DAG(s) dict_keys(['example_bash_operator']) retrieved from /home/airflow/.local/lib/python3.7/site-packages/airflow/example_dags/example_bash_operator.py
[2022-02-03 23:38:43,459] {logging_mixin.py:109} INFO - [2022-02-03 23:38:43,458] {dag.py:2396} INFO - Sync 1 DAGs
[2022-02-03 23:38:43,479] {logging_mixin.py:109} INFO - [2022-02-03 23:38:43,479] {dag.py:2935} INFO - Setting next_dagrun for example_bash_operator to 2022-02-02 00:00:00+00:00
[2022-02-03 23:38:43,492] {processor.py:171} INFO - Processing /home/airflow/.local/lib/python3.7/site-packages/airflow/example_dags/example_bash_operator.py took 0.093 seconds
[2022-02-03 23:39:14,009] {processor.py:163} INFO - Started process (PID=1012) to work on /home/airflow/.local/lib/python3.7/site-packages/airflow/example_dags/example_bash_operator.py
[2022-02-03 23:39:14,012] {processor.py:642} INFO - Processing file /home/airflow/.local/lib/python3.7/site-packages/airflow/example_dags/example_bash_operator.py for tasks to queue
[2022-02-03 23:39:14,016] {logging_mixin.py:109} INFO - [2022-02-03 23:39:14,015] {dagbag.py:500} INFO - Filling up the DagBag from /home/airflow/.local/lib/python3.7/site-packages/airflow/example_dags/example_bash_operator.py
[2022-02-03 23:39:14,081] {processor.py:654} INFO - DAG(s) dict_keys(['example_bash_operator']) retrieved from /home/airflow/.local/lib/python3.7/site-packages/airflow/example_dags/example_bash_operator.py
[2022-02-03 23:39:14,106] {logging_mixin.py:109} INFO - [2022-02-03 23:39:14,106] {dag.py:2396} INFO - Sync 1 DAGs
[2022-02-03 23:39:14,131] {logging_mixin.py:109} INFO - [2022-02-03 23:39:14,131] {dag.py:2935} INFO - Setting next_dagrun for example_bash_operator to 2022-02-02 00:00:00+00:00
[2022-02-03 23:39:14,150] {processor.py:171} INFO - Processing /home/airflow/.local/lib/python3.7/site-packages/airflow/example_dags/example_bash_operator.py took 0.145 seconds
[2022-02-03 23:39:44,219] {processor.py:163} INFO - Started process (PID=1073) to work on /home/airflow/.local/lib/python3.7/site-packages/airflow/example_dags/example_bash_operator.py
[2022-02-03 23:39:44,222] {processor.py:642} INFO - Processing file /home/airflow/.local/lib/python3.7/site-packages/airflow/example_dags/example_bash_operator.py for tasks to queue
[2022-02-03 23:39:44,224] {logging_mixin.py:109} INFO - [2022-02-03 23:39:44,224] {dagbag.py:500} INFO - Filling up the DagBag from /home/airflow/.local/lib/python3.7/site-packages/airflow/example_dags/example_bash_operator.py
[2022-02-03 23:39:44,265] {processor.py:654} INFO - DAG(s) dict_keys(['example_bash_operator']) retrieved from /home/airflow/.local/lib/python3.7/site-packages/airflow/example_dags/example_bash_operator.py
[2022-02-03 23:39:44,283] {logging_mixin.py:109} INFO - [2022-02-03 23:39:44,283] {dag.py:2396} INFO - Sync 1 DAGs
[2022-02-03 23:39:44,308] {logging_mixin.py:109} INFO - [2022-02-03 23:39:44,308] {dag.py:2935} INFO - Setting next_dagrun for example_bash_operator to 2022-02-02 00:00:00+00:00
[2022-02-03 23:39:44,321] {processor.py:171} INFO - Processing /home/airflow/.local/lib/python3.7/site-packages/airflow/example_dags/example_bash_operator.py took 0.107 seconds
[2022-02-03 23:40:15,084] {processor.py:163} INFO - Started process (PID=1129) to work on /home/airflow/.local/lib/python3.7/site-packages/airflow/example_dags/example_bash_operator.py
[2022-02-03 23:40:15,085] {processor.py:642} INFO - Processing file /home/airflow/.local/lib/python3.7/site-packages/airflow/example_dags/example_bash_operator.py for tasks to queue
[2022-02-03 23:40:15,087] {logging_mixin.py:109} INFO - [2022-02-03 23:40:15,087] {dagbag.py:500} INFO - Filling up the DagBag from /home/airflow/.local/lib/python3.7/site-packages/airflow/example_dags/example_bash_operator.py
[2022-02-03 23:40:15,144] {processor.py:654} INFO - DAG(s) dict_keys(['example_bash_operator']) retrieved from /home/airflow/.local/lib/python3.7/site-packages/airflow/example_dags/example_bash_operator.py
[2022-02-03 23:40:15,164] {logging_mixin.py:109} INFO - [2022-02-03 23:40:15,164] {dag.py:2396} INFO - Sync 1 DAGs
[2022-02-03 23:40:15,184] {logging_mixin.py:109} INFO - [2022-02-03 23:40:15,184] {dag.py:2935} INFO - Setting next_dagrun for example_bash_operator to 2022-02-02 00:00:00+00:00
[2022-02-03 23:40:15,199] {processor.py:171} INFO - Processing /home/airflow/.local/lib/python3.7/site-packages/airflow/example_dags/example_bash_operator.py took 0.118 seconds
[2022-02-03 23:40:45,834] {processor.py:163} INFO - Started process (PID=1181) to work on /home/airflow/.local/lib/python3.7/site-packages/airflow/example_dags/example_bash_operator.py
[2022-02-03 23:40:45,836] {processor.py:642} INFO - Processing file /home/airflow/.local/lib/python3.7/site-packages/airflow/example_dags/example_bash_operator.py for tasks to queue
[2022-02-03 23:40:45,839] {logging_mixin.py:109} INFO - [2022-02-03 23:40:45,838] {dagbag.py:500} INFO - Filling up the DagBag from /home/airflow/.local/lib/python3.7/site-packages/airflow/example_dags/example_bash_operator.py
[2022-02-03 23:40:45,880] {processor.py:654} INFO - DAG(s) dict_keys(['example_bash_operator']) retrieved from /home/airflow/.local/lib/python3.7/site-packages/airflow/example_dags/example_bash_operator.py
[2022-02-03 23:40:45,895] {logging_mixin.py:109} INFO - [2022-02-03 23:40:45,895] {dag.py:2396} INFO - Sync 1 DAGs
[2022-02-03 23:40:45,920] {logging_mixin.py:109} INFO - [2022-02-03 23:40:45,920] {dag.py:2935} INFO - Setting next_dagrun for example_bash_operator to 2022-02-02 00:00:00+00:00
[2022-02-03 23:40:45,939] {processor.py:171} INFO - Processing /home/airflow/.local/lib/python3.7/site-packages/airflow/example_dags/example_bash_operator.py took 0.109 seconds
