[2022-02-03 23:02:34,895] {processor.py:163} INFO - Started process (PID=212) to work on /home/airflow/.local/lib/python3.7/site-packages/airflow/example_dags/example_short_circuit_operator.py
[2022-02-03 23:02:34,898] {processor.py:642} INFO - Processing file /home/airflow/.local/lib/python3.7/site-packages/airflow/example_dags/example_short_circuit_operator.py for tasks to queue
[2022-02-03 23:02:34,899] {logging_mixin.py:109} INFO - [2022-02-03 23:02:34,899] {dagbag.py:500} INFO - Filling up the DagBag from /home/airflow/.local/lib/python3.7/site-packages/airflow/example_dags/example_short_circuit_operator.py
[2022-02-03 23:02:34,954] {processor.py:654} INFO - DAG(s) dict_keys(['example_short_circuit_operator']) retrieved from /home/airflow/.local/lib/python3.7/site-packages/airflow/example_dags/example_short_circuit_operator.py
[2022-02-03 23:02:37,091] {logging_mixin.py:109} INFO - [2022-02-03 23:02:37,091] {manager.py:496} INFO - Created Permission View: can read on DAG:example_short_circuit_operator
[2022-02-03 23:02:37,101] {logging_mixin.py:109} INFO - [2022-02-03 23:02:37,101] {manager.py:496} INFO - Created Permission View: can edit on DAG:example_short_circuit_operator
[2022-02-03 23:02:37,103] {logging_mixin.py:109} INFO - [2022-02-03 23:02:37,102] {dag.py:2396} INFO - Sync 1 DAGs
[2022-02-03 23:02:37,112] {logging_mixin.py:109} INFO - [2022-02-03 23:02:37,111] {dag.py:2415} INFO - Creating ORM DAG for example_short_circuit_operator
[2022-02-03 23:02:37,121] {logging_mixin.py:109} INFO - [2022-02-03 23:02:37,121] {dag.py:2935} INFO - Setting next_dagrun for example_short_circuit_operator to 2022-02-02T23:02:37.120852+00:00
[2022-02-03 23:02:37,138] {processor.py:171} INFO - Processing /home/airflow/.local/lib/python3.7/site-packages/airflow/example_dags/example_short_circuit_operator.py took 2.249 seconds
[2022-02-03 23:03:08,478] {processor.py:163} INFO - Started process (PID=289) to work on /home/airflow/.local/lib/python3.7/site-packages/airflow/example_dags/example_short_circuit_operator.py
[2022-02-03 23:03:08,481] {processor.py:642} INFO - Processing file /home/airflow/.local/lib/python3.7/site-packages/airflow/example_dags/example_short_circuit_operator.py for tasks to queue
[2022-02-03 23:03:08,483] {logging_mixin.py:109} INFO - [2022-02-03 23:03:08,483] {dagbag.py:500} INFO - Filling up the DagBag from /home/airflow/.local/lib/python3.7/site-packages/airflow/example_dags/example_short_circuit_operator.py
[2022-02-03 23:03:08,563] {processor.py:654} INFO - DAG(s) dict_keys(['example_short_circuit_operator']) retrieved from /home/airflow/.local/lib/python3.7/site-packages/airflow/example_dags/example_short_circuit_operator.py
[2022-02-03 23:03:08,585] {logging_mixin.py:109} INFO - [2022-02-03 23:03:08,585] {dag.py:2396} INFO - Sync 1 DAGs
[2022-02-03 23:03:08,639] {logging_mixin.py:109} INFO - [2022-02-03 23:03:08,639] {dag.py:2935} INFO - Setting next_dagrun for example_short_circuit_operator to 2022-02-02T23:03:08.638659+00:00
[2022-02-03 23:03:08,664] {processor.py:171} INFO - Processing /home/airflow/.local/lib/python3.7/site-packages/airflow/example_dags/example_short_circuit_operator.py took 0.192 seconds
[2022-02-03 23:03:39,014] {processor.py:163} INFO - Started process (PID=342) to work on /home/airflow/.local/lib/python3.7/site-packages/airflow/example_dags/example_short_circuit_operator.py
[2022-02-03 23:03:39,016] {processor.py:642} INFO - Processing file /home/airflow/.local/lib/python3.7/site-packages/airflow/example_dags/example_short_circuit_operator.py for tasks to queue
[2022-02-03 23:03:39,017] {logging_mixin.py:109} INFO - [2022-02-03 23:03:39,017] {dagbag.py:500} INFO - Filling up the DagBag from /home/airflow/.local/lib/python3.7/site-packages/airflow/example_dags/example_short_circuit_operator.py
[2022-02-03 23:03:39,057] {processor.py:654} INFO - DAG(s) dict_keys(['example_short_circuit_operator']) retrieved from /home/airflow/.local/lib/python3.7/site-packages/airflow/example_dags/example_short_circuit_operator.py
[2022-02-03 23:03:39,072] {logging_mixin.py:109} INFO - [2022-02-03 23:03:39,072] {dag.py:2396} INFO - Sync 1 DAGs
[2022-02-03 23:03:39,104] {logging_mixin.py:109} INFO - [2022-02-03 23:03:39,103] {dag.py:2935} INFO - Setting next_dagrun for example_short_circuit_operator to 2022-02-02T23:03:39.103433+00:00
[2022-02-03 23:03:39,121] {processor.py:171} INFO - Processing /home/airflow/.local/lib/python3.7/site-packages/airflow/example_dags/example_short_circuit_operator.py took 0.110 seconds
[2022-02-03 23:04:09,471] {processor.py:163} INFO - Started process (PID=396) to work on /home/airflow/.local/lib/python3.7/site-packages/airflow/example_dags/example_short_circuit_operator.py
[2022-02-03 23:04:09,473] {processor.py:642} INFO - Processing file /home/airflow/.local/lib/python3.7/site-packages/airflow/example_dags/example_short_circuit_operator.py for tasks to queue
[2022-02-03 23:04:09,474] {logging_mixin.py:109} INFO - [2022-02-03 23:04:09,474] {dagbag.py:500} INFO - Filling up the DagBag from /home/airflow/.local/lib/python3.7/site-packages/airflow/example_dags/example_short_circuit_operator.py
[2022-02-03 23:04:09,508] {processor.py:654} INFO - DAG(s) dict_keys(['example_short_circuit_operator']) retrieved from /home/airflow/.local/lib/python3.7/site-packages/airflow/example_dags/example_short_circuit_operator.py
[2022-02-03 23:04:09,520] {logging_mixin.py:109} INFO - [2022-02-03 23:04:09,520] {dag.py:2396} INFO - Sync 1 DAGs
[2022-02-03 23:04:09,568] {logging_mixin.py:109} INFO - [2022-02-03 23:04:09,568] {dag.py:2935} INFO - Setting next_dagrun for example_short_circuit_operator to 2022-02-02T23:04:09.568097+00:00
[2022-02-03 23:04:09,582] {processor.py:171} INFO - Processing /home/airflow/.local/lib/python3.7/site-packages/airflow/example_dags/example_short_circuit_operator.py took 0.116 seconds
[2022-02-03 23:04:39,787] {processor.py:163} INFO - Started process (PID=464) to work on /home/airflow/.local/lib/python3.7/site-packages/airflow/example_dags/example_short_circuit_operator.py
[2022-02-03 23:04:39,790] {processor.py:642} INFO - Processing file /home/airflow/.local/lib/python3.7/site-packages/airflow/example_dags/example_short_circuit_operator.py for tasks to queue
[2022-02-03 23:04:39,792] {logging_mixin.py:109} INFO - [2022-02-03 23:04:39,792] {dagbag.py:500} INFO - Filling up the DagBag from /home/airflow/.local/lib/python3.7/site-packages/airflow/example_dags/example_short_circuit_operator.py
[2022-02-03 23:04:39,854] {processor.py:654} INFO - DAG(s) dict_keys(['example_short_circuit_operator']) retrieved from /home/airflow/.local/lib/python3.7/site-packages/airflow/example_dags/example_short_circuit_operator.py
[2022-02-03 23:04:39,871] {logging_mixin.py:109} INFO - [2022-02-03 23:04:39,871] {dag.py:2396} INFO - Sync 1 DAGs
[2022-02-03 23:04:39,893] {logging_mixin.py:109} INFO - [2022-02-03 23:04:39,893] {dag.py:2935} INFO - Setting next_dagrun for example_short_circuit_operator to 2022-02-02T23:04:39.892927+00:00
[2022-02-03 23:04:39,904] {processor.py:171} INFO - Processing /home/airflow/.local/lib/python3.7/site-packages/airflow/example_dags/example_short_circuit_operator.py took 0.122 seconds
[2022-02-03 23:05:10,035] {processor.py:163} INFO - Started process (PID=516) to work on /home/airflow/.local/lib/python3.7/site-packages/airflow/example_dags/example_short_circuit_operator.py
[2022-02-03 23:05:10,041] {processor.py:642} INFO - Processing file /home/airflow/.local/lib/python3.7/site-packages/airflow/example_dags/example_short_circuit_operator.py for tasks to queue
[2022-02-03 23:05:10,046] {logging_mixin.py:109} INFO - [2022-02-03 23:05:10,045] {dagbag.py:500} INFO - Filling up the DagBag from /home/airflow/.local/lib/python3.7/site-packages/airflow/example_dags/example_short_circuit_operator.py
[2022-02-03 23:05:10,081] {processor.py:654} INFO - DAG(s) dict_keys(['example_short_circuit_operator']) retrieved from /home/airflow/.local/lib/python3.7/site-packages/airflow/example_dags/example_short_circuit_operator.py
[2022-02-03 23:05:10,094] {logging_mixin.py:109} INFO - [2022-02-03 23:05:10,094] {dag.py:2396} INFO - Sync 1 DAGs
[2022-02-03 23:05:10,112] {logging_mixin.py:109} INFO - [2022-02-03 23:05:10,112] {dag.py:2935} INFO - Setting next_dagrun for example_short_circuit_operator to 2022-02-02T23:05:10.111935+00:00
[2022-02-03 23:05:10,125] {processor.py:171} INFO - Processing /home/airflow/.local/lib/python3.7/site-packages/airflow/example_dags/example_short_circuit_operator.py took 0.096 seconds
[2022-02-03 23:05:40,307] {processor.py:163} INFO - Started process (PID=569) to work on /home/airflow/.local/lib/python3.7/site-packages/airflow/example_dags/example_short_circuit_operator.py
[2022-02-03 23:05:40,311] {processor.py:642} INFO - Processing file /home/airflow/.local/lib/python3.7/site-packages/airflow/example_dags/example_short_circuit_operator.py for tasks to queue
[2022-02-03 23:05:40,313] {logging_mixin.py:109} INFO - [2022-02-03 23:05:40,313] {dagbag.py:500} INFO - Filling up the DagBag from /home/airflow/.local/lib/python3.7/site-packages/airflow/example_dags/example_short_circuit_operator.py
[2022-02-03 23:05:40,351] {processor.py:654} INFO - DAG(s) dict_keys(['example_short_circuit_operator']) retrieved from /home/airflow/.local/lib/python3.7/site-packages/airflow/example_dags/example_short_circuit_operator.py
[2022-02-03 23:05:40,365] {logging_mixin.py:109} INFO - [2022-02-03 23:05:40,365] {dag.py:2396} INFO - Sync 1 DAGs
[2022-02-03 23:05:40,382] {logging_mixin.py:109} INFO - [2022-02-03 23:05:40,382] {dag.py:2935} INFO - Setting next_dagrun for example_short_circuit_operator to 2022-02-02T23:05:40.382561+00:00
[2022-02-03 23:05:40,398] {processor.py:171} INFO - Processing /home/airflow/.local/lib/python3.7/site-packages/airflow/example_dags/example_short_circuit_operator.py took 0.094 seconds
[2022-02-03 23:06:10,562] {processor.py:163} INFO - Started process (PID=639) to work on /home/airflow/.local/lib/python3.7/site-packages/airflow/example_dags/example_short_circuit_operator.py
[2022-02-03 23:06:10,565] {processor.py:642} INFO - Processing file /home/airflow/.local/lib/python3.7/site-packages/airflow/example_dags/example_short_circuit_operator.py for tasks to queue
[2022-02-03 23:06:10,567] {logging_mixin.py:109} INFO - [2022-02-03 23:06:10,566] {dagbag.py:500} INFO - Filling up the DagBag from /home/airflow/.local/lib/python3.7/site-packages/airflow/example_dags/example_short_circuit_operator.py
[2022-02-03 23:06:10,613] {processor.py:654} INFO - DAG(s) dict_keys(['example_short_circuit_operator']) retrieved from /home/airflow/.local/lib/python3.7/site-packages/airflow/example_dags/example_short_circuit_operator.py
[2022-02-03 23:06:10,628] {logging_mixin.py:109} INFO - [2022-02-03 23:06:10,627] {dag.py:2396} INFO - Sync 1 DAGs
[2022-02-03 23:06:10,647] {logging_mixin.py:109} INFO - [2022-02-03 23:06:10,647] {dag.py:2935} INFO - Setting next_dagrun for example_short_circuit_operator to 2022-02-02T23:06:10.646815+00:00
[2022-02-03 23:06:10,664] {processor.py:171} INFO - Processing /home/airflow/.local/lib/python3.7/site-packages/airflow/example_dags/example_short_circuit_operator.py took 0.106 seconds
[2022-02-03 23:06:41,210] {processor.py:163} INFO - Started process (PID=693) to work on /home/airflow/.local/lib/python3.7/site-packages/airflow/example_dags/example_short_circuit_operator.py
[2022-02-03 23:06:41,212] {processor.py:642} INFO - Processing file /home/airflow/.local/lib/python3.7/site-packages/airflow/example_dags/example_short_circuit_operator.py for tasks to queue
[2022-02-03 23:06:41,214] {logging_mixin.py:109} INFO - [2022-02-03 23:06:41,214] {dagbag.py:500} INFO - Filling up the DagBag from /home/airflow/.local/lib/python3.7/site-packages/airflow/example_dags/example_short_circuit_operator.py
[2022-02-03 23:06:41,268] {processor.py:654} INFO - DAG(s) dict_keys(['example_short_circuit_operator']) retrieved from /home/airflow/.local/lib/python3.7/site-packages/airflow/example_dags/example_short_circuit_operator.py
[2022-02-03 23:06:41,285] {logging_mixin.py:109} INFO - [2022-02-03 23:06:41,285] {dag.py:2396} INFO - Sync 1 DAGs
[2022-02-03 23:06:41,304] {logging_mixin.py:109} INFO - [2022-02-03 23:06:41,304] {dag.py:2935} INFO - Setting next_dagrun for example_short_circuit_operator to 2022-02-02T23:06:41.303690+00:00
[2022-02-03 23:06:41,315] {processor.py:171} INFO - Processing /home/airflow/.local/lib/python3.7/site-packages/airflow/example_dags/example_short_circuit_operator.py took 0.108 seconds
[2022-02-03 23:07:11,848] {processor.py:163} INFO - Started process (PID=747) to work on /home/airflow/.local/lib/python3.7/site-packages/airflow/example_dags/example_short_circuit_operator.py
[2022-02-03 23:07:11,850] {processor.py:642} INFO - Processing file /home/airflow/.local/lib/python3.7/site-packages/airflow/example_dags/example_short_circuit_operator.py for tasks to queue
[2022-02-03 23:07:11,852] {logging_mixin.py:109} INFO - [2022-02-03 23:07:11,851] {dagbag.py:500} INFO - Filling up the DagBag from /home/airflow/.local/lib/python3.7/site-packages/airflow/example_dags/example_short_circuit_operator.py
[2022-02-03 23:07:11,894] {processor.py:654} INFO - DAG(s) dict_keys(['example_short_circuit_operator']) retrieved from /home/airflow/.local/lib/python3.7/site-packages/airflow/example_dags/example_short_circuit_operator.py
[2022-02-03 23:07:11,909] {logging_mixin.py:109} INFO - [2022-02-03 23:07:11,909] {dag.py:2396} INFO - Sync 1 DAGs
[2022-02-03 23:07:11,932] {logging_mixin.py:109} INFO - [2022-02-03 23:07:11,932] {dag.py:2935} INFO - Setting next_dagrun for example_short_circuit_operator to 2022-02-02T23:07:11.931765+00:00
[2022-02-03 23:07:11,945] {processor.py:171} INFO - Processing /home/airflow/.local/lib/python3.7/site-packages/airflow/example_dags/example_short_circuit_operator.py took 0.101 seconds
[2022-02-03 23:07:42,099] {processor.py:163} INFO - Started process (PID=808) to work on /home/airflow/.local/lib/python3.7/site-packages/airflow/example_dags/example_short_circuit_operator.py
[2022-02-03 23:07:42,101] {processor.py:642} INFO - Processing file /home/airflow/.local/lib/python3.7/site-packages/airflow/example_dags/example_short_circuit_operator.py for tasks to queue
[2022-02-03 23:07:42,103] {logging_mixin.py:109} INFO - [2022-02-03 23:07:42,103] {dagbag.py:500} INFO - Filling up the DagBag from /home/airflow/.local/lib/python3.7/site-packages/airflow/example_dags/example_short_circuit_operator.py
[2022-02-03 23:07:42,140] {processor.py:654} INFO - DAG(s) dict_keys(['example_short_circuit_operator']) retrieved from /home/airflow/.local/lib/python3.7/site-packages/airflow/example_dags/example_short_circuit_operator.py
[2022-02-03 23:07:42,162] {logging_mixin.py:109} INFO - [2022-02-03 23:07:42,162] {dag.py:2396} INFO - Sync 1 DAGs
[2022-02-03 23:07:42,182] {logging_mixin.py:109} INFO - [2022-02-03 23:07:42,182] {dag.py:2935} INFO - Setting next_dagrun for example_short_circuit_operator to 2022-02-02T23:07:42.182220+00:00
[2022-02-03 23:07:42,197] {processor.py:171} INFO - Processing /home/airflow/.local/lib/python3.7/site-packages/airflow/example_dags/example_short_circuit_operator.py took 0.102 seconds
[2022-02-03 23:08:12,544] {processor.py:163} INFO - Started process (PID=866) to work on /home/airflow/.local/lib/python3.7/site-packages/airflow/example_dags/example_short_circuit_operator.py
[2022-02-03 23:08:12,547] {processor.py:642} INFO - Processing file /home/airflow/.local/lib/python3.7/site-packages/airflow/example_dags/example_short_circuit_operator.py for tasks to queue
[2022-02-03 23:08:12,549] {logging_mixin.py:109} INFO - [2022-02-03 23:08:12,548] {dagbag.py:500} INFO - Filling up the DagBag from /home/airflow/.local/lib/python3.7/site-packages/airflow/example_dags/example_short_circuit_operator.py
[2022-02-03 23:08:12,587] {processor.py:654} INFO - DAG(s) dict_keys(['example_short_circuit_operator']) retrieved from /home/airflow/.local/lib/python3.7/site-packages/airflow/example_dags/example_short_circuit_operator.py
[2022-02-03 23:08:12,600] {logging_mixin.py:109} INFO - [2022-02-03 23:08:12,600] {dag.py:2396} INFO - Sync 1 DAGs
[2022-02-03 23:08:12,619] {logging_mixin.py:109} INFO - [2022-02-03 23:08:12,619] {dag.py:2935} INFO - Setting next_dagrun for example_short_circuit_operator to 2022-02-02T23:08:12.619358+00:00
[2022-02-03 23:08:12,629] {processor.py:171} INFO - Processing /home/airflow/.local/lib/python3.7/site-packages/airflow/example_dags/example_short_circuit_operator.py took 0.088 seconds
[2022-02-03 23:08:42,999] {processor.py:163} INFO - Started process (PID=925) to work on /home/airflow/.local/lib/python3.7/site-packages/airflow/example_dags/example_short_circuit_operator.py
[2022-02-03 23:08:43,005] {processor.py:642} INFO - Processing file /home/airflow/.local/lib/python3.7/site-packages/airflow/example_dags/example_short_circuit_operator.py for tasks to queue
[2022-02-03 23:08:43,009] {logging_mixin.py:109} INFO - [2022-02-03 23:08:43,009] {dagbag.py:500} INFO - Filling up the DagBag from /home/airflow/.local/lib/python3.7/site-packages/airflow/example_dags/example_short_circuit_operator.py
[2022-02-03 23:08:43,069] {processor.py:654} INFO - DAG(s) dict_keys(['example_short_circuit_operator']) retrieved from /home/airflow/.local/lib/python3.7/site-packages/airflow/example_dags/example_short_circuit_operator.py
[2022-02-03 23:08:43,085] {logging_mixin.py:109} INFO - [2022-02-03 23:08:43,085] {dag.py:2396} INFO - Sync 1 DAGs
[2022-02-03 23:08:43,103] {logging_mixin.py:109} INFO - [2022-02-03 23:08:43,103] {dag.py:2935} INFO - Setting next_dagrun for example_short_circuit_operator to 2022-02-02T23:08:43.103494+00:00
[2022-02-03 23:08:43,125] {processor.py:171} INFO - Processing /home/airflow/.local/lib/python3.7/site-packages/airflow/example_dags/example_short_circuit_operator.py took 0.132 seconds
[2022-02-03 23:09:13,361] {processor.py:163} INFO - Started process (PID=982) to work on /home/airflow/.local/lib/python3.7/site-packages/airflow/example_dags/example_short_circuit_operator.py
[2022-02-03 23:09:13,363] {processor.py:642} INFO - Processing file /home/airflow/.local/lib/python3.7/site-packages/airflow/example_dags/example_short_circuit_operator.py for tasks to queue
[2022-02-03 23:09:13,365] {logging_mixin.py:109} INFO - [2022-02-03 23:09:13,365] {dagbag.py:500} INFO - Filling up the DagBag from /home/airflow/.local/lib/python3.7/site-packages/airflow/example_dags/example_short_circuit_operator.py
[2022-02-03 23:09:13,403] {processor.py:654} INFO - DAG(s) dict_keys(['example_short_circuit_operator']) retrieved from /home/airflow/.local/lib/python3.7/site-packages/airflow/example_dags/example_short_circuit_operator.py
[2022-02-03 23:09:13,425] {logging_mixin.py:109} INFO - [2022-02-03 23:09:13,424] {dag.py:2396} INFO - Sync 1 DAGs
[2022-02-03 23:09:13,461] {logging_mixin.py:109} INFO - [2022-02-03 23:09:13,461] {dag.py:2935} INFO - Setting next_dagrun for example_short_circuit_operator to 2022-02-02T23:09:13.460849+00:00
[2022-02-03 23:09:13,485] {processor.py:171} INFO - Processing /home/airflow/.local/lib/python3.7/site-packages/airflow/example_dags/example_short_circuit_operator.py took 0.128 seconds
[2022-02-03 23:09:44,024] {processor.py:163} INFO - Started process (PID=1049) to work on /home/airflow/.local/lib/python3.7/site-packages/airflow/example_dags/example_short_circuit_operator.py
[2022-02-03 23:09:44,027] {processor.py:642} INFO - Processing file /home/airflow/.local/lib/python3.7/site-packages/airflow/example_dags/example_short_circuit_operator.py for tasks to queue
[2022-02-03 23:09:44,038] {logging_mixin.py:109} INFO - [2022-02-03 23:09:44,038] {dagbag.py:500} INFO - Filling up the DagBag from /home/airflow/.local/lib/python3.7/site-packages/airflow/example_dags/example_short_circuit_operator.py
[2022-02-03 23:09:44,078] {processor.py:654} INFO - DAG(s) dict_keys(['example_short_circuit_operator']) retrieved from /home/airflow/.local/lib/python3.7/site-packages/airflow/example_dags/example_short_circuit_operator.py
[2022-02-03 23:09:44,089] {logging_mixin.py:109} INFO - [2022-02-03 23:09:44,089] {dag.py:2396} INFO - Sync 1 DAGs
[2022-02-03 23:09:44,111] {logging_mixin.py:109} INFO - [2022-02-03 23:09:44,111] {dag.py:2935} INFO - Setting next_dagrun for example_short_circuit_operator to 2022-02-02T23:09:44.110682+00:00
[2022-02-03 23:09:44,123] {processor.py:171} INFO - Processing /home/airflow/.local/lib/python3.7/site-packages/airflow/example_dags/example_short_circuit_operator.py took 0.102 seconds
[2022-02-03 23:10:15,071] {processor.py:163} INFO - Started process (PID=1106) to work on /home/airflow/.local/lib/python3.7/site-packages/airflow/example_dags/example_short_circuit_operator.py
[2022-02-03 23:10:15,073] {processor.py:642} INFO - Processing file /home/airflow/.local/lib/python3.7/site-packages/airflow/example_dags/example_short_circuit_operator.py for tasks to queue
[2022-02-03 23:10:15,077] {logging_mixin.py:109} INFO - [2022-02-03 23:10:15,076] {dagbag.py:500} INFO - Filling up the DagBag from /home/airflow/.local/lib/python3.7/site-packages/airflow/example_dags/example_short_circuit_operator.py
[2022-02-03 23:10:15,128] {processor.py:654} INFO - DAG(s) dict_keys(['example_short_circuit_operator']) retrieved from /home/airflow/.local/lib/python3.7/site-packages/airflow/example_dags/example_short_circuit_operator.py
[2022-02-03 23:10:15,150] {logging_mixin.py:109} INFO - [2022-02-03 23:10:15,150] {dag.py:2396} INFO - Sync 1 DAGs
[2022-02-03 23:10:15,168] {logging_mixin.py:109} INFO - [2022-02-03 23:10:15,168] {dag.py:2935} INFO - Setting next_dagrun for example_short_circuit_operator to 2022-02-02T23:10:15.168016+00:00
[2022-02-03 23:10:15,185] {processor.py:171} INFO - Processing /home/airflow/.local/lib/python3.7/site-packages/airflow/example_dags/example_short_circuit_operator.py took 0.118 seconds
[2022-02-03 23:10:45,453] {processor.py:163} INFO - Started process (PID=1169) to work on /home/airflow/.local/lib/python3.7/site-packages/airflow/example_dags/example_short_circuit_operator.py
[2022-02-03 23:10:45,458] {processor.py:642} INFO - Processing file /home/airflow/.local/lib/python3.7/site-packages/airflow/example_dags/example_short_circuit_operator.py for tasks to queue
[2022-02-03 23:10:45,466] {logging_mixin.py:109} INFO - [2022-02-03 23:10:45,466] {dagbag.py:500} INFO - Filling up the DagBag from /home/airflow/.local/lib/python3.7/site-packages/airflow/example_dags/example_short_circuit_operator.py
[2022-02-03 23:10:45,513] {processor.py:654} INFO - DAG(s) dict_keys(['example_short_circuit_operator']) retrieved from /home/airflow/.local/lib/python3.7/site-packages/airflow/example_dags/example_short_circuit_operator.py
[2022-02-03 23:10:45,527] {logging_mixin.py:109} INFO - [2022-02-03 23:10:45,527] {dag.py:2396} INFO - Sync 1 DAGs
[2022-02-03 23:10:45,552] {logging_mixin.py:109} INFO - [2022-02-03 23:10:45,552] {dag.py:2935} INFO - Setting next_dagrun for example_short_circuit_operator to 2022-02-02T23:10:45.551916+00:00
[2022-02-03 23:10:45,573] {processor.py:171} INFO - Processing /home/airflow/.local/lib/python3.7/site-packages/airflow/example_dags/example_short_circuit_operator.py took 0.125 seconds
[2022-02-03 23:11:15,707] {processor.py:163} INFO - Started process (PID=1226) to work on /home/airflow/.local/lib/python3.7/site-packages/airflow/example_dags/example_short_circuit_operator.py
[2022-02-03 23:11:15,711] {processor.py:642} INFO - Processing file /home/airflow/.local/lib/python3.7/site-packages/airflow/example_dags/example_short_circuit_operator.py for tasks to queue
[2022-02-03 23:11:15,716] {logging_mixin.py:109} INFO - [2022-02-03 23:11:15,715] {dagbag.py:500} INFO - Filling up the DagBag from /home/airflow/.local/lib/python3.7/site-packages/airflow/example_dags/example_short_circuit_operator.py
[2022-02-03 23:11:15,769] {processor.py:654} INFO - DAG(s) dict_keys(['example_short_circuit_operator']) retrieved from /home/airflow/.local/lib/python3.7/site-packages/airflow/example_dags/example_short_circuit_operator.py
[2022-02-03 23:11:15,796] {logging_mixin.py:109} INFO - [2022-02-03 23:11:15,796] {dag.py:2396} INFO - Sync 1 DAGs
[2022-02-03 23:11:15,830] {logging_mixin.py:109} INFO - [2022-02-03 23:11:15,830] {dag.py:2935} INFO - Setting next_dagrun for example_short_circuit_operator to 2022-02-02T23:11:15.829731+00:00
[2022-02-03 23:11:15,876] {processor.py:171} INFO - Processing /home/airflow/.local/lib/python3.7/site-packages/airflow/example_dags/example_short_circuit_operator.py took 0.180 seconds
[2022-02-03 23:11:46,733] {processor.py:163} INFO - Started process (PID=1283) to work on /home/airflow/.local/lib/python3.7/site-packages/airflow/example_dags/example_short_circuit_operator.py
[2022-02-03 23:11:46,735] {processor.py:642} INFO - Processing file /home/airflow/.local/lib/python3.7/site-packages/airflow/example_dags/example_short_circuit_operator.py for tasks to queue
[2022-02-03 23:11:46,736] {logging_mixin.py:109} INFO - [2022-02-03 23:11:46,736] {dagbag.py:500} INFO - Filling up the DagBag from /home/airflow/.local/lib/python3.7/site-packages/airflow/example_dags/example_short_circuit_operator.py
[2022-02-03 23:11:46,772] {processor.py:654} INFO - DAG(s) dict_keys(['example_short_circuit_operator']) retrieved from /home/airflow/.local/lib/python3.7/site-packages/airflow/example_dags/example_short_circuit_operator.py
[2022-02-03 23:11:46,783] {logging_mixin.py:109} INFO - [2022-02-03 23:11:46,783] {dag.py:2396} INFO - Sync 1 DAGs
[2022-02-03 23:11:46,804] {logging_mixin.py:109} INFO - [2022-02-03 23:11:46,804] {dag.py:2935} INFO - Setting next_dagrun for example_short_circuit_operator to 2022-02-02T23:11:46.804128+00:00
[2022-02-03 23:11:46,816] {processor.py:171} INFO - Processing /home/airflow/.local/lib/python3.7/site-packages/airflow/example_dags/example_short_circuit_operator.py took 0.087 seconds
[2022-02-03 23:12:17,479] {processor.py:163} INFO - Started process (PID=1347) to work on /home/airflow/.local/lib/python3.7/site-packages/airflow/example_dags/example_short_circuit_operator.py
[2022-02-03 23:12:17,481] {processor.py:642} INFO - Processing file /home/airflow/.local/lib/python3.7/site-packages/airflow/example_dags/example_short_circuit_operator.py for tasks to queue
[2022-02-03 23:12:17,483] {logging_mixin.py:109} INFO - [2022-02-03 23:12:17,483] {dagbag.py:500} INFO - Filling up the DagBag from /home/airflow/.local/lib/python3.7/site-packages/airflow/example_dags/example_short_circuit_operator.py
[2022-02-03 23:12:17,520] {processor.py:654} INFO - DAG(s) dict_keys(['example_short_circuit_operator']) retrieved from /home/airflow/.local/lib/python3.7/site-packages/airflow/example_dags/example_short_circuit_operator.py
[2022-02-03 23:12:17,534] {logging_mixin.py:109} INFO - [2022-02-03 23:12:17,534] {dag.py:2396} INFO - Sync 1 DAGs
[2022-02-03 23:12:17,553] {logging_mixin.py:109} INFO - [2022-02-03 23:12:17,553] {dag.py:2935} INFO - Setting next_dagrun for example_short_circuit_operator to 2022-02-02T23:12:17.553490+00:00
[2022-02-03 23:12:17,567] {processor.py:171} INFO - Processing /home/airflow/.local/lib/python3.7/site-packages/airflow/example_dags/example_short_circuit_operator.py took 0.092 seconds
[2022-02-03 23:12:47,791] {processor.py:163} INFO - Started process (PID=1402) to work on /home/airflow/.local/lib/python3.7/site-packages/airflow/example_dags/example_short_circuit_operator.py
[2022-02-03 23:12:47,793] {processor.py:642} INFO - Processing file /home/airflow/.local/lib/python3.7/site-packages/airflow/example_dags/example_short_circuit_operator.py for tasks to queue
[2022-02-03 23:12:47,795] {logging_mixin.py:109} INFO - [2022-02-03 23:12:47,794] {dagbag.py:500} INFO - Filling up the DagBag from /home/airflow/.local/lib/python3.7/site-packages/airflow/example_dags/example_short_circuit_operator.py
[2022-02-03 23:12:47,828] {processor.py:654} INFO - DAG(s) dict_keys(['example_short_circuit_operator']) retrieved from /home/airflow/.local/lib/python3.7/site-packages/airflow/example_dags/example_short_circuit_operator.py
[2022-02-03 23:12:47,839] {logging_mixin.py:109} INFO - [2022-02-03 23:12:47,839] {dag.py:2396} INFO - Sync 1 DAGs
[2022-02-03 23:12:47,858] {logging_mixin.py:109} INFO - [2022-02-03 23:12:47,858] {dag.py:2935} INFO - Setting next_dagrun for example_short_circuit_operator to 2022-02-02T23:12:47.857614+00:00
[2022-02-03 23:12:47,869] {processor.py:171} INFO - Processing /home/airflow/.local/lib/python3.7/site-packages/airflow/example_dags/example_short_circuit_operator.py took 0.081 seconds
[2022-02-03 23:13:18,398] {processor.py:163} INFO - Started process (PID=1456) to work on /home/airflow/.local/lib/python3.7/site-packages/airflow/example_dags/example_short_circuit_operator.py
[2022-02-03 23:13:18,401] {processor.py:642} INFO - Processing file /home/airflow/.local/lib/python3.7/site-packages/airflow/example_dags/example_short_circuit_operator.py for tasks to queue
[2022-02-03 23:13:18,402] {logging_mixin.py:109} INFO - [2022-02-03 23:13:18,402] {dagbag.py:500} INFO - Filling up the DagBag from /home/airflow/.local/lib/python3.7/site-packages/airflow/example_dags/example_short_circuit_operator.py
[2022-02-03 23:13:18,439] {processor.py:654} INFO - DAG(s) dict_keys(['example_short_circuit_operator']) retrieved from /home/airflow/.local/lib/python3.7/site-packages/airflow/example_dags/example_short_circuit_operator.py
[2022-02-03 23:13:18,452] {logging_mixin.py:109} INFO - [2022-02-03 23:13:18,452] {dag.py:2396} INFO - Sync 1 DAGs
[2022-02-03 23:13:18,475] {logging_mixin.py:109} INFO - [2022-02-03 23:13:18,475] {dag.py:2935} INFO - Setting next_dagrun for example_short_circuit_operator to 2022-02-02T23:13:18.474867+00:00
[2022-02-03 23:13:18,487] {processor.py:171} INFO - Processing /home/airflow/.local/lib/python3.7/site-packages/airflow/example_dags/example_short_circuit_operator.py took 0.093 seconds
[2022-02-03 23:15:09,206] {processor.py:163} INFO - Started process (PID=69) to work on /home/airflow/.local/lib/python3.7/site-packages/airflow/example_dags/example_short_circuit_operator.py
[2022-02-03 23:15:09,210] {processor.py:642} INFO - Processing file /home/airflow/.local/lib/python3.7/site-packages/airflow/example_dags/example_short_circuit_operator.py for tasks to queue
[2022-02-03 23:15:09,213] {logging_mixin.py:109} INFO - [2022-02-03 23:15:09,213] {dagbag.py:500} INFO - Filling up the DagBag from /home/airflow/.local/lib/python3.7/site-packages/airflow/example_dags/example_short_circuit_operator.py
[2022-02-03 23:15:09,294] {processor.py:654} INFO - DAG(s) dict_keys(['example_short_circuit_operator']) retrieved from /home/airflow/.local/lib/python3.7/site-packages/airflow/example_dags/example_short_circuit_operator.py
[2022-02-03 23:15:09,325] {logging_mixin.py:109} INFO - [2022-02-03 23:15:09,325] {dag.py:2396} INFO - Sync 1 DAGs
[2022-02-03 23:15:09,351] {logging_mixin.py:109} INFO - [2022-02-03 23:15:09,351] {dag.py:2935} INFO - Setting next_dagrun for example_short_circuit_operator to 2022-02-02T23:15:09.351162+00:00
[2022-02-03 23:15:09,371] {processor.py:171} INFO - Processing /home/airflow/.local/lib/python3.7/site-packages/airflow/example_dags/example_short_circuit_operator.py took 0.171 seconds
[2022-02-03 23:30:35,139] {processor.py:163} INFO - Started process (PID=69) to work on /home/airflow/.local/lib/python3.7/site-packages/airflow/example_dags/example_short_circuit_operator.py
[2022-02-03 23:30:35,144] {processor.py:642} INFO - Processing file /home/airflow/.local/lib/python3.7/site-packages/airflow/example_dags/example_short_circuit_operator.py for tasks to queue
[2022-02-03 23:30:35,147] {logging_mixin.py:109} INFO - [2022-02-03 23:30:35,146] {dagbag.py:500} INFO - Filling up the DagBag from /home/airflow/.local/lib/python3.7/site-packages/airflow/example_dags/example_short_circuit_operator.py
[2022-02-03 23:30:35,205] {processor.py:654} INFO - DAG(s) dict_keys(['example_short_circuit_operator']) retrieved from /home/airflow/.local/lib/python3.7/site-packages/airflow/example_dags/example_short_circuit_operator.py
[2022-02-03 23:30:35,227] {logging_mixin.py:109} INFO - [2022-02-03 23:30:35,227] {dag.py:2396} INFO - Sync 1 DAGs
[2022-02-03 23:30:35,256] {logging_mixin.py:109} INFO - [2022-02-03 23:30:35,256] {dag.py:2935} INFO - Setting next_dagrun for example_short_circuit_operator to 2022-02-02T23:30:35.256250+00:00
[2022-02-03 23:30:35,274] {processor.py:171} INFO - Processing /home/airflow/.local/lib/python3.7/site-packages/airflow/example_dags/example_short_circuit_operator.py took 0.139 seconds
[2022-02-03 23:31:05,630] {processor.py:163} INFO - Started process (PID=121) to work on /home/airflow/.local/lib/python3.7/site-packages/airflow/example_dags/example_short_circuit_operator.py
[2022-02-03 23:31:05,632] {processor.py:642} INFO - Processing file /home/airflow/.local/lib/python3.7/site-packages/airflow/example_dags/example_short_circuit_operator.py for tasks to queue
[2022-02-03 23:31:05,634] {logging_mixin.py:109} INFO - [2022-02-03 23:31:05,634] {dagbag.py:500} INFO - Filling up the DagBag from /home/airflow/.local/lib/python3.7/site-packages/airflow/example_dags/example_short_circuit_operator.py
[2022-02-03 23:31:05,673] {processor.py:654} INFO - DAG(s) dict_keys(['example_short_circuit_operator']) retrieved from /home/airflow/.local/lib/python3.7/site-packages/airflow/example_dags/example_short_circuit_operator.py
[2022-02-03 23:31:05,685] {logging_mixin.py:109} INFO - [2022-02-03 23:31:05,685] {dag.py:2396} INFO - Sync 1 DAGs
[2022-02-03 23:31:05,703] {logging_mixin.py:109} INFO - [2022-02-03 23:31:05,703] {dag.py:2935} INFO - Setting next_dagrun for example_short_circuit_operator to 2022-02-02T23:31:05.703129+00:00
[2022-02-03 23:31:05,715] {processor.py:171} INFO - Processing /home/airflow/.local/lib/python3.7/site-packages/airflow/example_dags/example_short_circuit_operator.py took 0.089 seconds
[2022-02-03 23:31:37,412] {processor.py:163} INFO - Started process (PID=188) to work on /home/airflow/.local/lib/python3.7/site-packages/airflow/example_dags/example_short_circuit_operator.py
[2022-02-03 23:31:37,415] {processor.py:642} INFO - Processing file /home/airflow/.local/lib/python3.7/site-packages/airflow/example_dags/example_short_circuit_operator.py for tasks to queue
[2022-02-03 23:31:37,417] {logging_mixin.py:109} INFO - [2022-02-03 23:31:37,416] {dagbag.py:500} INFO - Filling up the DagBag from /home/airflow/.local/lib/python3.7/site-packages/airflow/example_dags/example_short_circuit_operator.py
[2022-02-03 23:31:37,462] {processor.py:654} INFO - DAG(s) dict_keys(['example_short_circuit_operator']) retrieved from /home/airflow/.local/lib/python3.7/site-packages/airflow/example_dags/example_short_circuit_operator.py
[2022-02-03 23:31:37,482] {logging_mixin.py:109} INFO - [2022-02-03 23:31:37,482] {dag.py:2396} INFO - Sync 1 DAGs
[2022-02-03 23:31:37,518] {logging_mixin.py:109} INFO - [2022-02-03 23:31:37,518] {dag.py:2935} INFO - Setting next_dagrun for example_short_circuit_operator to 2022-02-02T23:31:37.517706+00:00
[2022-02-03 23:31:37,533] {processor.py:171} INFO - Processing /home/airflow/.local/lib/python3.7/site-packages/airflow/example_dags/example_short_circuit_operator.py took 0.125 seconds
[2022-02-03 23:32:08,133] {processor.py:163} INFO - Started process (PID=241) to work on /home/airflow/.local/lib/python3.7/site-packages/airflow/example_dags/example_short_circuit_operator.py
[2022-02-03 23:32:08,136] {processor.py:642} INFO - Processing file /home/airflow/.local/lib/python3.7/site-packages/airflow/example_dags/example_short_circuit_operator.py for tasks to queue
[2022-02-03 23:32:08,139] {logging_mixin.py:109} INFO - [2022-02-03 23:32:08,139] {dagbag.py:500} INFO - Filling up the DagBag from /home/airflow/.local/lib/python3.7/site-packages/airflow/example_dags/example_short_circuit_operator.py
[2022-02-03 23:32:08,228] {processor.py:654} INFO - DAG(s) dict_keys(['example_short_circuit_operator']) retrieved from /home/airflow/.local/lib/python3.7/site-packages/airflow/example_dags/example_short_circuit_operator.py
[2022-02-03 23:32:08,266] {logging_mixin.py:109} INFO - [2022-02-03 23:32:08,266] {dag.py:2396} INFO - Sync 1 DAGs
[2022-02-03 23:32:08,301] {logging_mixin.py:109} INFO - [2022-02-03 23:32:08,301] {dag.py:2935} INFO - Setting next_dagrun for example_short_circuit_operator to 2022-02-02T23:32:08.301323+00:00
[2022-02-03 23:32:08,332] {processor.py:171} INFO - Processing /home/airflow/.local/lib/python3.7/site-packages/airflow/example_dags/example_short_circuit_operator.py took 0.206 seconds
[2022-02-03 23:32:39,256] {processor.py:163} INFO - Started process (PID=294) to work on /home/airflow/.local/lib/python3.7/site-packages/airflow/example_dags/example_short_circuit_operator.py
[2022-02-03 23:32:39,263] {processor.py:642} INFO - Processing file /home/airflow/.local/lib/python3.7/site-packages/airflow/example_dags/example_short_circuit_operator.py for tasks to queue
[2022-02-03 23:32:39,268] {logging_mixin.py:109} INFO - [2022-02-03 23:32:39,268] {dagbag.py:500} INFO - Filling up the DagBag from /home/airflow/.local/lib/python3.7/site-packages/airflow/example_dags/example_short_circuit_operator.py
[2022-02-03 23:32:39,376] {processor.py:654} INFO - DAG(s) dict_keys(['example_short_circuit_operator']) retrieved from /home/airflow/.local/lib/python3.7/site-packages/airflow/example_dags/example_short_circuit_operator.py
[2022-02-03 23:32:39,423] {logging_mixin.py:109} INFO - [2022-02-03 23:32:39,423] {dag.py:2396} INFO - Sync 1 DAGs
[2022-02-03 23:32:39,500] {logging_mixin.py:109} INFO - [2022-02-03 23:32:39,498] {dag.py:2935} INFO - Setting next_dagrun for example_short_circuit_operator to 2022-02-02T23:32:39.496910+00:00
[2022-02-03 23:32:39,563] {processor.py:171} INFO - Processing /home/airflow/.local/lib/python3.7/site-packages/airflow/example_dags/example_short_circuit_operator.py took 0.318 seconds
[2022-02-03 23:33:09,869] {processor.py:163} INFO - Started process (PID=360) to work on /home/airflow/.local/lib/python3.7/site-packages/airflow/example_dags/example_short_circuit_operator.py
[2022-02-03 23:33:09,871] {processor.py:642} INFO - Processing file /home/airflow/.local/lib/python3.7/site-packages/airflow/example_dags/example_short_circuit_operator.py for tasks to queue
[2022-02-03 23:33:09,873] {logging_mixin.py:109} INFO - [2022-02-03 23:33:09,873] {dagbag.py:500} INFO - Filling up the DagBag from /home/airflow/.local/lib/python3.7/site-packages/airflow/example_dags/example_short_circuit_operator.py
[2022-02-03 23:33:09,917] {processor.py:654} INFO - DAG(s) dict_keys(['example_short_circuit_operator']) retrieved from /home/airflow/.local/lib/python3.7/site-packages/airflow/example_dags/example_short_circuit_operator.py
[2022-02-03 23:33:09,952] {logging_mixin.py:109} INFO - [2022-02-03 23:33:09,952] {dag.py:2396} INFO - Sync 1 DAGs
[2022-02-03 23:33:09,972] {logging_mixin.py:109} INFO - [2022-02-03 23:33:09,972] {dag.py:2935} INFO - Setting next_dagrun for example_short_circuit_operator to 2022-02-02T23:33:09.972273+00:00
[2022-02-03 23:33:10,004] {processor.py:171} INFO - Processing /home/airflow/.local/lib/python3.7/site-packages/airflow/example_dags/example_short_circuit_operator.py took 0.139 seconds
[2022-02-03 23:33:41,220] {processor.py:163} INFO - Started process (PID=412) to work on /home/airflow/.local/lib/python3.7/site-packages/airflow/example_dags/example_short_circuit_operator.py
[2022-02-03 23:33:41,222] {processor.py:642} INFO - Processing file /home/airflow/.local/lib/python3.7/site-packages/airflow/example_dags/example_short_circuit_operator.py for tasks to queue
[2022-02-03 23:33:41,224] {logging_mixin.py:109} INFO - [2022-02-03 23:33:41,224] {dagbag.py:500} INFO - Filling up the DagBag from /home/airflow/.local/lib/python3.7/site-packages/airflow/example_dags/example_short_circuit_operator.py
[2022-02-03 23:33:41,269] {processor.py:654} INFO - DAG(s) dict_keys(['example_short_circuit_operator']) retrieved from /home/airflow/.local/lib/python3.7/site-packages/airflow/example_dags/example_short_circuit_operator.py
[2022-02-03 23:33:41,282] {logging_mixin.py:109} INFO - [2022-02-03 23:33:41,282] {dag.py:2396} INFO - Sync 1 DAGs
[2022-02-03 23:33:41,300] {logging_mixin.py:109} INFO - [2022-02-03 23:33:41,300] {dag.py:2935} INFO - Setting next_dagrun for example_short_circuit_operator to 2022-02-02T23:33:41.300228+00:00
[2022-02-03 23:33:41,312] {processor.py:171} INFO - Processing /home/airflow/.local/lib/python3.7/site-packages/airflow/example_dags/example_short_circuit_operator.py took 0.097 seconds
[2022-02-03 23:34:11,712] {processor.py:163} INFO - Started process (PID=464) to work on /home/airflow/.local/lib/python3.7/site-packages/airflow/example_dags/example_short_circuit_operator.py
[2022-02-03 23:34:11,714] {processor.py:642} INFO - Processing file /home/airflow/.local/lib/python3.7/site-packages/airflow/example_dags/example_short_circuit_operator.py for tasks to queue
[2022-02-03 23:34:11,716] {logging_mixin.py:109} INFO - [2022-02-03 23:34:11,716] {dagbag.py:500} INFO - Filling up the DagBag from /home/airflow/.local/lib/python3.7/site-packages/airflow/example_dags/example_short_circuit_operator.py
[2022-02-03 23:34:11,760] {processor.py:654} INFO - DAG(s) dict_keys(['example_short_circuit_operator']) retrieved from /home/airflow/.local/lib/python3.7/site-packages/airflow/example_dags/example_short_circuit_operator.py
[2022-02-03 23:34:11,775] {logging_mixin.py:109} INFO - [2022-02-03 23:34:11,775] {dag.py:2396} INFO - Sync 1 DAGs
[2022-02-03 23:34:11,798] {logging_mixin.py:109} INFO - [2022-02-03 23:34:11,798] {dag.py:2935} INFO - Setting next_dagrun for example_short_circuit_operator to 2022-02-02T23:34:11.797492+00:00
[2022-02-03 23:34:11,813] {processor.py:171} INFO - Processing /home/airflow/.local/lib/python3.7/site-packages/airflow/example_dags/example_short_circuit_operator.py took 0.105 seconds
[2022-02-03 23:34:42,879] {processor.py:163} INFO - Started process (PID=529) to work on /home/airflow/.local/lib/python3.7/site-packages/airflow/example_dags/example_short_circuit_operator.py
[2022-02-03 23:34:42,881] {processor.py:642} INFO - Processing file /home/airflow/.local/lib/python3.7/site-packages/airflow/example_dags/example_short_circuit_operator.py for tasks to queue
[2022-02-03 23:34:42,883] {logging_mixin.py:109} INFO - [2022-02-03 23:34:42,883] {dagbag.py:500} INFO - Filling up the DagBag from /home/airflow/.local/lib/python3.7/site-packages/airflow/example_dags/example_short_circuit_operator.py
[2022-02-03 23:34:42,918] {processor.py:654} INFO - DAG(s) dict_keys(['example_short_circuit_operator']) retrieved from /home/airflow/.local/lib/python3.7/site-packages/airflow/example_dags/example_short_circuit_operator.py
[2022-02-03 23:34:42,932] {logging_mixin.py:109} INFO - [2022-02-03 23:34:42,932] {dag.py:2396} INFO - Sync 1 DAGs
[2022-02-03 23:34:42,954] {logging_mixin.py:109} INFO - [2022-02-03 23:34:42,954] {dag.py:2935} INFO - Setting next_dagrun for example_short_circuit_operator to 2022-02-02T23:34:42.954174+00:00
[2022-02-03 23:34:42,967] {processor.py:171} INFO - Processing /home/airflow/.local/lib/python3.7/site-packages/airflow/example_dags/example_short_circuit_operator.py took 0.092 seconds
[2022-02-03 23:35:13,758] {processor.py:163} INFO - Started process (PID=583) to work on /home/airflow/.local/lib/python3.7/site-packages/airflow/example_dags/example_short_circuit_operator.py
[2022-02-03 23:35:13,760] {processor.py:642} INFO - Processing file /home/airflow/.local/lib/python3.7/site-packages/airflow/example_dags/example_short_circuit_operator.py for tasks to queue
[2022-02-03 23:35:13,762] {logging_mixin.py:109} INFO - [2022-02-03 23:35:13,761] {dagbag.py:500} INFO - Filling up the DagBag from /home/airflow/.local/lib/python3.7/site-packages/airflow/example_dags/example_short_circuit_operator.py
[2022-02-03 23:35:13,795] {processor.py:654} INFO - DAG(s) dict_keys(['example_short_circuit_operator']) retrieved from /home/airflow/.local/lib/python3.7/site-packages/airflow/example_dags/example_short_circuit_operator.py
[2022-02-03 23:35:13,806] {logging_mixin.py:109} INFO - [2022-02-03 23:35:13,806] {dag.py:2396} INFO - Sync 1 DAGs
[2022-02-03 23:35:13,825] {logging_mixin.py:109} INFO - [2022-02-03 23:35:13,825] {dag.py:2935} INFO - Setting next_dagrun for example_short_circuit_operator to 2022-02-02T23:35:13.825006+00:00
[2022-02-03 23:35:13,836] {processor.py:171} INFO - Processing /home/airflow/.local/lib/python3.7/site-packages/airflow/example_dags/example_short_circuit_operator.py took 0.082 seconds
[2022-02-03 23:35:45,328] {processor.py:163} INFO - Started process (PID=646) to work on /home/airflow/.local/lib/python3.7/site-packages/airflow/example_dags/example_short_circuit_operator.py
[2022-02-03 23:35:45,335] {processor.py:642} INFO - Processing file /home/airflow/.local/lib/python3.7/site-packages/airflow/example_dags/example_short_circuit_operator.py for tasks to queue
[2022-02-03 23:35:45,346] {logging_mixin.py:109} INFO - [2022-02-03 23:35:45,343] {dagbag.py:500} INFO - Filling up the DagBag from /home/airflow/.local/lib/python3.7/site-packages/airflow/example_dags/example_short_circuit_operator.py
[2022-02-03 23:35:45,467] {processor.py:654} INFO - DAG(s) dict_keys(['example_short_circuit_operator']) retrieved from /home/airflow/.local/lib/python3.7/site-packages/airflow/example_dags/example_short_circuit_operator.py
[2022-02-03 23:35:45,566] {logging_mixin.py:109} INFO - [2022-02-03 23:35:45,548] {dag.py:2396} INFO - Sync 1 DAGs
[2022-02-03 23:35:45,623] {logging_mixin.py:109} INFO - [2022-02-03 23:35:45,623] {dag.py:2935} INFO - Setting next_dagrun for example_short_circuit_operator to 2022-02-02T23:35:45.622725+00:00
[2022-02-03 23:35:45,643] {processor.py:171} INFO - Processing /home/airflow/.local/lib/python3.7/site-packages/airflow/example_dags/example_short_circuit_operator.py took 0.320 seconds
[2022-02-03 23:36:16,441] {processor.py:163} INFO - Started process (PID=704) to work on /home/airflow/.local/lib/python3.7/site-packages/airflow/example_dags/example_short_circuit_operator.py
[2022-02-03 23:36:16,443] {processor.py:642} INFO - Processing file /home/airflow/.local/lib/python3.7/site-packages/airflow/example_dags/example_short_circuit_operator.py for tasks to queue
[2022-02-03 23:36:16,452] {logging_mixin.py:109} INFO - [2022-02-03 23:36:16,445] {dagbag.py:500} INFO - Filling up the DagBag from /home/airflow/.local/lib/python3.7/site-packages/airflow/example_dags/example_short_circuit_operator.py
[2022-02-03 23:36:16,513] {processor.py:654} INFO - DAG(s) dict_keys(['example_short_circuit_operator']) retrieved from /home/airflow/.local/lib/python3.7/site-packages/airflow/example_dags/example_short_circuit_operator.py
[2022-02-03 23:36:16,545] {logging_mixin.py:109} INFO - [2022-02-03 23:36:16,545] {dag.py:2396} INFO - Sync 1 DAGs
[2022-02-03 23:36:16,603] {logging_mixin.py:109} INFO - [2022-02-03 23:36:16,603] {dag.py:2935} INFO - Setting next_dagrun for example_short_circuit_operator to 2022-02-02T23:36:16.603438+00:00
[2022-02-03 23:36:16,615] {processor.py:171} INFO - Processing /home/airflow/.local/lib/python3.7/site-packages/airflow/example_dags/example_short_circuit_operator.py took 0.178 seconds
[2022-02-03 23:36:46,769] {processor.py:163} INFO - Started process (PID=755) to work on /home/airflow/.local/lib/python3.7/site-packages/airflow/example_dags/example_short_circuit_operator.py
[2022-02-03 23:36:46,770] {processor.py:642} INFO - Processing file /home/airflow/.local/lib/python3.7/site-packages/airflow/example_dags/example_short_circuit_operator.py for tasks to queue
[2022-02-03 23:36:46,772] {logging_mixin.py:109} INFO - [2022-02-03 23:36:46,772] {dagbag.py:500} INFO - Filling up the DagBag from /home/airflow/.local/lib/python3.7/site-packages/airflow/example_dags/example_short_circuit_operator.py
[2022-02-03 23:36:46,806] {processor.py:654} INFO - DAG(s) dict_keys(['example_short_circuit_operator']) retrieved from /home/airflow/.local/lib/python3.7/site-packages/airflow/example_dags/example_short_circuit_operator.py
[2022-02-03 23:36:46,819] {logging_mixin.py:109} INFO - [2022-02-03 23:36:46,819] {dag.py:2396} INFO - Sync 1 DAGs
[2022-02-03 23:36:46,836] {logging_mixin.py:109} INFO - [2022-02-03 23:36:46,836] {dag.py:2935} INFO - Setting next_dagrun for example_short_circuit_operator to 2022-02-02T23:36:46.836403+00:00
[2022-02-03 23:36:46,851] {processor.py:171} INFO - Processing /home/airflow/.local/lib/python3.7/site-packages/airflow/example_dags/example_short_circuit_operator.py took 0.087 seconds
[2022-02-03 23:37:17,224] {processor.py:163} INFO - Started process (PID=807) to work on /home/airflow/.local/lib/python3.7/site-packages/airflow/example_dags/example_short_circuit_operator.py
[2022-02-03 23:37:17,228] {processor.py:642} INFO - Processing file /home/airflow/.local/lib/python3.7/site-packages/airflow/example_dags/example_short_circuit_operator.py for tasks to queue
[2022-02-03 23:37:17,231] {logging_mixin.py:109} INFO - [2022-02-03 23:37:17,231] {dagbag.py:500} INFO - Filling up the DagBag from /home/airflow/.local/lib/python3.7/site-packages/airflow/example_dags/example_short_circuit_operator.py
[2022-02-03 23:37:17,302] {processor.py:654} INFO - DAG(s) dict_keys(['example_short_circuit_operator']) retrieved from /home/airflow/.local/lib/python3.7/site-packages/airflow/example_dags/example_short_circuit_operator.py
[2022-02-03 23:37:17,339] {logging_mixin.py:109} INFO - [2022-02-03 23:37:17,339] {dag.py:2396} INFO - Sync 1 DAGs
[2022-02-03 23:37:17,370] {logging_mixin.py:109} INFO - [2022-02-03 23:37:17,370] {dag.py:2935} INFO - Setting next_dagrun for example_short_circuit_operator to 2022-02-02T23:37:17.369864+00:00
[2022-02-03 23:37:17,381] {processor.py:171} INFO - Processing /home/airflow/.local/lib/python3.7/site-packages/airflow/example_dags/example_short_circuit_operator.py took 0.166 seconds
[2022-02-03 23:37:47,979] {processor.py:163} INFO - Started process (PID=871) to work on /home/airflow/.local/lib/python3.7/site-packages/airflow/example_dags/example_short_circuit_operator.py
[2022-02-03 23:37:47,981] {processor.py:642} INFO - Processing file /home/airflow/.local/lib/python3.7/site-packages/airflow/example_dags/example_short_circuit_operator.py for tasks to queue
[2022-02-03 23:37:47,983] {logging_mixin.py:109} INFO - [2022-02-03 23:37:47,983] {dagbag.py:500} INFO - Filling up the DagBag from /home/airflow/.local/lib/python3.7/site-packages/airflow/example_dags/example_short_circuit_operator.py
[2022-02-03 23:37:48,020] {processor.py:654} INFO - DAG(s) dict_keys(['example_short_circuit_operator']) retrieved from /home/airflow/.local/lib/python3.7/site-packages/airflow/example_dags/example_short_circuit_operator.py
[2022-02-03 23:37:48,032] {logging_mixin.py:109} INFO - [2022-02-03 23:37:48,032] {dag.py:2396} INFO - Sync 1 DAGs
[2022-02-03 23:37:48,052] {logging_mixin.py:109} INFO - [2022-02-03 23:37:48,052] {dag.py:2935} INFO - Setting next_dagrun for example_short_circuit_operator to 2022-02-02T23:37:48.052387+00:00
[2022-02-03 23:37:48,065] {processor.py:171} INFO - Processing /home/airflow/.local/lib/python3.7/site-packages/airflow/example_dags/example_short_circuit_operator.py took 0.091 seconds
[2022-02-03 23:38:18,654] {processor.py:163} INFO - Started process (PID=924) to work on /home/airflow/.local/lib/python3.7/site-packages/airflow/example_dags/example_short_circuit_operator.py
[2022-02-03 23:38:18,657] {processor.py:642} INFO - Processing file /home/airflow/.local/lib/python3.7/site-packages/airflow/example_dags/example_short_circuit_operator.py for tasks to queue
[2022-02-03 23:38:18,658] {logging_mixin.py:109} INFO - [2022-02-03 23:38:18,658] {dagbag.py:500} INFO - Filling up the DagBag from /home/airflow/.local/lib/python3.7/site-packages/airflow/example_dags/example_short_circuit_operator.py
[2022-02-03 23:38:18,691] {processor.py:654} INFO - DAG(s) dict_keys(['example_short_circuit_operator']) retrieved from /home/airflow/.local/lib/python3.7/site-packages/airflow/example_dags/example_short_circuit_operator.py
[2022-02-03 23:38:18,705] {logging_mixin.py:109} INFO - [2022-02-03 23:38:18,705] {dag.py:2396} INFO - Sync 1 DAGs
[2022-02-03 23:38:18,724] {logging_mixin.py:109} INFO - [2022-02-03 23:38:18,724] {dag.py:2935} INFO - Setting next_dagrun for example_short_circuit_operator to 2022-02-02T23:38:18.724070+00:00
[2022-02-03 23:38:18,738] {processor.py:171} INFO - Processing /home/airflow/.local/lib/python3.7/site-packages/airflow/example_dags/example_short_circuit_operator.py took 0.089 seconds
[2022-02-03 23:38:49,942] {processor.py:163} INFO - Started process (PID=979) to work on /home/airflow/.local/lib/python3.7/site-packages/airflow/example_dags/example_short_circuit_operator.py
[2022-02-03 23:38:49,946] {processor.py:642} INFO - Processing file /home/airflow/.local/lib/python3.7/site-packages/airflow/example_dags/example_short_circuit_operator.py for tasks to queue
[2022-02-03 23:38:49,948] {logging_mixin.py:109} INFO - [2022-02-03 23:38:49,948] {dagbag.py:500} INFO - Filling up the DagBag from /home/airflow/.local/lib/python3.7/site-packages/airflow/example_dags/example_short_circuit_operator.py
[2022-02-03 23:38:50,014] {processor.py:654} INFO - DAG(s) dict_keys(['example_short_circuit_operator']) retrieved from /home/airflow/.local/lib/python3.7/site-packages/airflow/example_dags/example_short_circuit_operator.py
[2022-02-03 23:38:50,036] {logging_mixin.py:109} INFO - [2022-02-03 23:38:50,035] {dag.py:2396} INFO - Sync 1 DAGs
[2022-02-03 23:38:50,083] {logging_mixin.py:109} INFO - [2022-02-03 23:38:50,083] {dag.py:2935} INFO - Setting next_dagrun for example_short_circuit_operator to 2022-02-02T23:38:50.083063+00:00
[2022-02-03 23:38:50,107] {processor.py:171} INFO - Processing /home/airflow/.local/lib/python3.7/site-packages/airflow/example_dags/example_short_circuit_operator.py took 0.173 seconds
[2022-02-03 23:39:20,491] {processor.py:163} INFO - Started process (PID=1044) to work on /home/airflow/.local/lib/python3.7/site-packages/airflow/example_dags/example_short_circuit_operator.py
[2022-02-03 23:39:20,493] {processor.py:642} INFO - Processing file /home/airflow/.local/lib/python3.7/site-packages/airflow/example_dags/example_short_circuit_operator.py for tasks to queue
[2022-02-03 23:39:20,494] {logging_mixin.py:109} INFO - [2022-02-03 23:39:20,494] {dagbag.py:500} INFO - Filling up the DagBag from /home/airflow/.local/lib/python3.7/site-packages/airflow/example_dags/example_short_circuit_operator.py
[2022-02-03 23:39:20,526] {processor.py:654} INFO - DAG(s) dict_keys(['example_short_circuit_operator']) retrieved from /home/airflow/.local/lib/python3.7/site-packages/airflow/example_dags/example_short_circuit_operator.py
[2022-02-03 23:39:20,541] {logging_mixin.py:109} INFO - [2022-02-03 23:39:20,540] {dag.py:2396} INFO - Sync 1 DAGs
[2022-02-03 23:39:20,560] {logging_mixin.py:109} INFO - [2022-02-03 23:39:20,560] {dag.py:2935} INFO - Setting next_dagrun for example_short_circuit_operator to 2022-02-02T23:39:20.560072+00:00
[2022-02-03 23:39:20,572] {processor.py:171} INFO - Processing /home/airflow/.local/lib/python3.7/site-packages/airflow/example_dags/example_short_circuit_operator.py took 0.084 seconds
[2022-02-03 23:39:51,202] {processor.py:163} INFO - Started process (PID=1096) to work on /home/airflow/.local/lib/python3.7/site-packages/airflow/example_dags/example_short_circuit_operator.py
[2022-02-03 23:39:51,204] {processor.py:642} INFO - Processing file /home/airflow/.local/lib/python3.7/site-packages/airflow/example_dags/example_short_circuit_operator.py for tasks to queue
[2022-02-03 23:39:51,205] {logging_mixin.py:109} INFO - [2022-02-03 23:39:51,205] {dagbag.py:500} INFO - Filling up the DagBag from /home/airflow/.local/lib/python3.7/site-packages/airflow/example_dags/example_short_circuit_operator.py
[2022-02-03 23:39:51,244] {processor.py:654} INFO - DAG(s) dict_keys(['example_short_circuit_operator']) retrieved from /home/airflow/.local/lib/python3.7/site-packages/airflow/example_dags/example_short_circuit_operator.py
[2022-02-03 23:39:51,260] {logging_mixin.py:109} INFO - [2022-02-03 23:39:51,260] {dag.py:2396} INFO - Sync 1 DAGs
[2022-02-03 23:39:51,282] {logging_mixin.py:109} INFO - [2022-02-03 23:39:51,282] {dag.py:2935} INFO - Setting next_dagrun for example_short_circuit_operator to 2022-02-02T23:39:51.281979+00:00
[2022-02-03 23:39:51,296] {processor.py:171} INFO - Processing /home/airflow/.local/lib/python3.7/site-packages/airflow/example_dags/example_short_circuit_operator.py took 0.099 seconds
[2022-02-03 23:40:21,582] {processor.py:163} INFO - Started process (PID=1161) to work on /home/airflow/.local/lib/python3.7/site-packages/airflow/example_dags/example_short_circuit_operator.py
[2022-02-03 23:40:21,586] {processor.py:642} INFO - Processing file /home/airflow/.local/lib/python3.7/site-packages/airflow/example_dags/example_short_circuit_operator.py for tasks to queue
[2022-02-03 23:40:21,588] {logging_mixin.py:109} INFO - [2022-02-03 23:40:21,588] {dagbag.py:500} INFO - Filling up the DagBag from /home/airflow/.local/lib/python3.7/site-packages/airflow/example_dags/example_short_circuit_operator.py
[2022-02-03 23:40:21,631] {processor.py:654} INFO - DAG(s) dict_keys(['example_short_circuit_operator']) retrieved from /home/airflow/.local/lib/python3.7/site-packages/airflow/example_dags/example_short_circuit_operator.py
[2022-02-03 23:40:21,649] {logging_mixin.py:109} INFO - [2022-02-03 23:40:21,649] {dag.py:2396} INFO - Sync 1 DAGs
[2022-02-03 23:40:21,675] {logging_mixin.py:109} INFO - [2022-02-03 23:40:21,675] {dag.py:2935} INFO - Setting next_dagrun for example_short_circuit_operator to 2022-02-02T23:40:21.675090+00:00
[2022-02-03 23:40:21,689] {processor.py:171} INFO - Processing /home/airflow/.local/lib/python3.7/site-packages/airflow/example_dags/example_short_circuit_operator.py took 0.113 seconds
