[2022-02-03 23:02:24,603] {processor.py:163} INFO - Started process (PID=158) to work on /home/airflow/.local/lib/python3.7/site-packages/airflow/example_dags/example_xcomargs.py
[2022-02-03 23:02:24,605] {processor.py:642} INFO - Processing file /home/airflow/.local/lib/python3.7/site-packages/airflow/example_dags/example_xcomargs.py for tasks to queue
[2022-02-03 23:02:24,607] {logging_mixin.py:109} INFO - [2022-02-03 23:02:24,606] {dagbag.py:500} INFO - Filling up the DagBag from /home/airflow/.local/lib/python3.7/site-packages/airflow/example_dags/example_xcomargs.py
[2022-02-03 23:02:24,658] {processor.py:654} INFO - DAG(s) dict_keys(['example_xcom_args', 'example_xcom_args_with_operators']) retrieved from /home/airflow/.local/lib/python3.7/site-packages/airflow/example_dags/example_xcomargs.py
[2022-02-03 23:02:26,655] {logging_mixin.py:109} INFO - [2022-02-03 23:02:26,655] {manager.py:496} INFO - Created Permission View: can read on DAG:example_xcom_args
[2022-02-03 23:02:26,668] {logging_mixin.py:109} INFO - [2022-02-03 23:02:26,668] {manager.py:496} INFO - Created Permission View: can edit on DAG:example_xcom_args
[2022-02-03 23:02:26,694] {logging_mixin.py:109} INFO - [2022-02-03 23:02:26,694] {manager.py:496} INFO - Created Permission View: can read on DAG:example_xcom_args_with_operators
[2022-02-03 23:02:26,708] {logging_mixin.py:109} INFO - [2022-02-03 23:02:26,708] {manager.py:496} INFO - Created Permission View: can edit on DAG:example_xcom_args_with_operators
[2022-02-03 23:02:26,710] {logging_mixin.py:109} INFO - [2022-02-03 23:02:26,709] {dag.py:2396} INFO - Sync 2 DAGs
[2022-02-03 23:02:26,719] {logging_mixin.py:109} INFO - [2022-02-03 23:02:26,719] {dag.py:2415} INFO - Creating ORM DAG for example_xcom_args
[2022-02-03 23:02:26,722] {logging_mixin.py:109} INFO - [2022-02-03 23:02:26,721] {dag.py:2415} INFO - Creating ORM DAG for example_xcom_args_with_operators
[2022-02-03 23:02:26,735] {logging_mixin.py:109} INFO - [2022-02-03 23:02:26,734] {dag.py:2935} INFO - Setting next_dagrun for example_xcom_args to None
[2022-02-03 23:02:26,736] {logging_mixin.py:109} INFO - [2022-02-03 23:02:26,736] {dag.py:2935} INFO - Setting next_dagrun for example_xcom_args_with_operators to None
[2022-02-03 23:02:26,755] {processor.py:171} INFO - Processing /home/airflow/.local/lib/python3.7/site-packages/airflow/example_dags/example_xcomargs.py took 2.155 seconds
[2022-02-03 23:02:56,853] {processor.py:163} INFO - Started process (PID=264) to work on /home/airflow/.local/lib/python3.7/site-packages/airflow/example_dags/example_xcomargs.py
[2022-02-03 23:02:56,856] {processor.py:642} INFO - Processing file /home/airflow/.local/lib/python3.7/site-packages/airflow/example_dags/example_xcomargs.py for tasks to queue
[2022-02-03 23:02:56,858] {logging_mixin.py:109} INFO - [2022-02-03 23:02:56,858] {dagbag.py:500} INFO - Filling up the DagBag from /home/airflow/.local/lib/python3.7/site-packages/airflow/example_dags/example_xcomargs.py
[2022-02-03 23:02:56,920] {processor.py:654} INFO - DAG(s) dict_keys(['example_xcom_args', 'example_xcom_args_with_operators']) retrieved from /home/airflow/.local/lib/python3.7/site-packages/airflow/example_dags/example_xcomargs.py
[2022-02-03 23:02:57,192] {logging_mixin.py:109} INFO - [2022-02-03 23:02:57,192] {dag.py:2396} INFO - Sync 2 DAGs
[2022-02-03 23:02:57,207] {logging_mixin.py:109} INFO - [2022-02-03 23:02:57,207] {dag.py:2935} INFO - Setting next_dagrun for example_xcom_args to None
[2022-02-03 23:02:57,208] {logging_mixin.py:109} INFO - [2022-02-03 23:02:57,208] {dag.py:2935} INFO - Setting next_dagrun for example_xcom_args_with_operators to None
[2022-02-03 23:02:57,220] {processor.py:171} INFO - Processing /home/airflow/.local/lib/python3.7/site-packages/airflow/example_dags/example_xcomargs.py took 0.408 seconds
[2022-02-03 23:03:27,332] {processor.py:163} INFO - Started process (PID=318) to work on /home/airflow/.local/lib/python3.7/site-packages/airflow/example_dags/example_xcomargs.py
[2022-02-03 23:03:27,335] {processor.py:642} INFO - Processing file /home/airflow/.local/lib/python3.7/site-packages/airflow/example_dags/example_xcomargs.py for tasks to queue
[2022-02-03 23:03:27,336] {logging_mixin.py:109} INFO - [2022-02-03 23:03:27,336] {dagbag.py:500} INFO - Filling up the DagBag from /home/airflow/.local/lib/python3.7/site-packages/airflow/example_dags/example_xcomargs.py
[2022-02-03 23:03:27,378] {processor.py:654} INFO - DAG(s) dict_keys(['example_xcom_args', 'example_xcom_args_with_operators']) retrieved from /home/airflow/.local/lib/python3.7/site-packages/airflow/example_dags/example_xcomargs.py
[2022-02-03 23:03:27,667] {logging_mixin.py:109} INFO - [2022-02-03 23:03:27,667] {dag.py:2396} INFO - Sync 2 DAGs
[2022-02-03 23:03:27,683] {logging_mixin.py:109} INFO - [2022-02-03 23:03:27,683] {dag.py:2935} INFO - Setting next_dagrun for example_xcom_args to None
[2022-02-03 23:03:27,685] {logging_mixin.py:109} INFO - [2022-02-03 23:03:27,685] {dag.py:2935} INFO - Setting next_dagrun for example_xcom_args_with_operators to None
[2022-02-03 23:03:27,703] {processor.py:171} INFO - Processing /home/airflow/.local/lib/python3.7/site-packages/airflow/example_dags/example_xcomargs.py took 0.374 seconds
[2022-02-03 23:03:57,815] {processor.py:163} INFO - Started process (PID=371) to work on /home/airflow/.local/lib/python3.7/site-packages/airflow/example_dags/example_xcomargs.py
[2022-02-03 23:03:57,818] {processor.py:642} INFO - Processing file /home/airflow/.local/lib/python3.7/site-packages/airflow/example_dags/example_xcomargs.py for tasks to queue
[2022-02-03 23:03:57,820] {logging_mixin.py:109} INFO - [2022-02-03 23:03:57,820] {dagbag.py:500} INFO - Filling up the DagBag from /home/airflow/.local/lib/python3.7/site-packages/airflow/example_dags/example_xcomargs.py
[2022-02-03 23:03:57,862] {processor.py:654} INFO - DAG(s) dict_keys(['example_xcom_args', 'example_xcom_args_with_operators']) retrieved from /home/airflow/.local/lib/python3.7/site-packages/airflow/example_dags/example_xcomargs.py
[2022-02-03 23:03:58,154] {logging_mixin.py:109} INFO - [2022-02-03 23:03:58,154] {dag.py:2396} INFO - Sync 2 DAGs
[2022-02-03 23:03:58,169] {logging_mixin.py:109} INFO - [2022-02-03 23:03:58,169] {dag.py:2935} INFO - Setting next_dagrun for example_xcom_args to None
[2022-02-03 23:03:58,170] {logging_mixin.py:109} INFO - [2022-02-03 23:03:58,170] {dag.py:2935} INFO - Setting next_dagrun for example_xcom_args_with_operators to None
[2022-02-03 23:03:58,182] {processor.py:171} INFO - Processing /home/airflow/.local/lib/python3.7/site-packages/airflow/example_dags/example_xcomargs.py took 0.373 seconds
[2022-02-03 23:04:28,259] {processor.py:163} INFO - Started process (PID=440) to work on /home/airflow/.local/lib/python3.7/site-packages/airflow/example_dags/example_xcomargs.py
[2022-02-03 23:04:28,262] {processor.py:642} INFO - Processing file /home/airflow/.local/lib/python3.7/site-packages/airflow/example_dags/example_xcomargs.py for tasks to queue
[2022-02-03 23:04:28,264] {logging_mixin.py:109} INFO - [2022-02-03 23:04:28,264] {dagbag.py:500} INFO - Filling up the DagBag from /home/airflow/.local/lib/python3.7/site-packages/airflow/example_dags/example_xcomargs.py
[2022-02-03 23:04:28,315] {processor.py:654} INFO - DAG(s) dict_keys(['example_xcom_args', 'example_xcom_args_with_operators']) retrieved from /home/airflow/.local/lib/python3.7/site-packages/airflow/example_dags/example_xcomargs.py
[2022-02-03 23:04:28,671] {logging_mixin.py:109} INFO - [2022-02-03 23:04:28,671] {dag.py:2396} INFO - Sync 2 DAGs
[2022-02-03 23:04:28,686] {logging_mixin.py:109} INFO - [2022-02-03 23:04:28,686] {dag.py:2935} INFO - Setting next_dagrun for example_xcom_args to None
[2022-02-03 23:04:28,687] {logging_mixin.py:109} INFO - [2022-02-03 23:04:28,687] {dag.py:2935} INFO - Setting next_dagrun for example_xcom_args_with_operators to None
[2022-02-03 23:04:28,715] {processor.py:171} INFO - Processing /home/airflow/.local/lib/python3.7/site-packages/airflow/example_dags/example_xcomargs.py took 0.464 seconds
[2022-02-03 23:04:58,960] {processor.py:163} INFO - Started process (PID=493) to work on /home/airflow/.local/lib/python3.7/site-packages/airflow/example_dags/example_xcomargs.py
[2022-02-03 23:04:58,963] {processor.py:642} INFO - Processing file /home/airflow/.local/lib/python3.7/site-packages/airflow/example_dags/example_xcomargs.py for tasks to queue
[2022-02-03 23:04:58,964] {logging_mixin.py:109} INFO - [2022-02-03 23:04:58,964] {dagbag.py:500} INFO - Filling up the DagBag from /home/airflow/.local/lib/python3.7/site-packages/airflow/example_dags/example_xcomargs.py
[2022-02-03 23:04:59,006] {processor.py:654} INFO - DAG(s) dict_keys(['example_xcom_args', 'example_xcom_args_with_operators']) retrieved from /home/airflow/.local/lib/python3.7/site-packages/airflow/example_dags/example_xcomargs.py
[2022-02-03 23:04:59,284] {logging_mixin.py:109} INFO - [2022-02-03 23:04:59,284] {dag.py:2396} INFO - Sync 2 DAGs
[2022-02-03 23:04:59,301] {logging_mixin.py:109} INFO - [2022-02-03 23:04:59,301] {dag.py:2935} INFO - Setting next_dagrun for example_xcom_args to None
[2022-02-03 23:04:59,303] {logging_mixin.py:109} INFO - [2022-02-03 23:04:59,302] {dag.py:2935} INFO - Setting next_dagrun for example_xcom_args_with_operators to None
[2022-02-03 23:04:59,317] {processor.py:171} INFO - Processing /home/airflow/.local/lib/python3.7/site-packages/airflow/example_dags/example_xcomargs.py took 0.361 seconds
[2022-02-03 23:05:29,426] {processor.py:163} INFO - Started process (PID=546) to work on /home/airflow/.local/lib/python3.7/site-packages/airflow/example_dags/example_xcomargs.py
[2022-02-03 23:05:29,429] {processor.py:642} INFO - Processing file /home/airflow/.local/lib/python3.7/site-packages/airflow/example_dags/example_xcomargs.py for tasks to queue
[2022-02-03 23:05:29,430] {logging_mixin.py:109} INFO - [2022-02-03 23:05:29,430] {dagbag.py:500} INFO - Filling up the DagBag from /home/airflow/.local/lib/python3.7/site-packages/airflow/example_dags/example_xcomargs.py
[2022-02-03 23:05:29,471] {processor.py:654} INFO - DAG(s) dict_keys(['example_xcom_args', 'example_xcom_args_with_operators']) retrieved from /home/airflow/.local/lib/python3.7/site-packages/airflow/example_dags/example_xcomargs.py
[2022-02-03 23:05:29,769] {logging_mixin.py:109} INFO - [2022-02-03 23:05:29,768] {dag.py:2396} INFO - Sync 2 DAGs
[2022-02-03 23:05:29,787] {logging_mixin.py:109} INFO - [2022-02-03 23:05:29,787] {dag.py:2935} INFO - Setting next_dagrun for example_xcom_args to None
[2022-02-03 23:05:29,788] {logging_mixin.py:109} INFO - [2022-02-03 23:05:29,788] {dag.py:2935} INFO - Setting next_dagrun for example_xcom_args_with_operators to None
[2022-02-03 23:05:29,800] {processor.py:171} INFO - Processing /home/airflow/.local/lib/python3.7/site-packages/airflow/example_dags/example_xcomargs.py took 0.377 seconds
[2022-02-03 23:05:59,865] {processor.py:163} INFO - Started process (PID=615) to work on /home/airflow/.local/lib/python3.7/site-packages/airflow/example_dags/example_xcomargs.py
[2022-02-03 23:05:59,867] {processor.py:642} INFO - Processing file /home/airflow/.local/lib/python3.7/site-packages/airflow/example_dags/example_xcomargs.py for tasks to queue
[2022-02-03 23:05:59,869] {logging_mixin.py:109} INFO - [2022-02-03 23:05:59,869] {dagbag.py:500} INFO - Filling up the DagBag from /home/airflow/.local/lib/python3.7/site-packages/airflow/example_dags/example_xcomargs.py
[2022-02-03 23:05:59,909] {processor.py:654} INFO - DAG(s) dict_keys(['example_xcom_args', 'example_xcom_args_with_operators']) retrieved from /home/airflow/.local/lib/python3.7/site-packages/airflow/example_dags/example_xcomargs.py
[2022-02-03 23:06:00,269] {logging_mixin.py:109} INFO - [2022-02-03 23:06:00,269] {dag.py:2396} INFO - Sync 2 DAGs
[2022-02-03 23:06:00,285] {logging_mixin.py:109} INFO - [2022-02-03 23:06:00,285] {dag.py:2935} INFO - Setting next_dagrun for example_xcom_args to None
[2022-02-03 23:06:00,286] {logging_mixin.py:109} INFO - [2022-02-03 23:06:00,286] {dag.py:2935} INFO - Setting next_dagrun for example_xcom_args_with_operators to None
[2022-02-03 23:06:00,312] {processor.py:171} INFO - Processing /home/airflow/.local/lib/python3.7/site-packages/airflow/example_dags/example_xcomargs.py took 0.451 seconds
[2022-02-03 23:06:30,851] {processor.py:163} INFO - Started process (PID=670) to work on /home/airflow/.local/lib/python3.7/site-packages/airflow/example_dags/example_xcomargs.py
[2022-02-03 23:06:30,853] {processor.py:642} INFO - Processing file /home/airflow/.local/lib/python3.7/site-packages/airflow/example_dags/example_xcomargs.py for tasks to queue
[2022-02-03 23:06:30,856] {logging_mixin.py:109} INFO - [2022-02-03 23:06:30,855] {dagbag.py:500} INFO - Filling up the DagBag from /home/airflow/.local/lib/python3.7/site-packages/airflow/example_dags/example_xcomargs.py
[2022-02-03 23:06:30,900] {processor.py:654} INFO - DAG(s) dict_keys(['example_xcom_args', 'example_xcom_args_with_operators']) retrieved from /home/airflow/.local/lib/python3.7/site-packages/airflow/example_dags/example_xcomargs.py
[2022-02-03 23:06:31,241] {logging_mixin.py:109} INFO - [2022-02-03 23:06:31,241] {dag.py:2396} INFO - Sync 2 DAGs
[2022-02-03 23:06:31,258] {logging_mixin.py:109} INFO - [2022-02-03 23:06:31,258] {dag.py:2935} INFO - Setting next_dagrun for example_xcom_args to None
[2022-02-03 23:06:31,259] {logging_mixin.py:109} INFO - [2022-02-03 23:06:31,259] {dag.py:2935} INFO - Setting next_dagrun for example_xcom_args_with_operators to None
[2022-02-03 23:06:31,273] {processor.py:171} INFO - Processing /home/airflow/.local/lib/python3.7/site-packages/airflow/example_dags/example_xcomargs.py took 0.426 seconds
[2022-02-03 23:07:01,527] {processor.py:163} INFO - Started process (PID=724) to work on /home/airflow/.local/lib/python3.7/site-packages/airflow/example_dags/example_xcomargs.py
[2022-02-03 23:07:01,533] {processor.py:642} INFO - Processing file /home/airflow/.local/lib/python3.7/site-packages/airflow/example_dags/example_xcomargs.py for tasks to queue
[2022-02-03 23:07:01,536] {logging_mixin.py:109} INFO - [2022-02-03 23:07:01,536] {dagbag.py:500} INFO - Filling up the DagBag from /home/airflow/.local/lib/python3.7/site-packages/airflow/example_dags/example_xcomargs.py
[2022-02-03 23:07:01,586] {processor.py:654} INFO - DAG(s) dict_keys(['example_xcom_args', 'example_xcom_args_with_operators']) retrieved from /home/airflow/.local/lib/python3.7/site-packages/airflow/example_dags/example_xcomargs.py
[2022-02-03 23:07:01,946] {logging_mixin.py:109} INFO - [2022-02-03 23:07:01,946] {dag.py:2396} INFO - Sync 2 DAGs
[2022-02-03 23:07:01,964] {logging_mixin.py:109} INFO - [2022-02-03 23:07:01,964] {dag.py:2935} INFO - Setting next_dagrun for example_xcom_args to None
[2022-02-03 23:07:01,968] {logging_mixin.py:109} INFO - [2022-02-03 23:07:01,968] {dag.py:2935} INFO - Setting next_dagrun for example_xcom_args_with_operators to None
[2022-02-03 23:07:01,984] {processor.py:171} INFO - Processing /home/airflow/.local/lib/python3.7/site-packages/airflow/example_dags/example_xcomargs.py took 0.463 seconds
[2022-02-03 23:07:32,494] {processor.py:163} INFO - Started process (PID=785) to work on /home/airflow/.local/lib/python3.7/site-packages/airflow/example_dags/example_xcomargs.py
[2022-02-03 23:07:32,497] {processor.py:642} INFO - Processing file /home/airflow/.local/lib/python3.7/site-packages/airflow/example_dags/example_xcomargs.py for tasks to queue
[2022-02-03 23:07:32,502] {logging_mixin.py:109} INFO - [2022-02-03 23:07:32,502] {dagbag.py:500} INFO - Filling up the DagBag from /home/airflow/.local/lib/python3.7/site-packages/airflow/example_dags/example_xcomargs.py
[2022-02-03 23:07:32,543] {processor.py:654} INFO - DAG(s) dict_keys(['example_xcom_args', 'example_xcom_args_with_operators']) retrieved from /home/airflow/.local/lib/python3.7/site-packages/airflow/example_dags/example_xcomargs.py
[2022-02-03 23:07:32,943] {logging_mixin.py:109} INFO - [2022-02-03 23:07:32,943] {dag.py:2396} INFO - Sync 2 DAGs
[2022-02-03 23:07:32,972] {logging_mixin.py:109} INFO - [2022-02-03 23:07:32,971] {dag.py:2935} INFO - Setting next_dagrun for example_xcom_args to None
[2022-02-03 23:07:32,974] {logging_mixin.py:109} INFO - [2022-02-03 23:07:32,974] {dag.py:2935} INFO - Setting next_dagrun for example_xcom_args_with_operators to None
[2022-02-03 23:07:33,000] {processor.py:171} INFO - Processing /home/airflow/.local/lib/python3.7/site-packages/airflow/example_dags/example_xcomargs.py took 0.509 seconds
[2022-02-03 23:08:03,119] {processor.py:163} INFO - Started process (PID=841) to work on /home/airflow/.local/lib/python3.7/site-packages/airflow/example_dags/example_xcomargs.py
[2022-02-03 23:08:03,123] {processor.py:642} INFO - Processing file /home/airflow/.local/lib/python3.7/site-packages/airflow/example_dags/example_xcomargs.py for tasks to queue
[2022-02-03 23:08:03,126] {logging_mixin.py:109} INFO - [2022-02-03 23:08:03,125] {dagbag.py:500} INFO - Filling up the DagBag from /home/airflow/.local/lib/python3.7/site-packages/airflow/example_dags/example_xcomargs.py
[2022-02-03 23:08:03,169] {processor.py:654} INFO - DAG(s) dict_keys(['example_xcom_args', 'example_xcom_args_with_operators']) retrieved from /home/airflow/.local/lib/python3.7/site-packages/airflow/example_dags/example_xcomargs.py
[2022-02-03 23:08:03,501] {logging_mixin.py:109} INFO - [2022-02-03 23:08:03,501] {dag.py:2396} INFO - Sync 2 DAGs
[2022-02-03 23:08:03,521] {logging_mixin.py:109} INFO - [2022-02-03 23:08:03,521] {dag.py:2935} INFO - Setting next_dagrun for example_xcom_args to None
[2022-02-03 23:08:03,522] {logging_mixin.py:109} INFO - [2022-02-03 23:08:03,522] {dag.py:2935} INFO - Setting next_dagrun for example_xcom_args_with_operators to None
[2022-02-03 23:08:03,540] {processor.py:171} INFO - Processing /home/airflow/.local/lib/python3.7/site-packages/airflow/example_dags/example_xcomargs.py took 0.426 seconds
[2022-02-03 23:08:34,264] {processor.py:163} INFO - Started process (PID=897) to work on /home/airflow/.local/lib/python3.7/site-packages/airflow/example_dags/example_xcomargs.py
[2022-02-03 23:08:34,267] {processor.py:642} INFO - Processing file /home/airflow/.local/lib/python3.7/site-packages/airflow/example_dags/example_xcomargs.py for tasks to queue
[2022-02-03 23:08:34,269] {logging_mixin.py:109} INFO - [2022-02-03 23:08:34,269] {dagbag.py:500} INFO - Filling up the DagBag from /home/airflow/.local/lib/python3.7/site-packages/airflow/example_dags/example_xcomargs.py
[2022-02-03 23:08:34,328] {processor.py:654} INFO - DAG(s) dict_keys(['example_xcom_args', 'example_xcom_args_with_operators']) retrieved from /home/airflow/.local/lib/python3.7/site-packages/airflow/example_dags/example_xcomargs.py
[2022-02-03 23:08:34,724] {logging_mixin.py:109} INFO - [2022-02-03 23:08:34,723] {dag.py:2396} INFO - Sync 2 DAGs
[2022-02-03 23:08:34,743] {logging_mixin.py:109} INFO - [2022-02-03 23:08:34,743] {dag.py:2935} INFO - Setting next_dagrun for example_xcom_args to None
[2022-02-03 23:08:34,744] {logging_mixin.py:109} INFO - [2022-02-03 23:08:34,744] {dag.py:2935} INFO - Setting next_dagrun for example_xcom_args_with_operators to None
[2022-02-03 23:08:34,761] {processor.py:171} INFO - Processing /home/airflow/.local/lib/python3.7/site-packages/airflow/example_dags/example_xcomargs.py took 0.503 seconds
[2022-02-03 23:09:04,856] {processor.py:163} INFO - Started process (PID=967) to work on /home/airflow/.local/lib/python3.7/site-packages/airflow/example_dags/example_xcomargs.py
[2022-02-03 23:09:04,858] {processor.py:642} INFO - Processing file /home/airflow/.local/lib/python3.7/site-packages/airflow/example_dags/example_xcomargs.py for tasks to queue
[2022-02-03 23:09:04,860] {logging_mixin.py:109} INFO - [2022-02-03 23:09:04,860] {dagbag.py:500} INFO - Filling up the DagBag from /home/airflow/.local/lib/python3.7/site-packages/airflow/example_dags/example_xcomargs.py
[2022-02-03 23:09:04,908] {processor.py:654} INFO - DAG(s) dict_keys(['example_xcom_args', 'example_xcom_args_with_operators']) retrieved from /home/airflow/.local/lib/python3.7/site-packages/airflow/example_dags/example_xcomargs.py
[2022-02-03 23:09:05,202] {logging_mixin.py:109} INFO - [2022-02-03 23:09:05,202] {dag.py:2396} INFO - Sync 2 DAGs
[2022-02-03 23:09:05,227] {logging_mixin.py:109} INFO - [2022-02-03 23:09:05,227] {dag.py:2935} INFO - Setting next_dagrun for example_xcom_args to None
[2022-02-03 23:09:05,230] {logging_mixin.py:109} INFO - [2022-02-03 23:09:05,229] {dag.py:2935} INFO - Setting next_dagrun for example_xcom_args_with_operators to None
[2022-02-03 23:09:05,245] {processor.py:171} INFO - Processing /home/airflow/.local/lib/python3.7/site-packages/airflow/example_dags/example_xcomargs.py took 0.392 seconds
[2022-02-03 23:09:35,419] {processor.py:163} INFO - Started process (PID=1024) to work on /home/airflow/.local/lib/python3.7/site-packages/airflow/example_dags/example_xcomargs.py
[2022-02-03 23:09:35,421] {processor.py:642} INFO - Processing file /home/airflow/.local/lib/python3.7/site-packages/airflow/example_dags/example_xcomargs.py for tasks to queue
[2022-02-03 23:09:35,422] {logging_mixin.py:109} INFO - [2022-02-03 23:09:35,422] {dagbag.py:500} INFO - Filling up the DagBag from /home/airflow/.local/lib/python3.7/site-packages/airflow/example_dags/example_xcomargs.py
[2022-02-03 23:09:35,461] {processor.py:654} INFO - DAG(s) dict_keys(['example_xcom_args', 'example_xcom_args_with_operators']) retrieved from /home/airflow/.local/lib/python3.7/site-packages/airflow/example_dags/example_xcomargs.py
[2022-02-03 23:09:35,740] {logging_mixin.py:109} INFO - [2022-02-03 23:09:35,739] {dag.py:2396} INFO - Sync 2 DAGs
[2022-02-03 23:09:35,755] {logging_mixin.py:109} INFO - [2022-02-03 23:09:35,755] {dag.py:2935} INFO - Setting next_dagrun for example_xcom_args to None
[2022-02-03 23:09:35,756] {logging_mixin.py:109} INFO - [2022-02-03 23:09:35,756] {dag.py:2935} INFO - Setting next_dagrun for example_xcom_args_with_operators to None
[2022-02-03 23:09:35,769] {processor.py:171} INFO - Processing /home/airflow/.local/lib/python3.7/site-packages/airflow/example_dags/example_xcomargs.py took 0.354 seconds
[2022-02-03 23:10:05,969] {processor.py:163} INFO - Started process (PID=1091) to work on /home/airflow/.local/lib/python3.7/site-packages/airflow/example_dags/example_xcomargs.py
[2022-02-03 23:10:05,972] {processor.py:642} INFO - Processing file /home/airflow/.local/lib/python3.7/site-packages/airflow/example_dags/example_xcomargs.py for tasks to queue
[2022-02-03 23:10:05,974] {logging_mixin.py:109} INFO - [2022-02-03 23:10:05,973] {dagbag.py:500} INFO - Filling up the DagBag from /home/airflow/.local/lib/python3.7/site-packages/airflow/example_dags/example_xcomargs.py
[2022-02-03 23:10:06,047] {processor.py:654} INFO - DAG(s) dict_keys(['example_xcom_args', 'example_xcom_args_with_operators']) retrieved from /home/airflow/.local/lib/python3.7/site-packages/airflow/example_dags/example_xcomargs.py
[2022-02-03 23:10:06,472] {logging_mixin.py:109} INFO - [2022-02-03 23:10:06,471] {dag.py:2396} INFO - Sync 2 DAGs
[2022-02-03 23:10:06,487] {logging_mixin.py:109} INFO - [2022-02-03 23:10:06,487] {dag.py:2935} INFO - Setting next_dagrun for example_xcom_args to None
[2022-02-03 23:10:06,488] {logging_mixin.py:109} INFO - [2022-02-03 23:10:06,488] {dag.py:2935} INFO - Setting next_dagrun for example_xcom_args_with_operators to None
[2022-02-03 23:10:06,504] {processor.py:171} INFO - Processing /home/airflow/.local/lib/python3.7/site-packages/airflow/example_dags/example_xcomargs.py took 0.540 seconds
[2022-02-03 23:10:36,589] {processor.py:163} INFO - Started process (PID=1149) to work on /home/airflow/.local/lib/python3.7/site-packages/airflow/example_dags/example_xcomargs.py
[2022-02-03 23:10:36,592] {processor.py:642} INFO - Processing file /home/airflow/.local/lib/python3.7/site-packages/airflow/example_dags/example_xcomargs.py for tasks to queue
[2022-02-03 23:10:36,593] {logging_mixin.py:109} INFO - [2022-02-03 23:10:36,593] {dagbag.py:500} INFO - Filling up the DagBag from /home/airflow/.local/lib/python3.7/site-packages/airflow/example_dags/example_xcomargs.py
[2022-02-03 23:10:36,641] {processor.py:654} INFO - DAG(s) dict_keys(['example_xcom_args', 'example_xcom_args_with_operators']) retrieved from /home/airflow/.local/lib/python3.7/site-packages/airflow/example_dags/example_xcomargs.py
[2022-02-03 23:10:36,937] {logging_mixin.py:109} INFO - [2022-02-03 23:10:36,937] {dag.py:2396} INFO - Sync 2 DAGs
[2022-02-03 23:10:36,951] {logging_mixin.py:109} INFO - [2022-02-03 23:10:36,951] {dag.py:2935} INFO - Setting next_dagrun for example_xcom_args to None
[2022-02-03 23:10:36,953] {logging_mixin.py:109} INFO - [2022-02-03 23:10:36,953] {dag.py:2935} INFO - Setting next_dagrun for example_xcom_args_with_operators to None
[2022-02-03 23:10:36,964] {processor.py:171} INFO - Processing /home/airflow/.local/lib/python3.7/site-packages/airflow/example_dags/example_xcomargs.py took 0.379 seconds
[2022-02-03 23:11:07,664] {processor.py:163} INFO - Started process (PID=1203) to work on /home/airflow/.local/lib/python3.7/site-packages/airflow/example_dags/example_xcomargs.py
[2022-02-03 23:11:07,666] {processor.py:642} INFO - Processing file /home/airflow/.local/lib/python3.7/site-packages/airflow/example_dags/example_xcomargs.py for tasks to queue
[2022-02-03 23:11:07,668] {logging_mixin.py:109} INFO - [2022-02-03 23:11:07,668] {dagbag.py:500} INFO - Filling up the DagBag from /home/airflow/.local/lib/python3.7/site-packages/airflow/example_dags/example_xcomargs.py
[2022-02-03 23:11:07,715] {processor.py:654} INFO - DAG(s) dict_keys(['example_xcom_args', 'example_xcom_args_with_operators']) retrieved from /home/airflow/.local/lib/python3.7/site-packages/airflow/example_dags/example_xcomargs.py
[2022-02-03 23:11:08,036] {logging_mixin.py:109} INFO - [2022-02-03 23:11:08,036] {dag.py:2396} INFO - Sync 2 DAGs
[2022-02-03 23:11:08,051] {logging_mixin.py:109} INFO - [2022-02-03 23:11:08,051] {dag.py:2935} INFO - Setting next_dagrun for example_xcom_args to None
[2022-02-03 23:11:08,052] {logging_mixin.py:109} INFO - [2022-02-03 23:11:08,052] {dag.py:2935} INFO - Setting next_dagrun for example_xcom_args_with_operators to None
[2022-02-03 23:11:08,063] {processor.py:171} INFO - Processing /home/airflow/.local/lib/python3.7/site-packages/airflow/example_dags/example_xcomargs.py took 0.403 seconds
[2022-02-03 23:11:38,352] {processor.py:163} INFO - Started process (PID=1270) to work on /home/airflow/.local/lib/python3.7/site-packages/airflow/example_dags/example_xcomargs.py
[2022-02-03 23:11:38,354] {processor.py:642} INFO - Processing file /home/airflow/.local/lib/python3.7/site-packages/airflow/example_dags/example_xcomargs.py for tasks to queue
[2022-02-03 23:11:38,355] {logging_mixin.py:109} INFO - [2022-02-03 23:11:38,355] {dagbag.py:500} INFO - Filling up the DagBag from /home/airflow/.local/lib/python3.7/site-packages/airflow/example_dags/example_xcomargs.py
[2022-02-03 23:11:38,396] {processor.py:654} INFO - DAG(s) dict_keys(['example_xcom_args', 'example_xcom_args_with_operators']) retrieved from /home/airflow/.local/lib/python3.7/site-packages/airflow/example_dags/example_xcomargs.py
[2022-02-03 23:11:38,765] {logging_mixin.py:109} INFO - [2022-02-03 23:11:38,765] {dag.py:2396} INFO - Sync 2 DAGs
[2022-02-03 23:11:38,778] {logging_mixin.py:109} INFO - [2022-02-03 23:11:38,778] {dag.py:2935} INFO - Setting next_dagrun for example_xcom_args to None
[2022-02-03 23:11:38,779] {logging_mixin.py:109} INFO - [2022-02-03 23:11:38,779] {dag.py:2935} INFO - Setting next_dagrun for example_xcom_args_with_operators to None
[2022-02-03 23:11:38,790] {processor.py:171} INFO - Processing /home/airflow/.local/lib/python3.7/site-packages/airflow/example_dags/example_xcomargs.py took 0.442 seconds
[2022-02-03 23:12:09,591] {processor.py:163} INFO - Started process (PID=1325) to work on /home/airflow/.local/lib/python3.7/site-packages/airflow/example_dags/example_xcomargs.py
[2022-02-03 23:12:09,595] {processor.py:642} INFO - Processing file /home/airflow/.local/lib/python3.7/site-packages/airflow/example_dags/example_xcomargs.py for tasks to queue
[2022-02-03 23:12:09,598] {logging_mixin.py:109} INFO - [2022-02-03 23:12:09,597] {dagbag.py:500} INFO - Filling up the DagBag from /home/airflow/.local/lib/python3.7/site-packages/airflow/example_dags/example_xcomargs.py
[2022-02-03 23:12:09,681] {processor.py:654} INFO - DAG(s) dict_keys(['example_xcom_args', 'example_xcom_args_with_operators']) retrieved from /home/airflow/.local/lib/python3.7/site-packages/airflow/example_dags/example_xcomargs.py
[2022-02-03 23:12:10,034] {logging_mixin.py:109} INFO - [2022-02-03 23:12:10,033] {dag.py:2396} INFO - Sync 2 DAGs
[2022-02-03 23:12:10,049] {logging_mixin.py:109} INFO - [2022-02-03 23:12:10,048] {dag.py:2935} INFO - Setting next_dagrun for example_xcom_args to None
[2022-02-03 23:12:10,050] {logging_mixin.py:109} INFO - [2022-02-03 23:12:10,050] {dag.py:2935} INFO - Setting next_dagrun for example_xcom_args_with_operators to None
[2022-02-03 23:12:10,061] {processor.py:171} INFO - Processing /home/airflow/.local/lib/python3.7/site-packages/airflow/example_dags/example_xcomargs.py took 0.480 seconds
[2022-02-03 23:12:40,130] {processor.py:163} INFO - Started process (PID=1379) to work on /home/airflow/.local/lib/python3.7/site-packages/airflow/example_dags/example_xcomargs.py
[2022-02-03 23:12:40,133] {processor.py:642} INFO - Processing file /home/airflow/.local/lib/python3.7/site-packages/airflow/example_dags/example_xcomargs.py for tasks to queue
[2022-02-03 23:12:40,135] {logging_mixin.py:109} INFO - [2022-02-03 23:12:40,135] {dagbag.py:500} INFO - Filling up the DagBag from /home/airflow/.local/lib/python3.7/site-packages/airflow/example_dags/example_xcomargs.py
[2022-02-03 23:12:40,179] {processor.py:654} INFO - DAG(s) dict_keys(['example_xcom_args', 'example_xcom_args_with_operators']) retrieved from /home/airflow/.local/lib/python3.7/site-packages/airflow/example_dags/example_xcomargs.py
[2022-02-03 23:12:40,466] {logging_mixin.py:109} INFO - [2022-02-03 23:12:40,466] {dag.py:2396} INFO - Sync 2 DAGs
[2022-02-03 23:12:40,479] {logging_mixin.py:109} INFO - [2022-02-03 23:12:40,479] {dag.py:2935} INFO - Setting next_dagrun for example_xcom_args to None
[2022-02-03 23:12:40,481] {logging_mixin.py:109} INFO - [2022-02-03 23:12:40,480] {dag.py:2935} INFO - Setting next_dagrun for example_xcom_args_with_operators to None
[2022-02-03 23:12:40,492] {processor.py:171} INFO - Processing /home/airflow/.local/lib/python3.7/site-packages/airflow/example_dags/example_xcomargs.py took 0.370 seconds
[2022-02-03 23:13:11,394] {processor.py:163} INFO - Started process (PID=1444) to work on /home/airflow/.local/lib/python3.7/site-packages/airflow/example_dags/example_xcomargs.py
[2022-02-03 23:13:11,401] {processor.py:642} INFO - Processing file /home/airflow/.local/lib/python3.7/site-packages/airflow/example_dags/example_xcomargs.py for tasks to queue
[2022-02-03 23:13:11,404] {logging_mixin.py:109} INFO - [2022-02-03 23:13:11,403] {dagbag.py:500} INFO - Filling up the DagBag from /home/airflow/.local/lib/python3.7/site-packages/airflow/example_dags/example_xcomargs.py
[2022-02-03 23:13:11,456] {processor.py:654} INFO - DAG(s) dict_keys(['example_xcom_args', 'example_xcom_args_with_operators']) retrieved from /home/airflow/.local/lib/python3.7/site-packages/airflow/example_dags/example_xcomargs.py
[2022-02-03 23:13:11,778] {logging_mixin.py:109} INFO - [2022-02-03 23:13:11,778] {dag.py:2396} INFO - Sync 2 DAGs
[2022-02-03 23:13:11,792] {logging_mixin.py:109} INFO - [2022-02-03 23:13:11,792] {dag.py:2935} INFO - Setting next_dagrun for example_xcom_args to None
[2022-02-03 23:13:11,794] {logging_mixin.py:109} INFO - [2022-02-03 23:13:11,794] {dag.py:2935} INFO - Setting next_dagrun for example_xcom_args_with_operators to None
[2022-02-03 23:13:11,808] {processor.py:171} INFO - Processing /home/airflow/.local/lib/python3.7/site-packages/airflow/example_dags/example_xcomargs.py took 0.422 seconds
[2022-02-03 23:13:43,213] {processor.py:163} INFO - Started process (PID=1495) to work on /home/airflow/.local/lib/python3.7/site-packages/airflow/example_dags/example_xcomargs.py
[2022-02-03 23:13:43,216] {processor.py:642} INFO - Processing file /home/airflow/.local/lib/python3.7/site-packages/airflow/example_dags/example_xcomargs.py for tasks to queue
[2022-02-03 23:13:43,223] {logging_mixin.py:109} INFO - [2022-02-03 23:13:43,223] {dagbag.py:500} INFO - Filling up the DagBag from /home/airflow/.local/lib/python3.7/site-packages/airflow/example_dags/example_xcomargs.py
[2022-02-03 23:13:43,332] {processor.py:654} INFO - DAG(s) dict_keys(['example_xcom_args', 'example_xcom_args_with_operators']) retrieved from /home/airflow/.local/lib/python3.7/site-packages/airflow/example_dags/example_xcomargs.py
[2022-02-03 23:13:43,912] {logging_mixin.py:109} INFO - [2022-02-03 23:13:43,912] {dag.py:2396} INFO - Sync 2 DAGs
[2022-02-03 23:13:43,935] {logging_mixin.py:109} INFO - [2022-02-03 23:13:43,935] {dag.py:2935} INFO - Setting next_dagrun for example_xcom_args to None
[2022-02-03 23:13:43,945] {logging_mixin.py:109} INFO - [2022-02-03 23:13:43,945] {dag.py:2935} INFO - Setting next_dagrun for example_xcom_args_with_operators to None
[2022-02-03 23:13:43,971] {processor.py:171} INFO - Processing /home/airflow/.local/lib/python3.7/site-packages/airflow/example_dags/example_xcomargs.py took 0.763 seconds
[2022-02-03 23:15:07,803] {processor.py:163} INFO - Started process (PID=60) to work on /home/airflow/.local/lib/python3.7/site-packages/airflow/example_dags/example_xcomargs.py
[2022-02-03 23:15:07,807] {processor.py:642} INFO - Processing file /home/airflow/.local/lib/python3.7/site-packages/airflow/example_dags/example_xcomargs.py for tasks to queue
[2022-02-03 23:15:07,810] {logging_mixin.py:109} INFO - [2022-02-03 23:15:07,810] {dagbag.py:500} INFO - Filling up the DagBag from /home/airflow/.local/lib/python3.7/site-packages/airflow/example_dags/example_xcomargs.py
[2022-02-03 23:15:07,877] {processor.py:654} INFO - DAG(s) dict_keys(['example_xcom_args', 'example_xcom_args_with_operators']) retrieved from /home/airflow/.local/lib/python3.7/site-packages/airflow/example_dags/example_xcomargs.py
[2022-02-03 23:15:08,237] {logging_mixin.py:109} INFO - [2022-02-03 23:15:08,237] {dag.py:2396} INFO - Sync 2 DAGs
[2022-02-03 23:15:08,258] {logging_mixin.py:109} INFO - [2022-02-03 23:15:08,258] {dag.py:2935} INFO - Setting next_dagrun for example_xcom_args to None
[2022-02-03 23:15:08,260] {logging_mixin.py:109} INFO - [2022-02-03 23:15:08,259] {dag.py:2935} INFO - Setting next_dagrun for example_xcom_args_with_operators to None
[2022-02-03 23:15:08,272] {processor.py:171} INFO - Processing /home/airflow/.local/lib/python3.7/site-packages/airflow/example_dags/example_xcomargs.py took 0.478 seconds
[2022-02-03 23:30:33,403] {processor.py:163} INFO - Started process (PID=60) to work on /home/airflow/.local/lib/python3.7/site-packages/airflow/example_dags/example_xcomargs.py
[2022-02-03 23:30:33,405] {processor.py:642} INFO - Processing file /home/airflow/.local/lib/python3.7/site-packages/airflow/example_dags/example_xcomargs.py for tasks to queue
[2022-02-03 23:30:33,407] {logging_mixin.py:109} INFO - [2022-02-03 23:30:33,407] {dagbag.py:500} INFO - Filling up the DagBag from /home/airflow/.local/lib/python3.7/site-packages/airflow/example_dags/example_xcomargs.py
[2022-02-03 23:30:33,485] {processor.py:654} INFO - DAG(s) dict_keys(['example_xcom_args', 'example_xcom_args_with_operators']) retrieved from /home/airflow/.local/lib/python3.7/site-packages/airflow/example_dags/example_xcomargs.py
[2022-02-03 23:30:33,925] {logging_mixin.py:109} INFO - [2022-02-03 23:30:33,925] {dag.py:2396} INFO - Sync 2 DAGs
[2022-02-03 23:30:33,957] {logging_mixin.py:109} INFO - [2022-02-03 23:30:33,957] {dag.py:2935} INFO - Setting next_dagrun for example_xcom_args to None
[2022-02-03 23:30:33,958] {logging_mixin.py:109} INFO - [2022-02-03 23:30:33,958] {dag.py:2935} INFO - Setting next_dagrun for example_xcom_args_with_operators to None
[2022-02-03 23:30:33,973] {processor.py:171} INFO - Processing /home/airflow/.local/lib/python3.7/site-packages/airflow/example_dags/example_xcomargs.py took 0.574 seconds
[2022-02-03 23:31:04,444] {processor.py:163} INFO - Started process (PID=112) to work on /home/airflow/.local/lib/python3.7/site-packages/airflow/example_dags/example_xcomargs.py
[2022-02-03 23:31:04,447] {processor.py:642} INFO - Processing file /home/airflow/.local/lib/python3.7/site-packages/airflow/example_dags/example_xcomargs.py for tasks to queue
[2022-02-03 23:31:04,449] {logging_mixin.py:109} INFO - [2022-02-03 23:31:04,449] {dagbag.py:500} INFO - Filling up the DagBag from /home/airflow/.local/lib/python3.7/site-packages/airflow/example_dags/example_xcomargs.py
[2022-02-03 23:31:04,501] {processor.py:654} INFO - DAG(s) dict_keys(['example_xcom_args', 'example_xcom_args_with_operators']) retrieved from /home/airflow/.local/lib/python3.7/site-packages/airflow/example_dags/example_xcomargs.py
[2022-02-03 23:31:04,824] {logging_mixin.py:109} INFO - [2022-02-03 23:31:04,824] {dag.py:2396} INFO - Sync 2 DAGs
[2022-02-03 23:31:04,848] {logging_mixin.py:109} INFO - [2022-02-03 23:31:04,848] {dag.py:2935} INFO - Setting next_dagrun for example_xcom_args to None
[2022-02-03 23:31:04,851] {logging_mixin.py:109} INFO - [2022-02-03 23:31:04,850] {dag.py:2935} INFO - Setting next_dagrun for example_xcom_args_with_operators to None
[2022-02-03 23:31:04,869] {processor.py:171} INFO - Processing /home/airflow/.local/lib/python3.7/site-packages/airflow/example_dags/example_xcomargs.py took 0.430 seconds
[2022-02-03 23:31:35,171] {processor.py:163} INFO - Started process (PID=179) to work on /home/airflow/.local/lib/python3.7/site-packages/airflow/example_dags/example_xcomargs.py
[2022-02-03 23:31:35,184] {processor.py:642} INFO - Processing file /home/airflow/.local/lib/python3.7/site-packages/airflow/example_dags/example_xcomargs.py for tasks to queue
[2022-02-03 23:31:35,186] {logging_mixin.py:109} INFO - [2022-02-03 23:31:35,186] {dagbag.py:500} INFO - Filling up the DagBag from /home/airflow/.local/lib/python3.7/site-packages/airflow/example_dags/example_xcomargs.py
[2022-02-03 23:31:35,321] {processor.py:654} INFO - DAG(s) dict_keys(['example_xcom_args', 'example_xcom_args_with_operators']) retrieved from /home/airflow/.local/lib/python3.7/site-packages/airflow/example_dags/example_xcomargs.py
[2022-02-03 23:31:36,305] {logging_mixin.py:109} INFO - [2022-02-03 23:31:36,305] {dag.py:2396} INFO - Sync 2 DAGs
[2022-02-03 23:31:36,323] {logging_mixin.py:109} INFO - [2022-02-03 23:31:36,322] {dag.py:2935} INFO - Setting next_dagrun for example_xcom_args to None
[2022-02-03 23:31:36,324] {logging_mixin.py:109} INFO - [2022-02-03 23:31:36,324] {dag.py:2935} INFO - Setting next_dagrun for example_xcom_args_with_operators to None
[2022-02-03 23:31:36,337] {processor.py:171} INFO - Processing /home/airflow/.local/lib/python3.7/site-packages/airflow/example_dags/example_xcomargs.py took 1.173 seconds
[2022-02-03 23:32:06,586] {processor.py:163} INFO - Started process (PID=232) to work on /home/airflow/.local/lib/python3.7/site-packages/airflow/example_dags/example_xcomargs.py
[2022-02-03 23:32:06,590] {processor.py:642} INFO - Processing file /home/airflow/.local/lib/python3.7/site-packages/airflow/example_dags/example_xcomargs.py for tasks to queue
[2022-02-03 23:32:06,592] {logging_mixin.py:109} INFO - [2022-02-03 23:32:06,592] {dagbag.py:500} INFO - Filling up the DagBag from /home/airflow/.local/lib/python3.7/site-packages/airflow/example_dags/example_xcomargs.py
[2022-02-03 23:32:06,647] {processor.py:654} INFO - DAG(s) dict_keys(['example_xcom_args', 'example_xcom_args_with_operators']) retrieved from /home/airflow/.local/lib/python3.7/site-packages/airflow/example_dags/example_xcomargs.py
[2022-02-03 23:32:07,046] {logging_mixin.py:109} INFO - [2022-02-03 23:32:07,046] {dag.py:2396} INFO - Sync 2 DAGs
[2022-02-03 23:32:07,063] {logging_mixin.py:109} INFO - [2022-02-03 23:32:07,063] {dag.py:2935} INFO - Setting next_dagrun for example_xcom_args to None
[2022-02-03 23:32:07,064] {logging_mixin.py:109} INFO - [2022-02-03 23:32:07,064] {dag.py:2935} INFO - Setting next_dagrun for example_xcom_args_with_operators to None
[2022-02-03 23:32:07,080] {processor.py:171} INFO - Processing /home/airflow/.local/lib/python3.7/site-packages/airflow/example_dags/example_xcomargs.py took 0.499 seconds
[2022-02-03 23:32:37,606] {processor.py:163} INFO - Started process (PID=285) to work on /home/airflow/.local/lib/python3.7/site-packages/airflow/example_dags/example_xcomargs.py
[2022-02-03 23:32:37,609] {processor.py:642} INFO - Processing file /home/airflow/.local/lib/python3.7/site-packages/airflow/example_dags/example_xcomargs.py for tasks to queue
[2022-02-03 23:32:37,610] {logging_mixin.py:109} INFO - [2022-02-03 23:32:37,610] {dagbag.py:500} INFO - Filling up the DagBag from /home/airflow/.local/lib/python3.7/site-packages/airflow/example_dags/example_xcomargs.py
[2022-02-03 23:32:37,652] {processor.py:654} INFO - DAG(s) dict_keys(['example_xcom_args', 'example_xcom_args_with_operators']) retrieved from /home/airflow/.local/lib/python3.7/site-packages/airflow/example_dags/example_xcomargs.py
[2022-02-03 23:32:37,980] {logging_mixin.py:109} INFO - [2022-02-03 23:32:37,979] {dag.py:2396} INFO - Sync 2 DAGs
[2022-02-03 23:32:37,998] {logging_mixin.py:109} INFO - [2022-02-03 23:32:37,998] {dag.py:2935} INFO - Setting next_dagrun for example_xcom_args to None
[2022-02-03 23:32:37,999] {logging_mixin.py:109} INFO - [2022-02-03 23:32:37,999] {dag.py:2935} INFO - Setting next_dagrun for example_xcom_args_with_operators to None
[2022-02-03 23:32:38,020] {processor.py:171} INFO - Processing /home/airflow/.local/lib/python3.7/site-packages/airflow/example_dags/example_xcomargs.py took 0.416 seconds
[2022-02-03 23:33:08,249] {processor.py:163} INFO - Started process (PID=350) to work on /home/airflow/.local/lib/python3.7/site-packages/airflow/example_dags/example_xcomargs.py
[2022-02-03 23:33:08,253] {processor.py:642} INFO - Processing file /home/airflow/.local/lib/python3.7/site-packages/airflow/example_dags/example_xcomargs.py for tasks to queue
[2022-02-03 23:33:08,255] {logging_mixin.py:109} INFO - [2022-02-03 23:33:08,255] {dagbag.py:500} INFO - Filling up the DagBag from /home/airflow/.local/lib/python3.7/site-packages/airflow/example_dags/example_xcomargs.py
[2022-02-03 23:33:08,304] {processor.py:654} INFO - DAG(s) dict_keys(['example_xcom_args', 'example_xcom_args_with_operators']) retrieved from /home/airflow/.local/lib/python3.7/site-packages/airflow/example_dags/example_xcomargs.py
[2022-02-03 23:33:08,666] {logging_mixin.py:109} INFO - [2022-02-03 23:33:08,666] {dag.py:2396} INFO - Sync 2 DAGs
[2022-02-03 23:33:08,694] {logging_mixin.py:109} INFO - [2022-02-03 23:33:08,693] {dag.py:2935} INFO - Setting next_dagrun for example_xcom_args to None
[2022-02-03 23:33:08,696] {logging_mixin.py:109} INFO - [2022-02-03 23:33:08,695] {dag.py:2935} INFO - Setting next_dagrun for example_xcom_args_with_operators to None
[2022-02-03 23:33:08,709] {processor.py:171} INFO - Processing /home/airflow/.local/lib/python3.7/site-packages/airflow/example_dags/example_xcomargs.py took 0.464 seconds
[2022-02-03 23:33:39,701] {processor.py:163} INFO - Started process (PID=403) to work on /home/airflow/.local/lib/python3.7/site-packages/airflow/example_dags/example_xcomargs.py
[2022-02-03 23:33:39,705] {processor.py:642} INFO - Processing file /home/airflow/.local/lib/python3.7/site-packages/airflow/example_dags/example_xcomargs.py for tasks to queue
[2022-02-03 23:33:39,707] {logging_mixin.py:109} INFO - [2022-02-03 23:33:39,707] {dagbag.py:500} INFO - Filling up the DagBag from /home/airflow/.local/lib/python3.7/site-packages/airflow/example_dags/example_xcomargs.py
[2022-02-03 23:33:39,798] {processor.py:654} INFO - DAG(s) dict_keys(['example_xcom_args', 'example_xcom_args_with_operators']) retrieved from /home/airflow/.local/lib/python3.7/site-packages/airflow/example_dags/example_xcomargs.py
[2022-02-03 23:33:40,178] {logging_mixin.py:109} INFO - [2022-02-03 23:33:40,178] {dag.py:2396} INFO - Sync 2 DAGs
[2022-02-03 23:33:40,197] {logging_mixin.py:109} INFO - [2022-02-03 23:33:40,196] {dag.py:2935} INFO - Setting next_dagrun for example_xcom_args to None
[2022-02-03 23:33:40,199] {logging_mixin.py:109} INFO - [2022-02-03 23:33:40,199] {dag.py:2935} INFO - Setting next_dagrun for example_xcom_args_with_operators to None
[2022-02-03 23:33:40,221] {processor.py:171} INFO - Processing /home/airflow/.local/lib/python3.7/site-packages/airflow/example_dags/example_xcomargs.py took 0.525 seconds
[2022-02-03 23:34:10,387] {processor.py:163} INFO - Started process (PID=455) to work on /home/airflow/.local/lib/python3.7/site-packages/airflow/example_dags/example_xcomargs.py
[2022-02-03 23:34:10,389] {processor.py:642} INFO - Processing file /home/airflow/.local/lib/python3.7/site-packages/airflow/example_dags/example_xcomargs.py for tasks to queue
[2022-02-03 23:34:10,390] {logging_mixin.py:109} INFO - [2022-02-03 23:34:10,390] {dagbag.py:500} INFO - Filling up the DagBag from /home/airflow/.local/lib/python3.7/site-packages/airflow/example_dags/example_xcomargs.py
[2022-02-03 23:34:10,436] {processor.py:654} INFO - DAG(s) dict_keys(['example_xcom_args', 'example_xcom_args_with_operators']) retrieved from /home/airflow/.local/lib/python3.7/site-packages/airflow/example_dags/example_xcomargs.py
[2022-02-03 23:34:10,869] {logging_mixin.py:109} INFO - [2022-02-03 23:34:10,869] {dag.py:2396} INFO - Sync 2 DAGs
[2022-02-03 23:34:10,888] {logging_mixin.py:109} INFO - [2022-02-03 23:34:10,888] {dag.py:2935} INFO - Setting next_dagrun for example_xcom_args to None
[2022-02-03 23:34:10,890] {logging_mixin.py:109} INFO - [2022-02-03 23:34:10,890] {dag.py:2935} INFO - Setting next_dagrun for example_xcom_args_with_operators to None
[2022-02-03 23:34:10,910] {processor.py:171} INFO - Processing /home/airflow/.local/lib/python3.7/site-packages/airflow/example_dags/example_xcomargs.py took 0.526 seconds
[2022-02-03 23:34:41,773] {processor.py:163} INFO - Started process (PID=520) to work on /home/airflow/.local/lib/python3.7/site-packages/airflow/example_dags/example_xcomargs.py
[2022-02-03 23:34:41,776] {processor.py:642} INFO - Processing file /home/airflow/.local/lib/python3.7/site-packages/airflow/example_dags/example_xcomargs.py for tasks to queue
[2022-02-03 23:34:41,778] {logging_mixin.py:109} INFO - [2022-02-03 23:34:41,778] {dagbag.py:500} INFO - Filling up the DagBag from /home/airflow/.local/lib/python3.7/site-packages/airflow/example_dags/example_xcomargs.py
[2022-02-03 23:34:41,848] {processor.py:654} INFO - DAG(s) dict_keys(['example_xcom_args', 'example_xcom_args_with_operators']) retrieved from /home/airflow/.local/lib/python3.7/site-packages/airflow/example_dags/example_xcomargs.py
[2022-02-03 23:34:42,195] {logging_mixin.py:109} INFO - [2022-02-03 23:34:42,194] {dag.py:2396} INFO - Sync 2 DAGs
[2022-02-03 23:34:42,213] {logging_mixin.py:109} INFO - [2022-02-03 23:34:42,213] {dag.py:2935} INFO - Setting next_dagrun for example_xcom_args to None
[2022-02-03 23:34:42,214] {logging_mixin.py:109} INFO - [2022-02-03 23:34:42,214] {dag.py:2935} INFO - Setting next_dagrun for example_xcom_args_with_operators to None
[2022-02-03 23:34:42,226] {processor.py:171} INFO - Processing /home/airflow/.local/lib/python3.7/site-packages/airflow/example_dags/example_xcomargs.py took 0.461 seconds
[2022-02-03 23:35:12,469] {processor.py:163} INFO - Started process (PID=574) to work on /home/airflow/.local/lib/python3.7/site-packages/airflow/example_dags/example_xcomargs.py
[2022-02-03 23:35:12,472] {processor.py:642} INFO - Processing file /home/airflow/.local/lib/python3.7/site-packages/airflow/example_dags/example_xcomargs.py for tasks to queue
[2022-02-03 23:35:12,474] {logging_mixin.py:109} INFO - [2022-02-03 23:35:12,474] {dagbag.py:500} INFO - Filling up the DagBag from /home/airflow/.local/lib/python3.7/site-packages/airflow/example_dags/example_xcomargs.py
[2022-02-03 23:35:12,557] {processor.py:654} INFO - DAG(s) dict_keys(['example_xcom_args', 'example_xcom_args_with_operators']) retrieved from /home/airflow/.local/lib/python3.7/site-packages/airflow/example_dags/example_xcomargs.py
[2022-02-03 23:35:12,921] {logging_mixin.py:109} INFO - [2022-02-03 23:35:12,921] {dag.py:2396} INFO - Sync 2 DAGs
[2022-02-03 23:35:12,938] {logging_mixin.py:109} INFO - [2022-02-03 23:35:12,938] {dag.py:2935} INFO - Setting next_dagrun for example_xcom_args to None
[2022-02-03 23:35:12,940] {logging_mixin.py:109} INFO - [2022-02-03 23:35:12,939] {dag.py:2935} INFO - Setting next_dagrun for example_xcom_args_with_operators to None
[2022-02-03 23:35:12,955] {processor.py:171} INFO - Processing /home/airflow/.local/lib/python3.7/site-packages/airflow/example_dags/example_xcomargs.py took 0.493 seconds
[2022-02-03 23:35:43,390] {processor.py:163} INFO - Started process (PID=626) to work on /home/airflow/.local/lib/python3.7/site-packages/airflow/example_dags/example_xcomargs.py
[2022-02-03 23:35:43,396] {processor.py:642} INFO - Processing file /home/airflow/.local/lib/python3.7/site-packages/airflow/example_dags/example_xcomargs.py for tasks to queue
[2022-02-03 23:35:43,399] {logging_mixin.py:109} INFO - [2022-02-03 23:35:43,399] {dagbag.py:500} INFO - Filling up the DagBag from /home/airflow/.local/lib/python3.7/site-packages/airflow/example_dags/example_xcomargs.py
[2022-02-03 23:35:43,464] {processor.py:654} INFO - DAG(s) dict_keys(['example_xcom_args', 'example_xcom_args_with_operators']) retrieved from /home/airflow/.local/lib/python3.7/site-packages/airflow/example_dags/example_xcomargs.py
[2022-02-03 23:35:43,803] {logging_mixin.py:109} INFO - [2022-02-03 23:35:43,803] {dag.py:2396} INFO - Sync 2 DAGs
[2022-02-03 23:35:43,846] {logging_mixin.py:109} INFO - [2022-02-03 23:35:43,845] {dag.py:2935} INFO - Setting next_dagrun for example_xcom_args to None
[2022-02-03 23:35:43,849] {logging_mixin.py:109} INFO - [2022-02-03 23:35:43,849] {dag.py:2935} INFO - Setting next_dagrun for example_xcom_args_with_operators to None
[2022-02-03 23:35:43,887] {processor.py:171} INFO - Processing /home/airflow/.local/lib/python3.7/site-packages/airflow/example_dags/example_xcomargs.py took 0.503 seconds
[2022-02-03 23:36:14,309] {processor.py:163} INFO - Started process (PID=695) to work on /home/airflow/.local/lib/python3.7/site-packages/airflow/example_dags/example_xcomargs.py
[2022-02-03 23:36:14,312] {processor.py:642} INFO - Processing file /home/airflow/.local/lib/python3.7/site-packages/airflow/example_dags/example_xcomargs.py for tasks to queue
[2022-02-03 23:36:14,314] {logging_mixin.py:109} INFO - [2022-02-03 23:36:14,314] {dagbag.py:500} INFO - Filling up the DagBag from /home/airflow/.local/lib/python3.7/site-packages/airflow/example_dags/example_xcomargs.py
[2022-02-03 23:36:14,359] {processor.py:654} INFO - DAG(s) dict_keys(['example_xcom_args', 'example_xcom_args_with_operators']) retrieved from /home/airflow/.local/lib/python3.7/site-packages/airflow/example_dags/example_xcomargs.py
[2022-02-03 23:36:14,678] {logging_mixin.py:109} INFO - [2022-02-03 23:36:14,678] {dag.py:2396} INFO - Sync 2 DAGs
[2022-02-03 23:36:14,697] {logging_mixin.py:109} INFO - [2022-02-03 23:36:14,697] {dag.py:2935} INFO - Setting next_dagrun for example_xcom_args to None
[2022-02-03 23:36:14,699] {logging_mixin.py:109} INFO - [2022-02-03 23:36:14,699] {dag.py:2935} INFO - Setting next_dagrun for example_xcom_args_with_operators to None
[2022-02-03 23:36:14,715] {processor.py:171} INFO - Processing /home/airflow/.local/lib/python3.7/site-packages/airflow/example_dags/example_xcomargs.py took 0.410 seconds
[2022-02-03 23:36:44,872] {processor.py:163} INFO - Started process (PID=746) to work on /home/airflow/.local/lib/python3.7/site-packages/airflow/example_dags/example_xcomargs.py
[2022-02-03 23:36:44,874] {processor.py:642} INFO - Processing file /home/airflow/.local/lib/python3.7/site-packages/airflow/example_dags/example_xcomargs.py for tasks to queue
[2022-02-03 23:36:44,876] {logging_mixin.py:109} INFO - [2022-02-03 23:36:44,876] {dagbag.py:500} INFO - Filling up the DagBag from /home/airflow/.local/lib/python3.7/site-packages/airflow/example_dags/example_xcomargs.py
[2022-02-03 23:36:44,922] {processor.py:654} INFO - DAG(s) dict_keys(['example_xcom_args', 'example_xcom_args_with_operators']) retrieved from /home/airflow/.local/lib/python3.7/site-packages/airflow/example_dags/example_xcomargs.py
[2022-02-03 23:36:45,215] {logging_mixin.py:109} INFO - [2022-02-03 23:36:45,215] {dag.py:2396} INFO - Sync 2 DAGs
[2022-02-03 23:36:45,230] {logging_mixin.py:109} INFO - [2022-02-03 23:36:45,230] {dag.py:2935} INFO - Setting next_dagrun for example_xcom_args to None
[2022-02-03 23:36:45,231] {logging_mixin.py:109} INFO - [2022-02-03 23:36:45,231] {dag.py:2935} INFO - Setting next_dagrun for example_xcom_args_with_operators to None
[2022-02-03 23:36:45,246] {processor.py:171} INFO - Processing /home/airflow/.local/lib/python3.7/site-packages/airflow/example_dags/example_xcomargs.py took 0.378 seconds
[2022-02-03 23:37:15,414] {processor.py:163} INFO - Started process (PID=799) to work on /home/airflow/.local/lib/python3.7/site-packages/airflow/example_dags/example_xcomargs.py
[2022-02-03 23:37:15,416] {processor.py:642} INFO - Processing file /home/airflow/.local/lib/python3.7/site-packages/airflow/example_dags/example_xcomargs.py for tasks to queue
[2022-02-03 23:37:15,417] {logging_mixin.py:109} INFO - [2022-02-03 23:37:15,417] {dagbag.py:500} INFO - Filling up the DagBag from /home/airflow/.local/lib/python3.7/site-packages/airflow/example_dags/example_xcomargs.py
[2022-02-03 23:37:15,457] {processor.py:654} INFO - DAG(s) dict_keys(['example_xcom_args', 'example_xcom_args_with_operators']) retrieved from /home/airflow/.local/lib/python3.7/site-packages/airflow/example_dags/example_xcomargs.py
[2022-02-03 23:37:15,758] {logging_mixin.py:109} INFO - [2022-02-03 23:37:15,758] {dag.py:2396} INFO - Sync 2 DAGs
[2022-02-03 23:37:15,776] {logging_mixin.py:109} INFO - [2022-02-03 23:37:15,776] {dag.py:2935} INFO - Setting next_dagrun for example_xcom_args to None
[2022-02-03 23:37:15,778] {logging_mixin.py:109} INFO - [2022-02-03 23:37:15,778] {dag.py:2935} INFO - Setting next_dagrun for example_xcom_args_with_operators to None
[2022-02-03 23:37:15,797] {processor.py:171} INFO - Processing /home/airflow/.local/lib/python3.7/site-packages/airflow/example_dags/example_xcomargs.py took 0.387 seconds
[2022-02-03 23:37:46,012] {processor.py:163} INFO - Started process (PID=863) to work on /home/airflow/.local/lib/python3.7/site-packages/airflow/example_dags/example_xcomargs.py
[2022-02-03 23:37:46,015] {processor.py:642} INFO - Processing file /home/airflow/.local/lib/python3.7/site-packages/airflow/example_dags/example_xcomargs.py for tasks to queue
[2022-02-03 23:37:46,016] {logging_mixin.py:109} INFO - [2022-02-03 23:37:46,016] {dagbag.py:500} INFO - Filling up the DagBag from /home/airflow/.local/lib/python3.7/site-packages/airflow/example_dags/example_xcomargs.py
[2022-02-03 23:37:46,111] {processor.py:654} INFO - DAG(s) dict_keys(['example_xcom_args', 'example_xcom_args_with_operators']) retrieved from /home/airflow/.local/lib/python3.7/site-packages/airflow/example_dags/example_xcomargs.py
[2022-02-03 23:37:46,471] {logging_mixin.py:109} INFO - [2022-02-03 23:37:46,471] {dag.py:2396} INFO - Sync 2 DAGs
[2022-02-03 23:37:46,488] {logging_mixin.py:109} INFO - [2022-02-03 23:37:46,488] {dag.py:2935} INFO - Setting next_dagrun for example_xcom_args to None
[2022-02-03 23:37:46,490] {logging_mixin.py:109} INFO - [2022-02-03 23:37:46,490] {dag.py:2935} INFO - Setting next_dagrun for example_xcom_args_with_operators to None
[2022-02-03 23:37:46,506] {processor.py:171} INFO - Processing /home/airflow/.local/lib/python3.7/site-packages/airflow/example_dags/example_xcomargs.py took 0.498 seconds
[2022-02-03 23:38:16,767] {processor.py:163} INFO - Started process (PID=916) to work on /home/airflow/.local/lib/python3.7/site-packages/airflow/example_dags/example_xcomargs.py
[2022-02-03 23:38:16,769] {processor.py:642} INFO - Processing file /home/airflow/.local/lib/python3.7/site-packages/airflow/example_dags/example_xcomargs.py for tasks to queue
[2022-02-03 23:38:16,771] {logging_mixin.py:109} INFO - [2022-02-03 23:38:16,771] {dagbag.py:500} INFO - Filling up the DagBag from /home/airflow/.local/lib/python3.7/site-packages/airflow/example_dags/example_xcomargs.py
[2022-02-03 23:38:16,832] {processor.py:654} INFO - DAG(s) dict_keys(['example_xcom_args', 'example_xcom_args_with_operators']) retrieved from /home/airflow/.local/lib/python3.7/site-packages/airflow/example_dags/example_xcomargs.py
[2022-02-03 23:38:17,180] {logging_mixin.py:109} INFO - [2022-02-03 23:38:17,180] {dag.py:2396} INFO - Sync 2 DAGs
[2022-02-03 23:38:17,201] {logging_mixin.py:109} INFO - [2022-02-03 23:38:17,201] {dag.py:2935} INFO - Setting next_dagrun for example_xcom_args to None
[2022-02-03 23:38:17,203] {logging_mixin.py:109} INFO - [2022-02-03 23:38:17,203] {dag.py:2935} INFO - Setting next_dagrun for example_xcom_args_with_operators to None
[2022-02-03 23:38:17,217] {processor.py:171} INFO - Processing /home/airflow/.local/lib/python3.7/site-packages/airflow/example_dags/example_xcomargs.py took 0.453 seconds
[2022-02-03 23:38:47,691] {processor.py:163} INFO - Started process (PID=970) to work on /home/airflow/.local/lib/python3.7/site-packages/airflow/example_dags/example_xcomargs.py
[2022-02-03 23:38:47,694] {processor.py:642} INFO - Processing file /home/airflow/.local/lib/python3.7/site-packages/airflow/example_dags/example_xcomargs.py for tasks to queue
[2022-02-03 23:38:47,696] {logging_mixin.py:109} INFO - [2022-02-03 23:38:47,696] {dagbag.py:500} INFO - Filling up the DagBag from /home/airflow/.local/lib/python3.7/site-packages/airflow/example_dags/example_xcomargs.py
[2022-02-03 23:38:47,740] {processor.py:654} INFO - DAG(s) dict_keys(['example_xcom_args', 'example_xcom_args_with_operators']) retrieved from /home/airflow/.local/lib/python3.7/site-packages/airflow/example_dags/example_xcomargs.py
[2022-02-03 23:38:48,135] {logging_mixin.py:109} INFO - [2022-02-03 23:38:48,135] {dag.py:2396} INFO - Sync 2 DAGs
[2022-02-03 23:38:48,157] {logging_mixin.py:109} INFO - [2022-02-03 23:38:48,157] {dag.py:2935} INFO - Setting next_dagrun for example_xcom_args to None
[2022-02-03 23:38:48,159] {logging_mixin.py:109} INFO - [2022-02-03 23:38:48,159] {dag.py:2935} INFO - Setting next_dagrun for example_xcom_args_with_operators to None
[2022-02-03 23:38:48,179] {processor.py:171} INFO - Processing /home/airflow/.local/lib/python3.7/site-packages/airflow/example_dags/example_xcomargs.py took 0.493 seconds
[2022-02-03 23:39:18,360] {processor.py:163} INFO - Started process (PID=1035) to work on /home/airflow/.local/lib/python3.7/site-packages/airflow/example_dags/example_xcomargs.py
[2022-02-03 23:39:18,363] {processor.py:642} INFO - Processing file /home/airflow/.local/lib/python3.7/site-packages/airflow/example_dags/example_xcomargs.py for tasks to queue
[2022-02-03 23:39:18,364] {logging_mixin.py:109} INFO - [2022-02-03 23:39:18,364] {dagbag.py:500} INFO - Filling up the DagBag from /home/airflow/.local/lib/python3.7/site-packages/airflow/example_dags/example_xcomargs.py
[2022-02-03 23:39:18,415] {processor.py:654} INFO - DAG(s) dict_keys(['example_xcom_args', 'example_xcom_args_with_operators']) retrieved from /home/airflow/.local/lib/python3.7/site-packages/airflow/example_dags/example_xcomargs.py
[2022-02-03 23:39:18,759] {logging_mixin.py:109} INFO - [2022-02-03 23:39:18,759] {dag.py:2396} INFO - Sync 2 DAGs
[2022-02-03 23:39:18,802] {logging_mixin.py:109} INFO - [2022-02-03 23:39:18,802] {dag.py:2935} INFO - Setting next_dagrun for example_xcom_args to None
[2022-02-03 23:39:18,804] {logging_mixin.py:109} INFO - [2022-02-03 23:39:18,804] {dag.py:2935} INFO - Setting next_dagrun for example_xcom_args_with_operators to None
[2022-02-03 23:39:18,818] {processor.py:171} INFO - Processing /home/airflow/.local/lib/python3.7/site-packages/airflow/example_dags/example_xcomargs.py took 0.466 seconds
[2022-02-03 23:39:49,378] {processor.py:163} INFO - Started process (PID=1087) to work on /home/airflow/.local/lib/python3.7/site-packages/airflow/example_dags/example_xcomargs.py
[2022-02-03 23:39:49,380] {processor.py:642} INFO - Processing file /home/airflow/.local/lib/python3.7/site-packages/airflow/example_dags/example_xcomargs.py for tasks to queue
[2022-02-03 23:39:49,382] {logging_mixin.py:109} INFO - [2022-02-03 23:39:49,382] {dagbag.py:500} INFO - Filling up the DagBag from /home/airflow/.local/lib/python3.7/site-packages/airflow/example_dags/example_xcomargs.py
[2022-02-03 23:39:49,438] {processor.py:654} INFO - DAG(s) dict_keys(['example_xcom_args', 'example_xcom_args_with_operators']) retrieved from /home/airflow/.local/lib/python3.7/site-packages/airflow/example_dags/example_xcomargs.py
[2022-02-03 23:39:49,745] {logging_mixin.py:109} INFO - [2022-02-03 23:39:49,745] {dag.py:2396} INFO - Sync 2 DAGs
[2022-02-03 23:39:49,762] {logging_mixin.py:109} INFO - [2022-02-03 23:39:49,762] {dag.py:2935} INFO - Setting next_dagrun for example_xcom_args to None
[2022-02-03 23:39:49,763] {logging_mixin.py:109} INFO - [2022-02-03 23:39:49,763] {dag.py:2935} INFO - Setting next_dagrun for example_xcom_args_with_operators to None
[2022-02-03 23:39:49,776] {processor.py:171} INFO - Processing /home/airflow/.local/lib/python3.7/site-packages/airflow/example_dags/example_xcomargs.py took 0.405 seconds
[2022-02-03 23:40:19,866] {processor.py:163} INFO - Started process (PID=1144) to work on /home/airflow/.local/lib/python3.7/site-packages/airflow/example_dags/example_xcomargs.py
[2022-02-03 23:40:19,868] {processor.py:642} INFO - Processing file /home/airflow/.local/lib/python3.7/site-packages/airflow/example_dags/example_xcomargs.py for tasks to queue
[2022-02-03 23:40:19,870] {logging_mixin.py:109} INFO - [2022-02-03 23:40:19,870] {dagbag.py:500} INFO - Filling up the DagBag from /home/airflow/.local/lib/python3.7/site-packages/airflow/example_dags/example_xcomargs.py
[2022-02-03 23:40:19,961] {processor.py:654} INFO - DAG(s) dict_keys(['example_xcom_args', 'example_xcom_args_with_operators']) retrieved from /home/airflow/.local/lib/python3.7/site-packages/airflow/example_dags/example_xcomargs.py
[2022-02-03 23:40:20,370] {logging_mixin.py:109} INFO - [2022-02-03 23:40:20,370] {dag.py:2396} INFO - Sync 2 DAGs
[2022-02-03 23:40:20,386] {logging_mixin.py:109} INFO - [2022-02-03 23:40:20,386] {dag.py:2935} INFO - Setting next_dagrun for example_xcom_args to None
[2022-02-03 23:40:20,388] {logging_mixin.py:109} INFO - [2022-02-03 23:40:20,388] {dag.py:2935} INFO - Setting next_dagrun for example_xcom_args_with_operators to None
[2022-02-03 23:40:20,407] {processor.py:171} INFO - Processing /home/airflow/.local/lib/python3.7/site-packages/airflow/example_dags/example_xcomargs.py took 0.546 seconds
