[2022-02-03 23:02:17,366] {processor.py:163} INFO - Started process (PID=125) to work on /home/airflow/.local/lib/python3.7/site-packages/airflow/example_dags/example_branch_operator.py
[2022-02-03 23:02:17,368] {processor.py:642} INFO - Processing file /home/airflow/.local/lib/python3.7/site-packages/airflow/example_dags/example_branch_operator.py for tasks to queue
[2022-02-03 23:02:17,369] {logging_mixin.py:109} INFO - [2022-02-03 23:02:17,369] {dagbag.py:500} INFO - Filling up the DagBag from /home/airflow/.local/lib/python3.7/site-packages/airflow/example_dags/example_branch_operator.py
[2022-02-03 23:02:17,413] {processor.py:654} INFO - DAG(s) dict_keys(['example_branch_operator']) retrieved from /home/airflow/.local/lib/python3.7/site-packages/airflow/example_dags/example_branch_operator.py
[2022-02-03 23:02:19,275] {logging_mixin.py:109} INFO - [2022-02-03 23:02:19,275] {manager.py:496} INFO - Created Permission View: can read on DAG:example_branch_operator
[2022-02-03 23:02:19,290] {logging_mixin.py:109} INFO - [2022-02-03 23:02:19,290] {manager.py:496} INFO - Created Permission View: can edit on DAG:example_branch_operator
[2022-02-03 23:02:19,291] {logging_mixin.py:109} INFO - [2022-02-03 23:02:19,291] {dag.py:2396} INFO - Sync 1 DAGs
[2022-02-03 23:02:19,311] {logging_mixin.py:109} INFO - [2022-02-03 23:02:19,310] {dag.py:2415} INFO - Creating ORM DAG for example_branch_operator
[2022-02-03 23:02:19,327] {logging_mixin.py:109} INFO - [2022-02-03 23:02:19,327] {dag.py:2935} INFO - Setting next_dagrun for example_branch_operator to 2022-02-02 00:00:00+00:00
[2022-02-03 23:02:19,361] {processor.py:171} INFO - Processing /home/airflow/.local/lib/python3.7/site-packages/airflow/example_dags/example_branch_operator.py took 2.000 seconds
[2022-02-03 23:02:49,979] {processor.py:163} INFO - Started process (PID=249) to work on /home/airflow/.local/lib/python3.7/site-packages/airflow/example_dags/example_branch_operator.py
[2022-02-03 23:02:49,980] {processor.py:642} INFO - Processing file /home/airflow/.local/lib/python3.7/site-packages/airflow/example_dags/example_branch_operator.py for tasks to queue
[2022-02-03 23:02:49,982] {logging_mixin.py:109} INFO - [2022-02-03 23:02:49,982] {dagbag.py:500} INFO - Filling up the DagBag from /home/airflow/.local/lib/python3.7/site-packages/airflow/example_dags/example_branch_operator.py
[2022-02-03 23:02:50,048] {processor.py:654} INFO - DAG(s) dict_keys(['example_branch_operator']) retrieved from /home/airflow/.local/lib/python3.7/site-packages/airflow/example_dags/example_branch_operator.py
[2022-02-03 23:02:50,068] {logging_mixin.py:109} INFO - [2022-02-03 23:02:50,067] {dag.py:2396} INFO - Sync 1 DAGs
[2022-02-03 23:02:50,092] {logging_mixin.py:109} INFO - [2022-02-03 23:02:50,092] {dag.py:2935} INFO - Setting next_dagrun for example_branch_operator to 2022-02-02 00:00:00+00:00
[2022-02-03 23:02:50,104] {processor.py:171} INFO - Processing /home/airflow/.local/lib/python3.7/site-packages/airflow/example_dags/example_branch_operator.py took 0.129 seconds
[2022-02-03 23:03:20,732] {processor.py:163} INFO - Started process (PID=312) to work on /home/airflow/.local/lib/python3.7/site-packages/airflow/example_dags/example_branch_operator.py
[2022-02-03 23:03:20,734] {processor.py:642} INFO - Processing file /home/airflow/.local/lib/python3.7/site-packages/airflow/example_dags/example_branch_operator.py for tasks to queue
[2022-02-03 23:03:20,736] {logging_mixin.py:109} INFO - [2022-02-03 23:03:20,736] {dagbag.py:500} INFO - Filling up the DagBag from /home/airflow/.local/lib/python3.7/site-packages/airflow/example_dags/example_branch_operator.py
[2022-02-03 23:03:20,813] {processor.py:654} INFO - DAG(s) dict_keys(['example_branch_operator']) retrieved from /home/airflow/.local/lib/python3.7/site-packages/airflow/example_dags/example_branch_operator.py
[2022-02-03 23:03:20,843] {logging_mixin.py:109} INFO - [2022-02-03 23:03:20,843] {dag.py:2396} INFO - Sync 1 DAGs
[2022-02-03 23:03:20,898] {logging_mixin.py:109} INFO - [2022-02-03 23:03:20,898] {dag.py:2935} INFO - Setting next_dagrun for example_branch_operator to 2022-02-02 00:00:00+00:00
[2022-02-03 23:03:20,916] {processor.py:171} INFO - Processing /home/airflow/.local/lib/python3.7/site-packages/airflow/example_dags/example_branch_operator.py took 0.192 seconds
[2022-02-03 23:03:51,381] {processor.py:163} INFO - Started process (PID=365) to work on /home/airflow/.local/lib/python3.7/site-packages/airflow/example_dags/example_branch_operator.py
[2022-02-03 23:03:51,383] {processor.py:642} INFO - Processing file /home/airflow/.local/lib/python3.7/site-packages/airflow/example_dags/example_branch_operator.py for tasks to queue
[2022-02-03 23:03:51,385] {logging_mixin.py:109} INFO - [2022-02-03 23:03:51,385] {dagbag.py:500} INFO - Filling up the DagBag from /home/airflow/.local/lib/python3.7/site-packages/airflow/example_dags/example_branch_operator.py
[2022-02-03 23:03:51,422] {processor.py:654} INFO - DAG(s) dict_keys(['example_branch_operator']) retrieved from /home/airflow/.local/lib/python3.7/site-packages/airflow/example_dags/example_branch_operator.py
[2022-02-03 23:03:51,440] {logging_mixin.py:109} INFO - [2022-02-03 23:03:51,440] {dag.py:2396} INFO - Sync 1 DAGs
[2022-02-03 23:03:51,461] {logging_mixin.py:109} INFO - [2022-02-03 23:03:51,461] {dag.py:2935} INFO - Setting next_dagrun for example_branch_operator to 2022-02-02 00:00:00+00:00
[2022-02-03 23:03:51,472] {processor.py:171} INFO - Processing /home/airflow/.local/lib/python3.7/site-packages/airflow/example_dags/example_branch_operator.py took 0.099 seconds
[2022-02-03 23:04:21,606] {processor.py:163} INFO - Started process (PID=422) to work on /home/airflow/.local/lib/python3.7/site-packages/airflow/example_dags/example_branch_operator.py
[2022-02-03 23:04:21,609] {processor.py:642} INFO - Processing file /home/airflow/.local/lib/python3.7/site-packages/airflow/example_dags/example_branch_operator.py for tasks to queue
[2022-02-03 23:04:21,610] {logging_mixin.py:109} INFO - [2022-02-03 23:04:21,610] {dagbag.py:500} INFO - Filling up the DagBag from /home/airflow/.local/lib/python3.7/site-packages/airflow/example_dags/example_branch_operator.py
[2022-02-03 23:04:21,649] {processor.py:654} INFO - DAG(s) dict_keys(['example_branch_operator']) retrieved from /home/airflow/.local/lib/python3.7/site-packages/airflow/example_dags/example_branch_operator.py
[2022-02-03 23:04:21,663] {logging_mixin.py:109} INFO - [2022-02-03 23:04:21,663] {dag.py:2396} INFO - Sync 1 DAGs
[2022-02-03 23:04:21,685] {logging_mixin.py:109} INFO - [2022-02-03 23:04:21,685] {dag.py:2935} INFO - Setting next_dagrun for example_branch_operator to 2022-02-02 00:00:00+00:00
[2022-02-03 23:04:21,695] {processor.py:171} INFO - Processing /home/airflow/.local/lib/python3.7/site-packages/airflow/example_dags/example_branch_operator.py took 0.094 seconds
[2022-02-03 23:04:52,079] {processor.py:163} INFO - Started process (PID=485) to work on /home/airflow/.local/lib/python3.7/site-packages/airflow/example_dags/example_branch_operator.py
[2022-02-03 23:04:52,082] {processor.py:642} INFO - Processing file /home/airflow/.local/lib/python3.7/site-packages/airflow/example_dags/example_branch_operator.py for tasks to queue
[2022-02-03 23:04:52,092] {logging_mixin.py:109} INFO - [2022-02-03 23:04:52,091] {dagbag.py:500} INFO - Filling up the DagBag from /home/airflow/.local/lib/python3.7/site-packages/airflow/example_dags/example_branch_operator.py
[2022-02-03 23:04:52,140] {processor.py:654} INFO - DAG(s) dict_keys(['example_branch_operator']) retrieved from /home/airflow/.local/lib/python3.7/site-packages/airflow/example_dags/example_branch_operator.py
[2022-02-03 23:04:52,155] {logging_mixin.py:109} INFO - [2022-02-03 23:04:52,155] {dag.py:2396} INFO - Sync 1 DAGs
[2022-02-03 23:04:52,178] {logging_mixin.py:109} INFO - [2022-02-03 23:04:52,178] {dag.py:2935} INFO - Setting next_dagrun for example_branch_operator to 2022-02-02 00:00:00+00:00
[2022-02-03 23:04:52,193] {processor.py:171} INFO - Processing /home/airflow/.local/lib/python3.7/site-packages/airflow/example_dags/example_branch_operator.py took 0.118 seconds
[2022-02-03 23:05:23,096] {processor.py:163} INFO - Started process (PID=540) to work on /home/airflow/.local/lib/python3.7/site-packages/airflow/example_dags/example_branch_operator.py
[2022-02-03 23:05:23,099] {processor.py:642} INFO - Processing file /home/airflow/.local/lib/python3.7/site-packages/airflow/example_dags/example_branch_operator.py for tasks to queue
[2022-02-03 23:05:23,101] {logging_mixin.py:109} INFO - [2022-02-03 23:05:23,101] {dagbag.py:500} INFO - Filling up the DagBag from /home/airflow/.local/lib/python3.7/site-packages/airflow/example_dags/example_branch_operator.py
[2022-02-03 23:05:23,161] {processor.py:654} INFO - DAG(s) dict_keys(['example_branch_operator']) retrieved from /home/airflow/.local/lib/python3.7/site-packages/airflow/example_dags/example_branch_operator.py
[2022-02-03 23:05:23,178] {logging_mixin.py:109} INFO - [2022-02-03 23:05:23,177] {dag.py:2396} INFO - Sync 1 DAGs
[2022-02-03 23:05:23,197] {logging_mixin.py:109} INFO - [2022-02-03 23:05:23,197] {dag.py:2935} INFO - Setting next_dagrun for example_branch_operator to 2022-02-02 00:00:00+00:00
[2022-02-03 23:05:23,226] {processor.py:171} INFO - Processing /home/airflow/.local/lib/python3.7/site-packages/airflow/example_dags/example_branch_operator.py took 0.136 seconds
[2022-02-03 23:05:53,819] {processor.py:163} INFO - Started process (PID=599) to work on /home/airflow/.local/lib/python3.7/site-packages/airflow/example_dags/example_branch_operator.py
[2022-02-03 23:05:53,822] {processor.py:642} INFO - Processing file /home/airflow/.local/lib/python3.7/site-packages/airflow/example_dags/example_branch_operator.py for tasks to queue
[2022-02-03 23:05:53,824] {logging_mixin.py:109} INFO - [2022-02-03 23:05:53,824] {dagbag.py:500} INFO - Filling up the DagBag from /home/airflow/.local/lib/python3.7/site-packages/airflow/example_dags/example_branch_operator.py
[2022-02-03 23:05:53,873] {processor.py:654} INFO - DAG(s) dict_keys(['example_branch_operator']) retrieved from /home/airflow/.local/lib/python3.7/site-packages/airflow/example_dags/example_branch_operator.py
[2022-02-03 23:05:53,888] {logging_mixin.py:109} INFO - [2022-02-03 23:05:53,888] {dag.py:2396} INFO - Sync 1 DAGs
[2022-02-03 23:05:53,911] {logging_mixin.py:109} INFO - [2022-02-03 23:05:53,911] {dag.py:2935} INFO - Setting next_dagrun for example_branch_operator to 2022-02-02 00:00:00+00:00
[2022-02-03 23:05:53,927] {processor.py:171} INFO - Processing /home/airflow/.local/lib/python3.7/site-packages/airflow/example_dags/example_branch_operator.py took 0.113 seconds
[2022-02-03 23:06:24,526] {processor.py:163} INFO - Started process (PID=664) to work on /home/airflow/.local/lib/python3.7/site-packages/airflow/example_dags/example_branch_operator.py
[2022-02-03 23:06:24,528] {processor.py:642} INFO - Processing file /home/airflow/.local/lib/python3.7/site-packages/airflow/example_dags/example_branch_operator.py for tasks to queue
[2022-02-03 23:06:24,530] {logging_mixin.py:109} INFO - [2022-02-03 23:06:24,529] {dagbag.py:500} INFO - Filling up the DagBag from /home/airflow/.local/lib/python3.7/site-packages/airflow/example_dags/example_branch_operator.py
[2022-02-03 23:06:24,589] {processor.py:654} INFO - DAG(s) dict_keys(['example_branch_operator']) retrieved from /home/airflow/.local/lib/python3.7/site-packages/airflow/example_dags/example_branch_operator.py
[2022-02-03 23:06:24,611] {logging_mixin.py:109} INFO - [2022-02-03 23:06:24,611] {dag.py:2396} INFO - Sync 1 DAGs
[2022-02-03 23:06:24,631] {logging_mixin.py:109} INFO - [2022-02-03 23:06:24,631] {dag.py:2935} INFO - Setting next_dagrun for example_branch_operator to 2022-02-02 00:00:00+00:00
[2022-02-03 23:06:24,642] {processor.py:171} INFO - Processing /home/airflow/.local/lib/python3.7/site-packages/airflow/example_dags/example_branch_operator.py took 0.119 seconds
[2022-02-03 23:06:55,178] {processor.py:163} INFO - Started process (PID=718) to work on /home/airflow/.local/lib/python3.7/site-packages/airflow/example_dags/example_branch_operator.py
[2022-02-03 23:06:55,181] {processor.py:642} INFO - Processing file /home/airflow/.local/lib/python3.7/site-packages/airflow/example_dags/example_branch_operator.py for tasks to queue
[2022-02-03 23:06:55,184] {logging_mixin.py:109} INFO - [2022-02-03 23:06:55,184] {dagbag.py:500} INFO - Filling up the DagBag from /home/airflow/.local/lib/python3.7/site-packages/airflow/example_dags/example_branch_operator.py
[2022-02-03 23:06:55,225] {processor.py:654} INFO - DAG(s) dict_keys(['example_branch_operator']) retrieved from /home/airflow/.local/lib/python3.7/site-packages/airflow/example_dags/example_branch_operator.py
[2022-02-03 23:06:55,239] {logging_mixin.py:109} INFO - [2022-02-03 23:06:55,239] {dag.py:2396} INFO - Sync 1 DAGs
[2022-02-03 23:06:55,266] {logging_mixin.py:109} INFO - [2022-02-03 23:06:55,265] {dag.py:2935} INFO - Setting next_dagrun for example_branch_operator to 2022-02-02 00:00:00+00:00
[2022-02-03 23:06:55,278] {processor.py:171} INFO - Processing /home/airflow/.local/lib/python3.7/site-packages/airflow/example_dags/example_branch_operator.py took 0.115 seconds
[2022-02-03 23:07:26,098] {processor.py:163} INFO - Started process (PID=770) to work on /home/airflow/.local/lib/python3.7/site-packages/airflow/example_dags/example_branch_operator.py
[2022-02-03 23:07:26,101] {processor.py:642} INFO - Processing file /home/airflow/.local/lib/python3.7/site-packages/airflow/example_dags/example_branch_operator.py for tasks to queue
[2022-02-03 23:07:26,104] {logging_mixin.py:109} INFO - [2022-02-03 23:07:26,104] {dagbag.py:500} INFO - Filling up the DagBag from /home/airflow/.local/lib/python3.7/site-packages/airflow/example_dags/example_branch_operator.py
[2022-02-03 23:07:26,156] {processor.py:654} INFO - DAG(s) dict_keys(['example_branch_operator']) retrieved from /home/airflow/.local/lib/python3.7/site-packages/airflow/example_dags/example_branch_operator.py
[2022-02-03 23:07:26,174] {logging_mixin.py:109} INFO - [2022-02-03 23:07:26,174] {dag.py:2396} INFO - Sync 1 DAGs
[2022-02-03 23:07:26,213] {logging_mixin.py:109} INFO - [2022-02-03 23:07:26,213] {dag.py:2935} INFO - Setting next_dagrun for example_branch_operator to 2022-02-02 00:00:00+00:00
[2022-02-03 23:07:26,230] {processor.py:171} INFO - Processing /home/airflow/.local/lib/python3.7/site-packages/airflow/example_dags/example_branch_operator.py took 0.144 seconds
[2022-02-03 23:07:56,366] {processor.py:163} INFO - Started process (PID=833) to work on /home/airflow/.local/lib/python3.7/site-packages/airflow/example_dags/example_branch_operator.py
[2022-02-03 23:07:56,373] {processor.py:642} INFO - Processing file /home/airflow/.local/lib/python3.7/site-packages/airflow/example_dags/example_branch_operator.py for tasks to queue
[2022-02-03 23:07:56,379] {logging_mixin.py:109} INFO - [2022-02-03 23:07:56,378] {dagbag.py:500} INFO - Filling up the DagBag from /home/airflow/.local/lib/python3.7/site-packages/airflow/example_dags/example_branch_operator.py
[2022-02-03 23:07:56,456] {processor.py:654} INFO - DAG(s) dict_keys(['example_branch_operator']) retrieved from /home/airflow/.local/lib/python3.7/site-packages/airflow/example_dags/example_branch_operator.py
[2022-02-03 23:07:56,480] {logging_mixin.py:109} INFO - [2022-02-03 23:07:56,480] {dag.py:2396} INFO - Sync 1 DAGs
[2022-02-03 23:07:56,504] {logging_mixin.py:109} INFO - [2022-02-03 23:07:56,504] {dag.py:2935} INFO - Setting next_dagrun for example_branch_operator to 2022-02-02 00:00:00+00:00
[2022-02-03 23:07:56,517] {processor.py:171} INFO - Processing /home/airflow/.local/lib/python3.7/site-packages/airflow/example_dags/example_branch_operator.py took 0.157 seconds
[2022-02-03 23:08:27,335] {processor.py:163} INFO - Started process (PID=890) to work on /home/airflow/.local/lib/python3.7/site-packages/airflow/example_dags/example_branch_operator.py
[2022-02-03 23:08:27,338] {processor.py:642} INFO - Processing file /home/airflow/.local/lib/python3.7/site-packages/airflow/example_dags/example_branch_operator.py for tasks to queue
[2022-02-03 23:08:27,340] {logging_mixin.py:109} INFO - [2022-02-03 23:08:27,340] {dagbag.py:500} INFO - Filling up the DagBag from /home/airflow/.local/lib/python3.7/site-packages/airflow/example_dags/example_branch_operator.py
[2022-02-03 23:08:27,395] {processor.py:654} INFO - DAG(s) dict_keys(['example_branch_operator']) retrieved from /home/airflow/.local/lib/python3.7/site-packages/airflow/example_dags/example_branch_operator.py
[2022-02-03 23:08:27,423] {logging_mixin.py:109} INFO - [2022-02-03 23:08:27,423] {dag.py:2396} INFO - Sync 1 DAGs
[2022-02-03 23:08:27,448] {logging_mixin.py:109} INFO - [2022-02-03 23:08:27,448] {dag.py:2935} INFO - Setting next_dagrun for example_branch_operator to 2022-02-02 00:00:00+00:00
[2022-02-03 23:08:27,461] {processor.py:171} INFO - Processing /home/airflow/.local/lib/python3.7/site-packages/airflow/example_dags/example_branch_operator.py took 0.131 seconds
[2022-02-03 23:08:58,160] {processor.py:163} INFO - Started process (PID=951) to work on /home/airflow/.local/lib/python3.7/site-packages/airflow/example_dags/example_branch_operator.py
[2022-02-03 23:08:58,162] {processor.py:642} INFO - Processing file /home/airflow/.local/lib/python3.7/site-packages/airflow/example_dags/example_branch_operator.py for tasks to queue
[2022-02-03 23:08:58,164] {logging_mixin.py:109} INFO - [2022-02-03 23:08:58,164] {dagbag.py:500} INFO - Filling up the DagBag from /home/airflow/.local/lib/python3.7/site-packages/airflow/example_dags/example_branch_operator.py
[2022-02-03 23:08:58,207] {processor.py:654} INFO - DAG(s) dict_keys(['example_branch_operator']) retrieved from /home/airflow/.local/lib/python3.7/site-packages/airflow/example_dags/example_branch_operator.py
[2022-02-03 23:08:58,220] {logging_mixin.py:109} INFO - [2022-02-03 23:08:58,220] {dag.py:2396} INFO - Sync 1 DAGs
[2022-02-03 23:08:58,257] {logging_mixin.py:109} INFO - [2022-02-03 23:08:58,257] {dag.py:2935} INFO - Setting next_dagrun for example_branch_operator to 2022-02-02 00:00:00+00:00
[2022-02-03 23:08:58,277] {processor.py:171} INFO - Processing /home/airflow/.local/lib/python3.7/site-packages/airflow/example_dags/example_branch_operator.py took 0.120 seconds
[2022-02-03 23:09:28,634] {processor.py:163} INFO - Started process (PID=1017) to work on /home/airflow/.local/lib/python3.7/site-packages/airflow/example_dags/example_branch_operator.py
[2022-02-03 23:09:28,641] {processor.py:642} INFO - Processing file /home/airflow/.local/lib/python3.7/site-packages/airflow/example_dags/example_branch_operator.py for tasks to queue
[2022-02-03 23:09:28,643] {logging_mixin.py:109} INFO - [2022-02-03 23:09:28,643] {dagbag.py:500} INFO - Filling up the DagBag from /home/airflow/.local/lib/python3.7/site-packages/airflow/example_dags/example_branch_operator.py
[2022-02-03 23:09:28,680] {processor.py:654} INFO - DAG(s) dict_keys(['example_branch_operator']) retrieved from /home/airflow/.local/lib/python3.7/site-packages/airflow/example_dags/example_branch_operator.py
[2022-02-03 23:09:28,706] {logging_mixin.py:109} INFO - [2022-02-03 23:09:28,706] {dag.py:2396} INFO - Sync 1 DAGs
[2022-02-03 23:09:28,740] {logging_mixin.py:109} INFO - [2022-02-03 23:09:28,740] {dag.py:2935} INFO - Setting next_dagrun for example_branch_operator to 2022-02-02 00:00:00+00:00
[2022-02-03 23:09:28,753] {processor.py:171} INFO - Processing /home/airflow/.local/lib/python3.7/site-packages/airflow/example_dags/example_branch_operator.py took 0.124 seconds
[2022-02-03 23:09:59,156] {processor.py:163} INFO - Started process (PID=1075) to work on /home/airflow/.local/lib/python3.7/site-packages/airflow/example_dags/example_branch_operator.py
[2022-02-03 23:09:59,159] {processor.py:642} INFO - Processing file /home/airflow/.local/lib/python3.7/site-packages/airflow/example_dags/example_branch_operator.py for tasks to queue
[2022-02-03 23:09:59,161] {logging_mixin.py:109} INFO - [2022-02-03 23:09:59,161] {dagbag.py:500} INFO - Filling up the DagBag from /home/airflow/.local/lib/python3.7/site-packages/airflow/example_dags/example_branch_operator.py
[2022-02-03 23:09:59,197] {processor.py:654} INFO - DAG(s) dict_keys(['example_branch_operator']) retrieved from /home/airflow/.local/lib/python3.7/site-packages/airflow/example_dags/example_branch_operator.py
[2022-02-03 23:09:59,211] {logging_mixin.py:109} INFO - [2022-02-03 23:09:59,211] {dag.py:2396} INFO - Sync 1 DAGs
[2022-02-03 23:09:59,232] {logging_mixin.py:109} INFO - [2022-02-03 23:09:59,232] {dag.py:2935} INFO - Setting next_dagrun for example_branch_operator to 2022-02-02 00:00:00+00:00
[2022-02-03 23:09:59,245] {processor.py:171} INFO - Processing /home/airflow/.local/lib/python3.7/site-packages/airflow/example_dags/example_branch_operator.py took 0.094 seconds
[2022-02-03 23:10:29,715] {processor.py:163} INFO - Started process (PID=1131) to work on /home/airflow/.local/lib/python3.7/site-packages/airflow/example_dags/example_branch_operator.py
[2022-02-03 23:10:29,717] {processor.py:642} INFO - Processing file /home/airflow/.local/lib/python3.7/site-packages/airflow/example_dags/example_branch_operator.py for tasks to queue
[2022-02-03 23:10:29,719] {logging_mixin.py:109} INFO - [2022-02-03 23:10:29,719] {dagbag.py:500} INFO - Filling up the DagBag from /home/airflow/.local/lib/python3.7/site-packages/airflow/example_dags/example_branch_operator.py
[2022-02-03 23:10:29,753] {processor.py:654} INFO - DAG(s) dict_keys(['example_branch_operator']) retrieved from /home/airflow/.local/lib/python3.7/site-packages/airflow/example_dags/example_branch_operator.py
[2022-02-03 23:10:29,765] {logging_mixin.py:109} INFO - [2022-02-03 23:10:29,765] {dag.py:2396} INFO - Sync 1 DAGs
[2022-02-03 23:10:29,783] {logging_mixin.py:109} INFO - [2022-02-03 23:10:29,783] {dag.py:2935} INFO - Setting next_dagrun for example_branch_operator to 2022-02-02 00:00:00+00:00
[2022-02-03 23:10:29,797] {processor.py:171} INFO - Processing /home/airflow/.local/lib/python3.7/site-packages/airflow/example_dags/example_branch_operator.py took 0.086 seconds
[2022-02-03 23:11:00,556] {processor.py:163} INFO - Started process (PID=1195) to work on /home/airflow/.local/lib/python3.7/site-packages/airflow/example_dags/example_branch_operator.py
[2022-02-03 23:11:00,559] {processor.py:642} INFO - Processing file /home/airflow/.local/lib/python3.7/site-packages/airflow/example_dags/example_branch_operator.py for tasks to queue
[2022-02-03 23:11:00,561] {logging_mixin.py:109} INFO - [2022-02-03 23:11:00,561] {dagbag.py:500} INFO - Filling up the DagBag from /home/airflow/.local/lib/python3.7/site-packages/airflow/example_dags/example_branch_operator.py
[2022-02-03 23:11:00,694] {processor.py:654} INFO - DAG(s) dict_keys(['example_branch_operator']) retrieved from /home/airflow/.local/lib/python3.7/site-packages/airflow/example_dags/example_branch_operator.py
[2022-02-03 23:11:00,807] {logging_mixin.py:109} INFO - [2022-02-03 23:11:00,773] {dag.py:2396} INFO - Sync 1 DAGs
[2022-02-03 23:11:00,926] {logging_mixin.py:109} INFO - [2022-02-03 23:11:00,926] {dag.py:2935} INFO - Setting next_dagrun for example_branch_operator to 2022-02-02 00:00:00+00:00
[2022-02-03 23:11:00,950] {processor.py:171} INFO - Processing /home/airflow/.local/lib/python3.7/site-packages/airflow/example_dags/example_branch_operator.py took 0.413 seconds
[2022-02-03 23:11:31,461] {processor.py:163} INFO - Started process (PID=1252) to work on /home/airflow/.local/lib/python3.7/site-packages/airflow/example_dags/example_branch_operator.py
[2022-02-03 23:11:31,465] {processor.py:642} INFO - Processing file /home/airflow/.local/lib/python3.7/site-packages/airflow/example_dags/example_branch_operator.py for tasks to queue
[2022-02-03 23:11:31,467] {logging_mixin.py:109} INFO - [2022-02-03 23:11:31,467] {dagbag.py:500} INFO - Filling up the DagBag from /home/airflow/.local/lib/python3.7/site-packages/airflow/example_dags/example_branch_operator.py
[2022-02-03 23:11:31,513] {processor.py:654} INFO - DAG(s) dict_keys(['example_branch_operator']) retrieved from /home/airflow/.local/lib/python3.7/site-packages/airflow/example_dags/example_branch_operator.py
[2022-02-03 23:11:31,538] {logging_mixin.py:109} INFO - [2022-02-03 23:11:31,538] {dag.py:2396} INFO - Sync 1 DAGs
[2022-02-03 23:11:31,569] {logging_mixin.py:109} INFO - [2022-02-03 23:11:31,569] {dag.py:2935} INFO - Setting next_dagrun for example_branch_operator to 2022-02-02 00:00:00+00:00
[2022-02-03 23:11:31,579] {processor.py:171} INFO - Processing /home/airflow/.local/lib/python3.7/site-packages/airflow/example_dags/example_branch_operator.py took 0.123 seconds
[2022-02-03 23:12:01,802] {processor.py:163} INFO - Started process (PID=1309) to work on /home/airflow/.local/lib/python3.7/site-packages/airflow/example_dags/example_branch_operator.py
[2022-02-03 23:12:01,804] {processor.py:642} INFO - Processing file /home/airflow/.local/lib/python3.7/site-packages/airflow/example_dags/example_branch_operator.py for tasks to queue
[2022-02-03 23:12:01,805] {logging_mixin.py:109} INFO - [2022-02-03 23:12:01,805] {dagbag.py:500} INFO - Filling up the DagBag from /home/airflow/.local/lib/python3.7/site-packages/airflow/example_dags/example_branch_operator.py
[2022-02-03 23:12:01,839] {processor.py:654} INFO - DAG(s) dict_keys(['example_branch_operator']) retrieved from /home/airflow/.local/lib/python3.7/site-packages/airflow/example_dags/example_branch_operator.py
[2022-02-03 23:12:01,855] {logging_mixin.py:109} INFO - [2022-02-03 23:12:01,855] {dag.py:2396} INFO - Sync 1 DAGs
[2022-02-03 23:12:01,874] {logging_mixin.py:109} INFO - [2022-02-03 23:12:01,874] {dag.py:2935} INFO - Setting next_dagrun for example_branch_operator to 2022-02-02 00:00:00+00:00
[2022-02-03 23:12:01,885] {processor.py:171} INFO - Processing /home/airflow/.local/lib/python3.7/site-packages/airflow/example_dags/example_branch_operator.py took 0.086 seconds
[2022-02-03 23:12:32,362] {processor.py:163} INFO - Started process (PID=1372) to work on /home/airflow/.local/lib/python3.7/site-packages/airflow/example_dags/example_branch_operator.py
[2022-02-03 23:12:32,364] {processor.py:642} INFO - Processing file /home/airflow/.local/lib/python3.7/site-packages/airflow/example_dags/example_branch_operator.py for tasks to queue
[2022-02-03 23:12:32,365] {logging_mixin.py:109} INFO - [2022-02-03 23:12:32,365] {dagbag.py:500} INFO - Filling up the DagBag from /home/airflow/.local/lib/python3.7/site-packages/airflow/example_dags/example_branch_operator.py
[2022-02-03 23:12:32,404] {processor.py:654} INFO - DAG(s) dict_keys(['example_branch_operator']) retrieved from /home/airflow/.local/lib/python3.7/site-packages/airflow/example_dags/example_branch_operator.py
[2022-02-03 23:12:32,417] {logging_mixin.py:109} INFO - [2022-02-03 23:12:32,416] {dag.py:2396} INFO - Sync 1 DAGs
[2022-02-03 23:12:32,435] {logging_mixin.py:109} INFO - [2022-02-03 23:12:32,435] {dag.py:2935} INFO - Setting next_dagrun for example_branch_operator to 2022-02-02 00:00:00+00:00
[2022-02-03 23:12:32,446] {processor.py:171} INFO - Processing /home/airflow/.local/lib/python3.7/site-packages/airflow/example_dags/example_branch_operator.py took 0.088 seconds
[2022-02-03 23:13:02,951] {processor.py:163} INFO - Started process (PID=1426) to work on /home/airflow/.local/lib/python3.7/site-packages/airflow/example_dags/example_branch_operator.py
[2022-02-03 23:13:02,953] {processor.py:642} INFO - Processing file /home/airflow/.local/lib/python3.7/site-packages/airflow/example_dags/example_branch_operator.py for tasks to queue
[2022-02-03 23:13:02,954] {logging_mixin.py:109} INFO - [2022-02-03 23:13:02,954] {dagbag.py:500} INFO - Filling up the DagBag from /home/airflow/.local/lib/python3.7/site-packages/airflow/example_dags/example_branch_operator.py
[2022-02-03 23:13:02,988] {processor.py:654} INFO - DAG(s) dict_keys(['example_branch_operator']) retrieved from /home/airflow/.local/lib/python3.7/site-packages/airflow/example_dags/example_branch_operator.py
[2022-02-03 23:13:03,003] {logging_mixin.py:109} INFO - [2022-02-03 23:13:03,002] {dag.py:2396} INFO - Sync 1 DAGs
[2022-02-03 23:13:03,022] {logging_mixin.py:109} INFO - [2022-02-03 23:13:03,022] {dag.py:2935} INFO - Setting next_dagrun for example_branch_operator to 2022-02-02 00:00:00+00:00
[2022-02-03 23:13:03,033] {processor.py:171} INFO - Processing /home/airflow/.local/lib/python3.7/site-packages/airflow/example_dags/example_branch_operator.py took 0.087 seconds
[2022-02-03 23:13:33,762] {processor.py:163} INFO - Started process (PID=1489) to work on /home/airflow/.local/lib/python3.7/site-packages/airflow/example_dags/example_branch_operator.py
[2022-02-03 23:13:33,766] {processor.py:642} INFO - Processing file /home/airflow/.local/lib/python3.7/site-packages/airflow/example_dags/example_branch_operator.py for tasks to queue
[2022-02-03 23:13:33,767] {logging_mixin.py:109} INFO - [2022-02-03 23:13:33,767] {dagbag.py:500} INFO - Filling up the DagBag from /home/airflow/.local/lib/python3.7/site-packages/airflow/example_dags/example_branch_operator.py
[2022-02-03 23:13:33,804] {processor.py:654} INFO - DAG(s) dict_keys(['example_branch_operator']) retrieved from /home/airflow/.local/lib/python3.7/site-packages/airflow/example_dags/example_branch_operator.py
[2022-02-03 23:13:33,819] {logging_mixin.py:109} INFO - [2022-02-03 23:13:33,819] {dag.py:2396} INFO - Sync 1 DAGs
[2022-02-03 23:13:33,840] {logging_mixin.py:109} INFO - [2022-02-03 23:13:33,840] {dag.py:2935} INFO - Setting next_dagrun for example_branch_operator to 2022-02-02 00:00:00+00:00
[2022-02-03 23:13:33,854] {processor.py:171} INFO - Processing /home/airflow/.local/lib/python3.7/site-packages/airflow/example_dags/example_branch_operator.py took 0.095 seconds
[2022-02-03 23:15:06,341] {processor.py:163} INFO - Started process (PID=54) to work on /home/airflow/.local/lib/python3.7/site-packages/airflow/example_dags/example_branch_operator.py
[2022-02-03 23:15:06,350] {processor.py:642} INFO - Processing file /home/airflow/.local/lib/python3.7/site-packages/airflow/example_dags/example_branch_operator.py for tasks to queue
[2022-02-03 23:15:06,359] {logging_mixin.py:109} INFO - [2022-02-03 23:15:06,359] {dagbag.py:500} INFO - Filling up the DagBag from /home/airflow/.local/lib/python3.7/site-packages/airflow/example_dags/example_branch_operator.py
[2022-02-03 23:15:06,576] {processor.py:654} INFO - DAG(s) dict_keys(['example_branch_operator']) retrieved from /home/airflow/.local/lib/python3.7/site-packages/airflow/example_dags/example_branch_operator.py
[2022-02-03 23:15:06,608] {logging_mixin.py:109} INFO - [2022-02-03 23:15:06,608] {dag.py:2396} INFO - Sync 1 DAGs
[2022-02-03 23:15:06,642] {logging_mixin.py:109} INFO - [2022-02-03 23:15:06,641] {dag.py:2935} INFO - Setting next_dagrun for example_branch_operator to 2022-02-02 00:00:00+00:00
[2022-02-03 23:15:06,694] {processor.py:171} INFO - Processing /home/airflow/.local/lib/python3.7/site-packages/airflow/example_dags/example_branch_operator.py took 0.379 seconds
[2022-02-03 23:30:32,144] {processor.py:163} INFO - Started process (PID=54) to work on /home/airflow/.local/lib/python3.7/site-packages/airflow/example_dags/example_branch_operator.py
[2022-02-03 23:30:32,147] {processor.py:642} INFO - Processing file /home/airflow/.local/lib/python3.7/site-packages/airflow/example_dags/example_branch_operator.py for tasks to queue
[2022-02-03 23:30:32,155] {logging_mixin.py:109} INFO - [2022-02-03 23:30:32,154] {dagbag.py:500} INFO - Filling up the DagBag from /home/airflow/.local/lib/python3.7/site-packages/airflow/example_dags/example_branch_operator.py
[2022-02-03 23:30:32,231] {processor.py:654} INFO - DAG(s) dict_keys(['example_branch_operator']) retrieved from /home/airflow/.local/lib/python3.7/site-packages/airflow/example_dags/example_branch_operator.py
[2022-02-03 23:30:32,261] {logging_mixin.py:109} INFO - [2022-02-03 23:30:32,260] {dag.py:2396} INFO - Sync 1 DAGs
[2022-02-03 23:30:32,298] {logging_mixin.py:109} INFO - [2022-02-03 23:30:32,296] {dag.py:2935} INFO - Setting next_dagrun for example_branch_operator to 2022-02-02 00:00:00+00:00
[2022-02-03 23:30:32,323] {processor.py:171} INFO - Processing /home/airflow/.local/lib/python3.7/site-packages/airflow/example_dags/example_branch_operator.py took 0.184 seconds
[2022-02-03 23:31:02,811] {processor.py:163} INFO - Started process (PID=106) to work on /home/airflow/.local/lib/python3.7/site-packages/airflow/example_dags/example_branch_operator.py
[2022-02-03 23:31:02,813] {processor.py:642} INFO - Processing file /home/airflow/.local/lib/python3.7/site-packages/airflow/example_dags/example_branch_operator.py for tasks to queue
[2022-02-03 23:31:02,814] {logging_mixin.py:109} INFO - [2022-02-03 23:31:02,814] {dagbag.py:500} INFO - Filling up the DagBag from /home/airflow/.local/lib/python3.7/site-packages/airflow/example_dags/example_branch_operator.py
[2022-02-03 23:31:02,846] {processor.py:654} INFO - DAG(s) dict_keys(['example_branch_operator']) retrieved from /home/airflow/.local/lib/python3.7/site-packages/airflow/example_dags/example_branch_operator.py
[2022-02-03 23:31:02,858] {logging_mixin.py:109} INFO - [2022-02-03 23:31:02,858] {dag.py:2396} INFO - Sync 1 DAGs
[2022-02-03 23:31:02,878] {logging_mixin.py:109} INFO - [2022-02-03 23:31:02,878] {dag.py:2935} INFO - Setting next_dagrun for example_branch_operator to 2022-02-02 00:00:00+00:00
[2022-02-03 23:31:02,890] {processor.py:171} INFO - Processing /home/airflow/.local/lib/python3.7/site-packages/airflow/example_dags/example_branch_operator.py took 0.082 seconds
[2022-02-03 23:31:33,482] {processor.py:163} INFO - Started process (PID=162) to work on /home/airflow/.local/lib/python3.7/site-packages/airflow/example_dags/example_branch_operator.py
[2022-02-03 23:31:33,485] {processor.py:642} INFO - Processing file /home/airflow/.local/lib/python3.7/site-packages/airflow/example_dags/example_branch_operator.py for tasks to queue
[2022-02-03 23:31:33,487] {logging_mixin.py:109} INFO - [2022-02-03 23:31:33,487] {dagbag.py:500} INFO - Filling up the DagBag from /home/airflow/.local/lib/python3.7/site-packages/airflow/example_dags/example_branch_operator.py
[2022-02-03 23:31:33,537] {processor.py:654} INFO - DAG(s) dict_keys(['example_branch_operator']) retrieved from /home/airflow/.local/lib/python3.7/site-packages/airflow/example_dags/example_branch_operator.py
[2022-02-03 23:31:33,563] {logging_mixin.py:109} INFO - [2022-02-03 23:31:33,563] {dag.py:2396} INFO - Sync 1 DAGs
[2022-02-03 23:31:33,607] {logging_mixin.py:109} INFO - [2022-02-03 23:31:33,607] {dag.py:2935} INFO - Setting next_dagrun for example_branch_operator to 2022-02-02 00:00:00+00:00
[2022-02-03 23:31:33,619] {processor.py:171} INFO - Processing /home/airflow/.local/lib/python3.7/site-packages/airflow/example_dags/example_branch_operator.py took 0.150 seconds
[2022-02-03 23:32:04,109] {processor.py:163} INFO - Started process (PID=226) to work on /home/airflow/.local/lib/python3.7/site-packages/airflow/example_dags/example_branch_operator.py
[2022-02-03 23:32:04,112] {processor.py:642} INFO - Processing file /home/airflow/.local/lib/python3.7/site-packages/airflow/example_dags/example_branch_operator.py for tasks to queue
[2022-02-03 23:32:04,115] {logging_mixin.py:109} INFO - [2022-02-03 23:32:04,114] {dagbag.py:500} INFO - Filling up the DagBag from /home/airflow/.local/lib/python3.7/site-packages/airflow/example_dags/example_branch_operator.py
[2022-02-03 23:32:04,157] {processor.py:654} INFO - DAG(s) dict_keys(['example_branch_operator']) retrieved from /home/airflow/.local/lib/python3.7/site-packages/airflow/example_dags/example_branch_operator.py
[2022-02-03 23:32:04,176] {logging_mixin.py:109} INFO - [2022-02-03 23:32:04,176] {dag.py:2396} INFO - Sync 1 DAGs
[2022-02-03 23:32:04,202] {logging_mixin.py:109} INFO - [2022-02-03 23:32:04,202] {dag.py:2935} INFO - Setting next_dagrun for example_branch_operator to 2022-02-02 00:00:00+00:00
[2022-02-03 23:32:04,216] {processor.py:171} INFO - Processing /home/airflow/.local/lib/python3.7/site-packages/airflow/example_dags/example_branch_operator.py took 0.110 seconds
[2022-02-03 23:32:35,094] {processor.py:163} INFO - Started process (PID=279) to work on /home/airflow/.local/lib/python3.7/site-packages/airflow/example_dags/example_branch_operator.py
[2022-02-03 23:32:35,096] {processor.py:642} INFO - Processing file /home/airflow/.local/lib/python3.7/site-packages/airflow/example_dags/example_branch_operator.py for tasks to queue
[2022-02-03 23:32:35,099] {logging_mixin.py:109} INFO - [2022-02-03 23:32:35,098] {dagbag.py:500} INFO - Filling up the DagBag from /home/airflow/.local/lib/python3.7/site-packages/airflow/example_dags/example_branch_operator.py
[2022-02-03 23:32:35,154] {processor.py:654} INFO - DAG(s) dict_keys(['example_branch_operator']) retrieved from /home/airflow/.local/lib/python3.7/site-packages/airflow/example_dags/example_branch_operator.py
[2022-02-03 23:32:35,166] {logging_mixin.py:109} INFO - [2022-02-03 23:32:35,166] {dag.py:2396} INFO - Sync 1 DAGs
[2022-02-03 23:32:35,187] {logging_mixin.py:109} INFO - [2022-02-03 23:32:35,187] {dag.py:2935} INFO - Setting next_dagrun for example_branch_operator to 2022-02-02 00:00:00+00:00
[2022-02-03 23:32:35,202] {processor.py:171} INFO - Processing /home/airflow/.local/lib/python3.7/site-packages/airflow/example_dags/example_branch_operator.py took 0.113 seconds
[2022-02-03 23:33:06,329] {processor.py:163} INFO - Started process (PID=342) to work on /home/airflow/.local/lib/python3.7/site-packages/airflow/example_dags/example_branch_operator.py
[2022-02-03 23:33:06,337] {processor.py:642} INFO - Processing file /home/airflow/.local/lib/python3.7/site-packages/airflow/example_dags/example_branch_operator.py for tasks to queue
[2022-02-03 23:33:06,341] {logging_mixin.py:109} INFO - [2022-02-03 23:33:06,341] {dagbag.py:500} INFO - Filling up the DagBag from /home/airflow/.local/lib/python3.7/site-packages/airflow/example_dags/example_branch_operator.py
[2022-02-03 23:33:06,417] {processor.py:654} INFO - DAG(s) dict_keys(['example_branch_operator']) retrieved from /home/airflow/.local/lib/python3.7/site-packages/airflow/example_dags/example_branch_operator.py
[2022-02-03 23:33:06,446] {logging_mixin.py:109} INFO - [2022-02-03 23:33:06,445] {dag.py:2396} INFO - Sync 1 DAGs
[2022-02-03 23:33:06,518] {logging_mixin.py:109} INFO - [2022-02-03 23:33:06,518] {dag.py:2935} INFO - Setting next_dagrun for example_branch_operator to 2022-02-02 00:00:00+00:00
[2022-02-03 23:33:06,603] {processor.py:171} INFO - Processing /home/airflow/.local/lib/python3.7/site-packages/airflow/example_dags/example_branch_operator.py took 0.277 seconds
[2022-02-03 23:33:37,099] {processor.py:163} INFO - Started process (PID=397) to work on /home/airflow/.local/lib/python3.7/site-packages/airflow/example_dags/example_branch_operator.py
[2022-02-03 23:33:37,101] {processor.py:642} INFO - Processing file /home/airflow/.local/lib/python3.7/site-packages/airflow/example_dags/example_branch_operator.py for tasks to queue
[2022-02-03 23:33:37,102] {logging_mixin.py:109} INFO - [2022-02-03 23:33:37,102] {dagbag.py:500} INFO - Filling up the DagBag from /home/airflow/.local/lib/python3.7/site-packages/airflow/example_dags/example_branch_operator.py
[2022-02-03 23:33:37,153] {processor.py:654} INFO - DAG(s) dict_keys(['example_branch_operator']) retrieved from /home/airflow/.local/lib/python3.7/site-packages/airflow/example_dags/example_branch_operator.py
[2022-02-03 23:33:37,204] {logging_mixin.py:109} INFO - [2022-02-03 23:33:37,204] {dag.py:2396} INFO - Sync 1 DAGs
[2022-02-03 23:33:37,244] {logging_mixin.py:109} INFO - [2022-02-03 23:33:37,244] {dag.py:2935} INFO - Setting next_dagrun for example_branch_operator to 2022-02-02 00:00:00+00:00
[2022-02-03 23:33:37,258] {processor.py:171} INFO - Processing /home/airflow/.local/lib/python3.7/site-packages/airflow/example_dags/example_branch_operator.py took 0.164 seconds
[2022-02-03 23:34:07,843] {processor.py:163} INFO - Started process (PID=449) to work on /home/airflow/.local/lib/python3.7/site-packages/airflow/example_dags/example_branch_operator.py
[2022-02-03 23:34:07,846] {processor.py:642} INFO - Processing file /home/airflow/.local/lib/python3.7/site-packages/airflow/example_dags/example_branch_operator.py for tasks to queue
[2022-02-03 23:34:07,848] {logging_mixin.py:109} INFO - [2022-02-03 23:34:07,848] {dagbag.py:500} INFO - Filling up the DagBag from /home/airflow/.local/lib/python3.7/site-packages/airflow/example_dags/example_branch_operator.py
[2022-02-03 23:34:07,907] {processor.py:654} INFO - DAG(s) dict_keys(['example_branch_operator']) retrieved from /home/airflow/.local/lib/python3.7/site-packages/airflow/example_dags/example_branch_operator.py
[2022-02-03 23:34:07,929] {logging_mixin.py:109} INFO - [2022-02-03 23:34:07,929] {dag.py:2396} INFO - Sync 1 DAGs
[2022-02-03 23:34:07,956] {logging_mixin.py:109} INFO - [2022-02-03 23:34:07,956] {dag.py:2935} INFO - Setting next_dagrun for example_branch_operator to 2022-02-02 00:00:00+00:00
[2022-02-03 23:34:08,001] {processor.py:171} INFO - Processing /home/airflow/.local/lib/python3.7/site-packages/airflow/example_dags/example_branch_operator.py took 0.163 seconds
[2022-02-03 23:34:39,067] {processor.py:163} INFO - Started process (PID=514) to work on /home/airflow/.local/lib/python3.7/site-packages/airflow/example_dags/example_branch_operator.py
[2022-02-03 23:34:39,070] {processor.py:642} INFO - Processing file /home/airflow/.local/lib/python3.7/site-packages/airflow/example_dags/example_branch_operator.py for tasks to queue
[2022-02-03 23:34:39,075] {logging_mixin.py:109} INFO - [2022-02-03 23:34:39,074] {dagbag.py:500} INFO - Filling up the DagBag from /home/airflow/.local/lib/python3.7/site-packages/airflow/example_dags/example_branch_operator.py
[2022-02-03 23:34:39,136] {processor.py:654} INFO - DAG(s) dict_keys(['example_branch_operator']) retrieved from /home/airflow/.local/lib/python3.7/site-packages/airflow/example_dags/example_branch_operator.py
[2022-02-03 23:34:39,154] {logging_mixin.py:109} INFO - [2022-02-03 23:34:39,154] {dag.py:2396} INFO - Sync 1 DAGs
[2022-02-03 23:34:39,198] {logging_mixin.py:109} INFO - [2022-02-03 23:34:39,198] {dag.py:2935} INFO - Setting next_dagrun for example_branch_operator to 2022-02-02 00:00:00+00:00
[2022-02-03 23:34:39,233] {processor.py:171} INFO - Processing /home/airflow/.local/lib/python3.7/site-packages/airflow/example_dags/example_branch_operator.py took 0.173 seconds
[2022-02-03 23:35:09,639] {processor.py:163} INFO - Started process (PID=568) to work on /home/airflow/.local/lib/python3.7/site-packages/airflow/example_dags/example_branch_operator.py
[2022-02-03 23:35:09,642] {processor.py:642} INFO - Processing file /home/airflow/.local/lib/python3.7/site-packages/airflow/example_dags/example_branch_operator.py for tasks to queue
[2022-02-03 23:35:09,644] {logging_mixin.py:109} INFO - [2022-02-03 23:35:09,643] {dagbag.py:500} INFO - Filling up the DagBag from /home/airflow/.local/lib/python3.7/site-packages/airflow/example_dags/example_branch_operator.py
[2022-02-03 23:35:09,683] {processor.py:654} INFO - DAG(s) dict_keys(['example_branch_operator']) retrieved from /home/airflow/.local/lib/python3.7/site-packages/airflow/example_dags/example_branch_operator.py
[2022-02-03 23:35:09,703] {logging_mixin.py:109} INFO - [2022-02-03 23:35:09,703] {dag.py:2396} INFO - Sync 1 DAGs
[2022-02-03 23:35:09,731] {logging_mixin.py:109} INFO - [2022-02-03 23:35:09,731] {dag.py:2935} INFO - Setting next_dagrun for example_branch_operator to 2022-02-02 00:00:00+00:00
[2022-02-03 23:35:09,745] {processor.py:171} INFO - Processing /home/airflow/.local/lib/python3.7/site-packages/airflow/example_dags/example_branch_operator.py took 0.112 seconds
[2022-02-03 23:35:40,864] {processor.py:163} INFO - Started process (PID=620) to work on /home/airflow/.local/lib/python3.7/site-packages/airflow/example_dags/example_branch_operator.py
[2022-02-03 23:35:40,866] {processor.py:642} INFO - Processing file /home/airflow/.local/lib/python3.7/site-packages/airflow/example_dags/example_branch_operator.py for tasks to queue
[2022-02-03 23:35:40,869] {logging_mixin.py:109} INFO - [2022-02-03 23:35:40,869] {dagbag.py:500} INFO - Filling up the DagBag from /home/airflow/.local/lib/python3.7/site-packages/airflow/example_dags/example_branch_operator.py
[2022-02-03 23:35:40,912] {processor.py:654} INFO - DAG(s) dict_keys(['example_branch_operator']) retrieved from /home/airflow/.local/lib/python3.7/site-packages/airflow/example_dags/example_branch_operator.py
[2022-02-03 23:35:40,926] {logging_mixin.py:109} INFO - [2022-02-03 23:35:40,925] {dag.py:2396} INFO - Sync 1 DAGs
[2022-02-03 23:35:40,950] {logging_mixin.py:109} INFO - [2022-02-03 23:35:40,950] {dag.py:2935} INFO - Setting next_dagrun for example_branch_operator to 2022-02-02 00:00:00+00:00
[2022-02-03 23:35:40,969] {processor.py:171} INFO - Processing /home/airflow/.local/lib/python3.7/site-packages/airflow/example_dags/example_branch_operator.py took 0.108 seconds
[2022-02-03 23:36:11,823] {processor.py:163} INFO - Started process (PID=678) to work on /home/airflow/.local/lib/python3.7/site-packages/airflow/example_dags/example_branch_operator.py
[2022-02-03 23:36:11,826] {processor.py:642} INFO - Processing file /home/airflow/.local/lib/python3.7/site-packages/airflow/example_dags/example_branch_operator.py for tasks to queue
[2022-02-03 23:36:11,828] {logging_mixin.py:109} INFO - [2022-02-03 23:36:11,828] {dagbag.py:500} INFO - Filling up the DagBag from /home/airflow/.local/lib/python3.7/site-packages/airflow/example_dags/example_branch_operator.py
[2022-02-03 23:36:11,877] {processor.py:654} INFO - DAG(s) dict_keys(['example_branch_operator']) retrieved from /home/airflow/.local/lib/python3.7/site-packages/airflow/example_dags/example_branch_operator.py
[2022-02-03 23:36:11,908] {logging_mixin.py:109} INFO - [2022-02-03 23:36:11,908] {dag.py:2396} INFO - Sync 1 DAGs
[2022-02-03 23:36:11,949] {logging_mixin.py:109} INFO - [2022-02-03 23:36:11,949] {dag.py:2935} INFO - Setting next_dagrun for example_branch_operator to 2022-02-02 00:00:00+00:00
[2022-02-03 23:36:11,962] {processor.py:171} INFO - Processing /home/airflow/.local/lib/python3.7/site-packages/airflow/example_dags/example_branch_operator.py took 0.142 seconds
[2022-02-03 23:36:42,221] {processor.py:163} INFO - Started process (PID=740) to work on /home/airflow/.local/lib/python3.7/site-packages/airflow/example_dags/example_branch_operator.py
[2022-02-03 23:36:42,223] {processor.py:642} INFO - Processing file /home/airflow/.local/lib/python3.7/site-packages/airflow/example_dags/example_branch_operator.py for tasks to queue
[2022-02-03 23:36:42,225] {logging_mixin.py:109} INFO - [2022-02-03 23:36:42,225] {dagbag.py:500} INFO - Filling up the DagBag from /home/airflow/.local/lib/python3.7/site-packages/airflow/example_dags/example_branch_operator.py
[2022-02-03 23:36:42,268] {processor.py:654} INFO - DAG(s) dict_keys(['example_branch_operator']) retrieved from /home/airflow/.local/lib/python3.7/site-packages/airflow/example_dags/example_branch_operator.py
[2022-02-03 23:36:42,282] {logging_mixin.py:109} INFO - [2022-02-03 23:36:42,282] {dag.py:2396} INFO - Sync 1 DAGs
[2022-02-03 23:36:42,305] {logging_mixin.py:109} INFO - [2022-02-03 23:36:42,305] {dag.py:2935} INFO - Setting next_dagrun for example_branch_operator to 2022-02-02 00:00:00+00:00
[2022-02-03 23:36:42,318] {processor.py:171} INFO - Processing /home/airflow/.local/lib/python3.7/site-packages/airflow/example_dags/example_branch_operator.py took 0.102 seconds
[2022-02-03 23:37:12,682] {processor.py:163} INFO - Started process (PID=793) to work on /home/airflow/.local/lib/python3.7/site-packages/airflow/example_dags/example_branch_operator.py
[2022-02-03 23:37:12,683] {processor.py:642} INFO - Processing file /home/airflow/.local/lib/python3.7/site-packages/airflow/example_dags/example_branch_operator.py for tasks to queue
[2022-02-03 23:37:12,685] {logging_mixin.py:109} INFO - [2022-02-03 23:37:12,685] {dagbag.py:500} INFO - Filling up the DagBag from /home/airflow/.local/lib/python3.7/site-packages/airflow/example_dags/example_branch_operator.py
[2022-02-03 23:37:12,718] {processor.py:654} INFO - DAG(s) dict_keys(['example_branch_operator']) retrieved from /home/airflow/.local/lib/python3.7/site-packages/airflow/example_dags/example_branch_operator.py
[2022-02-03 23:37:12,730] {logging_mixin.py:109} INFO - [2022-02-03 23:37:12,729] {dag.py:2396} INFO - Sync 1 DAGs
[2022-02-03 23:37:12,749] {logging_mixin.py:109} INFO - [2022-02-03 23:37:12,749] {dag.py:2935} INFO - Setting next_dagrun for example_branch_operator to 2022-02-02 00:00:00+00:00
[2022-02-03 23:37:12,759] {processor.py:171} INFO - Processing /home/airflow/.local/lib/python3.7/site-packages/airflow/example_dags/example_branch_operator.py took 0.082 seconds
[2022-02-03 23:37:43,239] {processor.py:163} INFO - Started process (PID=848) to work on /home/airflow/.local/lib/python3.7/site-packages/airflow/example_dags/example_branch_operator.py
[2022-02-03 23:37:43,242] {processor.py:642} INFO - Processing file /home/airflow/.local/lib/python3.7/site-packages/airflow/example_dags/example_branch_operator.py for tasks to queue
[2022-02-03 23:37:43,245] {logging_mixin.py:109} INFO - [2022-02-03 23:37:43,244] {dagbag.py:500} INFO - Filling up the DagBag from /home/airflow/.local/lib/python3.7/site-packages/airflow/example_dags/example_branch_operator.py
[2022-02-03 23:37:43,317] {processor.py:654} INFO - DAG(s) dict_keys(['example_branch_operator']) retrieved from /home/airflow/.local/lib/python3.7/site-packages/airflow/example_dags/example_branch_operator.py
[2022-02-03 23:37:43,371] {logging_mixin.py:109} INFO - [2022-02-03 23:37:43,371] {dag.py:2396} INFO - Sync 1 DAGs
[2022-02-03 23:37:43,408] {logging_mixin.py:109} INFO - [2022-02-03 23:37:43,408] {dag.py:2935} INFO - Setting next_dagrun for example_branch_operator to 2022-02-02 00:00:00+00:00
[2022-02-03 23:37:43,421] {processor.py:171} INFO - Processing /home/airflow/.local/lib/python3.7/site-packages/airflow/example_dags/example_branch_operator.py took 0.190 seconds
[2022-02-03 23:38:13,681] {processor.py:163} INFO - Started process (PID=910) to work on /home/airflow/.local/lib/python3.7/site-packages/airflow/example_dags/example_branch_operator.py
[2022-02-03 23:38:13,692] {processor.py:642} INFO - Processing file /home/airflow/.local/lib/python3.7/site-packages/airflow/example_dags/example_branch_operator.py for tasks to queue
[2022-02-03 23:38:13,697] {logging_mixin.py:109} INFO - [2022-02-03 23:38:13,697] {dagbag.py:500} INFO - Filling up the DagBag from /home/airflow/.local/lib/python3.7/site-packages/airflow/example_dags/example_branch_operator.py
[2022-02-03 23:38:13,773] {processor.py:654} INFO - DAG(s) dict_keys(['example_branch_operator']) retrieved from /home/airflow/.local/lib/python3.7/site-packages/airflow/example_dags/example_branch_operator.py
[2022-02-03 23:38:13,793] {logging_mixin.py:109} INFO - [2022-02-03 23:38:13,793] {dag.py:2396} INFO - Sync 1 DAGs
[2022-02-03 23:38:13,836] {logging_mixin.py:109} INFO - [2022-02-03 23:38:13,836] {dag.py:2935} INFO - Setting next_dagrun for example_branch_operator to 2022-02-02 00:00:00+00:00
[2022-02-03 23:38:13,865] {processor.py:171} INFO - Processing /home/airflow/.local/lib/python3.7/site-packages/airflow/example_dags/example_branch_operator.py took 0.193 seconds
[2022-02-03 23:38:44,070] {processor.py:163} INFO - Started process (PID=963) to work on /home/airflow/.local/lib/python3.7/site-packages/airflow/example_dags/example_branch_operator.py
[2022-02-03 23:38:44,075] {processor.py:642} INFO - Processing file /home/airflow/.local/lib/python3.7/site-packages/airflow/example_dags/example_branch_operator.py for tasks to queue
[2022-02-03 23:38:44,077] {logging_mixin.py:109} INFO - [2022-02-03 23:38:44,077] {dagbag.py:500} INFO - Filling up the DagBag from /home/airflow/.local/lib/python3.7/site-packages/airflow/example_dags/example_branch_operator.py
[2022-02-03 23:38:44,139] {processor.py:654} INFO - DAG(s) dict_keys(['example_branch_operator']) retrieved from /home/airflow/.local/lib/python3.7/site-packages/airflow/example_dags/example_branch_operator.py
[2022-02-03 23:38:44,156] {logging_mixin.py:109} INFO - [2022-02-03 23:38:44,156] {dag.py:2396} INFO - Sync 1 DAGs
[2022-02-03 23:38:44,175] {logging_mixin.py:109} INFO - [2022-02-03 23:38:44,175] {dag.py:2935} INFO - Setting next_dagrun for example_branch_operator to 2022-02-02 00:00:00+00:00
[2022-02-03 23:38:44,188] {processor.py:171} INFO - Processing /home/airflow/.local/lib/python3.7/site-packages/airflow/example_dags/example_branch_operator.py took 0.123 seconds
[2022-02-03 23:39:14,644] {processor.py:163} INFO - Started process (PID=1018) to work on /home/airflow/.local/lib/python3.7/site-packages/airflow/example_dags/example_branch_operator.py
[2022-02-03 23:39:14,647] {processor.py:642} INFO - Processing file /home/airflow/.local/lib/python3.7/site-packages/airflow/example_dags/example_branch_operator.py for tasks to queue
[2022-02-03 23:39:14,648] {logging_mixin.py:109} INFO - [2022-02-03 23:39:14,648] {dagbag.py:500} INFO - Filling up the DagBag from /home/airflow/.local/lib/python3.7/site-packages/airflow/example_dags/example_branch_operator.py
[2022-02-03 23:39:14,695] {processor.py:654} INFO - DAG(s) dict_keys(['example_branch_operator']) retrieved from /home/airflow/.local/lib/python3.7/site-packages/airflow/example_dags/example_branch_operator.py
[2022-02-03 23:39:14,716] {logging_mixin.py:109} INFO - [2022-02-03 23:39:14,715] {dag.py:2396} INFO - Sync 1 DAGs
[2022-02-03 23:39:14,745] {logging_mixin.py:109} INFO - [2022-02-03 23:39:14,745] {dag.py:2935} INFO - Setting next_dagrun for example_branch_operator to 2022-02-02 00:00:00+00:00
[2022-02-03 23:39:14,755] {processor.py:171} INFO - Processing /home/airflow/.local/lib/python3.7/site-packages/airflow/example_dags/example_branch_operator.py took 0.115 seconds
[2022-02-03 23:39:45,065] {processor.py:163} INFO - Started process (PID=1080) to work on /home/airflow/.local/lib/python3.7/site-packages/airflow/example_dags/example_branch_operator.py
[2022-02-03 23:39:45,067] {processor.py:642} INFO - Processing file /home/airflow/.local/lib/python3.7/site-packages/airflow/example_dags/example_branch_operator.py for tasks to queue
[2022-02-03 23:39:45,068] {logging_mixin.py:109} INFO - [2022-02-03 23:39:45,068] {dagbag.py:500} INFO - Filling up the DagBag from /home/airflow/.local/lib/python3.7/site-packages/airflow/example_dags/example_branch_operator.py
[2022-02-03 23:39:45,106] {processor.py:654} INFO - DAG(s) dict_keys(['example_branch_operator']) retrieved from /home/airflow/.local/lib/python3.7/site-packages/airflow/example_dags/example_branch_operator.py
[2022-02-03 23:39:45,123] {logging_mixin.py:109} INFO - [2022-02-03 23:39:45,122] {dag.py:2396} INFO - Sync 1 DAGs
[2022-02-03 23:39:45,144] {logging_mixin.py:109} INFO - [2022-02-03 23:39:45,144] {dag.py:2935} INFO - Setting next_dagrun for example_branch_operator to 2022-02-02 00:00:00+00:00
[2022-02-03 23:39:45,157] {processor.py:171} INFO - Processing /home/airflow/.local/lib/python3.7/site-packages/airflow/example_dags/example_branch_operator.py took 0.096 seconds
[2022-02-03 23:40:15,706] {processor.py:163} INFO - Started process (PID=1135) to work on /home/airflow/.local/lib/python3.7/site-packages/airflow/example_dags/example_branch_operator.py
[2022-02-03 23:40:15,708] {processor.py:642} INFO - Processing file /home/airflow/.local/lib/python3.7/site-packages/airflow/example_dags/example_branch_operator.py for tasks to queue
[2022-02-03 23:40:15,710] {logging_mixin.py:109} INFO - [2022-02-03 23:40:15,710] {dagbag.py:500} INFO - Filling up the DagBag from /home/airflow/.local/lib/python3.7/site-packages/airflow/example_dags/example_branch_operator.py
[2022-02-03 23:40:15,748] {processor.py:654} INFO - DAG(s) dict_keys(['example_branch_operator']) retrieved from /home/airflow/.local/lib/python3.7/site-packages/airflow/example_dags/example_branch_operator.py
[2022-02-03 23:40:15,761] {logging_mixin.py:109} INFO - [2022-02-03 23:40:15,761] {dag.py:2396} INFO - Sync 1 DAGs
[2022-02-03 23:40:15,784] {logging_mixin.py:109} INFO - [2022-02-03 23:40:15,783] {dag.py:2935} INFO - Setting next_dagrun for example_branch_operator to 2022-02-02 00:00:00+00:00
[2022-02-03 23:40:15,797] {processor.py:171} INFO - Processing /home/airflow/.local/lib/python3.7/site-packages/airflow/example_dags/example_branch_operator.py took 0.095 seconds
[2022-02-03 23:40:46,654] {processor.py:163} INFO - Started process (PID=1188) to work on /home/airflow/.local/lib/python3.7/site-packages/airflow/example_dags/example_branch_operator.py
[2022-02-03 23:40:46,657] {processor.py:642} INFO - Processing file /home/airflow/.local/lib/python3.7/site-packages/airflow/example_dags/example_branch_operator.py for tasks to queue
[2022-02-03 23:40:46,659] {logging_mixin.py:109} INFO - [2022-02-03 23:40:46,659] {dagbag.py:500} INFO - Filling up the DagBag from /home/airflow/.local/lib/python3.7/site-packages/airflow/example_dags/example_branch_operator.py
[2022-02-03 23:40:46,757] {processor.py:654} INFO - DAG(s) dict_keys(['example_branch_operator']) retrieved from /home/airflow/.local/lib/python3.7/site-packages/airflow/example_dags/example_branch_operator.py
[2022-02-03 23:40:46,793] {logging_mixin.py:109} INFO - [2022-02-03 23:40:46,793] {dag.py:2396} INFO - Sync 1 DAGs
[2022-02-03 23:40:46,839] {logging_mixin.py:109} INFO - [2022-02-03 23:40:46,839] {dag.py:2935} INFO - Setting next_dagrun for example_branch_operator to 2022-02-02 00:00:00+00:00
[2022-02-03 23:40:46,856] {processor.py:171} INFO - Processing /home/airflow/.local/lib/python3.7/site-packages/airflow/example_dags/example_branch_operator.py took 0.206 seconds
