[2022-02-03 23:02:28,070] {processor.py:163} INFO - Started process (PID=182) to work on /home/airflow/.local/lib/python3.7/site-packages/airflow/example_dags/example_branch_labels.py
[2022-02-03 23:02:28,073] {processor.py:642} INFO - Processing file /home/airflow/.local/lib/python3.7/site-packages/airflow/example_dags/example_branch_labels.py for tasks to queue
[2022-02-03 23:02:28,075] {logging_mixin.py:109} INFO - [2022-02-03 23:02:28,075] {dagbag.py:500} INFO - Filling up the DagBag from /home/airflow/.local/lib/python3.7/site-packages/airflow/example_dags/example_branch_labels.py
[2022-02-03 23:02:28,119] {processor.py:654} INFO - DAG(s) dict_keys(['example_branch_labels']) retrieved from /home/airflow/.local/lib/python3.7/site-packages/airflow/example_dags/example_branch_labels.py
[2022-02-03 23:02:30,426] {logging_mixin.py:109} INFO - [2022-02-03 23:02:30,426] {manager.py:496} INFO - Created Permission View: can read on DAG:example_branch_labels
[2022-02-03 23:02:30,436] {logging_mixin.py:109} INFO - [2022-02-03 23:02:30,436] {manager.py:496} INFO - Created Permission View: can edit on DAG:example_branch_labels
[2022-02-03 23:02:30,437] {logging_mixin.py:109} INFO - [2022-02-03 23:02:30,437] {dag.py:2396} INFO - Sync 1 DAGs
[2022-02-03 23:02:30,447] {logging_mixin.py:109} INFO - [2022-02-03 23:02:30,446] {dag.py:2415} INFO - Creating ORM DAG for example_branch_labels
[2022-02-03 23:02:30,459] {logging_mixin.py:109} INFO - [2022-02-03 23:02:30,459] {dag.py:2935} INFO - Setting next_dagrun for example_branch_labels to 2022-02-02 00:00:00+00:00
[2022-02-03 23:02:30,472] {processor.py:171} INFO - Processing /home/airflow/.local/lib/python3.7/site-packages/airflow/example_dags/example_branch_labels.py took 2.406 seconds
[2022-02-03 23:03:00,678] {processor.py:163} INFO - Started process (PID=267) to work on /home/airflow/.local/lib/python3.7/site-packages/airflow/example_dags/example_branch_labels.py
[2022-02-03 23:03:00,680] {processor.py:642} INFO - Processing file /home/airflow/.local/lib/python3.7/site-packages/airflow/example_dags/example_branch_labels.py for tasks to queue
[2022-02-03 23:03:00,682] {logging_mixin.py:109} INFO - [2022-02-03 23:03:00,682] {dagbag.py:500} INFO - Filling up the DagBag from /home/airflow/.local/lib/python3.7/site-packages/airflow/example_dags/example_branch_labels.py
[2022-02-03 23:03:00,720] {processor.py:654} INFO - DAG(s) dict_keys(['example_branch_labels']) retrieved from /home/airflow/.local/lib/python3.7/site-packages/airflow/example_dags/example_branch_labels.py
[2022-02-03 23:03:00,733] {logging_mixin.py:109} INFO - [2022-02-03 23:03:00,733] {dag.py:2396} INFO - Sync 1 DAGs
[2022-02-03 23:03:00,754] {logging_mixin.py:109} INFO - [2022-02-03 23:03:00,754] {dag.py:2935} INFO - Setting next_dagrun for example_branch_labels to 2022-02-02 00:00:00+00:00
[2022-02-03 23:03:00,765] {processor.py:171} INFO - Processing /home/airflow/.local/lib/python3.7/site-packages/airflow/example_dags/example_branch_labels.py took 0.090 seconds
[2022-02-03 23:03:31,479] {processor.py:163} INFO - Started process (PID=321) to work on /home/airflow/.local/lib/python3.7/site-packages/airflow/example_dags/example_branch_labels.py
[2022-02-03 23:03:31,481] {processor.py:642} INFO - Processing file /home/airflow/.local/lib/python3.7/site-packages/airflow/example_dags/example_branch_labels.py for tasks to queue
[2022-02-03 23:03:31,482] {logging_mixin.py:109} INFO - [2022-02-03 23:03:31,482] {dagbag.py:500} INFO - Filling up the DagBag from /home/airflow/.local/lib/python3.7/site-packages/airflow/example_dags/example_branch_labels.py
[2022-02-03 23:03:31,519] {processor.py:654} INFO - DAG(s) dict_keys(['example_branch_labels']) retrieved from /home/airflow/.local/lib/python3.7/site-packages/airflow/example_dags/example_branch_labels.py
[2022-02-03 23:03:31,535] {logging_mixin.py:109} INFO - [2022-02-03 23:03:31,535] {dag.py:2396} INFO - Sync 1 DAGs
[2022-02-03 23:03:31,560] {logging_mixin.py:109} INFO - [2022-02-03 23:03:31,560] {dag.py:2935} INFO - Setting next_dagrun for example_branch_labels to 2022-02-02 00:00:00+00:00
[2022-02-03 23:03:31,571] {processor.py:171} INFO - Processing /home/airflow/.local/lib/python3.7/site-packages/airflow/example_dags/example_branch_labels.py took 0.098 seconds
[2022-02-03 23:04:01,837] {processor.py:163} INFO - Started process (PID=384) to work on /home/airflow/.local/lib/python3.7/site-packages/airflow/example_dags/example_branch_labels.py
[2022-02-03 23:04:01,839] {processor.py:642} INFO - Processing file /home/airflow/.local/lib/python3.7/site-packages/airflow/example_dags/example_branch_labels.py for tasks to queue
[2022-02-03 23:04:01,841] {logging_mixin.py:109} INFO - [2022-02-03 23:04:01,841] {dagbag.py:500} INFO - Filling up the DagBag from /home/airflow/.local/lib/python3.7/site-packages/airflow/example_dags/example_branch_labels.py
[2022-02-03 23:04:01,877] {processor.py:654} INFO - DAG(s) dict_keys(['example_branch_labels']) retrieved from /home/airflow/.local/lib/python3.7/site-packages/airflow/example_dags/example_branch_labels.py
[2022-02-03 23:04:01,890] {logging_mixin.py:109} INFO - [2022-02-03 23:04:01,890] {dag.py:2396} INFO - Sync 1 DAGs
[2022-02-03 23:04:01,912] {logging_mixin.py:109} INFO - [2022-02-03 23:04:01,911] {dag.py:2935} INFO - Setting next_dagrun for example_branch_labels to 2022-02-02 00:00:00+00:00
[2022-02-03 23:04:01,923] {processor.py:171} INFO - Processing /home/airflow/.local/lib/python3.7/site-packages/airflow/example_dags/example_branch_labels.py took 0.090 seconds
[2022-02-03 23:04:32,752] {processor.py:163} INFO - Started process (PID=444) to work on /home/airflow/.local/lib/python3.7/site-packages/airflow/example_dags/example_branch_labels.py
[2022-02-03 23:04:32,755] {processor.py:642} INFO - Processing file /home/airflow/.local/lib/python3.7/site-packages/airflow/example_dags/example_branch_labels.py for tasks to queue
[2022-02-03 23:04:32,756] {logging_mixin.py:109} INFO - [2022-02-03 23:04:32,756] {dagbag.py:500} INFO - Filling up the DagBag from /home/airflow/.local/lib/python3.7/site-packages/airflow/example_dags/example_branch_labels.py
[2022-02-03 23:04:32,792] {processor.py:654} INFO - DAG(s) dict_keys(['example_branch_labels']) retrieved from /home/airflow/.local/lib/python3.7/site-packages/airflow/example_dags/example_branch_labels.py
[2022-02-03 23:04:32,815] {logging_mixin.py:109} INFO - [2022-02-03 23:04:32,815] {dag.py:2396} INFO - Sync 1 DAGs
[2022-02-03 23:04:32,833] {logging_mixin.py:109} INFO - [2022-02-03 23:04:32,833] {dag.py:2935} INFO - Setting next_dagrun for example_branch_labels to 2022-02-02 00:00:00+00:00
[2022-02-03 23:04:32,850] {processor.py:171} INFO - Processing /home/airflow/.local/lib/python3.7/site-packages/airflow/example_dags/example_branch_labels.py took 0.102 seconds
[2022-02-03 23:05:02,994] {processor.py:163} INFO - Started process (PID=495) to work on /home/airflow/.local/lib/python3.7/site-packages/airflow/example_dags/example_branch_labels.py
[2022-02-03 23:05:02,996] {processor.py:642} INFO - Processing file /home/airflow/.local/lib/python3.7/site-packages/airflow/example_dags/example_branch_labels.py for tasks to queue
[2022-02-03 23:05:02,998] {logging_mixin.py:109} INFO - [2022-02-03 23:05:02,998] {dagbag.py:500} INFO - Filling up the DagBag from /home/airflow/.local/lib/python3.7/site-packages/airflow/example_dags/example_branch_labels.py
[2022-02-03 23:05:03,030] {processor.py:654} INFO - DAG(s) dict_keys(['example_branch_labels']) retrieved from /home/airflow/.local/lib/python3.7/site-packages/airflow/example_dags/example_branch_labels.py
[2022-02-03 23:05:03,042] {logging_mixin.py:109} INFO - [2022-02-03 23:05:03,042] {dag.py:2396} INFO - Sync 1 DAGs
[2022-02-03 23:05:03,061] {logging_mixin.py:109} INFO - [2022-02-03 23:05:03,061] {dag.py:2935} INFO - Setting next_dagrun for example_branch_labels to 2022-02-02 00:00:00+00:00
[2022-02-03 23:05:03,072] {processor.py:171} INFO - Processing /home/airflow/.local/lib/python3.7/site-packages/airflow/example_dags/example_branch_labels.py took 0.084 seconds
[2022-02-03 23:05:33,444] {processor.py:163} INFO - Started process (PID=558) to work on /home/airflow/.local/lib/python3.7/site-packages/airflow/example_dags/example_branch_labels.py
[2022-02-03 23:05:33,446] {processor.py:642} INFO - Processing file /home/airflow/.local/lib/python3.7/site-packages/airflow/example_dags/example_branch_labels.py for tasks to queue
[2022-02-03 23:05:33,447] {logging_mixin.py:109} INFO - [2022-02-03 23:05:33,447] {dagbag.py:500} INFO - Filling up the DagBag from /home/airflow/.local/lib/python3.7/site-packages/airflow/example_dags/example_branch_labels.py
[2022-02-03 23:05:33,479] {processor.py:654} INFO - DAG(s) dict_keys(['example_branch_labels']) retrieved from /home/airflow/.local/lib/python3.7/site-packages/airflow/example_dags/example_branch_labels.py
[2022-02-03 23:05:33,504] {logging_mixin.py:109} INFO - [2022-02-03 23:05:33,503] {dag.py:2396} INFO - Sync 1 DAGs
[2022-02-03 23:05:33,522] {logging_mixin.py:109} INFO - [2022-02-03 23:05:33,522] {dag.py:2935} INFO - Setting next_dagrun for example_branch_labels to 2022-02-02 00:00:00+00:00
[2022-02-03 23:05:33,533] {processor.py:171} INFO - Processing /home/airflow/.local/lib/python3.7/site-packages/airflow/example_dags/example_branch_labels.py took 0.093 seconds
[2022-02-03 23:06:04,376] {processor.py:163} INFO - Started process (PID=617) to work on /home/airflow/.local/lib/python3.7/site-packages/airflow/example_dags/example_branch_labels.py
[2022-02-03 23:06:04,379] {processor.py:642} INFO - Processing file /home/airflow/.local/lib/python3.7/site-packages/airflow/example_dags/example_branch_labels.py for tasks to queue
[2022-02-03 23:06:04,381] {logging_mixin.py:109} INFO - [2022-02-03 23:06:04,381] {dagbag.py:500} INFO - Filling up the DagBag from /home/airflow/.local/lib/python3.7/site-packages/airflow/example_dags/example_branch_labels.py
[2022-02-03 23:06:04,415] {processor.py:654} INFO - DAG(s) dict_keys(['example_branch_labels']) retrieved from /home/airflow/.local/lib/python3.7/site-packages/airflow/example_dags/example_branch_labels.py
[2022-02-03 23:06:04,428] {logging_mixin.py:109} INFO - [2022-02-03 23:06:04,428] {dag.py:2396} INFO - Sync 1 DAGs
[2022-02-03 23:06:04,448] {logging_mixin.py:109} INFO - [2022-02-03 23:06:04,448] {dag.py:2935} INFO - Setting next_dagrun for example_branch_labels to 2022-02-02 00:00:00+00:00
[2022-02-03 23:06:04,462] {processor.py:171} INFO - Processing /home/airflow/.local/lib/python3.7/site-packages/airflow/example_dags/example_branch_labels.py took 0.090 seconds
[2022-02-03 23:06:35,445] {processor.py:163} INFO - Started process (PID=672) to work on /home/airflow/.local/lib/python3.7/site-packages/airflow/example_dags/example_branch_labels.py
[2022-02-03 23:06:35,448] {processor.py:642} INFO - Processing file /home/airflow/.local/lib/python3.7/site-packages/airflow/example_dags/example_branch_labels.py for tasks to queue
[2022-02-03 23:06:35,449] {logging_mixin.py:109} INFO - [2022-02-03 23:06:35,449] {dagbag.py:500} INFO - Filling up the DagBag from /home/airflow/.local/lib/python3.7/site-packages/airflow/example_dags/example_branch_labels.py
[2022-02-03 23:06:35,482] {processor.py:654} INFO - DAG(s) dict_keys(['example_branch_labels']) retrieved from /home/airflow/.local/lib/python3.7/site-packages/airflow/example_dags/example_branch_labels.py
[2022-02-03 23:06:35,494] {logging_mixin.py:109} INFO - [2022-02-03 23:06:35,494] {dag.py:2396} INFO - Sync 1 DAGs
[2022-02-03 23:06:35,513] {logging_mixin.py:109} INFO - [2022-02-03 23:06:35,513] {dag.py:2935} INFO - Setting next_dagrun for example_branch_labels to 2022-02-02 00:00:00+00:00
[2022-02-03 23:06:35,523] {processor.py:171} INFO - Processing /home/airflow/.local/lib/python3.7/site-packages/airflow/example_dags/example_branch_labels.py took 0.082 seconds
[2022-02-03 23:07:06,063] {processor.py:163} INFO - Started process (PID=736) to work on /home/airflow/.local/lib/python3.7/site-packages/airflow/example_dags/example_branch_labels.py
[2022-02-03 23:07:06,067] {processor.py:642} INFO - Processing file /home/airflow/.local/lib/python3.7/site-packages/airflow/example_dags/example_branch_labels.py for tasks to queue
[2022-02-03 23:07:06,070] {logging_mixin.py:109} INFO - [2022-02-03 23:07:06,070] {dagbag.py:500} INFO - Filling up the DagBag from /home/airflow/.local/lib/python3.7/site-packages/airflow/example_dags/example_branch_labels.py
[2022-02-03 23:07:06,109] {processor.py:654} INFO - DAG(s) dict_keys(['example_branch_labels']) retrieved from /home/airflow/.local/lib/python3.7/site-packages/airflow/example_dags/example_branch_labels.py
[2022-02-03 23:07:06,128] {logging_mixin.py:109} INFO - [2022-02-03 23:07:06,128] {dag.py:2396} INFO - Sync 1 DAGs
[2022-02-03 23:07:06,156] {logging_mixin.py:109} INFO - [2022-02-03 23:07:06,156] {dag.py:2935} INFO - Setting next_dagrun for example_branch_labels to 2022-02-02 00:00:00+00:00
[2022-02-03 23:07:06,176] {processor.py:171} INFO - Processing /home/airflow/.local/lib/python3.7/site-packages/airflow/example_dags/example_branch_labels.py took 0.119 seconds
[2022-02-03 23:07:37,084] {processor.py:163} INFO - Started process (PID=787) to work on /home/airflow/.local/lib/python3.7/site-packages/airflow/example_dags/example_branch_labels.py
[2022-02-03 23:07:37,086] {processor.py:642} INFO - Processing file /home/airflow/.local/lib/python3.7/site-packages/airflow/example_dags/example_branch_labels.py for tasks to queue
[2022-02-03 23:07:37,087] {logging_mixin.py:109} INFO - [2022-02-03 23:07:37,087] {dagbag.py:500} INFO - Filling up the DagBag from /home/airflow/.local/lib/python3.7/site-packages/airflow/example_dags/example_branch_labels.py
[2022-02-03 23:07:37,122] {processor.py:654} INFO - DAG(s) dict_keys(['example_branch_labels']) retrieved from /home/airflow/.local/lib/python3.7/site-packages/airflow/example_dags/example_branch_labels.py
[2022-02-03 23:07:37,138] {logging_mixin.py:109} INFO - [2022-02-03 23:07:37,138] {dag.py:2396} INFO - Sync 1 DAGs
[2022-02-03 23:07:37,160] {logging_mixin.py:109} INFO - [2022-02-03 23:07:37,160] {dag.py:2935} INFO - Setting next_dagrun for example_branch_labels to 2022-02-02 00:00:00+00:00
[2022-02-03 23:07:37,172] {processor.py:171} INFO - Processing /home/airflow/.local/lib/python3.7/site-packages/airflow/example_dags/example_branch_labels.py took 0.092 seconds
[2022-02-03 23:08:07,612] {processor.py:163} INFO - Started process (PID=855) to work on /home/airflow/.local/lib/python3.7/site-packages/airflow/example_dags/example_branch_labels.py
[2022-02-03 23:08:07,615] {processor.py:642} INFO - Processing file /home/airflow/.local/lib/python3.7/site-packages/airflow/example_dags/example_branch_labels.py for tasks to queue
[2022-02-03 23:08:07,616] {logging_mixin.py:109} INFO - [2022-02-03 23:08:07,616] {dagbag.py:500} INFO - Filling up the DagBag from /home/airflow/.local/lib/python3.7/site-packages/airflow/example_dags/example_branch_labels.py
[2022-02-03 23:08:07,648] {processor.py:654} INFO - DAG(s) dict_keys(['example_branch_labels']) retrieved from /home/airflow/.local/lib/python3.7/site-packages/airflow/example_dags/example_branch_labels.py
[2022-02-03 23:08:07,661] {logging_mixin.py:109} INFO - [2022-02-03 23:08:07,661] {dag.py:2396} INFO - Sync 1 DAGs
[2022-02-03 23:08:07,682] {logging_mixin.py:109} INFO - [2022-02-03 23:08:07,682] {dag.py:2935} INFO - Setting next_dagrun for example_branch_labels to 2022-02-02 00:00:00+00:00
[2022-02-03 23:08:07,694] {processor.py:171} INFO - Processing /home/airflow/.local/lib/python3.7/site-packages/airflow/example_dags/example_branch_labels.py took 0.085 seconds
[2022-02-03 23:08:37,840] {processor.py:163} INFO - Started process (PID=913) to work on /home/airflow/.local/lib/python3.7/site-packages/airflow/example_dags/example_branch_labels.py
[2022-02-03 23:08:37,843] {processor.py:642} INFO - Processing file /home/airflow/.local/lib/python3.7/site-packages/airflow/example_dags/example_branch_labels.py for tasks to queue
[2022-02-03 23:08:37,844] {logging_mixin.py:109} INFO - [2022-02-03 23:08:37,844] {dagbag.py:500} INFO - Filling up the DagBag from /home/airflow/.local/lib/python3.7/site-packages/airflow/example_dags/example_branch_labels.py
[2022-02-03 23:08:37,910] {processor.py:654} INFO - DAG(s) dict_keys(['example_branch_labels']) retrieved from /home/airflow/.local/lib/python3.7/site-packages/airflow/example_dags/example_branch_labels.py
[2022-02-03 23:08:37,923] {logging_mixin.py:109} INFO - [2022-02-03 23:08:37,923] {dag.py:2396} INFO - Sync 1 DAGs
[2022-02-03 23:08:37,944] {logging_mixin.py:109} INFO - [2022-02-03 23:08:37,944] {dag.py:2935} INFO - Setting next_dagrun for example_branch_labels to 2022-02-02 00:00:00+00:00
[2022-02-03 23:08:37,955] {processor.py:171} INFO - Processing /home/airflow/.local/lib/python3.7/site-packages/airflow/example_dags/example_branch_labels.py took 0.119 seconds
[2022-02-03 23:09:08,325] {processor.py:163} INFO - Started process (PID=970) to work on /home/airflow/.local/lib/python3.7/site-packages/airflow/example_dags/example_branch_labels.py
[2022-02-03 23:09:08,327] {processor.py:642} INFO - Processing file /home/airflow/.local/lib/python3.7/site-packages/airflow/example_dags/example_branch_labels.py for tasks to queue
[2022-02-03 23:09:08,328] {logging_mixin.py:109} INFO - [2022-02-03 23:09:08,328] {dagbag.py:500} INFO - Filling up the DagBag from /home/airflow/.local/lib/python3.7/site-packages/airflow/example_dags/example_branch_labels.py
[2022-02-03 23:09:08,365] {processor.py:654} INFO - DAG(s) dict_keys(['example_branch_labels']) retrieved from /home/airflow/.local/lib/python3.7/site-packages/airflow/example_dags/example_branch_labels.py
[2022-02-03 23:09:08,388] {logging_mixin.py:109} INFO - [2022-02-03 23:09:08,387] {dag.py:2396} INFO - Sync 1 DAGs
[2022-02-03 23:09:08,409] {logging_mixin.py:109} INFO - [2022-02-03 23:09:08,409] {dag.py:2935} INFO - Setting next_dagrun for example_branch_labels to 2022-02-02 00:00:00+00:00
[2022-02-03 23:09:08,419] {processor.py:171} INFO - Processing /home/airflow/.local/lib/python3.7/site-packages/airflow/example_dags/example_branch_labels.py took 0.099 seconds
[2022-02-03 23:09:38,822] {processor.py:163} INFO - Started process (PID=1026) to work on /home/airflow/.local/lib/python3.7/site-packages/airflow/example_dags/example_branch_labels.py
[2022-02-03 23:09:38,826] {processor.py:642} INFO - Processing file /home/airflow/.local/lib/python3.7/site-packages/airflow/example_dags/example_branch_labels.py for tasks to queue
[2022-02-03 23:09:38,829] {logging_mixin.py:109} INFO - [2022-02-03 23:09:38,829] {dagbag.py:500} INFO - Filling up the DagBag from /home/airflow/.local/lib/python3.7/site-packages/airflow/example_dags/example_branch_labels.py
[2022-02-03 23:09:38,870] {processor.py:654} INFO - DAG(s) dict_keys(['example_branch_labels']) retrieved from /home/airflow/.local/lib/python3.7/site-packages/airflow/example_dags/example_branch_labels.py
[2022-02-03 23:09:38,887] {logging_mixin.py:109} INFO - [2022-02-03 23:09:38,887] {dag.py:2396} INFO - Sync 1 DAGs
[2022-02-03 23:09:38,914] {logging_mixin.py:109} INFO - [2022-02-03 23:09:38,914] {dag.py:2935} INFO - Setting next_dagrun for example_branch_labels to 2022-02-02 00:00:00+00:00
[2022-02-03 23:09:38,924] {processor.py:171} INFO - Processing /home/airflow/.local/lib/python3.7/site-packages/airflow/example_dags/example_branch_labels.py took 0.108 seconds
[2022-02-03 23:10:09,271] {processor.py:163} INFO - Started process (PID=1093) to work on /home/airflow/.local/lib/python3.7/site-packages/airflow/example_dags/example_branch_labels.py
[2022-02-03 23:10:09,274] {processor.py:642} INFO - Processing file /home/airflow/.local/lib/python3.7/site-packages/airflow/example_dags/example_branch_labels.py for tasks to queue
[2022-02-03 23:10:09,275] {logging_mixin.py:109} INFO - [2022-02-03 23:10:09,275] {dagbag.py:500} INFO - Filling up the DagBag from /home/airflow/.local/lib/python3.7/site-packages/airflow/example_dags/example_branch_labels.py
[2022-02-03 23:10:09,306] {processor.py:654} INFO - DAG(s) dict_keys(['example_branch_labels']) retrieved from /home/airflow/.local/lib/python3.7/site-packages/airflow/example_dags/example_branch_labels.py
[2022-02-03 23:10:09,318] {logging_mixin.py:109} INFO - [2022-02-03 23:10:09,318] {dag.py:2396} INFO - Sync 1 DAGs
[2022-02-03 23:10:09,337] {logging_mixin.py:109} INFO - [2022-02-03 23:10:09,337] {dag.py:2935} INFO - Setting next_dagrun for example_branch_labels to 2022-02-02 00:00:00+00:00
[2022-02-03 23:10:09,348] {processor.py:171} INFO - Processing /home/airflow/.local/lib/python3.7/site-packages/airflow/example_dags/example_branch_labels.py took 0.080 seconds
[2022-02-03 23:10:39,694] {processor.py:163} INFO - Started process (PID=1150) to work on /home/airflow/.local/lib/python3.7/site-packages/airflow/example_dags/example_branch_labels.py
[2022-02-03 23:10:39,697] {processor.py:642} INFO - Processing file /home/airflow/.local/lib/python3.7/site-packages/airflow/example_dags/example_branch_labels.py for tasks to queue
[2022-02-03 23:10:39,699] {logging_mixin.py:109} INFO - [2022-02-03 23:10:39,699] {dagbag.py:500} INFO - Filling up the DagBag from /home/airflow/.local/lib/python3.7/site-packages/airflow/example_dags/example_branch_labels.py
[2022-02-03 23:10:39,735] {processor.py:654} INFO - DAG(s) dict_keys(['example_branch_labels']) retrieved from /home/airflow/.local/lib/python3.7/site-packages/airflow/example_dags/example_branch_labels.py
[2022-02-03 23:10:39,748] {logging_mixin.py:109} INFO - [2022-02-03 23:10:39,748] {dag.py:2396} INFO - Sync 1 DAGs
[2022-02-03 23:10:39,767] {logging_mixin.py:109} INFO - [2022-02-03 23:10:39,766] {dag.py:2935} INFO - Setting next_dagrun for example_branch_labels to 2022-02-02 00:00:00+00:00
[2022-02-03 23:10:39,777] {processor.py:171} INFO - Processing /home/airflow/.local/lib/python3.7/site-packages/airflow/example_dags/example_branch_labels.py took 0.088 seconds
[2022-02-03 23:11:09,808] {processor.py:163} INFO - Started process (PID=1205) to work on /home/airflow/.local/lib/python3.7/site-packages/airflow/example_dags/example_branch_labels.py
[2022-02-03 23:11:09,811] {processor.py:642} INFO - Processing file /home/airflow/.local/lib/python3.7/site-packages/airflow/example_dags/example_branch_labels.py for tasks to queue
[2022-02-03 23:11:09,813] {logging_mixin.py:109} INFO - [2022-02-03 23:11:09,813] {dagbag.py:500} INFO - Filling up the DagBag from /home/airflow/.local/lib/python3.7/site-packages/airflow/example_dags/example_branch_labels.py
[2022-02-03 23:11:09,848] {processor.py:654} INFO - DAG(s) dict_keys(['example_branch_labels']) retrieved from /home/airflow/.local/lib/python3.7/site-packages/airflow/example_dags/example_branch_labels.py
[2022-02-03 23:11:09,867] {logging_mixin.py:109} INFO - [2022-02-03 23:11:09,867] {dag.py:2396} INFO - Sync 1 DAGs
[2022-02-03 23:11:09,888] {logging_mixin.py:109} INFO - [2022-02-03 23:11:09,887] {dag.py:2935} INFO - Setting next_dagrun for example_branch_labels to 2022-02-02 00:00:00+00:00
[2022-02-03 23:11:09,903] {processor.py:171} INFO - Processing /home/airflow/.local/lib/python3.7/site-packages/airflow/example_dags/example_branch_labels.py took 0.100 seconds
[2022-02-03 23:11:40,472] {processor.py:163} INFO - Started process (PID=1271) to work on /home/airflow/.local/lib/python3.7/site-packages/airflow/example_dags/example_branch_labels.py
[2022-02-03 23:11:40,474] {processor.py:642} INFO - Processing file /home/airflow/.local/lib/python3.7/site-packages/airflow/example_dags/example_branch_labels.py for tasks to queue
[2022-02-03 23:11:40,476] {logging_mixin.py:109} INFO - [2022-02-03 23:11:40,476] {dagbag.py:500} INFO - Filling up the DagBag from /home/airflow/.local/lib/python3.7/site-packages/airflow/example_dags/example_branch_labels.py
[2022-02-03 23:11:40,521] {processor.py:654} INFO - DAG(s) dict_keys(['example_branch_labels']) retrieved from /home/airflow/.local/lib/python3.7/site-packages/airflow/example_dags/example_branch_labels.py
[2022-02-03 23:11:40,535] {logging_mixin.py:109} INFO - [2022-02-03 23:11:40,535] {dag.py:2396} INFO - Sync 1 DAGs
[2022-02-03 23:11:40,558] {logging_mixin.py:109} INFO - [2022-02-03 23:11:40,558] {dag.py:2935} INFO - Setting next_dagrun for example_branch_labels to 2022-02-02 00:00:00+00:00
[2022-02-03 23:11:40,572] {processor.py:171} INFO - Processing /home/airflow/.local/lib/python3.7/site-packages/airflow/example_dags/example_branch_labels.py took 0.106 seconds
[2022-02-03 23:12:10,796] {processor.py:163} INFO - Started process (PID=1327) to work on /home/airflow/.local/lib/python3.7/site-packages/airflow/example_dags/example_branch_labels.py
[2022-02-03 23:12:10,799] {processor.py:642} INFO - Processing file /home/airflow/.local/lib/python3.7/site-packages/airflow/example_dags/example_branch_labels.py for tasks to queue
[2022-02-03 23:12:10,800] {logging_mixin.py:109} INFO - [2022-02-03 23:12:10,800] {dagbag.py:500} INFO - Filling up the DagBag from /home/airflow/.local/lib/python3.7/site-packages/airflow/example_dags/example_branch_labels.py
[2022-02-03 23:12:10,835] {processor.py:654} INFO - DAG(s) dict_keys(['example_branch_labels']) retrieved from /home/airflow/.local/lib/python3.7/site-packages/airflow/example_dags/example_branch_labels.py
[2022-02-03 23:12:10,848] {logging_mixin.py:109} INFO - [2022-02-03 23:12:10,848] {dag.py:2396} INFO - Sync 1 DAGs
[2022-02-03 23:12:10,871] {logging_mixin.py:109} INFO - [2022-02-03 23:12:10,871] {dag.py:2935} INFO - Setting next_dagrun for example_branch_labels to 2022-02-02 00:00:00+00:00
[2022-02-03 23:12:10,885] {processor.py:171} INFO - Processing /home/airflow/.local/lib/python3.7/site-packages/airflow/example_dags/example_branch_labels.py took 0.093 seconds
[2022-02-03 23:12:41,256] {processor.py:163} INFO - Started process (PID=1391) to work on /home/airflow/.local/lib/python3.7/site-packages/airflow/example_dags/example_branch_labels.py
[2022-02-03 23:12:41,258] {processor.py:642} INFO - Processing file /home/airflow/.local/lib/python3.7/site-packages/airflow/example_dags/example_branch_labels.py for tasks to queue
[2022-02-03 23:12:41,260] {logging_mixin.py:109} INFO - [2022-02-03 23:12:41,260] {dagbag.py:500} INFO - Filling up the DagBag from /home/airflow/.local/lib/python3.7/site-packages/airflow/example_dags/example_branch_labels.py
[2022-02-03 23:12:41,297] {processor.py:654} INFO - DAG(s) dict_keys(['example_branch_labels']) retrieved from /home/airflow/.local/lib/python3.7/site-packages/airflow/example_dags/example_branch_labels.py
[2022-02-03 23:12:41,312] {logging_mixin.py:109} INFO - [2022-02-03 23:12:41,312] {dag.py:2396} INFO - Sync 1 DAGs
[2022-02-03 23:12:41,333] {logging_mixin.py:109} INFO - [2022-02-03 23:12:41,333] {dag.py:2935} INFO - Setting next_dagrun for example_branch_labels to 2022-02-02 00:00:00+00:00
[2022-02-03 23:12:41,351] {processor.py:171} INFO - Processing /home/airflow/.local/lib/python3.7/site-packages/airflow/example_dags/example_branch_labels.py took 0.102 seconds
[2022-02-03 23:13:11,537] {processor.py:163} INFO - Started process (PID=1445) to work on /home/airflow/.local/lib/python3.7/site-packages/airflow/example_dags/example_branch_labels.py
[2022-02-03 23:13:11,539] {processor.py:642} INFO - Processing file /home/airflow/.local/lib/python3.7/site-packages/airflow/example_dags/example_branch_labels.py for tasks to queue
[2022-02-03 23:13:11,541] {logging_mixin.py:109} INFO - [2022-02-03 23:13:11,541] {dagbag.py:500} INFO - Filling up the DagBag from /home/airflow/.local/lib/python3.7/site-packages/airflow/example_dags/example_branch_labels.py
[2022-02-03 23:13:11,573] {processor.py:654} INFO - DAG(s) dict_keys(['example_branch_labels']) retrieved from /home/airflow/.local/lib/python3.7/site-packages/airflow/example_dags/example_branch_labels.py
[2022-02-03 23:13:11,587] {logging_mixin.py:109} INFO - [2022-02-03 23:13:11,586] {dag.py:2396} INFO - Sync 1 DAGs
[2022-02-03 23:13:11,609] {logging_mixin.py:109} INFO - [2022-02-03 23:13:11,609] {dag.py:2935} INFO - Setting next_dagrun for example_branch_labels to 2022-02-02 00:00:00+00:00
[2022-02-03 23:13:11,624] {processor.py:171} INFO - Processing /home/airflow/.local/lib/python3.7/site-packages/airflow/example_dags/example_branch_labels.py took 0.090 seconds
[2022-02-03 23:13:43,631] {processor.py:163} INFO - Started process (PID=1497) to work on /home/airflow/.local/lib/python3.7/site-packages/airflow/example_dags/example_branch_labels.py
[2022-02-03 23:13:43,634] {processor.py:642} INFO - Processing file /home/airflow/.local/lib/python3.7/site-packages/airflow/example_dags/example_branch_labels.py for tasks to queue
[2022-02-03 23:13:43,637] {logging_mixin.py:109} INFO - [2022-02-03 23:13:43,637] {dagbag.py:500} INFO - Filling up the DagBag from /home/airflow/.local/lib/python3.7/site-packages/airflow/example_dags/example_branch_labels.py
[2022-02-03 23:13:43,689] {processor.py:654} INFO - DAG(s) dict_keys(['example_branch_labels']) retrieved from /home/airflow/.local/lib/python3.7/site-packages/airflow/example_dags/example_branch_labels.py
[2022-02-03 23:13:43,710] {logging_mixin.py:109} INFO - [2022-02-03 23:13:43,710] {dag.py:2396} INFO - Sync 1 DAGs
[2022-02-03 23:13:43,739] {logging_mixin.py:109} INFO - [2022-02-03 23:13:43,739] {dag.py:2935} INFO - Setting next_dagrun for example_branch_labels to 2022-02-02 00:00:00+00:00
[2022-02-03 23:13:43,761] {processor.py:171} INFO - Processing /home/airflow/.local/lib/python3.7/site-packages/airflow/example_dags/example_branch_labels.py took 0.134 seconds
[2022-02-03 23:15:08,322] {processor.py:163} INFO - Started process (PID=63) to work on /home/airflow/.local/lib/python3.7/site-packages/airflow/example_dags/example_branch_labels.py
[2022-02-03 23:15:08,326] {processor.py:642} INFO - Processing file /home/airflow/.local/lib/python3.7/site-packages/airflow/example_dags/example_branch_labels.py for tasks to queue
[2022-02-03 23:15:08,328] {logging_mixin.py:109} INFO - [2022-02-03 23:15:08,328] {dagbag.py:500} INFO - Filling up the DagBag from /home/airflow/.local/lib/python3.7/site-packages/airflow/example_dags/example_branch_labels.py
[2022-02-03 23:15:08,367] {processor.py:654} INFO - DAG(s) dict_keys(['example_branch_labels']) retrieved from /home/airflow/.local/lib/python3.7/site-packages/airflow/example_dags/example_branch_labels.py
[2022-02-03 23:15:08,387] {logging_mixin.py:109} INFO - [2022-02-03 23:15:08,387] {dag.py:2396} INFO - Sync 1 DAGs
[2022-02-03 23:15:08,416] {logging_mixin.py:109} INFO - [2022-02-03 23:15:08,416] {dag.py:2935} INFO - Setting next_dagrun for example_branch_labels to 2022-02-02 00:00:00+00:00
[2022-02-03 23:15:08,426] {processor.py:171} INFO - Processing /home/airflow/.local/lib/python3.7/site-packages/airflow/example_dags/example_branch_labels.py took 0.112 seconds
[2022-02-03 23:30:34,040] {processor.py:163} INFO - Started process (PID=63) to work on /home/airflow/.local/lib/python3.7/site-packages/airflow/example_dags/example_branch_labels.py
[2022-02-03 23:30:34,047] {processor.py:642} INFO - Processing file /home/airflow/.local/lib/python3.7/site-packages/airflow/example_dags/example_branch_labels.py for tasks to queue
[2022-02-03 23:30:34,057] {logging_mixin.py:109} INFO - [2022-02-03 23:30:34,056] {dagbag.py:500} INFO - Filling up the DagBag from /home/airflow/.local/lib/python3.7/site-packages/airflow/example_dags/example_branch_labels.py
[2022-02-03 23:30:34,125] {processor.py:654} INFO - DAG(s) dict_keys(['example_branch_labels']) retrieved from /home/airflow/.local/lib/python3.7/site-packages/airflow/example_dags/example_branch_labels.py
[2022-02-03 23:30:34,160] {logging_mixin.py:109} INFO - [2022-02-03 23:30:34,159] {dag.py:2396} INFO - Sync 1 DAGs
[2022-02-03 23:30:34,211] {logging_mixin.py:109} INFO - [2022-02-03 23:30:34,211] {dag.py:2935} INFO - Setting next_dagrun for example_branch_labels to 2022-02-02 00:00:00+00:00
[2022-02-03 23:30:34,255] {processor.py:171} INFO - Processing /home/airflow/.local/lib/python3.7/site-packages/airflow/example_dags/example_branch_labels.py took 0.223 seconds
[2022-02-03 23:31:04,949] {processor.py:163} INFO - Started process (PID=114) to work on /home/airflow/.local/lib/python3.7/site-packages/airflow/example_dags/example_branch_labels.py
[2022-02-03 23:31:04,952] {processor.py:642} INFO - Processing file /home/airflow/.local/lib/python3.7/site-packages/airflow/example_dags/example_branch_labels.py for tasks to queue
[2022-02-03 23:31:04,955] {logging_mixin.py:109} INFO - [2022-02-03 23:31:04,954] {dagbag.py:500} INFO - Filling up the DagBag from /home/airflow/.local/lib/python3.7/site-packages/airflow/example_dags/example_branch_labels.py
[2022-02-03 23:31:05,008] {processor.py:654} INFO - DAG(s) dict_keys(['example_branch_labels']) retrieved from /home/airflow/.local/lib/python3.7/site-packages/airflow/example_dags/example_branch_labels.py
[2022-02-03 23:31:05,033] {logging_mixin.py:109} INFO - [2022-02-03 23:31:05,033] {dag.py:2396} INFO - Sync 1 DAGs
[2022-02-03 23:31:05,072] {logging_mixin.py:109} INFO - [2022-02-03 23:31:05,072] {dag.py:2935} INFO - Setting next_dagrun for example_branch_labels to 2022-02-02 00:00:00+00:00
[2022-02-03 23:31:05,088] {processor.py:171} INFO - Processing /home/airflow/.local/lib/python3.7/site-packages/airflow/example_dags/example_branch_labels.py took 0.144 seconds
[2022-02-03 23:31:36,378] {processor.py:163} INFO - Started process (PID=181) to work on /home/airflow/.local/lib/python3.7/site-packages/airflow/example_dags/example_branch_labels.py
[2022-02-03 23:31:36,382] {processor.py:642} INFO - Processing file /home/airflow/.local/lib/python3.7/site-packages/airflow/example_dags/example_branch_labels.py for tasks to queue
[2022-02-03 23:31:36,385] {logging_mixin.py:109} INFO - [2022-02-03 23:31:36,385] {dagbag.py:500} INFO - Filling up the DagBag from /home/airflow/.local/lib/python3.7/site-packages/airflow/example_dags/example_branch_labels.py
[2022-02-03 23:31:36,440] {processor.py:654} INFO - DAG(s) dict_keys(['example_branch_labels']) retrieved from /home/airflow/.local/lib/python3.7/site-packages/airflow/example_dags/example_branch_labels.py
[2022-02-03 23:31:36,466] {logging_mixin.py:109} INFO - [2022-02-03 23:31:36,465] {dag.py:2396} INFO - Sync 1 DAGs
[2022-02-03 23:31:36,492] {logging_mixin.py:109} INFO - [2022-02-03 23:31:36,492] {dag.py:2935} INFO - Setting next_dagrun for example_branch_labels to 2022-02-02 00:00:00+00:00
[2022-02-03 23:31:36,508] {processor.py:171} INFO - Processing /home/airflow/.local/lib/python3.7/site-packages/airflow/example_dags/example_branch_labels.py took 0.139 seconds
[2022-02-03 23:32:07,113] {processor.py:163} INFO - Started process (PID=234) to work on /home/airflow/.local/lib/python3.7/site-packages/airflow/example_dags/example_branch_labels.py
[2022-02-03 23:32:07,115] {processor.py:642} INFO - Processing file /home/airflow/.local/lib/python3.7/site-packages/airflow/example_dags/example_branch_labels.py for tasks to queue
[2022-02-03 23:32:07,116] {logging_mixin.py:109} INFO - [2022-02-03 23:32:07,116] {dagbag.py:500} INFO - Filling up the DagBag from /home/airflow/.local/lib/python3.7/site-packages/airflow/example_dags/example_branch_labels.py
[2022-02-03 23:32:07,156] {processor.py:654} INFO - DAG(s) dict_keys(['example_branch_labels']) retrieved from /home/airflow/.local/lib/python3.7/site-packages/airflow/example_dags/example_branch_labels.py
[2022-02-03 23:32:07,173] {logging_mixin.py:109} INFO - [2022-02-03 23:32:07,173] {dag.py:2396} INFO - Sync 1 DAGs
[2022-02-03 23:32:07,197] {logging_mixin.py:109} INFO - [2022-02-03 23:32:07,197] {dag.py:2935} INFO - Setting next_dagrun for example_branch_labels to 2022-02-02 00:00:00+00:00
[2022-02-03 23:32:07,208] {processor.py:171} INFO - Processing /home/airflow/.local/lib/python3.7/site-packages/airflow/example_dags/example_branch_labels.py took 0.099 seconds
[2022-02-03 23:32:38,203] {processor.py:163} INFO - Started process (PID=287) to work on /home/airflow/.local/lib/python3.7/site-packages/airflow/example_dags/example_branch_labels.py
[2022-02-03 23:32:38,205] {processor.py:642} INFO - Processing file /home/airflow/.local/lib/python3.7/site-packages/airflow/example_dags/example_branch_labels.py for tasks to queue
[2022-02-03 23:32:38,206] {logging_mixin.py:109} INFO - [2022-02-03 23:32:38,206] {dagbag.py:500} INFO - Filling up the DagBag from /home/airflow/.local/lib/python3.7/site-packages/airflow/example_dags/example_branch_labels.py
[2022-02-03 23:32:38,240] {processor.py:654} INFO - DAG(s) dict_keys(['example_branch_labels']) retrieved from /home/airflow/.local/lib/python3.7/site-packages/airflow/example_dags/example_branch_labels.py
[2022-02-03 23:32:38,253] {logging_mixin.py:109} INFO - [2022-02-03 23:32:38,253] {dag.py:2396} INFO - Sync 1 DAGs
[2022-02-03 23:32:38,272] {logging_mixin.py:109} INFO - [2022-02-03 23:32:38,272] {dag.py:2935} INFO - Setting next_dagrun for example_branch_labels to 2022-02-02 00:00:00+00:00
[2022-02-03 23:32:38,284] {processor.py:171} INFO - Processing /home/airflow/.local/lib/python3.7/site-packages/airflow/example_dags/example_branch_labels.py took 0.085 seconds
[2022-02-03 23:33:08,752] {processor.py:163} INFO - Started process (PID=352) to work on /home/airflow/.local/lib/python3.7/site-packages/airflow/example_dags/example_branch_labels.py
[2022-02-03 23:33:08,755] {processor.py:642} INFO - Processing file /home/airflow/.local/lib/python3.7/site-packages/airflow/example_dags/example_branch_labels.py for tasks to queue
[2022-02-03 23:33:08,765] {logging_mixin.py:109} INFO - [2022-02-03 23:33:08,765] {dagbag.py:500} INFO - Filling up the DagBag from /home/airflow/.local/lib/python3.7/site-packages/airflow/example_dags/example_branch_labels.py
[2022-02-03 23:33:08,806] {processor.py:654} INFO - DAG(s) dict_keys(['example_branch_labels']) retrieved from /home/airflow/.local/lib/python3.7/site-packages/airflow/example_dags/example_branch_labels.py
[2022-02-03 23:33:08,818] {logging_mixin.py:109} INFO - [2022-02-03 23:33:08,818] {dag.py:2396} INFO - Sync 1 DAGs
[2022-02-03 23:33:08,839] {logging_mixin.py:109} INFO - [2022-02-03 23:33:08,839] {dag.py:2935} INFO - Setting next_dagrun for example_branch_labels to 2022-02-02 00:00:00+00:00
[2022-02-03 23:33:08,850] {processor.py:171} INFO - Processing /home/airflow/.local/lib/python3.7/site-packages/airflow/example_dags/example_branch_labels.py took 0.102 seconds
[2022-02-03 23:33:40,439] {processor.py:163} INFO - Started process (PID=406) to work on /home/airflow/.local/lib/python3.7/site-packages/airflow/example_dags/example_branch_labels.py
[2022-02-03 23:33:40,443] {processor.py:642} INFO - Processing file /home/airflow/.local/lib/python3.7/site-packages/airflow/example_dags/example_branch_labels.py for tasks to queue
[2022-02-03 23:33:40,445] {logging_mixin.py:109} INFO - [2022-02-03 23:33:40,445] {dagbag.py:500} INFO - Filling up the DagBag from /home/airflow/.local/lib/python3.7/site-packages/airflow/example_dags/example_branch_labels.py
[2022-02-03 23:33:40,517] {processor.py:654} INFO - DAG(s) dict_keys(['example_branch_labels']) retrieved from /home/airflow/.local/lib/python3.7/site-packages/airflow/example_dags/example_branch_labels.py
[2022-02-03 23:33:40,540] {logging_mixin.py:109} INFO - [2022-02-03 23:33:40,540] {dag.py:2396} INFO - Sync 1 DAGs
[2022-02-03 23:33:40,573] {logging_mixin.py:109} INFO - [2022-02-03 23:33:40,573] {dag.py:2935} INFO - Setting next_dagrun for example_branch_labels to 2022-02-02 00:00:00+00:00
[2022-02-03 23:33:40,594] {processor.py:171} INFO - Processing /home/airflow/.local/lib/python3.7/site-packages/airflow/example_dags/example_branch_labels.py took 0.163 seconds
[2022-02-03 23:34:11,057] {processor.py:163} INFO - Started process (PID=458) to work on /home/airflow/.local/lib/python3.7/site-packages/airflow/example_dags/example_branch_labels.py
[2022-02-03 23:34:11,060] {processor.py:642} INFO - Processing file /home/airflow/.local/lib/python3.7/site-packages/airflow/example_dags/example_branch_labels.py for tasks to queue
[2022-02-03 23:34:11,062] {logging_mixin.py:109} INFO - [2022-02-03 23:34:11,062] {dagbag.py:500} INFO - Filling up the DagBag from /home/airflow/.local/lib/python3.7/site-packages/airflow/example_dags/example_branch_labels.py
[2022-02-03 23:34:11,101] {processor.py:654} INFO - DAG(s) dict_keys(['example_branch_labels']) retrieved from /home/airflow/.local/lib/python3.7/site-packages/airflow/example_dags/example_branch_labels.py
[2022-02-03 23:34:11,113] {logging_mixin.py:109} INFO - [2022-02-03 23:34:11,112] {dag.py:2396} INFO - Sync 1 DAGs
[2022-02-03 23:34:11,150] {logging_mixin.py:109} INFO - [2022-02-03 23:34:11,150] {dag.py:2935} INFO - Setting next_dagrun for example_branch_labels to 2022-02-02 00:00:00+00:00
[2022-02-03 23:34:11,193] {processor.py:171} INFO - Processing /home/airflow/.local/lib/python3.7/site-packages/airflow/example_dags/example_branch_labels.py took 0.140 seconds
[2022-02-03 23:34:42,370] {processor.py:163} INFO - Started process (PID=523) to work on /home/airflow/.local/lib/python3.7/site-packages/airflow/example_dags/example_branch_labels.py
[2022-02-03 23:34:42,372] {processor.py:642} INFO - Processing file /home/airflow/.local/lib/python3.7/site-packages/airflow/example_dags/example_branch_labels.py for tasks to queue
[2022-02-03 23:34:42,374] {logging_mixin.py:109} INFO - [2022-02-03 23:34:42,374] {dagbag.py:500} INFO - Filling up the DagBag from /home/airflow/.local/lib/python3.7/site-packages/airflow/example_dags/example_branch_labels.py
[2022-02-03 23:34:42,410] {processor.py:654} INFO - DAG(s) dict_keys(['example_branch_labels']) retrieved from /home/airflow/.local/lib/python3.7/site-packages/airflow/example_dags/example_branch_labels.py
[2022-02-03 23:34:42,423] {logging_mixin.py:109} INFO - [2022-02-03 23:34:42,423] {dag.py:2396} INFO - Sync 1 DAGs
[2022-02-03 23:34:42,441] {logging_mixin.py:109} INFO - [2022-02-03 23:34:42,441] {dag.py:2935} INFO - Setting next_dagrun for example_branch_labels to 2022-02-02 00:00:00+00:00
[2022-02-03 23:34:42,454] {processor.py:171} INFO - Processing /home/airflow/.local/lib/python3.7/site-packages/airflow/example_dags/example_branch_labels.py took 0.087 seconds
[2022-02-03 23:35:13,106] {processor.py:163} INFO - Started process (PID=577) to work on /home/airflow/.local/lib/python3.7/site-packages/airflow/example_dags/example_branch_labels.py
[2022-02-03 23:35:13,109] {processor.py:642} INFO - Processing file /home/airflow/.local/lib/python3.7/site-packages/airflow/example_dags/example_branch_labels.py for tasks to queue
[2022-02-03 23:35:13,111] {logging_mixin.py:109} INFO - [2022-02-03 23:35:13,111] {dagbag.py:500} INFO - Filling up the DagBag from /home/airflow/.local/lib/python3.7/site-packages/airflow/example_dags/example_branch_labels.py
[2022-02-03 23:35:13,149] {processor.py:654} INFO - DAG(s) dict_keys(['example_branch_labels']) retrieved from /home/airflow/.local/lib/python3.7/site-packages/airflow/example_dags/example_branch_labels.py
[2022-02-03 23:35:13,162] {logging_mixin.py:109} INFO - [2022-02-03 23:35:13,162] {dag.py:2396} INFO - Sync 1 DAGs
[2022-02-03 23:35:13,184] {logging_mixin.py:109} INFO - [2022-02-03 23:35:13,184] {dag.py:2935} INFO - Setting next_dagrun for example_branch_labels to 2022-02-02 00:00:00+00:00
[2022-02-03 23:35:13,197] {processor.py:171} INFO - Processing /home/airflow/.local/lib/python3.7/site-packages/airflow/example_dags/example_branch_labels.py took 0.094 seconds
[2022-02-03 23:35:44,053] {processor.py:163} INFO - Started process (PID=628) to work on /home/airflow/.local/lib/python3.7/site-packages/airflow/example_dags/example_branch_labels.py
[2022-02-03 23:35:44,059] {processor.py:642} INFO - Processing file /home/airflow/.local/lib/python3.7/site-packages/airflow/example_dags/example_branch_labels.py for tasks to queue
[2022-02-03 23:35:44,066] {logging_mixin.py:109} INFO - [2022-02-03 23:35:44,065] {dagbag.py:500} INFO - Filling up the DagBag from /home/airflow/.local/lib/python3.7/site-packages/airflow/example_dags/example_branch_labels.py
[2022-02-03 23:35:44,139] {processor.py:654} INFO - DAG(s) dict_keys(['example_branch_labels']) retrieved from /home/airflow/.local/lib/python3.7/site-packages/airflow/example_dags/example_branch_labels.py
[2022-02-03 23:35:44,165] {logging_mixin.py:109} INFO - [2022-02-03 23:35:44,165] {dag.py:2396} INFO - Sync 1 DAGs
[2022-02-03 23:35:44,203] {logging_mixin.py:109} INFO - [2022-02-03 23:35:44,203] {dag.py:2935} INFO - Setting next_dagrun for example_branch_labels to 2022-02-02 00:00:00+00:00
[2022-02-03 23:35:44,219] {processor.py:171} INFO - Processing /home/airflow/.local/lib/python3.7/site-packages/airflow/example_dags/example_branch_labels.py took 0.180 seconds
[2022-02-03 23:36:14,753] {processor.py:163} INFO - Started process (PID=697) to work on /home/airflow/.local/lib/python3.7/site-packages/airflow/example_dags/example_branch_labels.py
[2022-02-03 23:36:14,755] {processor.py:642} INFO - Processing file /home/airflow/.local/lib/python3.7/site-packages/airflow/example_dags/example_branch_labels.py for tasks to queue
[2022-02-03 23:36:14,756] {logging_mixin.py:109} INFO - [2022-02-03 23:36:14,756] {dagbag.py:500} INFO - Filling up the DagBag from /home/airflow/.local/lib/python3.7/site-packages/airflow/example_dags/example_branch_labels.py
[2022-02-03 23:36:14,791] {processor.py:654} INFO - DAG(s) dict_keys(['example_branch_labels']) retrieved from /home/airflow/.local/lib/python3.7/site-packages/airflow/example_dags/example_branch_labels.py
[2022-02-03 23:36:14,805] {logging_mixin.py:109} INFO - [2022-02-03 23:36:14,805] {dag.py:2396} INFO - Sync 1 DAGs
[2022-02-03 23:36:14,825] {logging_mixin.py:109} INFO - [2022-02-03 23:36:14,825] {dag.py:2935} INFO - Setting next_dagrun for example_branch_labels to 2022-02-02 00:00:00+00:00
[2022-02-03 23:36:14,837] {processor.py:171} INFO - Processing /home/airflow/.local/lib/python3.7/site-packages/airflow/example_dags/example_branch_labels.py took 0.087 seconds
[2022-02-03 23:36:45,281] {processor.py:163} INFO - Started process (PID=748) to work on /home/airflow/.local/lib/python3.7/site-packages/airflow/example_dags/example_branch_labels.py
[2022-02-03 23:36:45,285] {processor.py:642} INFO - Processing file /home/airflow/.local/lib/python3.7/site-packages/airflow/example_dags/example_branch_labels.py for tasks to queue
[2022-02-03 23:36:45,287] {logging_mixin.py:109} INFO - [2022-02-03 23:36:45,287] {dagbag.py:500} INFO - Filling up the DagBag from /home/airflow/.local/lib/python3.7/site-packages/airflow/example_dags/example_branch_labels.py
[2022-02-03 23:36:45,331] {processor.py:654} INFO - DAG(s) dict_keys(['example_branch_labels']) retrieved from /home/airflow/.local/lib/python3.7/site-packages/airflow/example_dags/example_branch_labels.py
[2022-02-03 23:36:45,349] {logging_mixin.py:109} INFO - [2022-02-03 23:36:45,349] {dag.py:2396} INFO - Sync 1 DAGs
[2022-02-03 23:36:45,373] {logging_mixin.py:109} INFO - [2022-02-03 23:36:45,373] {dag.py:2935} INFO - Setting next_dagrun for example_branch_labels to 2022-02-02 00:00:00+00:00
[2022-02-03 23:36:45,385] {processor.py:171} INFO - Processing /home/airflow/.local/lib/python3.7/site-packages/airflow/example_dags/example_branch_labels.py took 0.110 seconds
[2022-02-03 23:37:15,832] {processor.py:163} INFO - Started process (PID=801) to work on /home/airflow/.local/lib/python3.7/site-packages/airflow/example_dags/example_branch_labels.py
[2022-02-03 23:37:15,834] {processor.py:642} INFO - Processing file /home/airflow/.local/lib/python3.7/site-packages/airflow/example_dags/example_branch_labels.py for tasks to queue
[2022-02-03 23:37:15,836] {logging_mixin.py:109} INFO - [2022-02-03 23:37:15,835] {dagbag.py:500} INFO - Filling up the DagBag from /home/airflow/.local/lib/python3.7/site-packages/airflow/example_dags/example_branch_labels.py
[2022-02-03 23:37:15,868] {processor.py:654} INFO - DAG(s) dict_keys(['example_branch_labels']) retrieved from /home/airflow/.local/lib/python3.7/site-packages/airflow/example_dags/example_branch_labels.py
[2022-02-03 23:37:15,879] {logging_mixin.py:109} INFO - [2022-02-03 23:37:15,879] {dag.py:2396} INFO - Sync 1 DAGs
[2022-02-03 23:37:15,897] {logging_mixin.py:109} INFO - [2022-02-03 23:37:15,897] {dag.py:2935} INFO - Setting next_dagrun for example_branch_labels to 2022-02-02 00:00:00+00:00
[2022-02-03 23:37:15,907] {processor.py:171} INFO - Processing /home/airflow/.local/lib/python3.7/site-packages/airflow/example_dags/example_branch_labels.py took 0.078 seconds
[2022-02-03 23:37:46,557] {processor.py:163} INFO - Started process (PID=865) to work on /home/airflow/.local/lib/python3.7/site-packages/airflow/example_dags/example_branch_labels.py
[2022-02-03 23:37:46,559] {processor.py:642} INFO - Processing file /home/airflow/.local/lib/python3.7/site-packages/airflow/example_dags/example_branch_labels.py for tasks to queue
[2022-02-03 23:37:46,561] {logging_mixin.py:109} INFO - [2022-02-03 23:37:46,560] {dagbag.py:500} INFO - Filling up the DagBag from /home/airflow/.local/lib/python3.7/site-packages/airflow/example_dags/example_branch_labels.py
[2022-02-03 23:37:46,606] {processor.py:654} INFO - DAG(s) dict_keys(['example_branch_labels']) retrieved from /home/airflow/.local/lib/python3.7/site-packages/airflow/example_dags/example_branch_labels.py
[2022-02-03 23:37:46,619] {logging_mixin.py:109} INFO - [2022-02-03 23:37:46,619] {dag.py:2396} INFO - Sync 1 DAGs
[2022-02-03 23:37:46,641] {logging_mixin.py:109} INFO - [2022-02-03 23:37:46,641] {dag.py:2935} INFO - Setting next_dagrun for example_branch_labels to 2022-02-02 00:00:00+00:00
[2022-02-03 23:37:46,652] {processor.py:171} INFO - Processing /home/airflow/.local/lib/python3.7/site-packages/airflow/example_dags/example_branch_labels.py took 0.099 seconds
[2022-02-03 23:38:17,263] {processor.py:163} INFO - Started process (PID=918) to work on /home/airflow/.local/lib/python3.7/site-packages/airflow/example_dags/example_branch_labels.py
[2022-02-03 23:38:17,267] {processor.py:642} INFO - Processing file /home/airflow/.local/lib/python3.7/site-packages/airflow/example_dags/example_branch_labels.py for tasks to queue
[2022-02-03 23:38:17,268] {logging_mixin.py:109} INFO - [2022-02-03 23:38:17,268] {dagbag.py:500} INFO - Filling up the DagBag from /home/airflow/.local/lib/python3.7/site-packages/airflow/example_dags/example_branch_labels.py
[2022-02-03 23:38:17,301] {processor.py:654} INFO - DAG(s) dict_keys(['example_branch_labels']) retrieved from /home/airflow/.local/lib/python3.7/site-packages/airflow/example_dags/example_branch_labels.py
[2022-02-03 23:38:17,316] {logging_mixin.py:109} INFO - [2022-02-03 23:38:17,315] {dag.py:2396} INFO - Sync 1 DAGs
[2022-02-03 23:38:17,346] {logging_mixin.py:109} INFO - [2022-02-03 23:38:17,345] {dag.py:2935} INFO - Setting next_dagrun for example_branch_labels to 2022-02-02 00:00:00+00:00
[2022-02-03 23:38:17,357] {processor.py:171} INFO - Processing /home/airflow/.local/lib/python3.7/site-packages/airflow/example_dags/example_branch_labels.py took 0.098 seconds
[2022-02-03 23:38:48,240] {processor.py:163} INFO - Started process (PID=972) to work on /home/airflow/.local/lib/python3.7/site-packages/airflow/example_dags/example_branch_labels.py
[2022-02-03 23:38:48,242] {processor.py:642} INFO - Processing file /home/airflow/.local/lib/python3.7/site-packages/airflow/example_dags/example_branch_labels.py for tasks to queue
[2022-02-03 23:38:48,244] {logging_mixin.py:109} INFO - [2022-02-03 23:38:48,243] {dagbag.py:500} INFO - Filling up the DagBag from /home/airflow/.local/lib/python3.7/site-packages/airflow/example_dags/example_branch_labels.py
[2022-02-03 23:38:48,294] {processor.py:654} INFO - DAG(s) dict_keys(['example_branch_labels']) retrieved from /home/airflow/.local/lib/python3.7/site-packages/airflow/example_dags/example_branch_labels.py
[2022-02-03 23:38:48,313] {logging_mixin.py:109} INFO - [2022-02-03 23:38:48,313] {dag.py:2396} INFO - Sync 1 DAGs
[2022-02-03 23:38:48,347] {logging_mixin.py:109} INFO - [2022-02-03 23:38:48,347] {dag.py:2935} INFO - Setting next_dagrun for example_branch_labels to 2022-02-02 00:00:00+00:00
[2022-02-03 23:38:48,380] {processor.py:171} INFO - Processing /home/airflow/.local/lib/python3.7/site-packages/airflow/example_dags/example_branch_labels.py took 0.147 seconds
[2022-02-03 23:39:18,850] {processor.py:163} INFO - Started process (PID=1037) to work on /home/airflow/.local/lib/python3.7/site-packages/airflow/example_dags/example_branch_labels.py
[2022-02-03 23:39:18,852] {processor.py:642} INFO - Processing file /home/airflow/.local/lib/python3.7/site-packages/airflow/example_dags/example_branch_labels.py for tasks to queue
[2022-02-03 23:39:18,854] {logging_mixin.py:109} INFO - [2022-02-03 23:39:18,853] {dagbag.py:500} INFO - Filling up the DagBag from /home/airflow/.local/lib/python3.7/site-packages/airflow/example_dags/example_branch_labels.py
[2022-02-03 23:39:18,889] {processor.py:654} INFO - DAG(s) dict_keys(['example_branch_labels']) retrieved from /home/airflow/.local/lib/python3.7/site-packages/airflow/example_dags/example_branch_labels.py
[2022-02-03 23:39:18,902] {logging_mixin.py:109} INFO - [2022-02-03 23:39:18,902] {dag.py:2396} INFO - Sync 1 DAGs
[2022-02-03 23:39:18,925] {logging_mixin.py:109} INFO - [2022-02-03 23:39:18,925] {dag.py:2935} INFO - Setting next_dagrun for example_branch_labels to 2022-02-02 00:00:00+00:00
[2022-02-03 23:39:18,939] {processor.py:171} INFO - Processing /home/airflow/.local/lib/python3.7/site-packages/airflow/example_dags/example_branch_labels.py took 0.093 seconds
[2022-02-03 23:39:49,525] {processor.py:163} INFO - Started process (PID=1089) to work on /home/airflow/.local/lib/python3.7/site-packages/airflow/example_dags/example_branch_labels.py
[2022-02-03 23:39:49,528] {processor.py:642} INFO - Processing file /home/airflow/.local/lib/python3.7/site-packages/airflow/example_dags/example_branch_labels.py for tasks to queue
[2022-02-03 23:39:49,530] {logging_mixin.py:109} INFO - [2022-02-03 23:39:49,530] {dagbag.py:500} INFO - Filling up the DagBag from /home/airflow/.local/lib/python3.7/site-packages/airflow/example_dags/example_branch_labels.py
[2022-02-03 23:39:49,577] {processor.py:654} INFO - DAG(s) dict_keys(['example_branch_labels']) retrieved from /home/airflow/.local/lib/python3.7/site-packages/airflow/example_dags/example_branch_labels.py
[2022-02-03 23:39:49,609] {logging_mixin.py:109} INFO - [2022-02-03 23:39:49,609] {dag.py:2396} INFO - Sync 1 DAGs
[2022-02-03 23:39:49,633] {logging_mixin.py:109} INFO - [2022-02-03 23:39:49,633] {dag.py:2935} INFO - Setting next_dagrun for example_branch_labels to 2022-02-02 00:00:00+00:00
[2022-02-03 23:39:49,648] {processor.py:171} INFO - Processing /home/airflow/.local/lib/python3.7/site-packages/airflow/example_dags/example_branch_labels.py took 0.127 seconds
[2022-02-03 23:40:19,707] {processor.py:163} INFO - Started process (PID=1143) to work on /home/airflow/.local/lib/python3.7/site-packages/airflow/example_dags/example_branch_labels.py
[2022-02-03 23:40:19,711] {processor.py:642} INFO - Processing file /home/airflow/.local/lib/python3.7/site-packages/airflow/example_dags/example_branch_labels.py for tasks to queue
[2022-02-03 23:40:19,714] {logging_mixin.py:109} INFO - [2022-02-03 23:40:19,713] {dagbag.py:500} INFO - Filling up the DagBag from /home/airflow/.local/lib/python3.7/site-packages/airflow/example_dags/example_branch_labels.py
[2022-02-03 23:40:19,755] {processor.py:654} INFO - DAG(s) dict_keys(['example_branch_labels']) retrieved from /home/airflow/.local/lib/python3.7/site-packages/airflow/example_dags/example_branch_labels.py
[2022-02-03 23:40:19,772] {logging_mixin.py:109} INFO - [2022-02-03 23:40:19,772] {dag.py:2396} INFO - Sync 1 DAGs
[2022-02-03 23:40:19,810] {logging_mixin.py:109} INFO - [2022-02-03 23:40:19,810] {dag.py:2935} INFO - Setting next_dagrun for example_branch_labels to 2022-02-02 00:00:00+00:00
[2022-02-03 23:40:19,824] {processor.py:171} INFO - Processing /home/airflow/.local/lib/python3.7/site-packages/airflow/example_dags/example_branch_labels.py took 0.125 seconds
[2022-02-03 23:40:50,968] {processor.py:163} INFO - Started process (PID=1206) to work on /home/airflow/.local/lib/python3.7/site-packages/airflow/example_dags/example_branch_labels.py
[2022-02-03 23:40:50,971] {processor.py:642} INFO - Processing file /home/airflow/.local/lib/python3.7/site-packages/airflow/example_dags/example_branch_labels.py for tasks to queue
[2022-02-03 23:40:50,973] {logging_mixin.py:109} INFO - [2022-02-03 23:40:50,973] {dagbag.py:500} INFO - Filling up the DagBag from /home/airflow/.local/lib/python3.7/site-packages/airflow/example_dags/example_branch_labels.py
[2022-02-03 23:40:51,032] {processor.py:654} INFO - DAG(s) dict_keys(['example_branch_labels']) retrieved from /home/airflow/.local/lib/python3.7/site-packages/airflow/example_dags/example_branch_labels.py
[2022-02-03 23:40:51,060] {logging_mixin.py:109} INFO - [2022-02-03 23:40:51,060] {dag.py:2396} INFO - Sync 1 DAGs
