[2022-02-03 23:02:32,625] {processor.py:163} INFO - Started process (PID=202) to work on /home/airflow/.local/lib/python3.7/site-packages/airflow/example_dags/example_branch_day_of_week_operator.py
[2022-02-03 23:02:32,628] {processor.py:642} INFO - Processing file /home/airflow/.local/lib/python3.7/site-packages/airflow/example_dags/example_branch_day_of_week_operator.py for tasks to queue
[2022-02-03 23:02:32,629] {logging_mixin.py:109} INFO - [2022-02-03 23:02:32,629] {dagbag.py:500} INFO - Filling up the DagBag from /home/airflow/.local/lib/python3.7/site-packages/airflow/example_dags/example_branch_day_of_week_operator.py
[2022-02-03 23:02:32,715] {processor.py:654} INFO - DAG(s) dict_keys(['example_weekday_branch_operator']) retrieved from /home/airflow/.local/lib/python3.7/site-packages/airflow/example_dags/example_branch_day_of_week_operator.py
[2022-02-03 23:02:34,765] {logging_mixin.py:109} INFO - [2022-02-03 23:02:34,764] {manager.py:496} INFO - Created Permission View: can read on DAG:example_weekday_branch_operator
[2022-02-03 23:02:34,779] {logging_mixin.py:109} INFO - [2022-02-03 23:02:34,779] {manager.py:496} INFO - Created Permission View: can edit on DAG:example_weekday_branch_operator
[2022-02-03 23:02:34,781] {logging_mixin.py:109} INFO - [2022-02-03 23:02:34,780] {dag.py:2396} INFO - Sync 1 DAGs
[2022-02-03 23:02:34,793] {logging_mixin.py:109} INFO - [2022-02-03 23:02:34,792] {dag.py:2415} INFO - Creating ORM DAG for example_weekday_branch_operator
[2022-02-03 23:02:34,807] {logging_mixin.py:109} INFO - [2022-02-03 23:02:34,807] {dag.py:2935} INFO - Setting next_dagrun for example_weekday_branch_operator to 2022-02-02 00:00:00+00:00
[2022-02-03 23:02:34,825] {processor.py:171} INFO - Processing /home/airflow/.local/lib/python3.7/site-packages/airflow/example_dags/example_branch_day_of_week_operator.py took 2.206 seconds
[2022-02-03 23:03:04,950] {processor.py:163} INFO - Started process (PID=271) to work on /home/airflow/.local/lib/python3.7/site-packages/airflow/example_dags/example_branch_day_of_week_operator.py
[2022-02-03 23:03:04,952] {processor.py:642} INFO - Processing file /home/airflow/.local/lib/python3.7/site-packages/airflow/example_dags/example_branch_day_of_week_operator.py for tasks to queue
[2022-02-03 23:03:04,954] {logging_mixin.py:109} INFO - [2022-02-03 23:03:04,953] {dagbag.py:500} INFO - Filling up the DagBag from /home/airflow/.local/lib/python3.7/site-packages/airflow/example_dags/example_branch_day_of_week_operator.py
[2022-02-03 23:03:05,001] {processor.py:654} INFO - DAG(s) dict_keys(['example_weekday_branch_operator']) retrieved from /home/airflow/.local/lib/python3.7/site-packages/airflow/example_dags/example_branch_day_of_week_operator.py
[2022-02-03 23:03:05,016] {logging_mixin.py:109} INFO - [2022-02-03 23:03:05,016] {dag.py:2396} INFO - Sync 1 DAGs
[2022-02-03 23:03:05,040] {logging_mixin.py:109} INFO - [2022-02-03 23:03:05,039] {dag.py:2935} INFO - Setting next_dagrun for example_weekday_branch_operator to 2022-02-02 00:00:00+00:00
[2022-02-03 23:03:05,055] {processor.py:171} INFO - Processing /home/airflow/.local/lib/python3.7/site-packages/airflow/example_dags/example_branch_day_of_week_operator.py took 0.109 seconds
[2022-02-03 23:03:35,743] {processor.py:163} INFO - Started process (PID=335) to work on /home/airflow/.local/lib/python3.7/site-packages/airflow/example_dags/example_branch_day_of_week_operator.py
[2022-02-03 23:03:35,746] {processor.py:642} INFO - Processing file /home/airflow/.local/lib/python3.7/site-packages/airflow/example_dags/example_branch_day_of_week_operator.py for tasks to queue
[2022-02-03 23:03:35,749] {logging_mixin.py:109} INFO - [2022-02-03 23:03:35,749] {dagbag.py:500} INFO - Filling up the DagBag from /home/airflow/.local/lib/python3.7/site-packages/airflow/example_dags/example_branch_day_of_week_operator.py
[2022-02-03 23:03:35,788] {processor.py:654} INFO - DAG(s) dict_keys(['example_weekday_branch_operator']) retrieved from /home/airflow/.local/lib/python3.7/site-packages/airflow/example_dags/example_branch_day_of_week_operator.py
[2022-02-03 23:03:35,800] {logging_mixin.py:109} INFO - [2022-02-03 23:03:35,799] {dag.py:2396} INFO - Sync 1 DAGs
[2022-02-03 23:03:35,819] {logging_mixin.py:109} INFO - [2022-02-03 23:03:35,819] {dag.py:2935} INFO - Setting next_dagrun for example_weekday_branch_operator to 2022-02-02 00:00:00+00:00
[2022-02-03 23:03:35,830] {processor.py:171} INFO - Processing /home/airflow/.local/lib/python3.7/site-packages/airflow/example_dags/example_branch_day_of_week_operator.py took 0.092 seconds
[2022-02-03 23:04:06,111] {processor.py:163} INFO - Started process (PID=389) to work on /home/airflow/.local/lib/python3.7/site-packages/airflow/example_dags/example_branch_day_of_week_operator.py
[2022-02-03 23:04:06,113] {processor.py:642} INFO - Processing file /home/airflow/.local/lib/python3.7/site-packages/airflow/example_dags/example_branch_day_of_week_operator.py for tasks to queue
[2022-02-03 23:04:06,115] {logging_mixin.py:109} INFO - [2022-02-03 23:04:06,115] {dagbag.py:500} INFO - Filling up the DagBag from /home/airflow/.local/lib/python3.7/site-packages/airflow/example_dags/example_branch_day_of_week_operator.py
[2022-02-03 23:04:06,154] {processor.py:654} INFO - DAG(s) dict_keys(['example_weekday_branch_operator']) retrieved from /home/airflow/.local/lib/python3.7/site-packages/airflow/example_dags/example_branch_day_of_week_operator.py
[2022-02-03 23:04:06,166] {logging_mixin.py:109} INFO - [2022-02-03 23:04:06,166] {dag.py:2396} INFO - Sync 1 DAGs
[2022-02-03 23:04:06,195] {logging_mixin.py:109} INFO - [2022-02-03 23:04:06,195] {dag.py:2935} INFO - Setting next_dagrun for example_weekday_branch_operator to 2022-02-02 00:00:00+00:00
[2022-02-03 23:04:06,208] {processor.py:171} INFO - Processing /home/airflow/.local/lib/python3.7/site-packages/airflow/example_dags/example_branch_day_of_week_operator.py took 0.101 seconds
[2022-02-03 23:04:36,275] {processor.py:163} INFO - Started process (PID=448) to work on /home/airflow/.local/lib/python3.7/site-packages/airflow/example_dags/example_branch_day_of_week_operator.py
[2022-02-03 23:04:36,278] {processor.py:642} INFO - Processing file /home/airflow/.local/lib/python3.7/site-packages/airflow/example_dags/example_branch_day_of_week_operator.py for tasks to queue
[2022-02-03 23:04:36,279] {logging_mixin.py:109} INFO - [2022-02-03 23:04:36,279] {dagbag.py:500} INFO - Filling up the DagBag from /home/airflow/.local/lib/python3.7/site-packages/airflow/example_dags/example_branch_day_of_week_operator.py
[2022-02-03 23:04:36,313] {processor.py:654} INFO - DAG(s) dict_keys(['example_weekday_branch_operator']) retrieved from /home/airflow/.local/lib/python3.7/site-packages/airflow/example_dags/example_branch_day_of_week_operator.py
[2022-02-03 23:04:36,324] {logging_mixin.py:109} INFO - [2022-02-03 23:04:36,323] {dag.py:2396} INFO - Sync 1 DAGs
[2022-02-03 23:04:36,342] {logging_mixin.py:109} INFO - [2022-02-03 23:04:36,342] {dag.py:2935} INFO - Setting next_dagrun for example_weekday_branch_operator to 2022-02-02 00:00:00+00:00
[2022-02-03 23:04:36,351] {processor.py:171} INFO - Processing /home/airflow/.local/lib/python3.7/site-packages/airflow/example_dags/example_branch_day_of_week_operator.py took 0.080 seconds
[2022-02-03 23:05:06,525] {processor.py:163} INFO - Started process (PID=509) to work on /home/airflow/.local/lib/python3.7/site-packages/airflow/example_dags/example_branch_day_of_week_operator.py
[2022-02-03 23:05:06,529] {processor.py:642} INFO - Processing file /home/airflow/.local/lib/python3.7/site-packages/airflow/example_dags/example_branch_day_of_week_operator.py for tasks to queue
[2022-02-03 23:05:06,534] {logging_mixin.py:109} INFO - [2022-02-03 23:05:06,533] {dagbag.py:500} INFO - Filling up the DagBag from /home/airflow/.local/lib/python3.7/site-packages/airflow/example_dags/example_branch_day_of_week_operator.py
[2022-02-03 23:05:06,582] {processor.py:654} INFO - DAG(s) dict_keys(['example_weekday_branch_operator']) retrieved from /home/airflow/.local/lib/python3.7/site-packages/airflow/example_dags/example_branch_day_of_week_operator.py
[2022-02-03 23:05:06,606] {logging_mixin.py:109} INFO - [2022-02-03 23:05:06,606] {dag.py:2396} INFO - Sync 1 DAGs
[2022-02-03 23:05:06,631] {logging_mixin.py:109} INFO - [2022-02-03 23:05:06,631] {dag.py:2935} INFO - Setting next_dagrun for example_weekday_branch_operator to 2022-02-02 00:00:00+00:00
[2022-02-03 23:05:06,654] {processor.py:171} INFO - Processing /home/airflow/.local/lib/python3.7/site-packages/airflow/example_dags/example_branch_day_of_week_operator.py took 0.133 seconds
[2022-02-03 23:05:36,859] {processor.py:163} INFO - Started process (PID=563) to work on /home/airflow/.local/lib/python3.7/site-packages/airflow/example_dags/example_branch_day_of_week_operator.py
[2022-02-03 23:05:36,867] {processor.py:642} INFO - Processing file /home/airflow/.local/lib/python3.7/site-packages/airflow/example_dags/example_branch_day_of_week_operator.py for tasks to queue
[2022-02-03 23:05:36,873] {logging_mixin.py:109} INFO - [2022-02-03 23:05:36,871] {dagbag.py:500} INFO - Filling up the DagBag from /home/airflow/.local/lib/python3.7/site-packages/airflow/example_dags/example_branch_day_of_week_operator.py
[2022-02-03 23:05:36,929] {processor.py:654} INFO - DAG(s) dict_keys(['example_weekday_branch_operator']) retrieved from /home/airflow/.local/lib/python3.7/site-packages/airflow/example_dags/example_branch_day_of_week_operator.py
[2022-02-03 23:05:36,949] {logging_mixin.py:109} INFO - [2022-02-03 23:05:36,949] {dag.py:2396} INFO - Sync 1 DAGs
[2022-02-03 23:05:36,968] {logging_mixin.py:109} INFO - [2022-02-03 23:05:36,968] {dag.py:2935} INFO - Setting next_dagrun for example_weekday_branch_operator to 2022-02-02 00:00:00+00:00
[2022-02-03 23:05:36,992] {processor.py:171} INFO - Processing /home/airflow/.local/lib/python3.7/site-packages/airflow/example_dags/example_branch_day_of_week_operator.py took 0.141 seconds
[2022-02-03 23:06:07,112] {processor.py:163} INFO - Started process (PID=622) to work on /home/airflow/.local/lib/python3.7/site-packages/airflow/example_dags/example_branch_day_of_week_operator.py
[2022-02-03 23:06:07,115] {processor.py:642} INFO - Processing file /home/airflow/.local/lib/python3.7/site-packages/airflow/example_dags/example_branch_day_of_week_operator.py for tasks to queue
[2022-02-03 23:06:07,116] {logging_mixin.py:109} INFO - [2022-02-03 23:06:07,116] {dagbag.py:500} INFO - Filling up the DagBag from /home/airflow/.local/lib/python3.7/site-packages/airflow/example_dags/example_branch_day_of_week_operator.py
[2022-02-03 23:06:07,150] {processor.py:654} INFO - DAG(s) dict_keys(['example_weekday_branch_operator']) retrieved from /home/airflow/.local/lib/python3.7/site-packages/airflow/example_dags/example_branch_day_of_week_operator.py
[2022-02-03 23:06:07,162] {logging_mixin.py:109} INFO - [2022-02-03 23:06:07,162] {dag.py:2396} INFO - Sync 1 DAGs
[2022-02-03 23:06:07,180] {logging_mixin.py:109} INFO - [2022-02-03 23:06:07,180] {dag.py:2935} INFO - Setting next_dagrun for example_weekday_branch_operator to 2022-02-02 00:00:00+00:00
[2022-02-03 23:06:07,191] {processor.py:171} INFO - Processing /home/airflow/.local/lib/python3.7/site-packages/airflow/example_dags/example_branch_day_of_week_operator.py took 0.084 seconds
[2022-02-03 23:06:37,953] {processor.py:163} INFO - Started process (PID=687) to work on /home/airflow/.local/lib/python3.7/site-packages/airflow/example_dags/example_branch_day_of_week_operator.py
[2022-02-03 23:06:37,970] {processor.py:642} INFO - Processing file /home/airflow/.local/lib/python3.7/site-packages/airflow/example_dags/example_branch_day_of_week_operator.py for tasks to queue
[2022-02-03 23:06:37,976] {logging_mixin.py:109} INFO - [2022-02-03 23:06:37,975] {dagbag.py:500} INFO - Filling up the DagBag from /home/airflow/.local/lib/python3.7/site-packages/airflow/example_dags/example_branch_day_of_week_operator.py
[2022-02-03 23:06:38,025] {processor.py:654} INFO - DAG(s) dict_keys(['example_weekday_branch_operator']) retrieved from /home/airflow/.local/lib/python3.7/site-packages/airflow/example_dags/example_branch_day_of_week_operator.py
[2022-02-03 23:06:38,056] {logging_mixin.py:109} INFO - [2022-02-03 23:06:38,056] {dag.py:2396} INFO - Sync 1 DAGs
[2022-02-03 23:06:38,085] {logging_mixin.py:109} INFO - [2022-02-03 23:06:38,085] {dag.py:2935} INFO - Setting next_dagrun for example_weekday_branch_operator to 2022-02-02 00:00:00+00:00
[2022-02-03 23:06:38,103] {processor.py:171} INFO - Processing /home/airflow/.local/lib/python3.7/site-packages/airflow/example_dags/example_branch_day_of_week_operator.py took 0.158 seconds
[2022-02-03 23:07:08,525] {processor.py:163} INFO - Started process (PID=741) to work on /home/airflow/.local/lib/python3.7/site-packages/airflow/example_dags/example_branch_day_of_week_operator.py
[2022-02-03 23:07:08,528] {processor.py:642} INFO - Processing file /home/airflow/.local/lib/python3.7/site-packages/airflow/example_dags/example_branch_day_of_week_operator.py for tasks to queue
[2022-02-03 23:07:08,530] {logging_mixin.py:109} INFO - [2022-02-03 23:07:08,529] {dagbag.py:500} INFO - Filling up the DagBag from /home/airflow/.local/lib/python3.7/site-packages/airflow/example_dags/example_branch_day_of_week_operator.py
[2022-02-03 23:07:08,563] {processor.py:654} INFO - DAG(s) dict_keys(['example_weekday_branch_operator']) retrieved from /home/airflow/.local/lib/python3.7/site-packages/airflow/example_dags/example_branch_day_of_week_operator.py
[2022-02-03 23:07:08,574] {logging_mixin.py:109} INFO - [2022-02-03 23:07:08,573] {dag.py:2396} INFO - Sync 1 DAGs
[2022-02-03 23:07:08,592] {logging_mixin.py:109} INFO - [2022-02-03 23:07:08,592] {dag.py:2935} INFO - Setting next_dagrun for example_weekday_branch_operator to 2022-02-02 00:00:00+00:00
[2022-02-03 23:07:08,603] {processor.py:171} INFO - Processing /home/airflow/.local/lib/python3.7/site-packages/airflow/example_dags/example_branch_day_of_week_operator.py took 0.083 seconds
[2022-02-03 23:07:38,664] {processor.py:163} INFO - Started process (PID=792) to work on /home/airflow/.local/lib/python3.7/site-packages/airflow/example_dags/example_branch_day_of_week_operator.py
[2022-02-03 23:07:38,667] {processor.py:642} INFO - Processing file /home/airflow/.local/lib/python3.7/site-packages/airflow/example_dags/example_branch_day_of_week_operator.py for tasks to queue
[2022-02-03 23:07:38,668] {logging_mixin.py:109} INFO - [2022-02-03 23:07:38,668] {dagbag.py:500} INFO - Filling up the DagBag from /home/airflow/.local/lib/python3.7/site-packages/airflow/example_dags/example_branch_day_of_week_operator.py
[2022-02-03 23:07:38,703] {processor.py:654} INFO - DAG(s) dict_keys(['example_weekday_branch_operator']) retrieved from /home/airflow/.local/lib/python3.7/site-packages/airflow/example_dags/example_branch_day_of_week_operator.py
[2022-02-03 23:07:38,717] {logging_mixin.py:109} INFO - [2022-02-03 23:07:38,717] {dag.py:2396} INFO - Sync 1 DAGs
[2022-02-03 23:07:38,737] {logging_mixin.py:109} INFO - [2022-02-03 23:07:38,737] {dag.py:2935} INFO - Setting next_dagrun for example_weekday_branch_operator to 2022-02-02 00:00:00+00:00
[2022-02-03 23:07:38,754] {processor.py:171} INFO - Processing /home/airflow/.local/lib/python3.7/site-packages/airflow/example_dags/example_branch_day_of_week_operator.py took 0.095 seconds
[2022-02-03 23:08:09,162] {processor.py:163} INFO - Started process (PID=860) to work on /home/airflow/.local/lib/python3.7/site-packages/airflow/example_dags/example_branch_day_of_week_operator.py
[2022-02-03 23:08:09,165] {processor.py:642} INFO - Processing file /home/airflow/.local/lib/python3.7/site-packages/airflow/example_dags/example_branch_day_of_week_operator.py for tasks to queue
[2022-02-03 23:08:09,174] {logging_mixin.py:109} INFO - [2022-02-03 23:08:09,173] {dagbag.py:500} INFO - Filling up the DagBag from /home/airflow/.local/lib/python3.7/site-packages/airflow/example_dags/example_branch_day_of_week_operator.py
[2022-02-03 23:08:09,211] {processor.py:654} INFO - DAG(s) dict_keys(['example_weekday_branch_operator']) retrieved from /home/airflow/.local/lib/python3.7/site-packages/airflow/example_dags/example_branch_day_of_week_operator.py
[2022-02-03 23:08:09,228] {logging_mixin.py:109} INFO - [2022-02-03 23:08:09,228] {dag.py:2396} INFO - Sync 1 DAGs
[2022-02-03 23:08:09,253] {logging_mixin.py:109} INFO - [2022-02-03 23:08:09,253] {dag.py:2935} INFO - Setting next_dagrun for example_weekday_branch_operator to 2022-02-02 00:00:00+00:00
[2022-02-03 23:08:09,266] {processor.py:171} INFO - Processing /home/airflow/.local/lib/python3.7/site-packages/airflow/example_dags/example_branch_day_of_week_operator.py took 0.111 seconds
[2022-02-03 23:08:39,337] {processor.py:163} INFO - Started process (PID=918) to work on /home/airflow/.local/lib/python3.7/site-packages/airflow/example_dags/example_branch_day_of_week_operator.py
[2022-02-03 23:08:39,340] {processor.py:642} INFO - Processing file /home/airflow/.local/lib/python3.7/site-packages/airflow/example_dags/example_branch_day_of_week_operator.py for tasks to queue
[2022-02-03 23:08:39,342] {logging_mixin.py:109} INFO - [2022-02-03 23:08:39,341] {dagbag.py:500} INFO - Filling up the DagBag from /home/airflow/.local/lib/python3.7/site-packages/airflow/example_dags/example_branch_day_of_week_operator.py
[2022-02-03 23:08:39,381] {processor.py:654} INFO - DAG(s) dict_keys(['example_weekday_branch_operator']) retrieved from /home/airflow/.local/lib/python3.7/site-packages/airflow/example_dags/example_branch_day_of_week_operator.py
[2022-02-03 23:08:39,395] {logging_mixin.py:109} INFO - [2022-02-03 23:08:39,395] {dag.py:2396} INFO - Sync 1 DAGs
[2022-02-03 23:08:39,419] {logging_mixin.py:109} INFO - [2022-02-03 23:08:39,419] {dag.py:2935} INFO - Setting next_dagrun for example_weekday_branch_operator to 2022-02-02 00:00:00+00:00
[2022-02-03 23:08:39,435] {processor.py:171} INFO - Processing /home/airflow/.local/lib/python3.7/site-packages/airflow/example_dags/example_branch_day_of_week_operator.py took 0.102 seconds
[2022-02-03 23:09:09,806] {processor.py:163} INFO - Started process (PID=975) to work on /home/airflow/.local/lib/python3.7/site-packages/airflow/example_dags/example_branch_day_of_week_operator.py
[2022-02-03 23:09:09,811] {processor.py:642} INFO - Processing file /home/airflow/.local/lib/python3.7/site-packages/airflow/example_dags/example_branch_day_of_week_operator.py for tasks to queue
[2022-02-03 23:09:09,820] {logging_mixin.py:109} INFO - [2022-02-03 23:09:09,820] {dagbag.py:500} INFO - Filling up the DagBag from /home/airflow/.local/lib/python3.7/site-packages/airflow/example_dags/example_branch_day_of_week_operator.py
[2022-02-03 23:09:09,865] {processor.py:654} INFO - DAG(s) dict_keys(['example_weekday_branch_operator']) retrieved from /home/airflow/.local/lib/python3.7/site-packages/airflow/example_dags/example_branch_day_of_week_operator.py
[2022-02-03 23:09:09,890] {logging_mixin.py:109} INFO - [2022-02-03 23:09:09,889] {dag.py:2396} INFO - Sync 1 DAGs
[2022-02-03 23:09:09,930] {logging_mixin.py:109} INFO - [2022-02-03 23:09:09,930] {dag.py:2935} INFO - Setting next_dagrun for example_weekday_branch_operator to 2022-02-02 00:00:00+00:00
[2022-02-03 23:09:09,947] {processor.py:171} INFO - Processing /home/airflow/.local/lib/python3.7/site-packages/airflow/example_dags/example_branch_day_of_week_operator.py took 0.146 seconds
[2022-02-03 23:09:40,111] {processor.py:163} INFO - Started process (PID=1041) to work on /home/airflow/.local/lib/python3.7/site-packages/airflow/example_dags/example_branch_day_of_week_operator.py
[2022-02-03 23:09:40,112] {processor.py:642} INFO - Processing file /home/airflow/.local/lib/python3.7/site-packages/airflow/example_dags/example_branch_day_of_week_operator.py for tasks to queue
[2022-02-03 23:09:40,115] {logging_mixin.py:109} INFO - [2022-02-03 23:09:40,114] {dagbag.py:500} INFO - Filling up the DagBag from /home/airflow/.local/lib/python3.7/site-packages/airflow/example_dags/example_branch_day_of_week_operator.py
[2022-02-03 23:09:40,166] {processor.py:654} INFO - DAG(s) dict_keys(['example_weekday_branch_operator']) retrieved from /home/airflow/.local/lib/python3.7/site-packages/airflow/example_dags/example_branch_day_of_week_operator.py
[2022-02-03 23:09:40,187] {logging_mixin.py:109} INFO - [2022-02-03 23:09:40,187] {dag.py:2396} INFO - Sync 1 DAGs
[2022-02-03 23:09:40,210] {logging_mixin.py:109} INFO - [2022-02-03 23:09:40,209] {dag.py:2935} INFO - Setting next_dagrun for example_weekday_branch_operator to 2022-02-02 00:00:00+00:00
[2022-02-03 23:09:40,220] {processor.py:171} INFO - Processing /home/airflow/.local/lib/python3.7/site-packages/airflow/example_dags/example_branch_day_of_week_operator.py took 0.116 seconds
[2022-02-03 23:10:10,572] {processor.py:163} INFO - Started process (PID=1097) to work on /home/airflow/.local/lib/python3.7/site-packages/airflow/example_dags/example_branch_day_of_week_operator.py
[2022-02-03 23:10:10,575] {processor.py:642} INFO - Processing file /home/airflow/.local/lib/python3.7/site-packages/airflow/example_dags/example_branch_day_of_week_operator.py for tasks to queue
[2022-02-03 23:10:10,577] {logging_mixin.py:109} INFO - [2022-02-03 23:10:10,576] {dagbag.py:500} INFO - Filling up the DagBag from /home/airflow/.local/lib/python3.7/site-packages/airflow/example_dags/example_branch_day_of_week_operator.py
[2022-02-03 23:10:10,609] {processor.py:654} INFO - DAG(s) dict_keys(['example_weekday_branch_operator']) retrieved from /home/airflow/.local/lib/python3.7/site-packages/airflow/example_dags/example_branch_day_of_week_operator.py
[2022-02-03 23:10:10,620] {logging_mixin.py:109} INFO - [2022-02-03 23:10:10,620] {dag.py:2396} INFO - Sync 1 DAGs
[2022-02-03 23:10:10,639] {logging_mixin.py:109} INFO - [2022-02-03 23:10:10,639] {dag.py:2935} INFO - Setting next_dagrun for example_weekday_branch_operator to 2022-02-02 00:00:00+00:00
[2022-02-03 23:10:10,652] {processor.py:171} INFO - Processing /home/airflow/.local/lib/python3.7/site-packages/airflow/example_dags/example_branch_day_of_week_operator.py took 0.084 seconds
[2022-02-03 23:10:41,730] {processor.py:163} INFO - Started process (PID=1154) to work on /home/airflow/.local/lib/python3.7/site-packages/airflow/example_dags/example_branch_day_of_week_operator.py
[2022-02-03 23:10:41,734] {processor.py:642} INFO - Processing file /home/airflow/.local/lib/python3.7/site-packages/airflow/example_dags/example_branch_day_of_week_operator.py for tasks to queue
[2022-02-03 23:10:41,736] {logging_mixin.py:109} INFO - [2022-02-03 23:10:41,735] {dagbag.py:500} INFO - Filling up the DagBag from /home/airflow/.local/lib/python3.7/site-packages/airflow/example_dags/example_branch_day_of_week_operator.py
[2022-02-03 23:10:41,790] {processor.py:654} INFO - DAG(s) dict_keys(['example_weekday_branch_operator']) retrieved from /home/airflow/.local/lib/python3.7/site-packages/airflow/example_dags/example_branch_day_of_week_operator.py
[2022-02-03 23:10:41,810] {logging_mixin.py:109} INFO - [2022-02-03 23:10:41,810] {dag.py:2396} INFO - Sync 1 DAGs
[2022-02-03 23:10:41,836] {logging_mixin.py:109} INFO - [2022-02-03 23:10:41,835] {dag.py:2935} INFO - Setting next_dagrun for example_weekday_branch_operator to 2022-02-02 00:00:00+00:00
[2022-02-03 23:10:41,870] {processor.py:171} INFO - Processing /home/airflow/.local/lib/python3.7/site-packages/airflow/example_dags/example_branch_day_of_week_operator.py took 0.148 seconds
[2022-02-03 23:11:12,079] {processor.py:163} INFO - Started process (PID=1218) to work on /home/airflow/.local/lib/python3.7/site-packages/airflow/example_dags/example_branch_day_of_week_operator.py
[2022-02-03 23:11:12,081] {processor.py:642} INFO - Processing file /home/airflow/.local/lib/python3.7/site-packages/airflow/example_dags/example_branch_day_of_week_operator.py for tasks to queue
[2022-02-03 23:11:12,083] {logging_mixin.py:109} INFO - [2022-02-03 23:11:12,083] {dagbag.py:500} INFO - Filling up the DagBag from /home/airflow/.local/lib/python3.7/site-packages/airflow/example_dags/example_branch_day_of_week_operator.py
[2022-02-03 23:11:12,116] {processor.py:654} INFO - DAG(s) dict_keys(['example_weekday_branch_operator']) retrieved from /home/airflow/.local/lib/python3.7/site-packages/airflow/example_dags/example_branch_day_of_week_operator.py
[2022-02-03 23:11:12,127] {logging_mixin.py:109} INFO - [2022-02-03 23:11:12,127] {dag.py:2396} INFO - Sync 1 DAGs
[2022-02-03 23:11:12,146] {logging_mixin.py:109} INFO - [2022-02-03 23:11:12,146] {dag.py:2935} INFO - Setting next_dagrun for example_weekday_branch_operator to 2022-02-02 00:00:00+00:00
[2022-02-03 23:11:12,158] {processor.py:171} INFO - Processing /home/airflow/.local/lib/python3.7/site-packages/airflow/example_dags/example_branch_day_of_week_operator.py took 0.082 seconds
[2022-02-03 23:11:42,678] {processor.py:163} INFO - Started process (PID=1275) to work on /home/airflow/.local/lib/python3.7/site-packages/airflow/example_dags/example_branch_day_of_week_operator.py
[2022-02-03 23:11:42,691] {processor.py:642} INFO - Processing file /home/airflow/.local/lib/python3.7/site-packages/airflow/example_dags/example_branch_day_of_week_operator.py for tasks to queue
[2022-02-03 23:11:42,709] {logging_mixin.py:109} INFO - [2022-02-03 23:11:42,708] {dagbag.py:500} INFO - Filling up the DagBag from /home/airflow/.local/lib/python3.7/site-packages/airflow/example_dags/example_branch_day_of_week_operator.py
[2022-02-03 23:11:42,847] {processor.py:654} INFO - DAG(s) dict_keys(['example_weekday_branch_operator']) retrieved from /home/airflow/.local/lib/python3.7/site-packages/airflow/example_dags/example_branch_day_of_week_operator.py
[2022-02-03 23:11:42,901] {logging_mixin.py:109} INFO - [2022-02-03 23:11:42,901] {dag.py:2396} INFO - Sync 1 DAGs
[2022-02-03 23:11:42,974] {logging_mixin.py:109} INFO - [2022-02-03 23:11:42,974] {dag.py:2935} INFO - Setting next_dagrun for example_weekday_branch_operator to 2022-02-02 00:00:00+00:00
[2022-02-03 23:11:42,996] {processor.py:171} INFO - Processing /home/airflow/.local/lib/python3.7/site-packages/airflow/example_dags/example_branch_day_of_week_operator.py took 0.346 seconds
[2022-02-03 23:12:13,970] {processor.py:163} INFO - Started process (PID=1331) to work on /home/airflow/.local/lib/python3.7/site-packages/airflow/example_dags/example_branch_day_of_week_operator.py
[2022-02-03 23:12:13,973] {processor.py:642} INFO - Processing file /home/airflow/.local/lib/python3.7/site-packages/airflow/example_dags/example_branch_day_of_week_operator.py for tasks to queue
[2022-02-03 23:12:13,975] {logging_mixin.py:109} INFO - [2022-02-03 23:12:13,975] {dagbag.py:500} INFO - Filling up the DagBag from /home/airflow/.local/lib/python3.7/site-packages/airflow/example_dags/example_branch_day_of_week_operator.py
[2022-02-03 23:12:14,010] {processor.py:654} INFO - DAG(s) dict_keys(['example_weekday_branch_operator']) retrieved from /home/airflow/.local/lib/python3.7/site-packages/airflow/example_dags/example_branch_day_of_week_operator.py
[2022-02-03 23:12:14,024] {logging_mixin.py:109} INFO - [2022-02-03 23:12:14,024] {dag.py:2396} INFO - Sync 1 DAGs
[2022-02-03 23:12:14,044] {logging_mixin.py:109} INFO - [2022-02-03 23:12:14,044] {dag.py:2935} INFO - Setting next_dagrun for example_weekday_branch_operator to 2022-02-02 00:00:00+00:00
[2022-02-03 23:12:14,055] {processor.py:171} INFO - Processing /home/airflow/.local/lib/python3.7/site-packages/airflow/example_dags/example_branch_day_of_week_operator.py took 0.089 seconds
[2022-02-03 23:12:44,416] {processor.py:163} INFO - Started process (PID=1395) to work on /home/airflow/.local/lib/python3.7/site-packages/airflow/example_dags/example_branch_day_of_week_operator.py
[2022-02-03 23:12:44,421] {processor.py:642} INFO - Processing file /home/airflow/.local/lib/python3.7/site-packages/airflow/example_dags/example_branch_day_of_week_operator.py for tasks to queue
[2022-02-03 23:12:44,424] {logging_mixin.py:109} INFO - [2022-02-03 23:12:44,423] {dagbag.py:500} INFO - Filling up the DagBag from /home/airflow/.local/lib/python3.7/site-packages/airflow/example_dags/example_branch_day_of_week_operator.py
[2022-02-03 23:12:44,483] {processor.py:654} INFO - DAG(s) dict_keys(['example_weekday_branch_operator']) retrieved from /home/airflow/.local/lib/python3.7/site-packages/airflow/example_dags/example_branch_day_of_week_operator.py
[2022-02-03 23:12:44,509] {logging_mixin.py:109} INFO - [2022-02-03 23:12:44,509] {dag.py:2396} INFO - Sync 1 DAGs
[2022-02-03 23:12:44,559] {logging_mixin.py:109} INFO - [2022-02-03 23:12:44,559] {dag.py:2935} INFO - Setting next_dagrun for example_weekday_branch_operator to 2022-02-02 00:00:00+00:00
[2022-02-03 23:12:44,593] {processor.py:171} INFO - Processing /home/airflow/.local/lib/python3.7/site-packages/airflow/example_dags/example_branch_day_of_week_operator.py took 0.183 seconds
[2022-02-03 23:13:14,784] {processor.py:163} INFO - Started process (PID=1449) to work on /home/airflow/.local/lib/python3.7/site-packages/airflow/example_dags/example_branch_day_of_week_operator.py
[2022-02-03 23:13:14,786] {processor.py:642} INFO - Processing file /home/airflow/.local/lib/python3.7/site-packages/airflow/example_dags/example_branch_day_of_week_operator.py for tasks to queue
[2022-02-03 23:13:14,788] {logging_mixin.py:109} INFO - [2022-02-03 23:13:14,788] {dagbag.py:500} INFO - Filling up the DagBag from /home/airflow/.local/lib/python3.7/site-packages/airflow/example_dags/example_branch_day_of_week_operator.py
[2022-02-03 23:13:14,822] {processor.py:654} INFO - DAG(s) dict_keys(['example_weekday_branch_operator']) retrieved from /home/airflow/.local/lib/python3.7/site-packages/airflow/example_dags/example_branch_day_of_week_operator.py
[2022-02-03 23:13:14,833] {logging_mixin.py:109} INFO - [2022-02-03 23:13:14,833] {dag.py:2396} INFO - Sync 1 DAGs
[2022-02-03 23:13:14,856] {logging_mixin.py:109} INFO - [2022-02-03 23:13:14,855] {dag.py:2935} INFO - Setting next_dagrun for example_weekday_branch_operator to 2022-02-02 00:00:00+00:00
[2022-02-03 23:13:14,869] {processor.py:171} INFO - Processing /home/airflow/.local/lib/python3.7/site-packages/airflow/example_dags/example_branch_day_of_week_operator.py took 0.089 seconds
[2022-02-03 23:13:45,313] {processor.py:163} INFO - Started process (PID=1501) to work on /home/airflow/.local/lib/python3.7/site-packages/airflow/example_dags/example_branch_day_of_week_operator.py
[2022-02-03 23:13:45,320] {processor.py:642} INFO - Processing file /home/airflow/.local/lib/python3.7/site-packages/airflow/example_dags/example_branch_day_of_week_operator.py for tasks to queue
[2022-02-03 23:13:45,324] {logging_mixin.py:109} INFO - [2022-02-03 23:13:45,324] {dagbag.py:500} INFO - Filling up the DagBag from /home/airflow/.local/lib/python3.7/site-packages/airflow/example_dags/example_branch_day_of_week_operator.py
[2022-02-03 23:13:45,420] {processor.py:654} INFO - DAG(s) dict_keys(['example_weekday_branch_operator']) retrieved from /home/airflow/.local/lib/python3.7/site-packages/airflow/example_dags/example_branch_day_of_week_operator.py
[2022-02-03 23:13:45,473] {logging_mixin.py:109} INFO - [2022-02-03 23:13:45,472] {dag.py:2396} INFO - Sync 1 DAGs
[2022-02-03 23:13:45,532] {logging_mixin.py:109} INFO - [2022-02-03 23:13:45,532] {dag.py:2935} INFO - Setting next_dagrun for example_weekday_branch_operator to 2022-02-02 00:00:00+00:00
[2022-02-03 23:13:45,561] {processor.py:171} INFO - Processing /home/airflow/.local/lib/python3.7/site-packages/airflow/example_dags/example_branch_day_of_week_operator.py took 0.253 seconds
[2022-02-03 23:15:08,822] {processor.py:163} INFO - Started process (PID=67) to work on /home/airflow/.local/lib/python3.7/site-packages/airflow/example_dags/example_branch_day_of_week_operator.py
[2022-02-03 23:15:08,824] {processor.py:642} INFO - Processing file /home/airflow/.local/lib/python3.7/site-packages/airflow/example_dags/example_branch_day_of_week_operator.py for tasks to queue
[2022-02-03 23:15:08,830] {logging_mixin.py:109} INFO - [2022-02-03 23:15:08,830] {dagbag.py:500} INFO - Filling up the DagBag from /home/airflow/.local/lib/python3.7/site-packages/airflow/example_dags/example_branch_day_of_week_operator.py
[2022-02-03 23:15:08,962] {processor.py:654} INFO - DAG(s) dict_keys(['example_weekday_branch_operator']) retrieved from /home/airflow/.local/lib/python3.7/site-packages/airflow/example_dags/example_branch_day_of_week_operator.py
[2022-02-03 23:15:09,009] {logging_mixin.py:109} INFO - [2022-02-03 23:15:09,008] {dag.py:2396} INFO - Sync 1 DAGs
[2022-02-03 23:15:09,125] {logging_mixin.py:109} INFO - [2022-02-03 23:15:09,125] {dag.py:2935} INFO - Setting next_dagrun for example_weekday_branch_operator to 2022-02-02 00:00:00+00:00
[2022-02-03 23:15:09,174] {processor.py:171} INFO - Processing /home/airflow/.local/lib/python3.7/site-packages/airflow/example_dags/example_branch_day_of_week_operator.py took 0.357 seconds
[2022-02-03 23:30:34,904] {processor.py:163} INFO - Started process (PID=67) to work on /home/airflow/.local/lib/python3.7/site-packages/airflow/example_dags/example_branch_day_of_week_operator.py
[2022-02-03 23:30:34,911] {processor.py:642} INFO - Processing file /home/airflow/.local/lib/python3.7/site-packages/airflow/example_dags/example_branch_day_of_week_operator.py for tasks to queue
[2022-02-03 23:30:34,916] {logging_mixin.py:109} INFO - [2022-02-03 23:30:34,916] {dagbag.py:500} INFO - Filling up the DagBag from /home/airflow/.local/lib/python3.7/site-packages/airflow/example_dags/example_branch_day_of_week_operator.py
[2022-02-03 23:30:34,980] {processor.py:654} INFO - DAG(s) dict_keys(['example_weekday_branch_operator']) retrieved from /home/airflow/.local/lib/python3.7/site-packages/airflow/example_dags/example_branch_day_of_week_operator.py
[2022-02-03 23:30:35,014] {logging_mixin.py:109} INFO - [2022-02-03 23:30:35,014] {dag.py:2396} INFO - Sync 1 DAGs
[2022-02-03 23:30:35,052] {logging_mixin.py:109} INFO - [2022-02-03 23:30:35,051] {dag.py:2935} INFO - Setting next_dagrun for example_weekday_branch_operator to 2022-02-02 00:00:00+00:00
[2022-02-03 23:30:35,077] {processor.py:171} INFO - Processing /home/airflow/.local/lib/python3.7/site-packages/airflow/example_dags/example_branch_day_of_week_operator.py took 0.191 seconds
[2022-02-03 23:31:05,502] {processor.py:163} INFO - Started process (PID=119) to work on /home/airflow/.local/lib/python3.7/site-packages/airflow/example_dags/example_branch_day_of_week_operator.py
[2022-02-03 23:31:05,505] {processor.py:642} INFO - Processing file /home/airflow/.local/lib/python3.7/site-packages/airflow/example_dags/example_branch_day_of_week_operator.py for tasks to queue
[2022-02-03 23:31:05,506] {logging_mixin.py:109} INFO - [2022-02-03 23:31:05,506] {dagbag.py:500} INFO - Filling up the DagBag from /home/airflow/.local/lib/python3.7/site-packages/airflow/example_dags/example_branch_day_of_week_operator.py
[2022-02-03 23:31:05,547] {processor.py:654} INFO - DAG(s) dict_keys(['example_weekday_branch_operator']) retrieved from /home/airflow/.local/lib/python3.7/site-packages/airflow/example_dags/example_branch_day_of_week_operator.py
[2022-02-03 23:31:05,567] {logging_mixin.py:109} INFO - [2022-02-03 23:31:05,566] {dag.py:2396} INFO - Sync 1 DAGs
[2022-02-03 23:31:05,588] {logging_mixin.py:109} INFO - [2022-02-03 23:31:05,588] {dag.py:2935} INFO - Setting next_dagrun for example_weekday_branch_operator to 2022-02-02 00:00:00+00:00
[2022-02-03 23:31:05,602] {processor.py:171} INFO - Processing /home/airflow/.local/lib/python3.7/site-packages/airflow/example_dags/example_branch_day_of_week_operator.py took 0.105 seconds
[2022-02-03 23:31:37,215] {processor.py:163} INFO - Started process (PID=186) to work on /home/airflow/.local/lib/python3.7/site-packages/airflow/example_dags/example_branch_day_of_week_operator.py
[2022-02-03 23:31:37,218] {processor.py:642} INFO - Processing file /home/airflow/.local/lib/python3.7/site-packages/airflow/example_dags/example_branch_day_of_week_operator.py for tasks to queue
[2022-02-03 23:31:37,220] {logging_mixin.py:109} INFO - [2022-02-03 23:31:37,220] {dagbag.py:500} INFO - Filling up the DagBag from /home/airflow/.local/lib/python3.7/site-packages/airflow/example_dags/example_branch_day_of_week_operator.py
[2022-02-03 23:31:37,332] {processor.py:654} INFO - DAG(s) dict_keys(['example_weekday_branch_operator']) retrieved from /home/airflow/.local/lib/python3.7/site-packages/airflow/example_dags/example_branch_day_of_week_operator.py
[2022-02-03 23:31:37,352] {logging_mixin.py:109} INFO - [2022-02-03 23:31:37,352] {dag.py:2396} INFO - Sync 1 DAGs
[2022-02-03 23:31:37,383] {logging_mixin.py:109} INFO - [2022-02-03 23:31:37,383] {dag.py:2935} INFO - Setting next_dagrun for example_weekday_branch_operator to 2022-02-02 00:00:00+00:00
[2022-02-03 23:31:37,398] {processor.py:171} INFO - Processing /home/airflow/.local/lib/python3.7/site-packages/airflow/example_dags/example_branch_day_of_week_operator.py took 0.201 seconds
[2022-02-03 23:32:07,924] {processor.py:163} INFO - Started process (PID=239) to work on /home/airflow/.local/lib/python3.7/site-packages/airflow/example_dags/example_branch_day_of_week_operator.py
[2022-02-03 23:32:07,926] {processor.py:642} INFO - Processing file /home/airflow/.local/lib/python3.7/site-packages/airflow/example_dags/example_branch_day_of_week_operator.py for tasks to queue
[2022-02-03 23:32:07,927] {logging_mixin.py:109} INFO - [2022-02-03 23:32:07,927] {dagbag.py:500} INFO - Filling up the DagBag from /home/airflow/.local/lib/python3.7/site-packages/airflow/example_dags/example_branch_day_of_week_operator.py
[2022-02-03 23:32:07,991] {processor.py:654} INFO - DAG(s) dict_keys(['example_weekday_branch_operator']) retrieved from /home/airflow/.local/lib/python3.7/site-packages/airflow/example_dags/example_branch_day_of_week_operator.py
[2022-02-03 23:32:08,011] {logging_mixin.py:109} INFO - [2022-02-03 23:32:08,011] {dag.py:2396} INFO - Sync 1 DAGs
[2022-02-03 23:32:08,051] {logging_mixin.py:109} INFO - [2022-02-03 23:32:08,051] {dag.py:2935} INFO - Setting next_dagrun for example_weekday_branch_operator to 2022-02-02 00:00:00+00:00
[2022-02-03 23:32:08,084] {processor.py:171} INFO - Processing /home/airflow/.local/lib/python3.7/site-packages/airflow/example_dags/example_branch_day_of_week_operator.py took 0.166 seconds
[2022-02-03 23:32:38,786] {processor.py:163} INFO - Started process (PID=292) to work on /home/airflow/.local/lib/python3.7/site-packages/airflow/example_dags/example_branch_day_of_week_operator.py
[2022-02-03 23:32:38,788] {processor.py:642} INFO - Processing file /home/airflow/.local/lib/python3.7/site-packages/airflow/example_dags/example_branch_day_of_week_operator.py for tasks to queue
[2022-02-03 23:32:38,790] {logging_mixin.py:109} INFO - [2022-02-03 23:32:38,789] {dagbag.py:500} INFO - Filling up the DagBag from /home/airflow/.local/lib/python3.7/site-packages/airflow/example_dags/example_branch_day_of_week_operator.py
[2022-02-03 23:32:38,911] {processor.py:654} INFO - DAG(s) dict_keys(['example_weekday_branch_operator']) retrieved from /home/airflow/.local/lib/python3.7/site-packages/airflow/example_dags/example_branch_day_of_week_operator.py
[2022-02-03 23:32:38,938] {logging_mixin.py:109} INFO - [2022-02-03 23:32:38,937] {dag.py:2396} INFO - Sync 1 DAGs
[2022-02-03 23:32:38,971] {logging_mixin.py:109} INFO - [2022-02-03 23:32:38,970] {dag.py:2935} INFO - Setting next_dagrun for example_weekday_branch_operator to 2022-02-02 00:00:00+00:00
[2022-02-03 23:32:39,073] {processor.py:171} INFO - Processing /home/airflow/.local/lib/python3.7/site-packages/airflow/example_dags/example_branch_day_of_week_operator.py took 0.294 seconds
[2022-02-03 23:33:09,572] {processor.py:163} INFO - Started process (PID=357) to work on /home/airflow/.local/lib/python3.7/site-packages/airflow/example_dags/example_branch_day_of_week_operator.py
[2022-02-03 23:33:09,576] {processor.py:642} INFO - Processing file /home/airflow/.local/lib/python3.7/site-packages/airflow/example_dags/example_branch_day_of_week_operator.py for tasks to queue
[2022-02-03 23:33:09,578] {logging_mixin.py:109} INFO - [2022-02-03 23:33:09,578] {dagbag.py:500} INFO - Filling up the DagBag from /home/airflow/.local/lib/python3.7/site-packages/airflow/example_dags/example_branch_day_of_week_operator.py
[2022-02-03 23:33:09,621] {processor.py:654} INFO - DAG(s) dict_keys(['example_weekday_branch_operator']) retrieved from /home/airflow/.local/lib/python3.7/site-packages/airflow/example_dags/example_branch_day_of_week_operator.py
[2022-02-03 23:33:09,635] {logging_mixin.py:109} INFO - [2022-02-03 23:33:09,635] {dag.py:2396} INFO - Sync 1 DAGs
[2022-02-03 23:33:09,655] {logging_mixin.py:109} INFO - [2022-02-03 23:33:09,655] {dag.py:2935} INFO - Setting next_dagrun for example_weekday_branch_operator to 2022-02-02 00:00:00+00:00
[2022-02-03 23:33:09,669] {processor.py:171} INFO - Processing /home/airflow/.local/lib/python3.7/site-packages/airflow/example_dags/example_branch_day_of_week_operator.py took 0.103 seconds
[2022-02-03 23:33:41,077] {processor.py:163} INFO - Started process (PID=410) to work on /home/airflow/.local/lib/python3.7/site-packages/airflow/example_dags/example_branch_day_of_week_operator.py
[2022-02-03 23:33:41,080] {processor.py:642} INFO - Processing file /home/airflow/.local/lib/python3.7/site-packages/airflow/example_dags/example_branch_day_of_week_operator.py for tasks to queue
[2022-02-03 23:33:41,082] {logging_mixin.py:109} INFO - [2022-02-03 23:33:41,082] {dagbag.py:500} INFO - Filling up the DagBag from /home/airflow/.local/lib/python3.7/site-packages/airflow/example_dags/example_branch_day_of_week_operator.py
[2022-02-03 23:33:41,125] {processor.py:654} INFO - DAG(s) dict_keys(['example_weekday_branch_operator']) retrieved from /home/airflow/.local/lib/python3.7/site-packages/airflow/example_dags/example_branch_day_of_week_operator.py
[2022-02-03 23:33:41,137] {logging_mixin.py:109} INFO - [2022-02-03 23:33:41,137] {dag.py:2396} INFO - Sync 1 DAGs
[2022-02-03 23:33:41,169] {logging_mixin.py:109} INFO - [2022-02-03 23:33:41,169] {dag.py:2935} INFO - Setting next_dagrun for example_weekday_branch_operator to 2022-02-02 00:00:00+00:00
[2022-02-03 23:33:41,181] {processor.py:171} INFO - Processing /home/airflow/.local/lib/python3.7/site-packages/airflow/example_dags/example_branch_day_of_week_operator.py took 0.109 seconds
[2022-02-03 23:34:11,572] {processor.py:163} INFO - Started process (PID=462) to work on /home/airflow/.local/lib/python3.7/site-packages/airflow/example_dags/example_branch_day_of_week_operator.py
[2022-02-03 23:34:11,574] {processor.py:642} INFO - Processing file /home/airflow/.local/lib/python3.7/site-packages/airflow/example_dags/example_branch_day_of_week_operator.py for tasks to queue
[2022-02-03 23:34:11,575] {logging_mixin.py:109} INFO - [2022-02-03 23:34:11,575] {dagbag.py:500} INFO - Filling up the DagBag from /home/airflow/.local/lib/python3.7/site-packages/airflow/example_dags/example_branch_day_of_week_operator.py
[2022-02-03 23:34:11,619] {processor.py:654} INFO - DAG(s) dict_keys(['example_weekday_branch_operator']) retrieved from /home/airflow/.local/lib/python3.7/site-packages/airflow/example_dags/example_branch_day_of_week_operator.py
[2022-02-03 23:34:11,634] {logging_mixin.py:109} INFO - [2022-02-03 23:34:11,634] {dag.py:2396} INFO - Sync 1 DAGs
[2022-02-03 23:34:11,668] {logging_mixin.py:109} INFO - [2022-02-03 23:34:11,668] {dag.py:2935} INFO - Setting next_dagrun for example_weekday_branch_operator to 2022-02-02 00:00:00+00:00
[2022-02-03 23:34:11,685] {processor.py:171} INFO - Processing /home/airflow/.local/lib/python3.7/site-packages/airflow/example_dags/example_branch_day_of_week_operator.py took 0.117 seconds
[2022-02-03 23:34:42,751] {processor.py:163} INFO - Started process (PID=527) to work on /home/airflow/.local/lib/python3.7/site-packages/airflow/example_dags/example_branch_day_of_week_operator.py
[2022-02-03 23:34:42,753] {processor.py:642} INFO - Processing file /home/airflow/.local/lib/python3.7/site-packages/airflow/example_dags/example_branch_day_of_week_operator.py for tasks to queue
[2022-02-03 23:34:42,755] {logging_mixin.py:109} INFO - [2022-02-03 23:34:42,755] {dagbag.py:500} INFO - Filling up the DagBag from /home/airflow/.local/lib/python3.7/site-packages/airflow/example_dags/example_branch_day_of_week_operator.py
[2022-02-03 23:34:42,791] {processor.py:654} INFO - DAG(s) dict_keys(['example_weekday_branch_operator']) retrieved from /home/airflow/.local/lib/python3.7/site-packages/airflow/example_dags/example_branch_day_of_week_operator.py
[2022-02-03 23:34:42,805] {logging_mixin.py:109} INFO - [2022-02-03 23:34:42,805] {dag.py:2396} INFO - Sync 1 DAGs
[2022-02-03 23:34:42,830] {logging_mixin.py:109} INFO - [2022-02-03 23:34:42,829] {dag.py:2935} INFO - Setting next_dagrun for example_weekday_branch_operator to 2022-02-02 00:00:00+00:00
[2022-02-03 23:34:42,851] {processor.py:171} INFO - Processing /home/airflow/.local/lib/python3.7/site-packages/airflow/example_dags/example_branch_day_of_week_operator.py took 0.104 seconds
[2022-02-03 23:35:13,621] {processor.py:163} INFO - Started process (PID=581) to work on /home/airflow/.local/lib/python3.7/site-packages/airflow/example_dags/example_branch_day_of_week_operator.py
[2022-02-03 23:35:13,624] {processor.py:642} INFO - Processing file /home/airflow/.local/lib/python3.7/site-packages/airflow/example_dags/example_branch_day_of_week_operator.py for tasks to queue
[2022-02-03 23:35:13,625] {logging_mixin.py:109} INFO - [2022-02-03 23:35:13,625] {dagbag.py:500} INFO - Filling up the DagBag from /home/airflow/.local/lib/python3.7/site-packages/airflow/example_dags/example_branch_day_of_week_operator.py
[2022-02-03 23:35:13,678] {processor.py:654} INFO - DAG(s) dict_keys(['example_weekday_branch_operator']) retrieved from /home/airflow/.local/lib/python3.7/site-packages/airflow/example_dags/example_branch_day_of_week_operator.py
[2022-02-03 23:35:13,693] {logging_mixin.py:109} INFO - [2022-02-03 23:35:13,693] {dag.py:2396} INFO - Sync 1 DAGs
[2022-02-03 23:35:13,714] {logging_mixin.py:109} INFO - [2022-02-03 23:35:13,714] {dag.py:2935} INFO - Setting next_dagrun for example_weekday_branch_operator to 2022-02-02 00:00:00+00:00
[2022-02-03 23:35:13,726] {processor.py:171} INFO - Processing /home/airflow/.local/lib/python3.7/site-packages/airflow/example_dags/example_branch_day_of_week_operator.py took 0.110 seconds
[2022-02-03 23:35:45,169] {processor.py:163} INFO - Started process (PID=644) to work on /home/airflow/.local/lib/python3.7/site-packages/airflow/example_dags/example_branch_day_of_week_operator.py
[2022-02-03 23:35:45,172] {processor.py:642} INFO - Processing file /home/airflow/.local/lib/python3.7/site-packages/airflow/example_dags/example_branch_day_of_week_operator.py for tasks to queue
[2022-02-03 23:35:45,173] {logging_mixin.py:109} INFO - [2022-02-03 23:35:45,173] {dagbag.py:500} INFO - Filling up the DagBag from /home/airflow/.local/lib/python3.7/site-packages/airflow/example_dags/example_branch_day_of_week_operator.py
[2022-02-03 23:35:45,225] {processor.py:654} INFO - DAG(s) dict_keys(['example_weekday_branch_operator']) retrieved from /home/airflow/.local/lib/python3.7/site-packages/airflow/example_dags/example_branch_day_of_week_operator.py
[2022-02-03 23:35:45,242] {logging_mixin.py:109} INFO - [2022-02-03 23:35:45,241] {dag.py:2396} INFO - Sync 1 DAGs
[2022-02-03 23:35:45,274] {logging_mixin.py:109} INFO - [2022-02-03 23:35:45,274] {dag.py:2935} INFO - Setting next_dagrun for example_weekday_branch_operator to 2022-02-02 00:00:00+00:00
[2022-02-03 23:35:45,288] {processor.py:171} INFO - Processing /home/airflow/.local/lib/python3.7/site-packages/airflow/example_dags/example_branch_day_of_week_operator.py took 0.124 seconds
[2022-02-03 23:36:16,190] {processor.py:163} INFO - Started process (PID=702) to work on /home/airflow/.local/lib/python3.7/site-packages/airflow/example_dags/example_branch_day_of_week_operator.py
[2022-02-03 23:36:16,193] {processor.py:642} INFO - Processing file /home/airflow/.local/lib/python3.7/site-packages/airflow/example_dags/example_branch_day_of_week_operator.py for tasks to queue
[2022-02-03 23:36:16,195] {logging_mixin.py:109} INFO - [2022-02-03 23:36:16,194] {dagbag.py:500} INFO - Filling up the DagBag from /home/airflow/.local/lib/python3.7/site-packages/airflow/example_dags/example_branch_day_of_week_operator.py
[2022-02-03 23:36:16,238] {processor.py:654} INFO - DAG(s) dict_keys(['example_weekday_branch_operator']) retrieved from /home/airflow/.local/lib/python3.7/site-packages/airflow/example_dags/example_branch_day_of_week_operator.py
[2022-02-03 23:36:16,252] {logging_mixin.py:109} INFO - [2022-02-03 23:36:16,252] {dag.py:2396} INFO - Sync 1 DAGs
[2022-02-03 23:36:16,275] {logging_mixin.py:109} INFO - [2022-02-03 23:36:16,274] {dag.py:2935} INFO - Setting next_dagrun for example_weekday_branch_operator to 2022-02-02 00:00:00+00:00
[2022-02-03 23:36:16,290] {processor.py:171} INFO - Processing /home/airflow/.local/lib/python3.7/site-packages/airflow/example_dags/example_branch_day_of_week_operator.py took 0.104 seconds
[2022-02-03 23:36:46,533] {processor.py:163} INFO - Started process (PID=752) to work on /home/airflow/.local/lib/python3.7/site-packages/airflow/example_dags/example_branch_day_of_week_operator.py
[2022-02-03 23:36:46,536] {processor.py:642} INFO - Processing file /home/airflow/.local/lib/python3.7/site-packages/airflow/example_dags/example_branch_day_of_week_operator.py for tasks to queue
[2022-02-03 23:36:46,537] {logging_mixin.py:109} INFO - [2022-02-03 23:36:46,537] {dagbag.py:500} INFO - Filling up the DagBag from /home/airflow/.local/lib/python3.7/site-packages/airflow/example_dags/example_branch_day_of_week_operator.py
[2022-02-03 23:36:46,569] {processor.py:654} INFO - DAG(s) dict_keys(['example_weekday_branch_operator']) retrieved from /home/airflow/.local/lib/python3.7/site-packages/airflow/example_dags/example_branch_day_of_week_operator.py
[2022-02-03 23:36:46,580] {logging_mixin.py:109} INFO - [2022-02-03 23:36:46,580] {dag.py:2396} INFO - Sync 1 DAGs
[2022-02-03 23:36:46,599] {logging_mixin.py:109} INFO - [2022-02-03 23:36:46,599] {dag.py:2935} INFO - Setting next_dagrun for example_weekday_branch_operator to 2022-02-02 00:00:00+00:00
[2022-02-03 23:36:46,611] {processor.py:171} INFO - Processing /home/airflow/.local/lib/python3.7/site-packages/airflow/example_dags/example_branch_day_of_week_operator.py took 0.082 seconds
[2022-02-03 23:37:17,041] {processor.py:163} INFO - Started process (PID=805) to work on /home/airflow/.local/lib/python3.7/site-packages/airflow/example_dags/example_branch_day_of_week_operator.py
[2022-02-03 23:37:17,045] {processor.py:642} INFO - Processing file /home/airflow/.local/lib/python3.7/site-packages/airflow/example_dags/example_branch_day_of_week_operator.py for tasks to queue
[2022-02-03 23:37:17,047] {logging_mixin.py:109} INFO - [2022-02-03 23:37:17,047] {dagbag.py:500} INFO - Filling up the DagBag from /home/airflow/.local/lib/python3.7/site-packages/airflow/example_dags/example_branch_day_of_week_operator.py
[2022-02-03 23:37:17,083] {processor.py:654} INFO - DAG(s) dict_keys(['example_weekday_branch_operator']) retrieved from /home/airflow/.local/lib/python3.7/site-packages/airflow/example_dags/example_branch_day_of_week_operator.py
[2022-02-03 23:37:17,097] {logging_mixin.py:109} INFO - [2022-02-03 23:37:17,097] {dag.py:2396} INFO - Sync 1 DAGs
[2022-02-03 23:37:17,131] {logging_mixin.py:109} INFO - [2022-02-03 23:37:17,131] {dag.py:2935} INFO - Setting next_dagrun for example_weekday_branch_operator to 2022-02-02 00:00:00+00:00
[2022-02-03 23:37:17,148] {processor.py:171} INFO - Processing /home/airflow/.local/lib/python3.7/site-packages/airflow/example_dags/example_branch_day_of_week_operator.py took 0.112 seconds
[2022-02-03 23:37:47,823] {processor.py:163} INFO - Started process (PID=869) to work on /home/airflow/.local/lib/python3.7/site-packages/airflow/example_dags/example_branch_day_of_week_operator.py
[2022-02-03 23:37:47,826] {processor.py:642} INFO - Processing file /home/airflow/.local/lib/python3.7/site-packages/airflow/example_dags/example_branch_day_of_week_operator.py for tasks to queue
[2022-02-03 23:37:47,829] {logging_mixin.py:109} INFO - [2022-02-03 23:37:47,828] {dagbag.py:500} INFO - Filling up the DagBag from /home/airflow/.local/lib/python3.7/site-packages/airflow/example_dags/example_branch_day_of_week_operator.py
[2022-02-03 23:37:47,887] {processor.py:654} INFO - DAG(s) dict_keys(['example_weekday_branch_operator']) retrieved from /home/airflow/.local/lib/python3.7/site-packages/airflow/example_dags/example_branch_day_of_week_operator.py
[2022-02-03 23:37:47,914] {logging_mixin.py:109} INFO - [2022-02-03 23:37:47,914] {dag.py:2396} INFO - Sync 1 DAGs
[2022-02-03 23:37:47,940] {logging_mixin.py:109} INFO - [2022-02-03 23:37:47,940] {dag.py:2935} INFO - Setting next_dagrun for example_weekday_branch_operator to 2022-02-02 00:00:00+00:00
[2022-02-03 23:37:47,953] {processor.py:171} INFO - Processing /home/airflow/.local/lib/python3.7/site-packages/airflow/example_dags/example_branch_day_of_week_operator.py took 0.137 seconds
[2022-02-03 23:38:18,515] {processor.py:163} INFO - Started process (PID=922) to work on /home/airflow/.local/lib/python3.7/site-packages/airflow/example_dags/example_branch_day_of_week_operator.py
[2022-02-03 23:38:18,518] {processor.py:642} INFO - Processing file /home/airflow/.local/lib/python3.7/site-packages/airflow/example_dags/example_branch_day_of_week_operator.py for tasks to queue
[2022-02-03 23:38:18,520] {logging_mixin.py:109} INFO - [2022-02-03 23:38:18,520] {dagbag.py:500} INFO - Filling up the DagBag from /home/airflow/.local/lib/python3.7/site-packages/airflow/example_dags/example_branch_day_of_week_operator.py
[2022-02-03 23:38:18,562] {processor.py:654} INFO - DAG(s) dict_keys(['example_weekday_branch_operator']) retrieved from /home/airflow/.local/lib/python3.7/site-packages/airflow/example_dags/example_branch_day_of_week_operator.py
[2022-02-03 23:38:18,576] {logging_mixin.py:109} INFO - [2022-02-03 23:38:18,576] {dag.py:2396} INFO - Sync 1 DAGs
[2022-02-03 23:38:18,596] {logging_mixin.py:109} INFO - [2022-02-03 23:38:18,596] {dag.py:2935} INFO - Setting next_dagrun for example_weekday_branch_operator to 2022-02-02 00:00:00+00:00
[2022-02-03 23:38:18,611] {processor.py:171} INFO - Processing /home/airflow/.local/lib/python3.7/site-packages/airflow/example_dags/example_branch_day_of_week_operator.py took 0.101 seconds
[2022-02-03 23:38:49,687] {processor.py:163} INFO - Started process (PID=977) to work on /home/airflow/.local/lib/python3.7/site-packages/airflow/example_dags/example_branch_day_of_week_operator.py
[2022-02-03 23:38:49,689] {processor.py:642} INFO - Processing file /home/airflow/.local/lib/python3.7/site-packages/airflow/example_dags/example_branch_day_of_week_operator.py for tasks to queue
[2022-02-03 23:38:49,690] {logging_mixin.py:109} INFO - [2022-02-03 23:38:49,690] {dagbag.py:500} INFO - Filling up the DagBag from /home/airflow/.local/lib/python3.7/site-packages/airflow/example_dags/example_branch_day_of_week_operator.py
[2022-02-03 23:38:49,731] {processor.py:654} INFO - DAG(s) dict_keys(['example_weekday_branch_operator']) retrieved from /home/airflow/.local/lib/python3.7/site-packages/airflow/example_dags/example_branch_day_of_week_operator.py
[2022-02-03 23:38:49,746] {logging_mixin.py:109} INFO - [2022-02-03 23:38:49,746] {dag.py:2396} INFO - Sync 1 DAGs
[2022-02-03 23:38:49,767] {logging_mixin.py:109} INFO - [2022-02-03 23:38:49,767] {dag.py:2935} INFO - Setting next_dagrun for example_weekday_branch_operator to 2022-02-02 00:00:00+00:00
[2022-02-03 23:38:49,780] {processor.py:171} INFO - Processing /home/airflow/.local/lib/python3.7/site-packages/airflow/example_dags/example_branch_day_of_week_operator.py took 0.098 seconds
[2022-02-03 23:39:20,237] {processor.py:163} INFO - Started process (PID=1042) to work on /home/airflow/.local/lib/python3.7/site-packages/airflow/example_dags/example_branch_day_of_week_operator.py
[2022-02-03 23:39:20,239] {processor.py:642} INFO - Processing file /home/airflow/.local/lib/python3.7/site-packages/airflow/example_dags/example_branch_day_of_week_operator.py for tasks to queue
[2022-02-03 23:39:20,241] {logging_mixin.py:109} INFO - [2022-02-03 23:39:20,241] {dagbag.py:500} INFO - Filling up the DagBag from /home/airflow/.local/lib/python3.7/site-packages/airflow/example_dags/example_branch_day_of_week_operator.py
[2022-02-03 23:39:20,276] {processor.py:654} INFO - DAG(s) dict_keys(['example_weekday_branch_operator']) retrieved from /home/airflow/.local/lib/python3.7/site-packages/airflow/example_dags/example_branch_day_of_week_operator.py
[2022-02-03 23:39:20,291] {logging_mixin.py:109} INFO - [2022-02-03 23:39:20,290] {dag.py:2396} INFO - Sync 1 DAGs
[2022-02-03 23:39:20,317] {logging_mixin.py:109} INFO - [2022-02-03 23:39:20,317] {dag.py:2935} INFO - Setting next_dagrun for example_weekday_branch_operator to 2022-02-02 00:00:00+00:00
[2022-02-03 23:39:20,339] {processor.py:171} INFO - Processing /home/airflow/.local/lib/python3.7/site-packages/airflow/example_dags/example_branch_day_of_week_operator.py took 0.105 seconds
[2022-02-03 23:39:50,984] {processor.py:163} INFO - Started process (PID=1094) to work on /home/airflow/.local/lib/python3.7/site-packages/airflow/example_dags/example_branch_day_of_week_operator.py
[2022-02-03 23:39:50,985] {processor.py:642} INFO - Processing file /home/airflow/.local/lib/python3.7/site-packages/airflow/example_dags/example_branch_day_of_week_operator.py for tasks to queue
[2022-02-03 23:39:50,987] {logging_mixin.py:109} INFO - [2022-02-03 23:39:50,987] {dagbag.py:500} INFO - Filling up the DagBag from /home/airflow/.local/lib/python3.7/site-packages/airflow/example_dags/example_branch_day_of_week_operator.py
[2022-02-03 23:39:51,020] {processor.py:654} INFO - DAG(s) dict_keys(['example_weekday_branch_operator']) retrieved from /home/airflow/.local/lib/python3.7/site-packages/airflow/example_dags/example_branch_day_of_week_operator.py
[2022-02-03 23:39:51,033] {logging_mixin.py:109} INFO - [2022-02-03 23:39:51,033] {dag.py:2396} INFO - Sync 1 DAGs
[2022-02-03 23:39:51,052] {logging_mixin.py:109} INFO - [2022-02-03 23:39:51,051] {dag.py:2935} INFO - Setting next_dagrun for example_weekday_branch_operator to 2022-02-02 00:00:00+00:00
[2022-02-03 23:39:51,064] {processor.py:171} INFO - Processing /home/airflow/.local/lib/python3.7/site-packages/airflow/example_dags/example_branch_day_of_week_operator.py took 0.084 seconds
[2022-02-03 23:40:21,264] {processor.py:163} INFO - Started process (PID=1158) to work on /home/airflow/.local/lib/python3.7/site-packages/airflow/example_dags/example_branch_day_of_week_operator.py
[2022-02-03 23:40:21,268] {processor.py:642} INFO - Processing file /home/airflow/.local/lib/python3.7/site-packages/airflow/example_dags/example_branch_day_of_week_operator.py for tasks to queue
[2022-02-03 23:40:21,270] {logging_mixin.py:109} INFO - [2022-02-03 23:40:21,270] {dagbag.py:500} INFO - Filling up the DagBag from /home/airflow/.local/lib/python3.7/site-packages/airflow/example_dags/example_branch_day_of_week_operator.py
[2022-02-03 23:40:21,320] {processor.py:654} INFO - DAG(s) dict_keys(['example_weekday_branch_operator']) retrieved from /home/airflow/.local/lib/python3.7/site-packages/airflow/example_dags/example_branch_day_of_week_operator.py
[2022-02-03 23:40:21,338] {logging_mixin.py:109} INFO - [2022-02-03 23:40:21,337] {dag.py:2396} INFO - Sync 1 DAGs
[2022-02-03 23:40:21,366] {logging_mixin.py:109} INFO - [2022-02-03 23:40:21,366] {dag.py:2935} INFO - Setting next_dagrun for example_weekday_branch_operator to 2022-02-02 00:00:00+00:00
[2022-02-03 23:40:21,387] {processor.py:171} INFO - Processing /home/airflow/.local/lib/python3.7/site-packages/airflow/example_dags/example_branch_day_of_week_operator.py took 0.128 seconds
