[2022-02-03 23:02:31,667] {processor.py:163} INFO - Started process (PID=198) to work on /home/airflow/.local/lib/python3.7/site-packages/airflow/example_dags/example_nested_branch_dag.py
[2022-02-03 23:02:31,669] {processor.py:642} INFO - Processing file /home/airflow/.local/lib/python3.7/site-packages/airflow/example_dags/example_nested_branch_dag.py for tasks to queue
[2022-02-03 23:02:31,670] {logging_mixin.py:109} INFO - [2022-02-03 23:02:31,670] {dagbag.py:500} INFO - Filling up the DagBag from /home/airflow/.local/lib/python3.7/site-packages/airflow/example_dags/example_nested_branch_dag.py
[2022-02-03 23:02:31,714] {processor.py:654} INFO - DAG(s) dict_keys(['example_nested_branch_dag']) retrieved from /home/airflow/.local/lib/python3.7/site-packages/airflow/example_dags/example_nested_branch_dag.py
[2022-02-03 23:02:33,678] {logging_mixin.py:109} INFO - [2022-02-03 23:02:33,678] {manager.py:496} INFO - Created Permission View: can read on DAG:example_nested_branch_dag
[2022-02-03 23:02:33,690] {logging_mixin.py:109} INFO - [2022-02-03 23:02:33,690] {manager.py:496} INFO - Created Permission View: can edit on DAG:example_nested_branch_dag
[2022-02-03 23:02:33,692] {logging_mixin.py:109} INFO - [2022-02-03 23:02:33,692] {dag.py:2396} INFO - Sync 1 DAGs
[2022-02-03 23:02:33,702] {logging_mixin.py:109} INFO - [2022-02-03 23:02:33,701] {dag.py:2415} INFO - Creating ORM DAG for example_nested_branch_dag
[2022-02-03 23:02:33,712] {logging_mixin.py:109} INFO - [2022-02-03 23:02:33,712] {dag.py:2935} INFO - Setting next_dagrun for example_nested_branch_dag to 2022-02-02 00:00:00+00:00
[2022-02-03 23:02:33,728] {processor.py:171} INFO - Processing /home/airflow/.local/lib/python3.7/site-packages/airflow/example_dags/example_nested_branch_dag.py took 2.066 seconds
[2022-02-03 23:03:03,815] {processor.py:163} INFO - Started process (PID=270) to work on /home/airflow/.local/lib/python3.7/site-packages/airflow/example_dags/example_nested_branch_dag.py
[2022-02-03 23:03:03,818] {processor.py:642} INFO - Processing file /home/airflow/.local/lib/python3.7/site-packages/airflow/example_dags/example_nested_branch_dag.py for tasks to queue
[2022-02-03 23:03:03,820] {logging_mixin.py:109} INFO - [2022-02-03 23:03:03,820] {dagbag.py:500} INFO - Filling up the DagBag from /home/airflow/.local/lib/python3.7/site-packages/airflow/example_dags/example_nested_branch_dag.py
[2022-02-03 23:03:03,881] {processor.py:654} INFO - DAG(s) dict_keys(['example_nested_branch_dag']) retrieved from /home/airflow/.local/lib/python3.7/site-packages/airflow/example_dags/example_nested_branch_dag.py
[2022-02-03 23:03:03,896] {logging_mixin.py:109} INFO - [2022-02-03 23:03:03,896] {dag.py:2396} INFO - Sync 1 DAGs
[2022-02-03 23:03:03,918] {logging_mixin.py:109} INFO - [2022-02-03 23:03:03,918] {dag.py:2935} INFO - Setting next_dagrun for example_nested_branch_dag to 2022-02-02 00:00:00+00:00
[2022-02-03 23:03:03,929] {processor.py:171} INFO - Processing /home/airflow/.local/lib/python3.7/site-packages/airflow/example_dags/example_nested_branch_dag.py took 0.118 seconds
[2022-02-03 23:03:34,617] {processor.py:163} INFO - Started process (PID=334) to work on /home/airflow/.local/lib/python3.7/site-packages/airflow/example_dags/example_nested_branch_dag.py
[2022-02-03 23:03:34,620] {processor.py:642} INFO - Processing file /home/airflow/.local/lib/python3.7/site-packages/airflow/example_dags/example_nested_branch_dag.py for tasks to queue
[2022-02-03 23:03:34,621] {logging_mixin.py:109} INFO - [2022-02-03 23:03:34,621] {dagbag.py:500} INFO - Filling up the DagBag from /home/airflow/.local/lib/python3.7/site-packages/airflow/example_dags/example_nested_branch_dag.py
[2022-02-03 23:03:34,662] {processor.py:654} INFO - DAG(s) dict_keys(['example_nested_branch_dag']) retrieved from /home/airflow/.local/lib/python3.7/site-packages/airflow/example_dags/example_nested_branch_dag.py
[2022-02-03 23:03:34,676] {logging_mixin.py:109} INFO - [2022-02-03 23:03:34,676] {dag.py:2396} INFO - Sync 1 DAGs
[2022-02-03 23:03:34,695] {logging_mixin.py:109} INFO - [2022-02-03 23:03:34,695] {dag.py:2935} INFO - Setting next_dagrun for example_nested_branch_dag to 2022-02-02 00:00:00+00:00
[2022-02-03 23:03:34,709] {processor.py:171} INFO - Processing /home/airflow/.local/lib/python3.7/site-packages/airflow/example_dags/example_nested_branch_dag.py took 0.096 seconds
[2022-02-03 23:04:05,068] {processor.py:163} INFO - Started process (PID=388) to work on /home/airflow/.local/lib/python3.7/site-packages/airflow/example_dags/example_nested_branch_dag.py
[2022-02-03 23:04:05,070] {processor.py:642} INFO - Processing file /home/airflow/.local/lib/python3.7/site-packages/airflow/example_dags/example_nested_branch_dag.py for tasks to queue
[2022-02-03 23:04:05,072] {logging_mixin.py:109} INFO - [2022-02-03 23:04:05,072] {dagbag.py:500} INFO - Filling up the DagBag from /home/airflow/.local/lib/python3.7/site-packages/airflow/example_dags/example_nested_branch_dag.py
[2022-02-03 23:04:05,108] {processor.py:654} INFO - DAG(s) dict_keys(['example_nested_branch_dag']) retrieved from /home/airflow/.local/lib/python3.7/site-packages/airflow/example_dags/example_nested_branch_dag.py
[2022-02-03 23:04:05,121] {logging_mixin.py:109} INFO - [2022-02-03 23:04:05,120] {dag.py:2396} INFO - Sync 1 DAGs
[2022-02-03 23:04:05,141] {logging_mixin.py:109} INFO - [2022-02-03 23:04:05,140] {dag.py:2935} INFO - Setting next_dagrun for example_nested_branch_dag to 2022-02-02 00:00:00+00:00
[2022-02-03 23:04:05,152] {processor.py:171} INFO - Processing /home/airflow/.local/lib/python3.7/site-packages/airflow/example_dags/example_nested_branch_dag.py took 0.088 seconds
[2022-02-03 23:04:35,268] {processor.py:163} INFO - Started process (PID=447) to work on /home/airflow/.local/lib/python3.7/site-packages/airflow/example_dags/example_nested_branch_dag.py
[2022-02-03 23:04:35,270] {processor.py:642} INFO - Processing file /home/airflow/.local/lib/python3.7/site-packages/airflow/example_dags/example_nested_branch_dag.py for tasks to queue
[2022-02-03 23:04:35,272] {logging_mixin.py:109} INFO - [2022-02-03 23:04:35,272] {dagbag.py:500} INFO - Filling up the DagBag from /home/airflow/.local/lib/python3.7/site-packages/airflow/example_dags/example_nested_branch_dag.py
[2022-02-03 23:04:35,320] {processor.py:654} INFO - DAG(s) dict_keys(['example_nested_branch_dag']) retrieved from /home/airflow/.local/lib/python3.7/site-packages/airflow/example_dags/example_nested_branch_dag.py
[2022-02-03 23:04:35,340] {logging_mixin.py:109} INFO - [2022-02-03 23:04:35,339] {dag.py:2396} INFO - Sync 1 DAGs
[2022-02-03 23:04:35,368] {logging_mixin.py:109} INFO - [2022-02-03 23:04:35,367] {dag.py:2935} INFO - Setting next_dagrun for example_nested_branch_dag to 2022-02-02 00:00:00+00:00
[2022-02-03 23:04:35,382] {processor.py:171} INFO - Processing /home/airflow/.local/lib/python3.7/site-packages/airflow/example_dags/example_nested_branch_dag.py took 0.118 seconds
[2022-02-03 23:05:05,423] {processor.py:163} INFO - Started process (PID=508) to work on /home/airflow/.local/lib/python3.7/site-packages/airflow/example_dags/example_nested_branch_dag.py
[2022-02-03 23:05:05,427] {processor.py:642} INFO - Processing file /home/airflow/.local/lib/python3.7/site-packages/airflow/example_dags/example_nested_branch_dag.py for tasks to queue
[2022-02-03 23:05:05,430] {logging_mixin.py:109} INFO - [2022-02-03 23:05:05,429] {dagbag.py:500} INFO - Filling up the DagBag from /home/airflow/.local/lib/python3.7/site-packages/airflow/example_dags/example_nested_branch_dag.py
[2022-02-03 23:05:05,475] {processor.py:654} INFO - DAG(s) dict_keys(['example_nested_branch_dag']) retrieved from /home/airflow/.local/lib/python3.7/site-packages/airflow/example_dags/example_nested_branch_dag.py
[2022-02-03 23:05:05,497] {logging_mixin.py:109} INFO - [2022-02-03 23:05:05,497] {dag.py:2396} INFO - Sync 1 DAGs
[2022-02-03 23:05:05,525] {logging_mixin.py:109} INFO - [2022-02-03 23:05:05,525] {dag.py:2935} INFO - Setting next_dagrun for example_nested_branch_dag to 2022-02-02 00:00:00+00:00
[2022-02-03 23:05:05,542] {processor.py:171} INFO - Processing /home/airflow/.local/lib/python3.7/site-packages/airflow/example_dags/example_nested_branch_dag.py took 0.123 seconds
[2022-02-03 23:05:35,761] {processor.py:163} INFO - Started process (PID=562) to work on /home/airflow/.local/lib/python3.7/site-packages/airflow/example_dags/example_nested_branch_dag.py
[2022-02-03 23:05:35,763] {processor.py:642} INFO - Processing file /home/airflow/.local/lib/python3.7/site-packages/airflow/example_dags/example_nested_branch_dag.py for tasks to queue
[2022-02-03 23:05:35,766] {logging_mixin.py:109} INFO - [2022-02-03 23:05:35,765] {dagbag.py:500} INFO - Filling up the DagBag from /home/airflow/.local/lib/python3.7/site-packages/airflow/example_dags/example_nested_branch_dag.py
[2022-02-03 23:05:35,806] {processor.py:654} INFO - DAG(s) dict_keys(['example_nested_branch_dag']) retrieved from /home/airflow/.local/lib/python3.7/site-packages/airflow/example_dags/example_nested_branch_dag.py
[2022-02-03 23:05:35,829] {logging_mixin.py:109} INFO - [2022-02-03 23:05:35,828] {dag.py:2396} INFO - Sync 1 DAGs
[2022-02-03 23:05:35,849] {logging_mixin.py:109} INFO - [2022-02-03 23:05:35,849] {dag.py:2935} INFO - Setting next_dagrun for example_nested_branch_dag to 2022-02-02 00:00:00+00:00
[2022-02-03 23:05:35,861] {processor.py:171} INFO - Processing /home/airflow/.local/lib/python3.7/site-packages/airflow/example_dags/example_nested_branch_dag.py took 0.108 seconds
[2022-02-03 23:06:05,970] {processor.py:163} INFO - Started process (PID=621) to work on /home/airflow/.local/lib/python3.7/site-packages/airflow/example_dags/example_nested_branch_dag.py
[2022-02-03 23:06:05,973] {processor.py:642} INFO - Processing file /home/airflow/.local/lib/python3.7/site-packages/airflow/example_dags/example_nested_branch_dag.py for tasks to queue
[2022-02-03 23:06:05,974] {logging_mixin.py:109} INFO - [2022-02-03 23:06:05,974] {dagbag.py:500} INFO - Filling up the DagBag from /home/airflow/.local/lib/python3.7/site-packages/airflow/example_dags/example_nested_branch_dag.py
[2022-02-03 23:06:06,010] {processor.py:654} INFO - DAG(s) dict_keys(['example_nested_branch_dag']) retrieved from /home/airflow/.local/lib/python3.7/site-packages/airflow/example_dags/example_nested_branch_dag.py
[2022-02-03 23:06:06,026] {logging_mixin.py:109} INFO - [2022-02-03 23:06:06,026] {dag.py:2396} INFO - Sync 1 DAGs
[2022-02-03 23:06:06,048] {logging_mixin.py:109} INFO - [2022-02-03 23:06:06,048] {dag.py:2935} INFO - Setting next_dagrun for example_nested_branch_dag to 2022-02-02 00:00:00+00:00
[2022-02-03 23:06:06,068] {processor.py:171} INFO - Processing /home/airflow/.local/lib/python3.7/site-packages/airflow/example_dags/example_nested_branch_dag.py took 0.101 seconds
[2022-02-03 23:06:36,813] {processor.py:163} INFO - Started process (PID=686) to work on /home/airflow/.local/lib/python3.7/site-packages/airflow/example_dags/example_nested_branch_dag.py
[2022-02-03 23:06:36,815] {processor.py:642} INFO - Processing file /home/airflow/.local/lib/python3.7/site-packages/airflow/example_dags/example_nested_branch_dag.py for tasks to queue
[2022-02-03 23:06:36,817] {logging_mixin.py:109} INFO - [2022-02-03 23:06:36,817] {dagbag.py:500} INFO - Filling up the DagBag from /home/airflow/.local/lib/python3.7/site-packages/airflow/example_dags/example_nested_branch_dag.py
[2022-02-03 23:06:36,854] {processor.py:654} INFO - DAG(s) dict_keys(['example_nested_branch_dag']) retrieved from /home/airflow/.local/lib/python3.7/site-packages/airflow/example_dags/example_nested_branch_dag.py
[2022-02-03 23:06:36,870] {logging_mixin.py:109} INFO - [2022-02-03 23:06:36,870] {dag.py:2396} INFO - Sync 1 DAGs
[2022-02-03 23:06:36,893] {logging_mixin.py:109} INFO - [2022-02-03 23:06:36,893] {dag.py:2935} INFO - Setting next_dagrun for example_nested_branch_dag to 2022-02-02 00:00:00+00:00
[2022-02-03 23:06:36,911] {processor.py:171} INFO - Processing /home/airflow/.local/lib/python3.7/site-packages/airflow/example_dags/example_nested_branch_dag.py took 0.102 seconds
[2022-02-03 23:07:07,400] {processor.py:163} INFO - Started process (PID=740) to work on /home/airflow/.local/lib/python3.7/site-packages/airflow/example_dags/example_nested_branch_dag.py
[2022-02-03 23:07:07,402] {processor.py:642} INFO - Processing file /home/airflow/.local/lib/python3.7/site-packages/airflow/example_dags/example_nested_branch_dag.py for tasks to queue
[2022-02-03 23:07:07,404] {logging_mixin.py:109} INFO - [2022-02-03 23:07:07,404] {dagbag.py:500} INFO - Filling up the DagBag from /home/airflow/.local/lib/python3.7/site-packages/airflow/example_dags/example_nested_branch_dag.py
[2022-02-03 23:07:07,441] {processor.py:654} INFO - DAG(s) dict_keys(['example_nested_branch_dag']) retrieved from /home/airflow/.local/lib/python3.7/site-packages/airflow/example_dags/example_nested_branch_dag.py
[2022-02-03 23:07:07,454] {logging_mixin.py:109} INFO - [2022-02-03 23:07:07,454] {dag.py:2396} INFO - Sync 1 DAGs
[2022-02-03 23:07:07,473] {logging_mixin.py:109} INFO - [2022-02-03 23:07:07,473] {dag.py:2935} INFO - Setting next_dagrun for example_nested_branch_dag to 2022-02-02 00:00:00+00:00
[2022-02-03 23:07:07,486] {processor.py:171} INFO - Processing /home/airflow/.local/lib/python3.7/site-packages/airflow/example_dags/example_nested_branch_dag.py took 0.090 seconds
[2022-02-03 23:07:38,453] {processor.py:163} INFO - Started process (PID=791) to work on /home/airflow/.local/lib/python3.7/site-packages/airflow/example_dags/example_nested_branch_dag.py
[2022-02-03 23:07:38,456] {processor.py:642} INFO - Processing file /home/airflow/.local/lib/python3.7/site-packages/airflow/example_dags/example_nested_branch_dag.py for tasks to queue
[2022-02-03 23:07:38,457] {logging_mixin.py:109} INFO - [2022-02-03 23:07:38,457] {dagbag.py:500} INFO - Filling up the DagBag from /home/airflow/.local/lib/python3.7/site-packages/airflow/example_dags/example_nested_branch_dag.py
[2022-02-03 23:07:38,493] {processor.py:654} INFO - DAG(s) dict_keys(['example_nested_branch_dag']) retrieved from /home/airflow/.local/lib/python3.7/site-packages/airflow/example_dags/example_nested_branch_dag.py
[2022-02-03 23:07:38,507] {logging_mixin.py:109} INFO - [2022-02-03 23:07:38,507] {dag.py:2396} INFO - Sync 1 DAGs
[2022-02-03 23:07:38,526] {logging_mixin.py:109} INFO - [2022-02-03 23:07:38,526] {dag.py:2935} INFO - Setting next_dagrun for example_nested_branch_dag to 2022-02-02 00:00:00+00:00
[2022-02-03 23:07:38,540] {processor.py:171} INFO - Processing /home/airflow/.local/lib/python3.7/site-packages/airflow/example_dags/example_nested_branch_dag.py took 0.090 seconds
[2022-02-03 23:08:09,036] {processor.py:163} INFO - Started process (PID=859) to work on /home/airflow/.local/lib/python3.7/site-packages/airflow/example_dags/example_nested_branch_dag.py
[2022-02-03 23:08:09,038] {processor.py:642} INFO - Processing file /home/airflow/.local/lib/python3.7/site-packages/airflow/example_dags/example_nested_branch_dag.py for tasks to queue
[2022-02-03 23:08:09,040] {logging_mixin.py:109} INFO - [2022-02-03 23:08:09,040] {dagbag.py:500} INFO - Filling up the DagBag from /home/airflow/.local/lib/python3.7/site-packages/airflow/example_dags/example_nested_branch_dag.py
[2022-02-03 23:08:09,076] {processor.py:654} INFO - DAG(s) dict_keys(['example_nested_branch_dag']) retrieved from /home/airflow/.local/lib/python3.7/site-packages/airflow/example_dags/example_nested_branch_dag.py
[2022-02-03 23:08:09,091] {logging_mixin.py:109} INFO - [2022-02-03 23:08:09,091] {dag.py:2396} INFO - Sync 1 DAGs
[2022-02-03 23:08:09,113] {logging_mixin.py:109} INFO - [2022-02-03 23:08:09,113] {dag.py:2935} INFO - Setting next_dagrun for example_nested_branch_dag to 2022-02-02 00:00:00+00:00
[2022-02-03 23:08:09,128] {processor.py:171} INFO - Processing /home/airflow/.local/lib/python3.7/site-packages/airflow/example_dags/example_nested_branch_dag.py took 0.095 seconds
[2022-02-03 23:08:39,212] {processor.py:163} INFO - Started process (PID=917) to work on /home/airflow/.local/lib/python3.7/site-packages/airflow/example_dags/example_nested_branch_dag.py
[2022-02-03 23:08:39,214] {processor.py:642} INFO - Processing file /home/airflow/.local/lib/python3.7/site-packages/airflow/example_dags/example_nested_branch_dag.py for tasks to queue
[2022-02-03 23:08:39,217] {logging_mixin.py:109} INFO - [2022-02-03 23:08:39,216] {dagbag.py:500} INFO - Filling up the DagBag from /home/airflow/.local/lib/python3.7/site-packages/airflow/example_dags/example_nested_branch_dag.py
[2022-02-03 23:08:39,253] {processor.py:654} INFO - DAG(s) dict_keys(['example_nested_branch_dag']) retrieved from /home/airflow/.local/lib/python3.7/site-packages/airflow/example_dags/example_nested_branch_dag.py
[2022-02-03 23:08:39,266] {logging_mixin.py:109} INFO - [2022-02-03 23:08:39,266] {dag.py:2396} INFO - Sync 1 DAGs
[2022-02-03 23:08:39,288] {logging_mixin.py:109} INFO - [2022-02-03 23:08:39,288] {dag.py:2935} INFO - Setting next_dagrun for example_nested_branch_dag to 2022-02-02 00:00:00+00:00
[2022-02-03 23:08:39,306] {processor.py:171} INFO - Processing /home/airflow/.local/lib/python3.7/site-packages/airflow/example_dags/example_nested_branch_dag.py took 0.098 seconds
[2022-02-03 23:09:09,567] {processor.py:163} INFO - Started process (PID=973) to work on /home/airflow/.local/lib/python3.7/site-packages/airflow/example_dags/example_nested_branch_dag.py
[2022-02-03 23:09:09,574] {processor.py:642} INFO - Processing file /home/airflow/.local/lib/python3.7/site-packages/airflow/example_dags/example_nested_branch_dag.py for tasks to queue
[2022-02-03 23:09:09,593] {logging_mixin.py:109} INFO - [2022-02-03 23:09:09,592] {dagbag.py:500} INFO - Filling up the DagBag from /home/airflow/.local/lib/python3.7/site-packages/airflow/example_dags/example_nested_branch_dag.py
[2022-02-03 23:09:09,674] {processor.py:654} INFO - DAG(s) dict_keys(['example_nested_branch_dag']) retrieved from /home/airflow/.local/lib/python3.7/site-packages/airflow/example_dags/example_nested_branch_dag.py
[2022-02-03 23:09:09,694] {logging_mixin.py:109} INFO - [2022-02-03 23:09:09,694] {dag.py:2396} INFO - Sync 1 DAGs
[2022-02-03 23:09:09,738] {logging_mixin.py:109} INFO - [2022-02-03 23:09:09,738] {dag.py:2935} INFO - Setting next_dagrun for example_nested_branch_dag to 2022-02-02 00:00:00+00:00
[2022-02-03 23:09:09,759] {processor.py:171} INFO - Processing /home/airflow/.local/lib/python3.7/site-packages/airflow/example_dags/example_nested_branch_dag.py took 0.198 seconds
[2022-02-03 23:09:40,084] {processor.py:163} INFO - Started process (PID=1040) to work on /home/airflow/.local/lib/python3.7/site-packages/airflow/example_dags/example_nested_branch_dag.py
[2022-02-03 23:09:40,086] {processor.py:642} INFO - Processing file /home/airflow/.local/lib/python3.7/site-packages/airflow/example_dags/example_nested_branch_dag.py for tasks to queue
[2022-02-03 23:09:40,094] {logging_mixin.py:109} INFO - [2022-02-03 23:09:40,094] {dagbag.py:500} INFO - Filling up the DagBag from /home/airflow/.local/lib/python3.7/site-packages/airflow/example_dags/example_nested_branch_dag.py
[2022-02-03 23:09:40,133] {processor.py:654} INFO - DAG(s) dict_keys(['example_nested_branch_dag']) retrieved from /home/airflow/.local/lib/python3.7/site-packages/airflow/example_dags/example_nested_branch_dag.py
[2022-02-03 23:09:40,147] {logging_mixin.py:109} INFO - [2022-02-03 23:09:40,147] {dag.py:2396} INFO - Sync 1 DAGs
[2022-02-03 23:09:40,165] {logging_mixin.py:109} INFO - [2022-02-03 23:09:40,165] {dag.py:2935} INFO - Setting next_dagrun for example_nested_branch_dag to 2022-02-02 00:00:00+00:00
[2022-02-03 23:09:40,176] {processor.py:171} INFO - Processing /home/airflow/.local/lib/python3.7/site-packages/airflow/example_dags/example_nested_branch_dag.py took 0.098 seconds
[2022-02-03 23:10:10,436] {processor.py:163} INFO - Started process (PID=1096) to work on /home/airflow/.local/lib/python3.7/site-packages/airflow/example_dags/example_nested_branch_dag.py
[2022-02-03 23:10:10,439] {processor.py:642} INFO - Processing file /home/airflow/.local/lib/python3.7/site-packages/airflow/example_dags/example_nested_branch_dag.py for tasks to queue
[2022-02-03 23:10:10,441] {logging_mixin.py:109} INFO - [2022-02-03 23:10:10,441] {dagbag.py:500} INFO - Filling up the DagBag from /home/airflow/.local/lib/python3.7/site-packages/airflow/example_dags/example_nested_branch_dag.py
[2022-02-03 23:10:10,476] {processor.py:654} INFO - DAG(s) dict_keys(['example_nested_branch_dag']) retrieved from /home/airflow/.local/lib/python3.7/site-packages/airflow/example_dags/example_nested_branch_dag.py
[2022-02-03 23:10:10,488] {logging_mixin.py:109} INFO - [2022-02-03 23:10:10,488] {dag.py:2396} INFO - Sync 1 DAGs
[2022-02-03 23:10:10,518] {logging_mixin.py:109} INFO - [2022-02-03 23:10:10,517] {dag.py:2935} INFO - Setting next_dagrun for example_nested_branch_dag to 2022-02-02 00:00:00+00:00
[2022-02-03 23:10:10,536] {processor.py:171} INFO - Processing /home/airflow/.local/lib/python3.7/site-packages/airflow/example_dags/example_nested_branch_dag.py took 0.105 seconds
[2022-02-03 23:10:41,723] {processor.py:163} INFO - Started process (PID=1153) to work on /home/airflow/.local/lib/python3.7/site-packages/airflow/example_dags/example_nested_branch_dag.py
[2022-02-03 23:10:41,732] {processor.py:642} INFO - Processing file /home/airflow/.local/lib/python3.7/site-packages/airflow/example_dags/example_nested_branch_dag.py for tasks to queue
[2022-02-03 23:10:41,736] {logging_mixin.py:109} INFO - [2022-02-03 23:10:41,736] {dagbag.py:500} INFO - Filling up the DagBag from /home/airflow/.local/lib/python3.7/site-packages/airflow/example_dags/example_nested_branch_dag.py
[2022-02-03 23:10:41,770] {processor.py:654} INFO - DAG(s) dict_keys(['example_nested_branch_dag']) retrieved from /home/airflow/.local/lib/python3.7/site-packages/airflow/example_dags/example_nested_branch_dag.py
[2022-02-03 23:10:41,784] {logging_mixin.py:109} INFO - [2022-02-03 23:10:41,784] {dag.py:2396} INFO - Sync 1 DAGs
[2022-02-03 23:10:41,808] {logging_mixin.py:109} INFO - [2022-02-03 23:10:41,808] {dag.py:2935} INFO - Setting next_dagrun for example_nested_branch_dag to 2022-02-02 00:00:00+00:00
[2022-02-03 23:10:41,826] {processor.py:171} INFO - Processing /home/airflow/.local/lib/python3.7/site-packages/airflow/example_dags/example_nested_branch_dag.py took 0.112 seconds
[2022-02-03 23:11:12,083] {processor.py:163} INFO - Started process (PID=1217) to work on /home/airflow/.local/lib/python3.7/site-packages/airflow/example_dags/example_nested_branch_dag.py
[2022-02-03 23:11:12,086] {processor.py:642} INFO - Processing file /home/airflow/.local/lib/python3.7/site-packages/airflow/example_dags/example_nested_branch_dag.py for tasks to queue
[2022-02-03 23:11:12,089] {logging_mixin.py:109} INFO - [2022-02-03 23:11:12,088] {dagbag.py:500} INFO - Filling up the DagBag from /home/airflow/.local/lib/python3.7/site-packages/airflow/example_dags/example_nested_branch_dag.py
[2022-02-03 23:11:12,136] {processor.py:654} INFO - DAG(s) dict_keys(['example_nested_branch_dag']) retrieved from /home/airflow/.local/lib/python3.7/site-packages/airflow/example_dags/example_nested_branch_dag.py
[2022-02-03 23:11:12,157] {logging_mixin.py:109} INFO - [2022-02-03 23:11:12,157] {dag.py:2396} INFO - Sync 1 DAGs
[2022-02-03 23:11:12,185] {logging_mixin.py:109} INFO - [2022-02-03 23:11:12,185] {dag.py:2935} INFO - Setting next_dagrun for example_nested_branch_dag to 2022-02-02 00:00:00+00:00
[2022-02-03 23:11:12,196] {processor.py:171} INFO - Processing /home/airflow/.local/lib/python3.7/site-packages/airflow/example_dags/example_nested_branch_dag.py took 0.123 seconds
[2022-02-03 23:11:42,672] {processor.py:163} INFO - Started process (PID=1274) to work on /home/airflow/.local/lib/python3.7/site-packages/airflow/example_dags/example_nested_branch_dag.py
[2022-02-03 23:11:42,694] {processor.py:642} INFO - Processing file /home/airflow/.local/lib/python3.7/site-packages/airflow/example_dags/example_nested_branch_dag.py for tasks to queue
[2022-02-03 23:11:42,703] {logging_mixin.py:109} INFO - [2022-02-03 23:11:42,703] {dagbag.py:500} INFO - Filling up the DagBag from /home/airflow/.local/lib/python3.7/site-packages/airflow/example_dags/example_nested_branch_dag.py
[2022-02-03 23:11:42,853] {processor.py:654} INFO - DAG(s) dict_keys(['example_nested_branch_dag']) retrieved from /home/airflow/.local/lib/python3.7/site-packages/airflow/example_dags/example_nested_branch_dag.py
[2022-02-03 23:11:42,903] {logging_mixin.py:109} INFO - [2022-02-03 23:11:42,902] {dag.py:2396} INFO - Sync 1 DAGs
[2022-02-03 23:11:42,960] {logging_mixin.py:109} INFO - [2022-02-03 23:11:42,959] {dag.py:2935} INFO - Setting next_dagrun for example_nested_branch_dag to 2022-02-02 00:00:00+00:00
[2022-02-03 23:11:42,995] {processor.py:171} INFO - Processing /home/airflow/.local/lib/python3.7/site-packages/airflow/example_dags/example_nested_branch_dag.py took 0.333 seconds
[2022-02-03 23:12:13,960] {processor.py:163} INFO - Started process (PID=1330) to work on /home/airflow/.local/lib/python3.7/site-packages/airflow/example_dags/example_nested_branch_dag.py
[2022-02-03 23:12:13,964] {processor.py:642} INFO - Processing file /home/airflow/.local/lib/python3.7/site-packages/airflow/example_dags/example_nested_branch_dag.py for tasks to queue
[2022-02-03 23:12:13,966] {logging_mixin.py:109} INFO - [2022-02-03 23:12:13,966] {dagbag.py:500} INFO - Filling up the DagBag from /home/airflow/.local/lib/python3.7/site-packages/airflow/example_dags/example_nested_branch_dag.py
[2022-02-03 23:12:14,003] {processor.py:654} INFO - DAG(s) dict_keys(['example_nested_branch_dag']) retrieved from /home/airflow/.local/lib/python3.7/site-packages/airflow/example_dags/example_nested_branch_dag.py
[2022-02-03 23:12:14,016] {logging_mixin.py:109} INFO - [2022-02-03 23:12:14,016] {dag.py:2396} INFO - Sync 1 DAGs
[2022-02-03 23:12:14,037] {logging_mixin.py:109} INFO - [2022-02-03 23:12:14,037] {dag.py:2935} INFO - Setting next_dagrun for example_nested_branch_dag to 2022-02-02 00:00:00+00:00
[2022-02-03 23:12:14,050] {processor.py:171} INFO - Processing /home/airflow/.local/lib/python3.7/site-packages/airflow/example_dags/example_nested_branch_dag.py took 0.096 seconds
[2022-02-03 23:12:44,413] {processor.py:163} INFO - Started process (PID=1394) to work on /home/airflow/.local/lib/python3.7/site-packages/airflow/example_dags/example_nested_branch_dag.py
[2022-02-03 23:12:44,419] {processor.py:642} INFO - Processing file /home/airflow/.local/lib/python3.7/site-packages/airflow/example_dags/example_nested_branch_dag.py for tasks to queue
[2022-02-03 23:12:44,422] {logging_mixin.py:109} INFO - [2022-02-03 23:12:44,421] {dagbag.py:500} INFO - Filling up the DagBag from /home/airflow/.local/lib/python3.7/site-packages/airflow/example_dags/example_nested_branch_dag.py
[2022-02-03 23:12:44,477] {processor.py:654} INFO - DAG(s) dict_keys(['example_nested_branch_dag']) retrieved from /home/airflow/.local/lib/python3.7/site-packages/airflow/example_dags/example_nested_branch_dag.py
[2022-02-03 23:12:44,500] {logging_mixin.py:109} INFO - [2022-02-03 23:12:44,500] {dag.py:2396} INFO - Sync 1 DAGs
[2022-02-03 23:12:44,531] {logging_mixin.py:109} INFO - [2022-02-03 23:12:44,530] {dag.py:2935} INFO - Setting next_dagrun for example_nested_branch_dag to 2022-02-02 00:00:00+00:00
[2022-02-03 23:12:44,553] {processor.py:171} INFO - Processing /home/airflow/.local/lib/python3.7/site-packages/airflow/example_dags/example_nested_branch_dag.py took 0.147 seconds
[2022-02-03 23:13:14,788] {processor.py:163} INFO - Started process (PID=1448) to work on /home/airflow/.local/lib/python3.7/site-packages/airflow/example_dags/example_nested_branch_dag.py
[2022-02-03 23:13:14,791] {processor.py:642} INFO - Processing file /home/airflow/.local/lib/python3.7/site-packages/airflow/example_dags/example_nested_branch_dag.py for tasks to queue
[2022-02-03 23:13:14,793] {logging_mixin.py:109} INFO - [2022-02-03 23:13:14,793] {dagbag.py:500} INFO - Filling up the DagBag from /home/airflow/.local/lib/python3.7/site-packages/airflow/example_dags/example_nested_branch_dag.py
[2022-02-03 23:13:14,839] {processor.py:654} INFO - DAG(s) dict_keys(['example_nested_branch_dag']) retrieved from /home/airflow/.local/lib/python3.7/site-packages/airflow/example_dags/example_nested_branch_dag.py
[2022-02-03 23:13:14,856] {logging_mixin.py:109} INFO - [2022-02-03 23:13:14,856] {dag.py:2396} INFO - Sync 1 DAGs
[2022-02-03 23:13:14,884] {logging_mixin.py:109} INFO - [2022-02-03 23:13:14,884] {dag.py:2935} INFO - Setting next_dagrun for example_nested_branch_dag to 2022-02-02 00:00:00+00:00
[2022-02-03 23:13:14,893] {processor.py:171} INFO - Processing /home/airflow/.local/lib/python3.7/site-packages/airflow/example_dags/example_nested_branch_dag.py took 0.115 seconds
[2022-02-03 23:13:45,297] {processor.py:163} INFO - Started process (PID=1500) to work on /home/airflow/.local/lib/python3.7/site-packages/airflow/example_dags/example_nested_branch_dag.py
[2022-02-03 23:13:45,303] {processor.py:642} INFO - Processing file /home/airflow/.local/lib/python3.7/site-packages/airflow/example_dags/example_nested_branch_dag.py for tasks to queue
[2022-02-03 23:13:45,313] {logging_mixin.py:109} INFO - [2022-02-03 23:13:45,307] {dagbag.py:500} INFO - Filling up the DagBag from /home/airflow/.local/lib/python3.7/site-packages/airflow/example_dags/example_nested_branch_dag.py
[2022-02-03 23:13:45,444] {processor.py:654} INFO - DAG(s) dict_keys(['example_nested_branch_dag']) retrieved from /home/airflow/.local/lib/python3.7/site-packages/airflow/example_dags/example_nested_branch_dag.py
[2022-02-03 23:13:45,483] {logging_mixin.py:109} INFO - [2022-02-03 23:13:45,483] {dag.py:2396} INFO - Sync 1 DAGs
[2022-02-03 23:13:45,527] {logging_mixin.py:109} INFO - [2022-02-03 23:13:45,526] {dag.py:2935} INFO - Setting next_dagrun for example_nested_branch_dag to 2022-02-02 00:00:00+00:00
[2022-02-03 23:13:45,561] {processor.py:171} INFO - Processing /home/airflow/.local/lib/python3.7/site-packages/airflow/example_dags/example_nested_branch_dag.py took 0.269 seconds
[2022-02-03 23:15:08,681] {processor.py:163} INFO - Started process (PID=66) to work on /home/airflow/.local/lib/python3.7/site-packages/airflow/example_dags/example_nested_branch_dag.py
[2022-02-03 23:15:08,685] {processor.py:642} INFO - Processing file /home/airflow/.local/lib/python3.7/site-packages/airflow/example_dags/example_nested_branch_dag.py for tasks to queue
[2022-02-03 23:15:08,687] {logging_mixin.py:109} INFO - [2022-02-03 23:15:08,687] {dagbag.py:500} INFO - Filling up the DagBag from /home/airflow/.local/lib/python3.7/site-packages/airflow/example_dags/example_nested_branch_dag.py
[2022-02-03 23:15:08,798] {processor.py:654} INFO - DAG(s) dict_keys(['example_nested_branch_dag']) retrieved from /home/airflow/.local/lib/python3.7/site-packages/airflow/example_dags/example_nested_branch_dag.py
[2022-02-03 23:15:08,833] {logging_mixin.py:109} INFO - [2022-02-03 23:15:08,833] {dag.py:2396} INFO - Sync 1 DAGs
[2022-02-03 23:15:08,894] {logging_mixin.py:109} INFO - [2022-02-03 23:15:08,893] {dag.py:2935} INFO - Setting next_dagrun for example_nested_branch_dag to 2022-02-02 00:00:00+00:00
[2022-02-03 23:15:08,944] {processor.py:171} INFO - Processing /home/airflow/.local/lib/python3.7/site-packages/airflow/example_dags/example_nested_branch_dag.py took 0.270 seconds
[2022-02-03 23:30:34,678] {processor.py:163} INFO - Started process (PID=66) to work on /home/airflow/.local/lib/python3.7/site-packages/airflow/example_dags/example_nested_branch_dag.py
[2022-02-03 23:30:34,681] {processor.py:642} INFO - Processing file /home/airflow/.local/lib/python3.7/site-packages/airflow/example_dags/example_nested_branch_dag.py for tasks to queue
[2022-02-03 23:30:34,684] {logging_mixin.py:109} INFO - [2022-02-03 23:30:34,684] {dagbag.py:500} INFO - Filling up the DagBag from /home/airflow/.local/lib/python3.7/site-packages/airflow/example_dags/example_nested_branch_dag.py
[2022-02-03 23:30:34,747] {processor.py:654} INFO - DAG(s) dict_keys(['example_nested_branch_dag']) retrieved from /home/airflow/.local/lib/python3.7/site-packages/airflow/example_dags/example_nested_branch_dag.py
[2022-02-03 23:30:34,771] {logging_mixin.py:109} INFO - [2022-02-03 23:30:34,769] {dag.py:2396} INFO - Sync 1 DAGs
[2022-02-03 23:30:34,808] {logging_mixin.py:109} INFO - [2022-02-03 23:30:34,807] {dag.py:2935} INFO - Setting next_dagrun for example_nested_branch_dag to 2022-02-02 00:00:00+00:00
[2022-02-03 23:30:34,827] {processor.py:171} INFO - Processing /home/airflow/.local/lib/python3.7/site-packages/airflow/example_dags/example_nested_branch_dag.py took 0.160 seconds
[2022-02-03 23:31:05,416] {processor.py:163} INFO - Started process (PID=118) to work on /home/airflow/.local/lib/python3.7/site-packages/airflow/example_dags/example_nested_branch_dag.py
[2022-02-03 23:31:05,418] {processor.py:642} INFO - Processing file /home/airflow/.local/lib/python3.7/site-packages/airflow/example_dags/example_nested_branch_dag.py for tasks to queue
[2022-02-03 23:31:05,420] {logging_mixin.py:109} INFO - [2022-02-03 23:31:05,420] {dagbag.py:500} INFO - Filling up the DagBag from /home/airflow/.local/lib/python3.7/site-packages/airflow/example_dags/example_nested_branch_dag.py
[2022-02-03 23:31:05,461] {processor.py:654} INFO - DAG(s) dict_keys(['example_nested_branch_dag']) retrieved from /home/airflow/.local/lib/python3.7/site-packages/airflow/example_dags/example_nested_branch_dag.py
[2022-02-03 23:31:05,475] {logging_mixin.py:109} INFO - [2022-02-03 23:31:05,475] {dag.py:2396} INFO - Sync 1 DAGs
[2022-02-03 23:31:05,501] {logging_mixin.py:109} INFO - [2022-02-03 23:31:05,501] {dag.py:2935} INFO - Setting next_dagrun for example_nested_branch_dag to 2022-02-02 00:00:00+00:00
[2022-02-03 23:31:05,512] {processor.py:171} INFO - Processing /home/airflow/.local/lib/python3.7/site-packages/airflow/example_dags/example_nested_branch_dag.py took 0.100 seconds
[2022-02-03 23:31:36,956] {processor.py:163} INFO - Started process (PID=185) to work on /home/airflow/.local/lib/python3.7/site-packages/airflow/example_dags/example_nested_branch_dag.py
[2022-02-03 23:31:36,960] {processor.py:642} INFO - Processing file /home/airflow/.local/lib/python3.7/site-packages/airflow/example_dags/example_nested_branch_dag.py for tasks to queue
[2022-02-03 23:31:36,966] {logging_mixin.py:109} INFO - [2022-02-03 23:31:36,965] {dagbag.py:500} INFO - Filling up the DagBag from /home/airflow/.local/lib/python3.7/site-packages/airflow/example_dags/example_nested_branch_dag.py
[2022-02-03 23:31:37,083] {processor.py:654} INFO - DAG(s) dict_keys(['example_nested_branch_dag']) retrieved from /home/airflow/.local/lib/python3.7/site-packages/airflow/example_dags/example_nested_branch_dag.py
[2022-02-03 23:31:37,108] {logging_mixin.py:109} INFO - [2022-02-03 23:31:37,108] {dag.py:2396} INFO - Sync 1 DAGs
[2022-02-03 23:31:37,133] {logging_mixin.py:109} INFO - [2022-02-03 23:31:37,133] {dag.py:2935} INFO - Setting next_dagrun for example_nested_branch_dag to 2022-02-02 00:00:00+00:00
[2022-02-03 23:31:37,152] {processor.py:171} INFO - Processing /home/airflow/.local/lib/python3.7/site-packages/airflow/example_dags/example_nested_branch_dag.py took 0.202 seconds
[2022-02-03 23:32:07,885] {processor.py:163} INFO - Started process (PID=238) to work on /home/airflow/.local/lib/python3.7/site-packages/airflow/example_dags/example_nested_branch_dag.py
[2022-02-03 23:32:07,891] {processor.py:642} INFO - Processing file /home/airflow/.local/lib/python3.7/site-packages/airflow/example_dags/example_nested_branch_dag.py for tasks to queue
[2022-02-03 23:32:07,893] {logging_mixin.py:109} INFO - [2022-02-03 23:32:07,892] {dagbag.py:500} INFO - Filling up the DagBag from /home/airflow/.local/lib/python3.7/site-packages/airflow/example_dags/example_nested_branch_dag.py
[2022-02-03 23:32:07,964] {processor.py:654} INFO - DAG(s) dict_keys(['example_nested_branch_dag']) retrieved from /home/airflow/.local/lib/python3.7/site-packages/airflow/example_dags/example_nested_branch_dag.py
[2022-02-03 23:32:07,986] {logging_mixin.py:109} INFO - [2022-02-03 23:32:07,986] {dag.py:2396} INFO - Sync 1 DAGs
[2022-02-03 23:32:08,027] {logging_mixin.py:109} INFO - [2022-02-03 23:32:08,027] {dag.py:2935} INFO - Setting next_dagrun for example_nested_branch_dag to 2022-02-02 00:00:00+00:00
[2022-02-03 23:32:08,041] {processor.py:171} INFO - Processing /home/airflow/.local/lib/python3.7/site-packages/airflow/example_dags/example_nested_branch_dag.py took 0.162 seconds
[2022-02-03 23:32:38,614] {processor.py:163} INFO - Started process (PID=291) to work on /home/airflow/.local/lib/python3.7/site-packages/airflow/example_dags/example_nested_branch_dag.py
[2022-02-03 23:32:38,616] {processor.py:642} INFO - Processing file /home/airflow/.local/lib/python3.7/site-packages/airflow/example_dags/example_nested_branch_dag.py for tasks to queue
[2022-02-03 23:32:38,618] {logging_mixin.py:109} INFO - [2022-02-03 23:32:38,618] {dagbag.py:500} INFO - Filling up the DagBag from /home/airflow/.local/lib/python3.7/site-packages/airflow/example_dags/example_nested_branch_dag.py
[2022-02-03 23:32:38,658] {processor.py:654} INFO - DAG(s) dict_keys(['example_nested_branch_dag']) retrieved from /home/airflow/.local/lib/python3.7/site-packages/airflow/example_dags/example_nested_branch_dag.py
[2022-02-03 23:32:38,671] {logging_mixin.py:109} INFO - [2022-02-03 23:32:38,671] {dag.py:2396} INFO - Sync 1 DAGs
[2022-02-03 23:32:38,692] {logging_mixin.py:109} INFO - [2022-02-03 23:32:38,691] {dag.py:2935} INFO - Setting next_dagrun for example_nested_branch_dag to 2022-02-02 00:00:00+00:00
[2022-02-03 23:32:38,707] {processor.py:171} INFO - Processing /home/airflow/.local/lib/python3.7/site-packages/airflow/example_dags/example_nested_branch_dag.py took 0.096 seconds
[2022-02-03 23:33:09,002] {processor.py:163} INFO - Started process (PID=355) to work on /home/airflow/.local/lib/python3.7/site-packages/airflow/example_dags/example_nested_branch_dag.py
[2022-02-03 23:33:09,004] {processor.py:642} INFO - Processing file /home/airflow/.local/lib/python3.7/site-packages/airflow/example_dags/example_nested_branch_dag.py for tasks to queue
[2022-02-03 23:33:09,006] {logging_mixin.py:109} INFO - [2022-02-03 23:33:09,006] {dagbag.py:500} INFO - Filling up the DagBag from /home/airflow/.local/lib/python3.7/site-packages/airflow/example_dags/example_nested_branch_dag.py
[2022-02-03 23:33:09,046] {processor.py:654} INFO - DAG(s) dict_keys(['example_nested_branch_dag']) retrieved from /home/airflow/.local/lib/python3.7/site-packages/airflow/example_dags/example_nested_branch_dag.py
[2022-02-03 23:33:09,059] {logging_mixin.py:109} INFO - [2022-02-03 23:33:09,059] {dag.py:2396} INFO - Sync 1 DAGs
[2022-02-03 23:33:09,079] {logging_mixin.py:109} INFO - [2022-02-03 23:33:09,079] {dag.py:2935} INFO - Setting next_dagrun for example_nested_branch_dag to 2022-02-02 00:00:00+00:00
[2022-02-03 23:33:09,092] {processor.py:171} INFO - Processing /home/airflow/.local/lib/python3.7/site-packages/airflow/example_dags/example_nested_branch_dag.py took 0.096 seconds
[2022-02-03 23:33:40,913] {processor.py:163} INFO - Started process (PID=409) to work on /home/airflow/.local/lib/python3.7/site-packages/airflow/example_dags/example_nested_branch_dag.py
[2022-02-03 23:33:40,916] {processor.py:642} INFO - Processing file /home/airflow/.local/lib/python3.7/site-packages/airflow/example_dags/example_nested_branch_dag.py for tasks to queue
[2022-02-03 23:33:40,918] {logging_mixin.py:109} INFO - [2022-02-03 23:33:40,918] {dagbag.py:500} INFO - Filling up the DagBag from /home/airflow/.local/lib/python3.7/site-packages/airflow/example_dags/example_nested_branch_dag.py
[2022-02-03 23:33:40,982] {processor.py:654} INFO - DAG(s) dict_keys(['example_nested_branch_dag']) retrieved from /home/airflow/.local/lib/python3.7/site-packages/airflow/example_dags/example_nested_branch_dag.py
[2022-02-03 23:33:41,004] {logging_mixin.py:109} INFO - [2022-02-03 23:33:41,004] {dag.py:2396} INFO - Sync 1 DAGs
[2022-02-03 23:33:41,035] {logging_mixin.py:109} INFO - [2022-02-03 23:33:41,034] {dag.py:2935} INFO - Setting next_dagrun for example_nested_branch_dag to 2022-02-02 00:00:00+00:00
[2022-02-03 23:33:41,047] {processor.py:171} INFO - Processing /home/airflow/.local/lib/python3.7/site-packages/airflow/example_dags/example_nested_branch_dag.py took 0.139 seconds
[2022-02-03 23:34:11,504] {processor.py:163} INFO - Started process (PID=461) to work on /home/airflow/.local/lib/python3.7/site-packages/airflow/example_dags/example_nested_branch_dag.py
[2022-02-03 23:34:11,506] {processor.py:642} INFO - Processing file /home/airflow/.local/lib/python3.7/site-packages/airflow/example_dags/example_nested_branch_dag.py for tasks to queue
[2022-02-03 23:34:11,508] {logging_mixin.py:109} INFO - [2022-02-03 23:34:11,508] {dagbag.py:500} INFO - Filling up the DagBag from /home/airflow/.local/lib/python3.7/site-packages/airflow/example_dags/example_nested_branch_dag.py
[2022-02-03 23:34:11,552] {processor.py:654} INFO - DAG(s) dict_keys(['example_nested_branch_dag']) retrieved from /home/airflow/.local/lib/python3.7/site-packages/airflow/example_dags/example_nested_branch_dag.py
[2022-02-03 23:34:11,581] {logging_mixin.py:109} INFO - [2022-02-03 23:34:11,580] {dag.py:2396} INFO - Sync 1 DAGs
[2022-02-03 23:34:11,613] {logging_mixin.py:109} INFO - [2022-02-03 23:34:11,613] {dag.py:2935} INFO - Setting next_dagrun for example_nested_branch_dag to 2022-02-02 00:00:00+00:00
[2022-02-03 23:34:11,641] {processor.py:171} INFO - Processing /home/airflow/.local/lib/python3.7/site-packages/airflow/example_dags/example_nested_branch_dag.py took 0.140 seconds
[2022-02-03 23:34:42,716] {processor.py:163} INFO - Started process (PID=526) to work on /home/airflow/.local/lib/python3.7/site-packages/airflow/example_dags/example_nested_branch_dag.py
[2022-02-03 23:34:42,719] {processor.py:642} INFO - Processing file /home/airflow/.local/lib/python3.7/site-packages/airflow/example_dags/example_nested_branch_dag.py for tasks to queue
[2022-02-03 23:34:42,720] {logging_mixin.py:109} INFO - [2022-02-03 23:34:42,720] {dagbag.py:500} INFO - Filling up the DagBag from /home/airflow/.local/lib/python3.7/site-packages/airflow/example_dags/example_nested_branch_dag.py
[2022-02-03 23:34:42,764] {processor.py:654} INFO - DAG(s) dict_keys(['example_nested_branch_dag']) retrieved from /home/airflow/.local/lib/python3.7/site-packages/airflow/example_dags/example_nested_branch_dag.py
[2022-02-03 23:34:42,776] {logging_mixin.py:109} INFO - [2022-02-03 23:34:42,776] {dag.py:2396} INFO - Sync 1 DAGs
[2022-02-03 23:34:42,797] {logging_mixin.py:109} INFO - [2022-02-03 23:34:42,797] {dag.py:2935} INFO - Setting next_dagrun for example_nested_branch_dag to 2022-02-02 00:00:00+00:00
[2022-02-03 23:34:42,810] {processor.py:171} INFO - Processing /home/airflow/.local/lib/python3.7/site-packages/airflow/example_dags/example_nested_branch_dag.py took 0.098 seconds
[2022-02-03 23:35:13,502] {processor.py:163} INFO - Started process (PID=580) to work on /home/airflow/.local/lib/python3.7/site-packages/airflow/example_dags/example_nested_branch_dag.py
[2022-02-03 23:35:13,504] {processor.py:642} INFO - Processing file /home/airflow/.local/lib/python3.7/site-packages/airflow/example_dags/example_nested_branch_dag.py for tasks to queue
[2022-02-03 23:35:13,506] {logging_mixin.py:109} INFO - [2022-02-03 23:35:13,505] {dagbag.py:500} INFO - Filling up the DagBag from /home/airflow/.local/lib/python3.7/site-packages/airflow/example_dags/example_nested_branch_dag.py
[2022-02-03 23:35:13,568] {processor.py:654} INFO - DAG(s) dict_keys(['example_nested_branch_dag']) retrieved from /home/airflow/.local/lib/python3.7/site-packages/airflow/example_dags/example_nested_branch_dag.py
[2022-02-03 23:35:13,591] {logging_mixin.py:109} INFO - [2022-02-03 23:35:13,590] {dag.py:2396} INFO - Sync 1 DAGs
[2022-02-03 23:35:13,624] {logging_mixin.py:109} INFO - [2022-02-03 23:35:13,624] {dag.py:2935} INFO - Setting next_dagrun for example_nested_branch_dag to 2022-02-02 00:00:00+00:00
[2022-02-03 23:35:13,638] {processor.py:171} INFO - Processing /home/airflow/.local/lib/python3.7/site-packages/airflow/example_dags/example_nested_branch_dag.py took 0.141 seconds
[2022-02-03 23:35:44,864] {processor.py:163} INFO - Started process (PID=643) to work on /home/airflow/.local/lib/python3.7/site-packages/airflow/example_dags/example_nested_branch_dag.py
[2022-02-03 23:35:44,872] {processor.py:642} INFO - Processing file /home/airflow/.local/lib/python3.7/site-packages/airflow/example_dags/example_nested_branch_dag.py for tasks to queue
[2022-02-03 23:35:44,876] {logging_mixin.py:109} INFO - [2022-02-03 23:35:44,876] {dagbag.py:500} INFO - Filling up the DagBag from /home/airflow/.local/lib/python3.7/site-packages/airflow/example_dags/example_nested_branch_dag.py
[2022-02-03 23:35:44,935] {processor.py:654} INFO - DAG(s) dict_keys(['example_nested_branch_dag']) retrieved from /home/airflow/.local/lib/python3.7/site-packages/airflow/example_dags/example_nested_branch_dag.py
[2022-02-03 23:35:44,972] {logging_mixin.py:109} INFO - [2022-02-03 23:35:44,971] {dag.py:2396} INFO - Sync 1 DAGs
[2022-02-03 23:35:45,021] {logging_mixin.py:109} INFO - [2022-02-03 23:35:45,020] {dag.py:2935} INFO - Setting next_dagrun for example_nested_branch_dag to 2022-02-02 00:00:00+00:00
[2022-02-03 23:35:45,053] {processor.py:171} INFO - Processing /home/airflow/.local/lib/python3.7/site-packages/airflow/example_dags/example_nested_branch_dag.py took 0.201 seconds
[2022-02-03 23:36:16,060] {processor.py:163} INFO - Started process (PID=701) to work on /home/airflow/.local/lib/python3.7/site-packages/airflow/example_dags/example_nested_branch_dag.py
[2022-02-03 23:36:16,062] {processor.py:642} INFO - Processing file /home/airflow/.local/lib/python3.7/site-packages/airflow/example_dags/example_nested_branch_dag.py for tasks to queue
[2022-02-03 23:36:16,065] {logging_mixin.py:109} INFO - [2022-02-03 23:36:16,065] {dagbag.py:500} INFO - Filling up the DagBag from /home/airflow/.local/lib/python3.7/site-packages/airflow/example_dags/example_nested_branch_dag.py
[2022-02-03 23:36:16,104] {processor.py:654} INFO - DAG(s) dict_keys(['example_nested_branch_dag']) retrieved from /home/airflow/.local/lib/python3.7/site-packages/airflow/example_dags/example_nested_branch_dag.py
[2022-02-03 23:36:16,119] {logging_mixin.py:109} INFO - [2022-02-03 23:36:16,119] {dag.py:2396} INFO - Sync 1 DAGs
[2022-02-03 23:36:16,140] {logging_mixin.py:109} INFO - [2022-02-03 23:36:16,140] {dag.py:2935} INFO - Setting next_dagrun for example_nested_branch_dag to 2022-02-02 00:00:00+00:00
[2022-02-03 23:36:16,153] {processor.py:171} INFO - Processing /home/airflow/.local/lib/python3.7/site-packages/airflow/example_dags/example_nested_branch_dag.py took 0.097 seconds
[2022-02-03 23:36:46,529] {processor.py:163} INFO - Started process (PID=751) to work on /home/airflow/.local/lib/python3.7/site-packages/airflow/example_dags/example_nested_branch_dag.py
[2022-02-03 23:36:46,531] {processor.py:642} INFO - Processing file /home/airflow/.local/lib/python3.7/site-packages/airflow/example_dags/example_nested_branch_dag.py for tasks to queue
[2022-02-03 23:36:46,533] {logging_mixin.py:109} INFO - [2022-02-03 23:36:46,533] {dagbag.py:500} INFO - Filling up the DagBag from /home/airflow/.local/lib/python3.7/site-packages/airflow/example_dags/example_nested_branch_dag.py
[2022-02-03 23:36:46,569] {processor.py:654} INFO - DAG(s) dict_keys(['example_nested_branch_dag']) retrieved from /home/airflow/.local/lib/python3.7/site-packages/airflow/example_dags/example_nested_branch_dag.py
[2022-02-03 23:36:46,583] {logging_mixin.py:109} INFO - [2022-02-03 23:36:46,583] {dag.py:2396} INFO - Sync 1 DAGs
[2022-02-03 23:36:46,604] {logging_mixin.py:109} INFO - [2022-02-03 23:36:46,604] {dag.py:2935} INFO - Setting next_dagrun for example_nested_branch_dag to 2022-02-02 00:00:00+00:00
[2022-02-03 23:36:46,617] {processor.py:171} INFO - Processing /home/airflow/.local/lib/python3.7/site-packages/airflow/example_dags/example_nested_branch_dag.py took 0.095 seconds
[2022-02-03 23:37:17,036] {processor.py:163} INFO - Started process (PID=804) to work on /home/airflow/.local/lib/python3.7/site-packages/airflow/example_dags/example_nested_branch_dag.py
[2022-02-03 23:37:17,039] {processor.py:642} INFO - Processing file /home/airflow/.local/lib/python3.7/site-packages/airflow/example_dags/example_nested_branch_dag.py for tasks to queue
[2022-02-03 23:37:17,041] {logging_mixin.py:109} INFO - [2022-02-03 23:37:17,041] {dagbag.py:500} INFO - Filling up the DagBag from /home/airflow/.local/lib/python3.7/site-packages/airflow/example_dags/example_nested_branch_dag.py
[2022-02-03 23:37:17,082] {processor.py:654} INFO - DAG(s) dict_keys(['example_nested_branch_dag']) retrieved from /home/airflow/.local/lib/python3.7/site-packages/airflow/example_dags/example_nested_branch_dag.py
[2022-02-03 23:37:17,100] {logging_mixin.py:109} INFO - [2022-02-03 23:37:17,100] {dag.py:2396} INFO - Sync 1 DAGs
[2022-02-03 23:37:17,143] {logging_mixin.py:109} INFO - [2022-02-03 23:37:17,143] {dag.py:2935} INFO - Setting next_dagrun for example_nested_branch_dag to 2022-02-02 00:00:00+00:00
[2022-02-03 23:37:17,182] {processor.py:171} INFO - Processing /home/airflow/.local/lib/python3.7/site-packages/airflow/example_dags/example_nested_branch_dag.py took 0.152 seconds
[2022-02-03 23:37:47,800] {processor.py:163} INFO - Started process (PID=868) to work on /home/airflow/.local/lib/python3.7/site-packages/airflow/example_dags/example_nested_branch_dag.py
[2022-02-03 23:37:47,802] {processor.py:642} INFO - Processing file /home/airflow/.local/lib/python3.7/site-packages/airflow/example_dags/example_nested_branch_dag.py for tasks to queue
[2022-02-03 23:37:47,804] {logging_mixin.py:109} INFO - [2022-02-03 23:37:47,804] {dagbag.py:500} INFO - Filling up the DagBag from /home/airflow/.local/lib/python3.7/site-packages/airflow/example_dags/example_nested_branch_dag.py
[2022-02-03 23:37:47,842] {processor.py:654} INFO - DAG(s) dict_keys(['example_nested_branch_dag']) retrieved from /home/airflow/.local/lib/python3.7/site-packages/airflow/example_dags/example_nested_branch_dag.py
[2022-02-03 23:37:47,862] {logging_mixin.py:109} INFO - [2022-02-03 23:37:47,862] {dag.py:2396} INFO - Sync 1 DAGs
[2022-02-03 23:37:47,882] {logging_mixin.py:109} INFO - [2022-02-03 23:37:47,882] {dag.py:2935} INFO - Setting next_dagrun for example_nested_branch_dag to 2022-02-02 00:00:00+00:00
[2022-02-03 23:37:47,896] {processor.py:171} INFO - Processing /home/airflow/.local/lib/python3.7/site-packages/airflow/example_dags/example_nested_branch_dag.py took 0.099 seconds
[2022-02-03 23:38:18,508] {processor.py:163} INFO - Started process (PID=921) to work on /home/airflow/.local/lib/python3.7/site-packages/airflow/example_dags/example_nested_branch_dag.py
[2022-02-03 23:38:18,511] {processor.py:642} INFO - Processing file /home/airflow/.local/lib/python3.7/site-packages/airflow/example_dags/example_nested_branch_dag.py for tasks to queue
[2022-02-03 23:38:18,512] {logging_mixin.py:109} INFO - [2022-02-03 23:38:18,512] {dagbag.py:500} INFO - Filling up the DagBag from /home/airflow/.local/lib/python3.7/site-packages/airflow/example_dags/example_nested_branch_dag.py
[2022-02-03 23:38:18,557] {processor.py:654} INFO - DAG(s) dict_keys(['example_nested_branch_dag']) retrieved from /home/airflow/.local/lib/python3.7/site-packages/airflow/example_dags/example_nested_branch_dag.py
[2022-02-03 23:38:18,574] {logging_mixin.py:109} INFO - [2022-02-03 23:38:18,574] {dag.py:2396} INFO - Sync 1 DAGs
[2022-02-03 23:38:18,596] {logging_mixin.py:109} INFO - [2022-02-03 23:38:18,596] {dag.py:2935} INFO - Setting next_dagrun for example_nested_branch_dag to 2022-02-02 00:00:00+00:00
[2022-02-03 23:38:18,618] {processor.py:171} INFO - Processing /home/airflow/.local/lib/python3.7/site-packages/airflow/example_dags/example_nested_branch_dag.py took 0.117 seconds
[2022-02-03 23:38:49,569] {processor.py:163} INFO - Started process (PID=976) to work on /home/airflow/.local/lib/python3.7/site-packages/airflow/example_dags/example_nested_branch_dag.py
[2022-02-03 23:38:49,571] {processor.py:642} INFO - Processing file /home/airflow/.local/lib/python3.7/site-packages/airflow/example_dags/example_nested_branch_dag.py for tasks to queue
[2022-02-03 23:38:49,572] {logging_mixin.py:109} INFO - [2022-02-03 23:38:49,572] {dagbag.py:500} INFO - Filling up the DagBag from /home/airflow/.local/lib/python3.7/site-packages/airflow/example_dags/example_nested_branch_dag.py
[2022-02-03 23:38:49,607] {processor.py:654} INFO - DAG(s) dict_keys(['example_nested_branch_dag']) retrieved from /home/airflow/.local/lib/python3.7/site-packages/airflow/example_dags/example_nested_branch_dag.py
[2022-02-03 23:38:49,623] {logging_mixin.py:109} INFO - [2022-02-03 23:38:49,623] {dag.py:2396} INFO - Sync 1 DAGs
[2022-02-03 23:38:49,643] {logging_mixin.py:109} INFO - [2022-02-03 23:38:49,643] {dag.py:2935} INFO - Setting next_dagrun for example_nested_branch_dag to 2022-02-02 00:00:00+00:00
[2022-02-03 23:38:49,658] {processor.py:171} INFO - Processing /home/airflow/.local/lib/python3.7/site-packages/airflow/example_dags/example_nested_branch_dag.py took 0.093 seconds
[2022-02-03 23:39:20,117] {processor.py:163} INFO - Started process (PID=1041) to work on /home/airflow/.local/lib/python3.7/site-packages/airflow/example_dags/example_nested_branch_dag.py
[2022-02-03 23:39:20,120] {processor.py:642} INFO - Processing file /home/airflow/.local/lib/python3.7/site-packages/airflow/example_dags/example_nested_branch_dag.py for tasks to queue
[2022-02-03 23:39:20,122] {logging_mixin.py:109} INFO - [2022-02-03 23:39:20,122] {dagbag.py:500} INFO - Filling up the DagBag from /home/airflow/.local/lib/python3.7/site-packages/airflow/example_dags/example_nested_branch_dag.py
[2022-02-03 23:39:20,160] {processor.py:654} INFO - DAG(s) dict_keys(['example_nested_branch_dag']) retrieved from /home/airflow/.local/lib/python3.7/site-packages/airflow/example_dags/example_nested_branch_dag.py
[2022-02-03 23:39:20,174] {logging_mixin.py:109} INFO - [2022-02-03 23:39:20,173] {dag.py:2396} INFO - Sync 1 DAGs
[2022-02-03 23:39:20,192] {logging_mixin.py:109} INFO - [2022-02-03 23:39:20,192] {dag.py:2935} INFO - Setting next_dagrun for example_nested_branch_dag to 2022-02-02 00:00:00+00:00
[2022-02-03 23:39:20,203] {processor.py:171} INFO - Processing /home/airflow/.local/lib/python3.7/site-packages/airflow/example_dags/example_nested_branch_dag.py took 0.090 seconds
[2022-02-03 23:39:50,860] {processor.py:163} INFO - Started process (PID=1093) to work on /home/airflow/.local/lib/python3.7/site-packages/airflow/example_dags/example_nested_branch_dag.py
[2022-02-03 23:39:50,865] {processor.py:642} INFO - Processing file /home/airflow/.local/lib/python3.7/site-packages/airflow/example_dags/example_nested_branch_dag.py for tasks to queue
[2022-02-03 23:39:50,868] {logging_mixin.py:109} INFO - [2022-02-03 23:39:50,867] {dagbag.py:500} INFO - Filling up the DagBag from /home/airflow/.local/lib/python3.7/site-packages/airflow/example_dags/example_nested_branch_dag.py
[2022-02-03 23:39:50,919] {processor.py:654} INFO - DAG(s) dict_keys(['example_nested_branch_dag']) retrieved from /home/airflow/.local/lib/python3.7/site-packages/airflow/example_dags/example_nested_branch_dag.py
[2022-02-03 23:39:50,931] {logging_mixin.py:109} INFO - [2022-02-03 23:39:50,931] {dag.py:2396} INFO - Sync 1 DAGs
[2022-02-03 23:39:50,948] {logging_mixin.py:109} INFO - [2022-02-03 23:39:50,948] {dag.py:2935} INFO - Setting next_dagrun for example_nested_branch_dag to 2022-02-02 00:00:00+00:00
[2022-02-03 23:39:50,960] {processor.py:171} INFO - Processing /home/airflow/.local/lib/python3.7/site-packages/airflow/example_dags/example_nested_branch_dag.py took 0.113 seconds
[2022-02-03 23:40:21,259] {processor.py:163} INFO - Started process (PID=1157) to work on /home/airflow/.local/lib/python3.7/site-packages/airflow/example_dags/example_nested_branch_dag.py
[2022-02-03 23:40:21,264] {processor.py:642} INFO - Processing file /home/airflow/.local/lib/python3.7/site-packages/airflow/example_dags/example_nested_branch_dag.py for tasks to queue
[2022-02-03 23:40:21,267] {logging_mixin.py:109} INFO - [2022-02-03 23:40:21,267] {dagbag.py:500} INFO - Filling up the DagBag from /home/airflow/.local/lib/python3.7/site-packages/airflow/example_dags/example_nested_branch_dag.py
[2022-02-03 23:40:21,325] {processor.py:654} INFO - DAG(s) dict_keys(['example_nested_branch_dag']) retrieved from /home/airflow/.local/lib/python3.7/site-packages/airflow/example_dags/example_nested_branch_dag.py
[2022-02-03 23:40:21,342] {logging_mixin.py:109} INFO - [2022-02-03 23:40:21,342] {dag.py:2396} INFO - Sync 1 DAGs
[2022-02-03 23:40:21,372] {logging_mixin.py:109} INFO - [2022-02-03 23:40:21,372] {dag.py:2935} INFO - Setting next_dagrun for example_nested_branch_dag to 2022-02-02 00:00:00+00:00
[2022-02-03 23:40:21,387] {processor.py:171} INFO - Processing /home/airflow/.local/lib/python3.7/site-packages/airflow/example_dags/example_nested_branch_dag.py took 0.135 seconds
