[2022-02-03 23:01:43,425] {processor.py:163} INFO - Started process (PID=41) to work on /home/airflow/.local/lib/python3.7/site-packages/airflow/example_dags/example_latest_only.py
[2022-02-03 23:01:43,433] {processor.py:642} INFO - Processing file /home/airflow/.local/lib/python3.7/site-packages/airflow/example_dags/example_latest_only.py for tasks to queue
[2022-02-03 23:01:43,436] {logging_mixin.py:109} INFO - [2022-02-03 23:01:43,436] {dagbag.py:500} INFO - Filling up the DagBag from /home/airflow/.local/lib/python3.7/site-packages/airflow/example_dags/example_latest_only.py
[2022-02-03 23:01:43,590] {processor.py:654} INFO - DAG(s) dict_keys(['latest_only']) retrieved from /home/airflow/.local/lib/python3.7/site-packages/airflow/example_dags/example_latest_only.py
[2022-02-03 23:01:54,852] {logging_mixin.py:109} INFO - [2022-02-03 23:01:54,852] {manager.py:496} INFO - Created Permission View: can read on DAG:latest_only
[2022-02-03 23:01:54,887] {logging_mixin.py:109} INFO - [2022-02-03 23:01:54,887] {manager.py:496} INFO - Created Permission View: can edit on DAG:latest_only
[2022-02-03 23:01:54,888] {logging_mixin.py:109} INFO - [2022-02-03 23:01:54,888] {dag.py:2396} INFO - Sync 1 DAGs
[2022-02-03 23:01:54,902] {logging_mixin.py:109} INFO - [2022-02-03 23:01:54,902] {dag.py:2415} INFO - Creating ORM DAG for latest_only
[2022-02-03 23:01:54,914] {logging_mixin.py:109} INFO - [2022-02-03 23:01:54,914] {dag.py:2935} INFO - Setting next_dagrun for latest_only to 2022-02-03T19:01:54.913962+00:00
[2022-02-03 23:01:54,945] {processor.py:171} INFO - Processing /home/airflow/.local/lib/python3.7/site-packages/airflow/example_dags/example_latest_only.py took 11.536 seconds
[2022-02-03 23:02:37,417] {processor.py:163} INFO - Started process (PID=226) to work on /home/airflow/.local/lib/python3.7/site-packages/airflow/example_dags/example_latest_only.py
[2022-02-03 23:02:37,419] {processor.py:642} INFO - Processing file /home/airflow/.local/lib/python3.7/site-packages/airflow/example_dags/example_latest_only.py for tasks to queue
[2022-02-03 23:02:37,422] {logging_mixin.py:109} INFO - [2022-02-03 23:02:37,422] {dagbag.py:500} INFO - Filling up the DagBag from /home/airflow/.local/lib/python3.7/site-packages/airflow/example_dags/example_latest_only.py
[2022-02-03 23:02:37,459] {processor.py:654} INFO - DAG(s) dict_keys(['latest_only']) retrieved from /home/airflow/.local/lib/python3.7/site-packages/airflow/example_dags/example_latest_only.py
[2022-02-03 23:02:37,473] {logging_mixin.py:109} INFO - [2022-02-03 23:02:37,473] {dag.py:2396} INFO - Sync 1 DAGs
[2022-02-03 23:02:37,492] {logging_mixin.py:109} INFO - [2022-02-03 23:02:37,491] {dag.py:2935} INFO - Setting next_dagrun for latest_only to 2022-02-03T19:02:37.491651+00:00
[2022-02-03 23:02:37,507] {processor.py:171} INFO - Processing /home/airflow/.local/lib/python3.7/site-packages/airflow/example_dags/example_latest_only.py took 0.094 seconds
[2022-02-03 23:03:08,146] {processor.py:163} INFO - Started process (PID=285) to work on /home/airflow/.local/lib/python3.7/site-packages/airflow/example_dags/example_latest_only.py
[2022-02-03 23:03:08,150] {processor.py:642} INFO - Processing file /home/airflow/.local/lib/python3.7/site-packages/airflow/example_dags/example_latest_only.py for tasks to queue
[2022-02-03 23:03:08,153] {logging_mixin.py:109} INFO - [2022-02-03 23:03:08,153] {dagbag.py:500} INFO - Filling up the DagBag from /home/airflow/.local/lib/python3.7/site-packages/airflow/example_dags/example_latest_only.py
[2022-02-03 23:03:08,231] {processor.py:654} INFO - DAG(s) dict_keys(['latest_only']) retrieved from /home/airflow/.local/lib/python3.7/site-packages/airflow/example_dags/example_latest_only.py
[2022-02-03 23:03:08,250] {logging_mixin.py:109} INFO - [2022-02-03 23:03:08,250] {dag.py:2396} INFO - Sync 1 DAGs
[2022-02-03 23:03:08,283] {logging_mixin.py:109} INFO - [2022-02-03 23:03:08,282] {dag.py:2935} INFO - Setting next_dagrun for latest_only to 2022-02-03T19:03:08.282537+00:00
[2022-02-03 23:03:08,304] {processor.py:171} INFO - Processing /home/airflow/.local/lib/python3.7/site-packages/airflow/example_dags/example_latest_only.py took 0.172 seconds
[2022-02-03 23:03:38,766] {processor.py:163} INFO - Started process (PID=338) to work on /home/airflow/.local/lib/python3.7/site-packages/airflow/example_dags/example_latest_only.py
[2022-02-03 23:03:38,769] {processor.py:642} INFO - Processing file /home/airflow/.local/lib/python3.7/site-packages/airflow/example_dags/example_latest_only.py for tasks to queue
[2022-02-03 23:03:38,771] {logging_mixin.py:109} INFO - [2022-02-03 23:03:38,770] {dagbag.py:500} INFO - Filling up the DagBag from /home/airflow/.local/lib/python3.7/site-packages/airflow/example_dags/example_latest_only.py
[2022-02-03 23:03:38,806] {processor.py:654} INFO - DAG(s) dict_keys(['latest_only']) retrieved from /home/airflow/.local/lib/python3.7/site-packages/airflow/example_dags/example_latest_only.py
[2022-02-03 23:03:38,818] {logging_mixin.py:109} INFO - [2022-02-03 23:03:38,818] {dag.py:2396} INFO - Sync 1 DAGs
[2022-02-03 23:03:38,838] {logging_mixin.py:109} INFO - [2022-02-03 23:03:38,838] {dag.py:2935} INFO - Setting next_dagrun for latest_only to 2022-02-03T19:03:38.838231+00:00
[2022-02-03 23:03:38,854] {processor.py:171} INFO - Processing /home/airflow/.local/lib/python3.7/site-packages/airflow/example_dags/example_latest_only.py took 0.092 seconds
[2022-02-03 23:04:09,261] {processor.py:163} INFO - Started process (PID=392) to work on /home/airflow/.local/lib/python3.7/site-packages/airflow/example_dags/example_latest_only.py
[2022-02-03 23:04:09,263] {processor.py:642} INFO - Processing file /home/airflow/.local/lib/python3.7/site-packages/airflow/example_dags/example_latest_only.py for tasks to queue
[2022-02-03 23:04:09,265] {logging_mixin.py:109} INFO - [2022-02-03 23:04:09,265] {dagbag.py:500} INFO - Filling up the DagBag from /home/airflow/.local/lib/python3.7/site-packages/airflow/example_dags/example_latest_only.py
[2022-02-03 23:04:09,296] {processor.py:654} INFO - DAG(s) dict_keys(['latest_only']) retrieved from /home/airflow/.local/lib/python3.7/site-packages/airflow/example_dags/example_latest_only.py
[2022-02-03 23:04:09,307] {logging_mixin.py:109} INFO - [2022-02-03 23:04:09,307] {dag.py:2396} INFO - Sync 1 DAGs
[2022-02-03 23:04:09,327] {logging_mixin.py:109} INFO - [2022-02-03 23:04:09,327] {dag.py:2935} INFO - Setting next_dagrun for latest_only to 2022-02-03T19:04:09.327137+00:00
[2022-02-03 23:04:09,339] {processor.py:171} INFO - Processing /home/airflow/.local/lib/python3.7/site-packages/airflow/example_dags/example_latest_only.py took 0.082 seconds
[2022-02-03 23:04:39,411] {processor.py:163} INFO - Started process (PID=460) to work on /home/airflow/.local/lib/python3.7/site-packages/airflow/example_dags/example_latest_only.py
[2022-02-03 23:04:39,414] {processor.py:642} INFO - Processing file /home/airflow/.local/lib/python3.7/site-packages/airflow/example_dags/example_latest_only.py for tasks to queue
[2022-02-03 23:04:39,416] {logging_mixin.py:109} INFO - [2022-02-03 23:04:39,415] {dagbag.py:500} INFO - Filling up the DagBag from /home/airflow/.local/lib/python3.7/site-packages/airflow/example_dags/example_latest_only.py
[2022-02-03 23:04:39,454] {processor.py:654} INFO - DAG(s) dict_keys(['latest_only']) retrieved from /home/airflow/.local/lib/python3.7/site-packages/airflow/example_dags/example_latest_only.py
[2022-02-03 23:04:39,467] {logging_mixin.py:109} INFO - [2022-02-03 23:04:39,467] {dag.py:2396} INFO - Sync 1 DAGs
[2022-02-03 23:04:39,492] {logging_mixin.py:109} INFO - [2022-02-03 23:04:39,492] {dag.py:2935} INFO - Setting next_dagrun for latest_only to 2022-02-03T19:04:39.491518+00:00
[2022-02-03 23:04:39,510] {processor.py:171} INFO - Processing /home/airflow/.local/lib/python3.7/site-packages/airflow/example_dags/example_latest_only.py took 0.104 seconds
[2022-02-03 23:05:09,698] {processor.py:163} INFO - Started process (PID=512) to work on /home/airflow/.local/lib/python3.7/site-packages/airflow/example_dags/example_latest_only.py
[2022-02-03 23:05:09,704] {processor.py:642} INFO - Processing file /home/airflow/.local/lib/python3.7/site-packages/airflow/example_dags/example_latest_only.py for tasks to queue
[2022-02-03 23:05:09,707] {logging_mixin.py:109} INFO - [2022-02-03 23:05:09,706] {dagbag.py:500} INFO - Filling up the DagBag from /home/airflow/.local/lib/python3.7/site-packages/airflow/example_dags/example_latest_only.py
[2022-02-03 23:05:09,767] {processor.py:654} INFO - DAG(s) dict_keys(['latest_only']) retrieved from /home/airflow/.local/lib/python3.7/site-packages/airflow/example_dags/example_latest_only.py
[2022-02-03 23:05:09,787] {logging_mixin.py:109} INFO - [2022-02-03 23:05:09,786] {dag.py:2396} INFO - Sync 1 DAGs
[2022-02-03 23:05:09,825] {logging_mixin.py:109} INFO - [2022-02-03 23:05:09,824] {dag.py:2935} INFO - Setting next_dagrun for latest_only to 2022-02-03T19:05:09.824200+00:00
[2022-02-03 23:05:09,847] {processor.py:171} INFO - Processing /home/airflow/.local/lib/python3.7/site-packages/airflow/example_dags/example_latest_only.py took 0.161 seconds
[2022-02-03 23:05:39,936] {processor.py:163} INFO - Started process (PID=565) to work on /home/airflow/.local/lib/python3.7/site-packages/airflow/example_dags/example_latest_only.py
[2022-02-03 23:05:39,939] {processor.py:642} INFO - Processing file /home/airflow/.local/lib/python3.7/site-packages/airflow/example_dags/example_latest_only.py for tasks to queue
[2022-02-03 23:05:39,941] {logging_mixin.py:109} INFO - [2022-02-03 23:05:39,940] {dagbag.py:500} INFO - Filling up the DagBag from /home/airflow/.local/lib/python3.7/site-packages/airflow/example_dags/example_latest_only.py
[2022-02-03 23:05:40,004] {processor.py:654} INFO - DAG(s) dict_keys(['latest_only']) retrieved from /home/airflow/.local/lib/python3.7/site-packages/airflow/example_dags/example_latest_only.py
[2022-02-03 23:05:40,017] {logging_mixin.py:109} INFO - [2022-02-03 23:05:40,016] {dag.py:2396} INFO - Sync 1 DAGs
[2022-02-03 23:05:40,044] {logging_mixin.py:109} INFO - [2022-02-03 23:05:40,044] {dag.py:2935} INFO - Setting next_dagrun for latest_only to 2022-02-03T19:05:40.044577+00:00
[2022-02-03 23:05:40,060] {processor.py:171} INFO - Processing /home/airflow/.local/lib/python3.7/site-packages/airflow/example_dags/example_latest_only.py took 0.130 seconds
[2022-02-03 23:06:10,237] {processor.py:163} INFO - Started process (PID=624) to work on /home/airflow/.local/lib/python3.7/site-packages/airflow/example_dags/example_latest_only.py
[2022-02-03 23:06:10,241] {processor.py:642} INFO - Processing file /home/airflow/.local/lib/python3.7/site-packages/airflow/example_dags/example_latest_only.py for tasks to queue
[2022-02-03 23:06:10,242] {logging_mixin.py:109} INFO - [2022-02-03 23:06:10,242] {dagbag.py:500} INFO - Filling up the DagBag from /home/airflow/.local/lib/python3.7/site-packages/airflow/example_dags/example_latest_only.py
[2022-02-03 23:06:10,274] {processor.py:654} INFO - DAG(s) dict_keys(['latest_only']) retrieved from /home/airflow/.local/lib/python3.7/site-packages/airflow/example_dags/example_latest_only.py
[2022-02-03 23:06:10,287] {logging_mixin.py:109} INFO - [2022-02-03 23:06:10,287] {dag.py:2396} INFO - Sync 1 DAGs
[2022-02-03 23:06:10,328] {logging_mixin.py:109} INFO - [2022-02-03 23:06:10,328] {dag.py:2935} INFO - Setting next_dagrun for latest_only to 2022-02-03T19:06:10.328116+00:00
[2022-02-03 23:06:10,349] {processor.py:171} INFO - Processing /home/airflow/.local/lib/python3.7/site-packages/airflow/example_dags/example_latest_only.py took 0.119 seconds
[2022-02-03 23:06:40,971] {processor.py:163} INFO - Started process (PID=689) to work on /home/airflow/.local/lib/python3.7/site-packages/airflow/example_dags/example_latest_only.py
[2022-02-03 23:06:40,973] {processor.py:642} INFO - Processing file /home/airflow/.local/lib/python3.7/site-packages/airflow/example_dags/example_latest_only.py for tasks to queue
[2022-02-03 23:06:40,976] {logging_mixin.py:109} INFO - [2022-02-03 23:06:40,976] {dagbag.py:500} INFO - Filling up the DagBag from /home/airflow/.local/lib/python3.7/site-packages/airflow/example_dags/example_latest_only.py
[2022-02-03 23:06:41,018] {processor.py:654} INFO - DAG(s) dict_keys(['latest_only']) retrieved from /home/airflow/.local/lib/python3.7/site-packages/airflow/example_dags/example_latest_only.py
[2022-02-03 23:06:41,033] {logging_mixin.py:109} INFO - [2022-02-03 23:06:41,033] {dag.py:2396} INFO - Sync 1 DAGs
[2022-02-03 23:06:41,057] {logging_mixin.py:109} INFO - [2022-02-03 23:06:41,057] {dag.py:2935} INFO - Setting next_dagrun for latest_only to 2022-02-03T19:06:41.057444+00:00
[2022-02-03 23:06:41,070] {processor.py:171} INFO - Processing /home/airflow/.local/lib/python3.7/site-packages/airflow/example_dags/example_latest_only.py took 0.103 seconds
[2022-02-03 23:07:11,635] {processor.py:163} INFO - Started process (PID=743) to work on /home/airflow/.local/lib/python3.7/site-packages/airflow/example_dags/example_latest_only.py
[2022-02-03 23:07:11,638] {processor.py:642} INFO - Processing file /home/airflow/.local/lib/python3.7/site-packages/airflow/example_dags/example_latest_only.py for tasks to queue
[2022-02-03 23:07:11,640] {logging_mixin.py:109} INFO - [2022-02-03 23:07:11,640] {dagbag.py:500} INFO - Filling up the DagBag from /home/airflow/.local/lib/python3.7/site-packages/airflow/example_dags/example_latest_only.py
[2022-02-03 23:07:11,672] {processor.py:654} INFO - DAG(s) dict_keys(['latest_only']) retrieved from /home/airflow/.local/lib/python3.7/site-packages/airflow/example_dags/example_latest_only.py
[2022-02-03 23:07:11,686] {logging_mixin.py:109} INFO - [2022-02-03 23:07:11,686] {dag.py:2396} INFO - Sync 1 DAGs
[2022-02-03 23:07:11,703] {logging_mixin.py:109} INFO - [2022-02-03 23:07:11,703] {dag.py:2935} INFO - Setting next_dagrun for latest_only to 2022-02-03T19:07:11.703507+00:00
[2022-02-03 23:07:11,715] {processor.py:171} INFO - Processing /home/airflow/.local/lib/python3.7/site-packages/airflow/example_dags/example_latest_only.py took 0.086 seconds
[2022-02-03 23:07:41,802] {processor.py:163} INFO - Started process (PID=804) to work on /home/airflow/.local/lib/python3.7/site-packages/airflow/example_dags/example_latest_only.py
[2022-02-03 23:07:41,823] {processor.py:642} INFO - Processing file /home/airflow/.local/lib/python3.7/site-packages/airflow/example_dags/example_latest_only.py for tasks to queue
[2022-02-03 23:07:41,824] {logging_mixin.py:109} INFO - [2022-02-03 23:07:41,824] {dagbag.py:500} INFO - Filling up the DagBag from /home/airflow/.local/lib/python3.7/site-packages/airflow/example_dags/example_latest_only.py
[2022-02-03 23:07:41,856] {processor.py:654} INFO - DAG(s) dict_keys(['latest_only']) retrieved from /home/airflow/.local/lib/python3.7/site-packages/airflow/example_dags/example_latest_only.py
[2022-02-03 23:07:41,869] {logging_mixin.py:109} INFO - [2022-02-03 23:07:41,869] {dag.py:2396} INFO - Sync 1 DAGs
[2022-02-03 23:07:41,896] {logging_mixin.py:109} INFO - [2022-02-03 23:07:41,896] {dag.py:2935} INFO - Setting next_dagrun for latest_only to 2022-02-03T19:07:41.896218+00:00
[2022-02-03 23:07:41,909] {processor.py:171} INFO - Processing /home/airflow/.local/lib/python3.7/site-packages/airflow/example_dags/example_latest_only.py took 0.111 seconds
[2022-02-03 23:08:12,308] {processor.py:163} INFO - Started process (PID=862) to work on /home/airflow/.local/lib/python3.7/site-packages/airflow/example_dags/example_latest_only.py
[2022-02-03 23:08:12,311] {processor.py:642} INFO - Processing file /home/airflow/.local/lib/python3.7/site-packages/airflow/example_dags/example_latest_only.py for tasks to queue
[2022-02-03 23:08:12,315] {logging_mixin.py:109} INFO - [2022-02-03 23:08:12,315] {dagbag.py:500} INFO - Filling up the DagBag from /home/airflow/.local/lib/python3.7/site-packages/airflow/example_dags/example_latest_only.py
[2022-02-03 23:08:12,352] {processor.py:654} INFO - DAG(s) dict_keys(['latest_only']) retrieved from /home/airflow/.local/lib/python3.7/site-packages/airflow/example_dags/example_latest_only.py
[2022-02-03 23:08:12,366] {logging_mixin.py:109} INFO - [2022-02-03 23:08:12,366] {dag.py:2396} INFO - Sync 1 DAGs
[2022-02-03 23:08:12,391] {logging_mixin.py:109} INFO - [2022-02-03 23:08:12,390] {dag.py:2935} INFO - Setting next_dagrun for latest_only to 2022-02-03T19:08:12.390498+00:00
[2022-02-03 23:08:12,403] {processor.py:171} INFO - Processing /home/airflow/.local/lib/python3.7/site-packages/airflow/example_dags/example_latest_only.py took 0.101 seconds
[2022-02-03 23:08:42,726] {processor.py:163} INFO - Started process (PID=921) to work on /home/airflow/.local/lib/python3.7/site-packages/airflow/example_dags/example_latest_only.py
[2022-02-03 23:08:42,729] {processor.py:642} INFO - Processing file /home/airflow/.local/lib/python3.7/site-packages/airflow/example_dags/example_latest_only.py for tasks to queue
[2022-02-03 23:08:42,730] {logging_mixin.py:109} INFO - [2022-02-03 23:08:42,730] {dagbag.py:500} INFO - Filling up the DagBag from /home/airflow/.local/lib/python3.7/site-packages/airflow/example_dags/example_latest_only.py
[2022-02-03 23:08:42,767] {processor.py:654} INFO - DAG(s) dict_keys(['latest_only']) retrieved from /home/airflow/.local/lib/python3.7/site-packages/airflow/example_dags/example_latest_only.py
[2022-02-03 23:08:42,782] {logging_mixin.py:109} INFO - [2022-02-03 23:08:42,782] {dag.py:2396} INFO - Sync 1 DAGs
[2022-02-03 23:08:42,804] {logging_mixin.py:109} INFO - [2022-02-03 23:08:42,804] {dag.py:2935} INFO - Setting next_dagrun for latest_only to 2022-02-03T19:08:42.804254+00:00
[2022-02-03 23:08:42,822] {processor.py:171} INFO - Processing /home/airflow/.local/lib/python3.7/site-packages/airflow/example_dags/example_latest_only.py took 0.100 seconds
[2022-02-03 23:09:13,064] {processor.py:163} INFO - Started process (PID=978) to work on /home/airflow/.local/lib/python3.7/site-packages/airflow/example_dags/example_latest_only.py
[2022-02-03 23:09:13,066] {processor.py:642} INFO - Processing file /home/airflow/.local/lib/python3.7/site-packages/airflow/example_dags/example_latest_only.py for tasks to queue
[2022-02-03 23:09:13,069] {logging_mixin.py:109} INFO - [2022-02-03 23:09:13,068] {dagbag.py:500} INFO - Filling up the DagBag from /home/airflow/.local/lib/python3.7/site-packages/airflow/example_dags/example_latest_only.py
[2022-02-03 23:09:13,103] {processor.py:654} INFO - DAG(s) dict_keys(['latest_only']) retrieved from /home/airflow/.local/lib/python3.7/site-packages/airflow/example_dags/example_latest_only.py
[2022-02-03 23:09:13,116] {logging_mixin.py:109} INFO - [2022-02-03 23:09:13,116] {dag.py:2396} INFO - Sync 1 DAGs
[2022-02-03 23:09:13,139] {logging_mixin.py:109} INFO - [2022-02-03 23:09:13,138] {dag.py:2935} INFO - Setting next_dagrun for latest_only to 2022-02-03T19:09:13.138511+00:00
[2022-02-03 23:09:13,155] {processor.py:171} INFO - Processing /home/airflow/.local/lib/python3.7/site-packages/airflow/example_dags/example_latest_only.py took 0.095 seconds
[2022-02-03 23:09:43,766] {processor.py:163} INFO - Started process (PID=1045) to work on /home/airflow/.local/lib/python3.7/site-packages/airflow/example_dags/example_latest_only.py
[2022-02-03 23:09:43,771] {processor.py:642} INFO - Processing file /home/airflow/.local/lib/python3.7/site-packages/airflow/example_dags/example_latest_only.py for tasks to queue
[2022-02-03 23:09:43,774] {logging_mixin.py:109} INFO - [2022-02-03 23:09:43,774] {dagbag.py:500} INFO - Filling up the DagBag from /home/airflow/.local/lib/python3.7/site-packages/airflow/example_dags/example_latest_only.py
[2022-02-03 23:09:43,813] {processor.py:654} INFO - DAG(s) dict_keys(['latest_only']) retrieved from /home/airflow/.local/lib/python3.7/site-packages/airflow/example_dags/example_latest_only.py
[2022-02-03 23:09:43,834] {logging_mixin.py:109} INFO - [2022-02-03 23:09:43,833] {dag.py:2396} INFO - Sync 1 DAGs
[2022-02-03 23:09:43,856] {logging_mixin.py:109} INFO - [2022-02-03 23:09:43,856] {dag.py:2935} INFO - Setting next_dagrun for latest_only to 2022-02-03T19:09:43.855701+00:00
[2022-02-03 23:09:43,873] {processor.py:171} INFO - Processing /home/airflow/.local/lib/python3.7/site-packages/airflow/example_dags/example_latest_only.py took 0.118 seconds
[2022-02-03 23:10:14,800] {processor.py:163} INFO - Started process (PID=1102) to work on /home/airflow/.local/lib/python3.7/site-packages/airflow/example_dags/example_latest_only.py
[2022-02-03 23:10:14,803] {processor.py:642} INFO - Processing file /home/airflow/.local/lib/python3.7/site-packages/airflow/example_dags/example_latest_only.py for tasks to queue
[2022-02-03 23:10:14,805] {logging_mixin.py:109} INFO - [2022-02-03 23:10:14,805] {dagbag.py:500} INFO - Filling up the DagBag from /home/airflow/.local/lib/python3.7/site-packages/airflow/example_dags/example_latest_only.py
[2022-02-03 23:10:14,852] {processor.py:654} INFO - DAG(s) dict_keys(['latest_only']) retrieved from /home/airflow/.local/lib/python3.7/site-packages/airflow/example_dags/example_latest_only.py
[2022-02-03 23:10:14,867] {logging_mixin.py:109} INFO - [2022-02-03 23:10:14,867] {dag.py:2396} INFO - Sync 1 DAGs
[2022-02-03 23:10:14,895] {logging_mixin.py:109} INFO - [2022-02-03 23:10:14,895] {dag.py:2935} INFO - Setting next_dagrun for latest_only to 2022-02-03T19:10:14.894539+00:00
[2022-02-03 23:10:14,909] {processor.py:171} INFO - Processing /home/airflow/.local/lib/python3.7/site-packages/airflow/example_dags/example_latest_only.py took 0.115 seconds
[2022-02-03 23:10:45,044] {processor.py:163} INFO - Started process (PID=1157) to work on /home/airflow/.local/lib/python3.7/site-packages/airflow/example_dags/example_latest_only.py
[2022-02-03 23:10:45,047] {processor.py:642} INFO - Processing file /home/airflow/.local/lib/python3.7/site-packages/airflow/example_dags/example_latest_only.py for tasks to queue
[2022-02-03 23:10:45,049] {logging_mixin.py:109} INFO - [2022-02-03 23:10:45,049] {dagbag.py:500} INFO - Filling up the DagBag from /home/airflow/.local/lib/python3.7/site-packages/airflow/example_dags/example_latest_only.py
[2022-02-03 23:10:45,087] {processor.py:654} INFO - DAG(s) dict_keys(['latest_only']) retrieved from /home/airflow/.local/lib/python3.7/site-packages/airflow/example_dags/example_latest_only.py
[2022-02-03 23:10:45,100] {logging_mixin.py:109} INFO - [2022-02-03 23:10:45,100] {dag.py:2396} INFO - Sync 1 DAGs
[2022-02-03 23:10:45,119] {logging_mixin.py:109} INFO - [2022-02-03 23:10:45,119] {dag.py:2935} INFO - Setting next_dagrun for latest_only to 2022-02-03T19:10:45.119008+00:00
[2022-02-03 23:10:45,131] {processor.py:171} INFO - Processing /home/airflow/.local/lib/python3.7/site-packages/airflow/example_dags/example_latest_only.py took 0.093 seconds
[2022-02-03 23:11:15,323] {processor.py:163} INFO - Started process (PID=1222) to work on /home/airflow/.local/lib/python3.7/site-packages/airflow/example_dags/example_latest_only.py
[2022-02-03 23:11:15,326] {processor.py:642} INFO - Processing file /home/airflow/.local/lib/python3.7/site-packages/airflow/example_dags/example_latest_only.py for tasks to queue
[2022-02-03 23:11:15,329] {logging_mixin.py:109} INFO - [2022-02-03 23:11:15,328] {dagbag.py:500} INFO - Filling up the DagBag from /home/airflow/.local/lib/python3.7/site-packages/airflow/example_dags/example_latest_only.py
[2022-02-03 23:11:15,363] {processor.py:654} INFO - DAG(s) dict_keys(['latest_only']) retrieved from /home/airflow/.local/lib/python3.7/site-packages/airflow/example_dags/example_latest_only.py
[2022-02-03 23:11:15,384] {logging_mixin.py:109} INFO - [2022-02-03 23:11:15,383] {dag.py:2396} INFO - Sync 1 DAGs
[2022-02-03 23:11:15,415] {logging_mixin.py:109} INFO - [2022-02-03 23:11:15,414] {dag.py:2935} INFO - Setting next_dagrun for latest_only to 2022-02-03T19:11:15.413995+00:00
[2022-02-03 23:11:15,438] {processor.py:171} INFO - Processing /home/airflow/.local/lib/python3.7/site-packages/airflow/example_dags/example_latest_only.py took 0.119 seconds
[2022-02-03 23:11:45,500] {processor.py:163} INFO - Started process (PID=1279) to work on /home/airflow/.local/lib/python3.7/site-packages/airflow/example_dags/example_latest_only.py
[2022-02-03 23:11:45,502] {processor.py:642} INFO - Processing file /home/airflow/.local/lib/python3.7/site-packages/airflow/example_dags/example_latest_only.py for tasks to queue
[2022-02-03 23:11:45,504] {logging_mixin.py:109} INFO - [2022-02-03 23:11:45,504] {dagbag.py:500} INFO - Filling up the DagBag from /home/airflow/.local/lib/python3.7/site-packages/airflow/example_dags/example_latest_only.py
[2022-02-03 23:11:45,537] {processor.py:654} INFO - DAG(s) dict_keys(['latest_only']) retrieved from /home/airflow/.local/lib/python3.7/site-packages/airflow/example_dags/example_latest_only.py
[2022-02-03 23:11:45,548] {logging_mixin.py:109} INFO - [2022-02-03 23:11:45,548] {dag.py:2396} INFO - Sync 1 DAGs
[2022-02-03 23:11:45,566] {logging_mixin.py:109} INFO - [2022-02-03 23:11:45,566] {dag.py:2935} INFO - Setting next_dagrun for latest_only to 2022-02-03T19:11:45.565819+00:00
[2022-02-03 23:11:45,578] {processor.py:171} INFO - Processing /home/airflow/.local/lib/python3.7/site-packages/airflow/example_dags/example_latest_only.py took 0.082 seconds
[2022-02-03 23:12:16,229] {processor.py:163} INFO - Started process (PID=1343) to work on /home/airflow/.local/lib/python3.7/site-packages/airflow/example_dags/example_latest_only.py
[2022-02-03 23:12:16,232] {processor.py:642} INFO - Processing file /home/airflow/.local/lib/python3.7/site-packages/airflow/example_dags/example_latest_only.py for tasks to queue
[2022-02-03 23:12:16,233] {logging_mixin.py:109} INFO - [2022-02-03 23:12:16,233] {dagbag.py:500} INFO - Filling up the DagBag from /home/airflow/.local/lib/python3.7/site-packages/airflow/example_dags/example_latest_only.py
[2022-02-03 23:12:16,277] {processor.py:654} INFO - DAG(s) dict_keys(['latest_only']) retrieved from /home/airflow/.local/lib/python3.7/site-packages/airflow/example_dags/example_latest_only.py
[2022-02-03 23:12:16,295] {logging_mixin.py:109} INFO - [2022-02-03 23:12:16,295] {dag.py:2396} INFO - Sync 1 DAGs
[2022-02-03 23:12:16,314] {logging_mixin.py:109} INFO - [2022-02-03 23:12:16,314] {dag.py:2935} INFO - Setting next_dagrun for latest_only to 2022-02-03T19:12:16.314286+00:00
[2022-02-03 23:12:16,327] {processor.py:171} INFO - Processing /home/airflow/.local/lib/python3.7/site-packages/airflow/example_dags/example_latest_only.py took 0.102 seconds
[2022-02-03 23:12:46,555] {processor.py:163} INFO - Started process (PID=1398) to work on /home/airflow/.local/lib/python3.7/site-packages/airflow/example_dags/example_latest_only.py
[2022-02-03 23:12:46,558] {processor.py:642} INFO - Processing file /home/airflow/.local/lib/python3.7/site-packages/airflow/example_dags/example_latest_only.py for tasks to queue
[2022-02-03 23:12:46,560] {logging_mixin.py:109} INFO - [2022-02-03 23:12:46,560] {dagbag.py:500} INFO - Filling up the DagBag from /home/airflow/.local/lib/python3.7/site-packages/airflow/example_dags/example_latest_only.py
[2022-02-03 23:12:46,591] {processor.py:654} INFO - DAG(s) dict_keys(['latest_only']) retrieved from /home/airflow/.local/lib/python3.7/site-packages/airflow/example_dags/example_latest_only.py
[2022-02-03 23:12:46,602] {logging_mixin.py:109} INFO - [2022-02-03 23:12:46,602] {dag.py:2396} INFO - Sync 1 DAGs
[2022-02-03 23:12:46,619] {logging_mixin.py:109} INFO - [2022-02-03 23:12:46,619] {dag.py:2935} INFO - Setting next_dagrun for latest_only to 2022-02-03T19:12:46.618861+00:00
[2022-02-03 23:12:46,631] {processor.py:171} INFO - Processing /home/airflow/.local/lib/python3.7/site-packages/airflow/example_dags/example_latest_only.py took 0.079 seconds
[2022-02-03 23:13:17,122] {processor.py:163} INFO - Started process (PID=1452) to work on /home/airflow/.local/lib/python3.7/site-packages/airflow/example_dags/example_latest_only.py
[2022-02-03 23:13:17,126] {processor.py:642} INFO - Processing file /home/airflow/.local/lib/python3.7/site-packages/airflow/example_dags/example_latest_only.py for tasks to queue
[2022-02-03 23:13:17,129] {logging_mixin.py:109} INFO - [2022-02-03 23:13:17,129] {dagbag.py:500} INFO - Filling up the DagBag from /home/airflow/.local/lib/python3.7/site-packages/airflow/example_dags/example_latest_only.py
[2022-02-03 23:13:17,181] {processor.py:654} INFO - DAG(s) dict_keys(['latest_only']) retrieved from /home/airflow/.local/lib/python3.7/site-packages/airflow/example_dags/example_latest_only.py
[2022-02-03 23:13:17,208] {logging_mixin.py:109} INFO - [2022-02-03 23:13:17,207] {dag.py:2396} INFO - Sync 1 DAGs
[2022-02-03 23:13:17,247] {logging_mixin.py:109} INFO - [2022-02-03 23:13:17,247] {dag.py:2935} INFO - Setting next_dagrun for latest_only to 2022-02-03T19:13:17.244999+00:00
[2022-02-03 23:13:17,272] {processor.py:171} INFO - Processing /home/airflow/.local/lib/python3.7/site-packages/airflow/example_dags/example_latest_only.py took 0.165 seconds
[2022-02-03 23:15:03,408] {processor.py:163} INFO - Started process (PID=41) to work on /home/airflow/.local/lib/python3.7/site-packages/airflow/example_dags/example_latest_only.py
[2022-02-03 23:15:03,411] {processor.py:642} INFO - Processing file /home/airflow/.local/lib/python3.7/site-packages/airflow/example_dags/example_latest_only.py for tasks to queue
[2022-02-03 23:15:03,419] {logging_mixin.py:109} INFO - [2022-02-03 23:15:03,418] {dagbag.py:500} INFO - Filling up the DagBag from /home/airflow/.local/lib/python3.7/site-packages/airflow/example_dags/example_latest_only.py
[2022-02-03 23:15:03,569] {processor.py:654} INFO - DAG(s) dict_keys(['latest_only']) retrieved from /home/airflow/.local/lib/python3.7/site-packages/airflow/example_dags/example_latest_only.py
[2022-02-03 23:15:03,621] {logging_mixin.py:109} INFO - [2022-02-03 23:15:03,620] {dag.py:2396} INFO - Sync 1 DAGs
[2022-02-03 23:15:03,710] {logging_mixin.py:109} INFO - [2022-02-03 23:15:03,710] {dag.py:2935} INFO - Setting next_dagrun for latest_only to 2022-02-03T19:15:03.710032+00:00
[2022-02-03 23:15:03,811] {processor.py:171} INFO - Processing /home/airflow/.local/lib/python3.7/site-packages/airflow/example_dags/example_latest_only.py took 0.417 seconds
[2022-02-03 23:30:29,603] {processor.py:163} INFO - Started process (PID=41) to work on /home/airflow/.local/lib/python3.7/site-packages/airflow/example_dags/example_latest_only.py
[2022-02-03 23:30:29,610] {processor.py:642} INFO - Processing file /home/airflow/.local/lib/python3.7/site-packages/airflow/example_dags/example_latest_only.py for tasks to queue
[2022-02-03 23:30:29,616] {logging_mixin.py:109} INFO - [2022-02-03 23:30:29,616] {dagbag.py:500} INFO - Filling up the DagBag from /home/airflow/.local/lib/python3.7/site-packages/airflow/example_dags/example_latest_only.py
[2022-02-03 23:30:29,802] {processor.py:654} INFO - DAG(s) dict_keys(['latest_only']) retrieved from /home/airflow/.local/lib/python3.7/site-packages/airflow/example_dags/example_latest_only.py
[2022-02-03 23:30:29,851] {logging_mixin.py:109} INFO - [2022-02-03 23:30:29,851] {dag.py:2396} INFO - Sync 1 DAGs
[2022-02-03 23:30:29,888] {logging_mixin.py:109} INFO - [2022-02-03 23:30:29,888] {dag.py:2935} INFO - Setting next_dagrun for latest_only to 2022-02-03T19:30:29.888197+00:00
[2022-02-03 23:30:29,920] {processor.py:171} INFO - Processing /home/airflow/.local/lib/python3.7/site-packages/airflow/example_dags/example_latest_only.py took 0.337 seconds
[2022-02-03 23:31:00,593] {processor.py:163} INFO - Started process (PID=93) to work on /home/airflow/.local/lib/python3.7/site-packages/airflow/example_dags/example_latest_only.py
[2022-02-03 23:31:00,597] {processor.py:642} INFO - Processing file /home/airflow/.local/lib/python3.7/site-packages/airflow/example_dags/example_latest_only.py for tasks to queue
[2022-02-03 23:31:00,600] {logging_mixin.py:109} INFO - [2022-02-03 23:31:00,600] {dagbag.py:500} INFO - Filling up the DagBag from /home/airflow/.local/lib/python3.7/site-packages/airflow/example_dags/example_latest_only.py
[2022-02-03 23:31:00,646] {processor.py:654} INFO - DAG(s) dict_keys(['latest_only']) retrieved from /home/airflow/.local/lib/python3.7/site-packages/airflow/example_dags/example_latest_only.py
[2022-02-03 23:31:00,684] {logging_mixin.py:109} INFO - [2022-02-03 23:31:00,683] {dag.py:2396} INFO - Sync 1 DAGs
[2022-02-03 23:31:00,716] {logging_mixin.py:109} INFO - [2022-02-03 23:31:00,716] {dag.py:2935} INFO - Setting next_dagrun for latest_only to 2022-02-03T19:31:00.715934+00:00
[2022-02-03 23:31:00,739] {processor.py:171} INFO - Processing /home/airflow/.local/lib/python3.7/site-packages/airflow/example_dags/example_latest_only.py took 0.154 seconds
[2022-02-03 23:31:30,899] {processor.py:163} INFO - Started process (PID=149) to work on /home/airflow/.local/lib/python3.7/site-packages/airflow/example_dags/example_latest_only.py
[2022-02-03 23:31:30,903] {processor.py:642} INFO - Processing file /home/airflow/.local/lib/python3.7/site-packages/airflow/example_dags/example_latest_only.py for tasks to queue
[2022-02-03 23:31:30,906] {logging_mixin.py:109} INFO - [2022-02-03 23:31:30,906] {dagbag.py:500} INFO - Filling up the DagBag from /home/airflow/.local/lib/python3.7/site-packages/airflow/example_dags/example_latest_only.py
[2022-02-03 23:31:30,951] {processor.py:654} INFO - DAG(s) dict_keys(['latest_only']) retrieved from /home/airflow/.local/lib/python3.7/site-packages/airflow/example_dags/example_latest_only.py
[2022-02-03 23:31:30,985] {logging_mixin.py:109} INFO - [2022-02-03 23:31:30,984] {dag.py:2396} INFO - Sync 1 DAGs
[2022-02-03 23:31:31,015] {logging_mixin.py:109} INFO - [2022-02-03 23:31:31,015] {dag.py:2935} INFO - Setting next_dagrun for latest_only to 2022-02-03T19:31:31.015072+00:00
[2022-02-03 23:31:31,042] {processor.py:171} INFO - Processing /home/airflow/.local/lib/python3.7/site-packages/airflow/example_dags/example_latest_only.py took 0.150 seconds
[2022-02-03 23:32:01,885] {processor.py:163} INFO - Started process (PID=213) to work on /home/airflow/.local/lib/python3.7/site-packages/airflow/example_dags/example_latest_only.py
[2022-02-03 23:32:01,889] {processor.py:642} INFO - Processing file /home/airflow/.local/lib/python3.7/site-packages/airflow/example_dags/example_latest_only.py for tasks to queue
[2022-02-03 23:32:01,890] {logging_mixin.py:109} INFO - [2022-02-03 23:32:01,890] {dagbag.py:500} INFO - Filling up the DagBag from /home/airflow/.local/lib/python3.7/site-packages/airflow/example_dags/example_latest_only.py
[2022-02-03 23:32:01,925] {processor.py:654} INFO - DAG(s) dict_keys(['latest_only']) retrieved from /home/airflow/.local/lib/python3.7/site-packages/airflow/example_dags/example_latest_only.py
[2022-02-03 23:32:01,936] {logging_mixin.py:109} INFO - [2022-02-03 23:32:01,936] {dag.py:2396} INFO - Sync 1 DAGs
[2022-02-03 23:32:01,965] {logging_mixin.py:109} INFO - [2022-02-03 23:32:01,965] {dag.py:2935} INFO - Setting next_dagrun for latest_only to 2022-02-03T19:32:01.965325+00:00
[2022-02-03 23:32:01,977] {processor.py:171} INFO - Processing /home/airflow/.local/lib/python3.7/site-packages/airflow/example_dags/example_latest_only.py took 0.095 seconds
[2022-02-03 23:32:32,695] {processor.py:163} INFO - Started process (PID=266) to work on /home/airflow/.local/lib/python3.7/site-packages/airflow/example_dags/example_latest_only.py
[2022-02-03 23:32:32,699] {processor.py:642} INFO - Processing file /home/airflow/.local/lib/python3.7/site-packages/airflow/example_dags/example_latest_only.py for tasks to queue
[2022-02-03 23:32:32,702] {logging_mixin.py:109} INFO - [2022-02-03 23:32:32,702] {dagbag.py:500} INFO - Filling up the DagBag from /home/airflow/.local/lib/python3.7/site-packages/airflow/example_dags/example_latest_only.py
[2022-02-03 23:32:32,750] {processor.py:654} INFO - DAG(s) dict_keys(['latest_only']) retrieved from /home/airflow/.local/lib/python3.7/site-packages/airflow/example_dags/example_latest_only.py
[2022-02-03 23:32:32,772] {logging_mixin.py:109} INFO - [2022-02-03 23:32:32,771] {dag.py:2396} INFO - Sync 1 DAGs
[2022-02-03 23:32:32,792] {logging_mixin.py:109} INFO - [2022-02-03 23:32:32,792] {dag.py:2935} INFO - Setting next_dagrun for latest_only to 2022-02-03T19:32:32.792192+00:00
[2022-02-03 23:32:32,805] {processor.py:171} INFO - Processing /home/airflow/.local/lib/python3.7/site-packages/airflow/example_dags/example_latest_only.py took 0.130 seconds
[2022-02-03 23:33:03,759] {processor.py:163} INFO - Started process (PID=319) to work on /home/airflow/.local/lib/python3.7/site-packages/airflow/example_dags/example_latest_only.py
[2022-02-03 23:33:03,762] {processor.py:642} INFO - Processing file /home/airflow/.local/lib/python3.7/site-packages/airflow/example_dags/example_latest_only.py for tasks to queue
[2022-02-03 23:33:03,764] {logging_mixin.py:109} INFO - [2022-02-03 23:33:03,764] {dagbag.py:500} INFO - Filling up the DagBag from /home/airflow/.local/lib/python3.7/site-packages/airflow/example_dags/example_latest_only.py
[2022-02-03 23:33:03,812] {processor.py:654} INFO - DAG(s) dict_keys(['latest_only']) retrieved from /home/airflow/.local/lib/python3.7/site-packages/airflow/example_dags/example_latest_only.py
[2022-02-03 23:33:03,830] {logging_mixin.py:109} INFO - [2022-02-03 23:33:03,830] {dag.py:2396} INFO - Sync 1 DAGs
[2022-02-03 23:33:03,853] {logging_mixin.py:109} INFO - [2022-02-03 23:33:03,853] {dag.py:2935} INFO - Setting next_dagrun for latest_only to 2022-02-03T19:33:03.853254+00:00
[2022-02-03 23:33:03,876] {processor.py:171} INFO - Processing /home/airflow/.local/lib/python3.7/site-packages/airflow/example_dags/example_latest_only.py took 0.122 seconds
[2022-02-03 23:33:34,158] {processor.py:163} INFO - Started process (PID=384) to work on /home/airflow/.local/lib/python3.7/site-packages/airflow/example_dags/example_latest_only.py
[2022-02-03 23:33:34,163] {processor.py:642} INFO - Processing file /home/airflow/.local/lib/python3.7/site-packages/airflow/example_dags/example_latest_only.py for tasks to queue
[2022-02-03 23:33:34,166] {logging_mixin.py:109} INFO - [2022-02-03 23:33:34,165] {dagbag.py:500} INFO - Filling up the DagBag from /home/airflow/.local/lib/python3.7/site-packages/airflow/example_dags/example_latest_only.py
[2022-02-03 23:33:34,262] {processor.py:654} INFO - DAG(s) dict_keys(['latest_only']) retrieved from /home/airflow/.local/lib/python3.7/site-packages/airflow/example_dags/example_latest_only.py
[2022-02-03 23:33:34,310] {logging_mixin.py:109} INFO - [2022-02-03 23:33:34,310] {dag.py:2396} INFO - Sync 1 DAGs
[2022-02-03 23:33:34,352] {logging_mixin.py:109} INFO - [2022-02-03 23:33:34,352] {dag.py:2935} INFO - Setting next_dagrun for latest_only to 2022-02-03T19:33:34.352551+00:00
[2022-02-03 23:33:34,376] {processor.py:171} INFO - Processing /home/airflow/.local/lib/python3.7/site-packages/airflow/example_dags/example_latest_only.py took 0.225 seconds
[2022-02-03 23:34:04,575] {processor.py:163} INFO - Started process (PID=436) to work on /home/airflow/.local/lib/python3.7/site-packages/airflow/example_dags/example_latest_only.py
[2022-02-03 23:34:04,579] {processor.py:642} INFO - Processing file /home/airflow/.local/lib/python3.7/site-packages/airflow/example_dags/example_latest_only.py for tasks to queue
[2022-02-03 23:34:04,583] {logging_mixin.py:109} INFO - [2022-02-03 23:34:04,582] {dagbag.py:500} INFO - Filling up the DagBag from /home/airflow/.local/lib/python3.7/site-packages/airflow/example_dags/example_latest_only.py
[2022-02-03 23:34:04,621] {processor.py:654} INFO - DAG(s) dict_keys(['latest_only']) retrieved from /home/airflow/.local/lib/python3.7/site-packages/airflow/example_dags/example_latest_only.py
[2022-02-03 23:34:04,636] {logging_mixin.py:109} INFO - [2022-02-03 23:34:04,636] {dag.py:2396} INFO - Sync 1 DAGs
[2022-02-03 23:34:04,669] {logging_mixin.py:109} INFO - [2022-02-03 23:34:04,669] {dag.py:2935} INFO - Setting next_dagrun for latest_only to 2022-02-03T19:34:04.668325+00:00
[2022-02-03 23:34:04,697] {processor.py:171} INFO - Processing /home/airflow/.local/lib/python3.7/site-packages/airflow/example_dags/example_latest_only.py took 0.127 seconds
[2022-02-03 23:34:35,195] {processor.py:163} INFO - Started process (PID=489) to work on /home/airflow/.local/lib/python3.7/site-packages/airflow/example_dags/example_latest_only.py
[2022-02-03 23:34:35,198] {processor.py:642} INFO - Processing file /home/airflow/.local/lib/python3.7/site-packages/airflow/example_dags/example_latest_only.py for tasks to queue
[2022-02-03 23:34:35,200] {logging_mixin.py:109} INFO - [2022-02-03 23:34:35,199] {dagbag.py:500} INFO - Filling up the DagBag from /home/airflow/.local/lib/python3.7/site-packages/airflow/example_dags/example_latest_only.py
[2022-02-03 23:34:35,245] {processor.py:654} INFO - DAG(s) dict_keys(['latest_only']) retrieved from /home/airflow/.local/lib/python3.7/site-packages/airflow/example_dags/example_latest_only.py
[2022-02-03 23:34:35,257] {logging_mixin.py:109} INFO - [2022-02-03 23:34:35,257] {dag.py:2396} INFO - Sync 1 DAGs
[2022-02-03 23:34:35,280] {logging_mixin.py:109} INFO - [2022-02-03 23:34:35,280] {dag.py:2935} INFO - Setting next_dagrun for latest_only to 2022-02-03T19:34:35.280262+00:00
[2022-02-03 23:34:35,293] {processor.py:171} INFO - Processing /home/airflow/.local/lib/python3.7/site-packages/airflow/example_dags/example_latest_only.py took 0.103 seconds
[2022-02-03 23:35:06,224] {processor.py:163} INFO - Started process (PID=555) to work on /home/airflow/.local/lib/python3.7/site-packages/airflow/example_dags/example_latest_only.py
[2022-02-03 23:35:06,227] {processor.py:642} INFO - Processing file /home/airflow/.local/lib/python3.7/site-packages/airflow/example_dags/example_latest_only.py for tasks to queue
[2022-02-03 23:35:06,229] {logging_mixin.py:109} INFO - [2022-02-03 23:35:06,229] {dagbag.py:500} INFO - Filling up the DagBag from /home/airflow/.local/lib/python3.7/site-packages/airflow/example_dags/example_latest_only.py
[2022-02-03 23:35:06,268] {processor.py:654} INFO - DAG(s) dict_keys(['latest_only']) retrieved from /home/airflow/.local/lib/python3.7/site-packages/airflow/example_dags/example_latest_only.py
[2022-02-03 23:35:06,286] {logging_mixin.py:109} INFO - [2022-02-03 23:35:06,286] {dag.py:2396} INFO - Sync 1 DAGs
[2022-02-03 23:35:06,309] {logging_mixin.py:109} INFO - [2022-02-03 23:35:06,309] {dag.py:2935} INFO - Setting next_dagrun for latest_only to 2022-02-03T19:35:06.309233+00:00
[2022-02-03 23:35:06,353] {processor.py:171} INFO - Processing /home/airflow/.local/lib/python3.7/site-packages/airflow/example_dags/example_latest_only.py took 0.133 seconds
[2022-02-03 23:35:36,490] {processor.py:163} INFO - Started process (PID=607) to work on /home/airflow/.local/lib/python3.7/site-packages/airflow/example_dags/example_latest_only.py
[2022-02-03 23:35:36,494] {processor.py:642} INFO - Processing file /home/airflow/.local/lib/python3.7/site-packages/airflow/example_dags/example_latest_only.py for tasks to queue
[2022-02-03 23:35:36,497] {logging_mixin.py:109} INFO - [2022-02-03 23:35:36,497] {dagbag.py:500} INFO - Filling up the DagBag from /home/airflow/.local/lib/python3.7/site-packages/airflow/example_dags/example_latest_only.py
[2022-02-03 23:35:36,537] {processor.py:654} INFO - DAG(s) dict_keys(['latest_only']) retrieved from /home/airflow/.local/lib/python3.7/site-packages/airflow/example_dags/example_latest_only.py
[2022-02-03 23:35:36,549] {logging_mixin.py:109} INFO - [2022-02-03 23:35:36,549] {dag.py:2396} INFO - Sync 1 DAGs
[2022-02-03 23:35:36,573] {logging_mixin.py:109} INFO - [2022-02-03 23:35:36,572] {dag.py:2935} INFO - Setting next_dagrun for latest_only to 2022-02-03T19:35:36.572252+00:00
[2022-02-03 23:35:36,587] {processor.py:171} INFO - Processing /home/airflow/.local/lib/python3.7/site-packages/airflow/example_dags/example_latest_only.py took 0.105 seconds
[2022-02-03 23:36:06,995] {processor.py:163} INFO - Started process (PID=665) to work on /home/airflow/.local/lib/python3.7/site-packages/airflow/example_dags/example_latest_only.py
[2022-02-03 23:36:07,002] {processor.py:642} INFO - Processing file /home/airflow/.local/lib/python3.7/site-packages/airflow/example_dags/example_latest_only.py for tasks to queue
[2022-02-03 23:36:07,007] {logging_mixin.py:109} INFO - [2022-02-03 23:36:07,007] {dagbag.py:500} INFO - Filling up the DagBag from /home/airflow/.local/lib/python3.7/site-packages/airflow/example_dags/example_latest_only.py
[2022-02-03 23:36:07,069] {processor.py:654} INFO - DAG(s) dict_keys(['latest_only']) retrieved from /home/airflow/.local/lib/python3.7/site-packages/airflow/example_dags/example_latest_only.py
[2022-02-03 23:36:07,106] {logging_mixin.py:109} INFO - [2022-02-03 23:36:07,105] {dag.py:2396} INFO - Sync 1 DAGs
[2022-02-03 23:36:07,168] {logging_mixin.py:109} INFO - [2022-02-03 23:36:07,167] {dag.py:2935} INFO - Setting next_dagrun for latest_only to 2022-02-03T19:36:07.166405+00:00
[2022-02-03 23:36:07,195] {processor.py:171} INFO - Processing /home/airflow/.local/lib/python3.7/site-packages/airflow/example_dags/example_latest_only.py took 0.207 seconds
[2022-02-03 23:36:37,857] {processor.py:163} INFO - Started process (PID=718) to work on /home/airflow/.local/lib/python3.7/site-packages/airflow/example_dags/example_latest_only.py
[2022-02-03 23:36:37,860] {processor.py:642} INFO - Processing file /home/airflow/.local/lib/python3.7/site-packages/airflow/example_dags/example_latest_only.py for tasks to queue
[2022-02-03 23:36:37,862] {logging_mixin.py:109} INFO - [2022-02-03 23:36:37,861] {dagbag.py:500} INFO - Filling up the DagBag from /home/airflow/.local/lib/python3.7/site-packages/airflow/example_dags/example_latest_only.py
[2022-02-03 23:36:37,899] {processor.py:654} INFO - DAG(s) dict_keys(['latest_only']) retrieved from /home/airflow/.local/lib/python3.7/site-packages/airflow/example_dags/example_latest_only.py
[2022-02-03 23:36:37,909] {logging_mixin.py:109} INFO - [2022-02-03 23:36:37,909] {dag.py:2396} INFO - Sync 1 DAGs
[2022-02-03 23:36:37,928] {logging_mixin.py:109} INFO - [2022-02-03 23:36:37,928] {dag.py:2935} INFO - Setting next_dagrun for latest_only to 2022-02-03T19:36:37.927708+00:00
[2022-02-03 23:36:37,966] {processor.py:171} INFO - Processing /home/airflow/.local/lib/python3.7/site-packages/airflow/example_dags/example_latest_only.py took 0.113 seconds
[2022-02-03 23:37:08,211] {processor.py:163} INFO - Started process (PID=780) to work on /home/airflow/.local/lib/python3.7/site-packages/airflow/example_dags/example_latest_only.py
[2022-02-03 23:37:08,227] {processor.py:642} INFO - Processing file /home/airflow/.local/lib/python3.7/site-packages/airflow/example_dags/example_latest_only.py for tasks to queue
[2022-02-03 23:37:08,232] {logging_mixin.py:109} INFO - [2022-02-03 23:37:08,232] {dagbag.py:500} INFO - Filling up the DagBag from /home/airflow/.local/lib/python3.7/site-packages/airflow/example_dags/example_latest_only.py
[2022-02-03 23:37:08,328] {processor.py:654} INFO - DAG(s) dict_keys(['latest_only']) retrieved from /home/airflow/.local/lib/python3.7/site-packages/airflow/example_dags/example_latest_only.py
[2022-02-03 23:37:08,373] {logging_mixin.py:109} INFO - [2022-02-03 23:37:08,372] {dag.py:2396} INFO - Sync 1 DAGs
[2022-02-03 23:37:08,420] {logging_mixin.py:109} INFO - [2022-02-03 23:37:08,420] {dag.py:2935} INFO - Setting next_dagrun for latest_only to 2022-02-03T19:37:08.419815+00:00
[2022-02-03 23:37:08,444] {processor.py:171} INFO - Processing /home/airflow/.local/lib/python3.7/site-packages/airflow/example_dags/example_latest_only.py took 0.237 seconds
[2022-02-03 23:37:38,823] {processor.py:163} INFO - Started process (PID=835) to work on /home/airflow/.local/lib/python3.7/site-packages/airflow/example_dags/example_latest_only.py
[2022-02-03 23:37:38,826] {processor.py:642} INFO - Processing file /home/airflow/.local/lib/python3.7/site-packages/airflow/example_dags/example_latest_only.py for tasks to queue
[2022-02-03 23:37:38,829] {logging_mixin.py:109} INFO - [2022-02-03 23:37:38,828] {dagbag.py:500} INFO - Filling up the DagBag from /home/airflow/.local/lib/python3.7/site-packages/airflow/example_dags/example_latest_only.py
[2022-02-03 23:37:38,882] {processor.py:654} INFO - DAG(s) dict_keys(['latest_only']) retrieved from /home/airflow/.local/lib/python3.7/site-packages/airflow/example_dags/example_latest_only.py
[2022-02-03 23:37:38,898] {logging_mixin.py:109} INFO - [2022-02-03 23:37:38,898] {dag.py:2396} INFO - Sync 1 DAGs
[2022-02-03 23:37:38,921] {logging_mixin.py:109} INFO - [2022-02-03 23:37:38,921] {dag.py:2935} INFO - Setting next_dagrun for latest_only to 2022-02-03T19:37:38.921231+00:00
[2022-02-03 23:37:38,933] {processor.py:171} INFO - Processing /home/airflow/.local/lib/python3.7/site-packages/airflow/example_dags/example_latest_only.py took 0.118 seconds
[2022-02-03 23:38:09,331] {processor.py:163} INFO - Started process (PID=887) to work on /home/airflow/.local/lib/python3.7/site-packages/airflow/example_dags/example_latest_only.py
[2022-02-03 23:38:09,333] {processor.py:642} INFO - Processing file /home/airflow/.local/lib/python3.7/site-packages/airflow/example_dags/example_latest_only.py for tasks to queue
[2022-02-03 23:38:09,334] {logging_mixin.py:109} INFO - [2022-02-03 23:38:09,334] {dagbag.py:500} INFO - Filling up the DagBag from /home/airflow/.local/lib/python3.7/site-packages/airflow/example_dags/example_latest_only.py
[2022-02-03 23:38:09,373] {processor.py:654} INFO - DAG(s) dict_keys(['latest_only']) retrieved from /home/airflow/.local/lib/python3.7/site-packages/airflow/example_dags/example_latest_only.py
[2022-02-03 23:38:09,386] {logging_mixin.py:109} INFO - [2022-02-03 23:38:09,386] {dag.py:2396} INFO - Sync 1 DAGs
[2022-02-03 23:38:09,432] {logging_mixin.py:109} INFO - [2022-02-03 23:38:09,432] {dag.py:2935} INFO - Setting next_dagrun for latest_only to 2022-02-03T19:38:09.432486+00:00
[2022-02-03 23:38:09,472] {processor.py:171} INFO - Processing /home/airflow/.local/lib/python3.7/site-packages/airflow/example_dags/example_latest_only.py took 0.146 seconds
[2022-02-03 23:38:40,051] {processor.py:163} INFO - Started process (PID=951) to work on /home/airflow/.local/lib/python3.7/site-packages/airflow/example_dags/example_latest_only.py
[2022-02-03 23:38:40,058] {processor.py:642} INFO - Processing file /home/airflow/.local/lib/python3.7/site-packages/airflow/example_dags/example_latest_only.py for tasks to queue
[2022-02-03 23:38:40,065] {logging_mixin.py:109} INFO - [2022-02-03 23:38:40,065] {dagbag.py:500} INFO - Filling up the DagBag from /home/airflow/.local/lib/python3.7/site-packages/airflow/example_dags/example_latest_only.py
[2022-02-03 23:38:40,107] {processor.py:654} INFO - DAG(s) dict_keys(['latest_only']) retrieved from /home/airflow/.local/lib/python3.7/site-packages/airflow/example_dags/example_latest_only.py
[2022-02-03 23:38:40,120] {logging_mixin.py:109} INFO - [2022-02-03 23:38:40,119] {dag.py:2396} INFO - Sync 1 DAGs
[2022-02-03 23:38:40,138] {logging_mixin.py:109} INFO - [2022-02-03 23:38:40,138] {dag.py:2935} INFO - Setting next_dagrun for latest_only to 2022-02-03T19:38:40.138155+00:00
[2022-02-03 23:38:40,150] {processor.py:171} INFO - Processing /home/airflow/.local/lib/python3.7/site-packages/airflow/example_dags/example_latest_only.py took 0.119 seconds
[2022-02-03 23:39:10,370] {processor.py:163} INFO - Started process (PID=1006) to work on /home/airflow/.local/lib/python3.7/site-packages/airflow/example_dags/example_latest_only.py
[2022-02-03 23:39:10,373] {processor.py:642} INFO - Processing file /home/airflow/.local/lib/python3.7/site-packages/airflow/example_dags/example_latest_only.py for tasks to queue
[2022-02-03 23:39:10,376] {logging_mixin.py:109} INFO - [2022-02-03 23:39:10,376] {dagbag.py:500} INFO - Filling up the DagBag from /home/airflow/.local/lib/python3.7/site-packages/airflow/example_dags/example_latest_only.py
[2022-02-03 23:39:10,433] {processor.py:654} INFO - DAG(s) dict_keys(['latest_only']) retrieved from /home/airflow/.local/lib/python3.7/site-packages/airflow/example_dags/example_latest_only.py
[2022-02-03 23:39:10,448] {logging_mixin.py:109} INFO - [2022-02-03 23:39:10,448] {dag.py:2396} INFO - Sync 1 DAGs
[2022-02-03 23:39:10,508] {logging_mixin.py:109} INFO - [2022-02-03 23:39:10,508] {dag.py:2935} INFO - Setting next_dagrun for latest_only to 2022-02-03T19:39:10.507892+00:00
[2022-02-03 23:39:10,540] {processor.py:171} INFO - Processing /home/airflow/.local/lib/python3.7/site-packages/airflow/example_dags/example_latest_only.py took 0.178 seconds
[2022-02-03 23:39:40,816] {processor.py:163} INFO - Started process (PID=1058) to work on /home/airflow/.local/lib/python3.7/site-packages/airflow/example_dags/example_latest_only.py
[2022-02-03 23:39:40,818] {processor.py:642} INFO - Processing file /home/airflow/.local/lib/python3.7/site-packages/airflow/example_dags/example_latest_only.py for tasks to queue
[2022-02-03 23:39:40,820] {logging_mixin.py:109} INFO - [2022-02-03 23:39:40,820] {dagbag.py:500} INFO - Filling up the DagBag from /home/airflow/.local/lib/python3.7/site-packages/airflow/example_dags/example_latest_only.py
[2022-02-03 23:39:40,855] {processor.py:654} INFO - DAG(s) dict_keys(['latest_only']) retrieved from /home/airflow/.local/lib/python3.7/site-packages/airflow/example_dags/example_latest_only.py
[2022-02-03 23:39:40,867] {logging_mixin.py:109} INFO - [2022-02-03 23:39:40,867] {dag.py:2396} INFO - Sync 1 DAGs
[2022-02-03 23:39:40,891] {logging_mixin.py:109} INFO - [2022-02-03 23:39:40,891] {dag.py:2935} INFO - Setting next_dagrun for latest_only to 2022-02-03T19:39:40.890852+00:00
[2022-02-03 23:39:40,906] {processor.py:171} INFO - Processing /home/airflow/.local/lib/python3.7/site-packages/airflow/example_dags/example_latest_only.py took 0.094 seconds
[2022-02-03 23:40:11,529] {processor.py:163} INFO - Started process (PID=1123) to work on /home/airflow/.local/lib/python3.7/site-packages/airflow/example_dags/example_latest_only.py
[2022-02-03 23:40:11,532] {processor.py:642} INFO - Processing file /home/airflow/.local/lib/python3.7/site-packages/airflow/example_dags/example_latest_only.py for tasks to queue
[2022-02-03 23:40:11,537] {logging_mixin.py:109} INFO - [2022-02-03 23:40:11,536] {dagbag.py:500} INFO - Filling up the DagBag from /home/airflow/.local/lib/python3.7/site-packages/airflow/example_dags/example_latest_only.py
[2022-02-03 23:40:11,634] {processor.py:654} INFO - DAG(s) dict_keys(['latest_only']) retrieved from /home/airflow/.local/lib/python3.7/site-packages/airflow/example_dags/example_latest_only.py
[2022-02-03 23:40:11,659] {logging_mixin.py:109} INFO - [2022-02-03 23:40:11,659] {dag.py:2396} INFO - Sync 1 DAGs
[2022-02-03 23:40:11,685] {logging_mixin.py:109} INFO - [2022-02-03 23:40:11,685] {dag.py:2935} INFO - Setting next_dagrun for latest_only to 2022-02-03T19:40:11.684783+00:00
[2022-02-03 23:40:11,714] {processor.py:171} INFO - Processing /home/airflow/.local/lib/python3.7/site-packages/airflow/example_dags/example_latest_only.py took 0.193 seconds
[2022-02-03 23:40:42,306] {processor.py:163} INFO - Started process (PID=1175) to work on /home/airflow/.local/lib/python3.7/site-packages/airflow/example_dags/example_latest_only.py
[2022-02-03 23:40:42,310] {processor.py:642} INFO - Processing file /home/airflow/.local/lib/python3.7/site-packages/airflow/example_dags/example_latest_only.py for tasks to queue
[2022-02-03 23:40:42,312] {logging_mixin.py:109} INFO - [2022-02-03 23:40:42,312] {dagbag.py:500} INFO - Filling up the DagBag from /home/airflow/.local/lib/python3.7/site-packages/airflow/example_dags/example_latest_only.py
[2022-02-03 23:40:42,366] {processor.py:654} INFO - DAG(s) dict_keys(['latest_only']) retrieved from /home/airflow/.local/lib/python3.7/site-packages/airflow/example_dags/example_latest_only.py
[2022-02-03 23:40:42,379] {logging_mixin.py:109} INFO - [2022-02-03 23:40:42,379] {dag.py:2396} INFO - Sync 1 DAGs
[2022-02-03 23:40:42,404] {logging_mixin.py:109} INFO - [2022-02-03 23:40:42,404] {dag.py:2935} INFO - Setting next_dagrun for latest_only to 2022-02-03T19:40:42.403994+00:00
[2022-02-03 23:40:42,419] {processor.py:171} INFO - Processing /home/airflow/.local/lib/python3.7/site-packages/airflow/example_dags/example_latest_only.py took 0.127 seconds
