[2022-02-03 23:02:29,440] {processor.py:163} INFO - Started process (PID=188) to work on /home/airflow/.local/lib/python3.7/site-packages/airflow/example_dags/example_complex.py
[2022-02-03 23:02:29,443] {processor.py:642} INFO - Processing file /home/airflow/.local/lib/python3.7/site-packages/airflow/example_dags/example_complex.py for tasks to queue
[2022-02-03 23:02:29,447] {logging_mixin.py:109} INFO - [2022-02-03 23:02:29,447] {dagbag.py:500} INFO - Filling up the DagBag from /home/airflow/.local/lib/python3.7/site-packages/airflow/example_dags/example_complex.py
[2022-02-03 23:02:29,510] {processor.py:654} INFO - DAG(s) dict_keys(['example_complex']) retrieved from /home/airflow/.local/lib/python3.7/site-packages/airflow/example_dags/example_complex.py
[2022-02-03 23:02:31,568] {logging_mixin.py:109} INFO - [2022-02-03 23:02:31,568] {manager.py:496} INFO - Created Permission View: can read on DAG:example_complex
[2022-02-03 23:02:31,577] {logging_mixin.py:109} INFO - [2022-02-03 23:02:31,577] {manager.py:496} INFO - Created Permission View: can edit on DAG:example_complex
[2022-02-03 23:02:31,578] {logging_mixin.py:109} INFO - [2022-02-03 23:02:31,578] {dag.py:2396} INFO - Sync 1 DAGs
[2022-02-03 23:02:31,586] {logging_mixin.py:109} INFO - [2022-02-03 23:02:31,586] {dag.py:2415} INFO - Creating ORM DAG for example_complex
[2022-02-03 23:02:31,595] {logging_mixin.py:109} INFO - [2022-02-03 23:02:31,595] {dag.py:2935} INFO - Setting next_dagrun for example_complex to None
[2022-02-03 23:02:31,610] {processor.py:171} INFO - Processing /home/airflow/.local/lib/python3.7/site-packages/airflow/example_dags/example_complex.py took 2.179 seconds
[2022-02-03 23:03:02,156] {processor.py:163} INFO - Started process (PID=268) to work on /home/airflow/.local/lib/python3.7/site-packages/airflow/example_dags/example_complex.py
[2022-02-03 23:03:02,158] {processor.py:642} INFO - Processing file /home/airflow/.local/lib/python3.7/site-packages/airflow/example_dags/example_complex.py for tasks to queue
[2022-02-03 23:03:02,160] {logging_mixin.py:109} INFO - [2022-02-03 23:03:02,160] {dagbag.py:500} INFO - Filling up the DagBag from /home/airflow/.local/lib/python3.7/site-packages/airflow/example_dags/example_complex.py
[2022-02-03 23:03:02,208] {processor.py:654} INFO - DAG(s) dict_keys(['example_complex']) retrieved from /home/airflow/.local/lib/python3.7/site-packages/airflow/example_dags/example_complex.py
[2022-02-03 23:03:02,226] {logging_mixin.py:109} INFO - [2022-02-03 23:03:02,226] {dag.py:2396} INFO - Sync 1 DAGs
[2022-02-03 23:03:02,250] {logging_mixin.py:109} INFO - [2022-02-03 23:03:02,250] {dag.py:2935} INFO - Setting next_dagrun for example_complex to None
[2022-02-03 23:03:02,264] {processor.py:171} INFO - Processing /home/airflow/.local/lib/python3.7/site-packages/airflow/example_dags/example_complex.py took 0.117 seconds
[2022-02-03 23:03:32,608] {processor.py:163} INFO - Started process (PID=322) to work on /home/airflow/.local/lib/python3.7/site-packages/airflow/example_dags/example_complex.py
[2022-02-03 23:03:32,611] {processor.py:642} INFO - Processing file /home/airflow/.local/lib/python3.7/site-packages/airflow/example_dags/example_complex.py for tasks to queue
[2022-02-03 23:03:32,613] {logging_mixin.py:109} INFO - [2022-02-03 23:03:32,612] {dagbag.py:500} INFO - Filling up the DagBag from /home/airflow/.local/lib/python3.7/site-packages/airflow/example_dags/example_complex.py
[2022-02-03 23:03:32,659] {processor.py:654} INFO - DAG(s) dict_keys(['example_complex']) retrieved from /home/airflow/.local/lib/python3.7/site-packages/airflow/example_dags/example_complex.py
[2022-02-03 23:03:32,678] {logging_mixin.py:109} INFO - [2022-02-03 23:03:32,677] {dag.py:2396} INFO - Sync 1 DAGs
[2022-02-03 23:03:32,695] {logging_mixin.py:109} INFO - [2022-02-03 23:03:32,695] {dag.py:2935} INFO - Setting next_dagrun for example_complex to None
[2022-02-03 23:03:32,707] {processor.py:171} INFO - Processing /home/airflow/.local/lib/python3.7/site-packages/airflow/example_dags/example_complex.py took 0.103 seconds
[2022-02-03 23:04:02,952] {processor.py:163} INFO - Started process (PID=386) to work on /home/airflow/.local/lib/python3.7/site-packages/airflow/example_dags/example_complex.py
[2022-02-03 23:04:02,955] {processor.py:642} INFO - Processing file /home/airflow/.local/lib/python3.7/site-packages/airflow/example_dags/example_complex.py for tasks to queue
[2022-02-03 23:04:02,956] {logging_mixin.py:109} INFO - [2022-02-03 23:04:02,956] {dagbag.py:500} INFO - Filling up the DagBag from /home/airflow/.local/lib/python3.7/site-packages/airflow/example_dags/example_complex.py
[2022-02-03 23:04:02,995] {processor.py:654} INFO - DAG(s) dict_keys(['example_complex']) retrieved from /home/airflow/.local/lib/python3.7/site-packages/airflow/example_dags/example_complex.py
[2022-02-03 23:04:03,013] {logging_mixin.py:109} INFO - [2022-02-03 23:04:03,013] {dag.py:2396} INFO - Sync 1 DAGs
[2022-02-03 23:04:03,029] {logging_mixin.py:109} INFO - [2022-02-03 23:04:03,029] {dag.py:2935} INFO - Setting next_dagrun for example_complex to None
[2022-02-03 23:04:03,040] {processor.py:171} INFO - Processing /home/airflow/.local/lib/python3.7/site-packages/airflow/example_dags/example_complex.py took 0.091 seconds
[2022-02-03 23:04:33,133] {processor.py:163} INFO - Started process (PID=445) to work on /home/airflow/.local/lib/python3.7/site-packages/airflow/example_dags/example_complex.py
[2022-02-03 23:04:33,135] {processor.py:642} INFO - Processing file /home/airflow/.local/lib/python3.7/site-packages/airflow/example_dags/example_complex.py for tasks to queue
[2022-02-03 23:04:33,137] {logging_mixin.py:109} INFO - [2022-02-03 23:04:33,137] {dagbag.py:500} INFO - Filling up the DagBag from /home/airflow/.local/lib/python3.7/site-packages/airflow/example_dags/example_complex.py
[2022-02-03 23:04:33,178] {processor.py:654} INFO - DAG(s) dict_keys(['example_complex']) retrieved from /home/airflow/.local/lib/python3.7/site-packages/airflow/example_dags/example_complex.py
[2022-02-03 23:04:33,199] {logging_mixin.py:109} INFO - [2022-02-03 23:04:33,199] {dag.py:2396} INFO - Sync 1 DAGs
[2022-02-03 23:04:33,216] {logging_mixin.py:109} INFO - [2022-02-03 23:04:33,216] {dag.py:2935} INFO - Setting next_dagrun for example_complex to None
[2022-02-03 23:04:33,227] {processor.py:171} INFO - Processing /home/airflow/.local/lib/python3.7/site-packages/airflow/example_dags/example_complex.py took 0.098 seconds
[2022-02-03 23:05:04,001] {processor.py:163} INFO - Started process (PID=497) to work on /home/airflow/.local/lib/python3.7/site-packages/airflow/example_dags/example_complex.py
[2022-02-03 23:05:04,008] {processor.py:642} INFO - Processing file /home/airflow/.local/lib/python3.7/site-packages/airflow/example_dags/example_complex.py for tasks to queue
[2022-02-03 23:05:04,014] {logging_mixin.py:109} INFO - [2022-02-03 23:05:04,014] {dagbag.py:500} INFO - Filling up the DagBag from /home/airflow/.local/lib/python3.7/site-packages/airflow/example_dags/example_complex.py
[2022-02-03 23:05:04,056] {processor.py:654} INFO - DAG(s) dict_keys(['example_complex']) retrieved from /home/airflow/.local/lib/python3.7/site-packages/airflow/example_dags/example_complex.py
[2022-02-03 23:05:04,075] {logging_mixin.py:109} INFO - [2022-02-03 23:05:04,075] {dag.py:2396} INFO - Sync 1 DAGs
[2022-02-03 23:05:04,091] {logging_mixin.py:109} INFO - [2022-02-03 23:05:04,091] {dag.py:2935} INFO - Setting next_dagrun for example_complex to None
[2022-02-03 23:05:04,102] {processor.py:171} INFO - Processing /home/airflow/.local/lib/python3.7/site-packages/airflow/example_dags/example_complex.py took 0.108 seconds
[2022-02-03 23:05:34,458] {processor.py:163} INFO - Started process (PID=560) to work on /home/airflow/.local/lib/python3.7/site-packages/airflow/example_dags/example_complex.py
[2022-02-03 23:05:34,481] {processor.py:642} INFO - Processing file /home/airflow/.local/lib/python3.7/site-packages/airflow/example_dags/example_complex.py for tasks to queue
[2022-02-03 23:05:34,483] {logging_mixin.py:109} INFO - [2022-02-03 23:05:34,483] {dagbag.py:500} INFO - Filling up the DagBag from /home/airflow/.local/lib/python3.7/site-packages/airflow/example_dags/example_complex.py
[2022-02-03 23:05:34,526] {processor.py:654} INFO - DAG(s) dict_keys(['example_complex']) retrieved from /home/airflow/.local/lib/python3.7/site-packages/airflow/example_dags/example_complex.py
[2022-02-03 23:05:34,548] {logging_mixin.py:109} INFO - [2022-02-03 23:05:34,548] {dag.py:2396} INFO - Sync 1 DAGs
[2022-02-03 23:05:34,570] {logging_mixin.py:109} INFO - [2022-02-03 23:05:34,570] {dag.py:2935} INFO - Setting next_dagrun for example_complex to None
[2022-02-03 23:05:34,585] {processor.py:171} INFO - Processing /home/airflow/.local/lib/python3.7/site-packages/airflow/example_dags/example_complex.py took 0.132 seconds
[2022-02-03 23:06:05,491] {processor.py:163} INFO - Started process (PID=619) to work on /home/airflow/.local/lib/python3.7/site-packages/airflow/example_dags/example_complex.py
[2022-02-03 23:06:05,493] {processor.py:642} INFO - Processing file /home/airflow/.local/lib/python3.7/site-packages/airflow/example_dags/example_complex.py for tasks to queue
[2022-02-03 23:06:05,495] {logging_mixin.py:109} INFO - [2022-02-03 23:06:05,495] {dagbag.py:500} INFO - Filling up the DagBag from /home/airflow/.local/lib/python3.7/site-packages/airflow/example_dags/example_complex.py
[2022-02-03 23:06:05,569] {processor.py:654} INFO - DAG(s) dict_keys(['example_complex']) retrieved from /home/airflow/.local/lib/python3.7/site-packages/airflow/example_dags/example_complex.py
[2022-02-03 23:06:05,593] {logging_mixin.py:109} INFO - [2022-02-03 23:06:05,592] {dag.py:2396} INFO - Sync 1 DAGs
[2022-02-03 23:06:05,618] {logging_mixin.py:109} INFO - [2022-02-03 23:06:05,618] {dag.py:2935} INFO - Setting next_dagrun for example_complex to None
[2022-02-03 23:06:05,631] {processor.py:171} INFO - Processing /home/airflow/.local/lib/python3.7/site-packages/airflow/example_dags/example_complex.py took 0.144 seconds
[2022-02-03 23:06:36,471] {processor.py:163} INFO - Started process (PID=684) to work on /home/airflow/.local/lib/python3.7/site-packages/airflow/example_dags/example_complex.py
[2022-02-03 23:06:36,473] {processor.py:642} INFO - Processing file /home/airflow/.local/lib/python3.7/site-packages/airflow/example_dags/example_complex.py for tasks to queue
[2022-02-03 23:06:36,475] {logging_mixin.py:109} INFO - [2022-02-03 23:06:36,474] {dagbag.py:500} INFO - Filling up the DagBag from /home/airflow/.local/lib/python3.7/site-packages/airflow/example_dags/example_complex.py
[2022-02-03 23:06:36,520] {processor.py:654} INFO - DAG(s) dict_keys(['example_complex']) retrieved from /home/airflow/.local/lib/python3.7/site-packages/airflow/example_dags/example_complex.py
[2022-02-03 23:06:36,540] {logging_mixin.py:109} INFO - [2022-02-03 23:06:36,540] {dag.py:2396} INFO - Sync 1 DAGs
[2022-02-03 23:06:36,573] {logging_mixin.py:109} INFO - [2022-02-03 23:06:36,573] {dag.py:2935} INFO - Setting next_dagrun for example_complex to None
[2022-02-03 23:06:36,617] {processor.py:171} INFO - Processing /home/airflow/.local/lib/python3.7/site-packages/airflow/example_dags/example_complex.py took 0.162 seconds
[2022-02-03 23:07:07,152] {processor.py:163} INFO - Started process (PID=738) to work on /home/airflow/.local/lib/python3.7/site-packages/airflow/example_dags/example_complex.py
[2022-02-03 23:07:07,154] {processor.py:642} INFO - Processing file /home/airflow/.local/lib/python3.7/site-packages/airflow/example_dags/example_complex.py for tasks to queue
[2022-02-03 23:07:07,155] {logging_mixin.py:109} INFO - [2022-02-03 23:07:07,155] {dagbag.py:500} INFO - Filling up the DagBag from /home/airflow/.local/lib/python3.7/site-packages/airflow/example_dags/example_complex.py
[2022-02-03 23:07:07,205] {processor.py:654} INFO - DAG(s) dict_keys(['example_complex']) retrieved from /home/airflow/.local/lib/python3.7/site-packages/airflow/example_dags/example_complex.py
[2022-02-03 23:07:07,228] {logging_mixin.py:109} INFO - [2022-02-03 23:07:07,228] {dag.py:2396} INFO - Sync 1 DAGs
[2022-02-03 23:07:07,248] {logging_mixin.py:109} INFO - [2022-02-03 23:07:07,248] {dag.py:2935} INFO - Setting next_dagrun for example_complex to None
[2022-02-03 23:07:07,261] {processor.py:171} INFO - Processing /home/airflow/.local/lib/python3.7/site-packages/airflow/example_dags/example_complex.py took 0.114 seconds
[2022-02-03 23:07:38,191] {processor.py:163} INFO - Started process (PID=789) to work on /home/airflow/.local/lib/python3.7/site-packages/airflow/example_dags/example_complex.py
[2022-02-03 23:07:38,193] {processor.py:642} INFO - Processing file /home/airflow/.local/lib/python3.7/site-packages/airflow/example_dags/example_complex.py for tasks to queue
[2022-02-03 23:07:38,195] {logging_mixin.py:109} INFO - [2022-02-03 23:07:38,194] {dagbag.py:500} INFO - Filling up the DagBag from /home/airflow/.local/lib/python3.7/site-packages/airflow/example_dags/example_complex.py
[2022-02-03 23:07:38,238] {processor.py:654} INFO - DAG(s) dict_keys(['example_complex']) retrieved from /home/airflow/.local/lib/python3.7/site-packages/airflow/example_dags/example_complex.py
[2022-02-03 23:07:38,258] {logging_mixin.py:109} INFO - [2022-02-03 23:07:38,258] {dag.py:2396} INFO - Sync 1 DAGs
[2022-02-03 23:07:38,285] {logging_mixin.py:109} INFO - [2022-02-03 23:07:38,285] {dag.py:2935} INFO - Setting next_dagrun for example_complex to None
[2022-02-03 23:07:38,297] {processor.py:171} INFO - Processing /home/airflow/.local/lib/python3.7/site-packages/airflow/example_dags/example_complex.py took 0.111 seconds
[2022-02-03 23:08:08,716] {processor.py:163} INFO - Started process (PID=857) to work on /home/airflow/.local/lib/python3.7/site-packages/airflow/example_dags/example_complex.py
[2022-02-03 23:08:08,719] {processor.py:642} INFO - Processing file /home/airflow/.local/lib/python3.7/site-packages/airflow/example_dags/example_complex.py for tasks to queue
[2022-02-03 23:08:08,722] {logging_mixin.py:109} INFO - [2022-02-03 23:08:08,721] {dagbag.py:500} INFO - Filling up the DagBag from /home/airflow/.local/lib/python3.7/site-packages/airflow/example_dags/example_complex.py
[2022-02-03 23:08:08,785] {processor.py:654} INFO - DAG(s) dict_keys(['example_complex']) retrieved from /home/airflow/.local/lib/python3.7/site-packages/airflow/example_dags/example_complex.py
[2022-02-03 23:08:08,819] {logging_mixin.py:109} INFO - [2022-02-03 23:08:08,818] {dag.py:2396} INFO - Sync 1 DAGs
[2022-02-03 23:08:08,856] {logging_mixin.py:109} INFO - [2022-02-03 23:08:08,856] {dag.py:2935} INFO - Setting next_dagrun for example_complex to None
[2022-02-03 23:08:08,870] {processor.py:171} INFO - Processing /home/airflow/.local/lib/python3.7/site-packages/airflow/example_dags/example_complex.py took 0.160 seconds
[2022-02-03 23:08:38,982] {processor.py:163} INFO - Started process (PID=914) to work on /home/airflow/.local/lib/python3.7/site-packages/airflow/example_dags/example_complex.py
[2022-02-03 23:08:38,985] {processor.py:642} INFO - Processing file /home/airflow/.local/lib/python3.7/site-packages/airflow/example_dags/example_complex.py for tasks to queue
[2022-02-03 23:08:38,987] {logging_mixin.py:109} INFO - [2022-02-03 23:08:38,986] {dagbag.py:500} INFO - Filling up the DagBag from /home/airflow/.local/lib/python3.7/site-packages/airflow/example_dags/example_complex.py
[2022-02-03 23:08:39,026] {processor.py:654} INFO - DAG(s) dict_keys(['example_complex']) retrieved from /home/airflow/.local/lib/python3.7/site-packages/airflow/example_dags/example_complex.py
[2022-02-03 23:08:39,044] {logging_mixin.py:109} INFO - [2022-02-03 23:08:39,044] {dag.py:2396} INFO - Sync 1 DAGs
[2022-02-03 23:08:39,062] {logging_mixin.py:109} INFO - [2022-02-03 23:08:39,062] {dag.py:2935} INFO - Setting next_dagrun for example_complex to None
[2022-02-03 23:08:39,074] {processor.py:171} INFO - Processing /home/airflow/.local/lib/python3.7/site-packages/airflow/example_dags/example_complex.py took 0.095 seconds
[2022-02-03 23:09:09,415] {processor.py:163} INFO - Started process (PID=971) to work on /home/airflow/.local/lib/python3.7/site-packages/airflow/example_dags/example_complex.py
[2022-02-03 23:09:09,418] {processor.py:642} INFO - Processing file /home/airflow/.local/lib/python3.7/site-packages/airflow/example_dags/example_complex.py for tasks to queue
[2022-02-03 23:09:09,420] {logging_mixin.py:109} INFO - [2022-02-03 23:09:09,420] {dagbag.py:500} INFO - Filling up the DagBag from /home/airflow/.local/lib/python3.7/site-packages/airflow/example_dags/example_complex.py
[2022-02-03 23:09:09,471] {processor.py:654} INFO - DAG(s) dict_keys(['example_complex']) retrieved from /home/airflow/.local/lib/python3.7/site-packages/airflow/example_dags/example_complex.py
[2022-02-03 23:09:09,503] {logging_mixin.py:109} INFO - [2022-02-03 23:09:09,503] {dag.py:2396} INFO - Sync 1 DAGs
[2022-02-03 23:09:09,569] {logging_mixin.py:109} INFO - [2022-02-03 23:09:09,569] {dag.py:2935} INFO - Setting next_dagrun for example_complex to None
[2022-02-03 23:09:09,612] {processor.py:171} INFO - Processing /home/airflow/.local/lib/python3.7/site-packages/airflow/example_dags/example_complex.py took 0.208 seconds
[2022-02-03 23:09:39,941] {processor.py:163} INFO - Started process (PID=1038) to work on /home/airflow/.local/lib/python3.7/site-packages/airflow/example_dags/example_complex.py
[2022-02-03 23:09:39,944] {processor.py:642} INFO - Processing file /home/airflow/.local/lib/python3.7/site-packages/airflow/example_dags/example_complex.py for tasks to queue
[2022-02-03 23:09:39,945] {logging_mixin.py:109} INFO - [2022-02-03 23:09:39,945] {dagbag.py:500} INFO - Filling up the DagBag from /home/airflow/.local/lib/python3.7/site-packages/airflow/example_dags/example_complex.py
[2022-02-03 23:09:39,984] {processor.py:654} INFO - DAG(s) dict_keys(['example_complex']) retrieved from /home/airflow/.local/lib/python3.7/site-packages/airflow/example_dags/example_complex.py
[2022-02-03 23:09:40,014] {logging_mixin.py:109} INFO - [2022-02-03 23:09:40,014] {dag.py:2396} INFO - Sync 1 DAGs
[2022-02-03 23:09:40,036] {logging_mixin.py:109} INFO - [2022-02-03 23:09:40,036] {dag.py:2935} INFO - Setting next_dagrun for example_complex to None
[2022-02-03 23:09:40,052] {processor.py:171} INFO - Processing /home/airflow/.local/lib/python3.7/site-packages/airflow/example_dags/example_complex.py took 0.114 seconds
[2022-02-03 23:10:10,303] {processor.py:163} INFO - Started process (PID=1094) to work on /home/airflow/.local/lib/python3.7/site-packages/airflow/example_dags/example_complex.py
[2022-02-03 23:10:10,306] {processor.py:642} INFO - Processing file /home/airflow/.local/lib/python3.7/site-packages/airflow/example_dags/example_complex.py for tasks to queue
[2022-02-03 23:10:10,309] {logging_mixin.py:109} INFO - [2022-02-03 23:10:10,309] {dagbag.py:500} INFO - Filling up the DagBag from /home/airflow/.local/lib/python3.7/site-packages/airflow/example_dags/example_complex.py
[2022-02-03 23:10:10,353] {processor.py:654} INFO - DAG(s) dict_keys(['example_complex']) retrieved from /home/airflow/.local/lib/python3.7/site-packages/airflow/example_dags/example_complex.py
[2022-02-03 23:10:10,379] {logging_mixin.py:109} INFO - [2022-02-03 23:10:10,379] {dag.py:2396} INFO - Sync 1 DAGs
[2022-02-03 23:10:10,395] {logging_mixin.py:109} INFO - [2022-02-03 23:10:10,395] {dag.py:2935} INFO - Setting next_dagrun for example_complex to None
[2022-02-03 23:10:10,406] {processor.py:171} INFO - Processing /home/airflow/.local/lib/python3.7/site-packages/airflow/example_dags/example_complex.py took 0.111 seconds
[2022-02-03 23:10:40,698] {processor.py:163} INFO - Started process (PID=1151) to work on /home/airflow/.local/lib/python3.7/site-packages/airflow/example_dags/example_complex.py
[2022-02-03 23:10:40,701] {processor.py:642} INFO - Processing file /home/airflow/.local/lib/python3.7/site-packages/airflow/example_dags/example_complex.py for tasks to queue
[2022-02-03 23:10:40,702] {logging_mixin.py:109} INFO - [2022-02-03 23:10:40,702] {dagbag.py:500} INFO - Filling up the DagBag from /home/airflow/.local/lib/python3.7/site-packages/airflow/example_dags/example_complex.py
[2022-02-03 23:10:40,747] {processor.py:654} INFO - DAG(s) dict_keys(['example_complex']) retrieved from /home/airflow/.local/lib/python3.7/site-packages/airflow/example_dags/example_complex.py
[2022-02-03 23:10:40,765] {logging_mixin.py:109} INFO - [2022-02-03 23:10:40,765] {dag.py:2396} INFO - Sync 1 DAGs
[2022-02-03 23:10:40,783] {logging_mixin.py:109} INFO - [2022-02-03 23:10:40,783] {dag.py:2935} INFO - Setting next_dagrun for example_complex to None
[2022-02-03 23:10:40,801] {processor.py:171} INFO - Processing /home/airflow/.local/lib/python3.7/site-packages/airflow/example_dags/example_complex.py took 0.107 seconds
[2022-02-03 23:11:10,942] {processor.py:163} INFO - Started process (PID=1206) to work on /home/airflow/.local/lib/python3.7/site-packages/airflow/example_dags/example_complex.py
[2022-02-03 23:11:10,946] {processor.py:642} INFO - Processing file /home/airflow/.local/lib/python3.7/site-packages/airflow/example_dags/example_complex.py for tasks to queue
[2022-02-03 23:11:10,948] {logging_mixin.py:109} INFO - [2022-02-03 23:11:10,948] {dagbag.py:500} INFO - Filling up the DagBag from /home/airflow/.local/lib/python3.7/site-packages/airflow/example_dags/example_complex.py
[2022-02-03 23:11:10,998] {processor.py:654} INFO - DAG(s) dict_keys(['example_complex']) retrieved from /home/airflow/.local/lib/python3.7/site-packages/airflow/example_dags/example_complex.py
[2022-02-03 23:11:11,021] {logging_mixin.py:109} INFO - [2022-02-03 23:11:11,020] {dag.py:2396} INFO - Sync 1 DAGs
[2022-02-03 23:11:11,042] {logging_mixin.py:109} INFO - [2022-02-03 23:11:11,042] {dag.py:2935} INFO - Setting next_dagrun for example_complex to None
[2022-02-03 23:11:11,054] {processor.py:171} INFO - Processing /home/airflow/.local/lib/python3.7/site-packages/airflow/example_dags/example_complex.py took 0.118 seconds
[2022-02-03 23:11:41,482] {processor.py:163} INFO - Started process (PID=1272) to work on /home/airflow/.local/lib/python3.7/site-packages/airflow/example_dags/example_complex.py
[2022-02-03 23:11:41,484] {processor.py:642} INFO - Processing file /home/airflow/.local/lib/python3.7/site-packages/airflow/example_dags/example_complex.py for tasks to queue
[2022-02-03 23:11:41,486] {logging_mixin.py:109} INFO - [2022-02-03 23:11:41,486] {dagbag.py:500} INFO - Filling up the DagBag from /home/airflow/.local/lib/python3.7/site-packages/airflow/example_dags/example_complex.py
[2022-02-03 23:11:41,538] {processor.py:654} INFO - DAG(s) dict_keys(['example_complex']) retrieved from /home/airflow/.local/lib/python3.7/site-packages/airflow/example_dags/example_complex.py
[2022-02-03 23:11:41,555] {logging_mixin.py:109} INFO - [2022-02-03 23:11:41,555] {dag.py:2396} INFO - Sync 1 DAGs
[2022-02-03 23:11:41,573] {logging_mixin.py:109} INFO - [2022-02-03 23:11:41,573] {dag.py:2935} INFO - Setting next_dagrun for example_complex to None
[2022-02-03 23:11:41,587] {processor.py:171} INFO - Processing /home/airflow/.local/lib/python3.7/site-packages/airflow/example_dags/example_complex.py took 0.109 seconds
[2022-02-03 23:12:11,816] {processor.py:163} INFO - Started process (PID=1328) to work on /home/airflow/.local/lib/python3.7/site-packages/airflow/example_dags/example_complex.py
[2022-02-03 23:12:11,819] {processor.py:642} INFO - Processing file /home/airflow/.local/lib/python3.7/site-packages/airflow/example_dags/example_complex.py for tasks to queue
[2022-02-03 23:12:11,821] {logging_mixin.py:109} INFO - [2022-02-03 23:12:11,820] {dagbag.py:500} INFO - Filling up the DagBag from /home/airflow/.local/lib/python3.7/site-packages/airflow/example_dags/example_complex.py
[2022-02-03 23:12:11,867] {processor.py:654} INFO - DAG(s) dict_keys(['example_complex']) retrieved from /home/airflow/.local/lib/python3.7/site-packages/airflow/example_dags/example_complex.py
[2022-02-03 23:12:11,886] {logging_mixin.py:109} INFO - [2022-02-03 23:12:11,886] {dag.py:2396} INFO - Sync 1 DAGs
[2022-02-03 23:12:11,906] {logging_mixin.py:109} INFO - [2022-02-03 23:12:11,906] {dag.py:2935} INFO - Setting next_dagrun for example_complex to None
[2022-02-03 23:12:11,919] {processor.py:171} INFO - Processing /home/airflow/.local/lib/python3.7/site-packages/airflow/example_dags/example_complex.py took 0.110 seconds
[2022-02-03 23:12:42,261] {processor.py:163} INFO - Started process (PID=1392) to work on /home/airflow/.local/lib/python3.7/site-packages/airflow/example_dags/example_complex.py
[2022-02-03 23:12:42,263] {processor.py:642} INFO - Processing file /home/airflow/.local/lib/python3.7/site-packages/airflow/example_dags/example_complex.py for tasks to queue
[2022-02-03 23:12:42,265] {logging_mixin.py:109} INFO - [2022-02-03 23:12:42,265] {dagbag.py:500} INFO - Filling up the DagBag from /home/airflow/.local/lib/python3.7/site-packages/airflow/example_dags/example_complex.py
[2022-02-03 23:12:42,311] {processor.py:654} INFO - DAG(s) dict_keys(['example_complex']) retrieved from /home/airflow/.local/lib/python3.7/site-packages/airflow/example_dags/example_complex.py
[2022-02-03 23:12:42,329] {logging_mixin.py:109} INFO - [2022-02-03 23:12:42,329] {dag.py:2396} INFO - Sync 1 DAGs
[2022-02-03 23:12:42,349] {logging_mixin.py:109} INFO - [2022-02-03 23:12:42,349] {dag.py:2935} INFO - Setting next_dagrun for example_complex to None
[2022-02-03 23:12:42,362] {processor.py:171} INFO - Processing /home/airflow/.local/lib/python3.7/site-packages/airflow/example_dags/example_complex.py took 0.105 seconds
[2022-02-03 23:13:12,655] {processor.py:163} INFO - Started process (PID=1446) to work on /home/airflow/.local/lib/python3.7/site-packages/airflow/example_dags/example_complex.py
[2022-02-03 23:13:12,658] {processor.py:642} INFO - Processing file /home/airflow/.local/lib/python3.7/site-packages/airflow/example_dags/example_complex.py for tasks to queue
[2022-02-03 23:13:12,661] {logging_mixin.py:109} INFO - [2022-02-03 23:13:12,660] {dagbag.py:500} INFO - Filling up the DagBag from /home/airflow/.local/lib/python3.7/site-packages/airflow/example_dags/example_complex.py
[2022-02-03 23:13:12,705] {processor.py:654} INFO - DAG(s) dict_keys(['example_complex']) retrieved from /home/airflow/.local/lib/python3.7/site-packages/airflow/example_dags/example_complex.py
[2022-02-03 23:13:12,731] {logging_mixin.py:109} INFO - [2022-02-03 23:13:12,731] {dag.py:2396} INFO - Sync 1 DAGs
[2022-02-03 23:13:12,766] {logging_mixin.py:109} INFO - [2022-02-03 23:13:12,766] {dag.py:2935} INFO - Setting next_dagrun for example_complex to None
[2022-02-03 23:13:12,898] {processor.py:171} INFO - Processing /home/airflow/.local/lib/python3.7/site-packages/airflow/example_dags/example_complex.py took 0.252 seconds
[2022-02-03 23:13:43,808] {processor.py:163} INFO - Started process (PID=1498) to work on /home/airflow/.local/lib/python3.7/site-packages/airflow/example_dags/example_complex.py
[2022-02-03 23:13:43,811] {processor.py:642} INFO - Processing file /home/airflow/.local/lib/python3.7/site-packages/airflow/example_dags/example_complex.py for tasks to queue
[2022-02-03 23:13:43,813] {logging_mixin.py:109} INFO - [2022-02-03 23:13:43,813] {dagbag.py:500} INFO - Filling up the DagBag from /home/airflow/.local/lib/python3.7/site-packages/airflow/example_dags/example_complex.py
[2022-02-03 23:13:43,888] {processor.py:654} INFO - DAG(s) dict_keys(['example_complex']) retrieved from /home/airflow/.local/lib/python3.7/site-packages/airflow/example_dags/example_complex.py
[2022-02-03 23:13:43,916] {logging_mixin.py:109} INFO - [2022-02-03 23:13:43,914] {dag.py:2396} INFO - Sync 1 DAGs
[2022-02-03 23:13:44,200] {logging_mixin.py:109} INFO - [2022-02-03 23:13:44,200] {dag.py:2935} INFO - Setting next_dagrun for example_complex to None
[2022-02-03 23:13:44,225] {processor.py:171} INFO - Processing /home/airflow/.local/lib/python3.7/site-packages/airflow/example_dags/example_complex.py took 0.422 seconds
[2022-02-03 23:15:08,467] {processor.py:163} INFO - Started process (PID=64) to work on /home/airflow/.local/lib/python3.7/site-packages/airflow/example_dags/example_complex.py
[2022-02-03 23:15:08,472] {processor.py:642} INFO - Processing file /home/airflow/.local/lib/python3.7/site-packages/airflow/example_dags/example_complex.py for tasks to queue
[2022-02-03 23:15:08,475] {logging_mixin.py:109} INFO - [2022-02-03 23:15:08,474] {dagbag.py:500} INFO - Filling up the DagBag from /home/airflow/.local/lib/python3.7/site-packages/airflow/example_dags/example_complex.py
[2022-02-03 23:15:08,553] {processor.py:654} INFO - DAG(s) dict_keys(['example_complex']) retrieved from /home/airflow/.local/lib/python3.7/site-packages/airflow/example_dags/example_complex.py
[2022-02-03 23:15:08,592] {logging_mixin.py:109} INFO - [2022-02-03 23:15:08,591] {dag.py:2396} INFO - Sync 1 DAGs
[2022-02-03 23:15:08,615] {logging_mixin.py:109} INFO - [2022-02-03 23:15:08,614] {dag.py:2935} INFO - Setting next_dagrun for example_complex to None
[2022-02-03 23:15:08,638] {processor.py:171} INFO - Processing /home/airflow/.local/lib/python3.7/site-packages/airflow/example_dags/example_complex.py took 0.179 seconds
[2022-02-03 23:30:34,322] {processor.py:163} INFO - Started process (PID=64) to work on /home/airflow/.local/lib/python3.7/site-packages/airflow/example_dags/example_complex.py
[2022-02-03 23:30:34,336] {processor.py:642} INFO - Processing file /home/airflow/.local/lib/python3.7/site-packages/airflow/example_dags/example_complex.py for tasks to queue
[2022-02-03 23:30:34,338] {logging_mixin.py:109} INFO - [2022-02-03 23:30:34,337] {dagbag.py:500} INFO - Filling up the DagBag from /home/airflow/.local/lib/python3.7/site-packages/airflow/example_dags/example_complex.py
[2022-02-03 23:30:34,468] {processor.py:654} INFO - DAG(s) dict_keys(['example_complex']) retrieved from /home/airflow/.local/lib/python3.7/site-packages/airflow/example_dags/example_complex.py
[2022-02-03 23:30:34,521] {logging_mixin.py:109} INFO - [2022-02-03 23:30:34,521] {dag.py:2396} INFO - Sync 1 DAGs
[2022-02-03 23:30:34,551] {logging_mixin.py:109} INFO - [2022-02-03 23:30:34,551] {dag.py:2935} INFO - Setting next_dagrun for example_complex to None
[2022-02-03 23:30:34,592] {processor.py:171} INFO - Processing /home/airflow/.local/lib/python3.7/site-packages/airflow/example_dags/example_complex.py took 0.284 seconds
[2022-02-03 23:31:05,119] {processor.py:163} INFO - Started process (PID=116) to work on /home/airflow/.local/lib/python3.7/site-packages/airflow/example_dags/example_complex.py
[2022-02-03 23:31:05,121] {processor.py:642} INFO - Processing file /home/airflow/.local/lib/python3.7/site-packages/airflow/example_dags/example_complex.py for tasks to queue
[2022-02-03 23:31:05,122] {logging_mixin.py:109} INFO - [2022-02-03 23:31:05,122] {dagbag.py:500} INFO - Filling up the DagBag from /home/airflow/.local/lib/python3.7/site-packages/airflow/example_dags/example_complex.py
[2022-02-03 23:31:05,168] {processor.py:654} INFO - DAG(s) dict_keys(['example_complex']) retrieved from /home/airflow/.local/lib/python3.7/site-packages/airflow/example_dags/example_complex.py
[2022-02-03 23:31:05,186] {logging_mixin.py:109} INFO - [2022-02-03 23:31:05,186] {dag.py:2396} INFO - Sync 1 DAGs
[2022-02-03 23:31:05,217] {logging_mixin.py:109} INFO - [2022-02-03 23:31:05,217] {dag.py:2935} INFO - Setting next_dagrun for example_complex to None
[2022-02-03 23:31:05,232] {processor.py:171} INFO - Processing /home/airflow/.local/lib/python3.7/site-packages/airflow/example_dags/example_complex.py took 0.117 seconds
[2022-02-03 23:31:36,566] {processor.py:163} INFO - Started process (PID=183) to work on /home/airflow/.local/lib/python3.7/site-packages/airflow/example_dags/example_complex.py
[2022-02-03 23:31:36,569] {processor.py:642} INFO - Processing file /home/airflow/.local/lib/python3.7/site-packages/airflow/example_dags/example_complex.py for tasks to queue
[2022-02-03 23:31:36,583] {logging_mixin.py:109} INFO - [2022-02-03 23:31:36,583] {dagbag.py:500} INFO - Filling up the DagBag from /home/airflow/.local/lib/python3.7/site-packages/airflow/example_dags/example_complex.py
[2022-02-03 23:31:36,630] {processor.py:654} INFO - DAG(s) dict_keys(['example_complex']) retrieved from /home/airflow/.local/lib/python3.7/site-packages/airflow/example_dags/example_complex.py
[2022-02-03 23:31:36,655] {logging_mixin.py:109} INFO - [2022-02-03 23:31:36,655] {dag.py:2396} INFO - Sync 1 DAGs
[2022-02-03 23:31:36,678] {logging_mixin.py:109} INFO - [2022-02-03 23:31:36,678] {dag.py:2935} INFO - Setting next_dagrun for example_complex to None
[2022-02-03 23:31:36,696] {processor.py:171} INFO - Processing /home/airflow/.local/lib/python3.7/site-packages/airflow/example_dags/example_complex.py took 0.136 seconds
[2022-02-03 23:32:07,733] {processor.py:163} INFO - Started process (PID=236) to work on /home/airflow/.local/lib/python3.7/site-packages/airflow/example_dags/example_complex.py
[2022-02-03 23:32:07,736] {processor.py:642} INFO - Processing file /home/airflow/.local/lib/python3.7/site-packages/airflow/example_dags/example_complex.py for tasks to queue
[2022-02-03 23:32:07,740] {logging_mixin.py:109} INFO - [2022-02-03 23:32:07,739] {dagbag.py:500} INFO - Filling up the DagBag from /home/airflow/.local/lib/python3.7/site-packages/airflow/example_dags/example_complex.py
[2022-02-03 23:32:07,795] {processor.py:654} INFO - DAG(s) dict_keys(['example_complex']) retrieved from /home/airflow/.local/lib/python3.7/site-packages/airflow/example_dags/example_complex.py
[2022-02-03 23:32:07,832] {logging_mixin.py:109} INFO - [2022-02-03 23:32:07,832] {dag.py:2396} INFO - Sync 1 DAGs
[2022-02-03 23:32:07,868] {logging_mixin.py:109} INFO - [2022-02-03 23:32:07,868] {dag.py:2935} INFO - Setting next_dagrun for example_complex to None
[2022-02-03 23:32:07,886] {processor.py:171} INFO - Processing /home/airflow/.local/lib/python3.7/site-packages/airflow/example_dags/example_complex.py took 0.157 seconds
[2022-02-03 23:32:38,324] {processor.py:163} INFO - Started process (PID=289) to work on /home/airflow/.local/lib/python3.7/site-packages/airflow/example_dags/example_complex.py
[2022-02-03 23:32:38,325] {processor.py:642} INFO - Processing file /home/airflow/.local/lib/python3.7/site-packages/airflow/example_dags/example_complex.py for tasks to queue
[2022-02-03 23:32:38,327] {logging_mixin.py:109} INFO - [2022-02-03 23:32:38,327] {dagbag.py:500} INFO - Filling up the DagBag from /home/airflow/.local/lib/python3.7/site-packages/airflow/example_dags/example_complex.py
[2022-02-03 23:32:38,374] {processor.py:654} INFO - DAG(s) dict_keys(['example_complex']) retrieved from /home/airflow/.local/lib/python3.7/site-packages/airflow/example_dags/example_complex.py
[2022-02-03 23:32:38,408] {logging_mixin.py:109} INFO - [2022-02-03 23:32:38,408] {dag.py:2396} INFO - Sync 1 DAGs
[2022-02-03 23:32:38,426] {logging_mixin.py:109} INFO - [2022-02-03 23:32:38,426] {dag.py:2935} INFO - Setting next_dagrun for example_complex to None
[2022-02-03 23:32:38,437] {processor.py:171} INFO - Processing /home/airflow/.local/lib/python3.7/site-packages/airflow/example_dags/example_complex.py took 0.117 seconds
[2022-02-03 23:33:08,872] {processor.py:163} INFO - Started process (PID=353) to work on /home/airflow/.local/lib/python3.7/site-packages/airflow/example_dags/example_complex.py
[2022-02-03 23:33:08,876] {processor.py:642} INFO - Processing file /home/airflow/.local/lib/python3.7/site-packages/airflow/example_dags/example_complex.py for tasks to queue
[2022-02-03 23:33:08,878] {logging_mixin.py:109} INFO - [2022-02-03 23:33:08,877] {dagbag.py:500} INFO - Filling up the DagBag from /home/airflow/.local/lib/python3.7/site-packages/airflow/example_dags/example_complex.py
[2022-02-03 23:33:08,925] {processor.py:654} INFO - DAG(s) dict_keys(['example_complex']) retrieved from /home/airflow/.local/lib/python3.7/site-packages/airflow/example_dags/example_complex.py
[2022-02-03 23:33:08,942] {logging_mixin.py:109} INFO - [2022-02-03 23:33:08,942] {dag.py:2396} INFO - Sync 1 DAGs
[2022-02-03 23:33:08,959] {logging_mixin.py:109} INFO - [2022-02-03 23:33:08,959] {dag.py:2935} INFO - Setting next_dagrun for example_complex to None
[2022-02-03 23:33:08,970] {processor.py:171} INFO - Processing /home/airflow/.local/lib/python3.7/site-packages/airflow/example_dags/example_complex.py took 0.102 seconds
[2022-02-03 23:33:40,631] {processor.py:163} INFO - Started process (PID=407) to work on /home/airflow/.local/lib/python3.7/site-packages/airflow/example_dags/example_complex.py
[2022-02-03 23:33:40,634] {processor.py:642} INFO - Processing file /home/airflow/.local/lib/python3.7/site-packages/airflow/example_dags/example_complex.py for tasks to queue
[2022-02-03 23:33:40,635] {logging_mixin.py:109} INFO - [2022-02-03 23:33:40,635] {dagbag.py:500} INFO - Filling up the DagBag from /home/airflow/.local/lib/python3.7/site-packages/airflow/example_dags/example_complex.py
[2022-02-03 23:33:40,686] {processor.py:654} INFO - DAG(s) dict_keys(['example_complex']) retrieved from /home/airflow/.local/lib/python3.7/site-packages/airflow/example_dags/example_complex.py
[2022-02-03 23:33:40,706] {logging_mixin.py:109} INFO - [2022-02-03 23:33:40,706] {dag.py:2396} INFO - Sync 1 DAGs
[2022-02-03 23:33:40,731] {logging_mixin.py:109} INFO - [2022-02-03 23:33:40,730] {dag.py:2935} INFO - Setting next_dagrun for example_complex to None
[2022-02-03 23:33:40,750] {processor.py:171} INFO - Processing /home/airflow/.local/lib/python3.7/site-packages/airflow/example_dags/example_complex.py took 0.124 seconds
[2022-02-03 23:34:11,247] {processor.py:163} INFO - Started process (PID=459) to work on /home/airflow/.local/lib/python3.7/site-packages/airflow/example_dags/example_complex.py
[2022-02-03 23:34:11,253] {processor.py:642} INFO - Processing file /home/airflow/.local/lib/python3.7/site-packages/airflow/example_dags/example_complex.py for tasks to queue
[2022-02-03 23:34:11,255] {logging_mixin.py:109} INFO - [2022-02-03 23:34:11,254] {dagbag.py:500} INFO - Filling up the DagBag from /home/airflow/.local/lib/python3.7/site-packages/airflow/example_dags/example_complex.py
[2022-02-03 23:34:11,308] {processor.py:654} INFO - DAG(s) dict_keys(['example_complex']) retrieved from /home/airflow/.local/lib/python3.7/site-packages/airflow/example_dags/example_complex.py
[2022-02-03 23:34:11,330] {logging_mixin.py:109} INFO - [2022-02-03 23:34:11,329] {dag.py:2396} INFO - Sync 1 DAGs
[2022-02-03 23:34:11,356] {logging_mixin.py:109} INFO - [2022-02-03 23:34:11,356] {dag.py:2935} INFO - Setting next_dagrun for example_complex to None
[2022-02-03 23:34:11,374] {processor.py:171} INFO - Processing /home/airflow/.local/lib/python3.7/site-packages/airflow/example_dags/example_complex.py took 0.132 seconds
[2022-02-03 23:34:42,479] {processor.py:163} INFO - Started process (PID=524) to work on /home/airflow/.local/lib/python3.7/site-packages/airflow/example_dags/example_complex.py
[2022-02-03 23:34:42,482] {processor.py:642} INFO - Processing file /home/airflow/.local/lib/python3.7/site-packages/airflow/example_dags/example_complex.py for tasks to queue
[2022-02-03 23:34:42,484] {logging_mixin.py:109} INFO - [2022-02-03 23:34:42,484] {dagbag.py:500} INFO - Filling up the DagBag from /home/airflow/.local/lib/python3.7/site-packages/airflow/example_dags/example_complex.py
[2022-02-03 23:34:42,529] {processor.py:654} INFO - DAG(s) dict_keys(['example_complex']) retrieved from /home/airflow/.local/lib/python3.7/site-packages/airflow/example_dags/example_complex.py
[2022-02-03 23:34:42,549] {logging_mixin.py:109} INFO - [2022-02-03 23:34:42,549] {dag.py:2396} INFO - Sync 1 DAGs
[2022-02-03 23:34:42,568] {logging_mixin.py:109} INFO - [2022-02-03 23:34:42,568] {dag.py:2935} INFO - Setting next_dagrun for example_complex to None
[2022-02-03 23:34:42,580] {processor.py:171} INFO - Processing /home/airflow/.local/lib/python3.7/site-packages/airflow/example_dags/example_complex.py took 0.105 seconds
[2022-02-03 23:35:13,222] {processor.py:163} INFO - Started process (PID=578) to work on /home/airflow/.local/lib/python3.7/site-packages/airflow/example_dags/example_complex.py
[2022-02-03 23:35:13,225] {processor.py:642} INFO - Processing file /home/airflow/.local/lib/python3.7/site-packages/airflow/example_dags/example_complex.py for tasks to queue
[2022-02-03 23:35:13,227] {logging_mixin.py:109} INFO - [2022-02-03 23:35:13,227] {dagbag.py:500} INFO - Filling up the DagBag from /home/airflow/.local/lib/python3.7/site-packages/airflow/example_dags/example_complex.py
[2022-02-03 23:35:13,272] {processor.py:654} INFO - DAG(s) dict_keys(['example_complex']) retrieved from /home/airflow/.local/lib/python3.7/site-packages/airflow/example_dags/example_complex.py
[2022-02-03 23:35:13,291] {logging_mixin.py:109} INFO - [2022-02-03 23:35:13,290] {dag.py:2396} INFO - Sync 1 DAGs
[2022-02-03 23:35:13,318] {logging_mixin.py:109} INFO - [2022-02-03 23:35:13,318] {dag.py:2935} INFO - Setting next_dagrun for example_complex to None
[2022-02-03 23:35:13,332] {processor.py:171} INFO - Processing /home/airflow/.local/lib/python3.7/site-packages/airflow/example_dags/example_complex.py took 0.113 seconds
[2022-02-03 23:35:44,200] {processor.py:163} INFO - Started process (PID=629) to work on /home/airflow/.local/lib/python3.7/site-packages/airflow/example_dags/example_complex.py
[2022-02-03 23:35:44,204] {processor.py:642} INFO - Processing file /home/airflow/.local/lib/python3.7/site-packages/airflow/example_dags/example_complex.py for tasks to queue
[2022-02-03 23:35:44,208] {logging_mixin.py:109} INFO - [2022-02-03 23:35:44,208] {dagbag.py:500} INFO - Filling up the DagBag from /home/airflow/.local/lib/python3.7/site-packages/airflow/example_dags/example_complex.py
[2022-02-03 23:35:44,297] {processor.py:654} INFO - DAG(s) dict_keys(['example_complex']) retrieved from /home/airflow/.local/lib/python3.7/site-packages/airflow/example_dags/example_complex.py
[2022-02-03 23:35:44,325] {logging_mixin.py:109} INFO - [2022-02-03 23:35:44,325] {dag.py:2396} INFO - Sync 1 DAGs
[2022-02-03 23:35:44,354] {logging_mixin.py:109} INFO - [2022-02-03 23:35:44,354] {dag.py:2935} INFO - Setting next_dagrun for example_complex to None
[2022-02-03 23:35:44,373] {processor.py:171} INFO - Processing /home/airflow/.local/lib/python3.7/site-packages/airflow/example_dags/example_complex.py took 0.179 seconds
[2022-02-03 23:36:14,853] {processor.py:163} INFO - Started process (PID=698) to work on /home/airflow/.local/lib/python3.7/site-packages/airflow/example_dags/example_complex.py
[2022-02-03 23:36:14,874] {processor.py:642} INFO - Processing file /home/airflow/.local/lib/python3.7/site-packages/airflow/example_dags/example_complex.py for tasks to queue
[2022-02-03 23:36:14,877] {logging_mixin.py:109} INFO - [2022-02-03 23:36:14,877] {dagbag.py:500} INFO - Filling up the DagBag from /home/airflow/.local/lib/python3.7/site-packages/airflow/example_dags/example_complex.py
[2022-02-03 23:36:14,964] {processor.py:654} INFO - DAG(s) dict_keys(['example_complex']) retrieved from /home/airflow/.local/lib/python3.7/site-packages/airflow/example_dags/example_complex.py
[2022-02-03 23:36:14,989] {logging_mixin.py:109} INFO - [2022-02-03 23:36:14,989] {dag.py:2396} INFO - Sync 1 DAGs
[2022-02-03 23:36:15,030] {logging_mixin.py:109} INFO - [2022-02-03 23:36:15,030] {dag.py:2935} INFO - Setting next_dagrun for example_complex to None
[2022-02-03 23:36:15,046] {processor.py:171} INFO - Processing /home/airflow/.local/lib/python3.7/site-packages/airflow/example_dags/example_complex.py took 0.196 seconds
[2022-02-03 23:36:45,370] {processor.py:163} INFO - Started process (PID=749) to work on /home/airflow/.local/lib/python3.7/site-packages/airflow/example_dags/example_complex.py
[2022-02-03 23:36:45,372] {processor.py:642} INFO - Processing file /home/airflow/.local/lib/python3.7/site-packages/airflow/example_dags/example_complex.py for tasks to queue
[2022-02-03 23:36:45,374] {logging_mixin.py:109} INFO - [2022-02-03 23:36:45,374] {dagbag.py:500} INFO - Filling up the DagBag from /home/airflow/.local/lib/python3.7/site-packages/airflow/example_dags/example_complex.py
[2022-02-03 23:36:45,424] {processor.py:654} INFO - DAG(s) dict_keys(['example_complex']) retrieved from /home/airflow/.local/lib/python3.7/site-packages/airflow/example_dags/example_complex.py
[2022-02-03 23:36:45,449] {logging_mixin.py:109} INFO - [2022-02-03 23:36:45,449] {dag.py:2396} INFO - Sync 1 DAGs
[2022-02-03 23:36:45,467] {logging_mixin.py:109} INFO - [2022-02-03 23:36:45,467] {dag.py:2935} INFO - Setting next_dagrun for example_complex to None
[2022-02-03 23:36:45,479] {processor.py:171} INFO - Processing /home/airflow/.local/lib/python3.7/site-packages/airflow/example_dags/example_complex.py took 0.113 seconds
[2022-02-03 23:37:15,923] {processor.py:163} INFO - Started process (PID=802) to work on /home/airflow/.local/lib/python3.7/site-packages/airflow/example_dags/example_complex.py
[2022-02-03 23:37:15,926] {processor.py:642} INFO - Processing file /home/airflow/.local/lib/python3.7/site-packages/airflow/example_dags/example_complex.py for tasks to queue
[2022-02-03 23:37:15,928] {logging_mixin.py:109} INFO - [2022-02-03 23:37:15,928] {dagbag.py:500} INFO - Filling up the DagBag from /home/airflow/.local/lib/python3.7/site-packages/airflow/example_dags/example_complex.py
[2022-02-03 23:37:15,965] {processor.py:654} INFO - DAG(s) dict_keys(['example_complex']) retrieved from /home/airflow/.local/lib/python3.7/site-packages/airflow/example_dags/example_complex.py
[2022-02-03 23:37:15,981] {logging_mixin.py:109} INFO - [2022-02-03 23:37:15,981] {dag.py:2396} INFO - Sync 1 DAGs
[2022-02-03 23:37:15,997] {logging_mixin.py:109} INFO - [2022-02-03 23:37:15,997] {dag.py:2935} INFO - Setting next_dagrun for example_complex to None
[2022-02-03 23:37:16,008] {processor.py:171} INFO - Processing /home/airflow/.local/lib/python3.7/site-packages/airflow/example_dags/example_complex.py took 0.088 seconds
[2022-02-03 23:37:46,675] {processor.py:163} INFO - Started process (PID=866) to work on /home/airflow/.local/lib/python3.7/site-packages/airflow/example_dags/example_complex.py
[2022-02-03 23:37:46,677] {processor.py:642} INFO - Processing file /home/airflow/.local/lib/python3.7/site-packages/airflow/example_dags/example_complex.py for tasks to queue
[2022-02-03 23:37:46,679] {logging_mixin.py:109} INFO - [2022-02-03 23:37:46,679] {dagbag.py:500} INFO - Filling up the DagBag from /home/airflow/.local/lib/python3.7/site-packages/airflow/example_dags/example_complex.py
[2022-02-03 23:37:46,719] {processor.py:654} INFO - DAG(s) dict_keys(['example_complex']) retrieved from /home/airflow/.local/lib/python3.7/site-packages/airflow/example_dags/example_complex.py
[2022-02-03 23:37:46,737] {logging_mixin.py:109} INFO - [2022-02-03 23:37:46,736] {dag.py:2396} INFO - Sync 1 DAGs
[2022-02-03 23:37:46,755] {logging_mixin.py:109} INFO - [2022-02-03 23:37:46,754] {dag.py:2935} INFO - Setting next_dagrun for example_complex to None
[2022-02-03 23:37:46,771] {processor.py:171} INFO - Processing /home/airflow/.local/lib/python3.7/site-packages/airflow/example_dags/example_complex.py took 0.099 seconds
[2022-02-03 23:38:17,379] {processor.py:163} INFO - Started process (PID=919) to work on /home/airflow/.local/lib/python3.7/site-packages/airflow/example_dags/example_complex.py
[2022-02-03 23:38:17,380] {processor.py:642} INFO - Processing file /home/airflow/.local/lib/python3.7/site-packages/airflow/example_dags/example_complex.py for tasks to queue
[2022-02-03 23:38:17,382] {logging_mixin.py:109} INFO - [2022-02-03 23:38:17,382] {dagbag.py:500} INFO - Filling up the DagBag from /home/airflow/.local/lib/python3.7/site-packages/airflow/example_dags/example_complex.py
[2022-02-03 23:38:17,421] {processor.py:654} INFO - DAG(s) dict_keys(['example_complex']) retrieved from /home/airflow/.local/lib/python3.7/site-packages/airflow/example_dags/example_complex.py
[2022-02-03 23:38:17,442] {logging_mixin.py:109} INFO - [2022-02-03 23:38:17,442] {dag.py:2396} INFO - Sync 1 DAGs
[2022-02-03 23:38:17,461] {logging_mixin.py:109} INFO - [2022-02-03 23:38:17,461] {dag.py:2935} INFO - Setting next_dagrun for example_complex to None
[2022-02-03 23:38:17,472] {processor.py:171} INFO - Processing /home/airflow/.local/lib/python3.7/site-packages/airflow/example_dags/example_complex.py took 0.097 seconds
[2022-02-03 23:38:48,385] {processor.py:163} INFO - Started process (PID=973) to work on /home/airflow/.local/lib/python3.7/site-packages/airflow/example_dags/example_complex.py
[2022-02-03 23:38:48,388] {processor.py:642} INFO - Processing file /home/airflow/.local/lib/python3.7/site-packages/airflow/example_dags/example_complex.py for tasks to queue
[2022-02-03 23:38:48,389] {logging_mixin.py:109} INFO - [2022-02-03 23:38:48,389] {dagbag.py:500} INFO - Filling up the DagBag from /home/airflow/.local/lib/python3.7/site-packages/airflow/example_dags/example_complex.py
[2022-02-03 23:38:48,446] {processor.py:654} INFO - DAG(s) dict_keys(['example_complex']) retrieved from /home/airflow/.local/lib/python3.7/site-packages/airflow/example_dags/example_complex.py
[2022-02-03 23:38:48,474] {logging_mixin.py:109} INFO - [2022-02-03 23:38:48,474] {dag.py:2396} INFO - Sync 1 DAGs
[2022-02-03 23:38:48,514] {logging_mixin.py:109} INFO - [2022-02-03 23:38:48,514] {dag.py:2935} INFO - Setting next_dagrun for example_complex to None
[2022-02-03 23:38:48,531] {processor.py:171} INFO - Processing /home/airflow/.local/lib/python3.7/site-packages/airflow/example_dags/example_complex.py took 0.151 seconds
[2022-02-03 23:39:18,962] {processor.py:163} INFO - Started process (PID=1038) to work on /home/airflow/.local/lib/python3.7/site-packages/airflow/example_dags/example_complex.py
[2022-02-03 23:39:18,964] {processor.py:642} INFO - Processing file /home/airflow/.local/lib/python3.7/site-packages/airflow/example_dags/example_complex.py for tasks to queue
[2022-02-03 23:39:18,966] {logging_mixin.py:109} INFO - [2022-02-03 23:39:18,966] {dagbag.py:500} INFO - Filling up the DagBag from /home/airflow/.local/lib/python3.7/site-packages/airflow/example_dags/example_complex.py
[2022-02-03 23:39:19,021] {processor.py:654} INFO - DAG(s) dict_keys(['example_complex']) retrieved from /home/airflow/.local/lib/python3.7/site-packages/airflow/example_dags/example_complex.py
[2022-02-03 23:39:19,040] {logging_mixin.py:109} INFO - [2022-02-03 23:39:19,040] {dag.py:2396} INFO - Sync 1 DAGs
[2022-02-03 23:39:19,059] {logging_mixin.py:109} INFO - [2022-02-03 23:39:19,059] {dag.py:2935} INFO - Setting next_dagrun for example_complex to None
[2022-02-03 23:39:19,072] {processor.py:171} INFO - Processing /home/airflow/.local/lib/python3.7/site-packages/airflow/example_dags/example_complex.py took 0.113 seconds
[2022-02-03 23:39:49,677] {processor.py:163} INFO - Started process (PID=1090) to work on /home/airflow/.local/lib/python3.7/site-packages/airflow/example_dags/example_complex.py
[2022-02-03 23:39:49,680] {processor.py:642} INFO - Processing file /home/airflow/.local/lib/python3.7/site-packages/airflow/example_dags/example_complex.py for tasks to queue
[2022-02-03 23:39:49,681] {logging_mixin.py:109} INFO - [2022-02-03 23:39:49,681] {dagbag.py:500} INFO - Filling up the DagBag from /home/airflow/.local/lib/python3.7/site-packages/airflow/example_dags/example_complex.py
[2022-02-03 23:39:49,726] {processor.py:654} INFO - DAG(s) dict_keys(['example_complex']) retrieved from /home/airflow/.local/lib/python3.7/site-packages/airflow/example_dags/example_complex.py
[2022-02-03 23:39:49,749] {logging_mixin.py:109} INFO - [2022-02-03 23:39:49,749] {dag.py:2396} INFO - Sync 1 DAGs
[2022-02-03 23:39:49,780] {logging_mixin.py:109} INFO - [2022-02-03 23:39:49,780] {dag.py:2935} INFO - Setting next_dagrun for example_complex to None
[2022-02-03 23:39:49,805] {processor.py:171} INFO - Processing /home/airflow/.local/lib/python3.7/site-packages/airflow/example_dags/example_complex.py took 0.132 seconds
[2022-02-03 23:40:19,923] {processor.py:163} INFO - Started process (PID=1145) to work on /home/airflow/.local/lib/python3.7/site-packages/airflow/example_dags/example_complex.py
[2022-02-03 23:40:19,931] {processor.py:642} INFO - Processing file /home/airflow/.local/lib/python3.7/site-packages/airflow/example_dags/example_complex.py for tasks to queue
[2022-02-03 23:40:19,936] {logging_mixin.py:109} INFO - [2022-02-03 23:40:19,935] {dagbag.py:500} INFO - Filling up the DagBag from /home/airflow/.local/lib/python3.7/site-packages/airflow/example_dags/example_complex.py
[2022-02-03 23:40:20,005] {processor.py:654} INFO - DAG(s) dict_keys(['example_complex']) retrieved from /home/airflow/.local/lib/python3.7/site-packages/airflow/example_dags/example_complex.py
[2022-02-03 23:40:20,036] {logging_mixin.py:109} INFO - [2022-02-03 23:40:20,036] {dag.py:2396} INFO - Sync 1 DAGs
[2022-02-03 23:40:20,064] {logging_mixin.py:109} INFO - [2022-02-03 23:40:20,063] {dag.py:2935} INFO - Setting next_dagrun for example_complex to None
[2022-02-03 23:40:20,076] {processor.py:171} INFO - Processing /home/airflow/.local/lib/python3.7/site-packages/airflow/example_dags/example_complex.py took 0.163 seconds
[2022-02-03 23:40:51,069] {processor.py:163} INFO - Started process (PID=1207) to work on /home/airflow/.local/lib/python3.7/site-packages/airflow/example_dags/example_complex.py
[2022-02-03 23:40:51,071] {processor.py:642} INFO - Processing file /home/airflow/.local/lib/python3.7/site-packages/airflow/example_dags/example_complex.py for tasks to queue
[2022-02-03 23:40:51,074] {logging_mixin.py:109} INFO - [2022-02-03 23:40:51,073] {dagbag.py:500} INFO - Filling up the DagBag from /home/airflow/.local/lib/python3.7/site-packages/airflow/example_dags/example_complex.py
