[2022-02-03 23:02:33,787] {processor.py:163} INFO - Started process (PID=208) to work on /home/airflow/.local/lib/python3.7/site-packages/airflow/example_dags/tutorial.py
[2022-02-03 23:02:33,789] {processor.py:642} INFO - Processing file /home/airflow/.local/lib/python3.7/site-packages/airflow/example_dags/tutorial.py for tasks to queue
[2022-02-03 23:02:33,791] {logging_mixin.py:109} INFO - [2022-02-03 23:02:33,790] {dagbag.py:500} INFO - Filling up the DagBag from /home/airflow/.local/lib/python3.7/site-packages/airflow/example_dags/tutorial.py
[2022-02-03 23:02:33,837] {processor.py:654} INFO - DAG(s) dict_keys(['tutorial']) retrieved from /home/airflow/.local/lib/python3.7/site-packages/airflow/example_dags/tutorial.py
[2022-02-03 23:02:36,151] {logging_mixin.py:109} INFO - [2022-02-03 23:02:36,151] {manager.py:496} INFO - Created Permission View: can read on DAG:tutorial
[2022-02-03 23:02:36,164] {logging_mixin.py:109} INFO - [2022-02-03 23:02:36,164] {manager.py:496} INFO - Created Permission View: can edit on DAG:tutorial
[2022-02-03 23:02:36,165] {logging_mixin.py:109} INFO - [2022-02-03 23:02:36,165] {dag.py:2396} INFO - Sync 1 DAGs
[2022-02-03 23:02:36,174] {logging_mixin.py:109} INFO - [2022-02-03 23:02:36,174] {dag.py:2415} INFO - Creating ORM DAG for tutorial
[2022-02-03 23:02:36,185] {logging_mixin.py:109} INFO - [2022-02-03 23:02:36,185] {dag.py:2935} INFO - Setting next_dagrun for tutorial to 2022-02-02T23:02:36.185469+00:00
[2022-02-03 23:02:36,200] {processor.py:171} INFO - Processing /home/airflow/.local/lib/python3.7/site-packages/airflow/example_dags/tutorial.py took 2.417 seconds
[2022-02-03 23:03:06,971] {processor.py:163} INFO - Started process (PID=281) to work on /home/airflow/.local/lib/python3.7/site-packages/airflow/example_dags/tutorial.py
[2022-02-03 23:03:06,973] {processor.py:642} INFO - Processing file /home/airflow/.local/lib/python3.7/site-packages/airflow/example_dags/tutorial.py for tasks to queue
[2022-02-03 23:03:06,975] {logging_mixin.py:109} INFO - [2022-02-03 23:03:06,975] {dagbag.py:500} INFO - Filling up the DagBag from /home/airflow/.local/lib/python3.7/site-packages/airflow/example_dags/tutorial.py
[2022-02-03 23:03:07,022] {processor.py:654} INFO - DAG(s) dict_keys(['tutorial']) retrieved from /home/airflow/.local/lib/python3.7/site-packages/airflow/example_dags/tutorial.py
[2022-02-03 23:03:07,036] {logging_mixin.py:109} INFO - [2022-02-03 23:03:07,036] {dag.py:2396} INFO - Sync 1 DAGs
[2022-02-03 23:03:07,058] {logging_mixin.py:109} INFO - [2022-02-03 23:03:07,058] {dag.py:2935} INFO - Setting next_dagrun for tutorial to 2022-02-02T23:03:07.057746+00:00
[2022-02-03 23:03:07,074] {processor.py:171} INFO - Processing /home/airflow/.local/lib/python3.7/site-packages/airflow/example_dags/tutorial.py took 0.108 seconds
[2022-02-03 23:03:37,760] {processor.py:163} INFO - Started process (PID=336) to work on /home/airflow/.local/lib/python3.7/site-packages/airflow/example_dags/tutorial.py
[2022-02-03 23:03:37,763] {processor.py:642} INFO - Processing file /home/airflow/.local/lib/python3.7/site-packages/airflow/example_dags/tutorial.py for tasks to queue
[2022-02-03 23:03:37,765] {logging_mixin.py:109} INFO - [2022-02-03 23:03:37,765] {dagbag.py:500} INFO - Filling up the DagBag from /home/airflow/.local/lib/python3.7/site-packages/airflow/example_dags/tutorial.py
[2022-02-03 23:03:37,799] {processor.py:654} INFO - DAG(s) dict_keys(['tutorial']) retrieved from /home/airflow/.local/lib/python3.7/site-packages/airflow/example_dags/tutorial.py
[2022-02-03 23:03:37,811] {logging_mixin.py:109} INFO - [2022-02-03 23:03:37,811] {dag.py:2396} INFO - Sync 1 DAGs
[2022-02-03 23:03:37,833] {logging_mixin.py:109} INFO - [2022-02-03 23:03:37,833] {dag.py:2935} INFO - Setting next_dagrun for tutorial to 2022-02-02T23:03:37.832751+00:00
[2022-02-03 23:03:37,844] {processor.py:171} INFO - Processing /home/airflow/.local/lib/python3.7/site-packages/airflow/example_dags/tutorial.py took 0.089 seconds
[2022-02-03 23:04:08,196] {processor.py:163} INFO - Started process (PID=390) to work on /home/airflow/.local/lib/python3.7/site-packages/airflow/example_dags/tutorial.py
[2022-02-03 23:04:08,199] {processor.py:642} INFO - Processing file /home/airflow/.local/lib/python3.7/site-packages/airflow/example_dags/tutorial.py for tasks to queue
[2022-02-03 23:04:08,201] {logging_mixin.py:109} INFO - [2022-02-03 23:04:08,201] {dagbag.py:500} INFO - Filling up the DagBag from /home/airflow/.local/lib/python3.7/site-packages/airflow/example_dags/tutorial.py
[2022-02-03 23:04:08,238] {processor.py:654} INFO - DAG(s) dict_keys(['tutorial']) retrieved from /home/airflow/.local/lib/python3.7/site-packages/airflow/example_dags/tutorial.py
[2022-02-03 23:04:08,249] {logging_mixin.py:109} INFO - [2022-02-03 23:04:08,249] {dag.py:2396} INFO - Sync 1 DAGs
[2022-02-03 23:04:08,266] {logging_mixin.py:109} INFO - [2022-02-03 23:04:08,266] {dag.py:2935} INFO - Setting next_dagrun for tutorial to 2022-02-02T23:04:08.265911+00:00
[2022-02-03 23:04:08,280] {processor.py:171} INFO - Processing /home/airflow/.local/lib/python3.7/site-packages/airflow/example_dags/tutorial.py took 0.089 seconds
[2022-02-03 23:04:38,329] {processor.py:163} INFO - Started process (PID=450) to work on /home/airflow/.local/lib/python3.7/site-packages/airflow/example_dags/tutorial.py
[2022-02-03 23:04:38,333] {processor.py:642} INFO - Processing file /home/airflow/.local/lib/python3.7/site-packages/airflow/example_dags/tutorial.py for tasks to queue
[2022-02-03 23:04:38,338] {logging_mixin.py:109} INFO - [2022-02-03 23:04:38,337] {dagbag.py:500} INFO - Filling up the DagBag from /home/airflow/.local/lib/python3.7/site-packages/airflow/example_dags/tutorial.py
[2022-02-03 23:04:38,375] {processor.py:654} INFO - DAG(s) dict_keys(['tutorial']) retrieved from /home/airflow/.local/lib/python3.7/site-packages/airflow/example_dags/tutorial.py
[2022-02-03 23:04:38,386] {logging_mixin.py:109} INFO - [2022-02-03 23:04:38,386] {dag.py:2396} INFO - Sync 1 DAGs
[2022-02-03 23:04:38,404] {logging_mixin.py:109} INFO - [2022-02-03 23:04:38,403] {dag.py:2935} INFO - Setting next_dagrun for tutorial to 2022-02-02T23:04:38.403652+00:00
[2022-02-03 23:04:38,415] {processor.py:171} INFO - Processing /home/airflow/.local/lib/python3.7/site-packages/airflow/example_dags/tutorial.py took 0.091 seconds
[2022-02-03 23:05:08,626] {processor.py:163} INFO - Started process (PID=511) to work on /home/airflow/.local/lib/python3.7/site-packages/airflow/example_dags/tutorial.py
[2022-02-03 23:05:08,628] {processor.py:642} INFO - Processing file /home/airflow/.local/lib/python3.7/site-packages/airflow/example_dags/tutorial.py for tasks to queue
[2022-02-03 23:05:08,630] {logging_mixin.py:109} INFO - [2022-02-03 23:05:08,630] {dagbag.py:500} INFO - Filling up the DagBag from /home/airflow/.local/lib/python3.7/site-packages/airflow/example_dags/tutorial.py
[2022-02-03 23:05:08,664] {processor.py:654} INFO - DAG(s) dict_keys(['tutorial']) retrieved from /home/airflow/.local/lib/python3.7/site-packages/airflow/example_dags/tutorial.py
[2022-02-03 23:05:08,675] {logging_mixin.py:109} INFO - [2022-02-03 23:05:08,675] {dag.py:2396} INFO - Sync 1 DAGs
[2022-02-03 23:05:08,693] {logging_mixin.py:109} INFO - [2022-02-03 23:05:08,693] {dag.py:2935} INFO - Setting next_dagrun for tutorial to 2022-02-02T23:05:08.691359+00:00
[2022-02-03 23:05:08,719] {processor.py:171} INFO - Processing /home/airflow/.local/lib/python3.7/site-packages/airflow/example_dags/tutorial.py took 0.102 seconds
[2022-02-03 23:05:38,901] {processor.py:163} INFO - Started process (PID=564) to work on /home/airflow/.local/lib/python3.7/site-packages/airflow/example_dags/tutorial.py
[2022-02-03 23:05:38,903] {processor.py:642} INFO - Processing file /home/airflow/.local/lib/python3.7/site-packages/airflow/example_dags/tutorial.py for tasks to queue
[2022-02-03 23:05:38,905] {logging_mixin.py:109} INFO - [2022-02-03 23:05:38,904] {dagbag.py:500} INFO - Filling up the DagBag from /home/airflow/.local/lib/python3.7/site-packages/airflow/example_dags/tutorial.py
[2022-02-03 23:05:38,939] {processor.py:654} INFO - DAG(s) dict_keys(['tutorial']) retrieved from /home/airflow/.local/lib/python3.7/site-packages/airflow/example_dags/tutorial.py
[2022-02-03 23:05:38,950] {logging_mixin.py:109} INFO - [2022-02-03 23:05:38,950] {dag.py:2396} INFO - Sync 1 DAGs
[2022-02-03 23:05:38,968] {logging_mixin.py:109} INFO - [2022-02-03 23:05:38,968] {dag.py:2935} INFO - Setting next_dagrun for tutorial to 2022-02-02T23:05:38.967805+00:00
[2022-02-03 23:05:38,979] {processor.py:171} INFO - Processing /home/airflow/.local/lib/python3.7/site-packages/airflow/example_dags/tutorial.py took 0.082 seconds
[2022-02-03 23:06:09,130] {processor.py:163} INFO - Started process (PID=623) to work on /home/airflow/.local/lib/python3.7/site-packages/airflow/example_dags/tutorial.py
[2022-02-03 23:06:09,133] {processor.py:642} INFO - Processing file /home/airflow/.local/lib/python3.7/site-packages/airflow/example_dags/tutorial.py for tasks to queue
[2022-02-03 23:06:09,135] {logging_mixin.py:109} INFO - [2022-02-03 23:06:09,135] {dagbag.py:500} INFO - Filling up the DagBag from /home/airflow/.local/lib/python3.7/site-packages/airflow/example_dags/tutorial.py
[2022-02-03 23:06:09,169] {processor.py:654} INFO - DAG(s) dict_keys(['tutorial']) retrieved from /home/airflow/.local/lib/python3.7/site-packages/airflow/example_dags/tutorial.py
[2022-02-03 23:06:09,181] {logging_mixin.py:109} INFO - [2022-02-03 23:06:09,180] {dag.py:2396} INFO - Sync 1 DAGs
[2022-02-03 23:06:09,204] {logging_mixin.py:109} INFO - [2022-02-03 23:06:09,204] {dag.py:2935} INFO - Setting next_dagrun for tutorial to 2022-02-02T23:06:09.203330+00:00
[2022-02-03 23:06:09,217] {processor.py:171} INFO - Processing /home/airflow/.local/lib/python3.7/site-packages/airflow/example_dags/tutorial.py took 0.092 seconds
[2022-02-03 23:06:39,966] {processor.py:163} INFO - Started process (PID=688) to work on /home/airflow/.local/lib/python3.7/site-packages/airflow/example_dags/tutorial.py
[2022-02-03 23:06:39,968] {processor.py:642} INFO - Processing file /home/airflow/.local/lib/python3.7/site-packages/airflow/example_dags/tutorial.py for tasks to queue
[2022-02-03 23:06:39,969] {logging_mixin.py:109} INFO - [2022-02-03 23:06:39,969] {dagbag.py:500} INFO - Filling up the DagBag from /home/airflow/.local/lib/python3.7/site-packages/airflow/example_dags/tutorial.py
[2022-02-03 23:06:40,011] {processor.py:654} INFO - DAG(s) dict_keys(['tutorial']) retrieved from /home/airflow/.local/lib/python3.7/site-packages/airflow/example_dags/tutorial.py
[2022-02-03 23:06:40,024] {logging_mixin.py:109} INFO - [2022-02-03 23:06:40,024] {dag.py:2396} INFO - Sync 1 DAGs
[2022-02-03 23:06:40,044] {logging_mixin.py:109} INFO - [2022-02-03 23:06:40,044] {dag.py:2935} INFO - Setting next_dagrun for tutorial to 2022-02-02T23:06:40.043853+00:00
[2022-02-03 23:06:40,058] {processor.py:171} INFO - Processing /home/airflow/.local/lib/python3.7/site-packages/airflow/example_dags/tutorial.py took 0.096 seconds
[2022-02-03 23:07:10,586] {processor.py:163} INFO - Started process (PID=742) to work on /home/airflow/.local/lib/python3.7/site-packages/airflow/example_dags/tutorial.py
[2022-02-03 23:07:10,589] {processor.py:642} INFO - Processing file /home/airflow/.local/lib/python3.7/site-packages/airflow/example_dags/tutorial.py for tasks to queue
[2022-02-03 23:07:10,590] {logging_mixin.py:109} INFO - [2022-02-03 23:07:10,590] {dagbag.py:500} INFO - Filling up the DagBag from /home/airflow/.local/lib/python3.7/site-packages/airflow/example_dags/tutorial.py
[2022-02-03 23:07:10,624] {processor.py:654} INFO - DAG(s) dict_keys(['tutorial']) retrieved from /home/airflow/.local/lib/python3.7/site-packages/airflow/example_dags/tutorial.py
[2022-02-03 23:07:10,636] {logging_mixin.py:109} INFO - [2022-02-03 23:07:10,636] {dag.py:2396} INFO - Sync 1 DAGs
[2022-02-03 23:07:10,653] {logging_mixin.py:109} INFO - [2022-02-03 23:07:10,653] {dag.py:2935} INFO - Setting next_dagrun for tutorial to 2022-02-02T23:07:10.652975+00:00
[2022-02-03 23:07:10,665] {processor.py:171} INFO - Processing /home/airflow/.local/lib/python3.7/site-packages/airflow/example_dags/tutorial.py took 0.083 seconds
[2022-02-03 23:07:40,795] {processor.py:163} INFO - Started process (PID=803) to work on /home/airflow/.local/lib/python3.7/site-packages/airflow/example_dags/tutorial.py
[2022-02-03 23:07:40,801] {processor.py:642} INFO - Processing file /home/airflow/.local/lib/python3.7/site-packages/airflow/example_dags/tutorial.py for tasks to queue
[2022-02-03 23:07:40,802] {logging_mixin.py:109} INFO - [2022-02-03 23:07:40,802] {dagbag.py:500} INFO - Filling up the DagBag from /home/airflow/.local/lib/python3.7/site-packages/airflow/example_dags/tutorial.py
[2022-02-03 23:07:40,845] {processor.py:654} INFO - DAG(s) dict_keys(['tutorial']) retrieved from /home/airflow/.local/lib/python3.7/site-packages/airflow/example_dags/tutorial.py
[2022-02-03 23:07:40,857] {logging_mixin.py:109} INFO - [2022-02-03 23:07:40,857] {dag.py:2396} INFO - Sync 1 DAGs
[2022-02-03 23:07:40,878] {logging_mixin.py:109} INFO - [2022-02-03 23:07:40,878] {dag.py:2935} INFO - Setting next_dagrun for tutorial to 2022-02-02T23:07:40.878009+00:00
[2022-02-03 23:07:40,897] {processor.py:171} INFO - Processing /home/airflow/.local/lib/python3.7/site-packages/airflow/example_dags/tutorial.py took 0.117 seconds
[2022-02-03 23:08:11,216] {processor.py:163} INFO - Started process (PID=861) to work on /home/airflow/.local/lib/python3.7/site-packages/airflow/example_dags/tutorial.py
[2022-02-03 23:08:11,219] {processor.py:642} INFO - Processing file /home/airflow/.local/lib/python3.7/site-packages/airflow/example_dags/tutorial.py for tasks to queue
[2022-02-03 23:08:11,221] {logging_mixin.py:109} INFO - [2022-02-03 23:08:11,221] {dagbag.py:500} INFO - Filling up the DagBag from /home/airflow/.local/lib/python3.7/site-packages/airflow/example_dags/tutorial.py
[2022-02-03 23:08:11,256] {processor.py:654} INFO - DAG(s) dict_keys(['tutorial']) retrieved from /home/airflow/.local/lib/python3.7/site-packages/airflow/example_dags/tutorial.py
[2022-02-03 23:08:11,268] {logging_mixin.py:109} INFO - [2022-02-03 23:08:11,268] {dag.py:2396} INFO - Sync 1 DAGs
[2022-02-03 23:08:11,286] {logging_mixin.py:109} INFO - [2022-02-03 23:08:11,286] {dag.py:2935} INFO - Setting next_dagrun for tutorial to 2022-02-02T23:08:11.286298+00:00
[2022-02-03 23:08:11,300] {processor.py:171} INFO - Processing /home/airflow/.local/lib/python3.7/site-packages/airflow/example_dags/tutorial.py took 0.089 seconds
[2022-02-03 23:08:41,662] {processor.py:163} INFO - Started process (PID=920) to work on /home/airflow/.local/lib/python3.7/site-packages/airflow/example_dags/tutorial.py
[2022-02-03 23:08:41,666] {processor.py:642} INFO - Processing file /home/airflow/.local/lib/python3.7/site-packages/airflow/example_dags/tutorial.py for tasks to queue
[2022-02-03 23:08:41,668] {logging_mixin.py:109} INFO - [2022-02-03 23:08:41,667] {dagbag.py:500} INFO - Filling up the DagBag from /home/airflow/.local/lib/python3.7/site-packages/airflow/example_dags/tutorial.py
[2022-02-03 23:08:41,706] {processor.py:654} INFO - DAG(s) dict_keys(['tutorial']) retrieved from /home/airflow/.local/lib/python3.7/site-packages/airflow/example_dags/tutorial.py
[2022-02-03 23:08:41,719] {logging_mixin.py:109} INFO - [2022-02-03 23:08:41,718] {dag.py:2396} INFO - Sync 1 DAGs
[2022-02-03 23:08:41,743] {logging_mixin.py:109} INFO - [2022-02-03 23:08:41,743] {dag.py:2935} INFO - Setting next_dagrun for tutorial to 2022-02-02T23:08:41.743166+00:00
[2022-02-03 23:08:41,758] {processor.py:171} INFO - Processing /home/airflow/.local/lib/python3.7/site-packages/airflow/example_dags/tutorial.py took 0.104 seconds
[2022-02-03 23:09:11,992] {processor.py:163} INFO - Started process (PID=977) to work on /home/airflow/.local/lib/python3.7/site-packages/airflow/example_dags/tutorial.py
[2022-02-03 23:09:11,995] {processor.py:642} INFO - Processing file /home/airflow/.local/lib/python3.7/site-packages/airflow/example_dags/tutorial.py for tasks to queue
[2022-02-03 23:09:11,997] {logging_mixin.py:109} INFO - [2022-02-03 23:09:11,997] {dagbag.py:500} INFO - Filling up the DagBag from /home/airflow/.local/lib/python3.7/site-packages/airflow/example_dags/tutorial.py
[2022-02-03 23:09:12,064] {processor.py:654} INFO - DAG(s) dict_keys(['tutorial']) retrieved from /home/airflow/.local/lib/python3.7/site-packages/airflow/example_dags/tutorial.py
[2022-02-03 23:09:12,085] {logging_mixin.py:109} INFO - [2022-02-03 23:09:12,085] {dag.py:2396} INFO - Sync 1 DAGs
[2022-02-03 23:09:12,116] {logging_mixin.py:109} INFO - [2022-02-03 23:09:12,116] {dag.py:2935} INFO - Setting next_dagrun for tutorial to 2022-02-02T23:09:12.116324+00:00
[2022-02-03 23:09:12,138] {processor.py:171} INFO - Processing /home/airflow/.local/lib/python3.7/site-packages/airflow/example_dags/tutorial.py took 0.150 seconds
[2022-02-03 23:09:42,728] {processor.py:163} INFO - Started process (PID=1044) to work on /home/airflow/.local/lib/python3.7/site-packages/airflow/example_dags/tutorial.py
[2022-02-03 23:09:42,733] {processor.py:642} INFO - Processing file /home/airflow/.local/lib/python3.7/site-packages/airflow/example_dags/tutorial.py for tasks to queue
[2022-02-03 23:09:42,736] {logging_mixin.py:109} INFO - [2022-02-03 23:09:42,736] {dagbag.py:500} INFO - Filling up the DagBag from /home/airflow/.local/lib/python3.7/site-packages/airflow/example_dags/tutorial.py
[2022-02-03 23:09:42,798] {processor.py:654} INFO - DAG(s) dict_keys(['tutorial']) retrieved from /home/airflow/.local/lib/python3.7/site-packages/airflow/example_dags/tutorial.py
[2022-02-03 23:09:42,812] {logging_mixin.py:109} INFO - [2022-02-03 23:09:42,812] {dag.py:2396} INFO - Sync 1 DAGs
[2022-02-03 23:09:42,842] {logging_mixin.py:109} INFO - [2022-02-03 23:09:42,842] {dag.py:2935} INFO - Setting next_dagrun for tutorial to 2022-02-02T23:09:42.841410+00:00
[2022-02-03 23:09:42,987] {processor.py:171} INFO - Processing /home/airflow/.local/lib/python3.7/site-packages/airflow/example_dags/tutorial.py took 0.264 seconds
[2022-02-03 23:10:13,707] {processor.py:163} INFO - Started process (PID=1100) to work on /home/airflow/.local/lib/python3.7/site-packages/airflow/example_dags/tutorial.py
[2022-02-03 23:10:13,710] {processor.py:642} INFO - Processing file /home/airflow/.local/lib/python3.7/site-packages/airflow/example_dags/tutorial.py for tasks to queue
[2022-02-03 23:10:13,712] {logging_mixin.py:109} INFO - [2022-02-03 23:10:13,712] {dagbag.py:500} INFO - Filling up the DagBag from /home/airflow/.local/lib/python3.7/site-packages/airflow/example_dags/tutorial.py
[2022-02-03 23:10:13,746] {processor.py:654} INFO - DAG(s) dict_keys(['tutorial']) retrieved from /home/airflow/.local/lib/python3.7/site-packages/airflow/example_dags/tutorial.py
[2022-02-03 23:10:13,757] {logging_mixin.py:109} INFO - [2022-02-03 23:10:13,757] {dag.py:2396} INFO - Sync 1 DAGs
[2022-02-03 23:10:13,773] {logging_mixin.py:109} INFO - [2022-02-03 23:10:13,773] {dag.py:2935} INFO - Setting next_dagrun for tutorial to 2022-02-02T23:10:13.773151+00:00
[2022-02-03 23:10:13,785] {processor.py:171} INFO - Processing /home/airflow/.local/lib/python3.7/site-packages/airflow/example_dags/tutorial.py took 0.083 seconds
[2022-02-03 23:10:43,916] {processor.py:163} INFO - Started process (PID=1156) to work on /home/airflow/.local/lib/python3.7/site-packages/airflow/example_dags/tutorial.py
[2022-02-03 23:10:43,919] {processor.py:642} INFO - Processing file /home/airflow/.local/lib/python3.7/site-packages/airflow/example_dags/tutorial.py for tasks to queue
[2022-02-03 23:10:43,921] {logging_mixin.py:109} INFO - [2022-02-03 23:10:43,920] {dagbag.py:500} INFO - Filling up the DagBag from /home/airflow/.local/lib/python3.7/site-packages/airflow/example_dags/tutorial.py
[2022-02-03 23:10:43,956] {processor.py:654} INFO - DAG(s) dict_keys(['tutorial']) retrieved from /home/airflow/.local/lib/python3.7/site-packages/airflow/example_dags/tutorial.py
[2022-02-03 23:10:43,971] {logging_mixin.py:109} INFO - [2022-02-03 23:10:43,971] {dag.py:2396} INFO - Sync 1 DAGs
[2022-02-03 23:10:43,987] {logging_mixin.py:109} INFO - [2022-02-03 23:10:43,987] {dag.py:2935} INFO - Setting next_dagrun for tutorial to 2022-02-02T23:10:43.987060+00:00
[2022-02-03 23:10:43,998] {processor.py:171} INFO - Processing /home/airflow/.local/lib/python3.7/site-packages/airflow/example_dags/tutorial.py took 0.088 seconds
[2022-02-03 23:11:14,316] {processor.py:163} INFO - Started process (PID=1221) to work on /home/airflow/.local/lib/python3.7/site-packages/airflow/example_dags/tutorial.py
[2022-02-03 23:11:14,318] {processor.py:642} INFO - Processing file /home/airflow/.local/lib/python3.7/site-packages/airflow/example_dags/tutorial.py for tasks to queue
[2022-02-03 23:11:14,320] {logging_mixin.py:109} INFO - [2022-02-03 23:11:14,319] {dagbag.py:500} INFO - Filling up the DagBag from /home/airflow/.local/lib/python3.7/site-packages/airflow/example_dags/tutorial.py
[2022-02-03 23:11:14,356] {processor.py:654} INFO - DAG(s) dict_keys(['tutorial']) retrieved from /home/airflow/.local/lib/python3.7/site-packages/airflow/example_dags/tutorial.py
[2022-02-03 23:11:14,370] {logging_mixin.py:109} INFO - [2022-02-03 23:11:14,370] {dag.py:2396} INFO - Sync 1 DAGs
[2022-02-03 23:11:14,391] {logging_mixin.py:109} INFO - [2022-02-03 23:11:14,390] {dag.py:2935} INFO - Setting next_dagrun for tutorial to 2022-02-02T23:11:14.390648+00:00
[2022-02-03 23:11:14,404] {processor.py:171} INFO - Processing /home/airflow/.local/lib/python3.7/site-packages/airflow/example_dags/tutorial.py took 0.091 seconds
[2022-02-03 23:11:44,491] {processor.py:163} INFO - Started process (PID=1278) to work on /home/airflow/.local/lib/python3.7/site-packages/airflow/example_dags/tutorial.py
[2022-02-03 23:11:44,494] {processor.py:642} INFO - Processing file /home/airflow/.local/lib/python3.7/site-packages/airflow/example_dags/tutorial.py for tasks to queue
[2022-02-03 23:11:44,495] {logging_mixin.py:109} INFO - [2022-02-03 23:11:44,495] {dagbag.py:500} INFO - Filling up the DagBag from /home/airflow/.local/lib/python3.7/site-packages/airflow/example_dags/tutorial.py
[2022-02-03 23:11:44,534] {processor.py:654} INFO - DAG(s) dict_keys(['tutorial']) retrieved from /home/airflow/.local/lib/python3.7/site-packages/airflow/example_dags/tutorial.py
[2022-02-03 23:11:44,546] {logging_mixin.py:109} INFO - [2022-02-03 23:11:44,545] {dag.py:2396} INFO - Sync 1 DAGs
[2022-02-03 23:11:44,564] {logging_mixin.py:109} INFO - [2022-02-03 23:11:44,564] {dag.py:2935} INFO - Setting next_dagrun for tutorial to 2022-02-02T23:11:44.564358+00:00
[2022-02-03 23:11:44,576] {processor.py:171} INFO - Processing /home/airflow/.local/lib/python3.7/site-packages/airflow/example_dags/tutorial.py took 0.089 seconds
[2022-02-03 23:12:15,104] {processor.py:163} INFO - Started process (PID=1333) to work on /home/airflow/.local/lib/python3.7/site-packages/airflow/example_dags/tutorial.py
[2022-02-03 23:12:15,106] {processor.py:642} INFO - Processing file /home/airflow/.local/lib/python3.7/site-packages/airflow/example_dags/tutorial.py for tasks to queue
[2022-02-03 23:12:15,107] {logging_mixin.py:109} INFO - [2022-02-03 23:12:15,107] {dagbag.py:500} INFO - Filling up the DagBag from /home/airflow/.local/lib/python3.7/site-packages/airflow/example_dags/tutorial.py
[2022-02-03 23:12:15,153] {processor.py:654} INFO - DAG(s) dict_keys(['tutorial']) retrieved from /home/airflow/.local/lib/python3.7/site-packages/airflow/example_dags/tutorial.py
[2022-02-03 23:12:15,168] {logging_mixin.py:109} INFO - [2022-02-03 23:12:15,168] {dag.py:2396} INFO - Sync 1 DAGs
[2022-02-03 23:12:15,188] {logging_mixin.py:109} INFO - [2022-02-03 23:12:15,188] {dag.py:2935} INFO - Setting next_dagrun for tutorial to 2022-02-02T23:12:15.187743+00:00
[2022-02-03 23:12:15,201] {processor.py:171} INFO - Processing /home/airflow/.local/lib/python3.7/site-packages/airflow/example_dags/tutorial.py took 0.101 seconds
[2022-02-03 23:12:45,426] {processor.py:163} INFO - Started process (PID=1396) to work on /home/airflow/.local/lib/python3.7/site-packages/airflow/example_dags/tutorial.py
[2022-02-03 23:12:45,428] {processor.py:642} INFO - Processing file /home/airflow/.local/lib/python3.7/site-packages/airflow/example_dags/tutorial.py for tasks to queue
[2022-02-03 23:12:45,430] {logging_mixin.py:109} INFO - [2022-02-03 23:12:45,430] {dagbag.py:500} INFO - Filling up the DagBag from /home/airflow/.local/lib/python3.7/site-packages/airflow/example_dags/tutorial.py
[2022-02-03 23:12:45,472] {processor.py:654} INFO - DAG(s) dict_keys(['tutorial']) retrieved from /home/airflow/.local/lib/python3.7/site-packages/airflow/example_dags/tutorial.py
[2022-02-03 23:12:45,486] {logging_mixin.py:109} INFO - [2022-02-03 23:12:45,486] {dag.py:2396} INFO - Sync 1 DAGs
[2022-02-03 23:12:45,512] {logging_mixin.py:109} INFO - [2022-02-03 23:12:45,512] {dag.py:2935} INFO - Setting next_dagrun for tutorial to 2022-02-02T23:12:45.511721+00:00
[2022-02-03 23:12:45,524] {processor.py:171} INFO - Processing /home/airflow/.local/lib/python3.7/site-packages/airflow/example_dags/tutorial.py took 0.102 seconds
[2022-02-03 23:13:15,943] {processor.py:163} INFO - Started process (PID=1451) to work on /home/airflow/.local/lib/python3.7/site-packages/airflow/example_dags/tutorial.py
[2022-02-03 23:13:15,947] {processor.py:642} INFO - Processing file /home/airflow/.local/lib/python3.7/site-packages/airflow/example_dags/tutorial.py for tasks to queue
[2022-02-03 23:13:15,951] {logging_mixin.py:109} INFO - [2022-02-03 23:13:15,951] {dagbag.py:500} INFO - Filling up the DagBag from /home/airflow/.local/lib/python3.7/site-packages/airflow/example_dags/tutorial.py
[2022-02-03 23:13:15,998] {processor.py:654} INFO - DAG(s) dict_keys(['tutorial']) retrieved from /home/airflow/.local/lib/python3.7/site-packages/airflow/example_dags/tutorial.py
[2022-02-03 23:13:16,029] {logging_mixin.py:109} INFO - [2022-02-03 23:13:16,028] {dag.py:2396} INFO - Sync 1 DAGs
[2022-02-03 23:13:16,061] {logging_mixin.py:109} INFO - [2022-02-03 23:13:16,060] {dag.py:2935} INFO - Setting next_dagrun for tutorial to 2022-02-02T23:13:16.060637+00:00
[2022-02-03 23:13:16,073] {processor.py:171} INFO - Processing /home/airflow/.local/lib/python3.7/site-packages/airflow/example_dags/tutorial.py took 0.139 seconds
[2022-02-03 23:13:46,621] {processor.py:163} INFO - Started process (PID=1515) to work on /home/airflow/.local/lib/python3.7/site-packages/airflow/example_dags/tutorial.py
[2022-02-03 23:13:46,624] {processor.py:642} INFO - Processing file /home/airflow/.local/lib/python3.7/site-packages/airflow/example_dags/tutorial.py for tasks to queue
[2022-02-03 23:13:46,627] {logging_mixin.py:109} INFO - [2022-02-03 23:13:46,627] {dagbag.py:500} INFO - Filling up the DagBag from /home/airflow/.local/lib/python3.7/site-packages/airflow/example_dags/tutorial.py
[2022-02-03 23:15:09,043] {processor.py:163} INFO - Started process (PID=68) to work on /home/airflow/.local/lib/python3.7/site-packages/airflow/example_dags/tutorial.py
[2022-02-03 23:15:09,051] {processor.py:642} INFO - Processing file /home/airflow/.local/lib/python3.7/site-packages/airflow/example_dags/tutorial.py for tasks to queue
[2022-02-03 23:15:09,057] {logging_mixin.py:109} INFO - [2022-02-03 23:15:09,056] {dagbag.py:500} INFO - Filling up the DagBag from /home/airflow/.local/lib/python3.7/site-packages/airflow/example_dags/tutorial.py
[2022-02-03 23:15:09,147] {processor.py:654} INFO - DAG(s) dict_keys(['tutorial']) retrieved from /home/airflow/.local/lib/python3.7/site-packages/airflow/example_dags/tutorial.py
[2022-02-03 23:15:09,177] {logging_mixin.py:109} INFO - [2022-02-03 23:15:09,175] {dag.py:2396} INFO - Sync 1 DAGs
[2022-02-03 23:15:09,234] {logging_mixin.py:109} INFO - [2022-02-03 23:15:09,234] {dag.py:2935} INFO - Setting next_dagrun for tutorial to 2022-02-02T23:15:09.233793+00:00
[2022-02-03 23:15:09,265] {processor.py:171} INFO - Processing /home/airflow/.local/lib/python3.7/site-packages/airflow/example_dags/tutorial.py took 0.226 seconds
[2022-02-03 23:30:34,908] {processor.py:163} INFO - Started process (PID=68) to work on /home/airflow/.local/lib/python3.7/site-packages/airflow/example_dags/tutorial.py
[2022-02-03 23:30:34,913] {processor.py:642} INFO - Processing file /home/airflow/.local/lib/python3.7/site-packages/airflow/example_dags/tutorial.py for tasks to queue
[2022-02-03 23:30:34,927] {logging_mixin.py:109} INFO - [2022-02-03 23:30:34,919] {dagbag.py:500} INFO - Filling up the DagBag from /home/airflow/.local/lib/python3.7/site-packages/airflow/example_dags/tutorial.py
[2022-02-03 23:30:35,017] {processor.py:654} INFO - DAG(s) dict_keys(['tutorial']) retrieved from /home/airflow/.local/lib/python3.7/site-packages/airflow/example_dags/tutorial.py
[2022-02-03 23:30:35,039] {logging_mixin.py:109} INFO - [2022-02-03 23:30:35,039] {dag.py:2396} INFO - Sync 1 DAGs
[2022-02-03 23:30:35,067] {logging_mixin.py:109} INFO - [2022-02-03 23:30:35,067] {dag.py:2935} INFO - Setting next_dagrun for tutorial to 2022-02-02T23:30:35.066849+00:00
[2022-02-03 23:30:35,098] {processor.py:171} INFO - Processing /home/airflow/.local/lib/python3.7/site-packages/airflow/example_dags/tutorial.py took 0.205 seconds
[2022-02-03 23:31:05,536] {processor.py:163} INFO - Started process (PID=120) to work on /home/airflow/.local/lib/python3.7/site-packages/airflow/example_dags/tutorial.py
[2022-02-03 23:31:05,538] {processor.py:642} INFO - Processing file /home/airflow/.local/lib/python3.7/site-packages/airflow/example_dags/tutorial.py for tasks to queue
[2022-02-03 23:31:05,539] {logging_mixin.py:109} INFO - [2022-02-03 23:31:05,539] {dagbag.py:500} INFO - Filling up the DagBag from /home/airflow/.local/lib/python3.7/site-packages/airflow/example_dags/tutorial.py
[2022-02-03 23:31:05,575] {processor.py:654} INFO - DAG(s) dict_keys(['tutorial']) retrieved from /home/airflow/.local/lib/python3.7/site-packages/airflow/example_dags/tutorial.py
[2022-02-03 23:31:05,586] {logging_mixin.py:109} INFO - [2022-02-03 23:31:05,586] {dag.py:2396} INFO - Sync 1 DAGs
[2022-02-03 23:31:05,605] {logging_mixin.py:109} INFO - [2022-02-03 23:31:05,605] {dag.py:2935} INFO - Setting next_dagrun for tutorial to 2022-02-02T23:31:05.605019+00:00
[2022-02-03 23:31:05,617] {processor.py:171} INFO - Processing /home/airflow/.local/lib/python3.7/site-packages/airflow/example_dags/tutorial.py took 0.085 seconds
[2022-02-03 23:31:37,212] {processor.py:163} INFO - Started process (PID=187) to work on /home/airflow/.local/lib/python3.7/site-packages/airflow/example_dags/tutorial.py
[2022-02-03 23:31:37,220] {processor.py:642} INFO - Processing file /home/airflow/.local/lib/python3.7/site-packages/airflow/example_dags/tutorial.py for tasks to queue
[2022-02-03 23:31:37,224] {logging_mixin.py:109} INFO - [2022-02-03 23:31:37,223] {dagbag.py:500} INFO - Filling up the DagBag from /home/airflow/.local/lib/python3.7/site-packages/airflow/example_dags/tutorial.py
[2022-02-03 23:31:37,276] {processor.py:654} INFO - DAG(s) dict_keys(['tutorial']) retrieved from /home/airflow/.local/lib/python3.7/site-packages/airflow/example_dags/tutorial.py
[2022-02-03 23:31:37,318] {logging_mixin.py:109} INFO - [2022-02-03 23:31:37,318] {dag.py:2396} INFO - Sync 1 DAGs
[2022-02-03 23:31:37,347] {logging_mixin.py:109} INFO - [2022-02-03 23:31:37,347] {dag.py:2935} INFO - Setting next_dagrun for tutorial to 2022-02-02T23:31:37.347282+00:00
[2022-02-03 23:31:37,383] {processor.py:171} INFO - Processing /home/airflow/.local/lib/python3.7/site-packages/airflow/example_dags/tutorial.py took 0.181 seconds
[2022-02-03 23:32:08,100] {processor.py:163} INFO - Started process (PID=240) to work on /home/airflow/.local/lib/python3.7/site-packages/airflow/example_dags/tutorial.py
[2022-02-03 23:32:08,119] {processor.py:642} INFO - Processing file /home/airflow/.local/lib/python3.7/site-packages/airflow/example_dags/tutorial.py for tasks to queue
[2022-02-03 23:32:08,125] {logging_mixin.py:109} INFO - [2022-02-03 23:32:08,125] {dagbag.py:500} INFO - Filling up the DagBag from /home/airflow/.local/lib/python3.7/site-packages/airflow/example_dags/tutorial.py
[2022-02-03 23:32:08,214] {processor.py:654} INFO - DAG(s) dict_keys(['tutorial']) retrieved from /home/airflow/.local/lib/python3.7/site-packages/airflow/example_dags/tutorial.py
[2022-02-03 23:32:08,247] {logging_mixin.py:109} INFO - [2022-02-03 23:32:08,247] {dag.py:2396} INFO - Sync 1 DAGs
[2022-02-03 23:32:08,319] {logging_mixin.py:109} INFO - [2022-02-03 23:32:08,319] {dag.py:2935} INFO - Setting next_dagrun for tutorial to 2022-02-02T23:32:08.318739+00:00
[2022-02-03 23:32:08,366] {processor.py:171} INFO - Processing /home/airflow/.local/lib/python3.7/site-packages/airflow/example_dags/tutorial.py took 0.276 seconds
[2022-02-03 23:32:38,942] {processor.py:163} INFO - Started process (PID=293) to work on /home/airflow/.local/lib/python3.7/site-packages/airflow/example_dags/tutorial.py
[2022-02-03 23:32:38,947] {processor.py:642} INFO - Processing file /home/airflow/.local/lib/python3.7/site-packages/airflow/example_dags/tutorial.py for tasks to queue
[2022-02-03 23:32:38,950] {logging_mixin.py:109} INFO - [2022-02-03 23:32:38,949] {dagbag.py:500} INFO - Filling up the DagBag from /home/airflow/.local/lib/python3.7/site-packages/airflow/example_dags/tutorial.py
[2022-02-03 23:32:39,044] {processor.py:654} INFO - DAG(s) dict_keys(['tutorial']) retrieved from /home/airflow/.local/lib/python3.7/site-packages/airflow/example_dags/tutorial.py
[2022-02-03 23:32:39,080] {logging_mixin.py:109} INFO - [2022-02-03 23:32:39,079] {dag.py:2396} INFO - Sync 1 DAGs
[2022-02-03 23:32:39,224] {logging_mixin.py:109} INFO - [2022-02-03 23:32:39,223] {dag.py:2935} INFO - Setting next_dagrun for tutorial to 2022-02-02T23:32:39.222609+00:00
[2022-02-03 23:32:39,254] {processor.py:171} INFO - Processing /home/airflow/.local/lib/python3.7/site-packages/airflow/example_dags/tutorial.py took 0.322 seconds
[2022-02-03 23:33:09,574] {processor.py:163} INFO - Started process (PID=358) to work on /home/airflow/.local/lib/python3.7/site-packages/airflow/example_dags/tutorial.py
[2022-02-03 23:33:09,576] {processor.py:642} INFO - Processing file /home/airflow/.local/lib/python3.7/site-packages/airflow/example_dags/tutorial.py for tasks to queue
[2022-02-03 23:33:09,578] {logging_mixin.py:109} INFO - [2022-02-03 23:33:09,578] {dagbag.py:500} INFO - Filling up the DagBag from /home/airflow/.local/lib/python3.7/site-packages/airflow/example_dags/tutorial.py
[2022-02-03 23:33:09,614] {processor.py:654} INFO - DAG(s) dict_keys(['tutorial']) retrieved from /home/airflow/.local/lib/python3.7/site-packages/airflow/example_dags/tutorial.py
[2022-02-03 23:33:09,631] {logging_mixin.py:109} INFO - [2022-02-03 23:33:09,631] {dag.py:2396} INFO - Sync 1 DAGs
[2022-02-03 23:33:09,652] {logging_mixin.py:109} INFO - [2022-02-03 23:33:09,652] {dag.py:2935} INFO - Setting next_dagrun for tutorial to 2022-02-02T23:33:09.652142+00:00
[2022-02-03 23:33:09,669] {processor.py:171} INFO - Processing /home/airflow/.local/lib/python3.7/site-packages/airflow/example_dags/tutorial.py took 0.098 seconds
[2022-02-03 23:33:41,084] {processor.py:163} INFO - Started process (PID=411) to work on /home/airflow/.local/lib/python3.7/site-packages/airflow/example_dags/tutorial.py
[2022-02-03 23:33:41,088] {processor.py:642} INFO - Processing file /home/airflow/.local/lib/python3.7/site-packages/airflow/example_dags/tutorial.py for tasks to queue
[2022-02-03 23:33:41,090] {logging_mixin.py:109} INFO - [2022-02-03 23:33:41,090] {dagbag.py:500} INFO - Filling up the DagBag from /home/airflow/.local/lib/python3.7/site-packages/airflow/example_dags/tutorial.py
[2022-02-03 23:33:41,177] {processor.py:654} INFO - DAG(s) dict_keys(['tutorial']) retrieved from /home/airflow/.local/lib/python3.7/site-packages/airflow/example_dags/tutorial.py
[2022-02-03 23:33:41,198] {logging_mixin.py:109} INFO - [2022-02-03 23:33:41,197] {dag.py:2396} INFO - Sync 1 DAGs
[2022-02-03 23:33:41,222] {logging_mixin.py:109} INFO - [2022-02-03 23:33:41,222] {dag.py:2935} INFO - Setting next_dagrun for tutorial to 2022-02-02T23:33:41.222102+00:00
[2022-02-03 23:33:41,240] {processor.py:171} INFO - Processing /home/airflow/.local/lib/python3.7/site-packages/airflow/example_dags/tutorial.py took 0.161 seconds
[2022-02-03 23:34:11,687] {processor.py:163} INFO - Started process (PID=463) to work on /home/airflow/.local/lib/python3.7/site-packages/airflow/example_dags/tutorial.py
[2022-02-03 23:34:11,692] {processor.py:642} INFO - Processing file /home/airflow/.local/lib/python3.7/site-packages/airflow/example_dags/tutorial.py for tasks to queue
[2022-02-03 23:34:11,695] {logging_mixin.py:109} INFO - [2022-02-03 23:34:11,694] {dagbag.py:500} INFO - Filling up the DagBag from /home/airflow/.local/lib/python3.7/site-packages/airflow/example_dags/tutorial.py
[2022-02-03 23:34:11,747] {processor.py:654} INFO - DAG(s) dict_keys(['tutorial']) retrieved from /home/airflow/.local/lib/python3.7/site-packages/airflow/example_dags/tutorial.py
[2022-02-03 23:34:11,776] {logging_mixin.py:109} INFO - [2022-02-03 23:34:11,775] {dag.py:2396} INFO - Sync 1 DAGs
[2022-02-03 23:34:11,801] {logging_mixin.py:109} INFO - [2022-02-03 23:34:11,801] {dag.py:2935} INFO - Setting next_dagrun for tutorial to 2022-02-02T23:34:11.800805+00:00
[2022-02-03 23:34:11,819] {processor.py:171} INFO - Processing /home/airflow/.local/lib/python3.7/site-packages/airflow/example_dags/tutorial.py took 0.143 seconds
[2022-02-03 23:34:42,835] {processor.py:163} INFO - Started process (PID=528) to work on /home/airflow/.local/lib/python3.7/site-packages/airflow/example_dags/tutorial.py
[2022-02-03 23:34:42,837] {processor.py:642} INFO - Processing file /home/airflow/.local/lib/python3.7/site-packages/airflow/example_dags/tutorial.py for tasks to queue
[2022-02-03 23:34:42,839] {logging_mixin.py:109} INFO - [2022-02-03 23:34:42,839] {dagbag.py:500} INFO - Filling up the DagBag from /home/airflow/.local/lib/python3.7/site-packages/airflow/example_dags/tutorial.py
[2022-02-03 23:34:42,878] {processor.py:654} INFO - DAG(s) dict_keys(['tutorial']) retrieved from /home/airflow/.local/lib/python3.7/site-packages/airflow/example_dags/tutorial.py
[2022-02-03 23:34:42,892] {logging_mixin.py:109} INFO - [2022-02-03 23:34:42,891] {dag.py:2396} INFO - Sync 1 DAGs
[2022-02-03 23:34:42,910] {logging_mixin.py:109} INFO - [2022-02-03 23:34:42,910] {dag.py:2935} INFO - Setting next_dagrun for tutorial to 2022-02-02T23:34:42.909810+00:00
[2022-02-03 23:34:42,926] {processor.py:171} INFO - Processing /home/airflow/.local/lib/python3.7/site-packages/airflow/example_dags/tutorial.py took 0.094 seconds
[2022-02-03 23:35:13,671] {processor.py:163} INFO - Started process (PID=582) to work on /home/airflow/.local/lib/python3.7/site-packages/airflow/example_dags/tutorial.py
[2022-02-03 23:35:13,673] {processor.py:642} INFO - Processing file /home/airflow/.local/lib/python3.7/site-packages/airflow/example_dags/tutorial.py for tasks to queue
[2022-02-03 23:35:13,675] {logging_mixin.py:109} INFO - [2022-02-03 23:35:13,675] {dagbag.py:500} INFO - Filling up the DagBag from /home/airflow/.local/lib/python3.7/site-packages/airflow/example_dags/tutorial.py
[2022-02-03 23:35:13,718] {processor.py:654} INFO - DAG(s) dict_keys(['tutorial']) retrieved from /home/airflow/.local/lib/python3.7/site-packages/airflow/example_dags/tutorial.py
[2022-02-03 23:35:13,731] {logging_mixin.py:109} INFO - [2022-02-03 23:35:13,731] {dag.py:2396} INFO - Sync 1 DAGs
[2022-02-03 23:35:13,756] {logging_mixin.py:109} INFO - [2022-02-03 23:35:13,755] {dag.py:2935} INFO - Setting next_dagrun for tutorial to 2022-02-02T23:35:13.755356+00:00
[2022-02-03 23:35:13,769] {processor.py:171} INFO - Processing /home/airflow/.local/lib/python3.7/site-packages/airflow/example_dags/tutorial.py took 0.102 seconds
[2022-02-03 23:35:45,227] {processor.py:163} INFO - Started process (PID=645) to work on /home/airflow/.local/lib/python3.7/site-packages/airflow/example_dags/tutorial.py
[2022-02-03 23:35:45,230] {processor.py:642} INFO - Processing file /home/airflow/.local/lib/python3.7/site-packages/airflow/example_dags/tutorial.py for tasks to queue
[2022-02-03 23:35:45,244] {logging_mixin.py:109} INFO - [2022-02-03 23:35:45,243] {dagbag.py:500} INFO - Filling up the DagBag from /home/airflow/.local/lib/python3.7/site-packages/airflow/example_dags/tutorial.py
[2022-02-03 23:35:45,339] {processor.py:654} INFO - DAG(s) dict_keys(['tutorial']) retrieved from /home/airflow/.local/lib/python3.7/site-packages/airflow/example_dags/tutorial.py
[2022-02-03 23:35:45,381] {logging_mixin.py:109} INFO - [2022-02-03 23:35:45,381] {dag.py:2396} INFO - Sync 1 DAGs
[2022-02-03 23:35:45,476] {logging_mixin.py:109} INFO - [2022-02-03 23:35:45,476] {dag.py:2935} INFO - Setting next_dagrun for tutorial to 2022-02-02T23:35:45.475798+00:00
[2022-02-03 23:35:45,549] {processor.py:171} INFO - Processing /home/airflow/.local/lib/python3.7/site-packages/airflow/example_dags/tutorial.py took 0.337 seconds
[2022-02-03 23:36:16,318] {processor.py:163} INFO - Started process (PID=703) to work on /home/airflow/.local/lib/python3.7/site-packages/airflow/example_dags/tutorial.py
[2022-02-03 23:36:16,320] {processor.py:642} INFO - Processing file /home/airflow/.local/lib/python3.7/site-packages/airflow/example_dags/tutorial.py for tasks to queue
[2022-02-03 23:36:16,322] {logging_mixin.py:109} INFO - [2022-02-03 23:36:16,322] {dagbag.py:500} INFO - Filling up the DagBag from /home/airflow/.local/lib/python3.7/site-packages/airflow/example_dags/tutorial.py
[2022-02-03 23:36:16,361] {processor.py:654} INFO - DAG(s) dict_keys(['tutorial']) retrieved from /home/airflow/.local/lib/python3.7/site-packages/airflow/example_dags/tutorial.py
[2022-02-03 23:36:16,375] {logging_mixin.py:109} INFO - [2022-02-03 23:36:16,375] {dag.py:2396} INFO - Sync 1 DAGs
[2022-02-03 23:36:16,397] {logging_mixin.py:109} INFO - [2022-02-03 23:36:16,397] {dag.py:2935} INFO - Setting next_dagrun for tutorial to 2022-02-02T23:36:16.397096+00:00
[2022-02-03 23:36:16,413] {processor.py:171} INFO - Processing /home/airflow/.local/lib/python3.7/site-packages/airflow/example_dags/tutorial.py took 0.099 seconds
[2022-02-03 23:36:46,639] {processor.py:163} INFO - Started process (PID=753) to work on /home/airflow/.local/lib/python3.7/site-packages/airflow/example_dags/tutorial.py
[2022-02-03 23:36:46,641] {processor.py:642} INFO - Processing file /home/airflow/.local/lib/python3.7/site-packages/airflow/example_dags/tutorial.py for tasks to queue
[2022-02-03 23:36:46,643] {logging_mixin.py:109} INFO - [2022-02-03 23:36:46,643] {dagbag.py:500} INFO - Filling up the DagBag from /home/airflow/.local/lib/python3.7/site-packages/airflow/example_dags/tutorial.py
[2022-02-03 23:36:46,685] {processor.py:654} INFO - DAG(s) dict_keys(['tutorial']) retrieved from /home/airflow/.local/lib/python3.7/site-packages/airflow/example_dags/tutorial.py
[2022-02-03 23:36:46,701] {logging_mixin.py:109} INFO - [2022-02-03 23:36:46,701] {dag.py:2396} INFO - Sync 1 DAGs
[2022-02-03 23:36:46,720] {logging_mixin.py:109} INFO - [2022-02-03 23:36:46,720] {dag.py:2935} INFO - Setting next_dagrun for tutorial to 2022-02-02T23:36:46.720464+00:00
[2022-02-03 23:36:46,734] {processor.py:171} INFO - Processing /home/airflow/.local/lib/python3.7/site-packages/airflow/example_dags/tutorial.py took 0.100 seconds
[2022-02-03 23:37:17,180] {processor.py:163} INFO - Started process (PID=806) to work on /home/airflow/.local/lib/python3.7/site-packages/airflow/example_dags/tutorial.py
[2022-02-03 23:37:17,182] {processor.py:642} INFO - Processing file /home/airflow/.local/lib/python3.7/site-packages/airflow/example_dags/tutorial.py for tasks to queue
[2022-02-03 23:37:17,184] {logging_mixin.py:109} INFO - [2022-02-03 23:37:17,184] {dagbag.py:500} INFO - Filling up the DagBag from /home/airflow/.local/lib/python3.7/site-packages/airflow/example_dags/tutorial.py
[2022-02-03 23:37:17,237] {processor.py:654} INFO - DAG(s) dict_keys(['tutorial']) retrieved from /home/airflow/.local/lib/python3.7/site-packages/airflow/example_dags/tutorial.py
[2022-02-03 23:37:17,251] {logging_mixin.py:109} INFO - [2022-02-03 23:37:17,251] {dag.py:2396} INFO - Sync 1 DAGs
[2022-02-03 23:37:17,292] {logging_mixin.py:109} INFO - [2022-02-03 23:37:17,292] {dag.py:2935} INFO - Setting next_dagrun for tutorial to 2022-02-02T23:37:17.292164+00:00
[2022-02-03 23:37:17,308] {processor.py:171} INFO - Processing /home/airflow/.local/lib/python3.7/site-packages/airflow/example_dags/tutorial.py took 0.133 seconds
[2022-02-03 23:37:47,935] {processor.py:163} INFO - Started process (PID=870) to work on /home/airflow/.local/lib/python3.7/site-packages/airflow/example_dags/tutorial.py
[2022-02-03 23:37:47,937] {processor.py:642} INFO - Processing file /home/airflow/.local/lib/python3.7/site-packages/airflow/example_dags/tutorial.py for tasks to queue
[2022-02-03 23:37:47,938] {logging_mixin.py:109} INFO - [2022-02-03 23:37:47,938] {dagbag.py:500} INFO - Filling up the DagBag from /home/airflow/.local/lib/python3.7/site-packages/airflow/example_dags/tutorial.py
[2022-02-03 23:37:47,985] {processor.py:654} INFO - DAG(s) dict_keys(['tutorial']) retrieved from /home/airflow/.local/lib/python3.7/site-packages/airflow/example_dags/tutorial.py
[2022-02-03 23:37:47,999] {logging_mixin.py:109} INFO - [2022-02-03 23:37:47,998] {dag.py:2396} INFO - Sync 1 DAGs
[2022-02-03 23:37:48,018] {logging_mixin.py:109} INFO - [2022-02-03 23:37:48,018] {dag.py:2935} INFO - Setting next_dagrun for tutorial to 2022-02-02T23:37:48.017948+00:00
[2022-02-03 23:37:48,033] {processor.py:171} INFO - Processing /home/airflow/.local/lib/python3.7/site-packages/airflow/example_dags/tutorial.py took 0.102 seconds
[2022-02-03 23:38:18,645] {processor.py:163} INFO - Started process (PID=923) to work on /home/airflow/.local/lib/python3.7/site-packages/airflow/example_dags/tutorial.py
[2022-02-03 23:38:18,650] {processor.py:642} INFO - Processing file /home/airflow/.local/lib/python3.7/site-packages/airflow/example_dags/tutorial.py for tasks to queue
[2022-02-03 23:38:18,652] {logging_mixin.py:109} INFO - [2022-02-03 23:38:18,652] {dagbag.py:500} INFO - Filling up the DagBag from /home/airflow/.local/lib/python3.7/site-packages/airflow/example_dags/tutorial.py
[2022-02-03 23:38:18,691] {processor.py:654} INFO - DAG(s) dict_keys(['tutorial']) retrieved from /home/airflow/.local/lib/python3.7/site-packages/airflow/example_dags/tutorial.py
[2022-02-03 23:38:18,705] {logging_mixin.py:109} INFO - [2022-02-03 23:38:18,705] {dag.py:2396} INFO - Sync 1 DAGs
[2022-02-03 23:38:18,725] {logging_mixin.py:109} INFO - [2022-02-03 23:38:18,725] {dag.py:2935} INFO - Setting next_dagrun for tutorial to 2022-02-02T23:38:18.724599+00:00
[2022-02-03 23:38:18,741] {processor.py:171} INFO - Processing /home/airflow/.local/lib/python3.7/site-packages/airflow/example_dags/tutorial.py took 0.100 seconds
[2022-02-03 23:38:49,814] {processor.py:163} INFO - Started process (PID=978) to work on /home/airflow/.local/lib/python3.7/site-packages/airflow/example_dags/tutorial.py
[2022-02-03 23:38:49,817] {processor.py:642} INFO - Processing file /home/airflow/.local/lib/python3.7/site-packages/airflow/example_dags/tutorial.py for tasks to queue
[2022-02-03 23:38:49,818] {logging_mixin.py:109} INFO - [2022-02-03 23:38:49,818] {dagbag.py:500} INFO - Filling up the DagBag from /home/airflow/.local/lib/python3.7/site-packages/airflow/example_dags/tutorial.py
[2022-02-03 23:38:49,856] {processor.py:654} INFO - DAG(s) dict_keys(['tutorial']) retrieved from /home/airflow/.local/lib/python3.7/site-packages/airflow/example_dags/tutorial.py
[2022-02-03 23:38:49,871] {logging_mixin.py:109} INFO - [2022-02-03 23:38:49,871] {dag.py:2396} INFO - Sync 1 DAGs
[2022-02-03 23:38:49,887] {logging_mixin.py:109} INFO - [2022-02-03 23:38:49,887] {dag.py:2935} INFO - Setting next_dagrun for tutorial to 2022-02-02T23:38:49.887153+00:00
[2022-02-03 23:38:49,903] {processor.py:171} INFO - Processing /home/airflow/.local/lib/python3.7/site-packages/airflow/example_dags/tutorial.py took 0.092 seconds
[2022-02-03 23:39:20,373] {processor.py:163} INFO - Started process (PID=1043) to work on /home/airflow/.local/lib/python3.7/site-packages/airflow/example_dags/tutorial.py
[2022-02-03 23:39:20,375] {processor.py:642} INFO - Processing file /home/airflow/.local/lib/python3.7/site-packages/airflow/example_dags/tutorial.py for tasks to queue
[2022-02-03 23:39:20,377] {logging_mixin.py:109} INFO - [2022-02-03 23:39:20,376] {dagbag.py:500} INFO - Filling up the DagBag from /home/airflow/.local/lib/python3.7/site-packages/airflow/example_dags/tutorial.py
[2022-02-03 23:39:20,416] {processor.py:654} INFO - DAG(s) dict_keys(['tutorial']) retrieved from /home/airflow/.local/lib/python3.7/site-packages/airflow/example_dags/tutorial.py
[2022-02-03 23:39:20,430] {logging_mixin.py:109} INFO - [2022-02-03 23:39:20,430] {dag.py:2396} INFO - Sync 1 DAGs
[2022-02-03 23:39:20,448] {logging_mixin.py:109} INFO - [2022-02-03 23:39:20,448] {dag.py:2935} INFO - Setting next_dagrun for tutorial to 2022-02-02T23:39:20.448383+00:00
[2022-02-03 23:39:20,462] {processor.py:171} INFO - Processing /home/airflow/.local/lib/python3.7/site-packages/airflow/example_dags/tutorial.py took 0.092 seconds
[2022-02-03 23:39:51,090] {processor.py:163} INFO - Started process (PID=1095) to work on /home/airflow/.local/lib/python3.7/site-packages/airflow/example_dags/tutorial.py
[2022-02-03 23:39:51,092] {processor.py:642} INFO - Processing file /home/airflow/.local/lib/python3.7/site-packages/airflow/example_dags/tutorial.py for tasks to queue
[2022-02-03 23:39:51,093] {logging_mixin.py:109} INFO - [2022-02-03 23:39:51,093] {dagbag.py:500} INFO - Filling up the DagBag from /home/airflow/.local/lib/python3.7/site-packages/airflow/example_dags/tutorial.py
[2022-02-03 23:39:51,127] {processor.py:654} INFO - DAG(s) dict_keys(['tutorial']) retrieved from /home/airflow/.local/lib/python3.7/site-packages/airflow/example_dags/tutorial.py
[2022-02-03 23:39:51,139] {logging_mixin.py:109} INFO - [2022-02-03 23:39:51,139] {dag.py:2396} INFO - Sync 1 DAGs
[2022-02-03 23:39:51,163] {logging_mixin.py:109} INFO - [2022-02-03 23:39:51,162] {dag.py:2935} INFO - Setting next_dagrun for tutorial to 2022-02-02T23:39:51.162723+00:00
[2022-02-03 23:39:51,177] {processor.py:171} INFO - Processing /home/airflow/.local/lib/python3.7/site-packages/airflow/example_dags/tutorial.py took 0.090 seconds
[2022-02-03 23:40:21,435] {processor.py:163} INFO - Started process (PID=1159) to work on /home/airflow/.local/lib/python3.7/site-packages/airflow/example_dags/tutorial.py
[2022-02-03 23:40:21,438] {processor.py:642} INFO - Processing file /home/airflow/.local/lib/python3.7/site-packages/airflow/example_dags/tutorial.py for tasks to queue
[2022-02-03 23:40:21,439] {logging_mixin.py:109} INFO - [2022-02-03 23:40:21,439] {dagbag.py:500} INFO - Filling up the DagBag from /home/airflow/.local/lib/python3.7/site-packages/airflow/example_dags/tutorial.py
[2022-02-03 23:40:21,485] {processor.py:654} INFO - DAG(s) dict_keys(['tutorial']) retrieved from /home/airflow/.local/lib/python3.7/site-packages/airflow/example_dags/tutorial.py
[2022-02-03 23:40:21,501] {logging_mixin.py:109} INFO - [2022-02-03 23:40:21,500] {dag.py:2396} INFO - Sync 1 DAGs
[2022-02-03 23:40:21,522] {logging_mixin.py:109} INFO - [2022-02-03 23:40:21,522] {dag.py:2935} INFO - Setting next_dagrun for tutorial to 2022-02-02T23:40:21.522463+00:00
[2022-02-03 23:40:21,540] {processor.py:171} INFO - Processing /home/airflow/.local/lib/python3.7/site-packages/airflow/example_dags/tutorial.py took 0.113 seconds
