[2022-02-03 23:02:04,917] {processor.py:163} INFO - Started process (PID=82) to work on /home/airflow/.local/lib/python3.7/site-packages/airflow/example_dags/tutorial_taskflow_api_etl.py
[2022-02-03 23:02:04,920] {processor.py:642} INFO - Processing file /home/airflow/.local/lib/python3.7/site-packages/airflow/example_dags/tutorial_taskflow_api_etl.py for tasks to queue
[2022-02-03 23:02:04,925] {logging_mixin.py:109} INFO - [2022-02-03 23:02:04,924] {dagbag.py:500} INFO - Filling up the DagBag from /home/airflow/.local/lib/python3.7/site-packages/airflow/example_dags/tutorial_taskflow_api_etl.py
[2022-02-03 23:02:05,001] {processor.py:654} INFO - DAG(s) dict_keys(['tutorial_taskflow_api_etl']) retrieved from /home/airflow/.local/lib/python3.7/site-packages/airflow/example_dags/tutorial_taskflow_api_etl.py
[2022-02-03 23:02:08,877] {logging_mixin.py:109} INFO - [2022-02-03 23:02:08,877] {manager.py:496} INFO - Created Permission View: can read on DAG:tutorial_taskflow_api_etl
[2022-02-03 23:02:08,897] {logging_mixin.py:109} INFO - [2022-02-03 23:02:08,897] {manager.py:496} INFO - Created Permission View: can edit on DAG:tutorial_taskflow_api_etl
[2022-02-03 23:02:08,899] {logging_mixin.py:109} INFO - [2022-02-03 23:02:08,899] {dag.py:2396} INFO - Sync 1 DAGs
[2022-02-03 23:02:08,922] {logging_mixin.py:109} INFO - [2022-02-03 23:02:08,922] {dag.py:2415} INFO - Creating ORM DAG for tutorial_taskflow_api_etl
[2022-02-03 23:02:08,949] {logging_mixin.py:109} INFO - [2022-02-03 23:02:08,949] {dag.py:2935} INFO - Setting next_dagrun for tutorial_taskflow_api_etl to None
[2022-02-03 23:02:08,973] {processor.py:171} INFO - Processing /home/airflow/.local/lib/python3.7/site-packages/airflow/example_dags/tutorial_taskflow_api_etl.py took 4.062 seconds
[2022-02-03 23:02:39,477] {processor.py:163} INFO - Started process (PID=232) to work on /home/airflow/.local/lib/python3.7/site-packages/airflow/example_dags/tutorial_taskflow_api_etl.py
[2022-02-03 23:02:39,480] {processor.py:642} INFO - Processing file /home/airflow/.local/lib/python3.7/site-packages/airflow/example_dags/tutorial_taskflow_api_etl.py for tasks to queue
[2022-02-03 23:02:39,483] {logging_mixin.py:109} INFO - [2022-02-03 23:02:39,483] {dagbag.py:500} INFO - Filling up the DagBag from /home/airflow/.local/lib/python3.7/site-packages/airflow/example_dags/tutorial_taskflow_api_etl.py
[2022-02-03 23:02:39,527] {processor.py:654} INFO - DAG(s) dict_keys(['tutorial_taskflow_api_etl']) retrieved from /home/airflow/.local/lib/python3.7/site-packages/airflow/example_dags/tutorial_taskflow_api_etl.py
[2022-02-03 23:02:39,876] {logging_mixin.py:109} INFO - [2022-02-03 23:02:39,876] {dag.py:2396} INFO - Sync 1 DAGs
[2022-02-03 23:02:39,896] {logging_mixin.py:109} INFO - [2022-02-03 23:02:39,896] {dag.py:2935} INFO - Setting next_dagrun for tutorial_taskflow_api_etl to None
[2022-02-03 23:02:39,915] {processor.py:171} INFO - Processing /home/airflow/.local/lib/python3.7/site-packages/airflow/example_dags/tutorial_taskflow_api_etl.py took 0.445 seconds
[2022-02-03 23:03:10,212] {processor.py:163} INFO - Started process (PID=295) to work on /home/airflow/.local/lib/python3.7/site-packages/airflow/example_dags/tutorial_taskflow_api_etl.py
[2022-02-03 23:03:10,213] {processor.py:642} INFO - Processing file /home/airflow/.local/lib/python3.7/site-packages/airflow/example_dags/tutorial_taskflow_api_etl.py for tasks to queue
[2022-02-03 23:03:10,215] {logging_mixin.py:109} INFO - [2022-02-03 23:03:10,215] {dagbag.py:500} INFO - Filling up the DagBag from /home/airflow/.local/lib/python3.7/site-packages/airflow/example_dags/tutorial_taskflow_api_etl.py
[2022-02-03 23:03:10,267] {processor.py:654} INFO - DAG(s) dict_keys(['tutorial_taskflow_api_etl']) retrieved from /home/airflow/.local/lib/python3.7/site-packages/airflow/example_dags/tutorial_taskflow_api_etl.py
[2022-02-03 23:03:10,576] {logging_mixin.py:109} INFO - [2022-02-03 23:03:10,576] {dag.py:2396} INFO - Sync 1 DAGs
[2022-02-03 23:03:10,590] {logging_mixin.py:109} INFO - [2022-02-03 23:03:10,590] {dag.py:2935} INFO - Setting next_dagrun for tutorial_taskflow_api_etl to None
[2022-02-03 23:03:10,601] {processor.py:171} INFO - Processing /home/airflow/.local/lib/python3.7/site-packages/airflow/example_dags/tutorial_taskflow_api_etl.py took 0.395 seconds
[2022-02-03 23:03:40,747] {processor.py:163} INFO - Started process (PID=348) to work on /home/airflow/.local/lib/python3.7/site-packages/airflow/example_dags/tutorial_taskflow_api_etl.py
[2022-02-03 23:03:40,752] {processor.py:642} INFO - Processing file /home/airflow/.local/lib/python3.7/site-packages/airflow/example_dags/tutorial_taskflow_api_etl.py for tasks to queue
[2022-02-03 23:03:40,756] {logging_mixin.py:109} INFO - [2022-02-03 23:03:40,755] {dagbag.py:500} INFO - Filling up the DagBag from /home/airflow/.local/lib/python3.7/site-packages/airflow/example_dags/tutorial_taskflow_api_etl.py
[2022-02-03 23:03:40,799] {processor.py:654} INFO - DAG(s) dict_keys(['tutorial_taskflow_api_etl']) retrieved from /home/airflow/.local/lib/python3.7/site-packages/airflow/example_dags/tutorial_taskflow_api_etl.py
[2022-02-03 23:03:41,104] {logging_mixin.py:109} INFO - [2022-02-03 23:03:41,104] {dag.py:2396} INFO - Sync 1 DAGs
[2022-02-03 23:03:41,123] {logging_mixin.py:109} INFO - [2022-02-03 23:03:41,123] {dag.py:2935} INFO - Setting next_dagrun for tutorial_taskflow_api_etl to None
[2022-02-03 23:03:41,135] {processor.py:171} INFO - Processing /home/airflow/.local/lib/python3.7/site-packages/airflow/example_dags/tutorial_taskflow_api_etl.py took 0.392 seconds
[2022-02-03 23:04:11,217] {processor.py:163} INFO - Started process (PID=402) to work on /home/airflow/.local/lib/python3.7/site-packages/airflow/example_dags/tutorial_taskflow_api_etl.py
[2022-02-03 23:04:11,220] {processor.py:642} INFO - Processing file /home/airflow/.local/lib/python3.7/site-packages/airflow/example_dags/tutorial_taskflow_api_etl.py for tasks to queue
[2022-02-03 23:04:11,222] {logging_mixin.py:109} INFO - [2022-02-03 23:04:11,222] {dagbag.py:500} INFO - Filling up the DagBag from /home/airflow/.local/lib/python3.7/site-packages/airflow/example_dags/tutorial_taskflow_api_etl.py
[2022-02-03 23:04:11,261] {processor.py:654} INFO - DAG(s) dict_keys(['tutorial_taskflow_api_etl']) retrieved from /home/airflow/.local/lib/python3.7/site-packages/airflow/example_dags/tutorial_taskflow_api_etl.py
[2022-02-03 23:04:11,571] {logging_mixin.py:109} INFO - [2022-02-03 23:04:11,571] {dag.py:2396} INFO - Sync 1 DAGs
[2022-02-03 23:04:11,587] {logging_mixin.py:109} INFO - [2022-02-03 23:04:11,586] {dag.py:2935} INFO - Setting next_dagrun for tutorial_taskflow_api_etl to None
[2022-02-03 23:04:11,598] {processor.py:171} INFO - Processing /home/airflow/.local/lib/python3.7/site-packages/airflow/example_dags/tutorial_taskflow_api_etl.py took 0.386 seconds
[2022-02-03 23:04:41,762] {processor.py:163} INFO - Started process (PID=470) to work on /home/airflow/.local/lib/python3.7/site-packages/airflow/example_dags/tutorial_taskflow_api_etl.py
[2022-02-03 23:04:41,766] {processor.py:642} INFO - Processing file /home/airflow/.local/lib/python3.7/site-packages/airflow/example_dags/tutorial_taskflow_api_etl.py for tasks to queue
[2022-02-03 23:04:41,768] {logging_mixin.py:109} INFO - [2022-02-03 23:04:41,768] {dagbag.py:500} INFO - Filling up the DagBag from /home/airflow/.local/lib/python3.7/site-packages/airflow/example_dags/tutorial_taskflow_api_etl.py
[2022-02-03 23:04:41,862] {processor.py:654} INFO - DAG(s) dict_keys(['tutorial_taskflow_api_etl']) retrieved from /home/airflow/.local/lib/python3.7/site-packages/airflow/example_dags/tutorial_taskflow_api_etl.py
[2022-02-03 23:04:42,641] {logging_mixin.py:109} INFO - [2022-02-03 23:04:42,641] {dag.py:2396} INFO - Sync 1 DAGs
[2022-02-03 23:04:42,685] {logging_mixin.py:109} INFO - [2022-02-03 23:04:42,684] {dag.py:2935} INFO - Setting next_dagrun for tutorial_taskflow_api_etl to None
[2022-02-03 23:04:42,702] {processor.py:171} INFO - Processing /home/airflow/.local/lib/python3.7/site-packages/airflow/example_dags/tutorial_taskflow_api_etl.py took 0.945 seconds
[2022-02-03 23:05:13,454] {processor.py:163} INFO - Started process (PID=523) to work on /home/airflow/.local/lib/python3.7/site-packages/airflow/example_dags/tutorial_taskflow_api_etl.py
[2022-02-03 23:05:13,457] {processor.py:642} INFO - Processing file /home/airflow/.local/lib/python3.7/site-packages/airflow/example_dags/tutorial_taskflow_api_etl.py for tasks to queue
[2022-02-03 23:05:13,458] {logging_mixin.py:109} INFO - [2022-02-03 23:05:13,458] {dagbag.py:500} INFO - Filling up the DagBag from /home/airflow/.local/lib/python3.7/site-packages/airflow/example_dags/tutorial_taskflow_api_etl.py
[2022-02-03 23:05:13,498] {processor.py:654} INFO - DAG(s) dict_keys(['tutorial_taskflow_api_etl']) retrieved from /home/airflow/.local/lib/python3.7/site-packages/airflow/example_dags/tutorial_taskflow_api_etl.py
[2022-02-03 23:05:13,768] {logging_mixin.py:109} INFO - [2022-02-03 23:05:13,768] {dag.py:2396} INFO - Sync 1 DAGs
[2022-02-03 23:05:13,782] {logging_mixin.py:109} INFO - [2022-02-03 23:05:13,782] {dag.py:2935} INFO - Setting next_dagrun for tutorial_taskflow_api_etl to None
[2022-02-03 23:05:13,794] {processor.py:171} INFO - Processing /home/airflow/.local/lib/python3.7/site-packages/airflow/example_dags/tutorial_taskflow_api_etl.py took 0.346 seconds
[2022-02-03 23:05:43,957] {processor.py:163} INFO - Started process (PID=592) to work on /home/airflow/.local/lib/python3.7/site-packages/airflow/example_dags/tutorial_taskflow_api_etl.py
[2022-02-03 23:05:43,964] {processor.py:642} INFO - Processing file /home/airflow/.local/lib/python3.7/site-packages/airflow/example_dags/tutorial_taskflow_api_etl.py for tasks to queue
[2022-02-03 23:05:43,969] {logging_mixin.py:109} INFO - [2022-02-03 23:05:43,969] {dagbag.py:500} INFO - Filling up the DagBag from /home/airflow/.local/lib/python3.7/site-packages/airflow/example_dags/tutorial_taskflow_api_etl.py
[2022-02-03 23:05:44,042] {processor.py:654} INFO - DAG(s) dict_keys(['tutorial_taskflow_api_etl']) retrieved from /home/airflow/.local/lib/python3.7/site-packages/airflow/example_dags/tutorial_taskflow_api_etl.py
[2022-02-03 23:05:44,422] {logging_mixin.py:109} INFO - [2022-02-03 23:05:44,422] {dag.py:2396} INFO - Sync 1 DAGs
[2022-02-03 23:05:44,443] {logging_mixin.py:109} INFO - [2022-02-03 23:05:44,443] {dag.py:2935} INFO - Setting next_dagrun for tutorial_taskflow_api_etl to None
[2022-02-03 23:05:44,457] {processor.py:171} INFO - Processing /home/airflow/.local/lib/python3.7/site-packages/airflow/example_dags/tutorial_taskflow_api_etl.py took 0.512 seconds
[2022-02-03 23:06:14,943] {processor.py:163} INFO - Started process (PID=647) to work on /home/airflow/.local/lib/python3.7/site-packages/airflow/example_dags/tutorial_taskflow_api_etl.py
[2022-02-03 23:06:14,948] {processor.py:642} INFO - Processing file /home/airflow/.local/lib/python3.7/site-packages/airflow/example_dags/tutorial_taskflow_api_etl.py for tasks to queue
[2022-02-03 23:06:14,950] {logging_mixin.py:109} INFO - [2022-02-03 23:06:14,950] {dagbag.py:500} INFO - Filling up the DagBag from /home/airflow/.local/lib/python3.7/site-packages/airflow/example_dags/tutorial_taskflow_api_etl.py
[2022-02-03 23:06:15,003] {processor.py:654} INFO - DAG(s) dict_keys(['tutorial_taskflow_api_etl']) retrieved from /home/airflow/.local/lib/python3.7/site-packages/airflow/example_dags/tutorial_taskflow_api_etl.py
[2022-02-03 23:06:15,463] {logging_mixin.py:109} INFO - [2022-02-03 23:06:15,462] {dag.py:2396} INFO - Sync 1 DAGs
[2022-02-03 23:06:15,476] {logging_mixin.py:109} INFO - [2022-02-03 23:06:15,476] {dag.py:2935} INFO - Setting next_dagrun for tutorial_taskflow_api_etl to None
[2022-02-03 23:06:15,487] {processor.py:171} INFO - Processing /home/airflow/.local/lib/python3.7/site-packages/airflow/example_dags/tutorial_taskflow_api_etl.py took 0.551 seconds
[2022-02-03 23:06:45,551] {processor.py:163} INFO - Started process (PID=700) to work on /home/airflow/.local/lib/python3.7/site-packages/airflow/example_dags/tutorial_taskflow_api_etl.py
[2022-02-03 23:06:45,553] {processor.py:642} INFO - Processing file /home/airflow/.local/lib/python3.7/site-packages/airflow/example_dags/tutorial_taskflow_api_etl.py for tasks to queue
[2022-02-03 23:06:45,555] {logging_mixin.py:109} INFO - [2022-02-03 23:06:45,554] {dagbag.py:500} INFO - Filling up the DagBag from /home/airflow/.local/lib/python3.7/site-packages/airflow/example_dags/tutorial_taskflow_api_etl.py
[2022-02-03 23:06:45,589] {processor.py:654} INFO - DAG(s) dict_keys(['tutorial_taskflow_api_etl']) retrieved from /home/airflow/.local/lib/python3.7/site-packages/airflow/example_dags/tutorial_taskflow_api_etl.py
[2022-02-03 23:06:45,905] {logging_mixin.py:109} INFO - [2022-02-03 23:06:45,905] {dag.py:2396} INFO - Sync 1 DAGs
[2022-02-03 23:06:45,929] {logging_mixin.py:109} INFO - [2022-02-03 23:06:45,929] {dag.py:2935} INFO - Setting next_dagrun for tutorial_taskflow_api_etl to None
[2022-02-03 23:06:45,959] {processor.py:171} INFO - Processing /home/airflow/.local/lib/python3.7/site-packages/airflow/example_dags/tutorial_taskflow_api_etl.py took 0.412 seconds
[2022-02-03 23:07:16,302] {processor.py:163} INFO - Started process (PID=763) to work on /home/airflow/.local/lib/python3.7/site-packages/airflow/example_dags/tutorial_taskflow_api_etl.py
[2022-02-03 23:07:16,304] {processor.py:642} INFO - Processing file /home/airflow/.local/lib/python3.7/site-packages/airflow/example_dags/tutorial_taskflow_api_etl.py for tasks to queue
[2022-02-03 23:07:16,306] {logging_mixin.py:109} INFO - [2022-02-03 23:07:16,305] {dagbag.py:500} INFO - Filling up the DagBag from /home/airflow/.local/lib/python3.7/site-packages/airflow/example_dags/tutorial_taskflow_api_etl.py
[2022-02-03 23:07:16,343] {processor.py:654} INFO - DAG(s) dict_keys(['tutorial_taskflow_api_etl']) retrieved from /home/airflow/.local/lib/python3.7/site-packages/airflow/example_dags/tutorial_taskflow_api_etl.py
[2022-02-03 23:07:16,772] {logging_mixin.py:109} INFO - [2022-02-03 23:07:16,772] {dag.py:2396} INFO - Sync 1 DAGs
[2022-02-03 23:07:16,794] {logging_mixin.py:109} INFO - [2022-02-03 23:07:16,794] {dag.py:2935} INFO - Setting next_dagrun for tutorial_taskflow_api_etl to None
[2022-02-03 23:07:16,812] {processor.py:171} INFO - Processing /home/airflow/.local/lib/python3.7/site-packages/airflow/example_dags/tutorial_taskflow_api_etl.py took 0.514 seconds
[2022-02-03 23:07:47,479] {processor.py:163} INFO - Started process (PID=815) to work on /home/airflow/.local/lib/python3.7/site-packages/airflow/example_dags/tutorial_taskflow_api_etl.py
[2022-02-03 23:07:47,482] {processor.py:642} INFO - Processing file /home/airflow/.local/lib/python3.7/site-packages/airflow/example_dags/tutorial_taskflow_api_etl.py for tasks to queue
[2022-02-03 23:07:47,484] {logging_mixin.py:109} INFO - [2022-02-03 23:07:47,483] {dagbag.py:500} INFO - Filling up the DagBag from /home/airflow/.local/lib/python3.7/site-packages/airflow/example_dags/tutorial_taskflow_api_etl.py
[2022-02-03 23:07:47,519] {processor.py:654} INFO - DAG(s) dict_keys(['tutorial_taskflow_api_etl']) retrieved from /home/airflow/.local/lib/python3.7/site-packages/airflow/example_dags/tutorial_taskflow_api_etl.py
[2022-02-03 23:07:47,820] {logging_mixin.py:109} INFO - [2022-02-03 23:07:47,820] {dag.py:2396} INFO - Sync 1 DAGs
[2022-02-03 23:07:47,833] {logging_mixin.py:109} INFO - [2022-02-03 23:07:47,833] {dag.py:2935} INFO - Setting next_dagrun for tutorial_taskflow_api_etl to None
[2022-02-03 23:07:47,843] {processor.py:171} INFO - Processing /home/airflow/.local/lib/python3.7/site-packages/airflow/example_dags/tutorial_taskflow_api_etl.py took 0.369 seconds
[2022-02-03 23:08:17,942] {processor.py:163} INFO - Started process (PID=873) to work on /home/airflow/.local/lib/python3.7/site-packages/airflow/example_dags/tutorial_taskflow_api_etl.py
[2022-02-03 23:08:17,943] {processor.py:642} INFO - Processing file /home/airflow/.local/lib/python3.7/site-packages/airflow/example_dags/tutorial_taskflow_api_etl.py for tasks to queue
[2022-02-03 23:08:17,945] {logging_mixin.py:109} INFO - [2022-02-03 23:08:17,945] {dagbag.py:500} INFO - Filling up the DagBag from /home/airflow/.local/lib/python3.7/site-packages/airflow/example_dags/tutorial_taskflow_api_etl.py
[2022-02-03 23:08:17,983] {processor.py:654} INFO - DAG(s) dict_keys(['tutorial_taskflow_api_etl']) retrieved from /home/airflow/.local/lib/python3.7/site-packages/airflow/example_dags/tutorial_taskflow_api_etl.py
[2022-02-03 23:08:18,258] {logging_mixin.py:109} INFO - [2022-02-03 23:08:18,258] {dag.py:2396} INFO - Sync 1 DAGs
[2022-02-03 23:08:18,274] {logging_mixin.py:109} INFO - [2022-02-03 23:08:18,274] {dag.py:2935} INFO - Setting next_dagrun for tutorial_taskflow_api_etl to None
[2022-02-03 23:08:18,289] {processor.py:171} INFO - Processing /home/airflow/.local/lib/python3.7/site-packages/airflow/example_dags/tutorial_taskflow_api_etl.py took 0.352 seconds
[2022-02-03 23:08:48,481] {processor.py:163} INFO - Started process (PID=943) to work on /home/airflow/.local/lib/python3.7/site-packages/airflow/example_dags/tutorial_taskflow_api_etl.py
[2022-02-03 23:08:48,483] {processor.py:642} INFO - Processing file /home/airflow/.local/lib/python3.7/site-packages/airflow/example_dags/tutorial_taskflow_api_etl.py for tasks to queue
[2022-02-03 23:08:48,486] {logging_mixin.py:109} INFO - [2022-02-03 23:08:48,485] {dagbag.py:500} INFO - Filling up the DagBag from /home/airflow/.local/lib/python3.7/site-packages/airflow/example_dags/tutorial_taskflow_api_etl.py
[2022-02-03 23:08:48,525] {processor.py:654} INFO - DAG(s) dict_keys(['tutorial_taskflow_api_etl']) retrieved from /home/airflow/.local/lib/python3.7/site-packages/airflow/example_dags/tutorial_taskflow_api_etl.py
[2022-02-03 23:08:48,824] {logging_mixin.py:109} INFO - [2022-02-03 23:08:48,823] {dag.py:2396} INFO - Sync 1 DAGs
[2022-02-03 23:08:48,845] {logging_mixin.py:109} INFO - [2022-02-03 23:08:48,844] {dag.py:2935} INFO - Setting next_dagrun for tutorial_taskflow_api_etl to None
[2022-02-03 23:08:48,862] {processor.py:171} INFO - Processing /home/airflow/.local/lib/python3.7/site-packages/airflow/example_dags/tutorial_taskflow_api_etl.py took 0.385 seconds
[2022-02-03 23:09:19,260] {processor.py:163} INFO - Started process (PID=999) to work on /home/airflow/.local/lib/python3.7/site-packages/airflow/example_dags/tutorial_taskflow_api_etl.py
[2022-02-03 23:09:19,262] {processor.py:642} INFO - Processing file /home/airflow/.local/lib/python3.7/site-packages/airflow/example_dags/tutorial_taskflow_api_etl.py for tasks to queue
[2022-02-03 23:09:19,265] {logging_mixin.py:109} INFO - [2022-02-03 23:09:19,265] {dagbag.py:500} INFO - Filling up the DagBag from /home/airflow/.local/lib/python3.7/site-packages/airflow/example_dags/tutorial_taskflow_api_etl.py
[2022-02-03 23:09:19,307] {processor.py:654} INFO - DAG(s) dict_keys(['tutorial_taskflow_api_etl']) retrieved from /home/airflow/.local/lib/python3.7/site-packages/airflow/example_dags/tutorial_taskflow_api_etl.py
[2022-02-03 23:09:19,616] {logging_mixin.py:109} INFO - [2022-02-03 23:09:19,616] {dag.py:2396} INFO - Sync 1 DAGs
[2022-02-03 23:09:19,643] {logging_mixin.py:109} INFO - [2022-02-03 23:09:19,643] {dag.py:2935} INFO - Setting next_dagrun for tutorial_taskflow_api_etl to None
[2022-02-03 23:09:19,665] {processor.py:171} INFO - Processing /home/airflow/.local/lib/python3.7/site-packages/airflow/example_dags/tutorial_taskflow_api_etl.py took 0.411 seconds
[2022-02-03 23:09:49,797] {processor.py:163} INFO - Started process (PID=1057) to work on /home/airflow/.local/lib/python3.7/site-packages/airflow/example_dags/tutorial_taskflow_api_etl.py
[2022-02-03 23:09:49,800] {processor.py:642} INFO - Processing file /home/airflow/.local/lib/python3.7/site-packages/airflow/example_dags/tutorial_taskflow_api_etl.py for tasks to queue
[2022-02-03 23:09:49,802] {logging_mixin.py:109} INFO - [2022-02-03 23:09:49,802] {dagbag.py:500} INFO - Filling up the DagBag from /home/airflow/.local/lib/python3.7/site-packages/airflow/example_dags/tutorial_taskflow_api_etl.py
[2022-02-03 23:09:49,837] {processor.py:654} INFO - DAG(s) dict_keys(['tutorial_taskflow_api_etl']) retrieved from /home/airflow/.local/lib/python3.7/site-packages/airflow/example_dags/tutorial_taskflow_api_etl.py
[2022-02-03 23:09:50,135] {logging_mixin.py:109} INFO - [2022-02-03 23:09:50,135] {dag.py:2396} INFO - Sync 1 DAGs
[2022-02-03 23:09:50,150] {logging_mixin.py:109} INFO - [2022-02-03 23:09:50,150] {dag.py:2935} INFO - Setting next_dagrun for tutorial_taskflow_api_etl to None
[2022-02-03 23:09:50,163] {processor.py:171} INFO - Processing /home/airflow/.local/lib/python3.7/site-packages/airflow/example_dags/tutorial_taskflow_api_etl.py took 0.371 seconds
[2022-02-03 23:10:20,567] {processor.py:163} INFO - Started process (PID=1124) to work on /home/airflow/.local/lib/python3.7/site-packages/airflow/example_dags/tutorial_taskflow_api_etl.py
[2022-02-03 23:10:20,571] {processor.py:642} INFO - Processing file /home/airflow/.local/lib/python3.7/site-packages/airflow/example_dags/tutorial_taskflow_api_etl.py for tasks to queue
[2022-02-03 23:10:20,574] {logging_mixin.py:109} INFO - [2022-02-03 23:10:20,574] {dagbag.py:500} INFO - Filling up the DagBag from /home/airflow/.local/lib/python3.7/site-packages/airflow/example_dags/tutorial_taskflow_api_etl.py
[2022-02-03 23:10:20,690] {processor.py:654} INFO - DAG(s) dict_keys(['tutorial_taskflow_api_etl']) retrieved from /home/airflow/.local/lib/python3.7/site-packages/airflow/example_dags/tutorial_taskflow_api_etl.py
[2022-02-03 23:10:21,373] {logging_mixin.py:109} INFO - [2022-02-03 23:10:21,373] {dag.py:2396} INFO - Sync 1 DAGs
[2022-02-03 23:10:21,393] {logging_mixin.py:109} INFO - [2022-02-03 23:10:21,392] {dag.py:2935} INFO - Setting next_dagrun for tutorial_taskflow_api_etl to None
[2022-02-03 23:10:21,408] {processor.py:171} INFO - Processing /home/airflow/.local/lib/python3.7/site-packages/airflow/example_dags/tutorial_taskflow_api_etl.py took 0.850 seconds
[2022-02-03 23:10:51,952] {processor.py:163} INFO - Started process (PID=1178) to work on /home/airflow/.local/lib/python3.7/site-packages/airflow/example_dags/tutorial_taskflow_api_etl.py
[2022-02-03 23:10:51,955] {processor.py:642} INFO - Processing file /home/airflow/.local/lib/python3.7/site-packages/airflow/example_dags/tutorial_taskflow_api_etl.py for tasks to queue
[2022-02-03 23:10:51,956] {logging_mixin.py:109} INFO - [2022-02-03 23:10:51,956] {dagbag.py:500} INFO - Filling up the DagBag from /home/airflow/.local/lib/python3.7/site-packages/airflow/example_dags/tutorial_taskflow_api_etl.py
[2022-02-03 23:10:52,005] {processor.py:654} INFO - DAG(s) dict_keys(['tutorial_taskflow_api_etl']) retrieved from /home/airflow/.local/lib/python3.7/site-packages/airflow/example_dags/tutorial_taskflow_api_etl.py
[2022-02-03 23:10:52,356] {logging_mixin.py:109} INFO - [2022-02-03 23:10:52,356] {dag.py:2396} INFO - Sync 1 DAGs
[2022-02-03 23:10:52,371] {logging_mixin.py:109} INFO - [2022-02-03 23:10:52,371] {dag.py:2935} INFO - Setting next_dagrun for tutorial_taskflow_api_etl to None
[2022-02-03 23:10:52,388] {processor.py:171} INFO - Processing /home/airflow/.local/lib/python3.7/site-packages/airflow/example_dags/tutorial_taskflow_api_etl.py took 0.439 seconds
[2022-02-03 23:11:22,640] {processor.py:163} INFO - Started process (PID=1235) to work on /home/airflow/.local/lib/python3.7/site-packages/airflow/example_dags/tutorial_taskflow_api_etl.py
[2022-02-03 23:11:22,642] {processor.py:642} INFO - Processing file /home/airflow/.local/lib/python3.7/site-packages/airflow/example_dags/tutorial_taskflow_api_etl.py for tasks to queue
[2022-02-03 23:11:22,643] {logging_mixin.py:109} INFO - [2022-02-03 23:11:22,643] {dagbag.py:500} INFO - Filling up the DagBag from /home/airflow/.local/lib/python3.7/site-packages/airflow/example_dags/tutorial_taskflow_api_etl.py
[2022-02-03 23:11:22,678] {processor.py:654} INFO - DAG(s) dict_keys(['tutorial_taskflow_api_etl']) retrieved from /home/airflow/.local/lib/python3.7/site-packages/airflow/example_dags/tutorial_taskflow_api_etl.py
[2022-02-03 23:11:22,975] {logging_mixin.py:109} INFO - [2022-02-03 23:11:22,974] {dag.py:2396} INFO - Sync 1 DAGs
[2022-02-03 23:11:23,002] {logging_mixin.py:109} INFO - [2022-02-03 23:11:23,002] {dag.py:2935} INFO - Setting next_dagrun for tutorial_taskflow_api_etl to None
[2022-02-03 23:11:23,013] {processor.py:171} INFO - Processing /home/airflow/.local/lib/python3.7/site-packages/airflow/example_dags/tutorial_taskflow_api_etl.py took 0.376 seconds
[2022-02-03 23:11:53,083] {processor.py:163} INFO - Started process (PID=1300) to work on /home/airflow/.local/lib/python3.7/site-packages/airflow/example_dags/tutorial_taskflow_api_etl.py
[2022-02-03 23:11:53,086] {processor.py:642} INFO - Processing file /home/airflow/.local/lib/python3.7/site-packages/airflow/example_dags/tutorial_taskflow_api_etl.py for tasks to queue
[2022-02-03 23:11:53,087] {logging_mixin.py:109} INFO - [2022-02-03 23:11:53,087] {dagbag.py:500} INFO - Filling up the DagBag from /home/airflow/.local/lib/python3.7/site-packages/airflow/example_dags/tutorial_taskflow_api_etl.py
[2022-02-03 23:11:53,131] {processor.py:654} INFO - DAG(s) dict_keys(['tutorial_taskflow_api_etl']) retrieved from /home/airflow/.local/lib/python3.7/site-packages/airflow/example_dags/tutorial_taskflow_api_etl.py
[2022-02-03 23:11:53,447] {logging_mixin.py:109} INFO - [2022-02-03 23:11:53,447] {dag.py:2396} INFO - Sync 1 DAGs
[2022-02-03 23:11:53,462] {logging_mixin.py:109} INFO - [2022-02-03 23:11:53,462] {dag.py:2935} INFO - Setting next_dagrun for tutorial_taskflow_api_etl to None
[2022-02-03 23:11:53,477] {processor.py:171} INFO - Processing /home/airflow/.local/lib/python3.7/site-packages/airflow/example_dags/tutorial_taskflow_api_etl.py took 0.398 seconds
[2022-02-03 23:12:23,791] {processor.py:163} INFO - Started process (PID=1354) to work on /home/airflow/.local/lib/python3.7/site-packages/airflow/example_dags/tutorial_taskflow_api_etl.py
[2022-02-03 23:12:23,794] {processor.py:642} INFO - Processing file /home/airflow/.local/lib/python3.7/site-packages/airflow/example_dags/tutorial_taskflow_api_etl.py for tasks to queue
[2022-02-03 23:12:23,795] {logging_mixin.py:109} INFO - [2022-02-03 23:12:23,795] {dagbag.py:500} INFO - Filling up the DagBag from /home/airflow/.local/lib/python3.7/site-packages/airflow/example_dags/tutorial_taskflow_api_etl.py
[2022-02-03 23:12:23,840] {processor.py:654} INFO - DAG(s) dict_keys(['tutorial_taskflow_api_etl']) retrieved from /home/airflow/.local/lib/python3.7/site-packages/airflow/example_dags/tutorial_taskflow_api_etl.py
[2022-02-03 23:12:24,131] {logging_mixin.py:109} INFO - [2022-02-03 23:12:24,131] {dag.py:2396} INFO - Sync 1 DAGs
[2022-02-03 23:12:24,151] {logging_mixin.py:109} INFO - [2022-02-03 23:12:24,151] {dag.py:2935} INFO - Setting next_dagrun for tutorial_taskflow_api_etl to None
[2022-02-03 23:12:24,170] {processor.py:171} INFO - Processing /home/airflow/.local/lib/python3.7/site-packages/airflow/example_dags/tutorial_taskflow_api_etl.py took 0.383 seconds
[2022-02-03 23:12:54,275] {processor.py:163} INFO - Started process (PID=1419) to work on /home/airflow/.local/lib/python3.7/site-packages/airflow/example_dags/tutorial_taskflow_api_etl.py
[2022-02-03 23:12:54,281] {processor.py:642} INFO - Processing file /home/airflow/.local/lib/python3.7/site-packages/airflow/example_dags/tutorial_taskflow_api_etl.py for tasks to queue
[2022-02-03 23:12:54,286] {logging_mixin.py:109} INFO - [2022-02-03 23:12:54,286] {dagbag.py:500} INFO - Filling up the DagBag from /home/airflow/.local/lib/python3.7/site-packages/airflow/example_dags/tutorial_taskflow_api_etl.py
[2022-02-03 23:12:54,332] {processor.py:654} INFO - DAG(s) dict_keys(['tutorial_taskflow_api_etl']) retrieved from /home/airflow/.local/lib/python3.7/site-packages/airflow/example_dags/tutorial_taskflow_api_etl.py
[2022-02-03 23:12:54,629] {logging_mixin.py:109} INFO - [2022-02-03 23:12:54,629] {dag.py:2396} INFO - Sync 1 DAGs
[2022-02-03 23:12:54,647] {logging_mixin.py:109} INFO - [2022-02-03 23:12:54,647] {dag.py:2935} INFO - Setting next_dagrun for tutorial_taskflow_api_etl to None
[2022-02-03 23:12:54,667] {processor.py:171} INFO - Processing /home/airflow/.local/lib/python3.7/site-packages/airflow/example_dags/tutorial_taskflow_api_etl.py took 0.400 seconds
[2022-02-03 23:13:24,920] {processor.py:163} INFO - Started process (PID=1473) to work on /home/airflow/.local/lib/python3.7/site-packages/airflow/example_dags/tutorial_taskflow_api_etl.py
[2022-02-03 23:13:24,923] {processor.py:642} INFO - Processing file /home/airflow/.local/lib/python3.7/site-packages/airflow/example_dags/tutorial_taskflow_api_etl.py for tasks to queue
[2022-02-03 23:13:24,925] {logging_mixin.py:109} INFO - [2022-02-03 23:13:24,925] {dagbag.py:500} INFO - Filling up the DagBag from /home/airflow/.local/lib/python3.7/site-packages/airflow/example_dags/tutorial_taskflow_api_etl.py
[2022-02-03 23:13:24,991] {processor.py:654} INFO - DAG(s) dict_keys(['tutorial_taskflow_api_etl']) retrieved from /home/airflow/.local/lib/python3.7/site-packages/airflow/example_dags/tutorial_taskflow_api_etl.py
[2022-02-03 23:13:25,336] {logging_mixin.py:109} INFO - [2022-02-03 23:13:25,336] {dag.py:2396} INFO - Sync 1 DAGs
[2022-02-03 23:13:25,353] {logging_mixin.py:109} INFO - [2022-02-03 23:13:25,353] {dag.py:2935} INFO - Setting next_dagrun for tutorial_taskflow_api_etl to None
[2022-02-03 23:13:25,368] {processor.py:171} INFO - Processing /home/airflow/.local/lib/python3.7/site-packages/airflow/example_dags/tutorial_taskflow_api_etl.py took 0.451 seconds
[2022-02-03 23:15:04,750] {processor.py:163} INFO - Started process (PID=47) to work on /home/airflow/.local/lib/python3.7/site-packages/airflow/example_dags/tutorial_taskflow_api_etl.py
[2022-02-03 23:15:04,755] {processor.py:642} INFO - Processing file /home/airflow/.local/lib/python3.7/site-packages/airflow/example_dags/tutorial_taskflow_api_etl.py for tasks to queue
[2022-02-03 23:15:04,761] {logging_mixin.py:109} INFO - [2022-02-03 23:15:04,760] {dagbag.py:500} INFO - Filling up the DagBag from /home/airflow/.local/lib/python3.7/site-packages/airflow/example_dags/tutorial_taskflow_api_etl.py
[2022-02-03 23:15:04,934] {processor.py:654} INFO - DAG(s) dict_keys(['tutorial_taskflow_api_etl']) retrieved from /home/airflow/.local/lib/python3.7/site-packages/airflow/example_dags/tutorial_taskflow_api_etl.py
[2022-02-03 23:15:05,445] {logging_mixin.py:109} INFO - [2022-02-03 23:15:05,445] {dag.py:2396} INFO - Sync 1 DAGs
[2022-02-03 23:15:05,497] {logging_mixin.py:109} INFO - [2022-02-03 23:15:05,496] {dag.py:2935} INFO - Setting next_dagrun for tutorial_taskflow_api_etl to None
[2022-02-03 23:15:05,534] {processor.py:171} INFO - Processing /home/airflow/.local/lib/python3.7/site-packages/airflow/example_dags/tutorial_taskflow_api_etl.py took 0.790 seconds
[2022-02-03 23:30:30,522] {processor.py:163} INFO - Started process (PID=47) to work on /home/airflow/.local/lib/python3.7/site-packages/airflow/example_dags/tutorial_taskflow_api_etl.py
[2022-02-03 23:30:30,529] {processor.py:642} INFO - Processing file /home/airflow/.local/lib/python3.7/site-packages/airflow/example_dags/tutorial_taskflow_api_etl.py for tasks to queue
[2022-02-03 23:30:30,532] {logging_mixin.py:109} INFO - [2022-02-03 23:30:30,532] {dagbag.py:500} INFO - Filling up the DagBag from /home/airflow/.local/lib/python3.7/site-packages/airflow/example_dags/tutorial_taskflow_api_etl.py
[2022-02-03 23:30:30,610] {processor.py:654} INFO - DAG(s) dict_keys(['tutorial_taskflow_api_etl']) retrieved from /home/airflow/.local/lib/python3.7/site-packages/airflow/example_dags/tutorial_taskflow_api_etl.py
[2022-02-03 23:30:31,440] {logging_mixin.py:109} INFO - [2022-02-03 23:30:31,440] {dag.py:2396} INFO - Sync 1 DAGs
[2022-02-03 23:30:31,465] {logging_mixin.py:109} INFO - [2022-02-03 23:30:31,464] {dag.py:2935} INFO - Setting next_dagrun for tutorial_taskflow_api_etl to None
[2022-02-03 23:30:31,502] {processor.py:171} INFO - Processing /home/airflow/.local/lib/python3.7/site-packages/airflow/example_dags/tutorial_taskflow_api_etl.py took 0.990 seconds
[2022-02-03 23:31:02,010] {processor.py:163} INFO - Started process (PID=99) to work on /home/airflow/.local/lib/python3.7/site-packages/airflow/example_dags/tutorial_taskflow_api_etl.py
[2022-02-03 23:31:02,012] {processor.py:642} INFO - Processing file /home/airflow/.local/lib/python3.7/site-packages/airflow/example_dags/tutorial_taskflow_api_etl.py for tasks to queue
[2022-02-03 23:31:02,014] {logging_mixin.py:109} INFO - [2022-02-03 23:31:02,013] {dagbag.py:500} INFO - Filling up the DagBag from /home/airflow/.local/lib/python3.7/site-packages/airflow/example_dags/tutorial_taskflow_api_etl.py
[2022-02-03 23:31:02,055] {processor.py:654} INFO - DAG(s) dict_keys(['tutorial_taskflow_api_etl']) retrieved from /home/airflow/.local/lib/python3.7/site-packages/airflow/example_dags/tutorial_taskflow_api_etl.py
[2022-02-03 23:31:02,375] {logging_mixin.py:109} INFO - [2022-02-03 23:31:02,375] {dag.py:2396} INFO - Sync 1 DAGs
[2022-02-03 23:31:02,391] {logging_mixin.py:109} INFO - [2022-02-03 23:31:02,391] {dag.py:2935} INFO - Setting next_dagrun for tutorial_taskflow_api_etl to None
[2022-02-03 23:31:02,407] {processor.py:171} INFO - Processing /home/airflow/.local/lib/python3.7/site-packages/airflow/example_dags/tutorial_taskflow_api_etl.py took 0.400 seconds
[2022-02-03 23:31:32,463] {processor.py:163} INFO - Started process (PID=155) to work on /home/airflow/.local/lib/python3.7/site-packages/airflow/example_dags/tutorial_taskflow_api_etl.py
[2022-02-03 23:31:32,466] {processor.py:642} INFO - Processing file /home/airflow/.local/lib/python3.7/site-packages/airflow/example_dags/tutorial_taskflow_api_etl.py for tasks to queue
[2022-02-03 23:31:32,467] {logging_mixin.py:109} INFO - [2022-02-03 23:31:32,467] {dagbag.py:500} INFO - Filling up the DagBag from /home/airflow/.local/lib/python3.7/site-packages/airflow/example_dags/tutorial_taskflow_api_etl.py
[2022-02-03 23:31:32,513] {processor.py:654} INFO - DAG(s) dict_keys(['tutorial_taskflow_api_etl']) retrieved from /home/airflow/.local/lib/python3.7/site-packages/airflow/example_dags/tutorial_taskflow_api_etl.py
[2022-02-03 23:31:32,884] {logging_mixin.py:109} INFO - [2022-02-03 23:31:32,884] {dag.py:2396} INFO - Sync 1 DAGs
[2022-02-03 23:31:32,900] {logging_mixin.py:109} INFO - [2022-02-03 23:31:32,900] {dag.py:2935} INFO - Setting next_dagrun for tutorial_taskflow_api_etl to None
[2022-02-03 23:31:32,913] {processor.py:171} INFO - Processing /home/airflow/.local/lib/python3.7/site-packages/airflow/example_dags/tutorial_taskflow_api_etl.py took 0.454 seconds
[2022-02-03 23:32:03,246] {processor.py:163} INFO - Started process (PID=219) to work on /home/airflow/.local/lib/python3.7/site-packages/airflow/example_dags/tutorial_taskflow_api_etl.py
[2022-02-03 23:32:03,250] {processor.py:642} INFO - Processing file /home/airflow/.local/lib/python3.7/site-packages/airflow/example_dags/tutorial_taskflow_api_etl.py for tasks to queue
[2022-02-03 23:32:03,252] {logging_mixin.py:109} INFO - [2022-02-03 23:32:03,252] {dagbag.py:500} INFO - Filling up the DagBag from /home/airflow/.local/lib/python3.7/site-packages/airflow/example_dags/tutorial_taskflow_api_etl.py
[2022-02-03 23:32:03,311] {processor.py:654} INFO - DAG(s) dict_keys(['tutorial_taskflow_api_etl']) retrieved from /home/airflow/.local/lib/python3.7/site-packages/airflow/example_dags/tutorial_taskflow_api_etl.py
[2022-02-03 23:32:03,620] {logging_mixin.py:109} INFO - [2022-02-03 23:32:03,619] {dag.py:2396} INFO - Sync 1 DAGs
[2022-02-03 23:32:03,639] {logging_mixin.py:109} INFO - [2022-02-03 23:32:03,639] {dag.py:2935} INFO - Setting next_dagrun for tutorial_taskflow_api_etl to None
[2022-02-03 23:32:03,650] {processor.py:171} INFO - Processing /home/airflow/.local/lib/python3.7/site-packages/airflow/example_dags/tutorial_taskflow_api_etl.py took 0.412 seconds
[2022-02-03 23:32:34,079] {processor.py:163} INFO - Started process (PID=272) to work on /home/airflow/.local/lib/python3.7/site-packages/airflow/example_dags/tutorial_taskflow_api_etl.py
[2022-02-03 23:32:34,083] {processor.py:642} INFO - Processing file /home/airflow/.local/lib/python3.7/site-packages/airflow/example_dags/tutorial_taskflow_api_etl.py for tasks to queue
[2022-02-03 23:32:34,086] {logging_mixin.py:109} INFO - [2022-02-03 23:32:34,086] {dagbag.py:500} INFO - Filling up the DagBag from /home/airflow/.local/lib/python3.7/site-packages/airflow/example_dags/tutorial_taskflow_api_etl.py
[2022-02-03 23:32:34,146] {processor.py:654} INFO - DAG(s) dict_keys(['tutorial_taskflow_api_etl']) retrieved from /home/airflow/.local/lib/python3.7/site-packages/airflow/example_dags/tutorial_taskflow_api_etl.py
[2022-02-03 23:32:34,495] {logging_mixin.py:109} INFO - [2022-02-03 23:32:34,494] {dag.py:2396} INFO - Sync 1 DAGs
[2022-02-03 23:32:34,513] {logging_mixin.py:109} INFO - [2022-02-03 23:32:34,513] {dag.py:2935} INFO - Setting next_dagrun for tutorial_taskflow_api_etl to None
[2022-02-03 23:32:34,528] {processor.py:171} INFO - Processing /home/airflow/.local/lib/python3.7/site-packages/airflow/example_dags/tutorial_taskflow_api_etl.py took 0.458 seconds
[2022-02-03 23:33:05,100] {processor.py:163} INFO - Started process (PID=325) to work on /home/airflow/.local/lib/python3.7/site-packages/airflow/example_dags/tutorial_taskflow_api_etl.py
[2022-02-03 23:33:05,104] {processor.py:642} INFO - Processing file /home/airflow/.local/lib/python3.7/site-packages/airflow/example_dags/tutorial_taskflow_api_etl.py for tasks to queue
[2022-02-03 23:33:05,106] {logging_mixin.py:109} INFO - [2022-02-03 23:33:05,106] {dagbag.py:500} INFO - Filling up the DagBag from /home/airflow/.local/lib/python3.7/site-packages/airflow/example_dags/tutorial_taskflow_api_etl.py
[2022-02-03 23:33:05,215] {processor.py:654} INFO - DAG(s) dict_keys(['tutorial_taskflow_api_etl']) retrieved from /home/airflow/.local/lib/python3.7/site-packages/airflow/example_dags/tutorial_taskflow_api_etl.py
[2022-02-03 23:33:05,680] {logging_mixin.py:109} INFO - [2022-02-03 23:33:05,680] {dag.py:2396} INFO - Sync 1 DAGs
[2022-02-03 23:33:05,710] {logging_mixin.py:109} INFO - [2022-02-03 23:33:05,710] {dag.py:2935} INFO - Setting next_dagrun for tutorial_taskflow_api_etl to None
[2022-02-03 23:33:05,724] {processor.py:171} INFO - Processing /home/airflow/.local/lib/python3.7/site-packages/airflow/example_dags/tutorial_taskflow_api_etl.py took 0.630 seconds
[2022-02-03 23:33:36,411] {processor.py:163} INFO - Started process (PID=390) to work on /home/airflow/.local/lib/python3.7/site-packages/airflow/example_dags/tutorial_taskflow_api_etl.py
[2022-02-03 23:33:36,421] {processor.py:642} INFO - Processing file /home/airflow/.local/lib/python3.7/site-packages/airflow/example_dags/tutorial_taskflow_api_etl.py for tasks to queue
[2022-02-03 23:33:36,424] {logging_mixin.py:109} INFO - [2022-02-03 23:33:36,424] {dagbag.py:500} INFO - Filling up the DagBag from /home/airflow/.local/lib/python3.7/site-packages/airflow/example_dags/tutorial_taskflow_api_etl.py
[2022-02-03 23:33:36,480] {processor.py:654} INFO - DAG(s) dict_keys(['tutorial_taskflow_api_etl']) retrieved from /home/airflow/.local/lib/python3.7/site-packages/airflow/example_dags/tutorial_taskflow_api_etl.py
[2022-02-03 23:33:36,840] {logging_mixin.py:109} INFO - [2022-02-03 23:33:36,839] {dag.py:2396} INFO - Sync 1 DAGs
[2022-02-03 23:33:36,860] {logging_mixin.py:109} INFO - [2022-02-03 23:33:36,860] {dag.py:2935} INFO - Setting next_dagrun for tutorial_taskflow_api_etl to None
[2022-02-03 23:33:36,874] {processor.py:171} INFO - Processing /home/airflow/.local/lib/python3.7/site-packages/airflow/example_dags/tutorial_taskflow_api_etl.py took 0.468 seconds
[2022-02-03 23:34:06,988] {processor.py:163} INFO - Started process (PID=442) to work on /home/airflow/.local/lib/python3.7/site-packages/airflow/example_dags/tutorial_taskflow_api_etl.py
[2022-02-03 23:34:06,990] {processor.py:642} INFO - Processing file /home/airflow/.local/lib/python3.7/site-packages/airflow/example_dags/tutorial_taskflow_api_etl.py for tasks to queue
[2022-02-03 23:34:06,993] {logging_mixin.py:109} INFO - [2022-02-03 23:34:06,993] {dagbag.py:500} INFO - Filling up the DagBag from /home/airflow/.local/lib/python3.7/site-packages/airflow/example_dags/tutorial_taskflow_api_etl.py
[2022-02-03 23:34:07,039] {processor.py:654} INFO - DAG(s) dict_keys(['tutorial_taskflow_api_etl']) retrieved from /home/airflow/.local/lib/python3.7/site-packages/airflow/example_dags/tutorial_taskflow_api_etl.py
[2022-02-03 23:34:07,451] {logging_mixin.py:109} INFO - [2022-02-03 23:34:07,451] {dag.py:2396} INFO - Sync 1 DAGs
[2022-02-03 23:34:07,479] {logging_mixin.py:109} INFO - [2022-02-03 23:34:07,479] {dag.py:2935} INFO - Setting next_dagrun for tutorial_taskflow_api_etl to None
[2022-02-03 23:34:07,517] {processor.py:171} INFO - Processing /home/airflow/.local/lib/python3.7/site-packages/airflow/example_dags/tutorial_taskflow_api_etl.py took 0.534 seconds
[2022-02-03 23:34:37,643] {processor.py:163} INFO - Started process (PID=495) to work on /home/airflow/.local/lib/python3.7/site-packages/airflow/example_dags/tutorial_taskflow_api_etl.py
[2022-02-03 23:34:37,648] {processor.py:642} INFO - Processing file /home/airflow/.local/lib/python3.7/site-packages/airflow/example_dags/tutorial_taskflow_api_etl.py for tasks to queue
[2022-02-03 23:34:37,653] {logging_mixin.py:109} INFO - [2022-02-03 23:34:37,652] {dagbag.py:500} INFO - Filling up the DagBag from /home/airflow/.local/lib/python3.7/site-packages/airflow/example_dags/tutorial_taskflow_api_etl.py
[2022-02-03 23:34:37,739] {processor.py:654} INFO - DAG(s) dict_keys(['tutorial_taskflow_api_etl']) retrieved from /home/airflow/.local/lib/python3.7/site-packages/airflow/example_dags/tutorial_taskflow_api_etl.py
[2022-02-03 23:34:38,284] {logging_mixin.py:109} INFO - [2022-02-03 23:34:38,284] {dag.py:2396} INFO - Sync 1 DAGs
[2022-02-03 23:34:38,310] {logging_mixin.py:109} INFO - [2022-02-03 23:34:38,310] {dag.py:2935} INFO - Setting next_dagrun for tutorial_taskflow_api_etl to None
[2022-02-03 23:34:38,353] {processor.py:171} INFO - Processing /home/airflow/.local/lib/python3.7/site-packages/airflow/example_dags/tutorial_taskflow_api_etl.py took 0.718 seconds
[2022-02-03 23:35:08,633] {processor.py:163} INFO - Started process (PID=561) to work on /home/airflow/.local/lib/python3.7/site-packages/airflow/example_dags/tutorial_taskflow_api_etl.py
[2022-02-03 23:35:08,635] {processor.py:642} INFO - Processing file /home/airflow/.local/lib/python3.7/site-packages/airflow/example_dags/tutorial_taskflow_api_etl.py for tasks to queue
[2022-02-03 23:35:08,637] {logging_mixin.py:109} INFO - [2022-02-03 23:35:08,637] {dagbag.py:500} INFO - Filling up the DagBag from /home/airflow/.local/lib/python3.7/site-packages/airflow/example_dags/tutorial_taskflow_api_etl.py
[2022-02-03 23:35:08,678] {processor.py:654} INFO - DAG(s) dict_keys(['tutorial_taskflow_api_etl']) retrieved from /home/airflow/.local/lib/python3.7/site-packages/airflow/example_dags/tutorial_taskflow_api_etl.py
[2022-02-03 23:35:09,056] {logging_mixin.py:109} INFO - [2022-02-03 23:35:09,055] {dag.py:2396} INFO - Sync 1 DAGs
[2022-02-03 23:35:09,073] {logging_mixin.py:109} INFO - [2022-02-03 23:35:09,073] {dag.py:2935} INFO - Setting next_dagrun for tutorial_taskflow_api_etl to None
[2022-02-03 23:35:09,087] {processor.py:171} INFO - Processing /home/airflow/.local/lib/python3.7/site-packages/airflow/example_dags/tutorial_taskflow_api_etl.py took 0.458 seconds
[2022-02-03 23:35:39,902] {processor.py:163} INFO - Started process (PID=613) to work on /home/airflow/.local/lib/python3.7/site-packages/airflow/example_dags/tutorial_taskflow_api_etl.py
[2022-02-03 23:35:39,918] {processor.py:642} INFO - Processing file /home/airflow/.local/lib/python3.7/site-packages/airflow/example_dags/tutorial_taskflow_api_etl.py for tasks to queue
[2022-02-03 23:35:39,921] {logging_mixin.py:109} INFO - [2022-02-03 23:35:39,920] {dagbag.py:500} INFO - Filling up the DagBag from /home/airflow/.local/lib/python3.7/site-packages/airflow/example_dags/tutorial_taskflow_api_etl.py
[2022-02-03 23:35:39,969] {processor.py:654} INFO - DAG(s) dict_keys(['tutorial_taskflow_api_etl']) retrieved from /home/airflow/.local/lib/python3.7/site-packages/airflow/example_dags/tutorial_taskflow_api_etl.py
[2022-02-03 23:35:40,315] {logging_mixin.py:109} INFO - [2022-02-03 23:35:40,314] {dag.py:2396} INFO - Sync 1 DAGs
[2022-02-03 23:35:40,351] {logging_mixin.py:109} INFO - [2022-02-03 23:35:40,351] {dag.py:2935} INFO - Setting next_dagrun for tutorial_taskflow_api_etl to None
[2022-02-03 23:35:40,372] {processor.py:171} INFO - Processing /home/airflow/.local/lib/python3.7/site-packages/airflow/example_dags/tutorial_taskflow_api_etl.py took 0.476 seconds
[2022-02-03 23:36:10,561] {processor.py:163} INFO - Started process (PID=671) to work on /home/airflow/.local/lib/python3.7/site-packages/airflow/example_dags/tutorial_taskflow_api_etl.py
[2022-02-03 23:36:10,567] {processor.py:642} INFO - Processing file /home/airflow/.local/lib/python3.7/site-packages/airflow/example_dags/tutorial_taskflow_api_etl.py for tasks to queue
[2022-02-03 23:36:10,568] {logging_mixin.py:109} INFO - [2022-02-03 23:36:10,568] {dagbag.py:500} INFO - Filling up the DagBag from /home/airflow/.local/lib/python3.7/site-packages/airflow/example_dags/tutorial_taskflow_api_etl.py
[2022-02-03 23:36:10,616] {processor.py:654} INFO - DAG(s) dict_keys(['tutorial_taskflow_api_etl']) retrieved from /home/airflow/.local/lib/python3.7/site-packages/airflow/example_dags/tutorial_taskflow_api_etl.py
[2022-02-03 23:36:10,634] {logging_mixin.py:109} INFO - [2022-02-03 23:36:10,634] {dag.py:2396} INFO - Sync 1 DAGs
[2022-02-03 23:36:10,660] {logging_mixin.py:109} INFO - [2022-02-03 23:36:10,660] {dag.py:2935} INFO - Setting next_dagrun for tutorial_taskflow_api_etl to None
[2022-02-03 23:36:10,676] {processor.py:171} INFO - Processing /home/airflow/.local/lib/python3.7/site-packages/airflow/example_dags/tutorial_taskflow_api_etl.py took 0.119 seconds
[2022-02-03 23:36:41,380] {processor.py:163} INFO - Started process (PID=732) to work on /home/airflow/.local/lib/python3.7/site-packages/airflow/example_dags/tutorial_taskflow_api_etl.py
[2022-02-03 23:36:41,384] {processor.py:642} INFO - Processing file /home/airflow/.local/lib/python3.7/site-packages/airflow/example_dags/tutorial_taskflow_api_etl.py for tasks to queue
[2022-02-03 23:36:41,387] {logging_mixin.py:109} INFO - [2022-02-03 23:36:41,386] {dagbag.py:500} INFO - Filling up the DagBag from /home/airflow/.local/lib/python3.7/site-packages/airflow/example_dags/tutorial_taskflow_api_etl.py
[2022-02-03 23:36:41,429] {processor.py:654} INFO - DAG(s) dict_keys(['tutorial_taskflow_api_etl']) retrieved from /home/airflow/.local/lib/python3.7/site-packages/airflow/example_dags/tutorial_taskflow_api_etl.py
[2022-02-03 23:36:41,745] {logging_mixin.py:109} INFO - [2022-02-03 23:36:41,745] {dag.py:2396} INFO - Sync 1 DAGs
[2022-02-03 23:36:41,759] {logging_mixin.py:109} INFO - [2022-02-03 23:36:41,759] {dag.py:2935} INFO - Setting next_dagrun for tutorial_taskflow_api_etl to None
[2022-02-03 23:36:41,771] {processor.py:171} INFO - Processing /home/airflow/.local/lib/python3.7/site-packages/airflow/example_dags/tutorial_taskflow_api_etl.py took 0.401 seconds
[2022-02-03 23:37:11,889] {processor.py:163} INFO - Started process (PID=787) to work on /home/airflow/.local/lib/python3.7/site-packages/airflow/example_dags/tutorial_taskflow_api_etl.py
[2022-02-03 23:37:11,892] {processor.py:642} INFO - Processing file /home/airflow/.local/lib/python3.7/site-packages/airflow/example_dags/tutorial_taskflow_api_etl.py for tasks to queue
[2022-02-03 23:37:11,894] {logging_mixin.py:109} INFO - [2022-02-03 23:37:11,894] {dagbag.py:500} INFO - Filling up the DagBag from /home/airflow/.local/lib/python3.7/site-packages/airflow/example_dags/tutorial_taskflow_api_etl.py
[2022-02-03 23:37:11,927] {processor.py:654} INFO - DAG(s) dict_keys(['tutorial_taskflow_api_etl']) retrieved from /home/airflow/.local/lib/python3.7/site-packages/airflow/example_dags/tutorial_taskflow_api_etl.py
[2022-02-03 23:37:12,208] {logging_mixin.py:109} INFO - [2022-02-03 23:37:12,208] {dag.py:2396} INFO - Sync 1 DAGs
[2022-02-03 23:37:12,223] {logging_mixin.py:109} INFO - [2022-02-03 23:37:12,223] {dag.py:2935} INFO - Setting next_dagrun for tutorial_taskflow_api_etl to None
[2022-02-03 23:37:12,234] {processor.py:171} INFO - Processing /home/airflow/.local/lib/python3.7/site-packages/airflow/example_dags/tutorial_taskflow_api_etl.py took 0.349 seconds
[2022-02-03 23:37:42,314] {processor.py:163} INFO - Started process (PID=842) to work on /home/airflow/.local/lib/python3.7/site-packages/airflow/example_dags/tutorial_taskflow_api_etl.py
[2022-02-03 23:37:42,316] {processor.py:642} INFO - Processing file /home/airflow/.local/lib/python3.7/site-packages/airflow/example_dags/tutorial_taskflow_api_etl.py for tasks to queue
[2022-02-03 23:37:42,317] {logging_mixin.py:109} INFO - [2022-02-03 23:37:42,317] {dagbag.py:500} INFO - Filling up the DagBag from /home/airflow/.local/lib/python3.7/site-packages/airflow/example_dags/tutorial_taskflow_api_etl.py
[2022-02-03 23:37:42,357] {processor.py:654} INFO - DAG(s) dict_keys(['tutorial_taskflow_api_etl']) retrieved from /home/airflow/.local/lib/python3.7/site-packages/airflow/example_dags/tutorial_taskflow_api_etl.py
[2022-02-03 23:37:42,693] {logging_mixin.py:109} INFO - [2022-02-03 23:37:42,692] {dag.py:2396} INFO - Sync 1 DAGs
[2022-02-03 23:37:42,709] {logging_mixin.py:109} INFO - [2022-02-03 23:37:42,709] {dag.py:2935} INFO - Setting next_dagrun for tutorial_taskflow_api_etl to None
[2022-02-03 23:37:42,722] {processor.py:171} INFO - Processing /home/airflow/.local/lib/python3.7/site-packages/airflow/example_dags/tutorial_taskflow_api_etl.py took 0.411 seconds
[2022-02-03 23:38:12,775] {processor.py:163} INFO - Started process (PID=902) to work on /home/airflow/.local/lib/python3.7/site-packages/airflow/example_dags/tutorial_taskflow_api_etl.py
[2022-02-03 23:38:12,777] {processor.py:642} INFO - Processing file /home/airflow/.local/lib/python3.7/site-packages/airflow/example_dags/tutorial_taskflow_api_etl.py for tasks to queue
[2022-02-03 23:38:12,779] {logging_mixin.py:109} INFO - [2022-02-03 23:38:12,778] {dagbag.py:500} INFO - Filling up the DagBag from /home/airflow/.local/lib/python3.7/site-packages/airflow/example_dags/tutorial_taskflow_api_etl.py
[2022-02-03 23:38:12,822] {processor.py:654} INFO - DAG(s) dict_keys(['tutorial_taskflow_api_etl']) retrieved from /home/airflow/.local/lib/python3.7/site-packages/airflow/example_dags/tutorial_taskflow_api_etl.py
[2022-02-03 23:38:13,217] {logging_mixin.py:109} INFO - [2022-02-03 23:38:13,216] {dag.py:2396} INFO - Sync 1 DAGs
[2022-02-03 23:38:13,238] {logging_mixin.py:109} INFO - [2022-02-03 23:38:13,238] {dag.py:2935} INFO - Setting next_dagrun for tutorial_taskflow_api_etl to None
[2022-02-03 23:38:13,256] {processor.py:171} INFO - Processing /home/airflow/.local/lib/python3.7/site-packages/airflow/example_dags/tutorial_taskflow_api_etl.py took 0.487 seconds
[2022-02-03 23:38:43,382] {processor.py:163} INFO - Started process (PID=956) to work on /home/airflow/.local/lib/python3.7/site-packages/airflow/example_dags/tutorial_taskflow_api_etl.py
[2022-02-03 23:38:43,384] {processor.py:642} INFO - Processing file /home/airflow/.local/lib/python3.7/site-packages/airflow/example_dags/tutorial_taskflow_api_etl.py for tasks to queue
[2022-02-03 23:38:43,386] {logging_mixin.py:109} INFO - [2022-02-03 23:38:43,386] {dagbag.py:500} INFO - Filling up the DagBag from /home/airflow/.local/lib/python3.7/site-packages/airflow/example_dags/tutorial_taskflow_api_etl.py
[2022-02-03 23:38:43,442] {processor.py:654} INFO - DAG(s) dict_keys(['tutorial_taskflow_api_etl']) retrieved from /home/airflow/.local/lib/python3.7/site-packages/airflow/example_dags/tutorial_taskflow_api_etl.py
[2022-02-03 23:38:43,791] {logging_mixin.py:109} INFO - [2022-02-03 23:38:43,791] {dag.py:2396} INFO - Sync 1 DAGs
[2022-02-03 23:38:43,812] {logging_mixin.py:109} INFO - [2022-02-03 23:38:43,811] {dag.py:2935} INFO - Setting next_dagrun for tutorial_taskflow_api_etl to None
[2022-02-03 23:38:43,850] {processor.py:171} INFO - Processing /home/airflow/.local/lib/python3.7/site-packages/airflow/example_dags/tutorial_taskflow_api_etl.py took 0.471 seconds
[2022-02-03 23:39:14,010] {processor.py:163} INFO - Started process (PID=1011) to work on /home/airflow/.local/lib/python3.7/site-packages/airflow/example_dags/tutorial_taskflow_api_etl.py
[2022-02-03 23:39:14,012] {processor.py:642} INFO - Processing file /home/airflow/.local/lib/python3.7/site-packages/airflow/example_dags/tutorial_taskflow_api_etl.py for tasks to queue
[2022-02-03 23:39:14,015] {logging_mixin.py:109} INFO - [2022-02-03 23:39:14,014] {dagbag.py:500} INFO - Filling up the DagBag from /home/airflow/.local/lib/python3.7/site-packages/airflow/example_dags/tutorial_taskflow_api_etl.py
[2022-02-03 23:39:14,081] {processor.py:654} INFO - DAG(s) dict_keys(['tutorial_taskflow_api_etl']) retrieved from /home/airflow/.local/lib/python3.7/site-packages/airflow/example_dags/tutorial_taskflow_api_etl.py
[2022-02-03 23:39:14,414] {logging_mixin.py:109} INFO - [2022-02-03 23:39:14,414] {dag.py:2396} INFO - Sync 1 DAGs
[2022-02-03 23:39:14,443] {logging_mixin.py:109} INFO - [2022-02-03 23:39:14,443] {dag.py:2935} INFO - Setting next_dagrun for tutorial_taskflow_api_etl to None
[2022-02-03 23:39:14,455] {processor.py:171} INFO - Processing /home/airflow/.local/lib/python3.7/site-packages/airflow/example_dags/tutorial_taskflow_api_etl.py took 0.449 seconds
[2022-02-03 23:39:44,617] {processor.py:163} INFO - Started process (PID=1076) to work on /home/airflow/.local/lib/python3.7/site-packages/airflow/example_dags/tutorial_taskflow_api_etl.py
[2022-02-03 23:39:44,620] {processor.py:642} INFO - Processing file /home/airflow/.local/lib/python3.7/site-packages/airflow/example_dags/tutorial_taskflow_api_etl.py for tasks to queue
[2022-02-03 23:39:44,621] {logging_mixin.py:109} INFO - [2022-02-03 23:39:44,621] {dagbag.py:500} INFO - Filling up the DagBag from /home/airflow/.local/lib/python3.7/site-packages/airflow/example_dags/tutorial_taskflow_api_etl.py
[2022-02-03 23:39:44,658] {processor.py:654} INFO - DAG(s) dict_keys(['tutorial_taskflow_api_etl']) retrieved from /home/airflow/.local/lib/python3.7/site-packages/airflow/example_dags/tutorial_taskflow_api_etl.py
[2022-02-03 23:39:44,992] {logging_mixin.py:109} INFO - [2022-02-03 23:39:44,992] {dag.py:2396} INFO - Sync 1 DAGs
[2022-02-03 23:39:45,009] {logging_mixin.py:109} INFO - [2022-02-03 23:39:45,009] {dag.py:2935} INFO - Setting next_dagrun for tutorial_taskflow_api_etl to None
[2022-02-03 23:39:45,021] {processor.py:171} INFO - Processing /home/airflow/.local/lib/python3.7/site-packages/airflow/example_dags/tutorial_taskflow_api_etl.py took 0.407 seconds
[2022-02-03 23:40:15,066] {processor.py:163} INFO - Started process (PID=1128) to work on /home/airflow/.local/lib/python3.7/site-packages/airflow/example_dags/tutorial_taskflow_api_etl.py
[2022-02-03 23:40:15,068] {processor.py:642} INFO - Processing file /home/airflow/.local/lib/python3.7/site-packages/airflow/example_dags/tutorial_taskflow_api_etl.py for tasks to queue
[2022-02-03 23:40:15,070] {logging_mixin.py:109} INFO - [2022-02-03 23:40:15,070] {dagbag.py:500} INFO - Filling up the DagBag from /home/airflow/.local/lib/python3.7/site-packages/airflow/example_dags/tutorial_taskflow_api_etl.py
[2022-02-03 23:40:15,111] {processor.py:654} INFO - DAG(s) dict_keys(['tutorial_taskflow_api_etl']) retrieved from /home/airflow/.local/lib/python3.7/site-packages/airflow/example_dags/tutorial_taskflow_api_etl.py
[2022-02-03 23:40:15,474] {logging_mixin.py:109} INFO - [2022-02-03 23:40:15,474] {dag.py:2396} INFO - Sync 1 DAGs
[2022-02-03 23:40:15,492] {logging_mixin.py:109} INFO - [2022-02-03 23:40:15,491] {dag.py:2935} INFO - Setting next_dagrun for tutorial_taskflow_api_etl to None
[2022-02-03 23:40:15,506] {processor.py:171} INFO - Processing /home/airflow/.local/lib/python3.7/site-packages/airflow/example_dags/tutorial_taskflow_api_etl.py took 0.443 seconds
[2022-02-03 23:40:45,825] {processor.py:163} INFO - Started process (PID=1180) to work on /home/airflow/.local/lib/python3.7/site-packages/airflow/example_dags/tutorial_taskflow_api_etl.py
[2022-02-03 23:40:45,828] {processor.py:642} INFO - Processing file /home/airflow/.local/lib/python3.7/site-packages/airflow/example_dags/tutorial_taskflow_api_etl.py for tasks to queue
[2022-02-03 23:40:45,830] {logging_mixin.py:109} INFO - [2022-02-03 23:40:45,830] {dagbag.py:500} INFO - Filling up the DagBag from /home/airflow/.local/lib/python3.7/site-packages/airflow/example_dags/tutorial_taskflow_api_etl.py
[2022-02-03 23:40:45,873] {processor.py:654} INFO - DAG(s) dict_keys(['tutorial_taskflow_api_etl']) retrieved from /home/airflow/.local/lib/python3.7/site-packages/airflow/example_dags/tutorial_taskflow_api_etl.py
[2022-02-03 23:40:46,213] {logging_mixin.py:109} INFO - [2022-02-03 23:40:46,213] {dag.py:2396} INFO - Sync 1 DAGs
[2022-02-03 23:40:46,230] {logging_mixin.py:109} INFO - [2022-02-03 23:40:46,230] {dag.py:2935} INFO - Setting next_dagrun for tutorial_taskflow_api_etl to None
[2022-02-03 23:40:46,244] {processor.py:171} INFO - Processing /home/airflow/.local/lib/python3.7/site-packages/airflow/example_dags/tutorial_taskflow_api_etl.py took 0.423 seconds
