[2022-02-08 01:02:15,528] {taskinstance.py:1032} INFO - Dependencies all met for <TaskInstance: Sample_one.connect_to_astra_db manual__2022-02-08T01:02:12.954368+00:00 [queued]>
[2022-02-08 01:02:15,540] {taskinstance.py:1032} INFO - Dependencies all met for <TaskInstance: Sample_one.connect_to_astra_db manual__2022-02-08T01:02:12.954368+00:00 [queued]>
[2022-02-08 01:02:15,541] {taskinstance.py:1238} INFO - 
--------------------------------------------------------------------------------
[2022-02-08 01:02:15,542] {taskinstance.py:1239} INFO - Starting attempt 1 of 1
[2022-02-08 01:02:15,543] {taskinstance.py:1240} INFO - 
--------------------------------------------------------------------------------
[2022-02-08 01:02:15,556] {taskinstance.py:1259} INFO - Executing <Task(PythonOperator): connect_to_astra_db> on 2022-02-08 01:02:12.954368+00:00
[2022-02-08 01:02:15,564] {standard_task_runner.py:52} INFO - Started process 578 to run task
[2022-02-08 01:02:15,568] {standard_task_runner.py:76} INFO - Running: ['***', 'tasks', 'run', 'Sample_one', 'connect_to_astra_db', 'manual__2022-02-08T01:02:12.954368+00:00', '--job-id', '267', '--raw', '--subdir', 'DAGS_FOLDER/astradb.py', '--cfg-path', '/tmp/tmp7wxg56vf', '--error-file', '/tmp/tmp412453zk']
[2022-02-08 01:02:15,572] {standard_task_runner.py:77} INFO - Job 267: Subtask connect_to_astra_db
[2022-02-08 01:02:15,643] {logging_mixin.py:109} INFO - Running <TaskInstance: Sample_one.connect_to_astra_db manual__2022-02-08T01:02:12.954368+00:00 [running]> on host 6d571ddbde8b
[2022-02-08 01:02:15,710] {taskinstance.py:1426} INFO - Exporting the following env vars:
AIRFLOW_CTX_DAG_OWNER=vathana
AIRFLOW_CTX_DAG_ID=Sample_one
AIRFLOW_CTX_TASK_ID=connect_to_astra_db
AIRFLOW_CTX_EXECUTION_DATE=2022-02-08T01:02:12.954368+00:00
AIRFLOW_CTX_DAG_RUN_ID=manual__2022-02-08T01:02:12.954368+00:00
[2022-02-08 01:02:16,200] {astradb.py:26} WARNING - Downgrading core protocol version from 66 to 65 for 3844b209-e6f1-4eda-8605-b019293c1e08-us-east1.db.astra.datastax.com:29042:fa1d4c30-bd4e-401a-ab7e-25ee24b01028. To avoid this, it is best practice to explicitly set Cluster(protocol_version) to the version supported by your cluster. http://datastax.github.io/python-driver/api/cassandra/cluster.html#cassandra.cluster.Cluster.protocol_version
[2022-02-08 01:02:16,339] {astradb.py:26} WARNING - Downgrading core protocol version from 65 to 5 for 3844b209-e6f1-4eda-8605-b019293c1e08-us-east1.db.astra.datastax.com:29042:fa1d4c30-bd4e-401a-ab7e-25ee24b01028. To avoid this, it is best practice to explicitly set Cluster(protocol_version) to the version supported by your cluster. http://datastax.github.io/python-driver/api/cassandra/cluster.html#cassandra.cluster.Cluster.protocol_version
[2022-02-08 01:02:16,491] {libevreactor.py:370} ERROR - Closing connection <LibevConnection(140390899965264) 3844b209-e6f1-4eda-8605-b019293c1e08-us-east1.db.astra.datastax.com:29042:fa1d4c30-bd4e-401a-ab7e-25ee24b01028> due to protocol error: Error from server: code=000a [Protocol error] message="Beta version of the protocol used (5/v5-beta), but USE_BETA flag is unset"
[2022-02-08 01:02:16,493] {astradb.py:26} WARNING - Downgrading core protocol version from 5 to 4 for 3844b209-e6f1-4eda-8605-b019293c1e08-us-east1.db.astra.datastax.com:29042:fa1d4c30-bd4e-401a-ab7e-25ee24b01028. To avoid this, it is best practice to explicitly set Cluster(protocol_version) to the version supported by your cluster. http://datastax.github.io/python-driver/api/cassandra/cluster.html#cassandra.cluster.Cluster.protocol_version
[2022-02-08 01:02:16,877] {policies.py:292} INFO - Using datacenter 'us-east1' for DCAwareRoundRobinPolicy (via host '3844b209-e6f1-4eda-8605-b019293c1e08-us-east1.db.astra.datastax.com:29042:fa1d4c30-bd4e-401a-ab7e-25ee24b01028'); if incorrect, please specify a local_dc to the constructor, or limit contact points to local cluster nodes
[2022-02-08 01:02:17,757] {logging_mixin.py:109} INFO - HELLOO
[2022-02-08 01:02:17,760] {python.py:175} INFO - Done. Returned value was: None
[2022-02-08 01:02:17,783] {taskinstance.py:1277} INFO - Marking task as SUCCESS. dag_id=Sample_one, task_id=connect_to_astra_db, execution_date=20220208T010212, start_date=20220208T010215, end_date=20220208T010217
[2022-02-08 01:02:17,850] {local_task_job.py:154} INFO - Task exited with return code 0
[2022-02-08 01:02:17,905] {local_task_job.py:264} INFO - 1 downstream tasks scheduled from follow-on schedule check
