[2022-02-07 23:41:03,270] {taskinstance.py:1032} INFO - Dependencies all met for <TaskInstance: Sample_one.query_from_astra_db manual__2022-02-07T23:40:52.978721+00:00 [queued]>
[2022-02-07 23:41:03,287] {taskinstance.py:1032} INFO - Dependencies all met for <TaskInstance: Sample_one.query_from_astra_db manual__2022-02-07T23:40:52.978721+00:00 [queued]>
[2022-02-07 23:41:03,290] {taskinstance.py:1238} INFO - 
--------------------------------------------------------------------------------
[2022-02-07 23:41:03,292] {taskinstance.py:1239} INFO - Starting attempt 1 of 1
[2022-02-07 23:41:03,297] {taskinstance.py:1240} INFO - 
--------------------------------------------------------------------------------
[2022-02-07 23:41:03,322] {taskinstance.py:1259} INFO - Executing <Task(PythonOperator): query_from_astra_db> on 2022-02-07 23:40:52.978721+00:00
[2022-02-07 23:41:03,335] {standard_task_runner.py:52} INFO - Started process 133 to run task
[2022-02-07 23:41:03,359] {standard_task_runner.py:76} INFO - Running: ['***', 'tasks', 'run', 'Sample_one', 'query_from_astra_db', 'manual__2022-02-07T23:40:52.978721+00:00', '--job-id', '229', '--raw', '--subdir', 'DAGS_FOLDER/astradb.py', '--cfg-path', '/tmp/tmp9pwwkeq0', '--error-file', '/tmp/tmp74g6jens']
[2022-02-07 23:41:03,363] {standard_task_runner.py:77} INFO - Job 229: Subtask query_from_astra_db
[2022-02-07 23:41:03,522] {logging_mixin.py:109} INFO - Running <TaskInstance: Sample_one.query_from_astra_db manual__2022-02-07T23:40:52.978721+00:00 [running]> on host 6d571ddbde8b
[2022-02-07 23:41:03,656] {taskinstance.py:1426} INFO - Exporting the following env vars:
AIRFLOW_CTX_DAG_OWNER=vathana
AIRFLOW_CTX_DAG_ID=Sample_one
AIRFLOW_CTX_TASK_ID=query_from_astra_db
AIRFLOW_CTX_EXECUTION_DATE=2022-02-07T23:40:52.978721+00:00
AIRFLOW_CTX_DAG_RUN_ID=manual__2022-02-07T23:40:52.978721+00:00
[2022-02-07 23:41:03,661] {logging_mixin.py:109} INFO - he
[2022-02-07 23:41:03,662] {python.py:175} INFO - Done. Returned value was: None
[2022-02-07 23:41:03,715] {taskinstance.py:1277} INFO - Marking task as SUCCESS. dag_id=Sample_one, task_id=query_from_astra_db, execution_date=20220207T234052, start_date=20220207T234103, end_date=20220207T234103
[2022-02-07 23:41:03,789] {local_task_job.py:154} INFO - Task exited with return code 0
[2022-02-07 23:41:03,891] {local_task_job.py:264} INFO - 0 downstream tasks scheduled from follow-on schedule check
