[2022-02-24 20:02:56,173] {taskinstance.py:1032} INFO - Dependencies all met for <TaskInstance: Sample_one.process_kmeans manual__2022-02-24T20:02:50.355341+00:00 [queued]>
[2022-02-24 20:02:56,186] {taskinstance.py:1032} INFO - Dependencies all met for <TaskInstance: Sample_one.process_kmeans manual__2022-02-24T20:02:50.355341+00:00 [queued]>
[2022-02-24 20:02:56,186] {taskinstance.py:1238} INFO - 
--------------------------------------------------------------------------------
[2022-02-24 20:02:56,187] {taskinstance.py:1239} INFO - Starting attempt 1 of 1
[2022-02-24 20:02:56,187] {taskinstance.py:1240} INFO - 
--------------------------------------------------------------------------------
[2022-02-24 20:02:56,203] {taskinstance.py:1259} INFO - Executing <Task(PythonOperator): process_kmeans> on 2022-02-24 20:02:50.355341+00:00
[2022-02-24 20:02:56,214] {standard_task_runner.py:52} INFO - Started process 145 to run task
[2022-02-24 20:02:56,225] {standard_task_runner.py:76} INFO - Running: ['***', 'tasks', 'run', 'Sample_one', 'process_kmeans', 'manual__2022-02-24T20:02:50.355341+00:00', '--job-id', '43', '--raw', '--subdir', 'DAGS_FOLDER/dag.py', '--cfg-path', '/tmp/tmpzcnnb2g6', '--error-file', '/tmp/tmpc35zyqpr']
[2022-02-24 20:02:56,229] {standard_task_runner.py:77} INFO - Job 43: Subtask process_kmeans
[2022-02-24 20:02:56,333] {logging_mixin.py:109} INFO - Running <TaskInstance: Sample_one.process_kmeans manual__2022-02-24T20:02:50.355341+00:00 [running]> on host 99813ca71bd1
[2022-02-24 20:02:56,398] {taskinstance.py:1426} INFO - Exporting the following env vars:
AIRFLOW_CTX_DAG_OWNER=vathana
AIRFLOW_CTX_DAG_ID=Sample_one
AIRFLOW_CTX_TASK_ID=process_kmeans
AIRFLOW_CTX_EXECUTION_DATE=2022-02-24T20:02:50.355341+00:00
AIRFLOW_CTX_DAG_RUN_ID=manual__2022-02-24T20:02:50.355341+00:00
[2022-02-24 20:02:56,724] {dag.py:27} WARNING - Downgrading core protocol version from 66 to 65 for 3844b209-e6f1-4eda-8605-b019293c1e08-us-east1.db.astra.datastax.com:29042:de303f3d-f6e4-4a0a-8dc1-e0da0170ad67. To avoid this, it is best practice to explicitly set Cluster(protocol_version) to the version supported by your cluster. http://datastax.github.io/python-driver/api/cassandra/cluster.html#cassandra.cluster.Cluster.protocol_version
[2022-02-24 20:02:56,841] {dag.py:27} WARNING - Downgrading core protocol version from 65 to 5 for 3844b209-e6f1-4eda-8605-b019293c1e08-us-east1.db.astra.datastax.com:29042:de303f3d-f6e4-4a0a-8dc1-e0da0170ad67. To avoid this, it is best practice to explicitly set Cluster(protocol_version) to the version supported by your cluster. http://datastax.github.io/python-driver/api/cassandra/cluster.html#cassandra.cluster.Cluster.protocol_version
[2022-02-24 20:02:56,972] {libevreactor.py:370} ERROR - Closing connection <LibevConnection(140639044124560) 3844b209-e6f1-4eda-8605-b019293c1e08-us-east1.db.astra.datastax.com:29042:de303f3d-f6e4-4a0a-8dc1-e0da0170ad67> due to protocol error: Error from server: code=000a [Protocol error] message="Beta version of the protocol used (5/v5-beta), but USE_BETA flag is unset"
[2022-02-24 20:02:56,974] {dag.py:27} WARNING - Downgrading core protocol version from 5 to 4 for 3844b209-e6f1-4eda-8605-b019293c1e08-us-east1.db.astra.datastax.com:29042:de303f3d-f6e4-4a0a-8dc1-e0da0170ad67. To avoid this, it is best practice to explicitly set Cluster(protocol_version) to the version supported by your cluster. http://datastax.github.io/python-driver/api/cassandra/cluster.html#cassandra.cluster.Cluster.protocol_version
[2022-02-24 20:02:57,330] {policies.py:292} INFO - Using datacenter 'us-east1' for DCAwareRoundRobinPolicy (via host '3844b209-e6f1-4eda-8605-b019293c1e08-us-east1.db.astra.datastax.com:29042:de303f3d-f6e4-4a0a-8dc1-e0da0170ad67'); if incorrect, please specify a local_dc to the constructor, or limit contact points to local cluster nodes
[2022-02-24 20:03:01,097] {logging_mixin.py:109} INFO - kmeans_done
[2022-02-24 20:03:01,100] {python.py:175} INFO - Done. Returned value was: None
[2022-02-24 20:03:01,127] {taskinstance.py:1277} INFO - Marking task as SUCCESS. dag_id=Sample_one, task_id=process_kmeans, execution_date=20220224T200250, start_date=20220224T200256, end_date=20220224T200301
[2022-02-24 20:03:01,202] {local_task_job.py:154} INFO - Task exited with return code 0
[2022-02-24 20:03:01,241] {local_task_job.py:264} INFO - 1 downstream tasks scheduled from follow-on schedule check
