[2022-02-04 01:04:36,293] {taskinstance.py:1032} INFO - Dependencies all met for <TaskInstance: Sample_one.query_from_astra_db manual__2022-02-04T01:04:32.074944+00:00 [queued]>
[2022-02-04 01:04:36,311] {taskinstance.py:1032} INFO - Dependencies all met for <TaskInstance: Sample_one.query_from_astra_db manual__2022-02-04T01:04:32.074944+00:00 [queued]>
[2022-02-04 01:04:36,312] {taskinstance.py:1238} INFO - 
--------------------------------------------------------------------------------
[2022-02-04 01:04:36,314] {taskinstance.py:1239} INFO - Starting attempt 1 of 1
[2022-02-04 01:04:36,315] {taskinstance.py:1240} INFO - 
--------------------------------------------------------------------------------
[2022-02-04 01:04:36,333] {taskinstance.py:1259} INFO - Executing <Task(PythonOperator): query_from_astra_db> on 2022-02-04 01:04:32.074944+00:00
[2022-02-04 01:04:36,341] {standard_task_runner.py:52} INFO - Started process 1186 to run task
[2022-02-04 01:04:36,347] {standard_task_runner.py:76} INFO - Running: ['***', 'tasks', 'run', 'Sample_one', 'query_from_astra_db', 'manual__2022-02-04T01:04:32.074944+00:00', '--job-id', '46', '--raw', '--subdir', 'DAGS_FOLDER/astradb.py', '--cfg-path', '/tmp/tmp6fwlht2i', '--error-file', '/tmp/tmpark0750m']
[2022-02-04 01:04:36,349] {standard_task_runner.py:77} INFO - Job 46: Subtask query_from_astra_db
[2022-02-04 01:04:36,451] {logging_mixin.py:109} INFO - Running <TaskInstance: Sample_one.query_from_astra_db manual__2022-02-04T01:04:32.074944+00:00 [running]> on host 09c085199644
[2022-02-04 01:04:36,525] {taskinstance.py:1426} INFO - Exporting the following env vars:
AIRFLOW_CTX_DAG_OWNER=vathana
AIRFLOW_CTX_DAG_ID=Sample_one
AIRFLOW_CTX_TASK_ID=query_from_astra_db
AIRFLOW_CTX_EXECUTION_DATE=2022-02-04T01:04:32.074944+00:00
AIRFLOW_CTX_DAG_RUN_ID=manual__2022-02-04T01:04:32.074944+00:00
[2022-02-04 01:04:36,527] {logging_mixin.py:109} INFO - sucesss
[2022-02-04 01:04:36,528] {python.py:175} INFO - Done. Returned value was: None
[2022-02-04 01:04:36,549] {taskinstance.py:1277} INFO - Marking task as SUCCESS. dag_id=Sample_one, task_id=query_from_astra_db, execution_date=20220204T010432, start_date=20220204T010436, end_date=20220204T010436
[2022-02-04 01:04:36,627] {local_task_job.py:154} INFO - Task exited with return code 0
[2022-02-04 01:04:36,738] {local_task_job.py:264} INFO - 0 downstream tasks scheduled from follow-on schedule check
