[2022-02-04 02:10:12,248] {taskinstance.py:1032} INFO - Dependencies all met for <TaskInstance: Sample_one.connect_to_astra_db manual__2022-02-04T02:10:10.428702+00:00 [queued]>
[2022-02-04 02:10:12,262] {taskinstance.py:1032} INFO - Dependencies all met for <TaskInstance: Sample_one.connect_to_astra_db manual__2022-02-04T02:10:10.428702+00:00 [queued]>
[2022-02-04 02:10:12,263] {taskinstance.py:1238} INFO - 
--------------------------------------------------------------------------------
[2022-02-04 02:10:12,264] {taskinstance.py:1239} INFO - Starting attempt 1 of 1
[2022-02-04 02:10:12,265] {taskinstance.py:1240} INFO - 
--------------------------------------------------------------------------------
[2022-02-04 02:10:12,282] {taskinstance.py:1259} INFO - Executing <Task(PythonOperator): connect_to_astra_db> on 2022-02-04 02:10:10.428702+00:00
[2022-02-04 02:10:12,289] {standard_task_runner.py:52} INFO - Started process 138 to run task
[2022-02-04 02:10:12,299] {standard_task_runner.py:76} INFO - Running: ['***', 'tasks', 'run', 'Sample_one', 'connect_to_astra_db', 'manual__2022-02-04T02:10:10.428702+00:00', '--job-id', '129', '--raw', '--subdir', 'DAGS_FOLDER/astradb.py', '--cfg-path', '/tmp/tmpvhso7miq', '--error-file', '/tmp/tmpmele4ytw']
[2022-02-04 02:10:12,301] {standard_task_runner.py:77} INFO - Job 129: Subtask connect_to_astra_db
[2022-02-04 02:10:12,409] {logging_mixin.py:109} INFO - Running <TaskInstance: Sample_one.connect_to_astra_db manual__2022-02-04T02:10:10.428702+00:00 [running]> on host 8c7de8c21c73
[2022-02-04 02:10:12,540] {taskinstance.py:1426} INFO - Exporting the following env vars:
AIRFLOW_CTX_DAG_OWNER=vathana
AIRFLOW_CTX_DAG_ID=Sample_one
AIRFLOW_CTX_TASK_ID=connect_to_astra_db
AIRFLOW_CTX_EXECUTION_DATE=2022-02-04T02:10:10.428702+00:00
AIRFLOW_CTX_DAG_RUN_ID=manual__2022-02-04T02:10:10.428702+00:00
[2022-02-04 02:10:12,903] {astradb.py:23} WARNING - Downgrading core protocol version from 66 to 65 for 3844b209-e6f1-4eda-8605-b019293c1e08-us-east1.db.astra.datastax.com:29042:c4854619-2b96-4a4a-bff9-0c18466c44bf. To avoid this, it is best practice to explicitly set Cluster(protocol_version) to the version supported by your cluster. http://datastax.github.io/python-driver/api/cassandra/cluster.html#cassandra.cluster.Cluster.protocol_version
[2022-02-04 02:10:13,042] {astradb.py:23} WARNING - Downgrading core protocol version from 65 to 5 for 3844b209-e6f1-4eda-8605-b019293c1e08-us-east1.db.astra.datastax.com:29042:c4854619-2b96-4a4a-bff9-0c18466c44bf. To avoid this, it is best practice to explicitly set Cluster(protocol_version) to the version supported by your cluster. http://datastax.github.io/python-driver/api/cassandra/cluster.html#cassandra.cluster.Cluster.protocol_version
[2022-02-04 02:10:13,184] {libevreactor.py:370} ERROR - Closing connection <LibevConnection(139919539913232) 3844b209-e6f1-4eda-8605-b019293c1e08-us-east1.db.astra.datastax.com:29042:c4854619-2b96-4a4a-bff9-0c18466c44bf> due to protocol error: Error from server: code=000a [Protocol error] message="Beta version of the protocol used (5/v5-beta), but USE_BETA flag is unset"
[2022-02-04 02:10:13,188] {astradb.py:23} WARNING - Downgrading core protocol version from 5 to 4 for 3844b209-e6f1-4eda-8605-b019293c1e08-us-east1.db.astra.datastax.com:29042:c4854619-2b96-4a4a-bff9-0c18466c44bf. To avoid this, it is best practice to explicitly set Cluster(protocol_version) to the version supported by your cluster. http://datastax.github.io/python-driver/api/cassandra/cluster.html#cassandra.cluster.Cluster.protocol_version
[2022-02-04 02:10:13,578] {policies.py:292} INFO - Using datacenter 'us-east1' for DCAwareRoundRobinPolicy (via host '3844b209-e6f1-4eda-8605-b019293c1e08-us-east1.db.astra.datastax.com:29042:c4854619-2b96-4a4a-bff9-0c18466c44bf'); if incorrect, please specify a local_dc to the constructor, or limit contact points to local cluster nodes
[2022-02-04 02:10:14,374] {logging_mixin.py:109} INFO - success
[2022-02-04 02:10:14,376] {python.py:175} INFO - Done. Returned value was: None
[2022-02-04 02:10:14,408] {taskinstance.py:1277} INFO - Marking task as SUCCESS. dag_id=Sample_one, task_id=connect_to_astra_db, execution_date=20220204T021010, start_date=20220204T021012, end_date=20220204T021014
[2022-02-04 02:10:14,517] {local_task_job.py:154} INFO - Task exited with return code 0
[2022-02-04 02:10:14,610] {local_task_job.py:264} INFO - 1 downstream tasks scheduled from follow-on schedule check
