[2022-02-24 20:10:39,502] {taskinstance.py:1032} INFO - Dependencies all met for <TaskInstance: Sample_one.process_pca manual__2022-02-24T20:10:30.676217+00:00 [queued]>
[2022-02-24 20:10:39,524] {taskinstance.py:1032} INFO - Dependencies all met for <TaskInstance: Sample_one.process_pca manual__2022-02-24T20:10:30.676217+00:00 [queued]>
[2022-02-24 20:10:39,525] {taskinstance.py:1238} INFO - 
--------------------------------------------------------------------------------
[2022-02-24 20:10:39,525] {taskinstance.py:1239} INFO - Starting attempt 1 of 1
[2022-02-24 20:10:39,526] {taskinstance.py:1240} INFO - 
--------------------------------------------------------------------------------
[2022-02-24 20:10:39,542] {taskinstance.py:1259} INFO - Executing <Task(PythonOperator): process_pca> on 2022-02-24 20:10:30.676217+00:00
[2022-02-24 20:10:39,549] {standard_task_runner.py:52} INFO - Started process 514 to run task
[2022-02-24 20:10:39,556] {standard_task_runner.py:76} INFO - Running: ['***', 'tasks', 'run', 'Sample_one', 'process_pca', 'manual__2022-02-24T20:10:30.676217+00:00', '--job-id', '47', '--raw', '--subdir', 'DAGS_FOLDER/dag.py', '--cfg-path', '/tmp/tmpf8pvak93', '--error-file', '/tmp/tmpvnrz8zxh']
[2022-02-24 20:10:39,559] {standard_task_runner.py:77} INFO - Job 47: Subtask process_pca
[2022-02-24 20:10:39,652] {logging_mixin.py:109} INFO - Running <TaskInstance: Sample_one.process_pca manual__2022-02-24T20:10:30.676217+00:00 [running]> on host 99813ca71bd1
[2022-02-24 20:10:39,752] {taskinstance.py:1426} INFO - Exporting the following env vars:
AIRFLOW_CTX_DAG_OWNER=vathana
AIRFLOW_CTX_DAG_ID=Sample_one
AIRFLOW_CTX_TASK_ID=process_pca
AIRFLOW_CTX_EXECUTION_DATE=2022-02-24T20:10:30.676217+00:00
AIRFLOW_CTX_DAG_RUN_ID=manual__2022-02-24T20:10:30.676217+00:00
[2022-02-24 20:10:40,059] {dag.py:77} WARNING - Downgrading core protocol version from 66 to 65 for 3844b209-e6f1-4eda-8605-b019293c1e08-us-east1.db.astra.datastax.com:29042:33c650af-8c56-4bb3-9716-13c8a515600f. To avoid this, it is best practice to explicitly set Cluster(protocol_version) to the version supported by your cluster. http://datastax.github.io/python-driver/api/cassandra/cluster.html#cassandra.cluster.Cluster.protocol_version
[2022-02-24 20:10:40,180] {dag.py:77} WARNING - Downgrading core protocol version from 65 to 5 for 3844b209-e6f1-4eda-8605-b019293c1e08-us-east1.db.astra.datastax.com:29042:33c650af-8c56-4bb3-9716-13c8a515600f. To avoid this, it is best practice to explicitly set Cluster(protocol_version) to the version supported by your cluster. http://datastax.github.io/python-driver/api/cassandra/cluster.html#cassandra.cluster.Cluster.protocol_version
[2022-02-24 20:10:40,299] {libevreactor.py:370} ERROR - Closing connection <LibevConnection(140639044204496) 3844b209-e6f1-4eda-8605-b019293c1e08-us-east1.db.astra.datastax.com:29042:33c650af-8c56-4bb3-9716-13c8a515600f> due to protocol error: Error from server: code=000a [Protocol error] message="Beta version of the protocol used (5/v5-beta), but USE_BETA flag is unset"
[2022-02-24 20:10:40,300] {dag.py:77} WARNING - Downgrading core protocol version from 5 to 4 for 3844b209-e6f1-4eda-8605-b019293c1e08-us-east1.db.astra.datastax.com:29042:33c650af-8c56-4bb3-9716-13c8a515600f. To avoid this, it is best practice to explicitly set Cluster(protocol_version) to the version supported by your cluster. http://datastax.github.io/python-driver/api/cassandra/cluster.html#cassandra.cluster.Cluster.protocol_version
[2022-02-24 20:10:40,645] {policies.py:292} INFO - Using datacenter 'us-east1' for DCAwareRoundRobinPolicy (via host '3844b209-e6f1-4eda-8605-b019293c1e08-us-east1.db.astra.datastax.com:29042:33c650af-8c56-4bb3-9716-13c8a515600f'); if incorrect, please specify a local_dc to the constructor, or limit contact points to local cluster nodes
[2022-02-24 20:10:42,840] {logging_mixin.py:109} INFO - PCA DONE
[2022-02-24 20:10:42,845] {python.py:175} INFO - Done. Returned value was: None
[2022-02-24 20:10:42,917] {taskinstance.py:1277} INFO - Marking task as SUCCESS. dag_id=Sample_one, task_id=process_pca, execution_date=20220224T201030, start_date=20220224T201039, end_date=20220224T201042
[2022-02-24 20:10:43,108] {local_task_job.py:154} INFO - Task exited with return code 0
[2022-02-24 20:10:43,222] {local_task_job.py:264} INFO - 0 downstream tasks scheduled from follow-on schedule check
