[2022-02-24 19:51:27,963] {processor.py:163} INFO - Started process (PID=59) to work on /opt/airflow/dags/dag.py
[2022-02-24 19:51:27,977] {processor.py:642} INFO - Processing file /opt/airflow/dags/dag.py for tasks to queue
[2022-02-24 19:51:27,990] {logging_mixin.py:109} INFO - [2022-02-24 19:51:27,990] {dagbag.py:500} INFO - Filling up the DagBag from /opt/airflow/dags/dag.py
[2022-02-24 19:51:53,179] {processor.py:654} INFO - DAG(s) dict_keys(['Sample_one']) retrieved from /opt/airflow/dags/dag.py
[2022-02-24 19:52:14,078] {logging_mixin.py:109} INFO - [2022-02-24 19:52:14,078] {manager.py:496} INFO - Created Permission View: can read on DAG:Sample_one
[2022-02-24 19:52:14,125] {logging_mixin.py:109} INFO - [2022-02-24 19:52:14,123] {manager.py:496} INFO - Created Permission View: can edit on DAG:Sample_one
[2022-02-24 19:52:14,137] {logging_mixin.py:109} INFO - [2022-02-24 19:52:14,131] {dag.py:2396} INFO - Sync 1 DAGs
[2022-02-24 19:52:14,239] {logging_mixin.py:109} INFO - [2022-02-24 19:52:14,239] {dag.py:2415} INFO - Creating ORM DAG for Sample_one
[2022-02-24 19:52:14,328] {logging_mixin.py:109} INFO - [2022-02-24 19:52:14,324] {dag.py:2935} INFO - Setting next_dagrun for Sample_one to 2022-02-01T00:00:00+00:00
[2022-02-24 19:52:14,443] {processor.py:171} INFO - Processing /opt/airflow/dags/dag.py took 46.575 seconds
[2022-02-24 19:54:11,398] {processor.py:163} INFO - Started process (PID=238) to work on /opt/airflow/dags/dag.py
[2022-02-24 19:54:11,401] {processor.py:642} INFO - Processing file /opt/airflow/dags/dag.py for tasks to queue
[2022-02-24 19:54:11,404] {logging_mixin.py:109} INFO - [2022-02-24 19:54:11,403] {dagbag.py:500} INFO - Filling up the DagBag from /opt/airflow/dags/dag.py
[2022-02-24 19:54:13,406] {processor.py:654} INFO - DAG(s) dict_keys(['Sample_one']) retrieved from /opt/airflow/dags/dag.py
[2022-02-24 19:54:13,417] {logging_mixin.py:109} INFO - [2022-02-24 19:54:13,417] {dag.py:2396} INFO - Sync 1 DAGs
[2022-02-24 19:54:13,435] {logging_mixin.py:109} INFO - [2022-02-24 19:54:13,435] {dag.py:2935} INFO - Setting next_dagrun for Sample_one to None
[2022-02-24 19:54:13,447] {processor.py:171} INFO - Processing /opt/airflow/dags/dag.py took 2.059 seconds
[2022-02-24 19:54:26,877] {processor.py:163} INFO - Started process (PID=274) to work on /opt/airflow/dags/dag.py
[2022-02-24 19:54:26,879] {processor.py:642} INFO - Processing file /opt/airflow/dags/dag.py for tasks to queue
[2022-02-24 19:54:26,882] {logging_mixin.py:109} INFO - [2022-02-24 19:54:26,882] {dagbag.py:500} INFO - Filling up the DagBag from /opt/airflow/dags/dag.py
[2022-02-24 19:54:28,217] {processor.py:654} INFO - DAG(s) dict_keys(['Sample_one']) retrieved from /opt/airflow/dags/dag.py
[2022-02-24 19:54:28,229] {logging_mixin.py:109} INFO - [2022-02-24 19:54:28,228] {dag.py:2396} INFO - Sync 1 DAGs
[2022-02-24 19:54:28,247] {logging_mixin.py:109} INFO - [2022-02-24 19:54:28,246] {dag.py:2935} INFO - Setting next_dagrun for Sample_one to None
[2022-02-24 19:54:28,262] {processor.py:171} INFO - Processing /opt/airflow/dags/dag.py took 1.388 seconds
[2022-02-24 19:54:58,532] {processor.py:163} INFO - Started process (PID=337) to work on /opt/airflow/dags/dag.py
[2022-02-24 19:54:58,534] {processor.py:642} INFO - Processing file /opt/airflow/dags/dag.py for tasks to queue
[2022-02-24 19:54:58,536] {logging_mixin.py:109} INFO - [2022-02-24 19:54:58,536] {dagbag.py:500} INFO - Filling up the DagBag from /opt/airflow/dags/dag.py
[2022-02-24 19:55:00,832] {processor.py:654} INFO - DAG(s) dict_keys(['Sample_one']) retrieved from /opt/airflow/dags/dag.py
[2022-02-24 19:55:00,867] {logging_mixin.py:109} INFO - [2022-02-24 19:55:00,866] {dag.py:2396} INFO - Sync 1 DAGs
[2022-02-24 19:55:00,938] {logging_mixin.py:109} INFO - [2022-02-24 19:55:00,938] {dag.py:2935} INFO - Setting next_dagrun for Sample_one to None
[2022-02-24 19:55:00,972] {processor.py:171} INFO - Processing /opt/airflow/dags/dag.py took 2.444 seconds
[2022-02-24 19:55:31,133] {processor.py:163} INFO - Started process (PID=392) to work on /opt/airflow/dags/dag.py
[2022-02-24 19:55:31,137] {processor.py:642} INFO - Processing file /opt/airflow/dags/dag.py for tasks to queue
[2022-02-24 19:55:31,139] {logging_mixin.py:109} INFO - [2022-02-24 19:55:31,139] {dagbag.py:500} INFO - Filling up the DagBag from /opt/airflow/dags/dag.py
[2022-02-24 19:55:32,427] {processor.py:654} INFO - DAG(s) dict_keys(['Sample_one']) retrieved from /opt/airflow/dags/dag.py
[2022-02-24 19:55:32,437] {logging_mixin.py:109} INFO - [2022-02-24 19:55:32,437] {dag.py:2396} INFO - Sync 1 DAGs
[2022-02-24 19:55:32,450] {logging_mixin.py:109} INFO - [2022-02-24 19:55:32,450] {dag.py:2935} INFO - Setting next_dagrun for Sample_one to None
[2022-02-24 19:55:32,458] {processor.py:171} INFO - Processing /opt/airflow/dags/dag.py took 1.329 seconds
[2022-02-24 19:55:41,176] {processor.py:163} INFO - Started process (PID=413) to work on /opt/airflow/dags/dag.py
[2022-02-24 19:55:41,177] {processor.py:642} INFO - Processing file /opt/airflow/dags/dag.py for tasks to queue
[2022-02-24 19:55:41,179] {logging_mixin.py:109} INFO - [2022-02-24 19:55:41,179] {dagbag.py:500} INFO - Filling up the DagBag from /opt/airflow/dags/dag.py
[2022-02-24 19:55:42,917] {processor.py:654} INFO - DAG(s) dict_keys(['Sample_one']) retrieved from /opt/airflow/dags/dag.py
[2022-02-24 19:55:42,927] {logging_mixin.py:109} INFO - [2022-02-24 19:55:42,927] {dag.py:2396} INFO - Sync 1 DAGs
[2022-02-24 19:55:42,946] {logging_mixin.py:109} INFO - [2022-02-24 19:55:42,946] {dag.py:2935} INFO - Setting next_dagrun for Sample_one to None
[2022-02-24 19:55:42,956] {processor.py:171} INFO - Processing /opt/airflow/dags/dag.py took 1.785 seconds
[2022-02-24 19:56:13,929] {processor.py:163} INFO - Started process (PID=470) to work on /opt/airflow/dags/dag.py
[2022-02-24 19:56:13,931] {processor.py:642} INFO - Processing file /opt/airflow/dags/dag.py for tasks to queue
[2022-02-24 19:56:13,933] {logging_mixin.py:109} INFO - [2022-02-24 19:56:13,933] {dagbag.py:500} INFO - Filling up the DagBag from /opt/airflow/dags/dag.py
[2022-02-24 19:56:15,579] {processor.py:654} INFO - DAG(s) dict_keys(['Sample_one']) retrieved from /opt/airflow/dags/dag.py
[2022-02-24 19:56:15,591] {logging_mixin.py:109} INFO - [2022-02-24 19:56:15,590] {dag.py:2396} INFO - Sync 1 DAGs
[2022-02-24 19:56:15,610] {logging_mixin.py:109} INFO - [2022-02-24 19:56:15,610] {dag.py:2935} INFO - Setting next_dagrun for Sample_one to None
[2022-02-24 19:56:15,622] {processor.py:171} INFO - Processing /opt/airflow/dags/dag.py took 1.700 seconds
[2022-02-24 19:56:46,294] {processor.py:163} INFO - Started process (PID=525) to work on /opt/airflow/dags/dag.py
[2022-02-24 19:56:46,297] {processor.py:642} INFO - Processing file /opt/airflow/dags/dag.py for tasks to queue
[2022-02-24 19:56:46,298] {logging_mixin.py:109} INFO - [2022-02-24 19:56:46,298] {dagbag.py:500} INFO - Filling up the DagBag from /opt/airflow/dags/dag.py
[2022-02-24 19:56:47,657] {processor.py:654} INFO - DAG(s) dict_keys(['Sample_one']) retrieved from /opt/airflow/dags/dag.py
[2022-02-24 19:56:47,681] {logging_mixin.py:109} INFO - [2022-02-24 19:56:47,680] {dag.py:2396} INFO - Sync 1 DAGs
[2022-02-24 19:56:47,697] {logging_mixin.py:109} INFO - [2022-02-24 19:56:47,697] {dag.py:2935} INFO - Setting next_dagrun for Sample_one to None
[2022-02-24 19:56:47,706] {processor.py:171} INFO - Processing /opt/airflow/dags/dag.py took 1.418 seconds
[2022-02-24 19:57:17,829] {processor.py:163} INFO - Started process (PID=594) to work on /opt/airflow/dags/dag.py
[2022-02-24 19:57:17,832] {processor.py:642} INFO - Processing file /opt/airflow/dags/dag.py for tasks to queue
[2022-02-24 19:57:17,835] {logging_mixin.py:109} INFO - [2022-02-24 19:57:17,835] {dagbag.py:500} INFO - Filling up the DagBag from /opt/airflow/dags/dag.py
[2022-02-24 19:57:20,921] {processor.py:654} INFO - DAG(s) dict_keys(['Sample_one']) retrieved from /opt/airflow/dags/dag.py
[2022-02-24 19:57:20,933] {logging_mixin.py:109} INFO - [2022-02-24 19:57:20,932] {dag.py:2396} INFO - Sync 1 DAGs
[2022-02-24 19:57:20,947] {logging_mixin.py:109} INFO - [2022-02-24 19:57:20,947] {dag.py:2935} INFO - Setting next_dagrun for Sample_one to None
[2022-02-24 19:57:20,958] {processor.py:171} INFO - Processing /opt/airflow/dags/dag.py took 3.138 seconds
[2022-02-24 19:57:51,465] {processor.py:163} INFO - Started process (PID=656) to work on /opt/airflow/dags/dag.py
[2022-02-24 19:57:51,469] {processor.py:642} INFO - Processing file /opt/airflow/dags/dag.py for tasks to queue
[2022-02-24 19:57:51,471] {logging_mixin.py:109} INFO - [2022-02-24 19:57:51,470] {dagbag.py:500} INFO - Filling up the DagBag from /opt/airflow/dags/dag.py
[2022-02-24 19:57:53,081] {processor.py:654} INFO - DAG(s) dict_keys(['Sample_one']) retrieved from /opt/airflow/dags/dag.py
[2022-02-24 19:57:53,089] {logging_mixin.py:109} INFO - [2022-02-24 19:57:53,088] {dag.py:2396} INFO - Sync 1 DAGs
[2022-02-24 19:57:53,103] {logging_mixin.py:109} INFO - [2022-02-24 19:57:53,103] {dag.py:2935} INFO - Setting next_dagrun for Sample_one to None
[2022-02-24 19:57:53,111] {processor.py:171} INFO - Processing /opt/airflow/dags/dag.py took 1.654 seconds
[2022-02-24 20:01:12,115] {processor.py:163} INFO - Started process (PID=47) to work on /opt/airflow/dags/dag.py
[2022-02-24 20:01:12,130] {processor.py:642} INFO - Processing file /opt/airflow/dags/dag.py for tasks to queue
[2022-02-24 20:01:12,146] {logging_mixin.py:109} INFO - [2022-02-24 20:01:12,145] {dagbag.py:500} INFO - Filling up the DagBag from /opt/airflow/dags/dag.py
[2022-02-24 20:01:19,635] {processor.py:654} INFO - DAG(s) dict_keys(['Sample_one']) retrieved from /opt/airflow/dags/dag.py
[2022-02-24 20:01:19,733] {logging_mixin.py:109} INFO - [2022-02-24 20:01:19,733] {dag.py:2396} INFO - Sync 1 DAGs
[2022-02-24 20:01:19,820] {logging_mixin.py:109} INFO - [2022-02-24 20:01:19,819] {dag.py:2935} INFO - Setting next_dagrun for Sample_one to None
[2022-02-24 20:01:19,926] {processor.py:171} INFO - Processing /opt/airflow/dags/dag.py took 7.857 seconds
[2022-02-24 20:01:50,963] {processor.py:163} INFO - Started process (PID=109) to work on /opt/airflow/dags/dag.py
[2022-02-24 20:01:50,965] {processor.py:642} INFO - Processing file /opt/airflow/dags/dag.py for tasks to queue
[2022-02-24 20:01:50,967] {logging_mixin.py:109} INFO - [2022-02-24 20:01:50,966] {dagbag.py:500} INFO - Filling up the DagBag from /opt/airflow/dags/dag.py
[2022-02-24 20:01:53,261] {processor.py:654} INFO - DAG(s) dict_keys(['Sample_one']) retrieved from /opt/airflow/dags/dag.py
[2022-02-24 20:01:53,271] {logging_mixin.py:109} INFO - [2022-02-24 20:01:53,270] {dag.py:2396} INFO - Sync 1 DAGs
[2022-02-24 20:01:53,284] {logging_mixin.py:109} INFO - [2022-02-24 20:01:53,284] {dag.py:2935} INFO - Setting next_dagrun for Sample_one to None
[2022-02-24 20:01:53,294] {processor.py:171} INFO - Processing /opt/airflow/dags/dag.py took 2.341 seconds
[2022-02-24 20:02:23,621] {processor.py:163} INFO - Started process (PID=172) to work on /opt/airflow/dags/dag.py
[2022-02-24 20:02:23,630] {processor.py:642} INFO - Processing file /opt/airflow/dags/dag.py for tasks to queue
[2022-02-24 20:02:23,632] {logging_mixin.py:109} INFO - [2022-02-24 20:02:23,632] {dagbag.py:500} INFO - Filling up the DagBag from /opt/airflow/dags/dag.py
[2022-02-24 20:02:25,322] {processor.py:654} INFO - DAG(s) dict_keys(['Sample_one']) retrieved from /opt/airflow/dags/dag.py
[2022-02-24 20:02:25,332] {logging_mixin.py:109} INFO - [2022-02-24 20:02:25,331] {dag.py:2396} INFO - Sync 1 DAGs
[2022-02-24 20:02:25,348] {logging_mixin.py:109} INFO - [2022-02-24 20:02:25,348] {dag.py:2935} INFO - Setting next_dagrun for Sample_one to None
[2022-02-24 20:02:25,358] {processor.py:171} INFO - Processing /opt/airflow/dags/dag.py took 1.750 seconds
[2022-02-24 20:02:28,695] {processor.py:163} INFO - Started process (PID=194) to work on /opt/airflow/dags/dag.py
[2022-02-24 20:02:28,709] {processor.py:642} INFO - Processing file /opt/airflow/dags/dag.py for tasks to queue
[2022-02-24 20:02:28,721] {logging_mixin.py:109} INFO - [2022-02-24 20:02:28,721] {dagbag.py:500} INFO - Filling up the DagBag from /opt/airflow/dags/dag.py
[2022-02-24 20:02:35,267] {processor.py:654} INFO - DAG(s) dict_keys(['Sample_one']) retrieved from /opt/airflow/dags/dag.py
[2022-02-24 20:02:35,296] {logging_mixin.py:109} INFO - [2022-02-24 20:02:35,295] {dag.py:2396} INFO - Sync 1 DAGs
[2022-02-24 20:02:35,364] {logging_mixin.py:109} INFO - [2022-02-24 20:02:35,364] {dag.py:2935} INFO - Setting next_dagrun for Sample_one to None
[2022-02-24 20:02:35,397] {processor.py:171} INFO - Processing /opt/airflow/dags/dag.py took 6.726 seconds
[2022-02-24 20:02:36,990] {processor.py:163} INFO - Started process (PID=206) to work on /opt/airflow/dags/dag.py
[2022-02-24 20:02:37,002] {processor.py:642} INFO - Processing file /opt/airflow/dags/dag.py for tasks to queue
[2022-02-24 20:02:37,007] {logging_mixin.py:109} INFO - [2022-02-24 20:02:37,005] {dagbag.py:500} INFO - Filling up the DagBag from /opt/airflow/dags/dag.py
[2022-02-24 20:02:39,090] {processor.py:654} INFO - DAG(s) dict_keys(['Sample_one']) retrieved from /opt/airflow/dags/dag.py
[2022-02-24 20:02:39,104] {logging_mixin.py:109} INFO - [2022-02-24 20:02:39,104] {dag.py:2396} INFO - Sync 1 DAGs
[2022-02-24 20:02:39,127] {logging_mixin.py:109} INFO - [2022-02-24 20:02:39,127] {dag.py:2935} INFO - Setting next_dagrun for Sample_one to None
[2022-02-24 20:02:39,147] {processor.py:171} INFO - Processing /opt/airflow/dags/dag.py took 2.172 seconds
[2022-02-24 20:03:09,345] {processor.py:163} INFO - Started process (PID=262) to work on /opt/airflow/dags/dag.py
[2022-02-24 20:03:09,346] {processor.py:642} INFO - Processing file /opt/airflow/dags/dag.py for tasks to queue
[2022-02-24 20:03:09,361] {logging_mixin.py:109} INFO - [2022-02-24 20:03:09,361] {dagbag.py:500} INFO - Filling up the DagBag from /opt/airflow/dags/dag.py
[2022-02-24 20:03:12,239] {processor.py:654} INFO - DAG(s) dict_keys(['Sample_one']) retrieved from /opt/airflow/dags/dag.py
[2022-02-24 20:03:12,248] {logging_mixin.py:109} INFO - [2022-02-24 20:03:12,247] {dag.py:2396} INFO - Sync 1 DAGs
[2022-02-24 20:03:12,262] {logging_mixin.py:109} INFO - [2022-02-24 20:03:12,262] {dag.py:2935} INFO - Setting next_dagrun for Sample_one to None
[2022-02-24 20:03:12,270] {processor.py:171} INFO - Processing /opt/airflow/dags/dag.py took 2.929 seconds
[2022-02-24 20:03:42,849] {processor.py:163} INFO - Started process (PID=316) to work on /opt/airflow/dags/dag.py
[2022-02-24 20:03:42,856] {processor.py:642} INFO - Processing file /opt/airflow/dags/dag.py for tasks to queue
[2022-02-24 20:03:42,858] {logging_mixin.py:109} INFO - [2022-02-24 20:03:42,858] {dagbag.py:500} INFO - Filling up the DagBag from /opt/airflow/dags/dag.py
[2022-02-24 20:03:44,095] {processor.py:654} INFO - DAG(s) dict_keys(['Sample_one']) retrieved from /opt/airflow/dags/dag.py
[2022-02-24 20:03:44,105] {logging_mixin.py:109} INFO - [2022-02-24 20:03:44,104] {dag.py:2396} INFO - Sync 1 DAGs
[2022-02-24 20:03:44,134] {logging_mixin.py:109} INFO - [2022-02-24 20:03:44,134] {dag.py:2935} INFO - Setting next_dagrun for Sample_one to None
[2022-02-24 20:03:44,145] {processor.py:171} INFO - Processing /opt/airflow/dags/dag.py took 1.303 seconds
[2022-02-24 20:03:49,055] {processor.py:163} INFO - Started process (PID=323) to work on /opt/airflow/dags/dag.py
[2022-02-24 20:03:49,060] {processor.py:642} INFO - Processing file /opt/airflow/dags/dag.py for tasks to queue
[2022-02-24 20:03:49,065] {logging_mixin.py:109} INFO - [2022-02-24 20:03:49,065] {dagbag.py:500} INFO - Filling up the DagBag from /opt/airflow/dags/dag.py
[2022-02-24 20:03:53,414] {processor.py:654} INFO - DAG(s) dict_keys(['Sample_one']) retrieved from /opt/airflow/dags/dag.py
[2022-02-24 20:03:53,442] {logging_mixin.py:109} INFO - [2022-02-24 20:03:53,440] {dag.py:2396} INFO - Sync 1 DAGs
[2022-02-24 20:03:53,483] {logging_mixin.py:109} INFO - [2022-02-24 20:03:53,483] {dag.py:2935} INFO - Setting next_dagrun for Sample_one to None
[2022-02-24 20:03:53,535] {processor.py:171} INFO - Processing /opt/airflow/dags/dag.py took 4.483 seconds
[2022-02-24 20:04:23,733] {processor.py:163} INFO - Started process (PID=389) to work on /opt/airflow/dags/dag.py
[2022-02-24 20:04:23,737] {processor.py:642} INFO - Processing file /opt/airflow/dags/dag.py for tasks to queue
[2022-02-24 20:04:23,740] {logging_mixin.py:109} INFO - [2022-02-24 20:04:23,740] {dagbag.py:500} INFO - Filling up the DagBag from /opt/airflow/dags/dag.py
[2022-02-24 20:04:25,420] {processor.py:654} INFO - DAG(s) dict_keys(['Sample_one']) retrieved from /opt/airflow/dags/dag.py
[2022-02-24 20:04:25,448] {logging_mixin.py:109} INFO - [2022-02-24 20:04:25,447] {dag.py:2396} INFO - Sync 1 DAGs
[2022-02-24 20:04:25,462] {logging_mixin.py:109} INFO - [2022-02-24 20:04:25,462] {dag.py:2935} INFO - Setting next_dagrun for Sample_one to None
[2022-02-24 20:04:25,472] {processor.py:171} INFO - Processing /opt/airflow/dags/dag.py took 1.745 seconds
[2022-02-24 20:04:55,919] {processor.py:163} INFO - Started process (PID=446) to work on /opt/airflow/dags/dag.py
[2022-02-24 20:04:55,924] {processor.py:642} INFO - Processing file /opt/airflow/dags/dag.py for tasks to queue
[2022-02-24 20:04:55,926] {logging_mixin.py:109} INFO - [2022-02-24 20:04:55,925] {dagbag.py:500} INFO - Filling up the DagBag from /opt/airflow/dags/dag.py
[2022-02-24 20:04:57,132] {processor.py:654} INFO - DAG(s) dict_keys(['Sample_one']) retrieved from /opt/airflow/dags/dag.py
[2022-02-24 20:04:57,140] {logging_mixin.py:109} INFO - [2022-02-24 20:04:57,139] {dag.py:2396} INFO - Sync 1 DAGs
[2022-02-24 20:04:57,159] {logging_mixin.py:109} INFO - [2022-02-24 20:04:57,159] {dag.py:2935} INFO - Setting next_dagrun for Sample_one to None
[2022-02-24 20:04:57,175] {processor.py:171} INFO - Processing /opt/airflow/dags/dag.py took 1.263 seconds
[2022-02-24 20:05:27,947] {processor.py:163} INFO - Started process (PID=501) to work on /opt/airflow/dags/dag.py
[2022-02-24 20:05:27,950] {processor.py:642} INFO - Processing file /opt/airflow/dags/dag.py for tasks to queue
[2022-02-24 20:05:27,951] {logging_mixin.py:109} INFO - [2022-02-24 20:05:27,951] {dagbag.py:500} INFO - Filling up the DagBag from /opt/airflow/dags/dag.py
[2022-02-24 20:05:29,123] {processor.py:654} INFO - DAG(s) dict_keys(['Sample_one']) retrieved from /opt/airflow/dags/dag.py
[2022-02-24 20:05:29,131] {logging_mixin.py:109} INFO - [2022-02-24 20:05:29,130] {dag.py:2396} INFO - Sync 1 DAGs
[2022-02-24 20:05:29,144] {logging_mixin.py:109} INFO - [2022-02-24 20:05:29,144] {dag.py:2935} INFO - Setting next_dagrun for Sample_one to None
[2022-02-24 20:05:29,151] {processor.py:171} INFO - Processing /opt/airflow/dags/dag.py took 1.208 seconds
[2022-02-24 20:05:59,260] {processor.py:163} INFO - Started process (PID=556) to work on /opt/airflow/dags/dag.py
[2022-02-24 20:05:59,263] {processor.py:642} INFO - Processing file /opt/airflow/dags/dag.py for tasks to queue
[2022-02-24 20:05:59,279] {logging_mixin.py:109} INFO - [2022-02-24 20:05:59,271] {dagbag.py:500} INFO - Filling up the DagBag from /opt/airflow/dags/dag.py
[2022-02-24 20:06:01,888] {processor.py:654} INFO - DAG(s) dict_keys(['Sample_one']) retrieved from /opt/airflow/dags/dag.py
[2022-02-24 20:06:01,909] {logging_mixin.py:109} INFO - [2022-02-24 20:06:01,909] {dag.py:2396} INFO - Sync 1 DAGs
[2022-02-24 20:06:01,976] {logging_mixin.py:109} INFO - [2022-02-24 20:06:01,976] {dag.py:2935} INFO - Setting next_dagrun for Sample_one to None
[2022-02-24 20:06:02,027] {processor.py:171} INFO - Processing /opt/airflow/dags/dag.py took 2.780 seconds
[2022-02-24 20:06:33,060] {processor.py:163} INFO - Started process (PID=625) to work on /opt/airflow/dags/dag.py
[2022-02-24 20:06:33,063] {processor.py:642} INFO - Processing file /opt/airflow/dags/dag.py for tasks to queue
[2022-02-24 20:06:33,064] {logging_mixin.py:109} INFO - [2022-02-24 20:06:33,064] {dagbag.py:500} INFO - Filling up the DagBag from /opt/airflow/dags/dag.py
[2022-02-24 20:06:35,233] {processor.py:654} INFO - DAG(s) dict_keys(['Sample_one']) retrieved from /opt/airflow/dags/dag.py
[2022-02-24 20:06:35,246] {logging_mixin.py:109} INFO - [2022-02-24 20:06:35,245] {dag.py:2396} INFO - Sync 1 DAGs
[2022-02-24 20:06:35,278] {logging_mixin.py:109} INFO - [2022-02-24 20:06:35,278] {dag.py:2935} INFO - Setting next_dagrun for Sample_one to None
[2022-02-24 20:06:35,296] {processor.py:171} INFO - Processing /opt/airflow/dags/dag.py took 2.239 seconds
[2022-02-24 20:07:05,580] {processor.py:163} INFO - Started process (PID=683) to work on /opt/airflow/dags/dag.py
[2022-02-24 20:07:05,586] {processor.py:642} INFO - Processing file /opt/airflow/dags/dag.py for tasks to queue
[2022-02-24 20:07:05,587] {logging_mixin.py:109} INFO - [2022-02-24 20:07:05,587] {dagbag.py:500} INFO - Filling up the DagBag from /opt/airflow/dags/dag.py
[2022-02-24 20:07:07,030] {processor.py:654} INFO - DAG(s) dict_keys(['Sample_one']) retrieved from /opt/airflow/dags/dag.py
[2022-02-24 20:07:07,038] {logging_mixin.py:109} INFO - [2022-02-24 20:07:07,037] {dag.py:2396} INFO - Sync 1 DAGs
[2022-02-24 20:07:07,051] {logging_mixin.py:109} INFO - [2022-02-24 20:07:07,051] {dag.py:2935} INFO - Setting next_dagrun for Sample_one to None
[2022-02-24 20:07:07,058] {processor.py:171} INFO - Processing /opt/airflow/dags/dag.py took 1.504 seconds
[2022-02-24 20:07:25,222] {processor.py:163} INFO - Started process (PID=719) to work on /opt/airflow/dags/dag.py
[2022-02-24 20:07:25,229] {processor.py:642} INFO - Processing file /opt/airflow/dags/dag.py for tasks to queue
[2022-02-24 20:07:25,232] {logging_mixin.py:109} INFO - [2022-02-24 20:07:25,232] {dagbag.py:500} INFO - Filling up the DagBag from /opt/airflow/dags/dag.py
[2022-02-24 20:07:28,370] {processor.py:654} INFO - DAG(s) dict_keys(['Sample_one']) retrieved from /opt/airflow/dags/dag.py
[2022-02-24 20:07:28,386] {logging_mixin.py:109} INFO - [2022-02-24 20:07:28,386] {dag.py:2396} INFO - Sync 1 DAGs
[2022-02-24 20:07:28,445] {logging_mixin.py:109} INFO - [2022-02-24 20:07:28,445] {dag.py:2935} INFO - Setting next_dagrun for Sample_one to None
[2022-02-24 20:07:28,494] {processor.py:171} INFO - Processing /opt/airflow/dags/dag.py took 3.279 seconds
[2022-02-24 20:07:31,640] {processor.py:163} INFO - Started process (PID=737) to work on /opt/airflow/dags/dag.py
[2022-02-24 20:07:31,646] {processor.py:642} INFO - Processing file /opt/airflow/dags/dag.py for tasks to queue
[2022-02-24 20:07:31,649] {logging_mixin.py:109} INFO - [2022-02-24 20:07:31,649] {dagbag.py:500} INFO - Filling up the DagBag from /opt/airflow/dags/dag.py
[2022-02-24 20:07:33,069] {processor.py:654} INFO - DAG(s) dict_keys(['Sample_one']) retrieved from /opt/airflow/dags/dag.py
[2022-02-24 20:07:33,085] {logging_mixin.py:109} INFO - [2022-02-24 20:07:33,085] {dag.py:2396} INFO - Sync 1 DAGs
[2022-02-24 20:07:33,100] {logging_mixin.py:109} INFO - [2022-02-24 20:07:33,100] {dag.py:2935} INFO - Setting next_dagrun for Sample_one to None
[2022-02-24 20:07:33,115] {processor.py:171} INFO - Processing /opt/airflow/dags/dag.py took 1.487 seconds
[2022-02-24 20:08:03,557] {processor.py:163} INFO - Started process (PID=798) to work on /opt/airflow/dags/dag.py
[2022-02-24 20:08:03,559] {processor.py:642} INFO - Processing file /opt/airflow/dags/dag.py for tasks to queue
[2022-02-24 20:08:03,560] {logging_mixin.py:109} INFO - [2022-02-24 20:08:03,560] {dagbag.py:500} INFO - Filling up the DagBag from /opt/airflow/dags/dag.py
[2022-02-24 20:08:04,676] {processor.py:654} INFO - DAG(s) dict_keys(['Sample_one']) retrieved from /opt/airflow/dags/dag.py
[2022-02-24 20:08:04,685] {logging_mixin.py:109} INFO - [2022-02-24 20:08:04,684] {dag.py:2396} INFO - Sync 1 DAGs
[2022-02-24 20:08:04,698] {logging_mixin.py:109} INFO - [2022-02-24 20:08:04,698] {dag.py:2935} INFO - Setting next_dagrun for Sample_one to None
[2022-02-24 20:08:04,706] {processor.py:171} INFO - Processing /opt/airflow/dags/dag.py took 1.154 seconds
[2022-02-24 20:08:35,563] {processor.py:163} INFO - Started process (PID=853) to work on /opt/airflow/dags/dag.py
[2022-02-24 20:08:35,565] {processor.py:642} INFO - Processing file /opt/airflow/dags/dag.py for tasks to queue
[2022-02-24 20:08:35,566] {logging_mixin.py:109} INFO - [2022-02-24 20:08:35,566] {dagbag.py:500} INFO - Filling up the DagBag from /opt/airflow/dags/dag.py
[2022-02-24 20:08:37,226] {processor.py:654} INFO - DAG(s) dict_keys(['Sample_one']) retrieved from /opt/airflow/dags/dag.py
[2022-02-24 20:08:37,235] {logging_mixin.py:109} INFO - [2022-02-24 20:08:37,234] {dag.py:2396} INFO - Sync 1 DAGs
[2022-02-24 20:08:37,254] {logging_mixin.py:109} INFO - [2022-02-24 20:08:37,254] {dag.py:2935} INFO - Setting next_dagrun for Sample_one to None
[2022-02-24 20:08:37,264] {processor.py:171} INFO - Processing /opt/airflow/dags/dag.py took 1.728 seconds
[2022-02-24 20:09:07,388] {processor.py:163} INFO - Started process (PID=920) to work on /opt/airflow/dags/dag.py
[2022-02-24 20:09:07,396] {processor.py:642} INFO - Processing file /opt/airflow/dags/dag.py for tasks to queue
[2022-02-24 20:09:07,403] {logging_mixin.py:109} INFO - [2022-02-24 20:09:07,402] {dagbag.py:500} INFO - Filling up the DagBag from /opt/airflow/dags/dag.py
[2022-02-24 20:09:08,624] {processor.py:654} INFO - DAG(s) dict_keys(['Sample_one']) retrieved from /opt/airflow/dags/dag.py
[2022-02-24 20:09:08,636] {logging_mixin.py:109} INFO - [2022-02-24 20:09:08,636] {dag.py:2396} INFO - Sync 1 DAGs
[2022-02-24 20:09:08,666] {logging_mixin.py:109} INFO - [2022-02-24 20:09:08,665] {dag.py:2935} INFO - Setting next_dagrun for Sample_one to None
[2022-02-24 20:09:08,675] {processor.py:171} INFO - Processing /opt/airflow/dags/dag.py took 1.297 seconds
[2022-02-24 20:09:39,052] {processor.py:163} INFO - Started process (PID=975) to work on /opt/airflow/dags/dag.py
[2022-02-24 20:09:39,053] {processor.py:642} INFO - Processing file /opt/airflow/dags/dag.py for tasks to queue
[2022-02-24 20:09:39,055] {logging_mixin.py:109} INFO - [2022-02-24 20:09:39,055] {dagbag.py:500} INFO - Filling up the DagBag from /opt/airflow/dags/dag.py
[2022-02-24 20:09:40,313] {processor.py:654} INFO - DAG(s) dict_keys(['Sample_one']) retrieved from /opt/airflow/dags/dag.py
[2022-02-24 20:09:40,324] {logging_mixin.py:109} INFO - [2022-02-24 20:09:40,324] {dag.py:2396} INFO - Sync 1 DAGs
[2022-02-24 20:09:40,340] {logging_mixin.py:109} INFO - [2022-02-24 20:09:40,340] {dag.py:2935} INFO - Setting next_dagrun for Sample_one to None
[2022-02-24 20:09:40,351] {processor.py:171} INFO - Processing /opt/airflow/dags/dag.py took 1.303 seconds
[2022-02-24 20:10:10,762] {processor.py:163} INFO - Started process (PID=1031) to work on /opt/airflow/dags/dag.py
[2022-02-24 20:10:10,768] {processor.py:642} INFO - Processing file /opt/airflow/dags/dag.py for tasks to queue
[2022-02-24 20:10:10,770] {logging_mixin.py:109} INFO - [2022-02-24 20:10:10,770] {dagbag.py:500} INFO - Filling up the DagBag from /opt/airflow/dags/dag.py
[2022-02-24 20:10:13,673] {processor.py:654} INFO - DAG(s) dict_keys(['Sample_one']) retrieved from /opt/airflow/dags/dag.py
[2022-02-24 20:10:13,688] {logging_mixin.py:109} INFO - [2022-02-24 20:10:13,687] {dag.py:2396} INFO - Sync 1 DAGs
[2022-02-24 20:10:13,714] {logging_mixin.py:109} INFO - [2022-02-24 20:10:13,714] {dag.py:2935} INFO - Setting next_dagrun for Sample_one to None
[2022-02-24 20:10:13,731] {processor.py:171} INFO - Processing /opt/airflow/dags/dag.py took 2.973 seconds
[2022-02-24 20:10:26,761] {processor.py:163} INFO - Started process (PID=1064) to work on /opt/airflow/dags/dag.py
[2022-02-24 20:10:26,764] {processor.py:642} INFO - Processing file /opt/airflow/dags/dag.py for tasks to queue
[2022-02-24 20:10:26,766] {logging_mixin.py:109} INFO - [2022-02-24 20:10:26,765] {dagbag.py:500} INFO - Filling up the DagBag from /opt/airflow/dags/dag.py
[2022-02-24 20:10:30,805] {processor.py:654} INFO - DAG(s) dict_keys(['Sample_one']) retrieved from /opt/airflow/dags/dag.py
[2022-02-24 20:10:30,857] {logging_mixin.py:109} INFO - [2022-02-24 20:10:30,856] {dag.py:2396} INFO - Sync 1 DAGs
[2022-02-24 20:10:30,915] {logging_mixin.py:109} INFO - [2022-02-24 20:10:30,915] {dag.py:2935} INFO - Setting next_dagrun for Sample_one to None
[2022-02-24 20:10:30,955] {processor.py:171} INFO - Processing /opt/airflow/dags/dag.py took 4.198 seconds
[2022-02-24 20:11:01,386] {processor.py:163} INFO - Started process (PID=1125) to work on /opt/airflow/dags/dag.py
[2022-02-24 20:11:01,389] {processor.py:642} INFO - Processing file /opt/airflow/dags/dag.py for tasks to queue
[2022-02-24 20:11:01,397] {logging_mixin.py:109} INFO - [2022-02-24 20:11:01,397] {dagbag.py:500} INFO - Filling up the DagBag from /opt/airflow/dags/dag.py
[2022-02-24 20:11:03,644] {processor.py:654} INFO - DAG(s) dict_keys(['Sample_one']) retrieved from /opt/airflow/dags/dag.py
[2022-02-24 20:11:03,653] {logging_mixin.py:109} INFO - [2022-02-24 20:11:03,653] {dag.py:2396} INFO - Sync 1 DAGs
[2022-02-24 20:11:03,668] {logging_mixin.py:109} INFO - [2022-02-24 20:11:03,668] {dag.py:2935} INFO - Setting next_dagrun for Sample_one to None
[2022-02-24 20:11:03,677] {processor.py:171} INFO - Processing /opt/airflow/dags/dag.py took 2.294 seconds
[2022-02-24 20:11:34,063] {processor.py:163} INFO - Started process (PID=1192) to work on /opt/airflow/dags/dag.py
[2022-02-24 20:11:34,066] {processor.py:642} INFO - Processing file /opt/airflow/dags/dag.py for tasks to queue
[2022-02-24 20:11:34,067] {logging_mixin.py:109} INFO - [2022-02-24 20:11:34,067] {dagbag.py:500} INFO - Filling up the DagBag from /opt/airflow/dags/dag.py
[2022-02-24 20:11:35,148] {processor.py:654} INFO - DAG(s) dict_keys(['Sample_one']) retrieved from /opt/airflow/dags/dag.py
[2022-02-24 20:11:35,156] {logging_mixin.py:109} INFO - [2022-02-24 20:11:35,156] {dag.py:2396} INFO - Sync 1 DAGs
[2022-02-24 20:11:35,171] {logging_mixin.py:109} INFO - [2022-02-24 20:11:35,171] {dag.py:2935} INFO - Setting next_dagrun for Sample_one to None
[2022-02-24 20:11:35,179] {processor.py:171} INFO - Processing /opt/airflow/dags/dag.py took 1.120 seconds
[2022-02-24 20:12:05,760] {processor.py:163} INFO - Started process (PID=1249) to work on /opt/airflow/dags/dag.py
[2022-02-24 20:12:05,762] {processor.py:642} INFO - Processing file /opt/airflow/dags/dag.py for tasks to queue
[2022-02-24 20:12:05,764] {logging_mixin.py:109} INFO - [2022-02-24 20:12:05,763] {dagbag.py:500} INFO - Filling up the DagBag from /opt/airflow/dags/dag.py
[2022-02-24 20:12:06,954] {processor.py:654} INFO - DAG(s) dict_keys(['Sample_one']) retrieved from /opt/airflow/dags/dag.py
[2022-02-24 20:12:06,965] {logging_mixin.py:109} INFO - [2022-02-24 20:12:06,964] {dag.py:2396} INFO - Sync 1 DAGs
[2022-02-24 20:12:06,978] {logging_mixin.py:109} INFO - [2022-02-24 20:12:06,978] {dag.py:2935} INFO - Setting next_dagrun for Sample_one to None
[2022-02-24 20:12:06,988] {processor.py:171} INFO - Processing /opt/airflow/dags/dag.py took 1.256 seconds
