[2022-02-24 19:51:27,983] {processor.py:163} INFO - Started process (PID=60) to work on /home/airflow/.local/lib/python3.7/site-packages/airflow/example_dags/example_complex.py
[2022-02-24 19:51:27,988] {processor.py:642} INFO - Processing file /home/airflow/.local/lib/python3.7/site-packages/airflow/example_dags/example_complex.py for tasks to queue
[2022-02-24 19:51:27,994] {logging_mixin.py:109} INFO - [2022-02-24 19:51:27,993] {dagbag.py:500} INFO - Filling up the DagBag from /home/airflow/.local/lib/python3.7/site-packages/airflow/example_dags/example_complex.py
[2022-02-24 19:51:28,304] {processor.py:654} INFO - DAG(s) dict_keys(['example_complex']) retrieved from /home/airflow/.local/lib/python3.7/site-packages/airflow/example_dags/example_complex.py
[2022-02-24 19:52:14,004] {logging_mixin.py:109} INFO - [2022-02-24 19:52:14,004] {manager.py:496} INFO - Created Permission View: can read on DAG:example_complex
[2022-02-24 19:52:14,049] {logging_mixin.py:109} INFO - [2022-02-24 19:52:14,048] {manager.py:496} INFO - Created Permission View: can edit on DAG:example_complex
[2022-02-24 19:52:14,051] {logging_mixin.py:109} INFO - [2022-02-24 19:52:14,050] {dag.py:2396} INFO - Sync 1 DAGs
[2022-02-24 19:52:14,119] {logging_mixin.py:109} INFO - [2022-02-24 19:52:14,119] {dag.py:2415} INFO - Creating ORM DAG for example_complex
[2022-02-24 19:52:14,203] {logging_mixin.py:109} INFO - [2022-02-24 19:52:14,203] {dag.py:2935} INFO - Setting next_dagrun for example_complex to None
[2022-02-24 19:52:14,325] {processor.py:171} INFO - Processing /home/airflow/.local/lib/python3.7/site-packages/airflow/example_dags/example_complex.py took 46.403 seconds
[2022-02-24 19:54:13,501] {processor.py:163} INFO - Started process (PID=243) to work on /home/airflow/.local/lib/python3.7/site-packages/airflow/example_dags/example_complex.py
[2022-02-24 19:54:13,504] {processor.py:642} INFO - Processing file /home/airflow/.local/lib/python3.7/site-packages/airflow/example_dags/example_complex.py for tasks to queue
[2022-02-24 19:54:13,505] {logging_mixin.py:109} INFO - [2022-02-24 19:54:13,505] {dagbag.py:500} INFO - Filling up the DagBag from /home/airflow/.local/lib/python3.7/site-packages/airflow/example_dags/example_complex.py
[2022-02-24 19:54:13,549] {processor.py:654} INFO - DAG(s) dict_keys(['example_complex']) retrieved from /home/airflow/.local/lib/python3.7/site-packages/airflow/example_dags/example_complex.py
[2022-02-24 19:54:13,572] {logging_mixin.py:109} INFO - [2022-02-24 19:54:13,572] {dag.py:2396} INFO - Sync 1 DAGs
[2022-02-24 19:54:13,596] {logging_mixin.py:109} INFO - [2022-02-24 19:54:13,596] {dag.py:2935} INFO - Setting next_dagrun for example_complex to None
[2022-02-24 19:54:13,617] {processor.py:171} INFO - Processing /home/airflow/.local/lib/python3.7/site-packages/airflow/example_dags/example_complex.py took 0.123 seconds
[2022-02-24 19:54:43,983] {processor.py:163} INFO - Started process (PID=298) to work on /home/airflow/.local/lib/python3.7/site-packages/airflow/example_dags/example_complex.py
[2022-02-24 19:54:43,985] {processor.py:642} INFO - Processing file /home/airflow/.local/lib/python3.7/site-packages/airflow/example_dags/example_complex.py for tasks to queue
[2022-02-24 19:54:43,987] {logging_mixin.py:109} INFO - [2022-02-24 19:54:43,987] {dagbag.py:500} INFO - Filling up the DagBag from /home/airflow/.local/lib/python3.7/site-packages/airflow/example_dags/example_complex.py
[2022-02-24 19:54:44,055] {processor.py:654} INFO - DAG(s) dict_keys(['example_complex']) retrieved from /home/airflow/.local/lib/python3.7/site-packages/airflow/example_dags/example_complex.py
[2022-02-24 19:54:44,074] {logging_mixin.py:109} INFO - [2022-02-24 19:54:44,074] {dag.py:2396} INFO - Sync 1 DAGs
[2022-02-24 19:54:44,098] {logging_mixin.py:109} INFO - [2022-02-24 19:54:44,098] {dag.py:2935} INFO - Setting next_dagrun for example_complex to None
[2022-02-24 19:54:44,110] {processor.py:171} INFO - Processing /home/airflow/.local/lib/python3.7/site-packages/airflow/example_dags/example_complex.py took 0.133 seconds
[2022-02-24 19:55:14,311] {processor.py:163} INFO - Started process (PID=360) to work on /home/airflow/.local/lib/python3.7/site-packages/airflow/example_dags/example_complex.py
[2022-02-24 19:55:14,313] {processor.py:642} INFO - Processing file /home/airflow/.local/lib/python3.7/site-packages/airflow/example_dags/example_complex.py for tasks to queue
[2022-02-24 19:55:14,316] {logging_mixin.py:109} INFO - [2022-02-24 19:55:14,316] {dagbag.py:500} INFO - Filling up the DagBag from /home/airflow/.local/lib/python3.7/site-packages/airflow/example_dags/example_complex.py
[2022-02-24 19:55:14,408] {processor.py:654} INFO - DAG(s) dict_keys(['example_complex']) retrieved from /home/airflow/.local/lib/python3.7/site-packages/airflow/example_dags/example_complex.py
[2022-02-24 19:55:14,450] {logging_mixin.py:109} INFO - [2022-02-24 19:55:14,449] {dag.py:2396} INFO - Sync 1 DAGs
[2022-02-24 19:55:14,470] {logging_mixin.py:109} INFO - [2022-02-24 19:55:14,470] {dag.py:2935} INFO - Setting next_dagrun for example_complex to None
[2022-02-24 19:55:14,484] {processor.py:171} INFO - Processing /home/airflow/.local/lib/python3.7/site-packages/airflow/example_dags/example_complex.py took 0.179 seconds
[2022-02-24 19:55:44,803] {processor.py:163} INFO - Started process (PID=421) to work on /home/airflow/.local/lib/python3.7/site-packages/airflow/example_dags/example_complex.py
[2022-02-24 19:55:44,806] {processor.py:642} INFO - Processing file /home/airflow/.local/lib/python3.7/site-packages/airflow/example_dags/example_complex.py for tasks to queue
[2022-02-24 19:55:44,807] {logging_mixin.py:109} INFO - [2022-02-24 19:55:44,807] {dagbag.py:500} INFO - Filling up the DagBag from /home/airflow/.local/lib/python3.7/site-packages/airflow/example_dags/example_complex.py
[2022-02-24 19:55:44,849] {processor.py:654} INFO - DAG(s) dict_keys(['example_complex']) retrieved from /home/airflow/.local/lib/python3.7/site-packages/airflow/example_dags/example_complex.py
[2022-02-24 19:55:44,876] {logging_mixin.py:109} INFO - [2022-02-24 19:55:44,876] {dag.py:2396} INFO - Sync 1 DAGs
[2022-02-24 19:55:44,898] {logging_mixin.py:109} INFO - [2022-02-24 19:55:44,898] {dag.py:2935} INFO - Setting next_dagrun for example_complex to None
[2022-02-24 19:55:44,909] {processor.py:171} INFO - Processing /home/airflow/.local/lib/python3.7/site-packages/airflow/example_dags/example_complex.py took 0.109 seconds
[2022-02-24 19:56:14,967] {processor.py:163} INFO - Started process (PID=474) to work on /home/airflow/.local/lib/python3.7/site-packages/airflow/example_dags/example_complex.py
[2022-02-24 19:56:14,975] {processor.py:642} INFO - Processing file /home/airflow/.local/lib/python3.7/site-packages/airflow/example_dags/example_complex.py for tasks to queue
[2022-02-24 19:56:14,980] {logging_mixin.py:109} INFO - [2022-02-24 19:56:14,976] {dagbag.py:500} INFO - Filling up the DagBag from /home/airflow/.local/lib/python3.7/site-packages/airflow/example_dags/example_complex.py
[2022-02-24 19:56:15,063] {processor.py:654} INFO - DAG(s) dict_keys(['example_complex']) retrieved from /home/airflow/.local/lib/python3.7/site-packages/airflow/example_dags/example_complex.py
[2022-02-24 19:56:15,114] {logging_mixin.py:109} INFO - [2022-02-24 19:56:15,114] {dag.py:2396} INFO - Sync 1 DAGs
[2022-02-24 19:56:15,180] {logging_mixin.py:109} INFO - [2022-02-24 19:56:15,175] {dag.py:2935} INFO - Setting next_dagrun for example_complex to None
[2022-02-24 19:56:15,217] {processor.py:171} INFO - Processing /home/airflow/.local/lib/python3.7/site-packages/airflow/example_dags/example_complex.py took 0.255 seconds
[2022-02-24 19:56:45,290] {processor.py:163} INFO - Started process (PID=524) to work on /home/airflow/.local/lib/python3.7/site-packages/airflow/example_dags/example_complex.py
[2022-02-24 19:56:45,292] {processor.py:642} INFO - Processing file /home/airflow/.local/lib/python3.7/site-packages/airflow/example_dags/example_complex.py for tasks to queue
[2022-02-24 19:56:45,293] {logging_mixin.py:109} INFO - [2022-02-24 19:56:45,293] {dagbag.py:500} INFO - Filling up the DagBag from /home/airflow/.local/lib/python3.7/site-packages/airflow/example_dags/example_complex.py
[2022-02-24 19:56:45,330] {processor.py:654} INFO - DAG(s) dict_keys(['example_complex']) retrieved from /home/airflow/.local/lib/python3.7/site-packages/airflow/example_dags/example_complex.py
[2022-02-24 19:56:45,345] {logging_mixin.py:109} INFO - [2022-02-24 19:56:45,345] {dag.py:2396} INFO - Sync 1 DAGs
[2022-02-24 19:56:45,362] {logging_mixin.py:109} INFO - [2022-02-24 19:56:45,362] {dag.py:2935} INFO - Setting next_dagrun for example_complex to None
[2022-02-24 19:56:45,371] {processor.py:171} INFO - Processing /home/airflow/.local/lib/python3.7/site-packages/airflow/example_dags/example_complex.py took 0.088 seconds
[2022-02-24 19:57:15,592] {processor.py:163} INFO - Started process (PID=591) to work on /home/airflow/.local/lib/python3.7/site-packages/airflow/example_dags/example_complex.py
[2022-02-24 19:57:15,593] {processor.py:642} INFO - Processing file /home/airflow/.local/lib/python3.7/site-packages/airflow/example_dags/example_complex.py for tasks to queue
[2022-02-24 19:57:15,595] {logging_mixin.py:109} INFO - [2022-02-24 19:57:15,594] {dagbag.py:500} INFO - Filling up the DagBag from /home/airflow/.local/lib/python3.7/site-packages/airflow/example_dags/example_complex.py
[2022-02-24 19:57:15,630] {processor.py:654} INFO - DAG(s) dict_keys(['example_complex']) retrieved from /home/airflow/.local/lib/python3.7/site-packages/airflow/example_dags/example_complex.py
[2022-02-24 19:57:15,645] {logging_mixin.py:109} INFO - [2022-02-24 19:57:15,645] {dag.py:2396} INFO - Sync 1 DAGs
[2022-02-24 19:57:15,661] {logging_mixin.py:109} INFO - [2022-02-24 19:57:15,661] {dag.py:2935} INFO - Setting next_dagrun for example_complex to None
[2022-02-24 19:57:15,675] {processor.py:171} INFO - Processing /home/airflow/.local/lib/python3.7/site-packages/airflow/example_dags/example_complex.py took 0.087 seconds
[2022-02-24 19:57:45,885] {processor.py:163} INFO - Started process (PID=647) to work on /home/airflow/.local/lib/python3.7/site-packages/airflow/example_dags/example_complex.py
[2022-02-24 19:57:45,887] {processor.py:642} INFO - Processing file /home/airflow/.local/lib/python3.7/site-packages/airflow/example_dags/example_complex.py for tasks to queue
[2022-02-24 19:57:45,889] {logging_mixin.py:109} INFO - [2022-02-24 19:57:45,889] {dagbag.py:500} INFO - Filling up the DagBag from /home/airflow/.local/lib/python3.7/site-packages/airflow/example_dags/example_complex.py
[2022-02-24 19:57:45,930] {processor.py:654} INFO - DAG(s) dict_keys(['example_complex']) retrieved from /home/airflow/.local/lib/python3.7/site-packages/airflow/example_dags/example_complex.py
[2022-02-24 19:57:45,950] {logging_mixin.py:109} INFO - [2022-02-24 19:57:45,950] {dag.py:2396} INFO - Sync 1 DAGs
[2022-02-24 19:57:45,974] {logging_mixin.py:109} INFO - [2022-02-24 19:57:45,974] {dag.py:2935} INFO - Setting next_dagrun for example_complex to None
[2022-02-24 19:57:45,982] {processor.py:171} INFO - Processing /home/airflow/.local/lib/python3.7/site-packages/airflow/example_dags/example_complex.py took 0.101 seconds
[2022-02-24 20:01:12,167] {processor.py:163} INFO - Started process (PID=48) to work on /home/airflow/.local/lib/python3.7/site-packages/airflow/example_dags/example_complex.py
[2022-02-24 20:01:12,182] {processor.py:642} INFO - Processing file /home/airflow/.local/lib/python3.7/site-packages/airflow/example_dags/example_complex.py for tasks to queue
[2022-02-24 20:01:12,198] {logging_mixin.py:109} INFO - [2022-02-24 20:01:12,197] {dagbag.py:500} INFO - Filling up the DagBag from /home/airflow/.local/lib/python3.7/site-packages/airflow/example_dags/example_complex.py
[2022-02-24 20:01:12,440] {processor.py:654} INFO - DAG(s) dict_keys(['example_complex']) retrieved from /home/airflow/.local/lib/python3.7/site-packages/airflow/example_dags/example_complex.py
[2022-02-24 20:01:12,573] {logging_mixin.py:109} INFO - [2022-02-24 20:01:12,572] {dag.py:2396} INFO - Sync 1 DAGs
[2022-02-24 20:01:12,699] {logging_mixin.py:109} INFO - [2022-02-24 20:01:12,699] {dag.py:2935} INFO - Setting next_dagrun for example_complex to None
[2022-02-24 20:01:12,750] {processor.py:171} INFO - Processing /home/airflow/.local/lib/python3.7/site-packages/airflow/example_dags/example_complex.py took 0.616 seconds
[2022-02-24 20:01:43,379] {processor.py:163} INFO - Started process (PID=91) to work on /home/airflow/.local/lib/python3.7/site-packages/airflow/example_dags/example_complex.py
[2022-02-24 20:01:43,381] {processor.py:642} INFO - Processing file /home/airflow/.local/lib/python3.7/site-packages/airflow/example_dags/example_complex.py for tasks to queue
[2022-02-24 20:01:43,382] {logging_mixin.py:109} INFO - [2022-02-24 20:01:43,382] {dagbag.py:500} INFO - Filling up the DagBag from /home/airflow/.local/lib/python3.7/site-packages/airflow/example_dags/example_complex.py
[2022-02-24 20:01:43,415] {processor.py:654} INFO - DAG(s) dict_keys(['example_complex']) retrieved from /home/airflow/.local/lib/python3.7/site-packages/airflow/example_dags/example_complex.py
[2022-02-24 20:01:43,433] {logging_mixin.py:109} INFO - [2022-02-24 20:01:43,433] {dag.py:2396} INFO - Sync 1 DAGs
[2022-02-24 20:01:43,451] {logging_mixin.py:109} INFO - [2022-02-24 20:01:43,451] {dag.py:2935} INFO - Setting next_dagrun for example_complex to None
[2022-02-24 20:01:43,462] {processor.py:171} INFO - Processing /home/airflow/.local/lib/python3.7/site-packages/airflow/example_dags/example_complex.py took 0.087 seconds
[2022-02-24 20:02:14,013] {processor.py:163} INFO - Started process (PID=145) to work on /home/airflow/.local/lib/python3.7/site-packages/airflow/example_dags/example_complex.py
[2022-02-24 20:02:14,017] {processor.py:642} INFO - Processing file /home/airflow/.local/lib/python3.7/site-packages/airflow/example_dags/example_complex.py for tasks to queue
[2022-02-24 20:02:14,019] {logging_mixin.py:109} INFO - [2022-02-24 20:02:14,019] {dagbag.py:500} INFO - Filling up the DagBag from /home/airflow/.local/lib/python3.7/site-packages/airflow/example_dags/example_complex.py
[2022-02-24 20:02:14,068] {processor.py:654} INFO - DAG(s) dict_keys(['example_complex']) retrieved from /home/airflow/.local/lib/python3.7/site-packages/airflow/example_dags/example_complex.py
[2022-02-24 20:02:14,084] {logging_mixin.py:109} INFO - [2022-02-24 20:02:14,084] {dag.py:2396} INFO - Sync 1 DAGs
[2022-02-24 20:02:14,103] {logging_mixin.py:109} INFO - [2022-02-24 20:02:14,103] {dag.py:2935} INFO - Setting next_dagrun for example_complex to None
[2022-02-24 20:02:14,115] {processor.py:171} INFO - Processing /home/airflow/.local/lib/python3.7/site-packages/airflow/example_dags/example_complex.py took 0.106 seconds
[2022-02-24 20:02:44,210] {processor.py:163} INFO - Started process (PID=210) to work on /home/airflow/.local/lib/python3.7/site-packages/airflow/example_dags/example_complex.py
[2022-02-24 20:02:44,214] {processor.py:642} INFO - Processing file /home/airflow/.local/lib/python3.7/site-packages/airflow/example_dags/example_complex.py for tasks to queue
[2022-02-24 20:02:44,216] {logging_mixin.py:109} INFO - [2022-02-24 20:02:44,216] {dagbag.py:500} INFO - Filling up the DagBag from /home/airflow/.local/lib/python3.7/site-packages/airflow/example_dags/example_complex.py
[2022-02-24 20:02:44,286] {processor.py:654} INFO - DAG(s) dict_keys(['example_complex']) retrieved from /home/airflow/.local/lib/python3.7/site-packages/airflow/example_dags/example_complex.py
[2022-02-24 20:02:44,327] {logging_mixin.py:109} INFO - [2022-02-24 20:02:44,327] {dag.py:2396} INFO - Sync 1 DAGs
[2022-02-24 20:02:44,353] {logging_mixin.py:109} INFO - [2022-02-24 20:02:44,353] {dag.py:2935} INFO - Setting next_dagrun for example_complex to None
[2022-02-24 20:02:44,370] {processor.py:171} INFO - Processing /home/airflow/.local/lib/python3.7/site-packages/airflow/example_dags/example_complex.py took 0.163 seconds
[2022-02-24 20:03:14,487] {processor.py:163} INFO - Started process (PID=267) to work on /home/airflow/.local/lib/python3.7/site-packages/airflow/example_dags/example_complex.py
[2022-02-24 20:03:14,489] {processor.py:642} INFO - Processing file /home/airflow/.local/lib/python3.7/site-packages/airflow/example_dags/example_complex.py for tasks to queue
[2022-02-24 20:03:14,490] {logging_mixin.py:109} INFO - [2022-02-24 20:03:14,490] {dagbag.py:500} INFO - Filling up the DagBag from /home/airflow/.local/lib/python3.7/site-packages/airflow/example_dags/example_complex.py
[2022-02-24 20:03:14,524] {processor.py:654} INFO - DAG(s) dict_keys(['example_complex']) retrieved from /home/airflow/.local/lib/python3.7/site-packages/airflow/example_dags/example_complex.py
[2022-02-24 20:03:14,541] {logging_mixin.py:109} INFO - [2022-02-24 20:03:14,541] {dag.py:2396} INFO - Sync 1 DAGs
[2022-02-24 20:03:14,558] {logging_mixin.py:109} INFO - [2022-02-24 20:03:14,558] {dag.py:2935} INFO - Setting next_dagrun for example_complex to None
[2022-02-24 20:03:14,568] {processor.py:171} INFO - Processing /home/airflow/.local/lib/python3.7/site-packages/airflow/example_dags/example_complex.py took 0.085 seconds
[2022-02-24 20:03:44,872] {processor.py:163} INFO - Started process (PID=320) to work on /home/airflow/.local/lib/python3.7/site-packages/airflow/example_dags/example_complex.py
[2022-02-24 20:03:44,879] {processor.py:642} INFO - Processing file /home/airflow/.local/lib/python3.7/site-packages/airflow/example_dags/example_complex.py for tasks to queue
[2022-02-24 20:03:44,881] {logging_mixin.py:109} INFO - [2022-02-24 20:03:44,881] {dagbag.py:500} INFO - Filling up the DagBag from /home/airflow/.local/lib/python3.7/site-packages/airflow/example_dags/example_complex.py
[2022-02-24 20:03:44,925] {processor.py:654} INFO - DAG(s) dict_keys(['example_complex']) retrieved from /home/airflow/.local/lib/python3.7/site-packages/airflow/example_dags/example_complex.py
[2022-02-24 20:03:44,942] {logging_mixin.py:109} INFO - [2022-02-24 20:03:44,942] {dag.py:2396} INFO - Sync 1 DAGs
[2022-02-24 20:03:44,967] {logging_mixin.py:109} INFO - [2022-02-24 20:03:44,966] {dag.py:2935} INFO - Setting next_dagrun for example_complex to None
[2022-02-24 20:03:44,986] {processor.py:171} INFO - Processing /home/airflow/.local/lib/python3.7/site-packages/airflow/example_dags/example_complex.py took 0.118 seconds
[2022-02-24 20:04:15,699] {processor.py:163} INFO - Started process (PID=373) to work on /home/airflow/.local/lib/python3.7/site-packages/airflow/example_dags/example_complex.py
[2022-02-24 20:04:15,702] {processor.py:642} INFO - Processing file /home/airflow/.local/lib/python3.7/site-packages/airflow/example_dags/example_complex.py for tasks to queue
[2022-02-24 20:04:15,704] {logging_mixin.py:109} INFO - [2022-02-24 20:04:15,704] {dagbag.py:500} INFO - Filling up the DagBag from /home/airflow/.local/lib/python3.7/site-packages/airflow/example_dags/example_complex.py
[2022-02-24 20:04:15,749] {processor.py:654} INFO - DAG(s) dict_keys(['example_complex']) retrieved from /home/airflow/.local/lib/python3.7/site-packages/airflow/example_dags/example_complex.py
[2022-02-24 20:04:15,768] {logging_mixin.py:109} INFO - [2022-02-24 20:04:15,768] {dag.py:2396} INFO - Sync 1 DAGs
[2022-02-24 20:04:15,797] {logging_mixin.py:109} INFO - [2022-02-24 20:04:15,797] {dag.py:2935} INFO - Setting next_dagrun for example_complex to None
[2022-02-24 20:04:15,808] {processor.py:171} INFO - Processing /home/airflow/.local/lib/python3.7/site-packages/airflow/example_dags/example_complex.py took 0.115 seconds
[2022-02-24 20:04:46,280] {processor.py:163} INFO - Started process (PID=428) to work on /home/airflow/.local/lib/python3.7/site-packages/airflow/example_dags/example_complex.py
[2022-02-24 20:04:46,285] {processor.py:642} INFO - Processing file /home/airflow/.local/lib/python3.7/site-packages/airflow/example_dags/example_complex.py for tasks to queue
[2022-02-24 20:04:46,287] {logging_mixin.py:109} INFO - [2022-02-24 20:04:46,286] {dagbag.py:500} INFO - Filling up the DagBag from /home/airflow/.local/lib/python3.7/site-packages/airflow/example_dags/example_complex.py
[2022-02-24 20:04:46,338] {processor.py:654} INFO - DAG(s) dict_keys(['example_complex']) retrieved from /home/airflow/.local/lib/python3.7/site-packages/airflow/example_dags/example_complex.py
[2022-02-24 20:04:46,361] {logging_mixin.py:109} INFO - [2022-02-24 20:04:46,360] {dag.py:2396} INFO - Sync 1 DAGs
[2022-02-24 20:04:46,379] {logging_mixin.py:109} INFO - [2022-02-24 20:04:46,379] {dag.py:2935} INFO - Setting next_dagrun for example_complex to None
[2022-02-24 20:04:46,388] {processor.py:171} INFO - Processing /home/airflow/.local/lib/python3.7/site-packages/airflow/example_dags/example_complex.py took 0.118 seconds
[2022-02-24 20:05:17,199] {processor.py:163} INFO - Started process (PID=483) to work on /home/airflow/.local/lib/python3.7/site-packages/airflow/example_dags/example_complex.py
[2022-02-24 20:05:17,203] {processor.py:642} INFO - Processing file /home/airflow/.local/lib/python3.7/site-packages/airflow/example_dags/example_complex.py for tasks to queue
[2022-02-24 20:05:17,209] {logging_mixin.py:109} INFO - [2022-02-24 20:05:17,207] {dagbag.py:500} INFO - Filling up the DagBag from /home/airflow/.local/lib/python3.7/site-packages/airflow/example_dags/example_complex.py
[2022-02-24 20:05:17,348] {processor.py:654} INFO - DAG(s) dict_keys(['example_complex']) retrieved from /home/airflow/.local/lib/python3.7/site-packages/airflow/example_dags/example_complex.py
[2022-02-24 20:05:17,416] {logging_mixin.py:109} INFO - [2022-02-24 20:05:17,416] {dag.py:2396} INFO - Sync 1 DAGs
[2022-02-24 20:05:17,470] {logging_mixin.py:109} INFO - [2022-02-24 20:05:17,470] {dag.py:2935} INFO - Setting next_dagrun for example_complex to None
[2022-02-24 20:05:17,485] {processor.py:171} INFO - Processing /home/airflow/.local/lib/python3.7/site-packages/airflow/example_dags/example_complex.py took 0.299 seconds
[2022-02-24 20:05:47,560] {processor.py:163} INFO - Started process (PID=538) to work on /home/airflow/.local/lib/python3.7/site-packages/airflow/example_dags/example_complex.py
[2022-02-24 20:05:47,562] {processor.py:642} INFO - Processing file /home/airflow/.local/lib/python3.7/site-packages/airflow/example_dags/example_complex.py for tasks to queue
[2022-02-24 20:05:47,563] {logging_mixin.py:109} INFO - [2022-02-24 20:05:47,563] {dagbag.py:500} INFO - Filling up the DagBag from /home/airflow/.local/lib/python3.7/site-packages/airflow/example_dags/example_complex.py
[2022-02-24 20:05:47,594] {processor.py:654} INFO - DAG(s) dict_keys(['example_complex']) retrieved from /home/airflow/.local/lib/python3.7/site-packages/airflow/example_dags/example_complex.py
[2022-02-24 20:05:47,609] {logging_mixin.py:109} INFO - [2022-02-24 20:05:47,609] {dag.py:2396} INFO - Sync 1 DAGs
[2022-02-24 20:05:47,624] {logging_mixin.py:109} INFO - [2022-02-24 20:05:47,624] {dag.py:2935} INFO - Setting next_dagrun for example_complex to None
[2022-02-24 20:05:47,632] {processor.py:171} INFO - Processing /home/airflow/.local/lib/python3.7/site-packages/airflow/example_dags/example_complex.py took 0.075 seconds
[2022-02-24 20:06:18,328] {processor.py:163} INFO - Started process (PID=593) to work on /home/airflow/.local/lib/python3.7/site-packages/airflow/example_dags/example_complex.py
[2022-02-24 20:06:18,331] {processor.py:642} INFO - Processing file /home/airflow/.local/lib/python3.7/site-packages/airflow/example_dags/example_complex.py for tasks to queue
[2022-02-24 20:06:18,344] {logging_mixin.py:109} INFO - [2022-02-24 20:06:18,344] {dagbag.py:500} INFO - Filling up the DagBag from /home/airflow/.local/lib/python3.7/site-packages/airflow/example_dags/example_complex.py
[2022-02-24 20:06:18,523] {processor.py:654} INFO - DAG(s) dict_keys(['example_complex']) retrieved from /home/airflow/.local/lib/python3.7/site-packages/airflow/example_dags/example_complex.py
[2022-02-24 20:06:18,573] {logging_mixin.py:109} INFO - [2022-02-24 20:06:18,573] {dag.py:2396} INFO - Sync 1 DAGs
[2022-02-24 20:06:18,641] {logging_mixin.py:109} INFO - [2022-02-24 20:06:18,641] {dag.py:2935} INFO - Setting next_dagrun for example_complex to None
[2022-02-24 20:06:18,691] {processor.py:171} INFO - Processing /home/airflow/.local/lib/python3.7/site-packages/airflow/example_dags/example_complex.py took 0.366 seconds
[2022-02-24 20:06:49,212] {processor.py:163} INFO - Started process (PID=656) to work on /home/airflow/.local/lib/python3.7/site-packages/airflow/example_dags/example_complex.py
[2022-02-24 20:06:49,217] {processor.py:642} INFO - Processing file /home/airflow/.local/lib/python3.7/site-packages/airflow/example_dags/example_complex.py for tasks to queue
[2022-02-24 20:06:49,224] {logging_mixin.py:109} INFO - [2022-02-24 20:06:49,224] {dagbag.py:500} INFO - Filling up the DagBag from /home/airflow/.local/lib/python3.7/site-packages/airflow/example_dags/example_complex.py
[2022-02-24 20:06:49,345] {processor.py:654} INFO - DAG(s) dict_keys(['example_complex']) retrieved from /home/airflow/.local/lib/python3.7/site-packages/airflow/example_dags/example_complex.py
[2022-02-24 20:06:49,385] {logging_mixin.py:109} INFO - [2022-02-24 20:06:49,384] {dag.py:2396} INFO - Sync 1 DAGs
[2022-02-24 20:06:49,422] {logging_mixin.py:109} INFO - [2022-02-24 20:06:49,421] {dag.py:2935} INFO - Setting next_dagrun for example_complex to None
[2022-02-24 20:06:49,444] {processor.py:171} INFO - Processing /home/airflow/.local/lib/python3.7/site-packages/airflow/example_dags/example_complex.py took 0.237 seconds
[2022-02-24 20:07:19,883] {processor.py:163} INFO - Started process (PID=715) to work on /home/airflow/.local/lib/python3.7/site-packages/airflow/example_dags/example_complex.py
[2022-02-24 20:07:19,885] {processor.py:642} INFO - Processing file /home/airflow/.local/lib/python3.7/site-packages/airflow/example_dags/example_complex.py for tasks to queue
[2022-02-24 20:07:19,887] {logging_mixin.py:109} INFO - [2022-02-24 20:07:19,886] {dagbag.py:500} INFO - Filling up the DagBag from /home/airflow/.local/lib/python3.7/site-packages/airflow/example_dags/example_complex.py
[2022-02-24 20:07:19,926] {processor.py:654} INFO - DAG(s) dict_keys(['example_complex']) retrieved from /home/airflow/.local/lib/python3.7/site-packages/airflow/example_dags/example_complex.py
[2022-02-24 20:07:19,942] {logging_mixin.py:109} INFO - [2022-02-24 20:07:19,942] {dag.py:2396} INFO - Sync 1 DAGs
[2022-02-24 20:07:19,981] {logging_mixin.py:109} INFO - [2022-02-24 20:07:19,981] {dag.py:2935} INFO - Setting next_dagrun for example_complex to None
[2022-02-24 20:07:19,998] {processor.py:171} INFO - Processing /home/airflow/.local/lib/python3.7/site-packages/airflow/example_dags/example_complex.py took 0.117 seconds
[2022-02-24 20:07:50,049] {processor.py:163} INFO - Started process (PID=773) to work on /home/airflow/.local/lib/python3.7/site-packages/airflow/example_dags/example_complex.py
[2022-02-24 20:07:50,051] {processor.py:642} INFO - Processing file /home/airflow/.local/lib/python3.7/site-packages/airflow/example_dags/example_complex.py for tasks to queue
[2022-02-24 20:07:50,052] {logging_mixin.py:109} INFO - [2022-02-24 20:07:50,052] {dagbag.py:500} INFO - Filling up the DagBag from /home/airflow/.local/lib/python3.7/site-packages/airflow/example_dags/example_complex.py
[2022-02-24 20:07:50,087] {processor.py:654} INFO - DAG(s) dict_keys(['example_complex']) retrieved from /home/airflow/.local/lib/python3.7/site-packages/airflow/example_dags/example_complex.py
[2022-02-24 20:07:50,102] {logging_mixin.py:109} INFO - [2022-02-24 20:07:50,102] {dag.py:2396} INFO - Sync 1 DAGs
[2022-02-24 20:07:50,122] {logging_mixin.py:109} INFO - [2022-02-24 20:07:50,122] {dag.py:2935} INFO - Setting next_dagrun for example_complex to None
[2022-02-24 20:07:50,131] {processor.py:171} INFO - Processing /home/airflow/.local/lib/python3.7/site-packages/airflow/example_dags/example_complex.py took 0.086 seconds
[2022-02-24 20:08:20,227] {processor.py:163} INFO - Started process (PID=829) to work on /home/airflow/.local/lib/python3.7/site-packages/airflow/example_dags/example_complex.py
[2022-02-24 20:08:20,230] {processor.py:642} INFO - Processing file /home/airflow/.local/lib/python3.7/site-packages/airflow/example_dags/example_complex.py for tasks to queue
[2022-02-24 20:08:20,231] {logging_mixin.py:109} INFO - [2022-02-24 20:08:20,231] {dagbag.py:500} INFO - Filling up the DagBag from /home/airflow/.local/lib/python3.7/site-packages/airflow/example_dags/example_complex.py
[2022-02-24 20:08:20,268] {processor.py:654} INFO - DAG(s) dict_keys(['example_complex']) retrieved from /home/airflow/.local/lib/python3.7/site-packages/airflow/example_dags/example_complex.py
[2022-02-24 20:08:20,284] {logging_mixin.py:109} INFO - [2022-02-24 20:08:20,284] {dag.py:2396} INFO - Sync 1 DAGs
[2022-02-24 20:08:20,298] {logging_mixin.py:109} INFO - [2022-02-24 20:08:20,298] {dag.py:2935} INFO - Setting next_dagrun for example_complex to None
[2022-02-24 20:08:20,308] {processor.py:171} INFO - Processing /home/airflow/.local/lib/python3.7/site-packages/airflow/example_dags/example_complex.py took 0.088 seconds
[2022-02-24 20:08:50,480] {processor.py:163} INFO - Started process (PID=885) to work on /home/airflow/.local/lib/python3.7/site-packages/airflow/example_dags/example_complex.py
[2022-02-24 20:08:50,484] {processor.py:642} INFO - Processing file /home/airflow/.local/lib/python3.7/site-packages/airflow/example_dags/example_complex.py for tasks to queue
[2022-02-24 20:08:50,486] {logging_mixin.py:109} INFO - [2022-02-24 20:08:50,486] {dagbag.py:500} INFO - Filling up the DagBag from /home/airflow/.local/lib/python3.7/site-packages/airflow/example_dags/example_complex.py
[2022-02-24 20:08:50,546] {processor.py:654} INFO - DAG(s) dict_keys(['example_complex']) retrieved from /home/airflow/.local/lib/python3.7/site-packages/airflow/example_dags/example_complex.py
[2022-02-24 20:08:50,563] {logging_mixin.py:109} INFO - [2022-02-24 20:08:50,563] {dag.py:2396} INFO - Sync 1 DAGs
[2022-02-24 20:08:50,581] {logging_mixin.py:109} INFO - [2022-02-24 20:08:50,581] {dag.py:2935} INFO - Setting next_dagrun for example_complex to None
[2022-02-24 20:08:50,593] {processor.py:171} INFO - Processing /home/airflow/.local/lib/python3.7/site-packages/airflow/example_dags/example_complex.py took 0.122 seconds
[2022-02-24 20:09:20,939] {processor.py:163} INFO - Started process (PID=952) to work on /home/airflow/.local/lib/python3.7/site-packages/airflow/example_dags/example_complex.py
[2022-02-24 20:09:20,942] {processor.py:642} INFO - Processing file /home/airflow/.local/lib/python3.7/site-packages/airflow/example_dags/example_complex.py for tasks to queue
[2022-02-24 20:09:20,944] {logging_mixin.py:109} INFO - [2022-02-24 20:09:20,944] {dagbag.py:500} INFO - Filling up the DagBag from /home/airflow/.local/lib/python3.7/site-packages/airflow/example_dags/example_complex.py
[2022-02-24 20:09:21,032] {processor.py:654} INFO - DAG(s) dict_keys(['example_complex']) retrieved from /home/airflow/.local/lib/python3.7/site-packages/airflow/example_dags/example_complex.py
[2022-02-24 20:09:21,071] {logging_mixin.py:109} INFO - [2022-02-24 20:09:21,071] {dag.py:2396} INFO - Sync 1 DAGs
[2022-02-24 20:09:21,095] {logging_mixin.py:109} INFO - [2022-02-24 20:09:21,095] {dag.py:2935} INFO - Setting next_dagrun for example_complex to None
[2022-02-24 20:09:21,107] {processor.py:171} INFO - Processing /home/airflow/.local/lib/python3.7/site-packages/airflow/example_dags/example_complex.py took 0.171 seconds
[2022-02-24 20:09:52,084] {processor.py:163} INFO - Started process (PID=1005) to work on /home/airflow/.local/lib/python3.7/site-packages/airflow/example_dags/example_complex.py
[2022-02-24 20:09:52,087] {processor.py:642} INFO - Processing file /home/airflow/.local/lib/python3.7/site-packages/airflow/example_dags/example_complex.py for tasks to queue
[2022-02-24 20:09:52,089] {logging_mixin.py:109} INFO - [2022-02-24 20:09:52,089] {dagbag.py:500} INFO - Filling up the DagBag from /home/airflow/.local/lib/python3.7/site-packages/airflow/example_dags/example_complex.py
[2022-02-24 20:09:52,146] {processor.py:654} INFO - DAG(s) dict_keys(['example_complex']) retrieved from /home/airflow/.local/lib/python3.7/site-packages/airflow/example_dags/example_complex.py
[2022-02-24 20:09:52,162] {logging_mixin.py:109} INFO - [2022-02-24 20:09:52,162] {dag.py:2396} INFO - Sync 1 DAGs
[2022-02-24 20:09:52,177] {logging_mixin.py:109} INFO - [2022-02-24 20:09:52,177] {dag.py:2935} INFO - Setting next_dagrun for example_complex to None
[2022-02-24 20:09:52,186] {processor.py:171} INFO - Processing /home/airflow/.local/lib/python3.7/site-packages/airflow/example_dags/example_complex.py took 0.111 seconds
[2022-02-24 20:10:22,382] {processor.py:163} INFO - Started process (PID=1060) to work on /home/airflow/.local/lib/python3.7/site-packages/airflow/example_dags/example_complex.py
[2022-02-24 20:10:22,384] {processor.py:642} INFO - Processing file /home/airflow/.local/lib/python3.7/site-packages/airflow/example_dags/example_complex.py for tasks to queue
[2022-02-24 20:10:22,385] {logging_mixin.py:109} INFO - [2022-02-24 20:10:22,385] {dagbag.py:500} INFO - Filling up the DagBag from /home/airflow/.local/lib/python3.7/site-packages/airflow/example_dags/example_complex.py
[2022-02-24 20:10:22,422] {processor.py:654} INFO - DAG(s) dict_keys(['example_complex']) retrieved from /home/airflow/.local/lib/python3.7/site-packages/airflow/example_dags/example_complex.py
[2022-02-24 20:10:22,439] {logging_mixin.py:109} INFO - [2022-02-24 20:10:22,439] {dag.py:2396} INFO - Sync 1 DAGs
[2022-02-24 20:10:22,460] {logging_mixin.py:109} INFO - [2022-02-24 20:10:22,460] {dag.py:2935} INFO - Setting next_dagrun for example_complex to None
[2022-02-24 20:10:22,471] {processor.py:171} INFO - Processing /home/airflow/.local/lib/python3.7/site-packages/airflow/example_dags/example_complex.py took 0.093 seconds
[2022-02-24 20:10:52,823] {processor.py:163} INFO - Started process (PID=1119) to work on /home/airflow/.local/lib/python3.7/site-packages/airflow/example_dags/example_complex.py
[2022-02-24 20:10:52,828] {processor.py:642} INFO - Processing file /home/airflow/.local/lib/python3.7/site-packages/airflow/example_dags/example_complex.py for tasks to queue
[2022-02-24 20:10:52,831] {logging_mixin.py:109} INFO - [2022-02-24 20:10:52,831] {dagbag.py:500} INFO - Filling up the DagBag from /home/airflow/.local/lib/python3.7/site-packages/airflow/example_dags/example_complex.py
[2022-02-24 20:10:52,895] {processor.py:654} INFO - DAG(s) dict_keys(['example_complex']) retrieved from /home/airflow/.local/lib/python3.7/site-packages/airflow/example_dags/example_complex.py
[2022-02-24 20:10:52,935] {logging_mixin.py:109} INFO - [2022-02-24 20:10:52,935] {dag.py:2396} INFO - Sync 1 DAGs
[2022-02-24 20:10:52,981] {logging_mixin.py:109} INFO - [2022-02-24 20:10:52,980] {dag.py:2935} INFO - Setting next_dagrun for example_complex to None
[2022-02-24 20:10:52,995] {processor.py:171} INFO - Processing /home/airflow/.local/lib/python3.7/site-packages/airflow/example_dags/example_complex.py took 0.178 seconds
[2022-02-24 20:11:23,897] {processor.py:163} INFO - Started process (PID=1173) to work on /home/airflow/.local/lib/python3.7/site-packages/airflow/example_dags/example_complex.py
[2022-02-24 20:11:23,899] {processor.py:642} INFO - Processing file /home/airflow/.local/lib/python3.7/site-packages/airflow/example_dags/example_complex.py for tasks to queue
[2022-02-24 20:11:23,900] {logging_mixin.py:109} INFO - [2022-02-24 20:11:23,900] {dagbag.py:500} INFO - Filling up the DagBag from /home/airflow/.local/lib/python3.7/site-packages/airflow/example_dags/example_complex.py
[2022-02-24 20:11:23,936] {processor.py:654} INFO - DAG(s) dict_keys(['example_complex']) retrieved from /home/airflow/.local/lib/python3.7/site-packages/airflow/example_dags/example_complex.py
[2022-02-24 20:11:23,951] {logging_mixin.py:109} INFO - [2022-02-24 20:11:23,951] {dag.py:2396} INFO - Sync 1 DAGs
[2022-02-24 20:11:24,057] {logging_mixin.py:109} INFO - [2022-02-24 20:11:24,057] {dag.py:2935} INFO - Setting next_dagrun for example_complex to None
[2022-02-24 20:11:24,068] {processor.py:171} INFO - Processing /home/airflow/.local/lib/python3.7/site-packages/airflow/example_dags/example_complex.py took 0.176 seconds
[2022-02-24 20:11:54,532] {processor.py:163} INFO - Started process (PID=1230) to work on /home/airflow/.local/lib/python3.7/site-packages/airflow/example_dags/example_complex.py
[2022-02-24 20:11:54,534] {processor.py:642} INFO - Processing file /home/airflow/.local/lib/python3.7/site-packages/airflow/example_dags/example_complex.py for tasks to queue
[2022-02-24 20:11:54,537] {logging_mixin.py:109} INFO - [2022-02-24 20:11:54,537] {dagbag.py:500} INFO - Filling up the DagBag from /home/airflow/.local/lib/python3.7/site-packages/airflow/example_dags/example_complex.py
[2022-02-24 20:11:54,584] {processor.py:654} INFO - DAG(s) dict_keys(['example_complex']) retrieved from /home/airflow/.local/lib/python3.7/site-packages/airflow/example_dags/example_complex.py
[2022-02-24 20:11:54,612] {logging_mixin.py:109} INFO - [2022-02-24 20:11:54,612] {dag.py:2396} INFO - Sync 1 DAGs
[2022-02-24 20:11:54,723] {logging_mixin.py:109} INFO - [2022-02-24 20:11:54,723] {dag.py:2935} INFO - Setting next_dagrun for example_complex to None
[2022-02-24 20:11:54,733] {processor.py:171} INFO - Processing /home/airflow/.local/lib/python3.7/site-packages/airflow/example_dags/example_complex.py took 0.208 seconds
