[2022-02-24 19:52:15,104] {processor.py:163} INFO - Started process (PID=94) to work on /home/airflow/.local/lib/python3.7/site-packages/airflow/example_dags/example_xcomargs.py
[2022-02-24 19:52:15,221] {processor.py:642} INFO - Processing file /home/airflow/.local/lib/python3.7/site-packages/airflow/example_dags/example_xcomargs.py for tasks to queue
[2022-02-24 19:52:15,232] {logging_mixin.py:109} INFO - [2022-02-24 19:52:15,232] {dagbag.py:500} INFO - Filling up the DagBag from /home/airflow/.local/lib/python3.7/site-packages/airflow/example_dags/example_xcomargs.py
[2022-02-24 19:52:15,787] {processor.py:654} INFO - DAG(s) dict_keys(['example_xcom_args', 'example_xcom_args_with_operators']) retrieved from /home/airflow/.local/lib/python3.7/site-packages/airflow/example_dags/example_xcomargs.py
[2022-02-24 19:52:25,971] {logging_mixin.py:109} INFO - [2022-02-24 19:52:25,971] {manager.py:496} INFO - Created Permission View: can read on DAG:example_xcom_args
[2022-02-24 19:52:25,984] {logging_mixin.py:109} INFO - [2022-02-24 19:52:25,984] {manager.py:496} INFO - Created Permission View: can edit on DAG:example_xcom_args
[2022-02-24 19:52:26,017] {logging_mixin.py:109} INFO - [2022-02-24 19:52:26,017] {manager.py:496} INFO - Created Permission View: can read on DAG:example_xcom_args_with_operators
[2022-02-24 19:52:26,029] {logging_mixin.py:109} INFO - [2022-02-24 19:52:26,029] {manager.py:496} INFO - Created Permission View: can edit on DAG:example_xcom_args_with_operators
[2022-02-24 19:52:26,030] {logging_mixin.py:109} INFO - [2022-02-24 19:52:26,030] {dag.py:2396} INFO - Sync 2 DAGs
[2022-02-24 19:52:26,053] {logging_mixin.py:109} INFO - [2022-02-24 19:52:26,052] {dag.py:2415} INFO - Creating ORM DAG for example_xcom_args
[2022-02-24 19:52:26,054] {logging_mixin.py:109} INFO - [2022-02-24 19:52:26,054] {dag.py:2415} INFO - Creating ORM DAG for example_xcom_args_with_operators
[2022-02-24 19:52:26,071] {logging_mixin.py:109} INFO - [2022-02-24 19:52:26,071] {dag.py:2935} INFO - Setting next_dagrun for example_xcom_args to None
[2022-02-24 19:52:26,080] {logging_mixin.py:109} INFO - [2022-02-24 19:52:26,079] {dag.py:2935} INFO - Setting next_dagrun for example_xcom_args_with_operators to None
[2022-02-24 19:52:26,097] {processor.py:171} INFO - Processing /home/airflow/.local/lib/python3.7/site-packages/airflow/example_dags/example_xcomargs.py took 11.069 seconds
[2022-02-24 19:54:13,669] {processor.py:163} INFO - Started process (PID=245) to work on /home/airflow/.local/lib/python3.7/site-packages/airflow/example_dags/example_xcomargs.py
[2022-02-24 19:54:13,672] {processor.py:642} INFO - Processing file /home/airflow/.local/lib/python3.7/site-packages/airflow/example_dags/example_xcomargs.py for tasks to queue
[2022-02-24 19:54:13,674] {logging_mixin.py:109} INFO - [2022-02-24 19:54:13,674] {dagbag.py:500} INFO - Filling up the DagBag from /home/airflow/.local/lib/python3.7/site-packages/airflow/example_dags/example_xcomargs.py
[2022-02-24 19:54:13,730] {processor.py:654} INFO - DAG(s) dict_keys(['example_xcom_args', 'example_xcom_args_with_operators']) retrieved from /home/airflow/.local/lib/python3.7/site-packages/airflow/example_dags/example_xcomargs.py
[2022-02-24 19:54:14,069] {logging_mixin.py:109} INFO - [2022-02-24 19:54:14,069] {dag.py:2396} INFO - Sync 2 DAGs
[2022-02-24 19:54:14,102] {logging_mixin.py:109} INFO - [2022-02-24 19:54:14,102] {dag.py:2935} INFO - Setting next_dagrun for example_xcom_args to None
[2022-02-24 19:54:14,103] {logging_mixin.py:109} INFO - [2022-02-24 19:54:14,103] {dag.py:2935} INFO - Setting next_dagrun for example_xcom_args_with_operators to None
[2022-02-24 19:54:14,127] {processor.py:171} INFO - Processing /home/airflow/.local/lib/python3.7/site-packages/airflow/example_dags/example_xcomargs.py took 0.464 seconds
[2022-02-24 19:54:44,780] {processor.py:163} INFO - Started process (PID=302) to work on /home/airflow/.local/lib/python3.7/site-packages/airflow/example_dags/example_xcomargs.py
[2022-02-24 19:54:44,785] {processor.py:642} INFO - Processing file /home/airflow/.local/lib/python3.7/site-packages/airflow/example_dags/example_xcomargs.py for tasks to queue
[2022-02-24 19:54:44,796] {logging_mixin.py:109} INFO - [2022-02-24 19:54:44,794] {dagbag.py:500} INFO - Filling up the DagBag from /home/airflow/.local/lib/python3.7/site-packages/airflow/example_dags/example_xcomargs.py
[2022-02-24 19:54:45,059] {processor.py:654} INFO - DAG(s) dict_keys(['example_xcom_args', 'example_xcom_args_with_operators']) retrieved from /home/airflow/.local/lib/python3.7/site-packages/airflow/example_dags/example_xcomargs.py
[2022-02-24 19:54:46,521] {logging_mixin.py:109} INFO - [2022-02-24 19:54:46,520] {dag.py:2396} INFO - Sync 2 DAGs
[2022-02-24 19:54:46,664] {logging_mixin.py:109} INFO - [2022-02-24 19:54:46,664] {dag.py:2935} INFO - Setting next_dagrun for example_xcom_args to None
[2022-02-24 19:54:46,671] {logging_mixin.py:109} INFO - [2022-02-24 19:54:46,671] {dag.py:2935} INFO - Setting next_dagrun for example_xcom_args_with_operators to None
[2022-02-24 19:54:46,729] {processor.py:171} INFO - Processing /home/airflow/.local/lib/python3.7/site-packages/airflow/example_dags/example_xcomargs.py took 1.970 seconds
[2022-02-24 19:55:16,898] {processor.py:163} INFO - Started process (PID=366) to work on /home/airflow/.local/lib/python3.7/site-packages/airflow/example_dags/example_xcomargs.py
[2022-02-24 19:55:16,901] {processor.py:642} INFO - Processing file /home/airflow/.local/lib/python3.7/site-packages/airflow/example_dags/example_xcomargs.py for tasks to queue
[2022-02-24 19:55:16,903] {logging_mixin.py:109} INFO - [2022-02-24 19:55:16,903] {dagbag.py:500} INFO - Filling up the DagBag from /home/airflow/.local/lib/python3.7/site-packages/airflow/example_dags/example_xcomargs.py
[2022-02-24 19:55:16,943] {processor.py:654} INFO - DAG(s) dict_keys(['example_xcom_args', 'example_xcom_args_with_operators']) retrieved from /home/airflow/.local/lib/python3.7/site-packages/airflow/example_dags/example_xcomargs.py
[2022-02-24 19:55:17,271] {logging_mixin.py:109} INFO - [2022-02-24 19:55:17,271] {dag.py:2396} INFO - Sync 2 DAGs
[2022-02-24 19:55:17,284] {logging_mixin.py:109} INFO - [2022-02-24 19:55:17,284] {dag.py:2935} INFO - Setting next_dagrun for example_xcom_args to None
[2022-02-24 19:55:17,285] {logging_mixin.py:109} INFO - [2022-02-24 19:55:17,285] {dag.py:2935} INFO - Setting next_dagrun for example_xcom_args_with_operators to None
[2022-02-24 19:55:17,295] {processor.py:171} INFO - Processing /home/airflow/.local/lib/python3.7/site-packages/airflow/example_dags/example_xcomargs.py took 0.402 seconds
[2022-02-24 19:55:47,359] {processor.py:163} INFO - Started process (PID=429) to work on /home/airflow/.local/lib/python3.7/site-packages/airflow/example_dags/example_xcomargs.py
[2022-02-24 19:55:47,363] {processor.py:642} INFO - Processing file /home/airflow/.local/lib/python3.7/site-packages/airflow/example_dags/example_xcomargs.py for tasks to queue
[2022-02-24 19:55:47,365] {logging_mixin.py:109} INFO - [2022-02-24 19:55:47,365] {dagbag.py:500} INFO - Filling up the DagBag from /home/airflow/.local/lib/python3.7/site-packages/airflow/example_dags/example_xcomargs.py
[2022-02-24 19:55:47,406] {processor.py:654} INFO - DAG(s) dict_keys(['example_xcom_args', 'example_xcom_args_with_operators']) retrieved from /home/airflow/.local/lib/python3.7/site-packages/airflow/example_dags/example_xcomargs.py
[2022-02-24 19:55:47,864] {logging_mixin.py:109} INFO - [2022-02-24 19:55:47,864] {dag.py:2396} INFO - Sync 2 DAGs
[2022-02-24 19:55:47,904] {logging_mixin.py:109} INFO - [2022-02-24 19:55:47,903] {dag.py:2935} INFO - Setting next_dagrun for example_xcom_args to None
[2022-02-24 19:55:47,905] {logging_mixin.py:109} INFO - [2022-02-24 19:55:47,905] {dag.py:2935} INFO - Setting next_dagrun for example_xcom_args_with_operators to None
[2022-02-24 19:55:47,930] {processor.py:171} INFO - Processing /home/airflow/.local/lib/python3.7/site-packages/airflow/example_dags/example_xcomargs.py took 0.579 seconds
[2022-02-24 19:56:18,061] {processor.py:163} INFO - Started process (PID=492) to work on /home/airflow/.local/lib/python3.7/site-packages/airflow/example_dags/example_xcomargs.py
[2022-02-24 19:56:18,066] {processor.py:642} INFO - Processing file /home/airflow/.local/lib/python3.7/site-packages/airflow/example_dags/example_xcomargs.py for tasks to queue
[2022-02-24 19:56:18,073] {logging_mixin.py:109} INFO - [2022-02-24 19:56:18,073] {dagbag.py:500} INFO - Filling up the DagBag from /home/airflow/.local/lib/python3.7/site-packages/airflow/example_dags/example_xcomargs.py
[2022-02-24 19:56:18,150] {processor.py:654} INFO - DAG(s) dict_keys(['example_xcom_args', 'example_xcom_args_with_operators']) retrieved from /home/airflow/.local/lib/python3.7/site-packages/airflow/example_dags/example_xcomargs.py
[2022-02-24 19:56:18,610] {logging_mixin.py:109} INFO - [2022-02-24 19:56:18,610] {dag.py:2396} INFO - Sync 2 DAGs
[2022-02-24 19:56:18,630] {logging_mixin.py:109} INFO - [2022-02-24 19:56:18,630] {dag.py:2935} INFO - Setting next_dagrun for example_xcom_args to None
[2022-02-24 19:56:18,632] {logging_mixin.py:109} INFO - [2022-02-24 19:56:18,632] {dag.py:2935} INFO - Setting next_dagrun for example_xcom_args_with_operators to None
[2022-02-24 19:56:18,655] {processor.py:171} INFO - Processing /home/airflow/.local/lib/python3.7/site-packages/airflow/example_dags/example_xcomargs.py took 0.608 seconds
[2022-02-24 19:56:49,150] {processor.py:163} INFO - Started process (PID=546) to work on /home/airflow/.local/lib/python3.7/site-packages/airflow/example_dags/example_xcomargs.py
[2022-02-24 19:56:49,151] {processor.py:642} INFO - Processing file /home/airflow/.local/lib/python3.7/site-packages/airflow/example_dags/example_xcomargs.py for tasks to queue
[2022-02-24 19:56:49,158] {logging_mixin.py:109} INFO - [2022-02-24 19:56:49,157] {dagbag.py:500} INFO - Filling up the DagBag from /home/airflow/.local/lib/python3.7/site-packages/airflow/example_dags/example_xcomargs.py
[2022-02-24 19:56:49,228] {processor.py:654} INFO - DAG(s) dict_keys(['example_xcom_args', 'example_xcom_args_with_operators']) retrieved from /home/airflow/.local/lib/python3.7/site-packages/airflow/example_dags/example_xcomargs.py
[2022-02-24 19:56:49,570] {logging_mixin.py:109} INFO - [2022-02-24 19:56:49,570] {dag.py:2396} INFO - Sync 2 DAGs
[2022-02-24 19:56:49,586] {logging_mixin.py:109} INFO - [2022-02-24 19:56:49,586] {dag.py:2935} INFO - Setting next_dagrun for example_xcom_args to None
[2022-02-24 19:56:49,587] {logging_mixin.py:109} INFO - [2022-02-24 19:56:49,587] {dag.py:2935} INFO - Setting next_dagrun for example_xcom_args_with_operators to None
[2022-02-24 19:56:49,599] {processor.py:171} INFO - Processing /home/airflow/.local/lib/python3.7/site-packages/airflow/example_dags/example_xcomargs.py took 0.456 seconds
[2022-02-24 19:57:19,654] {processor.py:163} INFO - Started process (PID=603) to work on /home/airflow/.local/lib/python3.7/site-packages/airflow/example_dags/example_xcomargs.py
[2022-02-24 19:57:19,660] {processor.py:642} INFO - Processing file /home/airflow/.local/lib/python3.7/site-packages/airflow/example_dags/example_xcomargs.py for tasks to queue
[2022-02-24 19:57:19,664] {logging_mixin.py:109} INFO - [2022-02-24 19:57:19,663] {dagbag.py:500} INFO - Filling up the DagBag from /home/airflow/.local/lib/python3.7/site-packages/airflow/example_dags/example_xcomargs.py
[2022-02-24 19:57:19,908] {processor.py:654} INFO - DAG(s) dict_keys(['example_xcom_args', 'example_xcom_args_with_operators']) retrieved from /home/airflow/.local/lib/python3.7/site-packages/airflow/example_dags/example_xcomargs.py
[2022-02-24 19:57:20,774] {logging_mixin.py:109} INFO - [2022-02-24 19:57:20,774] {dag.py:2396} INFO - Sync 2 DAGs
[2022-02-24 19:57:20,803] {logging_mixin.py:109} INFO - [2022-02-24 19:57:20,803] {dag.py:2935} INFO - Setting next_dagrun for example_xcom_args to None
[2022-02-24 19:57:20,804] {logging_mixin.py:109} INFO - [2022-02-24 19:57:20,804] {dag.py:2935} INFO - Setting next_dagrun for example_xcom_args_with_operators to None
[2022-02-24 19:57:20,825] {processor.py:171} INFO - Processing /home/airflow/.local/lib/python3.7/site-packages/airflow/example_dags/example_xcomargs.py took 1.183 seconds
[2022-02-24 19:57:51,468] {processor.py:163} INFO - Started process (PID=657) to work on /home/airflow/.local/lib/python3.7/site-packages/airflow/example_dags/example_xcomargs.py
[2022-02-24 19:57:51,469] {processor.py:642} INFO - Processing file /home/airflow/.local/lib/python3.7/site-packages/airflow/example_dags/example_xcomargs.py for tasks to queue
[2022-02-24 19:57:51,470] {logging_mixin.py:109} INFO - [2022-02-24 19:57:51,470] {dagbag.py:500} INFO - Filling up the DagBag from /home/airflow/.local/lib/python3.7/site-packages/airflow/example_dags/example_xcomargs.py
[2022-02-24 19:57:51,506] {processor.py:654} INFO - DAG(s) dict_keys(['example_xcom_args', 'example_xcom_args_with_operators']) retrieved from /home/airflow/.local/lib/python3.7/site-packages/airflow/example_dags/example_xcomargs.py
[2022-02-24 19:57:51,838] {logging_mixin.py:109} INFO - [2022-02-24 19:57:51,837] {dag.py:2396} INFO - Sync 2 DAGs
[2022-02-24 19:57:51,882] {logging_mixin.py:109} INFO - [2022-02-24 19:57:51,882] {dag.py:2935} INFO - Setting next_dagrun for example_xcom_args to None
[2022-02-24 19:57:51,884] {logging_mixin.py:109} INFO - [2022-02-24 19:57:51,883] {dag.py:2935} INFO - Setting next_dagrun for example_xcom_args_with_operators to None
[2022-02-24 19:57:51,904] {processor.py:171} INFO - Processing /home/airflow/.local/lib/python3.7/site-packages/airflow/example_dags/example_xcomargs.py took 0.440 seconds
[2022-02-24 20:01:13,513] {processor.py:163} INFO - Started process (PID=51) to work on /home/airflow/.local/lib/python3.7/site-packages/airflow/example_dags/example_xcomargs.py
[2022-02-24 20:01:13,530] {processor.py:642} INFO - Processing file /home/airflow/.local/lib/python3.7/site-packages/airflow/example_dags/example_xcomargs.py for tasks to queue
[2022-02-24 20:01:13,539] {logging_mixin.py:109} INFO - [2022-02-24 20:01:13,539] {dagbag.py:500} INFO - Filling up the DagBag from /home/airflow/.local/lib/python3.7/site-packages/airflow/example_dags/example_xcomargs.py
[2022-02-24 20:01:13,792] {processor.py:654} INFO - DAG(s) dict_keys(['example_xcom_args', 'example_xcom_args_with_operators']) retrieved from /home/airflow/.local/lib/python3.7/site-packages/airflow/example_dags/example_xcomargs.py
[2022-02-24 20:01:15,711] {logging_mixin.py:109} INFO - [2022-02-24 20:01:15,710] {dag.py:2396} INFO - Sync 2 DAGs
[2022-02-24 20:01:15,776] {logging_mixin.py:109} INFO - [2022-02-24 20:01:15,775] {dag.py:2935} INFO - Setting next_dagrun for example_xcom_args to None
[2022-02-24 20:01:15,783] {logging_mixin.py:109} INFO - [2022-02-24 20:01:15,782] {dag.py:2935} INFO - Setting next_dagrun for example_xcom_args_with_operators to None
[2022-02-24 20:01:15,835] {processor.py:171} INFO - Processing /home/airflow/.local/lib/python3.7/site-packages/airflow/example_dags/example_xcomargs.py took 2.346 seconds
[2022-02-24 20:01:46,539] {processor.py:163} INFO - Started process (PID=102) to work on /home/airflow/.local/lib/python3.7/site-packages/airflow/example_dags/example_xcomargs.py
[2022-02-24 20:01:46,550] {processor.py:642} INFO - Processing file /home/airflow/.local/lib/python3.7/site-packages/airflow/example_dags/example_xcomargs.py for tasks to queue
[2022-02-24 20:01:46,554] {logging_mixin.py:109} INFO - [2022-02-24 20:01:46,554] {dagbag.py:500} INFO - Filling up the DagBag from /home/airflow/.local/lib/python3.7/site-packages/airflow/example_dags/example_xcomargs.py
[2022-02-24 20:01:46,730] {processor.py:654} INFO - DAG(s) dict_keys(['example_xcom_args', 'example_xcom_args_with_operators']) retrieved from /home/airflow/.local/lib/python3.7/site-packages/airflow/example_dags/example_xcomargs.py
[2022-02-24 20:01:47,436] {logging_mixin.py:109} INFO - [2022-02-24 20:01:47,436] {dag.py:2396} INFO - Sync 2 DAGs
[2022-02-24 20:01:47,468] {logging_mixin.py:109} INFO - [2022-02-24 20:01:47,468] {dag.py:2935} INFO - Setting next_dagrun for example_xcom_args to None
[2022-02-24 20:01:47,470] {logging_mixin.py:109} INFO - [2022-02-24 20:01:47,469] {dag.py:2935} INFO - Setting next_dagrun for example_xcom_args_with_operators to None
[2022-02-24 20:01:47,493] {processor.py:171} INFO - Processing /home/airflow/.local/lib/python3.7/site-packages/airflow/example_dags/example_xcomargs.py took 0.980 seconds
[2022-02-24 20:02:18,169] {processor.py:163} INFO - Started process (PID=160) to work on /home/airflow/.local/lib/python3.7/site-packages/airflow/example_dags/example_xcomargs.py
[2022-02-24 20:02:18,175] {processor.py:642} INFO - Processing file /home/airflow/.local/lib/python3.7/site-packages/airflow/example_dags/example_xcomargs.py for tasks to queue
[2022-02-24 20:02:18,176] {logging_mixin.py:109} INFO - [2022-02-24 20:02:18,176] {dagbag.py:500} INFO - Filling up the DagBag from /home/airflow/.local/lib/python3.7/site-packages/airflow/example_dags/example_xcomargs.py
[2022-02-24 20:02:18,236] {processor.py:654} INFO - DAG(s) dict_keys(['example_xcom_args', 'example_xcom_args_with_operators']) retrieved from /home/airflow/.local/lib/python3.7/site-packages/airflow/example_dags/example_xcomargs.py
[2022-02-24 20:02:18,962] {logging_mixin.py:109} INFO - [2022-02-24 20:02:18,962] {dag.py:2396} INFO - Sync 2 DAGs
[2022-02-24 20:02:18,997] {logging_mixin.py:109} INFO - [2022-02-24 20:02:18,997] {dag.py:2935} INFO - Setting next_dagrun for example_xcom_args to None
[2022-02-24 20:02:18,999] {logging_mixin.py:109} INFO - [2022-02-24 20:02:18,999] {dag.py:2935} INFO - Setting next_dagrun for example_xcom_args_with_operators to None
[2022-02-24 20:02:19,030] {processor.py:171} INFO - Processing /home/airflow/.local/lib/python3.7/site-packages/airflow/example_dags/example_xcomargs.py took 0.864 seconds
[2022-02-24 20:02:49,697] {processor.py:163} INFO - Started process (PID=225) to work on /home/airflow/.local/lib/python3.7/site-packages/airflow/example_dags/example_xcomargs.py
[2022-02-24 20:02:49,708] {processor.py:642} INFO - Processing file /home/airflow/.local/lib/python3.7/site-packages/airflow/example_dags/example_xcomargs.py for tasks to queue
[2022-02-24 20:02:49,714] {logging_mixin.py:109} INFO - [2022-02-24 20:02:49,712] {dagbag.py:500} INFO - Filling up the DagBag from /home/airflow/.local/lib/python3.7/site-packages/airflow/example_dags/example_xcomargs.py
[2022-02-24 20:02:49,962] {processor.py:654} INFO - DAG(s) dict_keys(['example_xcom_args', 'example_xcom_args_with_operators']) retrieved from /home/airflow/.local/lib/python3.7/site-packages/airflow/example_dags/example_xcomargs.py
[2022-02-24 20:02:53,371] {logging_mixin.py:109} INFO - [2022-02-24 20:02:53,371] {dag.py:2396} INFO - Sync 2 DAGs
[2022-02-24 20:02:53,433] {logging_mixin.py:109} INFO - [2022-02-24 20:02:53,433] {dag.py:2935} INFO - Setting next_dagrun for example_xcom_args to None
[2022-02-24 20:02:53,434] {logging_mixin.py:109} INFO - [2022-02-24 20:02:53,434] {dag.py:2935} INFO - Setting next_dagrun for example_xcom_args_with_operators to None
[2022-02-24 20:02:53,490] {processor.py:171} INFO - Processing /home/airflow/.local/lib/python3.7/site-packages/airflow/example_dags/example_xcomargs.py took 3.827 seconds
[2022-02-24 20:03:24,038] {processor.py:163} INFO - Started process (PID=283) to work on /home/airflow/.local/lib/python3.7/site-packages/airflow/example_dags/example_xcomargs.py
[2022-02-24 20:03:24,039] {processor.py:642} INFO - Processing file /home/airflow/.local/lib/python3.7/site-packages/airflow/example_dags/example_xcomargs.py for tasks to queue
[2022-02-24 20:03:24,045] {logging_mixin.py:109} INFO - [2022-02-24 20:03:24,044] {dagbag.py:500} INFO - Filling up the DagBag from /home/airflow/.local/lib/python3.7/site-packages/airflow/example_dags/example_xcomargs.py
[2022-02-24 20:03:24,150] {processor.py:654} INFO - DAG(s) dict_keys(['example_xcom_args', 'example_xcom_args_with_operators']) retrieved from /home/airflow/.local/lib/python3.7/site-packages/airflow/example_dags/example_xcomargs.py
[2022-02-24 20:03:25,130] {logging_mixin.py:109} INFO - [2022-02-24 20:03:25,130] {dag.py:2396} INFO - Sync 2 DAGs
[2022-02-24 20:03:25,196] {logging_mixin.py:109} INFO - [2022-02-24 20:03:25,196] {dag.py:2935} INFO - Setting next_dagrun for example_xcom_args to None
[2022-02-24 20:03:25,197] {logging_mixin.py:109} INFO - [2022-02-24 20:03:25,196] {dag.py:2935} INFO - Setting next_dagrun for example_xcom_args_with_operators to None
[2022-02-24 20:03:25,238] {processor.py:171} INFO - Processing /home/airflow/.local/lib/python3.7/site-packages/airflow/example_dags/example_xcomargs.py took 1.210 seconds
[2022-02-24 20:03:55,326] {processor.py:163} INFO - Started process (PID=342) to work on /home/airflow/.local/lib/python3.7/site-packages/airflow/example_dags/example_xcomargs.py
[2022-02-24 20:03:55,331] {processor.py:642} INFO - Processing file /home/airflow/.local/lib/python3.7/site-packages/airflow/example_dags/example_xcomargs.py for tasks to queue
[2022-02-24 20:03:55,335] {logging_mixin.py:109} INFO - [2022-02-24 20:03:55,334] {dagbag.py:500} INFO - Filling up the DagBag from /home/airflow/.local/lib/python3.7/site-packages/airflow/example_dags/example_xcomargs.py
[2022-02-24 20:03:55,392] {processor.py:654} INFO - DAG(s) dict_keys(['example_xcom_args', 'example_xcom_args_with_operators']) retrieved from /home/airflow/.local/lib/python3.7/site-packages/airflow/example_dags/example_xcomargs.py
[2022-02-24 20:03:55,423] {logging_mixin.py:109} INFO - [2022-02-24 20:03:55,422] {dag.py:2396} INFO - Sync 2 DAGs
[2022-02-24 20:03:55,466] {logging_mixin.py:109} INFO - [2022-02-24 20:03:55,466] {dag.py:2935} INFO - Setting next_dagrun for example_xcom_args to None
[2022-02-24 20:03:55,468] {logging_mixin.py:109} INFO - [2022-02-24 20:03:55,468] {dag.py:2935} INFO - Setting next_dagrun for example_xcom_args_with_operators to None
[2022-02-24 20:03:55,494] {processor.py:171} INFO - Processing /home/airflow/.local/lib/python3.7/site-packages/airflow/example_dags/example_xcomargs.py took 0.171 seconds
[2022-02-24 20:04:26,063] {processor.py:163} INFO - Started process (PID=394) to work on /home/airflow/.local/lib/python3.7/site-packages/airflow/example_dags/example_xcomargs.py
[2022-02-24 20:04:26,067] {processor.py:642} INFO - Processing file /home/airflow/.local/lib/python3.7/site-packages/airflow/example_dags/example_xcomargs.py for tasks to queue
[2022-02-24 20:04:26,069] {logging_mixin.py:109} INFO - [2022-02-24 20:04:26,069] {dagbag.py:500} INFO - Filling up the DagBag from /home/airflow/.local/lib/python3.7/site-packages/airflow/example_dags/example_xcomargs.py
[2022-02-24 20:04:26,112] {processor.py:654} INFO - DAG(s) dict_keys(['example_xcom_args', 'example_xcom_args_with_operators']) retrieved from /home/airflow/.local/lib/python3.7/site-packages/airflow/example_dags/example_xcomargs.py
[2022-02-24 20:04:26,509] {logging_mixin.py:109} INFO - [2022-02-24 20:04:26,508] {dag.py:2396} INFO - Sync 2 DAGs
[2022-02-24 20:04:26,533] {logging_mixin.py:109} INFO - [2022-02-24 20:04:26,533] {dag.py:2935} INFO - Setting next_dagrun for example_xcom_args to None
[2022-02-24 20:04:26,536] {logging_mixin.py:109} INFO - [2022-02-24 20:04:26,536] {dag.py:2935} INFO - Setting next_dagrun for example_xcom_args_with_operators to None
[2022-02-24 20:04:26,558] {processor.py:171} INFO - Processing /home/airflow/.local/lib/python3.7/site-packages/airflow/example_dags/example_xcomargs.py took 0.504 seconds
[2022-02-24 20:04:56,942] {processor.py:163} INFO - Started process (PID=451) to work on /home/airflow/.local/lib/python3.7/site-packages/airflow/example_dags/example_xcomargs.py
[2022-02-24 20:04:56,943] {processor.py:642} INFO - Processing file /home/airflow/.local/lib/python3.7/site-packages/airflow/example_dags/example_xcomargs.py for tasks to queue
[2022-02-24 20:04:56,944] {logging_mixin.py:109} INFO - [2022-02-24 20:04:56,944] {dagbag.py:500} INFO - Filling up the DagBag from /home/airflow/.local/lib/python3.7/site-packages/airflow/example_dags/example_xcomargs.py
[2022-02-24 20:04:56,980] {processor.py:654} INFO - DAG(s) dict_keys(['example_xcom_args', 'example_xcom_args_with_operators']) retrieved from /home/airflow/.local/lib/python3.7/site-packages/airflow/example_dags/example_xcomargs.py
[2022-02-24 20:04:57,296] {logging_mixin.py:109} INFO - [2022-02-24 20:04:57,296] {dag.py:2396} INFO - Sync 2 DAGs
[2022-02-24 20:04:57,310] {logging_mixin.py:109} INFO - [2022-02-24 20:04:57,309] {dag.py:2935} INFO - Setting next_dagrun for example_xcom_args to None
[2022-02-24 20:04:57,310] {logging_mixin.py:109} INFO - [2022-02-24 20:04:57,310] {dag.py:2935} INFO - Setting next_dagrun for example_xcom_args_with_operators to None
[2022-02-24 20:04:57,319] {processor.py:171} INFO - Processing /home/airflow/.local/lib/python3.7/site-packages/airflow/example_dags/example_xcomargs.py took 0.387 seconds
[2022-02-24 20:05:27,960] {processor.py:163} INFO - Started process (PID=502) to work on /home/airflow/.local/lib/python3.7/site-packages/airflow/example_dags/example_xcomargs.py
[2022-02-24 20:05:27,962] {processor.py:642} INFO - Processing file /home/airflow/.local/lib/python3.7/site-packages/airflow/example_dags/example_xcomargs.py for tasks to queue
[2022-02-24 20:05:27,965] {logging_mixin.py:109} INFO - [2022-02-24 20:05:27,965] {dagbag.py:500} INFO - Filling up the DagBag from /home/airflow/.local/lib/python3.7/site-packages/airflow/example_dags/example_xcomargs.py
[2022-02-24 20:05:28,009] {processor.py:654} INFO - DAG(s) dict_keys(['example_xcom_args', 'example_xcom_args_with_operators']) retrieved from /home/airflow/.local/lib/python3.7/site-packages/airflow/example_dags/example_xcomargs.py
[2022-02-24 20:05:28,412] {logging_mixin.py:109} INFO - [2022-02-24 20:05:28,412] {dag.py:2396} INFO - Sync 2 DAGs
[2022-02-24 20:05:28,428] {logging_mixin.py:109} INFO - [2022-02-24 20:05:28,428] {dag.py:2935} INFO - Setting next_dagrun for example_xcom_args to None
[2022-02-24 20:05:28,429] {logging_mixin.py:109} INFO - [2022-02-24 20:05:28,429] {dag.py:2935} INFO - Setting next_dagrun for example_xcom_args_with_operators to None
[2022-02-24 20:05:28,441] {processor.py:171} INFO - Processing /home/airflow/.local/lib/python3.7/site-packages/airflow/example_dags/example_xcomargs.py took 0.490 seconds
[2022-02-24 20:05:59,288] {processor.py:163} INFO - Started process (PID=557) to work on /home/airflow/.local/lib/python3.7/site-packages/airflow/example_dags/example_xcomargs.py
[2022-02-24 20:05:59,291] {processor.py:642} INFO - Processing file /home/airflow/.local/lib/python3.7/site-packages/airflow/example_dags/example_xcomargs.py for tasks to queue
[2022-02-24 20:05:59,293] {logging_mixin.py:109} INFO - [2022-02-24 20:05:59,293] {dagbag.py:500} INFO - Filling up the DagBag from /home/airflow/.local/lib/python3.7/site-packages/airflow/example_dags/example_xcomargs.py
[2022-02-24 20:05:59,337] {processor.py:654} INFO - DAG(s) dict_keys(['example_xcom_args', 'example_xcom_args_with_operators']) retrieved from /home/airflow/.local/lib/python3.7/site-packages/airflow/example_dags/example_xcomargs.py
[2022-02-24 20:06:00,000] {logging_mixin.py:109} INFO - [2022-02-24 20:06:00,000] {dag.py:2396} INFO - Sync 2 DAGs
[2022-02-24 20:06:00,046] {logging_mixin.py:109} INFO - [2022-02-24 20:06:00,045] {dag.py:2935} INFO - Setting next_dagrun for example_xcom_args to None
[2022-02-24 20:06:00,047] {logging_mixin.py:109} INFO - [2022-02-24 20:06:00,047] {dag.py:2935} INFO - Setting next_dagrun for example_xcom_args_with_operators to None
[2022-02-24 20:06:00,075] {processor.py:171} INFO - Processing /home/airflow/.local/lib/python3.7/site-packages/airflow/example_dags/example_xcomargs.py took 0.799 seconds
[2022-02-24 20:06:30,210] {processor.py:163} INFO - Started process (PID=611) to work on /home/airflow/.local/lib/python3.7/site-packages/airflow/example_dags/example_xcomargs.py
[2022-02-24 20:06:30,212] {processor.py:642} INFO - Processing file /home/airflow/.local/lib/python3.7/site-packages/airflow/example_dags/example_xcomargs.py for tasks to queue
[2022-02-24 20:06:30,214] {logging_mixin.py:109} INFO - [2022-02-24 20:06:30,214] {dagbag.py:500} INFO - Filling up the DagBag from /home/airflow/.local/lib/python3.7/site-packages/airflow/example_dags/example_xcomargs.py
[2022-02-24 20:06:30,291] {processor.py:654} INFO - DAG(s) dict_keys(['example_xcom_args', 'example_xcom_args_with_operators']) retrieved from /home/airflow/.local/lib/python3.7/site-packages/airflow/example_dags/example_xcomargs.py
[2022-02-24 20:06:30,691] {logging_mixin.py:109} INFO - [2022-02-24 20:06:30,691] {dag.py:2396} INFO - Sync 2 DAGs
[2022-02-24 20:06:30,706] {logging_mixin.py:109} INFO - [2022-02-24 20:06:30,706] {dag.py:2935} INFO - Setting next_dagrun for example_xcom_args to None
[2022-02-24 20:06:30,706] {logging_mixin.py:109} INFO - [2022-02-24 20:06:30,706] {dag.py:2935} INFO - Setting next_dagrun for example_xcom_args_with_operators to None
[2022-02-24 20:06:30,728] {processor.py:171} INFO - Processing /home/airflow/.local/lib/python3.7/site-packages/airflow/example_dags/example_xcomargs.py took 0.522 seconds
[2022-02-24 20:07:00,856] {processor.py:163} INFO - Started process (PID=677) to work on /home/airflow/.local/lib/python3.7/site-packages/airflow/example_dags/example_xcomargs.py
[2022-02-24 20:07:00,859] {processor.py:642} INFO - Processing file /home/airflow/.local/lib/python3.7/site-packages/airflow/example_dags/example_xcomargs.py for tasks to queue
[2022-02-24 20:07:00,861] {logging_mixin.py:109} INFO - [2022-02-24 20:07:00,861] {dagbag.py:500} INFO - Filling up the DagBag from /home/airflow/.local/lib/python3.7/site-packages/airflow/example_dags/example_xcomargs.py
[2022-02-24 20:07:00,904] {processor.py:654} INFO - DAG(s) dict_keys(['example_xcom_args', 'example_xcom_args_with_operators']) retrieved from /home/airflow/.local/lib/python3.7/site-packages/airflow/example_dags/example_xcomargs.py
[2022-02-24 20:07:00,923] {logging_mixin.py:109} INFO - [2022-02-24 20:07:00,923] {dag.py:2396} INFO - Sync 2 DAGs
[2022-02-24 20:07:00,956] {logging_mixin.py:109} INFO - [2022-02-24 20:07:00,956] {dag.py:2935} INFO - Setting next_dagrun for example_xcom_args to None
[2022-02-24 20:07:00,957] {logging_mixin.py:109} INFO - [2022-02-24 20:07:00,957] {dag.py:2935} INFO - Setting next_dagrun for example_xcom_args_with_operators to None
[2022-02-24 20:07:00,968] {processor.py:171} INFO - Processing /home/airflow/.local/lib/python3.7/site-packages/airflow/example_dags/example_xcomargs.py took 0.118 seconds
[2022-02-24 20:07:31,657] {processor.py:163} INFO - Started process (PID=738) to work on /home/airflow/.local/lib/python3.7/site-packages/airflow/example_dags/example_xcomargs.py
[2022-02-24 20:07:31,663] {processor.py:642} INFO - Processing file /home/airflow/.local/lib/python3.7/site-packages/airflow/example_dags/example_xcomargs.py for tasks to queue
[2022-02-24 20:07:31,666] {logging_mixin.py:109} INFO - [2022-02-24 20:07:31,666] {dagbag.py:500} INFO - Filling up the DagBag from /home/airflow/.local/lib/python3.7/site-packages/airflow/example_dags/example_xcomargs.py
[2022-02-24 20:07:31,792] {processor.py:654} INFO - DAG(s) dict_keys(['example_xcom_args', 'example_xcom_args_with_operators']) retrieved from /home/airflow/.local/lib/python3.7/site-packages/airflow/example_dags/example_xcomargs.py
[2022-02-24 20:07:32,209] {logging_mixin.py:109} INFO - [2022-02-24 20:07:32,209] {dag.py:2396} INFO - Sync 2 DAGs
[2022-02-24 20:07:32,224] {logging_mixin.py:109} INFO - [2022-02-24 20:07:32,224] {dag.py:2935} INFO - Setting next_dagrun for example_xcom_args to None
[2022-02-24 20:07:32,225] {logging_mixin.py:109} INFO - [2022-02-24 20:07:32,225] {dag.py:2935} INFO - Setting next_dagrun for example_xcom_args_with_operators to None
[2022-02-24 20:07:32,237] {processor.py:171} INFO - Processing /home/airflow/.local/lib/python3.7/site-packages/airflow/example_dags/example_xcomargs.py took 0.596 seconds
[2022-02-24 20:08:03,078] {processor.py:163} INFO - Started process (PID=793) to work on /home/airflow/.local/lib/python3.7/site-packages/airflow/example_dags/example_xcomargs.py
[2022-02-24 20:08:03,080] {processor.py:642} INFO - Processing file /home/airflow/.local/lib/python3.7/site-packages/airflow/example_dags/example_xcomargs.py for tasks to queue
[2022-02-24 20:08:03,081] {logging_mixin.py:109} INFO - [2022-02-24 20:08:03,081] {dagbag.py:500} INFO - Filling up the DagBag from /home/airflow/.local/lib/python3.7/site-packages/airflow/example_dags/example_xcomargs.py
[2022-02-24 20:08:03,115] {processor.py:654} INFO - DAG(s) dict_keys(['example_xcom_args', 'example_xcom_args_with_operators']) retrieved from /home/airflow/.local/lib/python3.7/site-packages/airflow/example_dags/example_xcomargs.py
[2022-02-24 20:08:03,407] {logging_mixin.py:109} INFO - [2022-02-24 20:08:03,407] {dag.py:2396} INFO - Sync 2 DAGs
[2022-02-24 20:08:03,421] {logging_mixin.py:109} INFO - [2022-02-24 20:08:03,421] {dag.py:2935} INFO - Setting next_dagrun for example_xcom_args to None
[2022-02-24 20:08:03,422] {logging_mixin.py:109} INFO - [2022-02-24 20:08:03,422] {dag.py:2935} INFO - Setting next_dagrun for example_xcom_args_with_operators to None
[2022-02-24 20:08:03,431] {processor.py:171} INFO - Processing /home/airflow/.local/lib/python3.7/site-packages/airflow/example_dags/example_xcomargs.py took 0.357 seconds
[2022-02-24 20:08:34,061] {processor.py:163} INFO - Started process (PID=848) to work on /home/airflow/.local/lib/python3.7/site-packages/airflow/example_dags/example_xcomargs.py
[2022-02-24 20:08:34,063] {processor.py:642} INFO - Processing file /home/airflow/.local/lib/python3.7/site-packages/airflow/example_dags/example_xcomargs.py for tasks to queue
[2022-02-24 20:08:34,066] {logging_mixin.py:109} INFO - [2022-02-24 20:08:34,065] {dagbag.py:500} INFO - Filling up the DagBag from /home/airflow/.local/lib/python3.7/site-packages/airflow/example_dags/example_xcomargs.py
[2022-02-24 20:08:34,126] {processor.py:654} INFO - DAG(s) dict_keys(['example_xcom_args', 'example_xcom_args_with_operators']) retrieved from /home/airflow/.local/lib/python3.7/site-packages/airflow/example_dags/example_xcomargs.py
[2022-02-24 20:08:34,496] {logging_mixin.py:109} INFO - [2022-02-24 20:08:34,496] {dag.py:2396} INFO - Sync 2 DAGs
[2022-02-24 20:08:34,509] {logging_mixin.py:109} INFO - [2022-02-24 20:08:34,509] {dag.py:2935} INFO - Setting next_dagrun for example_xcom_args to None
[2022-02-24 20:08:34,510] {logging_mixin.py:109} INFO - [2022-02-24 20:08:34,509] {dag.py:2935} INFO - Setting next_dagrun for example_xcom_args_with_operators to None
[2022-02-24 20:08:34,520] {processor.py:171} INFO - Processing /home/airflow/.local/lib/python3.7/site-packages/airflow/example_dags/example_xcomargs.py took 0.463 seconds
[2022-02-24 20:09:05,241] {processor.py:163} INFO - Started process (PID=912) to work on /home/airflow/.local/lib/python3.7/site-packages/airflow/example_dags/example_xcomargs.py
[2022-02-24 20:09:05,242] {processor.py:642} INFO - Processing file /home/airflow/.local/lib/python3.7/site-packages/airflow/example_dags/example_xcomargs.py for tasks to queue
[2022-02-24 20:09:05,245] {logging_mixin.py:109} INFO - [2022-02-24 20:09:05,244] {dagbag.py:500} INFO - Filling up the DagBag from /home/airflow/.local/lib/python3.7/site-packages/airflow/example_dags/example_xcomargs.py
[2022-02-24 20:09:05,330] {processor.py:654} INFO - DAG(s) dict_keys(['example_xcom_args', 'example_xcom_args_with_operators']) retrieved from /home/airflow/.local/lib/python3.7/site-packages/airflow/example_dags/example_xcomargs.py
[2022-02-24 20:09:06,259] {logging_mixin.py:109} INFO - [2022-02-24 20:09:06,259] {dag.py:2396} INFO - Sync 2 DAGs
[2022-02-24 20:09:06,288] {logging_mixin.py:109} INFO - [2022-02-24 20:09:06,288] {dag.py:2935} INFO - Setting next_dagrun for example_xcom_args to None
[2022-02-24 20:09:06,290] {logging_mixin.py:109} INFO - [2022-02-24 20:09:06,289] {dag.py:2935} INFO - Setting next_dagrun for example_xcom_args_with_operators to None
[2022-02-24 20:09:06,312] {processor.py:171} INFO - Processing /home/airflow/.local/lib/python3.7/site-packages/airflow/example_dags/example_xcomargs.py took 1.081 seconds
[2022-02-24 20:09:36,860] {processor.py:163} INFO - Started process (PID=971) to work on /home/airflow/.local/lib/python3.7/site-packages/airflow/example_dags/example_xcomargs.py
[2022-02-24 20:09:36,863] {processor.py:642} INFO - Processing file /home/airflow/.local/lib/python3.7/site-packages/airflow/example_dags/example_xcomargs.py for tasks to queue
[2022-02-24 20:09:36,865] {logging_mixin.py:109} INFO - [2022-02-24 20:09:36,865] {dagbag.py:500} INFO - Filling up the DagBag from /home/airflow/.local/lib/python3.7/site-packages/airflow/example_dags/example_xcomargs.py
[2022-02-24 20:09:36,909] {processor.py:654} INFO - DAG(s) dict_keys(['example_xcom_args', 'example_xcom_args_with_operators']) retrieved from /home/airflow/.local/lib/python3.7/site-packages/airflow/example_dags/example_xcomargs.py
[2022-02-24 20:09:37,213] {logging_mixin.py:109} INFO - [2022-02-24 20:09:37,213] {dag.py:2396} INFO - Sync 2 DAGs
[2022-02-24 20:09:37,228] {logging_mixin.py:109} INFO - [2022-02-24 20:09:37,228] {dag.py:2935} INFO - Setting next_dagrun for example_xcom_args to None
[2022-02-24 20:09:37,228] {logging_mixin.py:109} INFO - [2022-02-24 20:09:37,228] {dag.py:2935} INFO - Setting next_dagrun for example_xcom_args_with_operators to None
[2022-02-24 20:09:37,237] {processor.py:171} INFO - Processing /home/airflow/.local/lib/python3.7/site-packages/airflow/example_dags/example_xcomargs.py took 0.386 seconds
[2022-02-24 20:10:07,454] {processor.py:163} INFO - Started process (PID=1025) to work on /home/airflow/.local/lib/python3.7/site-packages/airflow/example_dags/example_xcomargs.py
[2022-02-24 20:10:07,457] {processor.py:642} INFO - Processing file /home/airflow/.local/lib/python3.7/site-packages/airflow/example_dags/example_xcomargs.py for tasks to queue
[2022-02-24 20:10:07,459] {logging_mixin.py:109} INFO - [2022-02-24 20:10:07,459] {dagbag.py:500} INFO - Filling up the DagBag from /home/airflow/.local/lib/python3.7/site-packages/airflow/example_dags/example_xcomargs.py
[2022-02-24 20:10:07,507] {processor.py:654} INFO - DAG(s) dict_keys(['example_xcom_args', 'example_xcom_args_with_operators']) retrieved from /home/airflow/.local/lib/python3.7/site-packages/airflow/example_dags/example_xcomargs.py
[2022-02-24 20:10:07,800] {logging_mixin.py:109} INFO - [2022-02-24 20:10:07,800] {dag.py:2396} INFO - Sync 2 DAGs
[2022-02-24 20:10:07,816] {logging_mixin.py:109} INFO - [2022-02-24 20:10:07,816] {dag.py:2935} INFO - Setting next_dagrun for example_xcom_args to None
[2022-02-24 20:10:07,817] {logging_mixin.py:109} INFO - [2022-02-24 20:10:07,817] {dag.py:2935} INFO - Setting next_dagrun for example_xcom_args_with_operators to None
[2022-02-24 20:10:07,826] {processor.py:171} INFO - Processing /home/airflow/.local/lib/python3.7/site-packages/airflow/example_dags/example_xcomargs.py took 0.382 seconds
[2022-02-24 20:10:38,001] {processor.py:163} INFO - Started process (PID=1090) to work on /home/airflow/.local/lib/python3.7/site-packages/airflow/example_dags/example_xcomargs.py
[2022-02-24 20:10:38,005] {processor.py:642} INFO - Processing file /home/airflow/.local/lib/python3.7/site-packages/airflow/example_dags/example_xcomargs.py for tasks to queue
[2022-02-24 20:10:38,012] {logging_mixin.py:109} INFO - [2022-02-24 20:10:38,008] {dagbag.py:500} INFO - Filling up the DagBag from /home/airflow/.local/lib/python3.7/site-packages/airflow/example_dags/example_xcomargs.py
[2022-02-24 20:10:38,086] {processor.py:654} INFO - DAG(s) dict_keys(['example_xcom_args', 'example_xcom_args_with_operators']) retrieved from /home/airflow/.local/lib/python3.7/site-packages/airflow/example_dags/example_xcomargs.py
[2022-02-24 20:10:38,429] {logging_mixin.py:109} INFO - [2022-02-24 20:10:38,429] {dag.py:2396} INFO - Sync 2 DAGs
[2022-02-24 20:10:38,443] {logging_mixin.py:109} INFO - [2022-02-24 20:10:38,443] {dag.py:2935} INFO - Setting next_dagrun for example_xcom_args to None
[2022-02-24 20:10:38,444] {logging_mixin.py:109} INFO - [2022-02-24 20:10:38,444] {dag.py:2935} INFO - Setting next_dagrun for example_xcom_args_with_operators to None
[2022-02-24 20:10:38,453] {processor.py:171} INFO - Processing /home/airflow/.local/lib/python3.7/site-packages/airflow/example_dags/example_xcomargs.py took 0.456 seconds
[2022-02-24 20:11:09,264] {processor.py:163} INFO - Started process (PID=1145) to work on /home/airflow/.local/lib/python3.7/site-packages/airflow/example_dags/example_xcomargs.py
[2022-02-24 20:11:09,270] {processor.py:642} INFO - Processing file /home/airflow/.local/lib/python3.7/site-packages/airflow/example_dags/example_xcomargs.py for tasks to queue
[2022-02-24 20:11:09,271] {logging_mixin.py:109} INFO - [2022-02-24 20:11:09,271] {dagbag.py:500} INFO - Filling up the DagBag from /home/airflow/.local/lib/python3.7/site-packages/airflow/example_dags/example_xcomargs.py
[2022-02-24 20:11:09,359] {processor.py:654} INFO - DAG(s) dict_keys(['example_xcom_args', 'example_xcom_args_with_operators']) retrieved from /home/airflow/.local/lib/python3.7/site-packages/airflow/example_dags/example_xcomargs.py
[2022-02-24 20:11:09,927] {logging_mixin.py:109} INFO - [2022-02-24 20:11:09,927] {dag.py:2396} INFO - Sync 2 DAGs
[2022-02-24 20:11:09,943] {logging_mixin.py:109} INFO - [2022-02-24 20:11:09,943] {dag.py:2935} INFO - Setting next_dagrun for example_xcom_args to None
[2022-02-24 20:11:09,944] {logging_mixin.py:109} INFO - [2022-02-24 20:11:09,944] {dag.py:2935} INFO - Setting next_dagrun for example_xcom_args_with_operators to None
[2022-02-24 20:11:09,954] {processor.py:171} INFO - Processing /home/airflow/.local/lib/python3.7/site-packages/airflow/example_dags/example_xcomargs.py took 0.695 seconds
[2022-02-24 20:11:40,458] {processor.py:163} INFO - Started process (PID=1201) to work on /home/airflow/.local/lib/python3.7/site-packages/airflow/example_dags/example_xcomargs.py
[2022-02-24 20:11:40,460] {processor.py:642} INFO - Processing file /home/airflow/.local/lib/python3.7/site-packages/airflow/example_dags/example_xcomargs.py for tasks to queue
[2022-02-24 20:11:40,462] {logging_mixin.py:109} INFO - [2022-02-24 20:11:40,462] {dagbag.py:500} INFO - Filling up the DagBag from /home/airflow/.local/lib/python3.7/site-packages/airflow/example_dags/example_xcomargs.py
[2022-02-24 20:11:40,539] {processor.py:654} INFO - DAG(s) dict_keys(['example_xcom_args', 'example_xcom_args_with_operators']) retrieved from /home/airflow/.local/lib/python3.7/site-packages/airflow/example_dags/example_xcomargs.py
[2022-02-24 20:11:41,093] {logging_mixin.py:109} INFO - [2022-02-24 20:11:41,093] {dag.py:2396} INFO - Sync 2 DAGs
[2022-02-24 20:11:41,107] {logging_mixin.py:109} INFO - [2022-02-24 20:11:41,107] {dag.py:2935} INFO - Setting next_dagrun for example_xcom_args to None
[2022-02-24 20:11:41,109] {logging_mixin.py:109} INFO - [2022-02-24 20:11:41,108] {dag.py:2935} INFO - Setting next_dagrun for example_xcom_args_with_operators to None
[2022-02-24 20:11:41,119] {processor.py:171} INFO - Processing /home/airflow/.local/lib/python3.7/site-packages/airflow/example_dags/example_xcomargs.py took 0.665 seconds
