[2022-02-24 19:53:57,504] {processor.py:163} INFO - Started process (PID=208) to work on /home/airflow/.local/lib/python3.7/site-packages/airflow/example_dags/example_trigger_target_dag.py
[2022-02-24 19:53:57,509] {processor.py:642} INFO - Processing file /home/airflow/.local/lib/python3.7/site-packages/airflow/example_dags/example_trigger_target_dag.py for tasks to queue
[2022-02-24 19:53:57,512] {logging_mixin.py:109} INFO - [2022-02-24 19:53:57,511] {dagbag.py:500} INFO - Filling up the DagBag from /home/airflow/.local/lib/python3.7/site-packages/airflow/example_dags/example_trigger_target_dag.py
[2022-02-24 19:53:57,576] {processor.py:654} INFO - DAG(s) dict_keys(['example_trigger_target_dag']) retrieved from /home/airflow/.local/lib/python3.7/site-packages/airflow/example_dags/example_trigger_target_dag.py
[2022-02-24 19:54:01,502] {logging_mixin.py:109} INFO - [2022-02-24 19:54:01,502] {manager.py:496} INFO - Created Permission View: can read on DAG:example_trigger_target_dag
[2022-02-24 19:54:01,510] {logging_mixin.py:109} INFO - [2022-02-24 19:54:01,510] {manager.py:496} INFO - Created Permission View: can edit on DAG:example_trigger_target_dag
[2022-02-24 19:54:01,511] {logging_mixin.py:109} INFO - [2022-02-24 19:54:01,511] {dag.py:2396} INFO - Sync 1 DAGs
[2022-02-24 19:54:01,520] {logging_mixin.py:109} INFO - [2022-02-24 19:54:01,519] {dag.py:2415} INFO - Creating ORM DAG for example_trigger_target_dag
[2022-02-24 19:54:01,527] {logging_mixin.py:109} INFO - [2022-02-24 19:54:01,527] {dag.py:2935} INFO - Setting next_dagrun for example_trigger_target_dag to None
[2022-02-24 19:54:01,538] {processor.py:171} INFO - Processing /home/airflow/.local/lib/python3.7/site-packages/airflow/example_dags/example_trigger_target_dag.py took 4.041 seconds
[2022-02-24 19:54:32,421] {processor.py:163} INFO - Started process (PID=281) to work on /home/airflow/.local/lib/python3.7/site-packages/airflow/example_dags/example_trigger_target_dag.py
[2022-02-24 19:54:32,431] {processor.py:642} INFO - Processing file /home/airflow/.local/lib/python3.7/site-packages/airflow/example_dags/example_trigger_target_dag.py for tasks to queue
[2022-02-24 19:54:32,434] {logging_mixin.py:109} INFO - [2022-02-24 19:54:32,433] {dagbag.py:500} INFO - Filling up the DagBag from /home/airflow/.local/lib/python3.7/site-packages/airflow/example_dags/example_trigger_target_dag.py
[2022-02-24 19:54:32,507] {processor.py:654} INFO - DAG(s) dict_keys(['example_trigger_target_dag']) retrieved from /home/airflow/.local/lib/python3.7/site-packages/airflow/example_dags/example_trigger_target_dag.py
[2022-02-24 19:54:32,532] {logging_mixin.py:109} INFO - [2022-02-24 19:54:32,532] {dag.py:2396} INFO - Sync 1 DAGs
[2022-02-24 19:54:32,583] {logging_mixin.py:109} INFO - [2022-02-24 19:54:32,581] {dag.py:2935} INFO - Setting next_dagrun for example_trigger_target_dag to None
[2022-02-24 19:54:32,619] {processor.py:171} INFO - Processing /home/airflow/.local/lib/python3.7/site-packages/airflow/example_dags/example_trigger_target_dag.py took 0.210 seconds
[2022-02-24 19:55:02,690] {processor.py:163} INFO - Started process (PID=343) to work on /home/airflow/.local/lib/python3.7/site-packages/airflow/example_dags/example_trigger_target_dag.py
[2022-02-24 19:55:02,694] {processor.py:642} INFO - Processing file /home/airflow/.local/lib/python3.7/site-packages/airflow/example_dags/example_trigger_target_dag.py for tasks to queue
[2022-02-24 19:55:02,700] {logging_mixin.py:109} INFO - [2022-02-24 19:55:02,700] {dagbag.py:500} INFO - Filling up the DagBag from /home/airflow/.local/lib/python3.7/site-packages/airflow/example_dags/example_trigger_target_dag.py
[2022-02-24 19:55:02,769] {processor.py:654} INFO - DAG(s) dict_keys(['example_trigger_target_dag']) retrieved from /home/airflow/.local/lib/python3.7/site-packages/airflow/example_dags/example_trigger_target_dag.py
[2022-02-24 19:55:02,785] {logging_mixin.py:109} INFO - [2022-02-24 19:55:02,784] {dag.py:2396} INFO - Sync 1 DAGs
[2022-02-24 19:55:02,821] {logging_mixin.py:109} INFO - [2022-02-24 19:55:02,821] {dag.py:2935} INFO - Setting next_dagrun for example_trigger_target_dag to None
[2022-02-24 19:55:02,859] {processor.py:171} INFO - Processing /home/airflow/.local/lib/python3.7/site-packages/airflow/example_dags/example_trigger_target_dag.py took 0.174 seconds
[2022-02-24 19:55:33,024] {processor.py:163} INFO - Started process (PID=397) to work on /home/airflow/.local/lib/python3.7/site-packages/airflow/example_dags/example_trigger_target_dag.py
[2022-02-24 19:55:33,027] {processor.py:642} INFO - Processing file /home/airflow/.local/lib/python3.7/site-packages/airflow/example_dags/example_trigger_target_dag.py for tasks to queue
[2022-02-24 19:55:33,029] {logging_mixin.py:109} INFO - [2022-02-24 19:55:33,029] {dagbag.py:500} INFO - Filling up the DagBag from /home/airflow/.local/lib/python3.7/site-packages/airflow/example_dags/example_trigger_target_dag.py
[2022-02-24 19:55:33,064] {processor.py:654} INFO - DAG(s) dict_keys(['example_trigger_target_dag']) retrieved from /home/airflow/.local/lib/python3.7/site-packages/airflow/example_dags/example_trigger_target_dag.py
[2022-02-24 19:55:33,076] {logging_mixin.py:109} INFO - [2022-02-24 19:55:33,076] {dag.py:2396} INFO - Sync 1 DAGs
[2022-02-24 19:55:33,094] {logging_mixin.py:109} INFO - [2022-02-24 19:55:33,094] {dag.py:2935} INFO - Setting next_dagrun for example_trigger_target_dag to None
[2022-02-24 19:55:33,106] {processor.py:171} INFO - Processing /home/airflow/.local/lib/python3.7/site-packages/airflow/example_dags/example_trigger_target_dag.py took 0.090 seconds
[2022-02-24 19:56:03,518] {processor.py:163} INFO - Started process (PID=463) to work on /home/airflow/.local/lib/python3.7/site-packages/airflow/example_dags/example_trigger_target_dag.py
[2022-02-24 19:56:03,525] {processor.py:642} INFO - Processing file /home/airflow/.local/lib/python3.7/site-packages/airflow/example_dags/example_trigger_target_dag.py for tasks to queue
[2022-02-24 19:56:03,528] {logging_mixin.py:109} INFO - [2022-02-24 19:56:03,528] {dagbag.py:500} INFO - Filling up the DagBag from /home/airflow/.local/lib/python3.7/site-packages/airflow/example_dags/example_trigger_target_dag.py
[2022-02-24 19:56:03,596] {processor.py:654} INFO - DAG(s) dict_keys(['example_trigger_target_dag']) retrieved from /home/airflow/.local/lib/python3.7/site-packages/airflow/example_dags/example_trigger_target_dag.py
[2022-02-24 19:56:03,624] {logging_mixin.py:109} INFO - [2022-02-24 19:56:03,624] {dag.py:2396} INFO - Sync 1 DAGs
[2022-02-24 19:56:03,662] {logging_mixin.py:109} INFO - [2022-02-24 19:56:03,662] {dag.py:2935} INFO - Setting next_dagrun for example_trigger_target_dag to None
[2022-02-24 19:56:03,678] {processor.py:171} INFO - Processing /home/airflow/.local/lib/python3.7/site-packages/airflow/example_dags/example_trigger_target_dag.py took 0.174 seconds
[2022-02-24 19:56:33,939] {processor.py:163} INFO - Started process (PID=508) to work on /home/airflow/.local/lib/python3.7/site-packages/airflow/example_dags/example_trigger_target_dag.py
[2022-02-24 19:56:33,942] {processor.py:642} INFO - Processing file /home/airflow/.local/lib/python3.7/site-packages/airflow/example_dags/example_trigger_target_dag.py for tasks to queue
[2022-02-24 19:56:33,944] {logging_mixin.py:109} INFO - [2022-02-24 19:56:33,944] {dagbag.py:500} INFO - Filling up the DagBag from /home/airflow/.local/lib/python3.7/site-packages/airflow/example_dags/example_trigger_target_dag.py
[2022-02-24 19:56:33,978] {processor.py:654} INFO - DAG(s) dict_keys(['example_trigger_target_dag']) retrieved from /home/airflow/.local/lib/python3.7/site-packages/airflow/example_dags/example_trigger_target_dag.py
[2022-02-24 19:56:33,989] {logging_mixin.py:109} INFO - [2022-02-24 19:56:33,989] {dag.py:2396} INFO - Sync 1 DAGs
[2022-02-24 19:56:34,006] {logging_mixin.py:109} INFO - [2022-02-24 19:56:34,006] {dag.py:2935} INFO - Setting next_dagrun for example_trigger_target_dag to None
[2022-02-24 19:56:34,017] {processor.py:171} INFO - Processing /home/airflow/.local/lib/python3.7/site-packages/airflow/example_dags/example_trigger_target_dag.py took 0.083 seconds
[2022-02-24 19:57:04,147] {processor.py:163} INFO - Started process (PID=574) to work on /home/airflow/.local/lib/python3.7/site-packages/airflow/example_dags/example_trigger_target_dag.py
[2022-02-24 19:57:04,149] {processor.py:642} INFO - Processing file /home/airflow/.local/lib/python3.7/site-packages/airflow/example_dags/example_trigger_target_dag.py for tasks to queue
[2022-02-24 19:57:04,151] {logging_mixin.py:109} INFO - [2022-02-24 19:57:04,150] {dagbag.py:500} INFO - Filling up the DagBag from /home/airflow/.local/lib/python3.7/site-packages/airflow/example_dags/example_trigger_target_dag.py
[2022-02-24 19:57:04,182] {processor.py:654} INFO - DAG(s) dict_keys(['example_trigger_target_dag']) retrieved from /home/airflow/.local/lib/python3.7/site-packages/airflow/example_dags/example_trigger_target_dag.py
[2022-02-24 19:57:04,194] {logging_mixin.py:109} INFO - [2022-02-24 19:57:04,194] {dag.py:2396} INFO - Sync 1 DAGs
[2022-02-24 19:57:04,212] {logging_mixin.py:109} INFO - [2022-02-24 19:57:04,212] {dag.py:2935} INFO - Setting next_dagrun for example_trigger_target_dag to None
[2022-02-24 19:57:04,223] {processor.py:171} INFO - Processing /home/airflow/.local/lib/python3.7/site-packages/airflow/example_dags/example_trigger_target_dag.py took 0.082 seconds
[2022-02-24 19:57:34,408] {processor.py:163} INFO - Started process (PID=629) to work on /home/airflow/.local/lib/python3.7/site-packages/airflow/example_dags/example_trigger_target_dag.py
[2022-02-24 19:57:34,411] {processor.py:642} INFO - Processing file /home/airflow/.local/lib/python3.7/site-packages/airflow/example_dags/example_trigger_target_dag.py for tasks to queue
[2022-02-24 19:57:34,413] {logging_mixin.py:109} INFO - [2022-02-24 19:57:34,413] {dagbag.py:500} INFO - Filling up the DagBag from /home/airflow/.local/lib/python3.7/site-packages/airflow/example_dags/example_trigger_target_dag.py
[2022-02-24 19:57:34,444] {processor.py:654} INFO - DAG(s) dict_keys(['example_trigger_target_dag']) retrieved from /home/airflow/.local/lib/python3.7/site-packages/airflow/example_dags/example_trigger_target_dag.py
[2022-02-24 19:57:34,456] {logging_mixin.py:109} INFO - [2022-02-24 19:57:34,456] {dag.py:2396} INFO - Sync 1 DAGs
[2022-02-24 19:57:34,474] {logging_mixin.py:109} INFO - [2022-02-24 19:57:34,474] {dag.py:2935} INFO - Setting next_dagrun for example_trigger_target_dag to None
[2022-02-24 19:57:34,482] {processor.py:171} INFO - Processing /home/airflow/.local/lib/python3.7/site-packages/airflow/example_dags/example_trigger_target_dag.py took 0.080 seconds
[2022-02-24 20:01:26,094] {processor.py:163} INFO - Started process (PID=75) to work on /home/airflow/.local/lib/python3.7/site-packages/airflow/example_dags/example_trigger_target_dag.py
[2022-02-24 20:01:26,104] {processor.py:642} INFO - Processing file /home/airflow/.local/lib/python3.7/site-packages/airflow/example_dags/example_trigger_target_dag.py for tasks to queue
[2022-02-24 20:01:26,108] {logging_mixin.py:109} INFO - [2022-02-24 20:01:26,107] {dagbag.py:500} INFO - Filling up the DagBag from /home/airflow/.local/lib/python3.7/site-packages/airflow/example_dags/example_trigger_target_dag.py
[2022-02-24 20:01:26,204] {processor.py:654} INFO - DAG(s) dict_keys(['example_trigger_target_dag']) retrieved from /home/airflow/.local/lib/python3.7/site-packages/airflow/example_dags/example_trigger_target_dag.py
[2022-02-24 20:01:26,234] {logging_mixin.py:109} INFO - [2022-02-24 20:01:26,234] {dag.py:2396} INFO - Sync 1 DAGs
[2022-02-24 20:01:26,282] {logging_mixin.py:109} INFO - [2022-02-24 20:01:26,281] {dag.py:2935} INFO - Setting next_dagrun for example_trigger_target_dag to None
[2022-02-24 20:01:26,313] {processor.py:171} INFO - Processing /home/airflow/.local/lib/python3.7/site-packages/airflow/example_dags/example_trigger_target_dag.py took 0.222 seconds
[2022-02-24 20:01:57,368] {processor.py:163} INFO - Started process (PID=127) to work on /home/airflow/.local/lib/python3.7/site-packages/airflow/example_dags/example_trigger_target_dag.py
[2022-02-24 20:01:57,372] {processor.py:642} INFO - Processing file /home/airflow/.local/lib/python3.7/site-packages/airflow/example_dags/example_trigger_target_dag.py for tasks to queue
[2022-02-24 20:01:57,376] {logging_mixin.py:109} INFO - [2022-02-24 20:01:57,375] {dagbag.py:500} INFO - Filling up the DagBag from /home/airflow/.local/lib/python3.7/site-packages/airflow/example_dags/example_trigger_target_dag.py
[2022-02-24 20:01:57,530] {processor.py:654} INFO - DAG(s) dict_keys(['example_trigger_target_dag']) retrieved from /home/airflow/.local/lib/python3.7/site-packages/airflow/example_dags/example_trigger_target_dag.py
[2022-02-24 20:01:57,595] {logging_mixin.py:109} INFO - [2022-02-24 20:01:57,595] {dag.py:2396} INFO - Sync 1 DAGs
[2022-02-24 20:01:57,678] {logging_mixin.py:109} INFO - [2022-02-24 20:01:57,678] {dag.py:2935} INFO - Setting next_dagrun for example_trigger_target_dag to None
[2022-02-24 20:01:57,730] {processor.py:171} INFO - Processing /home/airflow/.local/lib/python3.7/site-packages/airflow/example_dags/example_trigger_target_dag.py took 0.376 seconds
[2022-02-24 20:02:28,365] {processor.py:163} INFO - Started process (PID=193) to work on /home/airflow/.local/lib/python3.7/site-packages/airflow/example_dags/example_trigger_target_dag.py
[2022-02-24 20:02:28,367] {processor.py:642} INFO - Processing file /home/airflow/.local/lib/python3.7/site-packages/airflow/example_dags/example_trigger_target_dag.py for tasks to queue
[2022-02-24 20:02:28,368] {logging_mixin.py:109} INFO - [2022-02-24 20:02:28,368] {dagbag.py:500} INFO - Filling up the DagBag from /home/airflow/.local/lib/python3.7/site-packages/airflow/example_dags/example_trigger_target_dag.py
[2022-02-24 20:02:28,442] {processor.py:654} INFO - DAG(s) dict_keys(['example_trigger_target_dag']) retrieved from /home/airflow/.local/lib/python3.7/site-packages/airflow/example_dags/example_trigger_target_dag.py
[2022-02-24 20:02:28,469] {logging_mixin.py:109} INFO - [2022-02-24 20:02:28,469] {dag.py:2396} INFO - Sync 1 DAGs
[2022-02-24 20:02:28,502] {logging_mixin.py:109} INFO - [2022-02-24 20:02:28,502] {dag.py:2935} INFO - Setting next_dagrun for example_trigger_target_dag to None
[2022-02-24 20:02:28,523] {processor.py:171} INFO - Processing /home/airflow/.local/lib/python3.7/site-packages/airflow/example_dags/example_trigger_target_dag.py took 0.161 seconds
[2022-02-24 20:02:58,758] {processor.py:163} INFO - Started process (PID=242) to work on /home/airflow/.local/lib/python3.7/site-packages/airflow/example_dags/example_trigger_target_dag.py
[2022-02-24 20:02:58,765] {processor.py:642} INFO - Processing file /home/airflow/.local/lib/python3.7/site-packages/airflow/example_dags/example_trigger_target_dag.py for tasks to queue
[2022-02-24 20:02:58,769] {logging_mixin.py:109} INFO - [2022-02-24 20:02:58,768] {dagbag.py:500} INFO - Filling up the DagBag from /home/airflow/.local/lib/python3.7/site-packages/airflow/example_dags/example_trigger_target_dag.py
[2022-02-24 20:02:58,822] {processor.py:654} INFO - DAG(s) dict_keys(['example_trigger_target_dag']) retrieved from /home/airflow/.local/lib/python3.7/site-packages/airflow/example_dags/example_trigger_target_dag.py
[2022-02-24 20:02:58,835] {logging_mixin.py:109} INFO - [2022-02-24 20:02:58,835] {dag.py:2396} INFO - Sync 1 DAGs
[2022-02-24 20:02:58,858] {logging_mixin.py:109} INFO - [2022-02-24 20:02:58,858] {dag.py:2935} INFO - Setting next_dagrun for example_trigger_target_dag to None
[2022-02-24 20:02:58,874] {processor.py:171} INFO - Processing /home/airflow/.local/lib/python3.7/site-packages/airflow/example_dags/example_trigger_target_dag.py took 0.126 seconds
[2022-02-24 20:03:29,348] {processor.py:163} INFO - Started process (PID=297) to work on /home/airflow/.local/lib/python3.7/site-packages/airflow/example_dags/example_trigger_target_dag.py
[2022-02-24 20:03:29,350] {processor.py:642} INFO - Processing file /home/airflow/.local/lib/python3.7/site-packages/airflow/example_dags/example_trigger_target_dag.py for tasks to queue
[2022-02-24 20:03:29,352] {logging_mixin.py:109} INFO - [2022-02-24 20:03:29,352] {dagbag.py:500} INFO - Filling up the DagBag from /home/airflow/.local/lib/python3.7/site-packages/airflow/example_dags/example_trigger_target_dag.py
[2022-02-24 20:03:29,396] {processor.py:654} INFO - DAG(s) dict_keys(['example_trigger_target_dag']) retrieved from /home/airflow/.local/lib/python3.7/site-packages/airflow/example_dags/example_trigger_target_dag.py
[2022-02-24 20:03:29,409] {logging_mixin.py:109} INFO - [2022-02-24 20:03:29,409] {dag.py:2396} INFO - Sync 1 DAGs
[2022-02-24 20:03:29,435] {logging_mixin.py:109} INFO - [2022-02-24 20:03:29,434] {dag.py:2935} INFO - Setting next_dagrun for example_trigger_target_dag to None
[2022-02-24 20:03:29,448] {processor.py:171} INFO - Processing /home/airflow/.local/lib/python3.7/site-packages/airflow/example_dags/example_trigger_target_dag.py took 0.108 seconds
[2022-02-24 20:03:59,540] {processor.py:163} INFO - Started process (PID=354) to work on /home/airflow/.local/lib/python3.7/site-packages/airflow/example_dags/example_trigger_target_dag.py
[2022-02-24 20:03:59,542] {processor.py:642} INFO - Processing file /home/airflow/.local/lib/python3.7/site-packages/airflow/example_dags/example_trigger_target_dag.py for tasks to queue
[2022-02-24 20:03:59,544] {logging_mixin.py:109} INFO - [2022-02-24 20:03:59,544] {dagbag.py:500} INFO - Filling up the DagBag from /home/airflow/.local/lib/python3.7/site-packages/airflow/example_dags/example_trigger_target_dag.py
[2022-02-24 20:03:59,582] {processor.py:654} INFO - DAG(s) dict_keys(['example_trigger_target_dag']) retrieved from /home/airflow/.local/lib/python3.7/site-packages/airflow/example_dags/example_trigger_target_dag.py
[2022-02-24 20:03:59,598] {logging_mixin.py:109} INFO - [2022-02-24 20:03:59,598] {dag.py:2396} INFO - Sync 1 DAGs
[2022-02-24 20:03:59,625] {logging_mixin.py:109} INFO - [2022-02-24 20:03:59,625] {dag.py:2935} INFO - Setting next_dagrun for example_trigger_target_dag to None
[2022-02-24 20:03:59,642] {processor.py:171} INFO - Processing /home/airflow/.local/lib/python3.7/site-packages/airflow/example_dags/example_trigger_target_dag.py took 0.108 seconds
[2022-02-24 20:04:30,492] {processor.py:163} INFO - Started process (PID=407) to work on /home/airflow/.local/lib/python3.7/site-packages/airflow/example_dags/example_trigger_target_dag.py
[2022-02-24 20:04:30,494] {processor.py:642} INFO - Processing file /home/airflow/.local/lib/python3.7/site-packages/airflow/example_dags/example_trigger_target_dag.py for tasks to queue
[2022-02-24 20:04:30,495] {logging_mixin.py:109} INFO - [2022-02-24 20:04:30,495] {dagbag.py:500} INFO - Filling up the DagBag from /home/airflow/.local/lib/python3.7/site-packages/airflow/example_dags/example_trigger_target_dag.py
[2022-02-24 20:04:30,549] {processor.py:654} INFO - DAG(s) dict_keys(['example_trigger_target_dag']) retrieved from /home/airflow/.local/lib/python3.7/site-packages/airflow/example_dags/example_trigger_target_dag.py
[2022-02-24 20:04:30,560] {logging_mixin.py:109} INFO - [2022-02-24 20:04:30,560] {dag.py:2396} INFO - Sync 1 DAGs
[2022-02-24 20:04:30,576] {logging_mixin.py:109} INFO - [2022-02-24 20:04:30,576] {dag.py:2935} INFO - Setting next_dagrun for example_trigger_target_dag to None
[2022-02-24 20:04:30,584] {processor.py:171} INFO - Processing /home/airflow/.local/lib/python3.7/site-packages/airflow/example_dags/example_trigger_target_dag.py took 0.096 seconds
[2022-02-24 20:05:01,472] {processor.py:163} INFO - Started process (PID=464) to work on /home/airflow/.local/lib/python3.7/site-packages/airflow/example_dags/example_trigger_target_dag.py
[2022-02-24 20:05:01,474] {processor.py:642} INFO - Processing file /home/airflow/.local/lib/python3.7/site-packages/airflow/example_dags/example_trigger_target_dag.py for tasks to queue
[2022-02-24 20:05:01,475] {logging_mixin.py:109} INFO - [2022-02-24 20:05:01,475] {dagbag.py:500} INFO - Filling up the DagBag from /home/airflow/.local/lib/python3.7/site-packages/airflow/example_dags/example_trigger_target_dag.py
[2022-02-24 20:05:01,534] {processor.py:654} INFO - DAG(s) dict_keys(['example_trigger_target_dag']) retrieved from /home/airflow/.local/lib/python3.7/site-packages/airflow/example_dags/example_trigger_target_dag.py
[2022-02-24 20:05:01,551] {logging_mixin.py:109} INFO - [2022-02-24 20:05:01,551] {dag.py:2396} INFO - Sync 1 DAGs
[2022-02-24 20:05:01,610] {logging_mixin.py:109} INFO - [2022-02-24 20:05:01,609] {dag.py:2935} INFO - Setting next_dagrun for example_trigger_target_dag to None
[2022-02-24 20:05:01,648] {processor.py:171} INFO - Processing /home/airflow/.local/lib/python3.7/site-packages/airflow/example_dags/example_trigger_target_dag.py took 0.180 seconds
[2022-02-24 20:05:35,263] {processor.py:163} INFO - Started process (PID=527) to work on /home/airflow/.local/lib/python3.7/site-packages/airflow/example_dags/example_trigger_target_dag.py
[2022-02-24 20:05:35,266] {processor.py:642} INFO - Processing file /home/airflow/.local/lib/python3.7/site-packages/airflow/example_dags/example_trigger_target_dag.py for tasks to queue
[2022-02-24 20:05:35,268] {logging_mixin.py:109} INFO - [2022-02-24 20:05:35,268] {dagbag.py:500} INFO - Filling up the DagBag from /home/airflow/.local/lib/python3.7/site-packages/airflow/example_dags/example_trigger_target_dag.py
[2022-02-24 20:05:35,358] {processor.py:654} INFO - DAG(s) dict_keys(['example_trigger_target_dag']) retrieved from /home/airflow/.local/lib/python3.7/site-packages/airflow/example_dags/example_trigger_target_dag.py
[2022-02-24 20:05:35,382] {logging_mixin.py:109} INFO - [2022-02-24 20:05:35,381] {dag.py:2396} INFO - Sync 1 DAGs
[2022-02-24 20:05:35,442] {logging_mixin.py:109} INFO - [2022-02-24 20:05:35,441] {dag.py:2935} INFO - Setting next_dagrun for example_trigger_target_dag to None
[2022-02-24 20:05:35,471] {processor.py:171} INFO - Processing /home/airflow/.local/lib/python3.7/site-packages/airflow/example_dags/example_trigger_target_dag.py took 0.217 seconds
[2022-02-24 20:06:06,357] {processor.py:163} INFO - Started process (PID=583) to work on /home/airflow/.local/lib/python3.7/site-packages/airflow/example_dags/example_trigger_target_dag.py
[2022-02-24 20:06:06,370] {processor.py:642} INFO - Processing file /home/airflow/.local/lib/python3.7/site-packages/airflow/example_dags/example_trigger_target_dag.py for tasks to queue
[2022-02-24 20:06:06,374] {logging_mixin.py:109} INFO - [2022-02-24 20:06:06,373] {dagbag.py:500} INFO - Filling up the DagBag from /home/airflow/.local/lib/python3.7/site-packages/airflow/example_dags/example_trigger_target_dag.py
[2022-02-24 20:06:06,454] {processor.py:654} INFO - DAG(s) dict_keys(['example_trigger_target_dag']) retrieved from /home/airflow/.local/lib/python3.7/site-packages/airflow/example_dags/example_trigger_target_dag.py
[2022-02-24 20:06:06,478] {logging_mixin.py:109} INFO - [2022-02-24 20:06:06,478] {dag.py:2396} INFO - Sync 1 DAGs
[2022-02-24 20:06:06,525] {logging_mixin.py:109} INFO - [2022-02-24 20:06:06,525] {dag.py:2935} INFO - Setting next_dagrun for example_trigger_target_dag to None
[2022-02-24 20:06:06,551] {processor.py:171} INFO - Processing /home/airflow/.local/lib/python3.7/site-packages/airflow/example_dags/example_trigger_target_dag.py took 0.212 seconds
[2022-02-24 20:06:37,380] {processor.py:163} INFO - Started process (PID=636) to work on /home/airflow/.local/lib/python3.7/site-packages/airflow/example_dags/example_trigger_target_dag.py
[2022-02-24 20:06:37,387] {processor.py:642} INFO - Processing file /home/airflow/.local/lib/python3.7/site-packages/airflow/example_dags/example_trigger_target_dag.py for tasks to queue
[2022-02-24 20:06:37,388] {logging_mixin.py:109} INFO - [2022-02-24 20:06:37,388] {dagbag.py:500} INFO - Filling up the DagBag from /home/airflow/.local/lib/python3.7/site-packages/airflow/example_dags/example_trigger_target_dag.py
[2022-02-24 20:06:37,454] {processor.py:654} INFO - DAG(s) dict_keys(['example_trigger_target_dag']) retrieved from /home/airflow/.local/lib/python3.7/site-packages/airflow/example_dags/example_trigger_target_dag.py
[2022-02-24 20:06:37,476] {logging_mixin.py:109} INFO - [2022-02-24 20:06:37,471] {dag.py:2396} INFO - Sync 1 DAGs
[2022-02-24 20:06:37,507] {logging_mixin.py:109} INFO - [2022-02-24 20:06:37,507] {dag.py:2935} INFO - Setting next_dagrun for example_trigger_target_dag to None
[2022-02-24 20:06:37,518] {processor.py:171} INFO - Processing /home/airflow/.local/lib/python3.7/site-packages/airflow/example_dags/example_trigger_target_dag.py took 0.142 seconds
[2022-02-24 20:07:08,231] {processor.py:163} INFO - Started process (PID=693) to work on /home/airflow/.local/lib/python3.7/site-packages/airflow/example_dags/example_trigger_target_dag.py
[2022-02-24 20:07:08,233] {processor.py:642} INFO - Processing file /home/airflow/.local/lib/python3.7/site-packages/airflow/example_dags/example_trigger_target_dag.py for tasks to queue
[2022-02-24 20:07:08,234] {logging_mixin.py:109} INFO - [2022-02-24 20:07:08,234] {dagbag.py:500} INFO - Filling up the DagBag from /home/airflow/.local/lib/python3.7/site-packages/airflow/example_dags/example_trigger_target_dag.py
[2022-02-24 20:07:08,265] {processor.py:654} INFO - DAG(s) dict_keys(['example_trigger_target_dag']) retrieved from /home/airflow/.local/lib/python3.7/site-packages/airflow/example_dags/example_trigger_target_dag.py
[2022-02-24 20:07:08,274] {logging_mixin.py:109} INFO - [2022-02-24 20:07:08,274] {dag.py:2396} INFO - Sync 1 DAGs
[2022-02-24 20:07:08,291] {logging_mixin.py:109} INFO - [2022-02-24 20:07:08,291] {dag.py:2935} INFO - Setting next_dagrun for example_trigger_target_dag to None
[2022-02-24 20:07:08,302] {processor.py:171} INFO - Processing /home/airflow/.local/lib/python3.7/site-packages/airflow/example_dags/example_trigger_target_dag.py took 0.075 seconds
[2022-02-24 20:07:38,408] {processor.py:163} INFO - Started process (PID=752) to work on /home/airflow/.local/lib/python3.7/site-packages/airflow/example_dags/example_trigger_target_dag.py
[2022-02-24 20:07:38,420] {processor.py:642} INFO - Processing file /home/airflow/.local/lib/python3.7/site-packages/airflow/example_dags/example_trigger_target_dag.py for tasks to queue
[2022-02-24 20:07:38,424] {logging_mixin.py:109} INFO - [2022-02-24 20:07:38,424] {dagbag.py:500} INFO - Filling up the DagBag from /home/airflow/.local/lib/python3.7/site-packages/airflow/example_dags/example_trigger_target_dag.py
[2022-02-24 20:07:38,489] {processor.py:654} INFO - DAG(s) dict_keys(['example_trigger_target_dag']) retrieved from /home/airflow/.local/lib/python3.7/site-packages/airflow/example_dags/example_trigger_target_dag.py
[2022-02-24 20:07:38,509] {logging_mixin.py:109} INFO - [2022-02-24 20:07:38,509] {dag.py:2396} INFO - Sync 1 DAGs
[2022-02-24 20:07:38,574] {logging_mixin.py:109} INFO - [2022-02-24 20:07:38,574] {dag.py:2935} INFO - Setting next_dagrun for example_trigger_target_dag to None
[2022-02-24 20:07:38,595] {processor.py:171} INFO - Processing /home/airflow/.local/lib/python3.7/site-packages/airflow/example_dags/example_trigger_target_dag.py took 0.193 seconds
[2022-02-24 20:08:09,208] {processor.py:163} INFO - Started process (PID=808) to work on /home/airflow/.local/lib/python3.7/site-packages/airflow/example_dags/example_trigger_target_dag.py
[2022-02-24 20:08:09,213] {processor.py:642} INFO - Processing file /home/airflow/.local/lib/python3.7/site-packages/airflow/example_dags/example_trigger_target_dag.py for tasks to queue
[2022-02-24 20:08:09,219] {logging_mixin.py:109} INFO - [2022-02-24 20:08:09,219] {dagbag.py:500} INFO - Filling up the DagBag from /home/airflow/.local/lib/python3.7/site-packages/airflow/example_dags/example_trigger_target_dag.py
[2022-02-24 20:08:09,282] {processor.py:654} INFO - DAG(s) dict_keys(['example_trigger_target_dag']) retrieved from /home/airflow/.local/lib/python3.7/site-packages/airflow/example_dags/example_trigger_target_dag.py
[2022-02-24 20:08:09,311] {logging_mixin.py:109} INFO - [2022-02-24 20:08:09,311] {dag.py:2396} INFO - Sync 1 DAGs
[2022-02-24 20:08:09,395] {logging_mixin.py:109} INFO - [2022-02-24 20:08:09,395] {dag.py:2935} INFO - Setting next_dagrun for example_trigger_target_dag to None
[2022-02-24 20:08:09,422] {processor.py:171} INFO - Processing /home/airflow/.local/lib/python3.7/site-packages/airflow/example_dags/example_trigger_target_dag.py took 0.218 seconds
[2022-02-24 20:08:39,891] {processor.py:163} INFO - Started process (PID=873) to work on /home/airflow/.local/lib/python3.7/site-packages/airflow/example_dags/example_trigger_target_dag.py
[2022-02-24 20:08:39,900] {processor.py:642} INFO - Processing file /home/airflow/.local/lib/python3.7/site-packages/airflow/example_dags/example_trigger_target_dag.py for tasks to queue
[2022-02-24 20:08:39,901] {logging_mixin.py:109} INFO - [2022-02-24 20:08:39,901] {dagbag.py:500} INFO - Filling up the DagBag from /home/airflow/.local/lib/python3.7/site-packages/airflow/example_dags/example_trigger_target_dag.py
[2022-02-24 20:08:39,953] {processor.py:654} INFO - DAG(s) dict_keys(['example_trigger_target_dag']) retrieved from /home/airflow/.local/lib/python3.7/site-packages/airflow/example_dags/example_trigger_target_dag.py
[2022-02-24 20:08:39,968] {logging_mixin.py:109} INFO - [2022-02-24 20:08:39,968] {dag.py:2396} INFO - Sync 1 DAGs
[2022-02-24 20:08:40,008] {logging_mixin.py:109} INFO - [2022-02-24 20:08:40,008] {dag.py:2935} INFO - Setting next_dagrun for example_trigger_target_dag to None
[2022-02-24 20:08:40,027] {processor.py:171} INFO - Processing /home/airflow/.local/lib/python3.7/site-packages/airflow/example_dags/example_trigger_target_dag.py took 0.139 seconds
[2022-02-24 20:09:10,124] {processor.py:163} INFO - Started process (PID=928) to work on /home/airflow/.local/lib/python3.7/site-packages/airflow/example_dags/example_trigger_target_dag.py
[2022-02-24 20:09:10,126] {processor.py:642} INFO - Processing file /home/airflow/.local/lib/python3.7/site-packages/airflow/example_dags/example_trigger_target_dag.py for tasks to queue
[2022-02-24 20:09:10,127] {logging_mixin.py:109} INFO - [2022-02-24 20:09:10,127] {dagbag.py:500} INFO - Filling up the DagBag from /home/airflow/.local/lib/python3.7/site-packages/airflow/example_dags/example_trigger_target_dag.py
[2022-02-24 20:09:10,156] {processor.py:654} INFO - DAG(s) dict_keys(['example_trigger_target_dag']) retrieved from /home/airflow/.local/lib/python3.7/site-packages/airflow/example_dags/example_trigger_target_dag.py
[2022-02-24 20:09:10,166] {logging_mixin.py:109} INFO - [2022-02-24 20:09:10,166] {dag.py:2396} INFO - Sync 1 DAGs
[2022-02-24 20:09:10,180] {logging_mixin.py:109} INFO - [2022-02-24 20:09:10,180] {dag.py:2935} INFO - Setting next_dagrun for example_trigger_target_dag to None
[2022-02-24 20:09:10,188] {processor.py:171} INFO - Processing /home/airflow/.local/lib/python3.7/site-packages/airflow/example_dags/example_trigger_target_dag.py took 0.068 seconds
[2022-02-24 20:09:40,633] {processor.py:163} INFO - Started process (PID=984) to work on /home/airflow/.local/lib/python3.7/site-packages/airflow/example_dags/example_trigger_target_dag.py
[2022-02-24 20:09:40,635] {processor.py:642} INFO - Processing file /home/airflow/.local/lib/python3.7/site-packages/airflow/example_dags/example_trigger_target_dag.py for tasks to queue
[2022-02-24 20:09:40,637] {logging_mixin.py:109} INFO - [2022-02-24 20:09:40,636] {dagbag.py:500} INFO - Filling up the DagBag from /home/airflow/.local/lib/python3.7/site-packages/airflow/example_dags/example_trigger_target_dag.py
[2022-02-24 20:09:40,714] {processor.py:654} INFO - DAG(s) dict_keys(['example_trigger_target_dag']) retrieved from /home/airflow/.local/lib/python3.7/site-packages/airflow/example_dags/example_trigger_target_dag.py
[2022-02-24 20:09:40,750] {logging_mixin.py:109} INFO - [2022-02-24 20:09:40,750] {dag.py:2396} INFO - Sync 1 DAGs
[2022-02-24 20:09:40,781] {logging_mixin.py:109} INFO - [2022-02-24 20:09:40,781] {dag.py:2935} INFO - Setting next_dagrun for example_trigger_target_dag to None
[2022-02-24 20:09:40,802] {processor.py:171} INFO - Processing /home/airflow/.local/lib/python3.7/site-packages/airflow/example_dags/example_trigger_target_dag.py took 0.174 seconds
[2022-02-24 20:10:12,207] {processor.py:163} INFO - Started process (PID=1037) to work on /home/airflow/.local/lib/python3.7/site-packages/airflow/example_dags/example_trigger_target_dag.py
[2022-02-24 20:10:12,210] {processor.py:642} INFO - Processing file /home/airflow/.local/lib/python3.7/site-packages/airflow/example_dags/example_trigger_target_dag.py for tasks to queue
[2022-02-24 20:10:12,212] {logging_mixin.py:109} INFO - [2022-02-24 20:10:12,212] {dagbag.py:500} INFO - Filling up the DagBag from /home/airflow/.local/lib/python3.7/site-packages/airflow/example_dags/example_trigger_target_dag.py
[2022-02-24 20:10:12,300] {processor.py:654} INFO - DAG(s) dict_keys(['example_trigger_target_dag']) retrieved from /home/airflow/.local/lib/python3.7/site-packages/airflow/example_dags/example_trigger_target_dag.py
[2022-02-24 20:10:12,351] {logging_mixin.py:109} INFO - [2022-02-24 20:10:12,351] {dag.py:2396} INFO - Sync 1 DAGs
[2022-02-24 20:10:12,440] {logging_mixin.py:109} INFO - [2022-02-24 20:10:12,440] {dag.py:2935} INFO - Setting next_dagrun for example_trigger_target_dag to None
[2022-02-24 20:10:12,480] {processor.py:171} INFO - Processing /home/airflow/.local/lib/python3.7/site-packages/airflow/example_dags/example_trigger_target_dag.py took 0.292 seconds
[2022-02-24 20:10:43,133] {processor.py:163} INFO - Started process (PID=1097) to work on /home/airflow/.local/lib/python3.7/site-packages/airflow/example_dags/example_trigger_target_dag.py
[2022-02-24 20:10:43,141] {processor.py:642} INFO - Processing file /home/airflow/.local/lib/python3.7/site-packages/airflow/example_dags/example_trigger_target_dag.py for tasks to queue
[2022-02-24 20:10:43,158] {logging_mixin.py:109} INFO - [2022-02-24 20:10:43,152] {dagbag.py:500} INFO - Filling up the DagBag from /home/airflow/.local/lib/python3.7/site-packages/airflow/example_dags/example_trigger_target_dag.py
[2022-02-24 20:10:43,282] {processor.py:654} INFO - DAG(s) dict_keys(['example_trigger_target_dag']) retrieved from /home/airflow/.local/lib/python3.7/site-packages/airflow/example_dags/example_trigger_target_dag.py
[2022-02-24 20:10:43,320] {logging_mixin.py:109} INFO - [2022-02-24 20:10:43,320] {dag.py:2396} INFO - Sync 1 DAGs
[2022-02-24 20:10:43,422] {logging_mixin.py:109} INFO - [2022-02-24 20:10:43,422] {dag.py:2935} INFO - Setting next_dagrun for example_trigger_target_dag to None
[2022-02-24 20:10:43,500] {processor.py:171} INFO - Processing /home/airflow/.local/lib/python3.7/site-packages/airflow/example_dags/example_trigger_target_dag.py took 0.379 seconds
[2022-02-24 20:11:14,150] {processor.py:163} INFO - Started process (PID=1152) to work on /home/airflow/.local/lib/python3.7/site-packages/airflow/example_dags/example_trigger_target_dag.py
[2022-02-24 20:11:14,159] {processor.py:642} INFO - Processing file /home/airflow/.local/lib/python3.7/site-packages/airflow/example_dags/example_trigger_target_dag.py for tasks to queue
[2022-02-24 20:11:14,167] {logging_mixin.py:109} INFO - [2022-02-24 20:11:14,165] {dagbag.py:500} INFO - Filling up the DagBag from /home/airflow/.local/lib/python3.7/site-packages/airflow/example_dags/example_trigger_target_dag.py
[2022-02-24 20:11:14,324] {processor.py:654} INFO - DAG(s) dict_keys(['example_trigger_target_dag']) retrieved from /home/airflow/.local/lib/python3.7/site-packages/airflow/example_dags/example_trigger_target_dag.py
[2022-02-24 20:11:14,368] {logging_mixin.py:109} INFO - [2022-02-24 20:11:14,368] {dag.py:2396} INFO - Sync 1 DAGs
[2022-02-24 20:11:14,428] {logging_mixin.py:109} INFO - [2022-02-24 20:11:14,428] {dag.py:2935} INFO - Setting next_dagrun for example_trigger_target_dag to None
[2022-02-24 20:11:14,453] {processor.py:171} INFO - Processing /home/airflow/.local/lib/python3.7/site-packages/airflow/example_dags/example_trigger_target_dag.py took 0.318 seconds
[2022-02-24 20:11:45,416] {processor.py:163} INFO - Started process (PID=1218) to work on /home/airflow/.local/lib/python3.7/site-packages/airflow/example_dags/example_trigger_target_dag.py
[2022-02-24 20:11:45,423] {processor.py:642} INFO - Processing file /home/airflow/.local/lib/python3.7/site-packages/airflow/example_dags/example_trigger_target_dag.py for tasks to queue
[2022-02-24 20:11:45,427] {logging_mixin.py:109} INFO - [2022-02-24 20:11:45,426] {dagbag.py:500} INFO - Filling up the DagBag from /home/airflow/.local/lib/python3.7/site-packages/airflow/example_dags/example_trigger_target_dag.py
[2022-02-24 20:11:45,542] {processor.py:654} INFO - DAG(s) dict_keys(['example_trigger_target_dag']) retrieved from /home/airflow/.local/lib/python3.7/site-packages/airflow/example_dags/example_trigger_target_dag.py
[2022-02-24 20:11:45,576] {logging_mixin.py:109} INFO - [2022-02-24 20:11:45,576] {dag.py:2396} INFO - Sync 1 DAGs
[2022-02-24 20:11:45,633] {logging_mixin.py:109} INFO - [2022-02-24 20:11:45,632] {dag.py:2935} INFO - Setting next_dagrun for example_trigger_target_dag to None
[2022-02-24 20:11:46,162] {processor.py:171} INFO - Processing /home/airflow/.local/lib/python3.7/site-packages/airflow/example_dags/example_trigger_target_dag.py took 0.758 seconds
