[2022-02-24 19:52:53,199] {processor.py:163} INFO - Started process (PID=136) to work on /home/airflow/.local/lib/python3.7/site-packages/airflow/example_dags/example_external_task_marker_dag.py
[2022-02-24 19:52:53,203] {processor.py:642} INFO - Processing file /home/airflow/.local/lib/python3.7/site-packages/airflow/example_dags/example_external_task_marker_dag.py for tasks to queue
[2022-02-24 19:52:53,207] {logging_mixin.py:109} INFO - [2022-02-24 19:52:53,207] {dagbag.py:500} INFO - Filling up the DagBag from /home/airflow/.local/lib/python3.7/site-packages/airflow/example_dags/example_external_task_marker_dag.py
[2022-02-24 19:52:53,356] {processor.py:654} INFO - DAG(s) dict_keys(['example_external_task_marker_parent', 'example_external_task_marker_child']) retrieved from /home/airflow/.local/lib/python3.7/site-packages/airflow/example_dags/example_external_task_marker_dag.py
[2022-02-24 19:53:04,328] {logging_mixin.py:109} INFO - [2022-02-24 19:53:04,328] {manager.py:496} INFO - Created Permission View: can read on DAG:example_external_task_marker_parent
[2022-02-24 19:53:04,429] {logging_mixin.py:109} INFO - [2022-02-24 19:53:04,429] {manager.py:496} INFO - Created Permission View: can edit on DAG:example_external_task_marker_parent
[2022-02-24 19:53:04,509] {logging_mixin.py:109} INFO - [2022-02-24 19:53:04,509] {manager.py:496} INFO - Created Permission View: can read on DAG:example_external_task_marker_child
[2022-02-24 19:53:04,518] {logging_mixin.py:109} INFO - [2022-02-24 19:53:04,518] {manager.py:496} INFO - Created Permission View: can edit on DAG:example_external_task_marker_child
[2022-02-24 19:53:04,522] {logging_mixin.py:109} INFO - [2022-02-24 19:53:04,522] {dag.py:2396} INFO - Sync 2 DAGs
[2022-02-24 19:53:04,536] {logging_mixin.py:109} INFO - [2022-02-24 19:53:04,536] {dag.py:2415} INFO - Creating ORM DAG for example_external_task_marker_child
[2022-02-24 19:53:04,538] {logging_mixin.py:109} INFO - [2022-02-24 19:53:04,538] {dag.py:2415} INFO - Creating ORM DAG for example_external_task_marker_parent
[2022-02-24 19:53:04,570] {logging_mixin.py:109} INFO - [2022-02-24 19:53:04,570] {dag.py:2935} INFO - Setting next_dagrun for example_external_task_marker_child to None
[2022-02-24 19:53:04,576] {logging_mixin.py:109} INFO - [2022-02-24 19:53:04,574] {dag.py:2935} INFO - Setting next_dagrun for example_external_task_marker_parent to None
[2022-02-24 19:53:04,704] {processor.py:171} INFO - Processing /home/airflow/.local/lib/python3.7/site-packages/airflow/example_dags/example_external_task_marker_dag.py took 11.515 seconds
[2022-02-24 19:54:14,653] {processor.py:163} INFO - Started process (PID=253) to work on /home/airflow/.local/lib/python3.7/site-packages/airflow/example_dags/example_external_task_marker_dag.py
[2022-02-24 19:54:14,667] {processor.py:642} INFO - Processing file /home/airflow/.local/lib/python3.7/site-packages/airflow/example_dags/example_external_task_marker_dag.py for tasks to queue
[2022-02-24 19:54:14,672] {logging_mixin.py:109} INFO - [2022-02-24 19:54:14,672] {dagbag.py:500} INFO - Filling up the DagBag from /home/airflow/.local/lib/python3.7/site-packages/airflow/example_dags/example_external_task_marker_dag.py
[2022-02-24 19:54:14,822] {processor.py:654} INFO - DAG(s) dict_keys(['example_external_task_marker_parent', 'example_external_task_marker_child']) retrieved from /home/airflow/.local/lib/python3.7/site-packages/airflow/example_dags/example_external_task_marker_dag.py
[2022-02-24 19:54:14,873] {logging_mixin.py:109} INFO - [2022-02-24 19:54:14,873] {dag.py:2396} INFO - Sync 2 DAGs
[2022-02-24 19:54:14,921] {logging_mixin.py:109} INFO - [2022-02-24 19:54:14,921] {dag.py:2935} INFO - Setting next_dagrun for example_external_task_marker_child to None
[2022-02-24 19:54:14,925] {logging_mixin.py:109} INFO - [2022-02-24 19:54:14,925] {dag.py:2935} INFO - Setting next_dagrun for example_external_task_marker_parent to None
[2022-02-24 19:54:14,950] {processor.py:171} INFO - Processing /home/airflow/.local/lib/python3.7/site-packages/airflow/example_dags/example_external_task_marker_dag.py took 0.310 seconds
[2022-02-24 19:54:47,128] {processor.py:163} INFO - Started process (PID=309) to work on /home/airflow/.local/lib/python3.7/site-packages/airflow/example_dags/example_external_task_marker_dag.py
[2022-02-24 19:54:47,131] {processor.py:642} INFO - Processing file /home/airflow/.local/lib/python3.7/site-packages/airflow/example_dags/example_external_task_marker_dag.py for tasks to queue
[2022-02-24 19:54:47,139] {logging_mixin.py:109} INFO - [2022-02-24 19:54:47,139] {dagbag.py:500} INFO - Filling up the DagBag from /home/airflow/.local/lib/python3.7/site-packages/airflow/example_dags/example_external_task_marker_dag.py
[2022-02-24 19:54:47,215] {processor.py:654} INFO - DAG(s) dict_keys(['example_external_task_marker_parent', 'example_external_task_marker_child']) retrieved from /home/airflow/.local/lib/python3.7/site-packages/airflow/example_dags/example_external_task_marker_dag.py
[2022-02-24 19:54:47,244] {logging_mixin.py:109} INFO - [2022-02-24 19:54:47,244] {dag.py:2396} INFO - Sync 2 DAGs
[2022-02-24 19:54:47,281] {logging_mixin.py:109} INFO - [2022-02-24 19:54:47,281] {dag.py:2935} INFO - Setting next_dagrun for example_external_task_marker_child to None
[2022-02-24 19:54:47,282] {logging_mixin.py:109} INFO - [2022-02-24 19:54:47,282] {dag.py:2935} INFO - Setting next_dagrun for example_external_task_marker_parent to None
[2022-02-24 19:54:47,305] {processor.py:171} INFO - Processing /home/airflow/.local/lib/python3.7/site-packages/airflow/example_dags/example_external_task_marker_dag.py took 0.190 seconds
[2022-02-24 19:55:18,284] {processor.py:163} INFO - Started process (PID=370) to work on /home/airflow/.local/lib/python3.7/site-packages/airflow/example_dags/example_external_task_marker_dag.py
[2022-02-24 19:55:18,287] {processor.py:642} INFO - Processing file /home/airflow/.local/lib/python3.7/site-packages/airflow/example_dags/example_external_task_marker_dag.py for tasks to queue
[2022-02-24 19:55:18,289] {logging_mixin.py:109} INFO - [2022-02-24 19:55:18,289] {dagbag.py:500} INFO - Filling up the DagBag from /home/airflow/.local/lib/python3.7/site-packages/airflow/example_dags/example_external_task_marker_dag.py
[2022-02-24 19:55:18,319] {processor.py:654} INFO - DAG(s) dict_keys(['example_external_task_marker_parent', 'example_external_task_marker_child']) retrieved from /home/airflow/.local/lib/python3.7/site-packages/airflow/example_dags/example_external_task_marker_dag.py
[2022-02-24 19:55:18,337] {logging_mixin.py:109} INFO - [2022-02-24 19:55:18,337] {dag.py:2396} INFO - Sync 2 DAGs
[2022-02-24 19:55:18,354] {logging_mixin.py:109} INFO - [2022-02-24 19:55:18,354] {dag.py:2935} INFO - Setting next_dagrun for example_external_task_marker_child to None
[2022-02-24 19:55:18,355] {logging_mixin.py:109} INFO - [2022-02-24 19:55:18,355] {dag.py:2935} INFO - Setting next_dagrun for example_external_task_marker_parent to None
[2022-02-24 19:55:18,364] {processor.py:171} INFO - Processing /home/airflow/.local/lib/python3.7/site-packages/airflow/example_dags/example_external_task_marker_dag.py took 0.085 seconds
[2022-02-24 19:55:48,562] {processor.py:163} INFO - Started process (PID=440) to work on /home/airflow/.local/lib/python3.7/site-packages/airflow/example_dags/example_external_task_marker_dag.py
[2022-02-24 19:55:48,564] {processor.py:642} INFO - Processing file /home/airflow/.local/lib/python3.7/site-packages/airflow/example_dags/example_external_task_marker_dag.py for tasks to queue
[2022-02-24 19:55:48,576] {logging_mixin.py:109} INFO - [2022-02-24 19:55:48,576] {dagbag.py:500} INFO - Filling up the DagBag from /home/airflow/.local/lib/python3.7/site-packages/airflow/example_dags/example_external_task_marker_dag.py
[2022-02-24 19:55:48,700] {processor.py:654} INFO - DAG(s) dict_keys(['example_external_task_marker_parent', 'example_external_task_marker_child']) retrieved from /home/airflow/.local/lib/python3.7/site-packages/airflow/example_dags/example_external_task_marker_dag.py
[2022-02-24 19:55:48,795] {logging_mixin.py:109} INFO - [2022-02-24 19:55:48,795] {dag.py:2396} INFO - Sync 2 DAGs
[2022-02-24 19:55:48,887] {logging_mixin.py:109} INFO - [2022-02-24 19:55:48,887] {dag.py:2935} INFO - Setting next_dagrun for example_external_task_marker_child to None
[2022-02-24 19:55:48,896] {logging_mixin.py:109} INFO - [2022-02-24 19:55:48,896] {dag.py:2935} INFO - Setting next_dagrun for example_external_task_marker_parent to None
[2022-02-24 19:55:48,929] {processor.py:171} INFO - Processing /home/airflow/.local/lib/python3.7/site-packages/airflow/example_dags/example_external_task_marker_dag.py took 0.379 seconds
[2022-02-24 19:56:19,233] {processor.py:163} INFO - Started process (PID=493) to work on /home/airflow/.local/lib/python3.7/site-packages/airflow/example_dags/example_external_task_marker_dag.py
[2022-02-24 19:56:19,234] {processor.py:642} INFO - Processing file /home/airflow/.local/lib/python3.7/site-packages/airflow/example_dags/example_external_task_marker_dag.py for tasks to queue
[2022-02-24 19:56:19,236] {logging_mixin.py:109} INFO - [2022-02-24 19:56:19,236] {dagbag.py:500} INFO - Filling up the DagBag from /home/airflow/.local/lib/python3.7/site-packages/airflow/example_dags/example_external_task_marker_dag.py
[2022-02-24 19:56:19,318] {processor.py:654} INFO - DAG(s) dict_keys(['example_external_task_marker_parent', 'example_external_task_marker_child']) retrieved from /home/airflow/.local/lib/python3.7/site-packages/airflow/example_dags/example_external_task_marker_dag.py
[2022-02-24 19:56:19,360] {logging_mixin.py:109} INFO - [2022-02-24 19:56:19,360] {dag.py:2396} INFO - Sync 2 DAGs
[2022-02-24 19:56:19,424] {logging_mixin.py:109} INFO - [2022-02-24 19:56:19,424] {dag.py:2935} INFO - Setting next_dagrun for example_external_task_marker_child to None
[2022-02-24 19:56:19,427] {logging_mixin.py:109} INFO - [2022-02-24 19:56:19,427] {dag.py:2935} INFO - Setting next_dagrun for example_external_task_marker_parent to None
[2022-02-24 19:56:19,452] {processor.py:171} INFO - Processing /home/airflow/.local/lib/python3.7/site-packages/airflow/example_dags/example_external_task_marker_dag.py took 0.223 seconds
[2022-02-24 19:56:49,647] {processor.py:163} INFO - Started process (PID=548) to work on /home/airflow/.local/lib/python3.7/site-packages/airflow/example_dags/example_external_task_marker_dag.py
[2022-02-24 19:56:49,650] {processor.py:642} INFO - Processing file /home/airflow/.local/lib/python3.7/site-packages/airflow/example_dags/example_external_task_marker_dag.py for tasks to queue
[2022-02-24 19:56:49,653] {logging_mixin.py:109} INFO - [2022-02-24 19:56:49,652] {dagbag.py:500} INFO - Filling up the DagBag from /home/airflow/.local/lib/python3.7/site-packages/airflow/example_dags/example_external_task_marker_dag.py
[2022-02-24 19:56:49,709] {processor.py:654} INFO - DAG(s) dict_keys(['example_external_task_marker_parent', 'example_external_task_marker_child']) retrieved from /home/airflow/.local/lib/python3.7/site-packages/airflow/example_dags/example_external_task_marker_dag.py
[2022-02-24 19:56:49,750] {logging_mixin.py:109} INFO - [2022-02-24 19:56:49,750] {dag.py:2396} INFO - Sync 2 DAGs
[2022-02-24 19:56:49,781] {logging_mixin.py:109} INFO - [2022-02-24 19:56:49,781] {dag.py:2935} INFO - Setting next_dagrun for example_external_task_marker_child to None
[2022-02-24 19:56:49,782] {logging_mixin.py:109} INFO - [2022-02-24 19:56:49,782] {dag.py:2935} INFO - Setting next_dagrun for example_external_task_marker_parent to None
[2022-02-24 19:56:49,803] {processor.py:171} INFO - Processing /home/airflow/.local/lib/python3.7/site-packages/airflow/example_dags/example_external_task_marker_dag.py took 0.164 seconds
[2022-02-24 19:57:20,882] {processor.py:163} INFO - Started process (PID=605) to work on /home/airflow/.local/lib/python3.7/site-packages/airflow/example_dags/example_external_task_marker_dag.py
[2022-02-24 19:57:20,887] {processor.py:642} INFO - Processing file /home/airflow/.local/lib/python3.7/site-packages/airflow/example_dags/example_external_task_marker_dag.py for tasks to queue
[2022-02-24 19:57:20,891] {logging_mixin.py:109} INFO - [2022-02-24 19:57:20,891] {dagbag.py:500} INFO - Filling up the DagBag from /home/airflow/.local/lib/python3.7/site-packages/airflow/example_dags/example_external_task_marker_dag.py
[2022-02-24 19:57:20,975] {processor.py:654} INFO - DAG(s) dict_keys(['example_external_task_marker_parent', 'example_external_task_marker_child']) retrieved from /home/airflow/.local/lib/python3.7/site-packages/airflow/example_dags/example_external_task_marker_dag.py
[2022-02-24 19:57:21,023] {logging_mixin.py:109} INFO - [2022-02-24 19:57:21,020] {dag.py:2396} INFO - Sync 2 DAGs
[2022-02-24 19:57:21,063] {logging_mixin.py:109} INFO - [2022-02-24 19:57:21,063] {dag.py:2935} INFO - Setting next_dagrun for example_external_task_marker_child to None
[2022-02-24 19:57:21,065] {logging_mixin.py:109} INFO - [2022-02-24 19:57:21,064] {dag.py:2935} INFO - Setting next_dagrun for example_external_task_marker_parent to None
[2022-02-24 19:57:21,078] {processor.py:171} INFO - Processing /home/airflow/.local/lib/python3.7/site-packages/airflow/example_dags/example_external_task_marker_dag.py took 0.205 seconds
[2022-02-24 19:57:51,971] {processor.py:163} INFO - Started process (PID=659) to work on /home/airflow/.local/lib/python3.7/site-packages/airflow/example_dags/example_external_task_marker_dag.py
[2022-02-24 19:57:51,976] {processor.py:642} INFO - Processing file /home/airflow/.local/lib/python3.7/site-packages/airflow/example_dags/example_external_task_marker_dag.py for tasks to queue
[2022-02-24 19:57:51,982] {logging_mixin.py:109} INFO - [2022-02-24 19:57:51,982] {dagbag.py:500} INFO - Filling up the DagBag from /home/airflow/.local/lib/python3.7/site-packages/airflow/example_dags/example_external_task_marker_dag.py
[2022-02-24 19:57:52,054] {processor.py:654} INFO - DAG(s) dict_keys(['example_external_task_marker_parent', 'example_external_task_marker_child']) retrieved from /home/airflow/.local/lib/python3.7/site-packages/airflow/example_dags/example_external_task_marker_dag.py
[2022-02-24 19:57:52,116] {logging_mixin.py:109} INFO - [2022-02-24 19:57:52,116] {dag.py:2396} INFO - Sync 2 DAGs
[2022-02-24 19:57:52,173] {logging_mixin.py:109} INFO - [2022-02-24 19:57:52,173] {dag.py:2935} INFO - Setting next_dagrun for example_external_task_marker_child to None
[2022-02-24 19:57:52,174] {logging_mixin.py:109} INFO - [2022-02-24 19:57:52,174] {dag.py:2935} INFO - Setting next_dagrun for example_external_task_marker_parent to None
[2022-02-24 19:57:52,191] {processor.py:171} INFO - Processing /home/airflow/.local/lib/python3.7/site-packages/airflow/example_dags/example_external_task_marker_dag.py took 0.225 seconds
[2022-02-24 20:01:20,209] {processor.py:163} INFO - Started process (PID=61) to work on /home/airflow/.local/lib/python3.7/site-packages/airflow/example_dags/example_external_task_marker_dag.py
[2022-02-24 20:01:20,215] {processor.py:642} INFO - Processing file /home/airflow/.local/lib/python3.7/site-packages/airflow/example_dags/example_external_task_marker_dag.py for tasks to queue
[2022-02-24 20:01:20,220] {logging_mixin.py:109} INFO - [2022-02-24 20:01:20,219] {dagbag.py:500} INFO - Filling up the DagBag from /home/airflow/.local/lib/python3.7/site-packages/airflow/example_dags/example_external_task_marker_dag.py
[2022-02-24 20:01:20,402] {processor.py:654} INFO - DAG(s) dict_keys(['example_external_task_marker_parent', 'example_external_task_marker_child']) retrieved from /home/airflow/.local/lib/python3.7/site-packages/airflow/example_dags/example_external_task_marker_dag.py
[2022-02-24 20:01:20,451] {logging_mixin.py:109} INFO - [2022-02-24 20:01:20,451] {dag.py:2396} INFO - Sync 2 DAGs
[2022-02-24 20:01:20,518] {logging_mixin.py:109} INFO - [2022-02-24 20:01:20,518] {dag.py:2935} INFO - Setting next_dagrun for example_external_task_marker_child to None
[2022-02-24 20:01:20,522] {logging_mixin.py:109} INFO - [2022-02-24 20:01:20,521] {dag.py:2935} INFO - Setting next_dagrun for example_external_task_marker_parent to None
[2022-02-24 20:01:20,567] {processor.py:171} INFO - Processing /home/airflow/.local/lib/python3.7/site-packages/airflow/example_dags/example_external_task_marker_dag.py took 0.375 seconds
[2022-02-24 20:01:50,999] {processor.py:163} INFO - Started process (PID=110) to work on /home/airflow/.local/lib/python3.7/site-packages/airflow/example_dags/example_external_task_marker_dag.py
[2022-02-24 20:01:51,003] {processor.py:642} INFO - Processing file /home/airflow/.local/lib/python3.7/site-packages/airflow/example_dags/example_external_task_marker_dag.py for tasks to queue
[2022-02-24 20:01:51,007] {logging_mixin.py:109} INFO - [2022-02-24 20:01:51,007] {dagbag.py:500} INFO - Filling up the DagBag from /home/airflow/.local/lib/python3.7/site-packages/airflow/example_dags/example_external_task_marker_dag.py
[2022-02-24 20:01:51,081] {processor.py:654} INFO - DAG(s) dict_keys(['example_external_task_marker_parent', 'example_external_task_marker_child']) retrieved from /home/airflow/.local/lib/python3.7/site-packages/airflow/example_dags/example_external_task_marker_dag.py
[2022-02-24 20:01:51,094] {logging_mixin.py:109} INFO - [2022-02-24 20:01:51,094] {dag.py:2396} INFO - Sync 2 DAGs
[2022-02-24 20:01:51,111] {logging_mixin.py:109} INFO - [2022-02-24 20:01:51,111] {dag.py:2935} INFO - Setting next_dagrun for example_external_task_marker_child to None
[2022-02-24 20:01:51,113] {logging_mixin.py:109} INFO - [2022-02-24 20:01:51,112] {dag.py:2935} INFO - Setting next_dagrun for example_external_task_marker_parent to None
[2022-02-24 20:01:51,122] {processor.py:171} INFO - Processing /home/airflow/.local/lib/python3.7/site-packages/airflow/example_dags/example_external_task_marker_dag.py took 0.126 seconds
[2022-02-24 20:02:21,290] {processor.py:163} INFO - Started process (PID=166) to work on /home/airflow/.local/lib/python3.7/site-packages/airflow/example_dags/example_external_task_marker_dag.py
[2022-02-24 20:02:21,292] {processor.py:642} INFO - Processing file /home/airflow/.local/lib/python3.7/site-packages/airflow/example_dags/example_external_task_marker_dag.py for tasks to queue
[2022-02-24 20:02:21,293] {logging_mixin.py:109} INFO - [2022-02-24 20:02:21,293] {dagbag.py:500} INFO - Filling up the DagBag from /home/airflow/.local/lib/python3.7/site-packages/airflow/example_dags/example_external_task_marker_dag.py
[2022-02-24 20:02:21,354] {processor.py:654} INFO - DAG(s) dict_keys(['example_external_task_marker_parent', 'example_external_task_marker_child']) retrieved from /home/airflow/.local/lib/python3.7/site-packages/airflow/example_dags/example_external_task_marker_dag.py
[2022-02-24 20:02:21,386] {logging_mixin.py:109} INFO - [2022-02-24 20:02:21,386] {dag.py:2396} INFO - Sync 2 DAGs
[2022-02-24 20:02:21,446] {logging_mixin.py:109} INFO - [2022-02-24 20:02:21,446] {dag.py:2935} INFO - Setting next_dagrun for example_external_task_marker_child to None
[2022-02-24 20:02:21,448] {logging_mixin.py:109} INFO - [2022-02-24 20:02:21,448] {dag.py:2935} INFO - Setting next_dagrun for example_external_task_marker_parent to None
[2022-02-24 20:02:21,505] {processor.py:171} INFO - Processing /home/airflow/.local/lib/python3.7/site-packages/airflow/example_dags/example_external_task_marker_dag.py took 0.220 seconds
[2022-02-24 20:02:52,292] {processor.py:163} INFO - Started process (PID=229) to work on /home/airflow/.local/lib/python3.7/site-packages/airflow/example_dags/example_external_task_marker_dag.py
[2022-02-24 20:02:52,378] {processor.py:642} INFO - Processing file /home/airflow/.local/lib/python3.7/site-packages/airflow/example_dags/example_external_task_marker_dag.py for tasks to queue
[2022-02-24 20:02:52,383] {logging_mixin.py:109} INFO - [2022-02-24 20:02:52,382] {dagbag.py:500} INFO - Filling up the DagBag from /home/airflow/.local/lib/python3.7/site-packages/airflow/example_dags/example_external_task_marker_dag.py
[2022-02-24 20:02:52,734] {processor.py:654} INFO - DAG(s) dict_keys(['example_external_task_marker_parent', 'example_external_task_marker_child']) retrieved from /home/airflow/.local/lib/python3.7/site-packages/airflow/example_dags/example_external_task_marker_dag.py
[2022-02-24 20:02:52,877] {logging_mixin.py:109} INFO - [2022-02-24 20:02:52,876] {dag.py:2396} INFO - Sync 2 DAGs
[2022-02-24 20:02:53,033] {logging_mixin.py:109} INFO - [2022-02-24 20:02:53,033] {dag.py:2935} INFO - Setting next_dagrun for example_external_task_marker_child to None
[2022-02-24 20:02:53,039] {logging_mixin.py:109} INFO - [2022-02-24 20:02:53,039] {dag.py:2935} INFO - Setting next_dagrun for example_external_task_marker_parent to None
[2022-02-24 20:02:53,065] {processor.py:171} INFO - Processing /home/airflow/.local/lib/python3.7/site-packages/airflow/example_dags/example_external_task_marker_dag.py took 0.832 seconds
[2022-02-24 20:03:24,071] {processor.py:163} INFO - Started process (PID=284) to work on /home/airflow/.local/lib/python3.7/site-packages/airflow/example_dags/example_external_task_marker_dag.py
[2022-02-24 20:03:24,080] {processor.py:642} INFO - Processing file /home/airflow/.local/lib/python3.7/site-packages/airflow/example_dags/example_external_task_marker_dag.py for tasks to queue
[2022-02-24 20:03:24,083] {logging_mixin.py:109} INFO - [2022-02-24 20:03:24,082] {dagbag.py:500} INFO - Filling up the DagBag from /home/airflow/.local/lib/python3.7/site-packages/airflow/example_dags/example_external_task_marker_dag.py
[2022-02-24 20:03:24,155] {processor.py:654} INFO - DAG(s) dict_keys(['example_external_task_marker_parent', 'example_external_task_marker_child']) retrieved from /home/airflow/.local/lib/python3.7/site-packages/airflow/example_dags/example_external_task_marker_dag.py
[2022-02-24 20:03:24,195] {logging_mixin.py:109} INFO - [2022-02-24 20:03:24,195] {dag.py:2396} INFO - Sync 2 DAGs
[2022-02-24 20:03:24,241] {logging_mixin.py:109} INFO - [2022-02-24 20:03:24,241] {dag.py:2935} INFO - Setting next_dagrun for example_external_task_marker_child to None
[2022-02-24 20:03:24,242] {logging_mixin.py:109} INFO - [2022-02-24 20:03:24,242] {dag.py:2935} INFO - Setting next_dagrun for example_external_task_marker_parent to None
[2022-02-24 20:03:24,265] {processor.py:171} INFO - Processing /home/airflow/.local/lib/python3.7/site-packages/airflow/example_dags/example_external_task_marker_dag.py took 0.205 seconds
[2022-02-24 20:03:54,325] {processor.py:163} INFO - Started process (PID=341) to work on /home/airflow/.local/lib/python3.7/site-packages/airflow/example_dags/example_external_task_marker_dag.py
[2022-02-24 20:03:54,329] {processor.py:642} INFO - Processing file /home/airflow/.local/lib/python3.7/site-packages/airflow/example_dags/example_external_task_marker_dag.py for tasks to queue
[2022-02-24 20:03:54,343] {logging_mixin.py:109} INFO - [2022-02-24 20:03:54,343] {dagbag.py:500} INFO - Filling up the DagBag from /home/airflow/.local/lib/python3.7/site-packages/airflow/example_dags/example_external_task_marker_dag.py
[2022-02-24 20:03:54,427] {processor.py:654} INFO - DAG(s) dict_keys(['example_external_task_marker_parent', 'example_external_task_marker_child']) retrieved from /home/airflow/.local/lib/python3.7/site-packages/airflow/example_dags/example_external_task_marker_dag.py
[2022-02-24 20:03:54,443] {logging_mixin.py:109} INFO - [2022-02-24 20:03:54,443] {dag.py:2396} INFO - Sync 2 DAGs
[2022-02-24 20:03:54,462] {logging_mixin.py:109} INFO - [2022-02-24 20:03:54,462] {dag.py:2935} INFO - Setting next_dagrun for example_external_task_marker_child to None
[2022-02-24 20:03:54,463] {logging_mixin.py:109} INFO - [2022-02-24 20:03:54,463] {dag.py:2935} INFO - Setting next_dagrun for example_external_task_marker_parent to None
[2022-02-24 20:03:54,475] {processor.py:171} INFO - Processing /home/airflow/.local/lib/python3.7/site-packages/airflow/example_dags/example_external_task_marker_dag.py took 0.161 seconds
[2022-02-24 20:04:24,752] {processor.py:163} INFO - Started process (PID=392) to work on /home/airflow/.local/lib/python3.7/site-packages/airflow/example_dags/example_external_task_marker_dag.py
[2022-02-24 20:04:24,760] {processor.py:642} INFO - Processing file /home/airflow/.local/lib/python3.7/site-packages/airflow/example_dags/example_external_task_marker_dag.py for tasks to queue
[2022-02-24 20:04:24,763] {logging_mixin.py:109} INFO - [2022-02-24 20:04:24,763] {dagbag.py:500} INFO - Filling up the DagBag from /home/airflow/.local/lib/python3.7/site-packages/airflow/example_dags/example_external_task_marker_dag.py
[2022-02-24 20:04:24,893] {processor.py:654} INFO - DAG(s) dict_keys(['example_external_task_marker_parent', 'example_external_task_marker_child']) retrieved from /home/airflow/.local/lib/python3.7/site-packages/airflow/example_dags/example_external_task_marker_dag.py
[2022-02-24 20:04:24,944] {logging_mixin.py:109} INFO - [2022-02-24 20:04:24,944] {dag.py:2396} INFO - Sync 2 DAGs
[2022-02-24 20:04:24,988] {logging_mixin.py:109} INFO - [2022-02-24 20:04:24,988] {dag.py:2935} INFO - Setting next_dagrun for example_external_task_marker_child to None
[2022-02-24 20:04:24,995] {logging_mixin.py:109} INFO - [2022-02-24 20:04:24,995] {dag.py:2935} INFO - Setting next_dagrun for example_external_task_marker_parent to None
[2022-02-24 20:04:25,014] {processor.py:171} INFO - Processing /home/airflow/.local/lib/python3.7/site-packages/airflow/example_dags/example_external_task_marker_dag.py took 0.281 seconds
[2022-02-24 20:04:55,927] {processor.py:163} INFO - Started process (PID=447) to work on /home/airflow/.local/lib/python3.7/site-packages/airflow/example_dags/example_external_task_marker_dag.py
[2022-02-24 20:04:55,931] {processor.py:642} INFO - Processing file /home/airflow/.local/lib/python3.7/site-packages/airflow/example_dags/example_external_task_marker_dag.py for tasks to queue
[2022-02-24 20:04:55,932] {logging_mixin.py:109} INFO - [2022-02-24 20:04:55,932] {dagbag.py:500} INFO - Filling up the DagBag from /home/airflow/.local/lib/python3.7/site-packages/airflow/example_dags/example_external_task_marker_dag.py
[2022-02-24 20:04:55,959] {processor.py:654} INFO - DAG(s) dict_keys(['example_external_task_marker_parent', 'example_external_task_marker_child']) retrieved from /home/airflow/.local/lib/python3.7/site-packages/airflow/example_dags/example_external_task_marker_dag.py
[2022-02-24 20:04:55,971] {logging_mixin.py:109} INFO - [2022-02-24 20:04:55,970] {dag.py:2396} INFO - Sync 2 DAGs
[2022-02-24 20:04:55,985] {logging_mixin.py:109} INFO - [2022-02-24 20:04:55,985] {dag.py:2935} INFO - Setting next_dagrun for example_external_task_marker_child to None
[2022-02-24 20:04:55,986] {logging_mixin.py:109} INFO - [2022-02-24 20:04:55,986] {dag.py:2935} INFO - Setting next_dagrun for example_external_task_marker_parent to None
[2022-02-24 20:04:55,995] {processor.py:171} INFO - Processing /home/airflow/.local/lib/python3.7/site-packages/airflow/example_dags/example_external_task_marker_dag.py took 0.073 seconds
[2022-02-24 20:05:26,921] {processor.py:163} INFO - Started process (PID=500) to work on /home/airflow/.local/lib/python3.7/site-packages/airflow/example_dags/example_external_task_marker_dag.py
[2022-02-24 20:05:26,925] {processor.py:642} INFO - Processing file /home/airflow/.local/lib/python3.7/site-packages/airflow/example_dags/example_external_task_marker_dag.py for tasks to queue
[2022-02-24 20:05:26,926] {logging_mixin.py:109} INFO - [2022-02-24 20:05:26,926] {dagbag.py:500} INFO - Filling up the DagBag from /home/airflow/.local/lib/python3.7/site-packages/airflow/example_dags/example_external_task_marker_dag.py
[2022-02-24 20:05:26,956] {processor.py:654} INFO - DAG(s) dict_keys(['example_external_task_marker_parent', 'example_external_task_marker_child']) retrieved from /home/airflow/.local/lib/python3.7/site-packages/airflow/example_dags/example_external_task_marker_dag.py
[2022-02-24 20:05:26,972] {logging_mixin.py:109} INFO - [2022-02-24 20:05:26,972] {dag.py:2396} INFO - Sync 2 DAGs
[2022-02-24 20:05:26,989] {logging_mixin.py:109} INFO - [2022-02-24 20:05:26,989] {dag.py:2935} INFO - Setting next_dagrun for example_external_task_marker_child to None
[2022-02-24 20:05:26,990] {logging_mixin.py:109} INFO - [2022-02-24 20:05:26,990] {dag.py:2935} INFO - Setting next_dagrun for example_external_task_marker_parent to None
[2022-02-24 20:05:27,001] {processor.py:171} INFO - Processing /home/airflow/.local/lib/python3.7/site-packages/airflow/example_dags/example_external_task_marker_dag.py took 0.083 seconds
[2022-02-24 20:05:57,230] {processor.py:163} INFO - Started process (PID=555) to work on /home/airflow/.local/lib/python3.7/site-packages/airflow/example_dags/example_external_task_marker_dag.py
[2022-02-24 20:05:57,233] {processor.py:642} INFO - Processing file /home/airflow/.local/lib/python3.7/site-packages/airflow/example_dags/example_external_task_marker_dag.py for tasks to queue
[2022-02-24 20:05:57,234] {logging_mixin.py:109} INFO - [2022-02-24 20:05:57,234] {dagbag.py:500} INFO - Filling up the DagBag from /home/airflow/.local/lib/python3.7/site-packages/airflow/example_dags/example_external_task_marker_dag.py
[2022-02-24 20:05:57,304] {processor.py:654} INFO - DAG(s) dict_keys(['example_external_task_marker_parent', 'example_external_task_marker_child']) retrieved from /home/airflow/.local/lib/python3.7/site-packages/airflow/example_dags/example_external_task_marker_dag.py
[2022-02-24 20:05:57,321] {logging_mixin.py:109} INFO - [2022-02-24 20:05:57,321] {dag.py:2396} INFO - Sync 2 DAGs
[2022-02-24 20:05:57,342] {logging_mixin.py:109} INFO - [2022-02-24 20:05:57,341] {dag.py:2935} INFO - Setting next_dagrun for example_external_task_marker_child to None
[2022-02-24 20:05:57,343] {logging_mixin.py:109} INFO - [2022-02-24 20:05:57,343] {dag.py:2935} INFO - Setting next_dagrun for example_external_task_marker_parent to None
[2022-02-24 20:05:57,355] {processor.py:171} INFO - Processing /home/airflow/.local/lib/python3.7/site-packages/airflow/example_dags/example_external_task_marker_dag.py took 0.134 seconds
[2022-02-24 20:06:28,198] {processor.py:163} INFO - Started process (PID=610) to work on /home/airflow/.local/lib/python3.7/site-packages/airflow/example_dags/example_external_task_marker_dag.py
[2022-02-24 20:06:28,200] {processor.py:642} INFO - Processing file /home/airflow/.local/lib/python3.7/site-packages/airflow/example_dags/example_external_task_marker_dag.py for tasks to queue
[2022-02-24 20:06:28,202] {logging_mixin.py:109} INFO - [2022-02-24 20:06:28,202] {dagbag.py:500} INFO - Filling up the DagBag from /home/airflow/.local/lib/python3.7/site-packages/airflow/example_dags/example_external_task_marker_dag.py
[2022-02-24 20:06:28,230] {processor.py:654} INFO - DAG(s) dict_keys(['example_external_task_marker_parent', 'example_external_task_marker_child']) retrieved from /home/airflow/.local/lib/python3.7/site-packages/airflow/example_dags/example_external_task_marker_dag.py
[2022-02-24 20:06:28,244] {logging_mixin.py:109} INFO - [2022-02-24 20:06:28,244] {dag.py:2396} INFO - Sync 2 DAGs
[2022-02-24 20:06:28,261] {logging_mixin.py:109} INFO - [2022-02-24 20:06:28,261] {dag.py:2935} INFO - Setting next_dagrun for example_external_task_marker_child to None
[2022-02-24 20:06:28,262] {logging_mixin.py:109} INFO - [2022-02-24 20:06:28,262] {dag.py:2935} INFO - Setting next_dagrun for example_external_task_marker_parent to None
[2022-02-24 20:06:28,271] {processor.py:171} INFO - Processing /home/airflow/.local/lib/python3.7/site-packages/airflow/example_dags/example_external_task_marker_dag.py took 0.077 seconds
[2022-02-24 20:06:58,843] {processor.py:163} INFO - Started process (PID=664) to work on /home/airflow/.local/lib/python3.7/site-packages/airflow/example_dags/example_external_task_marker_dag.py
[2022-02-24 20:06:58,846] {processor.py:642} INFO - Processing file /home/airflow/.local/lib/python3.7/site-packages/airflow/example_dags/example_external_task_marker_dag.py for tasks to queue
[2022-02-24 20:06:58,850] {logging_mixin.py:109} INFO - [2022-02-24 20:06:58,850] {dagbag.py:500} INFO - Filling up the DagBag from /home/airflow/.local/lib/python3.7/site-packages/airflow/example_dags/example_external_task_marker_dag.py
[2022-02-24 20:06:58,917] {processor.py:654} INFO - DAG(s) dict_keys(['example_external_task_marker_parent', 'example_external_task_marker_child']) retrieved from /home/airflow/.local/lib/python3.7/site-packages/airflow/example_dags/example_external_task_marker_dag.py
[2022-02-24 20:06:58,955] {logging_mixin.py:109} INFO - [2022-02-24 20:06:58,955] {dag.py:2396} INFO - Sync 2 DAGs
[2022-02-24 20:06:58,985] {logging_mixin.py:109} INFO - [2022-02-24 20:06:58,984] {dag.py:2935} INFO - Setting next_dagrun for example_external_task_marker_child to None
[2022-02-24 20:06:58,986] {logging_mixin.py:109} INFO - [2022-02-24 20:06:58,985] {dag.py:2935} INFO - Setting next_dagrun for example_external_task_marker_parent to None
[2022-02-24 20:06:59,001] {processor.py:171} INFO - Processing /home/airflow/.local/lib/python3.7/site-packages/airflow/example_dags/example_external_task_marker_dag.py took 0.169 seconds
[2022-02-24 20:07:29,640] {processor.py:163} INFO - Started process (PID=736) to work on /home/airflow/.local/lib/python3.7/site-packages/airflow/example_dags/example_external_task_marker_dag.py
[2022-02-24 20:07:29,659] {processor.py:642} INFO - Processing file /home/airflow/.local/lib/python3.7/site-packages/airflow/example_dags/example_external_task_marker_dag.py for tasks to queue
[2022-02-24 20:07:29,664] {logging_mixin.py:109} INFO - [2022-02-24 20:07:29,664] {dagbag.py:500} INFO - Filling up the DagBag from /home/airflow/.local/lib/python3.7/site-packages/airflow/example_dags/example_external_task_marker_dag.py
[2022-02-24 20:07:29,759] {processor.py:654} INFO - DAG(s) dict_keys(['example_external_task_marker_parent', 'example_external_task_marker_child']) retrieved from /home/airflow/.local/lib/python3.7/site-packages/airflow/example_dags/example_external_task_marker_dag.py
[2022-02-24 20:07:29,791] {logging_mixin.py:109} INFO - [2022-02-24 20:07:29,790] {dag.py:2396} INFO - Sync 2 DAGs
[2022-02-24 20:07:29,834] {logging_mixin.py:109} INFO - [2022-02-24 20:07:29,834] {dag.py:2935} INFO - Setting next_dagrun for example_external_task_marker_child to None
[2022-02-24 20:07:29,841] {logging_mixin.py:109} INFO - [2022-02-24 20:07:29,841] {dag.py:2935} INFO - Setting next_dagrun for example_external_task_marker_parent to None
[2022-02-24 20:07:29,872] {processor.py:171} INFO - Processing /home/airflow/.local/lib/python3.7/site-packages/airflow/example_dags/example_external_task_marker_dag.py took 0.245 seconds
[2022-02-24 20:08:00,063] {processor.py:163} INFO - Started process (PID=792) to work on /home/airflow/.local/lib/python3.7/site-packages/airflow/example_dags/example_external_task_marker_dag.py
[2022-02-24 20:08:00,065] {processor.py:642} INFO - Processing file /home/airflow/.local/lib/python3.7/site-packages/airflow/example_dags/example_external_task_marker_dag.py for tasks to queue
[2022-02-24 20:08:00,066] {logging_mixin.py:109} INFO - [2022-02-24 20:08:00,066] {dagbag.py:500} INFO - Filling up the DagBag from /home/airflow/.local/lib/python3.7/site-packages/airflow/example_dags/example_external_task_marker_dag.py
[2022-02-24 20:08:00,097] {processor.py:654} INFO - DAG(s) dict_keys(['example_external_task_marker_parent', 'example_external_task_marker_child']) retrieved from /home/airflow/.local/lib/python3.7/site-packages/airflow/example_dags/example_external_task_marker_dag.py
[2022-02-24 20:08:00,111] {logging_mixin.py:109} INFO - [2022-02-24 20:08:00,111] {dag.py:2396} INFO - Sync 2 DAGs
[2022-02-24 20:08:00,129] {logging_mixin.py:109} INFO - [2022-02-24 20:08:00,128] {dag.py:2935} INFO - Setting next_dagrun for example_external_task_marker_child to None
[2022-02-24 20:08:00,129] {logging_mixin.py:109} INFO - [2022-02-24 20:08:00,129] {dag.py:2935} INFO - Setting next_dagrun for example_external_task_marker_parent to None
[2022-02-24 20:08:00,139] {processor.py:171} INFO - Processing /home/airflow/.local/lib/python3.7/site-packages/airflow/example_dags/example_external_task_marker_dag.py took 0.080 seconds
[2022-02-24 20:08:31,010] {processor.py:163} INFO - Started process (PID=847) to work on /home/airflow/.local/lib/python3.7/site-packages/airflow/example_dags/example_external_task_marker_dag.py
[2022-02-24 20:08:31,011] {processor.py:642} INFO - Processing file /home/airflow/.local/lib/python3.7/site-packages/airflow/example_dags/example_external_task_marker_dag.py for tasks to queue
[2022-02-24 20:08:31,013] {logging_mixin.py:109} INFO - [2022-02-24 20:08:31,013] {dagbag.py:500} INFO - Filling up the DagBag from /home/airflow/.local/lib/python3.7/site-packages/airflow/example_dags/example_external_task_marker_dag.py
[2022-02-24 20:08:31,043] {processor.py:654} INFO - DAG(s) dict_keys(['example_external_task_marker_parent', 'example_external_task_marker_child']) retrieved from /home/airflow/.local/lib/python3.7/site-packages/airflow/example_dags/example_external_task_marker_dag.py
[2022-02-24 20:08:31,057] {logging_mixin.py:109} INFO - [2022-02-24 20:08:31,057] {dag.py:2396} INFO - Sync 2 DAGs
[2022-02-24 20:08:31,073] {logging_mixin.py:109} INFO - [2022-02-24 20:08:31,073] {dag.py:2935} INFO - Setting next_dagrun for example_external_task_marker_child to None
[2022-02-24 20:08:31,074] {logging_mixin.py:109} INFO - [2022-02-24 20:08:31,074] {dag.py:2935} INFO - Setting next_dagrun for example_external_task_marker_parent to None
[2022-02-24 20:08:31,083] {processor.py:171} INFO - Processing /home/airflow/.local/lib/python3.7/site-packages/airflow/example_dags/example_external_task_marker_dag.py took 0.082 seconds
[2022-02-24 20:09:01,119] {processor.py:163} INFO - Started process (PID=902) to work on /home/airflow/.local/lib/python3.7/site-packages/airflow/example_dags/example_external_task_marker_dag.py
[2022-02-24 20:09:01,122] {processor.py:642} INFO - Processing file /home/airflow/.local/lib/python3.7/site-packages/airflow/example_dags/example_external_task_marker_dag.py for tasks to queue
[2022-02-24 20:09:01,124] {logging_mixin.py:109} INFO - [2022-02-24 20:09:01,124] {dagbag.py:500} INFO - Filling up the DagBag from /home/airflow/.local/lib/python3.7/site-packages/airflow/example_dags/example_external_task_marker_dag.py
[2022-02-24 20:09:01,158] {processor.py:654} INFO - DAG(s) dict_keys(['example_external_task_marker_parent', 'example_external_task_marker_child']) retrieved from /home/airflow/.local/lib/python3.7/site-packages/airflow/example_dags/example_external_task_marker_dag.py
[2022-02-24 20:09:01,171] {logging_mixin.py:109} INFO - [2022-02-24 20:09:01,171] {dag.py:2396} INFO - Sync 2 DAGs
[2022-02-24 20:09:01,189] {logging_mixin.py:109} INFO - [2022-02-24 20:09:01,188] {dag.py:2935} INFO - Setting next_dagrun for example_external_task_marker_child to None
[2022-02-24 20:09:01,190] {logging_mixin.py:109} INFO - [2022-02-24 20:09:01,190] {dag.py:2935} INFO - Setting next_dagrun for example_external_task_marker_parent to None
[2022-02-24 20:09:01,201] {processor.py:171} INFO - Processing /home/airflow/.local/lib/python3.7/site-packages/airflow/example_dags/example_external_task_marker_dag.py took 0.089 seconds
[2022-02-24 20:09:31,698] {processor.py:163} INFO - Started process (PID=960) to work on /home/airflow/.local/lib/python3.7/site-packages/airflow/example_dags/example_external_task_marker_dag.py
[2022-02-24 20:09:31,707] {processor.py:642} INFO - Processing file /home/airflow/.local/lib/python3.7/site-packages/airflow/example_dags/example_external_task_marker_dag.py for tasks to queue
[2022-02-24 20:09:31,708] {logging_mixin.py:109} INFO - [2022-02-24 20:09:31,708] {dagbag.py:500} INFO - Filling up the DagBag from /home/airflow/.local/lib/python3.7/site-packages/airflow/example_dags/example_external_task_marker_dag.py
[2022-02-24 20:09:31,814] {processor.py:654} INFO - DAG(s) dict_keys(['example_external_task_marker_parent', 'example_external_task_marker_child']) retrieved from /home/airflow/.local/lib/python3.7/site-packages/airflow/example_dags/example_external_task_marker_dag.py
[2022-02-24 20:09:31,885] {logging_mixin.py:109} INFO - [2022-02-24 20:09:31,885] {dag.py:2396} INFO - Sync 2 DAGs
[2022-02-24 20:09:31,921] {logging_mixin.py:109} INFO - [2022-02-24 20:09:31,921] {dag.py:2935} INFO - Setting next_dagrun for example_external_task_marker_child to None
[2022-02-24 20:09:31,922] {logging_mixin.py:109} INFO - [2022-02-24 20:09:31,922] {dag.py:2935} INFO - Setting next_dagrun for example_external_task_marker_parent to None
[2022-02-24 20:09:31,940] {processor.py:171} INFO - Processing /home/airflow/.local/lib/python3.7/site-packages/airflow/example_dags/example_external_task_marker_dag.py took 0.246 seconds
[2022-02-24 20:10:02,193] {processor.py:163} INFO - Started process (PID=1022) to work on /home/airflow/.local/lib/python3.7/site-packages/airflow/example_dags/example_external_task_marker_dag.py
[2022-02-24 20:10:02,195] {processor.py:642} INFO - Processing file /home/airflow/.local/lib/python3.7/site-packages/airflow/example_dags/example_external_task_marker_dag.py for tasks to queue
[2022-02-24 20:10:02,196] {logging_mixin.py:109} INFO - [2022-02-24 20:10:02,196] {dagbag.py:500} INFO - Filling up the DagBag from /home/airflow/.local/lib/python3.7/site-packages/airflow/example_dags/example_external_task_marker_dag.py
[2022-02-24 20:10:02,227] {processor.py:654} INFO - DAG(s) dict_keys(['example_external_task_marker_parent', 'example_external_task_marker_child']) retrieved from /home/airflow/.local/lib/python3.7/site-packages/airflow/example_dags/example_external_task_marker_dag.py
[2022-02-24 20:10:02,242] {logging_mixin.py:109} INFO - [2022-02-24 20:10:02,242] {dag.py:2396} INFO - Sync 2 DAGs
[2022-02-24 20:10:02,259] {logging_mixin.py:109} INFO - [2022-02-24 20:10:02,259] {dag.py:2935} INFO - Setting next_dagrun for example_external_task_marker_child to None
[2022-02-24 20:10:02,260] {logging_mixin.py:109} INFO - [2022-02-24 20:10:02,260] {dag.py:2935} INFO - Setting next_dagrun for example_external_task_marker_parent to None
[2022-02-24 20:10:02,271] {processor.py:171} INFO - Processing /home/airflow/.local/lib/python3.7/site-packages/airflow/example_dags/example_external_task_marker_dag.py took 0.081 seconds
[2022-02-24 20:10:32,734] {processor.py:163} INFO - Started process (PID=1085) to work on /home/airflow/.local/lib/python3.7/site-packages/airflow/example_dags/example_external_task_marker_dag.py
[2022-02-24 20:10:32,736] {processor.py:642} INFO - Processing file /home/airflow/.local/lib/python3.7/site-packages/airflow/example_dags/example_external_task_marker_dag.py for tasks to queue
[2022-02-24 20:10:32,741] {logging_mixin.py:109} INFO - [2022-02-24 20:10:32,741] {dagbag.py:500} INFO - Filling up the DagBag from /home/airflow/.local/lib/python3.7/site-packages/airflow/example_dags/example_external_task_marker_dag.py
[2022-02-24 20:10:32,791] {processor.py:654} INFO - DAG(s) dict_keys(['example_external_task_marker_parent', 'example_external_task_marker_child']) retrieved from /home/airflow/.local/lib/python3.7/site-packages/airflow/example_dags/example_external_task_marker_dag.py
[2022-02-24 20:10:32,816] {logging_mixin.py:109} INFO - [2022-02-24 20:10:32,816] {dag.py:2396} INFO - Sync 2 DAGs
[2022-02-24 20:10:32,844] {logging_mixin.py:109} INFO - [2022-02-24 20:10:32,844] {dag.py:2935} INFO - Setting next_dagrun for example_external_task_marker_child to None
[2022-02-24 20:10:32,868] {logging_mixin.py:109} INFO - [2022-02-24 20:10:32,868] {dag.py:2935} INFO - Setting next_dagrun for example_external_task_marker_parent to None
[2022-02-24 20:10:32,890] {processor.py:171} INFO - Processing /home/airflow/.local/lib/python3.7/site-packages/airflow/example_dags/example_external_task_marker_dag.py took 0.175 seconds
[2022-02-24 20:11:03,727] {processor.py:163} INFO - Started process (PID=1140) to work on /home/airflow/.local/lib/python3.7/site-packages/airflow/example_dags/example_external_task_marker_dag.py
[2022-02-24 20:11:03,735] {processor.py:642} INFO - Processing file /home/airflow/.local/lib/python3.7/site-packages/airflow/example_dags/example_external_task_marker_dag.py for tasks to queue
[2022-02-24 20:11:03,737] {logging_mixin.py:109} INFO - [2022-02-24 20:11:03,737] {dagbag.py:500} INFO - Filling up the DagBag from /home/airflow/.local/lib/python3.7/site-packages/airflow/example_dags/example_external_task_marker_dag.py
[2022-02-24 20:11:03,781] {processor.py:654} INFO - DAG(s) dict_keys(['example_external_task_marker_parent', 'example_external_task_marker_child']) retrieved from /home/airflow/.local/lib/python3.7/site-packages/airflow/example_dags/example_external_task_marker_dag.py
[2022-02-24 20:11:03,794] {logging_mixin.py:109} INFO - [2022-02-24 20:11:03,794] {dag.py:2396} INFO - Sync 2 DAGs
[2022-02-24 20:11:03,811] {logging_mixin.py:109} INFO - [2022-02-24 20:11:03,810] {dag.py:2935} INFO - Setting next_dagrun for example_external_task_marker_child to None
[2022-02-24 20:11:03,811] {logging_mixin.py:109} INFO - [2022-02-24 20:11:03,811] {dag.py:2935} INFO - Setting next_dagrun for example_external_task_marker_parent to None
[2022-02-24 20:11:03,820] {processor.py:171} INFO - Processing /home/airflow/.local/lib/python3.7/site-packages/airflow/example_dags/example_external_task_marker_dag.py took 0.106 seconds
[2022-02-24 20:11:34,077] {processor.py:163} INFO - Started process (PID=1193) to work on /home/airflow/.local/lib/python3.7/site-packages/airflow/example_dags/example_external_task_marker_dag.py
[2022-02-24 20:11:34,080] {processor.py:642} INFO - Processing file /home/airflow/.local/lib/python3.7/site-packages/airflow/example_dags/example_external_task_marker_dag.py for tasks to queue
[2022-02-24 20:11:34,082] {logging_mixin.py:109} INFO - [2022-02-24 20:11:34,082] {dagbag.py:500} INFO - Filling up the DagBag from /home/airflow/.local/lib/python3.7/site-packages/airflow/example_dags/example_external_task_marker_dag.py
[2022-02-24 20:11:34,115] {processor.py:654} INFO - DAG(s) dict_keys(['example_external_task_marker_parent', 'example_external_task_marker_child']) retrieved from /home/airflow/.local/lib/python3.7/site-packages/airflow/example_dags/example_external_task_marker_dag.py
[2022-02-24 20:11:34,131] {logging_mixin.py:109} INFO - [2022-02-24 20:11:34,131] {dag.py:2396} INFO - Sync 2 DAGs
[2022-02-24 20:11:34,152] {logging_mixin.py:109} INFO - [2022-02-24 20:11:34,152] {dag.py:2935} INFO - Setting next_dagrun for example_external_task_marker_child to None
[2022-02-24 20:11:34,153] {logging_mixin.py:109} INFO - [2022-02-24 20:11:34,153] {dag.py:2935} INFO - Setting next_dagrun for example_external_task_marker_parent to None
[2022-02-24 20:11:34,168] {processor.py:171} INFO - Processing /home/airflow/.local/lib/python3.7/site-packages/airflow/example_dags/example_external_task_marker_dag.py took 0.101 seconds
[2022-02-24 20:12:04,674] {processor.py:163} INFO - Started process (PID=1248) to work on /home/airflow/.local/lib/python3.7/site-packages/airflow/example_dags/example_external_task_marker_dag.py
[2022-02-24 20:12:04,676] {processor.py:642} INFO - Processing file /home/airflow/.local/lib/python3.7/site-packages/airflow/example_dags/example_external_task_marker_dag.py for tasks to queue
[2022-02-24 20:12:04,677] {logging_mixin.py:109} INFO - [2022-02-24 20:12:04,677] {dagbag.py:500} INFO - Filling up the DagBag from /home/airflow/.local/lib/python3.7/site-packages/airflow/example_dags/example_external_task_marker_dag.py
[2022-02-24 20:12:04,706] {processor.py:654} INFO - DAG(s) dict_keys(['example_external_task_marker_parent', 'example_external_task_marker_child']) retrieved from /home/airflow/.local/lib/python3.7/site-packages/airflow/example_dags/example_external_task_marker_dag.py
[2022-02-24 20:12:04,720] {logging_mixin.py:109} INFO - [2022-02-24 20:12:04,719] {dag.py:2396} INFO - Sync 2 DAGs
[2022-02-24 20:12:04,739] {logging_mixin.py:109} INFO - [2022-02-24 20:12:04,739] {dag.py:2935} INFO - Setting next_dagrun for example_external_task_marker_child to None
[2022-02-24 20:12:04,740] {logging_mixin.py:109} INFO - [2022-02-24 20:12:04,740] {dag.py:2935} INFO - Setting next_dagrun for example_external_task_marker_parent to None
[2022-02-24 20:12:04,752] {processor.py:171} INFO - Processing /home/airflow/.local/lib/python3.7/site-packages/airflow/example_dags/example_external_task_marker_dag.py took 0.084 seconds
