[2022-02-24 19:54:10,473] {processor.py:163} INFO - Started process (PID=234) to work on /home/airflow/.local/lib/python3.7/site-packages/airflow/example_dags/example_branch_labels.py
[2022-02-24 19:54:10,476] {processor.py:642} INFO - Processing file /home/airflow/.local/lib/python3.7/site-packages/airflow/example_dags/example_branch_labels.py for tasks to queue
[2022-02-24 19:54:10,480] {logging_mixin.py:109} INFO - [2022-02-24 19:54:10,479] {dagbag.py:500} INFO - Filling up the DagBag from /home/airflow/.local/lib/python3.7/site-packages/airflow/example_dags/example_branch_labels.py
[2022-02-24 19:54:10,535] {processor.py:654} INFO - DAG(s) dict_keys(['example_branch_labels']) retrieved from /home/airflow/.local/lib/python3.7/site-packages/airflow/example_dags/example_branch_labels.py
[2022-02-24 19:54:13,491] {logging_mixin.py:109} INFO - [2022-02-24 19:54:13,491] {manager.py:496} INFO - Created Permission View: can read on DAG:example_branch_labels
[2022-02-24 19:54:13,500] {logging_mixin.py:109} INFO - [2022-02-24 19:54:13,500] {manager.py:496} INFO - Created Permission View: can edit on DAG:example_branch_labels
[2022-02-24 19:54:13,501] {logging_mixin.py:109} INFO - [2022-02-24 19:54:13,501] {dag.py:2396} INFO - Sync 1 DAGs
[2022-02-24 19:54:13,518] {logging_mixin.py:109} INFO - [2022-02-24 19:54:13,518] {dag.py:2415} INFO - Creating ORM DAG for example_branch_labels
[2022-02-24 19:54:13,534] {logging_mixin.py:109} INFO - [2022-02-24 19:54:13,533] {dag.py:2935} INFO - Setting next_dagrun for example_branch_labels to 2022-02-23 00:00:00+00:00
[2022-02-24 19:54:13,555] {processor.py:171} INFO - Processing /home/airflow/.local/lib/python3.7/site-packages/airflow/example_dags/example_branch_labels.py took 3.092 seconds
[2022-02-24 19:54:44,230] {processor.py:163} INFO - Started process (PID=301) to work on /home/airflow/.local/lib/python3.7/site-packages/airflow/example_dags/example_branch_labels.py
[2022-02-24 19:54:44,236] {processor.py:642} INFO - Processing file /home/airflow/.local/lib/python3.7/site-packages/airflow/example_dags/example_branch_labels.py for tasks to queue
[2022-02-24 19:54:44,238] {logging_mixin.py:109} INFO - [2022-02-24 19:54:44,238] {dagbag.py:500} INFO - Filling up the DagBag from /home/airflow/.local/lib/python3.7/site-packages/airflow/example_dags/example_branch_labels.py
[2022-02-24 19:54:44,462] {processor.py:654} INFO - DAG(s) dict_keys(['example_branch_labels']) retrieved from /home/airflow/.local/lib/python3.7/site-packages/airflow/example_dags/example_branch_labels.py
[2022-02-24 19:54:44,579] {logging_mixin.py:109} INFO - [2022-02-24 19:54:44,578] {dag.py:2396} INFO - Sync 1 DAGs
[2022-02-24 19:54:44,811] {logging_mixin.py:109} INFO - [2022-02-24 19:54:44,811] {dag.py:2935} INFO - Setting next_dagrun for example_branch_labels to 2022-02-23 00:00:00+00:00
[2022-02-24 19:54:44,872] {processor.py:171} INFO - Processing /home/airflow/.local/lib/python3.7/site-packages/airflow/example_dags/example_branch_labels.py took 0.647 seconds
[2022-02-24 19:55:15,764] {processor.py:163} INFO - Started process (PID=364) to work on /home/airflow/.local/lib/python3.7/site-packages/airflow/example_dags/example_branch_labels.py
[2022-02-24 19:55:15,767] {processor.py:642} INFO - Processing file /home/airflow/.local/lib/python3.7/site-packages/airflow/example_dags/example_branch_labels.py for tasks to queue
[2022-02-24 19:55:15,771] {logging_mixin.py:109} INFO - [2022-02-24 19:55:15,770] {dagbag.py:500} INFO - Filling up the DagBag from /home/airflow/.local/lib/python3.7/site-packages/airflow/example_dags/example_branch_labels.py
[2022-02-24 19:55:15,813] {processor.py:654} INFO - DAG(s) dict_keys(['example_branch_labels']) retrieved from /home/airflow/.local/lib/python3.7/site-packages/airflow/example_dags/example_branch_labels.py
[2022-02-24 19:55:15,827] {logging_mixin.py:109} INFO - [2022-02-24 19:55:15,827] {dag.py:2396} INFO - Sync 1 DAGs
[2022-02-24 19:55:15,850] {logging_mixin.py:109} INFO - [2022-02-24 19:55:15,850] {dag.py:2935} INFO - Setting next_dagrun for example_branch_labels to 2022-02-23 00:00:00+00:00
[2022-02-24 19:55:15,859] {processor.py:171} INFO - Processing /home/airflow/.local/lib/python3.7/site-packages/airflow/example_dags/example_branch_labels.py took 0.105 seconds
[2022-02-24 19:55:45,950] {processor.py:163} INFO - Started process (PID=425) to work on /home/airflow/.local/lib/python3.7/site-packages/airflow/example_dags/example_branch_labels.py
[2022-02-24 19:55:45,952] {processor.py:642} INFO - Processing file /home/airflow/.local/lib/python3.7/site-packages/airflow/example_dags/example_branch_labels.py for tasks to queue
[2022-02-24 19:55:45,953] {logging_mixin.py:109} INFO - [2022-02-24 19:55:45,953] {dagbag.py:500} INFO - Filling up the DagBag from /home/airflow/.local/lib/python3.7/site-packages/airflow/example_dags/example_branch_labels.py
[2022-02-24 19:55:45,990] {processor.py:654} INFO - DAG(s) dict_keys(['example_branch_labels']) retrieved from /home/airflow/.local/lib/python3.7/site-packages/airflow/example_dags/example_branch_labels.py
[2022-02-24 19:55:46,007] {logging_mixin.py:109} INFO - [2022-02-24 19:55:46,007] {dag.py:2396} INFO - Sync 1 DAGs
[2022-02-24 19:55:46,039] {logging_mixin.py:109} INFO - [2022-02-24 19:55:46,039] {dag.py:2935} INFO - Setting next_dagrun for example_branch_labels to 2022-02-23 00:00:00+00:00
[2022-02-24 19:55:46,050] {processor.py:171} INFO - Processing /home/airflow/.local/lib/python3.7/site-packages/airflow/example_dags/example_branch_labels.py took 0.103 seconds
[2022-02-24 19:56:16,711] {processor.py:163} INFO - Started process (PID=479) to work on /home/airflow/.local/lib/python3.7/site-packages/airflow/example_dags/example_branch_labels.py
[2022-02-24 19:56:16,712] {processor.py:642} INFO - Processing file /home/airflow/.local/lib/python3.7/site-packages/airflow/example_dags/example_branch_labels.py for tasks to queue
[2022-02-24 19:56:16,713] {logging_mixin.py:109} INFO - [2022-02-24 19:56:16,713] {dagbag.py:500} INFO - Filling up the DagBag from /home/airflow/.local/lib/python3.7/site-packages/airflow/example_dags/example_branch_labels.py
[2022-02-24 19:56:16,745] {processor.py:654} INFO - DAG(s) dict_keys(['example_branch_labels']) retrieved from /home/airflow/.local/lib/python3.7/site-packages/airflow/example_dags/example_branch_labels.py
[2022-02-24 19:56:16,756] {logging_mixin.py:109} INFO - [2022-02-24 19:56:16,756] {dag.py:2396} INFO - Sync 1 DAGs
[2022-02-24 19:56:16,775] {logging_mixin.py:109} INFO - [2022-02-24 19:56:16,775] {dag.py:2935} INFO - Setting next_dagrun for example_branch_labels to 2022-02-23 00:00:00+00:00
[2022-02-24 19:56:16,784] {processor.py:171} INFO - Processing /home/airflow/.local/lib/python3.7/site-packages/airflow/example_dags/example_branch_labels.py took 0.077 seconds
[2022-02-24 19:56:47,936] {processor.py:163} INFO - Started process (PID=533) to work on /home/airflow/.local/lib/python3.7/site-packages/airflow/example_dags/example_branch_labels.py
[2022-02-24 19:56:47,938] {processor.py:642} INFO - Processing file /home/airflow/.local/lib/python3.7/site-packages/airflow/example_dags/example_branch_labels.py for tasks to queue
[2022-02-24 19:56:47,939] {logging_mixin.py:109} INFO - [2022-02-24 19:56:47,939] {dagbag.py:500} INFO - Filling up the DagBag from /home/airflow/.local/lib/python3.7/site-packages/airflow/example_dags/example_branch_labels.py
[2022-02-24 19:56:47,967] {processor.py:654} INFO - DAG(s) dict_keys(['example_branch_labels']) retrieved from /home/airflow/.local/lib/python3.7/site-packages/airflow/example_dags/example_branch_labels.py
[2022-02-24 19:56:47,978] {logging_mixin.py:109} INFO - [2022-02-24 19:56:47,978] {dag.py:2396} INFO - Sync 1 DAGs
[2022-02-24 19:56:47,996] {logging_mixin.py:109} INFO - [2022-02-24 19:56:47,996] {dag.py:2935} INFO - Setting next_dagrun for example_branch_labels to 2022-02-23 00:00:00+00:00
[2022-02-24 19:56:48,005] {processor.py:171} INFO - Processing /home/airflow/.local/lib/python3.7/site-packages/airflow/example_dags/example_branch_labels.py took 0.072 seconds
[2022-02-24 19:57:18,353] {processor.py:163} INFO - Started process (PID=598) to work on /home/airflow/.local/lib/python3.7/site-packages/airflow/example_dags/example_branch_labels.py
[2022-02-24 19:57:18,361] {processor.py:642} INFO - Processing file /home/airflow/.local/lib/python3.7/site-packages/airflow/example_dags/example_branch_labels.py for tasks to queue
[2022-02-24 19:57:18,363] {logging_mixin.py:109} INFO - [2022-02-24 19:57:18,362] {dagbag.py:500} INFO - Filling up the DagBag from /home/airflow/.local/lib/python3.7/site-packages/airflow/example_dags/example_branch_labels.py
[2022-02-24 19:57:18,501] {processor.py:654} INFO - DAG(s) dict_keys(['example_branch_labels']) retrieved from /home/airflow/.local/lib/python3.7/site-packages/airflow/example_dags/example_branch_labels.py
[2022-02-24 19:57:18,570] {logging_mixin.py:109} INFO - [2022-02-24 19:57:18,570] {dag.py:2396} INFO - Sync 1 DAGs
[2022-02-24 19:57:18,694] {logging_mixin.py:109} INFO - [2022-02-24 19:57:18,680] {dag.py:2935} INFO - Setting next_dagrun for example_branch_labels to 2022-02-23 00:00:00+00:00
[2022-02-24 19:57:18,735] {processor.py:171} INFO - Processing /home/airflow/.local/lib/python3.7/site-packages/airflow/example_dags/example_branch_labels.py took 0.389 seconds
[2022-02-24 19:57:49,162] {processor.py:163} INFO - Started process (PID=652) to work on /home/airflow/.local/lib/python3.7/site-packages/airflow/example_dags/example_branch_labels.py
[2022-02-24 19:57:49,165] {processor.py:642} INFO - Processing file /home/airflow/.local/lib/python3.7/site-packages/airflow/example_dags/example_branch_labels.py for tasks to queue
[2022-02-24 19:57:49,166] {logging_mixin.py:109} INFO - [2022-02-24 19:57:49,166] {dagbag.py:500} INFO - Filling up the DagBag from /home/airflow/.local/lib/python3.7/site-packages/airflow/example_dags/example_branch_labels.py
[2022-02-24 19:57:49,223] {processor.py:654} INFO - DAG(s) dict_keys(['example_branch_labels']) retrieved from /home/airflow/.local/lib/python3.7/site-packages/airflow/example_dags/example_branch_labels.py
[2022-02-24 19:57:49,243] {logging_mixin.py:109} INFO - [2022-02-24 19:57:49,243] {dag.py:2396} INFO - Sync 1 DAGs
[2022-02-24 19:57:49,275] {logging_mixin.py:109} INFO - [2022-02-24 19:57:49,275] {dag.py:2935} INFO - Setting next_dagrun for example_branch_labels to 2022-02-23 00:00:00+00:00
[2022-02-24 19:57:49,288] {processor.py:171} INFO - Processing /home/airflow/.local/lib/python3.7/site-packages/airflow/example_dags/example_branch_labels.py took 0.134 seconds
[2022-02-24 20:01:27,560] {processor.py:163} INFO - Started process (PID=85) to work on /home/airflow/.local/lib/python3.7/site-packages/airflow/example_dags/example_branch_labels.py
[2022-02-24 20:01:27,586] {processor.py:642} INFO - Processing file /home/airflow/.local/lib/python3.7/site-packages/airflow/example_dags/example_branch_labels.py for tasks to queue
[2022-02-24 20:01:27,588] {logging_mixin.py:109} INFO - [2022-02-24 20:01:27,588] {dagbag.py:500} INFO - Filling up the DagBag from /home/airflow/.local/lib/python3.7/site-packages/airflow/example_dags/example_branch_labels.py
[2022-02-24 20:01:27,880] {processor.py:654} INFO - DAG(s) dict_keys(['example_branch_labels']) retrieved from /home/airflow/.local/lib/python3.7/site-packages/airflow/example_dags/example_branch_labels.py
[2022-02-24 20:01:27,941] {logging_mixin.py:109} INFO - [2022-02-24 20:01:27,941] {dag.py:2396} INFO - Sync 1 DAGs
[2022-02-24 20:01:28,047] {logging_mixin.py:109} INFO - [2022-02-24 20:01:28,047] {dag.py:2935} INFO - Setting next_dagrun for example_branch_labels to 2022-02-23 00:00:00+00:00
[2022-02-24 20:01:28,108] {processor.py:171} INFO - Processing /home/airflow/.local/lib/python3.7/site-packages/airflow/example_dags/example_branch_labels.py took 0.571 seconds
[2022-02-24 20:01:59,480] {processor.py:163} INFO - Started process (PID=140) to work on /home/airflow/.local/lib/python3.7/site-packages/airflow/example_dags/example_branch_labels.py
[2022-02-24 20:01:59,484] {processor.py:642} INFO - Processing file /home/airflow/.local/lib/python3.7/site-packages/airflow/example_dags/example_branch_labels.py for tasks to queue
[2022-02-24 20:01:59,487] {logging_mixin.py:109} INFO - [2022-02-24 20:01:59,487] {dagbag.py:500} INFO - Filling up the DagBag from /home/airflow/.local/lib/python3.7/site-packages/airflow/example_dags/example_branch_labels.py
[2022-02-24 20:01:59,595] {processor.py:654} INFO - DAG(s) dict_keys(['example_branch_labels']) retrieved from /home/airflow/.local/lib/python3.7/site-packages/airflow/example_dags/example_branch_labels.py
[2022-02-24 20:01:59,644] {logging_mixin.py:109} INFO - [2022-02-24 20:01:59,644] {dag.py:2396} INFO - Sync 1 DAGs
[2022-02-24 20:01:59,708] {logging_mixin.py:109} INFO - [2022-02-24 20:01:59,707] {dag.py:2935} INFO - Setting next_dagrun for example_branch_labels to 2022-02-23 00:00:00+00:00
[2022-02-24 20:01:59,739] {processor.py:171} INFO - Processing /home/airflow/.local/lib/python3.7/site-packages/airflow/example_dags/example_branch_labels.py took 0.271 seconds
[2022-02-24 20:02:33,554] {processor.py:163} INFO - Started process (PID=203) to work on /home/airflow/.local/lib/python3.7/site-packages/airflow/example_dags/example_branch_labels.py
[2022-02-24 20:02:33,561] {processor.py:642} INFO - Processing file /home/airflow/.local/lib/python3.7/site-packages/airflow/example_dags/example_branch_labels.py for tasks to queue
[2022-02-24 20:02:33,569] {logging_mixin.py:109} INFO - [2022-02-24 20:02:33,569] {dagbag.py:500} INFO - Filling up the DagBag from /home/airflow/.local/lib/python3.7/site-packages/airflow/example_dags/example_branch_labels.py
[2022-02-24 20:02:33,706] {processor.py:654} INFO - DAG(s) dict_keys(['example_branch_labels']) retrieved from /home/airflow/.local/lib/python3.7/site-packages/airflow/example_dags/example_branch_labels.py
[2022-02-24 20:02:33,771] {logging_mixin.py:109} INFO - [2022-02-24 20:02:33,770] {dag.py:2396} INFO - Sync 1 DAGs
[2022-02-24 20:02:33,870] {logging_mixin.py:109} INFO - [2022-02-24 20:02:33,870] {dag.py:2935} INFO - Setting next_dagrun for example_branch_labels to 2022-02-23 00:00:00+00:00
[2022-02-24 20:02:33,911] {processor.py:171} INFO - Processing /home/airflow/.local/lib/python3.7/site-packages/airflow/example_dags/example_branch_labels.py took 0.369 seconds
[2022-02-24 20:03:04,081] {processor.py:163} INFO - Started process (PID=249) to work on /home/airflow/.local/lib/python3.7/site-packages/airflow/example_dags/example_branch_labels.py
[2022-02-24 20:03:04,083] {processor.py:642} INFO - Processing file /home/airflow/.local/lib/python3.7/site-packages/airflow/example_dags/example_branch_labels.py for tasks to queue
[2022-02-24 20:03:04,084] {logging_mixin.py:109} INFO - [2022-02-24 20:03:04,084] {dagbag.py:500} INFO - Filling up the DagBag from /home/airflow/.local/lib/python3.7/site-packages/airflow/example_dags/example_branch_labels.py
[2022-02-24 20:03:04,111] {processor.py:654} INFO - DAG(s) dict_keys(['example_branch_labels']) retrieved from /home/airflow/.local/lib/python3.7/site-packages/airflow/example_dags/example_branch_labels.py
[2022-02-24 20:03:04,122] {logging_mixin.py:109} INFO - [2022-02-24 20:03:04,122] {dag.py:2396} INFO - Sync 1 DAGs
[2022-02-24 20:03:04,142] {logging_mixin.py:109} INFO - [2022-02-24 20:03:04,142] {dag.py:2935} INFO - Setting next_dagrun for example_branch_labels to 2022-02-23 00:00:00+00:00
[2022-02-24 20:03:04,151] {processor.py:171} INFO - Processing /home/airflow/.local/lib/python3.7/site-packages/airflow/example_dags/example_branch_labels.py took 0.073 seconds
[2022-02-24 20:03:34,460] {processor.py:163} INFO - Started process (PID=304) to work on /home/airflow/.local/lib/python3.7/site-packages/airflow/example_dags/example_branch_labels.py
[2022-02-24 20:03:34,462] {processor.py:642} INFO - Processing file /home/airflow/.local/lib/python3.7/site-packages/airflow/example_dags/example_branch_labels.py for tasks to queue
[2022-02-24 20:03:34,465] {logging_mixin.py:109} INFO - [2022-02-24 20:03:34,463] {dagbag.py:500} INFO - Filling up the DagBag from /home/airflow/.local/lib/python3.7/site-packages/airflow/example_dags/example_branch_labels.py
[2022-02-24 20:03:34,521] {processor.py:654} INFO - DAG(s) dict_keys(['example_branch_labels']) retrieved from /home/airflow/.local/lib/python3.7/site-packages/airflow/example_dags/example_branch_labels.py
[2022-02-24 20:03:34,547] {logging_mixin.py:109} INFO - [2022-02-24 20:03:34,547] {dag.py:2396} INFO - Sync 1 DAGs
[2022-02-24 20:03:34,607] {logging_mixin.py:109} INFO - [2022-02-24 20:03:34,607] {dag.py:2935} INFO - Setting next_dagrun for example_branch_labels to 2022-02-23 00:00:00+00:00
[2022-02-24 20:03:34,667] {processor.py:171} INFO - Processing /home/airflow/.local/lib/python3.7/site-packages/airflow/example_dags/example_branch_labels.py took 0.215 seconds
[2022-02-24 20:04:05,202] {processor.py:163} INFO - Started process (PID=362) to work on /home/airflow/.local/lib/python3.7/site-packages/airflow/example_dags/example_branch_labels.py
[2022-02-24 20:04:05,209] {processor.py:642} INFO - Processing file /home/airflow/.local/lib/python3.7/site-packages/airflow/example_dags/example_branch_labels.py for tasks to queue
[2022-02-24 20:04:05,212] {logging_mixin.py:109} INFO - [2022-02-24 20:04:05,211] {dagbag.py:500} INFO - Filling up the DagBag from /home/airflow/.local/lib/python3.7/site-packages/airflow/example_dags/example_branch_labels.py
[2022-02-24 20:04:05,303] {processor.py:654} INFO - DAG(s) dict_keys(['example_branch_labels']) retrieved from /home/airflow/.local/lib/python3.7/site-packages/airflow/example_dags/example_branch_labels.py
[2022-02-24 20:04:05,348] {logging_mixin.py:109} INFO - [2022-02-24 20:04:05,348] {dag.py:2396} INFO - Sync 1 DAGs
[2022-02-24 20:04:05,407] {logging_mixin.py:109} INFO - [2022-02-24 20:04:05,406] {dag.py:2935} INFO - Setting next_dagrun for example_branch_labels to 2022-02-23 00:00:00+00:00
[2022-02-24 20:04:05,438] {processor.py:171} INFO - Processing /home/airflow/.local/lib/python3.7/site-packages/airflow/example_dags/example_branch_labels.py took 0.245 seconds
[2022-02-24 20:04:35,839] {processor.py:163} INFO - Started process (PID=423) to work on /home/airflow/.local/lib/python3.7/site-packages/airflow/example_dags/example_branch_labels.py
[2022-02-24 20:04:35,851] {processor.py:642} INFO - Processing file /home/airflow/.local/lib/python3.7/site-packages/airflow/example_dags/example_branch_labels.py for tasks to queue
[2022-02-24 20:04:35,855] {logging_mixin.py:109} INFO - [2022-02-24 20:04:35,855] {dagbag.py:500} INFO - Filling up the DagBag from /home/airflow/.local/lib/python3.7/site-packages/airflow/example_dags/example_branch_labels.py
[2022-02-24 20:04:36,036] {processor.py:654} INFO - DAG(s) dict_keys(['example_branch_labels']) retrieved from /home/airflow/.local/lib/python3.7/site-packages/airflow/example_dags/example_branch_labels.py
[2022-02-24 20:04:36,091] {logging_mixin.py:109} INFO - [2022-02-24 20:04:36,091] {dag.py:2396} INFO - Sync 1 DAGs
[2022-02-24 20:04:36,148] {logging_mixin.py:109} INFO - [2022-02-24 20:04:36,148] {dag.py:2935} INFO - Setting next_dagrun for example_branch_labels to 2022-02-23 00:00:00+00:00
[2022-02-24 20:04:36,177] {processor.py:171} INFO - Processing /home/airflow/.local/lib/python3.7/site-packages/airflow/example_dags/example_branch_labels.py took 0.358 seconds
[2022-02-24 20:05:06,866] {processor.py:163} INFO - Started process (PID=480) to work on /home/airflow/.local/lib/python3.7/site-packages/airflow/example_dags/example_branch_labels.py
[2022-02-24 20:05:06,868] {processor.py:642} INFO - Processing file /home/airflow/.local/lib/python3.7/site-packages/airflow/example_dags/example_branch_labels.py for tasks to queue
[2022-02-24 20:05:06,870] {logging_mixin.py:109} INFO - [2022-02-24 20:05:06,870] {dagbag.py:500} INFO - Filling up the DagBag from /home/airflow/.local/lib/python3.7/site-packages/airflow/example_dags/example_branch_labels.py
[2022-02-24 20:05:06,923] {processor.py:654} INFO - DAG(s) dict_keys(['example_branch_labels']) retrieved from /home/airflow/.local/lib/python3.7/site-packages/airflow/example_dags/example_branch_labels.py
[2022-02-24 20:05:06,944] {logging_mixin.py:109} INFO - [2022-02-24 20:05:06,942] {dag.py:2396} INFO - Sync 1 DAGs
[2022-02-24 20:05:06,975] {logging_mixin.py:109} INFO - [2022-02-24 20:05:06,974] {dag.py:2935} INFO - Setting next_dagrun for example_branch_labels to 2022-02-23 00:00:00+00:00
[2022-02-24 20:05:06,995] {processor.py:171} INFO - Processing /home/airflow/.local/lib/python3.7/site-packages/airflow/example_dags/example_branch_labels.py took 0.132 seconds
[2022-02-24 20:05:37,918] {processor.py:163} INFO - Started process (PID=534) to work on /home/airflow/.local/lib/python3.7/site-packages/airflow/example_dags/example_branch_labels.py
[2022-02-24 20:05:37,921] {processor.py:642} INFO - Processing file /home/airflow/.local/lib/python3.7/site-packages/airflow/example_dags/example_branch_labels.py for tasks to queue
[2022-02-24 20:05:37,923] {logging_mixin.py:109} INFO - [2022-02-24 20:05:37,922] {dagbag.py:500} INFO - Filling up the DagBag from /home/airflow/.local/lib/python3.7/site-packages/airflow/example_dags/example_branch_labels.py
[2022-02-24 20:05:37,978] {processor.py:654} INFO - DAG(s) dict_keys(['example_branch_labels']) retrieved from /home/airflow/.local/lib/python3.7/site-packages/airflow/example_dags/example_branch_labels.py
[2022-02-24 20:05:37,992] {logging_mixin.py:109} INFO - [2022-02-24 20:05:37,992] {dag.py:2396} INFO - Sync 1 DAGs
[2022-02-24 20:05:38,017] {logging_mixin.py:109} INFO - [2022-02-24 20:05:38,017] {dag.py:2935} INFO - Setting next_dagrun for example_branch_labels to 2022-02-23 00:00:00+00:00
[2022-02-24 20:05:38,029] {processor.py:171} INFO - Processing /home/airflow/.local/lib/python3.7/site-packages/airflow/example_dags/example_branch_labels.py took 0.114 seconds
[2022-02-24 20:06:08,905] {processor.py:163} INFO - Started process (PID=590) to work on /home/airflow/.local/lib/python3.7/site-packages/airflow/example_dags/example_branch_labels.py
[2022-02-24 20:06:08,907] {processor.py:642} INFO - Processing file /home/airflow/.local/lib/python3.7/site-packages/airflow/example_dags/example_branch_labels.py for tasks to queue
[2022-02-24 20:06:08,909] {logging_mixin.py:109} INFO - [2022-02-24 20:06:08,909] {dagbag.py:500} INFO - Filling up the DagBag from /home/airflow/.local/lib/python3.7/site-packages/airflow/example_dags/example_branch_labels.py
[2022-02-24 20:06:08,937] {processor.py:654} INFO - DAG(s) dict_keys(['example_branch_labels']) retrieved from /home/airflow/.local/lib/python3.7/site-packages/airflow/example_dags/example_branch_labels.py
[2022-02-24 20:06:08,947] {logging_mixin.py:109} INFO - [2022-02-24 20:06:08,947] {dag.py:2396} INFO - Sync 1 DAGs
[2022-02-24 20:06:08,969] {logging_mixin.py:109} INFO - [2022-02-24 20:06:08,969] {dag.py:2935} INFO - Setting next_dagrun for example_branch_labels to 2022-02-23 00:00:00+00:00
[2022-02-24 20:06:08,981] {processor.py:171} INFO - Processing /home/airflow/.local/lib/python3.7/site-packages/airflow/example_dags/example_branch_labels.py took 0.082 seconds
[2022-02-24 20:06:39,854] {processor.py:163} INFO - Started process (PID=644) to work on /home/airflow/.local/lib/python3.7/site-packages/airflow/example_dags/example_branch_labels.py
[2022-02-24 20:06:39,856] {processor.py:642} INFO - Processing file /home/airflow/.local/lib/python3.7/site-packages/airflow/example_dags/example_branch_labels.py for tasks to queue
[2022-02-24 20:06:39,862] {logging_mixin.py:109} INFO - [2022-02-24 20:06:39,861] {dagbag.py:500} INFO - Filling up the DagBag from /home/airflow/.local/lib/python3.7/site-packages/airflow/example_dags/example_branch_labels.py
[2022-02-24 20:06:39,941] {processor.py:654} INFO - DAG(s) dict_keys(['example_branch_labels']) retrieved from /home/airflow/.local/lib/python3.7/site-packages/airflow/example_dags/example_branch_labels.py
[2022-02-24 20:06:39,960] {logging_mixin.py:109} INFO - [2022-02-24 20:06:39,959] {dag.py:2396} INFO - Sync 1 DAGs
[2022-02-24 20:06:40,001] {logging_mixin.py:109} INFO - [2022-02-24 20:06:40,001] {dag.py:2935} INFO - Setting next_dagrun for example_branch_labels to 2022-02-23 00:00:00+00:00
[2022-02-24 20:06:40,013] {processor.py:171} INFO - Processing /home/airflow/.local/lib/python3.7/site-packages/airflow/example_dags/example_branch_labels.py took 0.166 seconds
[2022-02-24 20:07:10,089] {processor.py:163} INFO - Started process (PID=700) to work on /home/airflow/.local/lib/python3.7/site-packages/airflow/example_dags/example_branch_labels.py
[2022-02-24 20:07:10,092] {processor.py:642} INFO - Processing file /home/airflow/.local/lib/python3.7/site-packages/airflow/example_dags/example_branch_labels.py for tasks to queue
[2022-02-24 20:07:10,094] {logging_mixin.py:109} INFO - [2022-02-24 20:07:10,093] {dagbag.py:500} INFO - Filling up the DagBag from /home/airflow/.local/lib/python3.7/site-packages/airflow/example_dags/example_branch_labels.py
[2022-02-24 20:07:10,134] {processor.py:654} INFO - DAG(s) dict_keys(['example_branch_labels']) retrieved from /home/airflow/.local/lib/python3.7/site-packages/airflow/example_dags/example_branch_labels.py
[2022-02-24 20:07:10,151] {logging_mixin.py:109} INFO - [2022-02-24 20:07:10,151] {dag.py:2396} INFO - Sync 1 DAGs
[2022-02-24 20:07:10,173] {logging_mixin.py:109} INFO - [2022-02-24 20:07:10,173] {dag.py:2935} INFO - Setting next_dagrun for example_branch_labels to 2022-02-23 00:00:00+00:00
[2022-02-24 20:07:10,185] {processor.py:171} INFO - Processing /home/airflow/.local/lib/python3.7/site-packages/airflow/example_dags/example_branch_labels.py took 0.102 seconds
[2022-02-24 20:07:40,397] {processor.py:163} INFO - Started process (PID=760) to work on /home/airflow/.local/lib/python3.7/site-packages/airflow/example_dags/example_branch_labels.py
[2022-02-24 20:07:40,408] {processor.py:642} INFO - Processing file /home/airflow/.local/lib/python3.7/site-packages/airflow/example_dags/example_branch_labels.py for tasks to queue
[2022-02-24 20:07:40,411] {logging_mixin.py:109} INFO - [2022-02-24 20:07:40,411] {dagbag.py:500} INFO - Filling up the DagBag from /home/airflow/.local/lib/python3.7/site-packages/airflow/example_dags/example_branch_labels.py
[2022-02-24 20:07:40,504] {processor.py:654} INFO - DAG(s) dict_keys(['example_branch_labels']) retrieved from /home/airflow/.local/lib/python3.7/site-packages/airflow/example_dags/example_branch_labels.py
[2022-02-24 20:07:40,527] {logging_mixin.py:109} INFO - [2022-02-24 20:07:40,527] {dag.py:2396} INFO - Sync 1 DAGs
[2022-02-24 20:07:40,565] {logging_mixin.py:109} INFO - [2022-02-24 20:07:40,565] {dag.py:2935} INFO - Setting next_dagrun for example_branch_labels to 2022-02-23 00:00:00+00:00
[2022-02-24 20:07:40,624] {processor.py:171} INFO - Processing /home/airflow/.local/lib/python3.7/site-packages/airflow/example_dags/example_branch_labels.py took 0.237 seconds
[2022-02-24 20:08:12,356] {processor.py:163} INFO - Started process (PID=825) to work on /home/airflow/.local/lib/python3.7/site-packages/airflow/example_dags/example_branch_labels.py
[2022-02-24 20:08:12,360] {processor.py:642} INFO - Processing file /home/airflow/.local/lib/python3.7/site-packages/airflow/example_dags/example_branch_labels.py for tasks to queue
[2022-02-24 20:08:12,363] {logging_mixin.py:109} INFO - [2022-02-24 20:08:12,362] {dagbag.py:500} INFO - Filling up the DagBag from /home/airflow/.local/lib/python3.7/site-packages/airflow/example_dags/example_branch_labels.py
[2022-02-24 20:08:12,410] {processor.py:654} INFO - DAG(s) dict_keys(['example_branch_labels']) retrieved from /home/airflow/.local/lib/python3.7/site-packages/airflow/example_dags/example_branch_labels.py
[2022-02-24 20:08:12,433] {logging_mixin.py:109} INFO - [2022-02-24 20:08:12,433] {dag.py:2396} INFO - Sync 1 DAGs
[2022-02-24 20:08:12,467] {logging_mixin.py:109} INFO - [2022-02-24 20:08:12,466] {dag.py:2935} INFO - Setting next_dagrun for example_branch_labels to 2022-02-23 00:00:00+00:00
[2022-02-24 20:08:12,483] {processor.py:171} INFO - Processing /home/airflow/.local/lib/python3.7/site-packages/airflow/example_dags/example_branch_labels.py took 0.137 seconds
[2022-02-24 20:08:42,803] {processor.py:163} INFO - Started process (PID=880) to work on /home/airflow/.local/lib/python3.7/site-packages/airflow/example_dags/example_branch_labels.py
[2022-02-24 20:08:42,806] {processor.py:642} INFO - Processing file /home/airflow/.local/lib/python3.7/site-packages/airflow/example_dags/example_branch_labels.py for tasks to queue
[2022-02-24 20:08:42,809] {logging_mixin.py:109} INFO - [2022-02-24 20:08:42,809] {dagbag.py:500} INFO - Filling up the DagBag from /home/airflow/.local/lib/python3.7/site-packages/airflow/example_dags/example_branch_labels.py
[2022-02-24 20:08:42,881] {processor.py:654} INFO - DAG(s) dict_keys(['example_branch_labels']) retrieved from /home/airflow/.local/lib/python3.7/site-packages/airflow/example_dags/example_branch_labels.py
[2022-02-24 20:08:42,904] {logging_mixin.py:109} INFO - [2022-02-24 20:08:42,904] {dag.py:2396} INFO - Sync 1 DAGs
[2022-02-24 20:08:42,972] {logging_mixin.py:109} INFO - [2022-02-24 20:08:42,972] {dag.py:2935} INFO - Setting next_dagrun for example_branch_labels to 2022-02-23 00:00:00+00:00
[2022-02-24 20:08:42,996] {processor.py:171} INFO - Processing /home/airflow/.local/lib/python3.7/site-packages/airflow/example_dags/example_branch_labels.py took 0.199 seconds
[2022-02-24 20:09:13,926] {processor.py:163} INFO - Started process (PID=936) to work on /home/airflow/.local/lib/python3.7/site-packages/airflow/example_dags/example_branch_labels.py
[2022-02-24 20:09:13,928] {processor.py:642} INFO - Processing file /home/airflow/.local/lib/python3.7/site-packages/airflow/example_dags/example_branch_labels.py for tasks to queue
[2022-02-24 20:09:13,930] {logging_mixin.py:109} INFO - [2022-02-24 20:09:13,929] {dagbag.py:500} INFO - Filling up the DagBag from /home/airflow/.local/lib/python3.7/site-packages/airflow/example_dags/example_branch_labels.py
[2022-02-24 20:09:13,967] {processor.py:654} INFO - DAG(s) dict_keys(['example_branch_labels']) retrieved from /home/airflow/.local/lib/python3.7/site-packages/airflow/example_dags/example_branch_labels.py
[2022-02-24 20:09:13,993] {logging_mixin.py:109} INFO - [2022-02-24 20:09:13,993] {dag.py:2396} INFO - Sync 1 DAGs
[2022-02-24 20:09:14,020] {logging_mixin.py:109} INFO - [2022-02-24 20:09:14,020] {dag.py:2935} INFO - Setting next_dagrun for example_branch_labels to 2022-02-23 00:00:00+00:00
[2022-02-24 20:09:14,049] {processor.py:171} INFO - Processing /home/airflow/.local/lib/python3.7/site-packages/airflow/example_dags/example_branch_labels.py took 0.129 seconds
[2022-02-24 20:09:48,804] {processor.py:163} INFO - Started process (PID=1002) to work on /home/airflow/.local/lib/python3.7/site-packages/airflow/example_dags/example_branch_labels.py
[2022-02-24 20:09:48,807] {processor.py:642} INFO - Processing file /home/airflow/.local/lib/python3.7/site-packages/airflow/example_dags/example_branch_labels.py for tasks to queue
[2022-02-24 20:09:48,808] {logging_mixin.py:109} INFO - [2022-02-24 20:09:48,808] {dagbag.py:500} INFO - Filling up the DagBag from /home/airflow/.local/lib/python3.7/site-packages/airflow/example_dags/example_branch_labels.py
[2022-02-24 20:09:48,862] {processor.py:654} INFO - DAG(s) dict_keys(['example_branch_labels']) retrieved from /home/airflow/.local/lib/python3.7/site-packages/airflow/example_dags/example_branch_labels.py
[2022-02-24 20:09:48,929] {logging_mixin.py:109} INFO - [2022-02-24 20:09:48,929] {dag.py:2396} INFO - Sync 1 DAGs
[2022-02-24 20:09:48,993] {logging_mixin.py:109} INFO - [2022-02-24 20:09:48,993] {dag.py:2935} INFO - Setting next_dagrun for example_branch_labels to 2022-02-23 00:00:00+00:00
[2022-02-24 20:09:49,010] {processor.py:171} INFO - Processing /home/airflow/.local/lib/python3.7/site-packages/airflow/example_dags/example_branch_labels.py took 0.214 seconds
[2022-02-24 20:10:20,218] {processor.py:163} INFO - Started process (PID=1057) to work on /home/airflow/.local/lib/python3.7/site-packages/airflow/example_dags/example_branch_labels.py
[2022-02-24 20:10:20,220] {processor.py:642} INFO - Processing file /home/airflow/.local/lib/python3.7/site-packages/airflow/example_dags/example_branch_labels.py for tasks to queue
[2022-02-24 20:10:20,221] {logging_mixin.py:109} INFO - [2022-02-24 20:10:20,221] {dagbag.py:500} INFO - Filling up the DagBag from /home/airflow/.local/lib/python3.7/site-packages/airflow/example_dags/example_branch_labels.py
[2022-02-24 20:10:20,268] {processor.py:654} INFO - DAG(s) dict_keys(['example_branch_labels']) retrieved from /home/airflow/.local/lib/python3.7/site-packages/airflow/example_dags/example_branch_labels.py
[2022-02-24 20:10:20,290] {logging_mixin.py:109} INFO - [2022-02-24 20:10:20,290] {dag.py:2396} INFO - Sync 1 DAGs
[2022-02-24 20:10:20,324] {logging_mixin.py:109} INFO - [2022-02-24 20:10:20,324] {dag.py:2935} INFO - Setting next_dagrun for example_branch_labels to 2022-02-23 00:00:00+00:00
[2022-02-24 20:10:20,333] {processor.py:171} INFO - Processing /home/airflow/.local/lib/python3.7/site-packages/airflow/example_dags/example_branch_labels.py took 0.120 seconds
[2022-02-24 20:10:51,543] {processor.py:163} INFO - Started process (PID=1116) to work on /home/airflow/.local/lib/python3.7/site-packages/airflow/example_dags/example_branch_labels.py
[2022-02-24 20:10:51,547] {processor.py:642} INFO - Processing file /home/airflow/.local/lib/python3.7/site-packages/airflow/example_dags/example_branch_labels.py for tasks to queue
[2022-02-24 20:10:51,551] {logging_mixin.py:109} INFO - [2022-02-24 20:10:51,551] {dagbag.py:500} INFO - Filling up the DagBag from /home/airflow/.local/lib/python3.7/site-packages/airflow/example_dags/example_branch_labels.py
[2022-02-24 20:10:51,627] {processor.py:654} INFO - DAG(s) dict_keys(['example_branch_labels']) retrieved from /home/airflow/.local/lib/python3.7/site-packages/airflow/example_dags/example_branch_labels.py
[2022-02-24 20:10:51,681] {logging_mixin.py:109} INFO - [2022-02-24 20:10:51,681] {dag.py:2396} INFO - Sync 1 DAGs
[2022-02-24 20:10:51,732] {logging_mixin.py:109} INFO - [2022-02-24 20:10:51,731] {dag.py:2935} INFO - Setting next_dagrun for example_branch_labels to 2022-02-23 00:00:00+00:00
[2022-02-24 20:10:51,760] {processor.py:171} INFO - Processing /home/airflow/.local/lib/python3.7/site-packages/airflow/example_dags/example_branch_labels.py took 0.226 seconds
[2022-02-24 20:11:22,775] {processor.py:163} INFO - Started process (PID=1170) to work on /home/airflow/.local/lib/python3.7/site-packages/airflow/example_dags/example_branch_labels.py
[2022-02-24 20:11:22,777] {processor.py:642} INFO - Processing file /home/airflow/.local/lib/python3.7/site-packages/airflow/example_dags/example_branch_labels.py for tasks to queue
[2022-02-24 20:11:22,778] {logging_mixin.py:109} INFO - [2022-02-24 20:11:22,778] {dagbag.py:500} INFO - Filling up the DagBag from /home/airflow/.local/lib/python3.7/site-packages/airflow/example_dags/example_branch_labels.py
[2022-02-24 20:11:22,809] {processor.py:654} INFO - DAG(s) dict_keys(['example_branch_labels']) retrieved from /home/airflow/.local/lib/python3.7/site-packages/airflow/example_dags/example_branch_labels.py
[2022-02-24 20:11:22,825] {logging_mixin.py:109} INFO - [2022-02-24 20:11:22,825] {dag.py:2396} INFO - Sync 1 DAGs
[2022-02-24 20:11:22,847] {logging_mixin.py:109} INFO - [2022-02-24 20:11:22,847] {dag.py:2935} INFO - Setting next_dagrun for example_branch_labels to 2022-02-23 00:00:00+00:00
[2022-02-24 20:11:22,856] {processor.py:171} INFO - Processing /home/airflow/.local/lib/python3.7/site-packages/airflow/example_dags/example_branch_labels.py took 0.084 seconds
[2022-02-24 20:11:53,352] {processor.py:163} INFO - Started process (PID=1227) to work on /home/airflow/.local/lib/python3.7/site-packages/airflow/example_dags/example_branch_labels.py
[2022-02-24 20:11:53,355] {processor.py:642} INFO - Processing file /home/airflow/.local/lib/python3.7/site-packages/airflow/example_dags/example_branch_labels.py for tasks to queue
[2022-02-24 20:11:53,357] {logging_mixin.py:109} INFO - [2022-02-24 20:11:53,357] {dagbag.py:500} INFO - Filling up the DagBag from /home/airflow/.local/lib/python3.7/site-packages/airflow/example_dags/example_branch_labels.py
[2022-02-24 20:11:53,403] {processor.py:654} INFO - DAG(s) dict_keys(['example_branch_labels']) retrieved from /home/airflow/.local/lib/python3.7/site-packages/airflow/example_dags/example_branch_labels.py
[2022-02-24 20:11:53,423] {logging_mixin.py:109} INFO - [2022-02-24 20:11:53,423] {dag.py:2396} INFO - Sync 1 DAGs
[2022-02-24 20:11:53,457] {logging_mixin.py:109} INFO - [2022-02-24 20:11:53,457] {dag.py:2935} INFO - Setting next_dagrun for example_branch_labels to 2022-02-23 00:00:00+00:00
[2022-02-24 20:11:53,474] {processor.py:171} INFO - Processing /home/airflow/.local/lib/python3.7/site-packages/airflow/example_dags/example_branch_labels.py took 0.132 seconds
