[2022-02-24 19:53:40,525] {processor.py:163} INFO - Started process (PID=177) to work on /home/airflow/.local/lib/python3.7/site-packages/airflow/example_dags/example_latest_only.py
[2022-02-24 19:53:40,537] {processor.py:642} INFO - Processing file /home/airflow/.local/lib/python3.7/site-packages/airflow/example_dags/example_latest_only.py for tasks to queue
[2022-02-24 19:53:40,544] {logging_mixin.py:109} INFO - [2022-02-24 19:53:40,542] {dagbag.py:500} INFO - Filling up the DagBag from /home/airflow/.local/lib/python3.7/site-packages/airflow/example_dags/example_latest_only.py
[2022-02-24 19:53:40,639] {processor.py:654} INFO - DAG(s) dict_keys(['latest_only']) retrieved from /home/airflow/.local/lib/python3.7/site-packages/airflow/example_dags/example_latest_only.py
[2022-02-24 19:53:44,873] {logging_mixin.py:109} INFO - [2022-02-24 19:53:44,873] {manager.py:496} INFO - Created Permission View: can read on DAG:latest_only
[2022-02-24 19:53:44,892] {logging_mixin.py:109} INFO - [2022-02-24 19:53:44,892] {manager.py:496} INFO - Created Permission View: can edit on DAG:latest_only
[2022-02-24 19:53:44,894] {logging_mixin.py:109} INFO - [2022-02-24 19:53:44,894] {dag.py:2396} INFO - Sync 1 DAGs
[2022-02-24 19:53:44,931] {logging_mixin.py:109} INFO - [2022-02-24 19:53:44,931] {dag.py:2415} INFO - Creating ORM DAG for latest_only
[2022-02-24 19:53:44,979] {logging_mixin.py:109} INFO - [2022-02-24 19:53:44,979] {dag.py:2935} INFO - Setting next_dagrun for latest_only to 2022-02-24T15:53:44.971882+00:00
[2022-02-24 19:53:45,032] {processor.py:171} INFO - Processing /home/airflow/.local/lib/python3.7/site-packages/airflow/example_dags/example_latest_only.py took 4.519 seconds
[2022-02-24 19:54:16,192] {processor.py:163} INFO - Started process (PID=260) to work on /home/airflow/.local/lib/python3.7/site-packages/airflow/example_dags/example_latest_only.py
[2022-02-24 19:54:16,194] {processor.py:642} INFO - Processing file /home/airflow/.local/lib/python3.7/site-packages/airflow/example_dags/example_latest_only.py for tasks to queue
[2022-02-24 19:54:16,195] {logging_mixin.py:109} INFO - [2022-02-24 19:54:16,195] {dagbag.py:500} INFO - Filling up the DagBag from /home/airflow/.local/lib/python3.7/site-packages/airflow/example_dags/example_latest_only.py
[2022-02-24 19:54:16,246] {processor.py:654} INFO - DAG(s) dict_keys(['latest_only']) retrieved from /home/airflow/.local/lib/python3.7/site-packages/airflow/example_dags/example_latest_only.py
[2022-02-24 19:54:16,263] {logging_mixin.py:109} INFO - [2022-02-24 19:54:16,263] {dag.py:2396} INFO - Sync 1 DAGs
[2022-02-24 19:54:16,302] {logging_mixin.py:109} INFO - [2022-02-24 19:54:16,302] {dag.py:2935} INFO - Setting next_dagrun for latest_only to 2022-02-24T15:54:16.301686+00:00
[2022-02-24 19:54:16,319] {processor.py:171} INFO - Processing /home/airflow/.local/lib/python3.7/site-packages/airflow/example_dags/example_latest_only.py took 0.131 seconds
[2022-02-24 19:54:50,352] {processor.py:163} INFO - Started process (PID=330) to work on /home/airflow/.local/lib/python3.7/site-packages/airflow/example_dags/example_latest_only.py
[2022-02-24 19:54:50,360] {processor.py:642} INFO - Processing file /home/airflow/.local/lib/python3.7/site-packages/airflow/example_dags/example_latest_only.py for tasks to queue
[2022-02-24 19:54:50,366] {logging_mixin.py:109} INFO - [2022-02-24 19:54:50,366] {dagbag.py:500} INFO - Filling up the DagBag from /home/airflow/.local/lib/python3.7/site-packages/airflow/example_dags/example_latest_only.py
[2022-02-24 19:54:50,456] {processor.py:654} INFO - DAG(s) dict_keys(['latest_only']) retrieved from /home/airflow/.local/lib/python3.7/site-packages/airflow/example_dags/example_latest_only.py
[2022-02-24 19:54:50,495] {logging_mixin.py:109} INFO - [2022-02-24 19:54:50,495] {dag.py:2396} INFO - Sync 1 DAGs
[2022-02-24 19:54:50,557] {logging_mixin.py:109} INFO - [2022-02-24 19:54:50,556] {dag.py:2935} INFO - Setting next_dagrun for latest_only to 2022-02-24T15:54:50.556668+00:00
[2022-02-24 19:54:50,589] {processor.py:171} INFO - Processing /home/airflow/.local/lib/python3.7/site-packages/airflow/example_dags/example_latest_only.py took 0.248 seconds
[2022-02-24 19:55:21,050] {processor.py:163} INFO - Started process (PID=385) to work on /home/airflow/.local/lib/python3.7/site-packages/airflow/example_dags/example_latest_only.py
[2022-02-24 19:55:21,054] {processor.py:642} INFO - Processing file /home/airflow/.local/lib/python3.7/site-packages/airflow/example_dags/example_latest_only.py for tasks to queue
[2022-02-24 19:55:21,058] {logging_mixin.py:109} INFO - [2022-02-24 19:55:21,057] {dagbag.py:500} INFO - Filling up the DagBag from /home/airflow/.local/lib/python3.7/site-packages/airflow/example_dags/example_latest_only.py
[2022-02-24 19:55:21,127] {processor.py:654} INFO - DAG(s) dict_keys(['latest_only']) retrieved from /home/airflow/.local/lib/python3.7/site-packages/airflow/example_dags/example_latest_only.py
[2022-02-24 19:55:21,164] {logging_mixin.py:109} INFO - [2022-02-24 19:55:21,164] {dag.py:2396} INFO - Sync 1 DAGs
[2022-02-24 19:55:21,211] {logging_mixin.py:109} INFO - [2022-02-24 19:55:21,211] {dag.py:2935} INFO - Setting next_dagrun for latest_only to 2022-02-24T15:55:21.211019+00:00
[2022-02-24 19:55:21,233] {processor.py:171} INFO - Processing /home/airflow/.local/lib/python3.7/site-packages/airflow/example_dags/example_latest_only.py took 0.197 seconds
[2022-02-24 19:55:51,392] {processor.py:163} INFO - Started process (PID=446) to work on /home/airflow/.local/lib/python3.7/site-packages/airflow/example_dags/example_latest_only.py
[2022-02-24 19:55:51,397] {processor.py:642} INFO - Processing file /home/airflow/.local/lib/python3.7/site-packages/airflow/example_dags/example_latest_only.py for tasks to queue
[2022-02-24 19:55:51,400] {logging_mixin.py:109} INFO - [2022-02-24 19:55:51,400] {dagbag.py:500} INFO - Filling up the DagBag from /home/airflow/.local/lib/python3.7/site-packages/airflow/example_dags/example_latest_only.py
[2022-02-24 19:55:51,543] {processor.py:654} INFO - DAG(s) dict_keys(['latest_only']) retrieved from /home/airflow/.local/lib/python3.7/site-packages/airflow/example_dags/example_latest_only.py
[2022-02-24 19:55:51,570] {logging_mixin.py:109} INFO - [2022-02-24 19:55:51,570] {dag.py:2396} INFO - Sync 1 DAGs
[2022-02-24 19:55:51,633] {logging_mixin.py:109} INFO - [2022-02-24 19:55:51,633] {dag.py:2935} INFO - Setting next_dagrun for latest_only to 2022-02-24T15:55:51.633055+00:00
[2022-02-24 19:55:51,667] {processor.py:171} INFO - Processing /home/airflow/.local/lib/python3.7/site-packages/airflow/example_dags/example_latest_only.py took 0.287 seconds
[2022-02-24 19:56:22,344] {processor.py:163} INFO - Started process (PID=499) to work on /home/airflow/.local/lib/python3.7/site-packages/airflow/example_dags/example_latest_only.py
[2022-02-24 19:56:22,346] {processor.py:642} INFO - Processing file /home/airflow/.local/lib/python3.7/site-packages/airflow/example_dags/example_latest_only.py for tasks to queue
[2022-02-24 19:56:22,347] {logging_mixin.py:109} INFO - [2022-02-24 19:56:22,347] {dagbag.py:500} INFO - Filling up the DagBag from /home/airflow/.local/lib/python3.7/site-packages/airflow/example_dags/example_latest_only.py
[2022-02-24 19:56:22,495] {processor.py:654} INFO - DAG(s) dict_keys(['latest_only']) retrieved from /home/airflow/.local/lib/python3.7/site-packages/airflow/example_dags/example_latest_only.py
[2022-02-24 19:56:22,517] {logging_mixin.py:109} INFO - [2022-02-24 19:56:22,517] {dag.py:2396} INFO - Sync 1 DAGs
[2022-02-24 19:56:22,644] {logging_mixin.py:109} INFO - [2022-02-24 19:56:22,644] {dag.py:2935} INFO - Setting next_dagrun for latest_only to 2022-02-24T15:56:22.643815+00:00
[2022-02-24 19:56:22,712] {processor.py:171} INFO - Processing /home/airflow/.local/lib/python3.7/site-packages/airflow/example_dags/example_latest_only.py took 0.391 seconds
[2022-02-24 19:56:53,110] {processor.py:163} INFO - Started process (PID=553) to work on /home/airflow/.local/lib/python3.7/site-packages/airflow/example_dags/example_latest_only.py
[2022-02-24 19:56:53,116] {processor.py:642} INFO - Processing file /home/airflow/.local/lib/python3.7/site-packages/airflow/example_dags/example_latest_only.py for tasks to queue
[2022-02-24 19:56:53,117] {logging_mixin.py:109} INFO - [2022-02-24 19:56:53,117] {dagbag.py:500} INFO - Filling up the DagBag from /home/airflow/.local/lib/python3.7/site-packages/airflow/example_dags/example_latest_only.py
[2022-02-24 19:56:53,202] {processor.py:654} INFO - DAG(s) dict_keys(['latest_only']) retrieved from /home/airflow/.local/lib/python3.7/site-packages/airflow/example_dags/example_latest_only.py
[2022-02-24 19:56:53,246] {logging_mixin.py:109} INFO - [2022-02-24 19:56:53,246] {dag.py:2396} INFO - Sync 1 DAGs
[2022-02-24 19:56:53,313] {logging_mixin.py:109} INFO - [2022-02-24 19:56:53,313] {dag.py:2935} INFO - Setting next_dagrun for latest_only to 2022-02-24T15:56:53.312705+00:00
[2022-02-24 19:56:53,352] {processor.py:171} INFO - Processing /home/airflow/.local/lib/python3.7/site-packages/airflow/example_dags/example_latest_only.py took 0.245 seconds
[2022-02-24 19:57:23,468] {processor.py:163} INFO - Started process (PID=610) to work on /home/airflow/.local/lib/python3.7/site-packages/airflow/example_dags/example_latest_only.py
[2022-02-24 19:57:23,473] {processor.py:642} INFO - Processing file /home/airflow/.local/lib/python3.7/site-packages/airflow/example_dags/example_latest_only.py for tasks to queue
[2022-02-24 19:57:23,475] {logging_mixin.py:109} INFO - [2022-02-24 19:57:23,475] {dagbag.py:500} INFO - Filling up the DagBag from /home/airflow/.local/lib/python3.7/site-packages/airflow/example_dags/example_latest_only.py
[2022-02-24 19:57:23,534] {processor.py:654} INFO - DAG(s) dict_keys(['latest_only']) retrieved from /home/airflow/.local/lib/python3.7/site-packages/airflow/example_dags/example_latest_only.py
[2022-02-24 19:57:23,550] {logging_mixin.py:109} INFO - [2022-02-24 19:57:23,550] {dag.py:2396} INFO - Sync 1 DAGs
[2022-02-24 19:57:23,640] {logging_mixin.py:109} INFO - [2022-02-24 19:57:23,640] {dag.py:2935} INFO - Setting next_dagrun for latest_only to 2022-02-24T15:57:23.639768+00:00
[2022-02-24 19:57:23,648] {processor.py:171} INFO - Processing /home/airflow/.local/lib/python3.7/site-packages/airflow/example_dags/example_latest_only.py took 0.185 seconds
[2022-02-24 19:57:53,917] {processor.py:163} INFO - Started process (PID=674) to work on /home/airflow/.local/lib/python3.7/site-packages/airflow/example_dags/example_latest_only.py
[2022-02-24 19:57:53,919] {processor.py:642} INFO - Processing file /home/airflow/.local/lib/python3.7/site-packages/airflow/example_dags/example_latest_only.py for tasks to queue
[2022-02-24 19:57:53,920] {logging_mixin.py:109} INFO - [2022-02-24 19:57:53,920] {dagbag.py:500} INFO - Filling up the DagBag from /home/airflow/.local/lib/python3.7/site-packages/airflow/example_dags/example_latest_only.py
[2022-02-24 19:57:53,983] {processor.py:654} INFO - DAG(s) dict_keys(['latest_only']) retrieved from /home/airflow/.local/lib/python3.7/site-packages/airflow/example_dags/example_latest_only.py
[2022-02-24 19:57:54,005] {logging_mixin.py:109} INFO - [2022-02-24 19:57:54,004] {dag.py:2396} INFO - Sync 1 DAGs
[2022-02-24 19:57:54,034] {logging_mixin.py:109} INFO - [2022-02-24 19:57:54,034] {dag.py:2935} INFO - Setting next_dagrun for latest_only to 2022-02-24T15:57:54.034012+00:00
[2022-02-24 19:57:54,054] {processor.py:171} INFO - Processing /home/airflow/.local/lib/python3.7/site-packages/airflow/example_dags/example_latest_only.py took 0.145 seconds
[2022-02-24 20:01:23,263] {processor.py:163} INFO - Started process (PID=68) to work on /home/airflow/.local/lib/python3.7/site-packages/airflow/example_dags/example_latest_only.py
[2022-02-24 20:01:23,273] {processor.py:642} INFO - Processing file /home/airflow/.local/lib/python3.7/site-packages/airflow/example_dags/example_latest_only.py for tasks to queue
[2022-02-24 20:01:23,274] {logging_mixin.py:109} INFO - [2022-02-24 20:01:23,274] {dagbag.py:500} INFO - Filling up the DagBag from /home/airflow/.local/lib/python3.7/site-packages/airflow/example_dags/example_latest_only.py
[2022-02-24 20:01:23,352] {processor.py:654} INFO - DAG(s) dict_keys(['latest_only']) retrieved from /home/airflow/.local/lib/python3.7/site-packages/airflow/example_dags/example_latest_only.py
[2022-02-24 20:01:23,390] {logging_mixin.py:109} INFO - [2022-02-24 20:01:23,390] {dag.py:2396} INFO - Sync 1 DAGs
[2022-02-24 20:01:23,441] {logging_mixin.py:109} INFO - [2022-02-24 20:01:23,441] {dag.py:2935} INFO - Setting next_dagrun for latest_only to 2022-02-24T16:01:23.441084+00:00
[2022-02-24 20:01:23,465] {processor.py:171} INFO - Processing /home/airflow/.local/lib/python3.7/site-packages/airflow/example_dags/example_latest_only.py took 0.206 seconds
[2022-02-24 20:01:53,827] {processor.py:163} INFO - Started process (PID=120) to work on /home/airflow/.local/lib/python3.7/site-packages/airflow/example_dags/example_latest_only.py
[2022-02-24 20:01:53,831] {processor.py:642} INFO - Processing file /home/airflow/.local/lib/python3.7/site-packages/airflow/example_dags/example_latest_only.py for tasks to queue
[2022-02-24 20:01:53,833] {logging_mixin.py:109} INFO - [2022-02-24 20:01:53,833] {dagbag.py:500} INFO - Filling up the DagBag from /home/airflow/.local/lib/python3.7/site-packages/airflow/example_dags/example_latest_only.py
[2022-02-24 20:01:53,864] {processor.py:654} INFO - DAG(s) dict_keys(['latest_only']) retrieved from /home/airflow/.local/lib/python3.7/site-packages/airflow/example_dags/example_latest_only.py
[2022-02-24 20:01:53,878] {logging_mixin.py:109} INFO - [2022-02-24 20:01:53,878] {dag.py:2396} INFO - Sync 1 DAGs
[2022-02-24 20:01:53,929] {logging_mixin.py:109} INFO - [2022-02-24 20:01:53,929] {dag.py:2935} INFO - Setting next_dagrun for latest_only to 2022-02-24T16:01:53.927657+00:00
[2022-02-24 20:01:53,957] {processor.py:171} INFO - Processing /home/airflow/.local/lib/python3.7/site-packages/airflow/example_dags/example_latest_only.py took 0.135 seconds
[2022-02-24 20:02:25,223] {processor.py:163} INFO - Started process (PID=177) to work on /home/airflow/.local/lib/python3.7/site-packages/airflow/example_dags/example_latest_only.py
[2022-02-24 20:02:25,227] {processor.py:642} INFO - Processing file /home/airflow/.local/lib/python3.7/site-packages/airflow/example_dags/example_latest_only.py for tasks to queue
[2022-02-24 20:02:25,229] {logging_mixin.py:109} INFO - [2022-02-24 20:02:25,228] {dagbag.py:500} INFO - Filling up the DagBag from /home/airflow/.local/lib/python3.7/site-packages/airflow/example_dags/example_latest_only.py
[2022-02-24 20:02:25,258] {processor.py:654} INFO - DAG(s) dict_keys(['latest_only']) retrieved from /home/airflow/.local/lib/python3.7/site-packages/airflow/example_dags/example_latest_only.py
[2022-02-24 20:02:25,268] {logging_mixin.py:109} INFO - [2022-02-24 20:02:25,268] {dag.py:2396} INFO - Sync 1 DAGs
[2022-02-24 20:02:25,287] {logging_mixin.py:109} INFO - [2022-02-24 20:02:25,287] {dag.py:2935} INFO - Setting next_dagrun for latest_only to 2022-02-24T16:02:25.286787+00:00
[2022-02-24 20:02:25,296] {processor.py:171} INFO - Processing /home/airflow/.local/lib/python3.7/site-packages/airflow/example_dags/example_latest_only.py took 0.078 seconds
[2022-02-24 20:02:56,344] {processor.py:163} INFO - Started process (PID=236) to work on /home/airflow/.local/lib/python3.7/site-packages/airflow/example_dags/example_latest_only.py
[2022-02-24 20:02:56,351] {processor.py:642} INFO - Processing file /home/airflow/.local/lib/python3.7/site-packages/airflow/example_dags/example_latest_only.py for tasks to queue
[2022-02-24 20:02:56,359] {logging_mixin.py:109} INFO - [2022-02-24 20:02:56,358] {dagbag.py:500} INFO - Filling up the DagBag from /home/airflow/.local/lib/python3.7/site-packages/airflow/example_dags/example_latest_only.py
[2022-02-24 20:02:56,455] {processor.py:654} INFO - DAG(s) dict_keys(['latest_only']) retrieved from /home/airflow/.local/lib/python3.7/site-packages/airflow/example_dags/example_latest_only.py
[2022-02-24 20:02:56,497] {logging_mixin.py:109} INFO - [2022-02-24 20:02:56,497] {dag.py:2396} INFO - Sync 1 DAGs
[2022-02-24 20:02:56,554] {logging_mixin.py:109} INFO - [2022-02-24 20:02:56,554] {dag.py:2935} INFO - Setting next_dagrun for latest_only to 2022-02-24T16:02:56.554008+00:00
[2022-02-24 20:02:56,579] {processor.py:171} INFO - Processing /home/airflow/.local/lib/python3.7/site-packages/airflow/example_dags/example_latest_only.py took 0.250 seconds
[2022-02-24 20:03:27,828] {processor.py:163} INFO - Started process (PID=291) to work on /home/airflow/.local/lib/python3.7/site-packages/airflow/example_dags/example_latest_only.py
[2022-02-24 20:03:27,830] {processor.py:642} INFO - Processing file /home/airflow/.local/lib/python3.7/site-packages/airflow/example_dags/example_latest_only.py for tasks to queue
[2022-02-24 20:03:27,832] {logging_mixin.py:109} INFO - [2022-02-24 20:03:27,832] {dagbag.py:500} INFO - Filling up the DagBag from /home/airflow/.local/lib/python3.7/site-packages/airflow/example_dags/example_latest_only.py
[2022-02-24 20:03:27,866] {processor.py:654} INFO - DAG(s) dict_keys(['latest_only']) retrieved from /home/airflow/.local/lib/python3.7/site-packages/airflow/example_dags/example_latest_only.py
[2022-02-24 20:03:27,879] {logging_mixin.py:109} INFO - [2022-02-24 20:03:27,879] {dag.py:2396} INFO - Sync 1 DAGs
[2022-02-24 20:03:27,898] {logging_mixin.py:109} INFO - [2022-02-24 20:03:27,898] {dag.py:2935} INFO - Setting next_dagrun for latest_only to 2022-02-24T16:03:27.898474+00:00
[2022-02-24 20:03:27,911] {processor.py:171} INFO - Processing /home/airflow/.local/lib/python3.7/site-packages/airflow/example_dags/example_latest_only.py took 0.087 seconds
[2022-02-24 20:03:59,251] {processor.py:163} INFO - Started process (PID=349) to work on /home/airflow/.local/lib/python3.7/site-packages/airflow/example_dags/example_latest_only.py
[2022-02-24 20:03:59,256] {processor.py:642} INFO - Processing file /home/airflow/.local/lib/python3.7/site-packages/airflow/example_dags/example_latest_only.py for tasks to queue
[2022-02-24 20:03:59,259] {logging_mixin.py:109} INFO - [2022-02-24 20:03:59,259] {dagbag.py:500} INFO - Filling up the DagBag from /home/airflow/.local/lib/python3.7/site-packages/airflow/example_dags/example_latest_only.py
[2022-02-24 20:03:59,297] {processor.py:654} INFO - DAG(s) dict_keys(['latest_only']) retrieved from /home/airflow/.local/lib/python3.7/site-packages/airflow/example_dags/example_latest_only.py
[2022-02-24 20:03:59,309] {logging_mixin.py:109} INFO - [2022-02-24 20:03:59,309] {dag.py:2396} INFO - Sync 1 DAGs
[2022-02-24 20:03:59,332] {logging_mixin.py:109} INFO - [2022-02-24 20:03:59,331] {dag.py:2935} INFO - Setting next_dagrun for latest_only to 2022-02-24T16:03:59.331589+00:00
[2022-02-24 20:03:59,345] {processor.py:171} INFO - Processing /home/airflow/.local/lib/python3.7/site-packages/airflow/example_dags/example_latest_only.py took 0.097 seconds
[2022-02-24 20:04:30,025] {processor.py:163} INFO - Started process (PID=401) to work on /home/airflow/.local/lib/python3.7/site-packages/airflow/example_dags/example_latest_only.py
[2022-02-24 20:04:30,029] {processor.py:642} INFO - Processing file /home/airflow/.local/lib/python3.7/site-packages/airflow/example_dags/example_latest_only.py for tasks to queue
[2022-02-24 20:04:30,030] {logging_mixin.py:109} INFO - [2022-02-24 20:04:30,030] {dagbag.py:500} INFO - Filling up the DagBag from /home/airflow/.local/lib/python3.7/site-packages/airflow/example_dags/example_latest_only.py
[2022-02-24 20:04:30,063] {processor.py:654} INFO - DAG(s) dict_keys(['latest_only']) retrieved from /home/airflow/.local/lib/python3.7/site-packages/airflow/example_dags/example_latest_only.py
[2022-02-24 20:04:30,077] {logging_mixin.py:109} INFO - [2022-02-24 20:04:30,077] {dag.py:2396} INFO - Sync 1 DAGs
[2022-02-24 20:04:30,094] {logging_mixin.py:109} INFO - [2022-02-24 20:04:30,094] {dag.py:2935} INFO - Setting next_dagrun for latest_only to 2022-02-24T16:04:30.093855+00:00
[2022-02-24 20:04:30,108] {processor.py:171} INFO - Processing /home/airflow/.local/lib/python3.7/site-packages/airflow/example_dags/example_latest_only.py took 0.088 seconds
[2022-02-24 20:05:01,054] {processor.py:163} INFO - Started process (PID=458) to work on /home/airflow/.local/lib/python3.7/site-packages/airflow/example_dags/example_latest_only.py
[2022-02-24 20:05:01,057] {processor.py:642} INFO - Processing file /home/airflow/.local/lib/python3.7/site-packages/airflow/example_dags/example_latest_only.py for tasks to queue
[2022-02-24 20:05:01,058] {logging_mixin.py:109} INFO - [2022-02-24 20:05:01,058] {dagbag.py:500} INFO - Filling up the DagBag from /home/airflow/.local/lib/python3.7/site-packages/airflow/example_dags/example_latest_only.py
[2022-02-24 20:05:01,096] {processor.py:654} INFO - DAG(s) dict_keys(['latest_only']) retrieved from /home/airflow/.local/lib/python3.7/site-packages/airflow/example_dags/example_latest_only.py
[2022-02-24 20:05:01,109] {logging_mixin.py:109} INFO - [2022-02-24 20:05:01,109] {dag.py:2396} INFO - Sync 1 DAGs
[2022-02-24 20:05:01,130] {logging_mixin.py:109} INFO - [2022-02-24 20:05:01,130] {dag.py:2935} INFO - Setting next_dagrun for latest_only to 2022-02-24T16:05:01.130348+00:00
[2022-02-24 20:05:01,155] {processor.py:171} INFO - Processing /home/airflow/.local/lib/python3.7/site-packages/airflow/example_dags/example_latest_only.py took 0.107 seconds
[2022-02-24 20:05:33,141] {processor.py:163} INFO - Started process (PID=519) to work on /home/airflow/.local/lib/python3.7/site-packages/airflow/example_dags/example_latest_only.py
[2022-02-24 20:05:33,146] {processor.py:642} INFO - Processing file /home/airflow/.local/lib/python3.7/site-packages/airflow/example_dags/example_latest_only.py for tasks to queue
[2022-02-24 20:05:33,152] {logging_mixin.py:109} INFO - [2022-02-24 20:05:33,152] {dagbag.py:500} INFO - Filling up the DagBag from /home/airflow/.local/lib/python3.7/site-packages/airflow/example_dags/example_latest_only.py
[2022-02-24 20:05:33,230] {processor.py:654} INFO - DAG(s) dict_keys(['latest_only']) retrieved from /home/airflow/.local/lib/python3.7/site-packages/airflow/example_dags/example_latest_only.py
[2022-02-24 20:05:33,268] {logging_mixin.py:109} INFO - [2022-02-24 20:05:33,267] {dag.py:2396} INFO - Sync 1 DAGs
[2022-02-24 20:05:33,321] {logging_mixin.py:109} INFO - [2022-02-24 20:05:33,321] {dag.py:2935} INFO - Setting next_dagrun for latest_only to 2022-02-24T16:05:33.321158+00:00
[2022-02-24 20:05:33,353] {processor.py:171} INFO - Processing /home/airflow/.local/lib/python3.7/site-packages/airflow/example_dags/example_latest_only.py took 0.230 seconds
[2022-02-24 20:06:03,463] {processor.py:163} INFO - Started process (PID=576) to work on /home/airflow/.local/lib/python3.7/site-packages/airflow/example_dags/example_latest_only.py
[2022-02-24 20:06:03,476] {processor.py:642} INFO - Processing file /home/airflow/.local/lib/python3.7/site-packages/airflow/example_dags/example_latest_only.py for tasks to queue
[2022-02-24 20:06:03,481] {logging_mixin.py:109} INFO - [2022-02-24 20:06:03,480] {dagbag.py:500} INFO - Filling up the DagBag from /home/airflow/.local/lib/python3.7/site-packages/airflow/example_dags/example_latest_only.py
[2022-02-24 20:06:03,650] {processor.py:654} INFO - DAG(s) dict_keys(['latest_only']) retrieved from /home/airflow/.local/lib/python3.7/site-packages/airflow/example_dags/example_latest_only.py
[2022-02-24 20:06:03,707] {logging_mixin.py:109} INFO - [2022-02-24 20:06:03,707] {dag.py:2396} INFO - Sync 1 DAGs
[2022-02-24 20:06:03,825] {logging_mixin.py:109} INFO - [2022-02-24 20:06:03,825] {dag.py:2935} INFO - Setting next_dagrun for latest_only to 2022-02-24T16:06:03.825350+00:00
[2022-02-24 20:06:03,890] {processor.py:171} INFO - Processing /home/airflow/.local/lib/python3.7/site-packages/airflow/example_dags/example_latest_only.py took 0.442 seconds
[2022-02-24 20:06:34,132] {processor.py:163} INFO - Started process (PID=627) to work on /home/airflow/.local/lib/python3.7/site-packages/airflow/example_dags/example_latest_only.py
[2022-02-24 20:06:34,137] {processor.py:642} INFO - Processing file /home/airflow/.local/lib/python3.7/site-packages/airflow/example_dags/example_latest_only.py for tasks to queue
[2022-02-24 20:06:34,141] {logging_mixin.py:109} INFO - [2022-02-24 20:06:34,141] {dagbag.py:500} INFO - Filling up the DagBag from /home/airflow/.local/lib/python3.7/site-packages/airflow/example_dags/example_latest_only.py
[2022-02-24 20:06:34,229] {processor.py:654} INFO - DAG(s) dict_keys(['latest_only']) retrieved from /home/airflow/.local/lib/python3.7/site-packages/airflow/example_dags/example_latest_only.py
[2022-02-24 20:06:34,245] {logging_mixin.py:109} INFO - [2022-02-24 20:06:34,245] {dag.py:2396} INFO - Sync 1 DAGs
[2022-02-24 20:06:34,275] {logging_mixin.py:109} INFO - [2022-02-24 20:06:34,275] {dag.py:2935} INFO - Setting next_dagrun for latest_only to 2022-02-24T16:06:34.275476+00:00
[2022-02-24 20:06:34,288] {processor.py:171} INFO - Processing /home/airflow/.local/lib/python3.7/site-packages/airflow/example_dags/example_latest_only.py took 0.167 seconds
[2022-02-24 20:07:04,340] {processor.py:163} INFO - Started process (PID=682) to work on /home/airflow/.local/lib/python3.7/site-packages/airflow/example_dags/example_latest_only.py
[2022-02-24 20:07:04,342] {processor.py:642} INFO - Processing file /home/airflow/.local/lib/python3.7/site-packages/airflow/example_dags/example_latest_only.py for tasks to queue
[2022-02-24 20:07:04,344] {logging_mixin.py:109} INFO - [2022-02-24 20:07:04,344] {dagbag.py:500} INFO - Filling up the DagBag from /home/airflow/.local/lib/python3.7/site-packages/airflow/example_dags/example_latest_only.py
[2022-02-24 20:07:04,432] {processor.py:654} INFO - DAG(s) dict_keys(['latest_only']) retrieved from /home/airflow/.local/lib/python3.7/site-packages/airflow/example_dags/example_latest_only.py
[2022-02-24 20:07:04,450] {logging_mixin.py:109} INFO - [2022-02-24 20:07:04,450] {dag.py:2396} INFO - Sync 1 DAGs
[2022-02-24 20:07:04,493] {logging_mixin.py:109} INFO - [2022-02-24 20:07:04,493] {dag.py:2935} INFO - Setting next_dagrun for latest_only to 2022-02-24T16:07:04.493268+00:00
[2022-02-24 20:07:04,532] {processor.py:171} INFO - Processing /home/airflow/.local/lib/python3.7/site-packages/airflow/example_dags/example_latest_only.py took 0.197 seconds
[2022-02-24 20:07:34,820] {processor.py:163} INFO - Started process (PID=746) to work on /home/airflow/.local/lib/python3.7/site-packages/airflow/example_dags/example_latest_only.py
[2022-02-24 20:07:34,825] {processor.py:642} INFO - Processing file /home/airflow/.local/lib/python3.7/site-packages/airflow/example_dags/example_latest_only.py for tasks to queue
[2022-02-24 20:07:34,828] {logging_mixin.py:109} INFO - [2022-02-24 20:07:34,827] {dagbag.py:500} INFO - Filling up the DagBag from /home/airflow/.local/lib/python3.7/site-packages/airflow/example_dags/example_latest_only.py
[2022-02-24 20:07:34,870] {processor.py:654} INFO - DAG(s) dict_keys(['latest_only']) retrieved from /home/airflow/.local/lib/python3.7/site-packages/airflow/example_dags/example_latest_only.py
[2022-02-24 20:07:34,882] {logging_mixin.py:109} INFO - [2022-02-24 20:07:34,882] {dag.py:2396} INFO - Sync 1 DAGs
[2022-02-24 20:07:34,900] {logging_mixin.py:109} INFO - [2022-02-24 20:07:34,900] {dag.py:2935} INFO - Setting next_dagrun for latest_only to 2022-02-24T16:07:34.900490+00:00
[2022-02-24 20:07:34,911] {processor.py:171} INFO - Processing /home/airflow/.local/lib/python3.7/site-packages/airflow/example_dags/example_latest_only.py took 0.095 seconds
[2022-02-24 20:08:05,563] {processor.py:163} INFO - Started process (PID=802) to work on /home/airflow/.local/lib/python3.7/site-packages/airflow/example_dags/example_latest_only.py
[2022-02-24 20:08:05,566] {processor.py:642} INFO - Processing file /home/airflow/.local/lib/python3.7/site-packages/airflow/example_dags/example_latest_only.py for tasks to queue
[2022-02-24 20:08:05,567] {logging_mixin.py:109} INFO - [2022-02-24 20:08:05,567] {dagbag.py:500} INFO - Filling up the DagBag from /home/airflow/.local/lib/python3.7/site-packages/airflow/example_dags/example_latest_only.py
[2022-02-24 20:08:05,593] {processor.py:654} INFO - DAG(s) dict_keys(['latest_only']) retrieved from /home/airflow/.local/lib/python3.7/site-packages/airflow/example_dags/example_latest_only.py
[2022-02-24 20:08:05,603] {logging_mixin.py:109} INFO - [2022-02-24 20:08:05,603] {dag.py:2396} INFO - Sync 1 DAGs
[2022-02-24 20:08:05,619] {logging_mixin.py:109} INFO - [2022-02-24 20:08:05,619] {dag.py:2935} INFO - Setting next_dagrun for latest_only to 2022-02-24T16:08:05.619003+00:00
[2022-02-24 20:08:05,629] {processor.py:171} INFO - Processing /home/airflow/.local/lib/python3.7/site-packages/airflow/example_dags/example_latest_only.py took 0.069 seconds
[2022-02-24 20:08:36,609] {processor.py:163} INFO - Started process (PID=857) to work on /home/airflow/.local/lib/python3.7/site-packages/airflow/example_dags/example_latest_only.py
[2022-02-24 20:08:36,615] {processor.py:642} INFO - Processing file /home/airflow/.local/lib/python3.7/site-packages/airflow/example_dags/example_latest_only.py for tasks to queue
[2022-02-24 20:08:36,618] {logging_mixin.py:109} INFO - [2022-02-24 20:08:36,618] {dagbag.py:500} INFO - Filling up the DagBag from /home/airflow/.local/lib/python3.7/site-packages/airflow/example_dags/example_latest_only.py
[2022-02-24 20:08:36,762] {processor.py:654} INFO - DAG(s) dict_keys(['latest_only']) retrieved from /home/airflow/.local/lib/python3.7/site-packages/airflow/example_dags/example_latest_only.py
[2022-02-24 20:08:36,826] {logging_mixin.py:109} INFO - [2022-02-24 20:08:36,826] {dag.py:2396} INFO - Sync 1 DAGs
[2022-02-24 20:08:36,923] {logging_mixin.py:109} INFO - [2022-02-24 20:08:36,923] {dag.py:2935} INFO - Setting next_dagrun for latest_only to 2022-02-24T16:08:36.923581+00:00
[2022-02-24 20:08:36,991] {processor.py:171} INFO - Processing /home/airflow/.local/lib/python3.7/site-packages/airflow/example_dags/example_latest_only.py took 0.407 seconds
[2022-02-24 20:09:07,233] {processor.py:163} INFO - Started process (PID=919) to work on /home/airflow/.local/lib/python3.7/site-packages/airflow/example_dags/example_latest_only.py
[2022-02-24 20:09:07,237] {processor.py:642} INFO - Processing file /home/airflow/.local/lib/python3.7/site-packages/airflow/example_dags/example_latest_only.py for tasks to queue
[2022-02-24 20:09:07,240] {logging_mixin.py:109} INFO - [2022-02-24 20:09:07,239] {dagbag.py:500} INFO - Filling up the DagBag from /home/airflow/.local/lib/python3.7/site-packages/airflow/example_dags/example_latest_only.py
[2022-02-24 20:09:07,305] {processor.py:654} INFO - DAG(s) dict_keys(['latest_only']) retrieved from /home/airflow/.local/lib/python3.7/site-packages/airflow/example_dags/example_latest_only.py
[2022-02-24 20:09:07,345] {logging_mixin.py:109} INFO - [2022-02-24 20:09:07,345] {dag.py:2396} INFO - Sync 1 DAGs
[2022-02-24 20:09:07,427] {logging_mixin.py:109} INFO - [2022-02-24 20:09:07,426] {dag.py:2935} INFO - Setting next_dagrun for latest_only to 2022-02-24T16:09:07.424552+00:00
[2022-02-24 20:09:07,460] {processor.py:171} INFO - Processing /home/airflow/.local/lib/python3.7/site-packages/airflow/example_dags/example_latest_only.py took 0.233 seconds
[2022-02-24 20:09:38,059] {processor.py:163} INFO - Started process (PID=974) to work on /home/airflow/.local/lib/python3.7/site-packages/airflow/example_dags/example_latest_only.py
[2022-02-24 20:09:38,061] {processor.py:642} INFO - Processing file /home/airflow/.local/lib/python3.7/site-packages/airflow/example_dags/example_latest_only.py for tasks to queue
[2022-02-24 20:09:38,062] {logging_mixin.py:109} INFO - [2022-02-24 20:09:38,062] {dagbag.py:500} INFO - Filling up the DagBag from /home/airflow/.local/lib/python3.7/site-packages/airflow/example_dags/example_latest_only.py
[2022-02-24 20:09:38,089] {processor.py:654} INFO - DAG(s) dict_keys(['latest_only']) retrieved from /home/airflow/.local/lib/python3.7/site-packages/airflow/example_dags/example_latest_only.py
[2022-02-24 20:09:38,099] {logging_mixin.py:109} INFO - [2022-02-24 20:09:38,099] {dag.py:2396} INFO - Sync 1 DAGs
[2022-02-24 20:09:38,115] {logging_mixin.py:109} INFO - [2022-02-24 20:09:38,115] {dag.py:2935} INFO - Setting next_dagrun for latest_only to 2022-02-24T16:09:38.115200+00:00
[2022-02-24 20:09:38,124] {processor.py:171} INFO - Processing /home/airflow/.local/lib/python3.7/site-packages/airflow/example_dags/example_latest_only.py took 0.077 seconds
[2022-02-24 20:10:08,665] {processor.py:163} INFO - Started process (PID=1028) to work on /home/airflow/.local/lib/python3.7/site-packages/airflow/example_dags/example_latest_only.py
[2022-02-24 20:10:08,667] {processor.py:642} INFO - Processing file /home/airflow/.local/lib/python3.7/site-packages/airflow/example_dags/example_latest_only.py for tasks to queue
[2022-02-24 20:10:08,668] {logging_mixin.py:109} INFO - [2022-02-24 20:10:08,668] {dagbag.py:500} INFO - Filling up the DagBag from /home/airflow/.local/lib/python3.7/site-packages/airflow/example_dags/example_latest_only.py
[2022-02-24 20:10:08,696] {processor.py:654} INFO - DAG(s) dict_keys(['latest_only']) retrieved from /home/airflow/.local/lib/python3.7/site-packages/airflow/example_dags/example_latest_only.py
[2022-02-24 20:10:08,706] {logging_mixin.py:109} INFO - [2022-02-24 20:10:08,706] {dag.py:2396} INFO - Sync 1 DAGs
[2022-02-24 20:10:08,721] {logging_mixin.py:109} INFO - [2022-02-24 20:10:08,721] {dag.py:2935} INFO - Setting next_dagrun for latest_only to 2022-02-24T16:10:08.721373+00:00
[2022-02-24 20:10:08,730] {processor.py:171} INFO - Processing /home/airflow/.local/lib/python3.7/site-packages/airflow/example_dags/example_latest_only.py took 0.070 seconds
[2022-02-24 20:10:39,044] {processor.py:163} INFO - Started process (PID=1091) to work on /home/airflow/.local/lib/python3.7/site-packages/airflow/example_dags/example_latest_only.py
[2022-02-24 20:10:39,046] {processor.py:642} INFO - Processing file /home/airflow/.local/lib/python3.7/site-packages/airflow/example_dags/example_latest_only.py for tasks to queue
[2022-02-24 20:10:39,047] {logging_mixin.py:109} INFO - [2022-02-24 20:10:39,047] {dagbag.py:500} INFO - Filling up the DagBag from /home/airflow/.local/lib/python3.7/site-packages/airflow/example_dags/example_latest_only.py
[2022-02-24 20:10:39,091] {processor.py:654} INFO - DAG(s) dict_keys(['latest_only']) retrieved from /home/airflow/.local/lib/python3.7/site-packages/airflow/example_dags/example_latest_only.py
[2022-02-24 20:10:39,101] {logging_mixin.py:109} INFO - [2022-02-24 20:10:39,101] {dag.py:2396} INFO - Sync 1 DAGs
[2022-02-24 20:10:39,119] {logging_mixin.py:109} INFO - [2022-02-24 20:10:39,119] {dag.py:2935} INFO - Setting next_dagrun for latest_only to 2022-02-24T16:10:39.119137+00:00
[2022-02-24 20:10:39,128] {processor.py:171} INFO - Processing /home/airflow/.local/lib/python3.7/site-packages/airflow/example_dags/example_latest_only.py took 0.088 seconds
[2022-02-24 20:11:09,281] {processor.py:163} INFO - Started process (PID=1146) to work on /home/airflow/.local/lib/python3.7/site-packages/airflow/example_dags/example_latest_only.py
[2022-02-24 20:11:09,286] {processor.py:642} INFO - Processing file /home/airflow/.local/lib/python3.7/site-packages/airflow/example_dags/example_latest_only.py for tasks to queue
[2022-02-24 20:11:09,288] {logging_mixin.py:109} INFO - [2022-02-24 20:11:09,287] {dagbag.py:500} INFO - Filling up the DagBag from /home/airflow/.local/lib/python3.7/site-packages/airflow/example_dags/example_latest_only.py
[2022-02-24 20:11:09,444] {processor.py:654} INFO - DAG(s) dict_keys(['latest_only']) retrieved from /home/airflow/.local/lib/python3.7/site-packages/airflow/example_dags/example_latest_only.py
[2022-02-24 20:11:09,499] {logging_mixin.py:109} INFO - [2022-02-24 20:11:09,499] {dag.py:2396} INFO - Sync 1 DAGs
[2022-02-24 20:11:09,568] {logging_mixin.py:109} INFO - [2022-02-24 20:11:09,568] {dag.py:2935} INFO - Setting next_dagrun for latest_only to 2022-02-24T16:11:09.568392+00:00
[2022-02-24 20:11:09,618] {processor.py:171} INFO - Processing /home/airflow/.local/lib/python3.7/site-packages/airflow/example_dags/example_latest_only.py took 0.341 seconds
[2022-02-24 20:11:40,471] {processor.py:163} INFO - Started process (PID=1202) to work on /home/airflow/.local/lib/python3.7/site-packages/airflow/example_dags/example_latest_only.py
[2022-02-24 20:11:40,473] {processor.py:642} INFO - Processing file /home/airflow/.local/lib/python3.7/site-packages/airflow/example_dags/example_latest_only.py for tasks to queue
[2022-02-24 20:11:40,480] {logging_mixin.py:109} INFO - [2022-02-24 20:11:40,475] {dagbag.py:500} INFO - Filling up the DagBag from /home/airflow/.local/lib/python3.7/site-packages/airflow/example_dags/example_latest_only.py
[2022-02-24 20:11:40,520] {processor.py:654} INFO - DAG(s) dict_keys(['latest_only']) retrieved from /home/airflow/.local/lib/python3.7/site-packages/airflow/example_dags/example_latest_only.py
[2022-02-24 20:11:40,548] {logging_mixin.py:109} INFO - [2022-02-24 20:11:40,548] {dag.py:2396} INFO - Sync 1 DAGs
[2022-02-24 20:11:40,612] {logging_mixin.py:109} INFO - [2022-02-24 20:11:40,612] {dag.py:2935} INFO - Setting next_dagrun for latest_only to 2022-02-24T16:11:40.612150+00:00
[2022-02-24 20:11:40,641] {processor.py:171} INFO - Processing /home/airflow/.local/lib/python3.7/site-packages/airflow/example_dags/example_latest_only.py took 0.177 seconds
