[2022-02-24 19:52:37,857] {processor.py:163} INFO - Started process (PID=114) to work on /home/airflow/.local/lib/python3.7/site-packages/airflow/example_dags/example_branch_python_dop_operator_3.py
[2022-02-24 19:52:37,860] {processor.py:642} INFO - Processing file /home/airflow/.local/lib/python3.7/site-packages/airflow/example_dags/example_branch_python_dop_operator_3.py for tasks to queue
[2022-02-24 19:52:37,863] {logging_mixin.py:109} INFO - [2022-02-24 19:52:37,862] {dagbag.py:500} INFO - Filling up the DagBag from /home/airflow/.local/lib/python3.7/site-packages/airflow/example_dags/example_branch_python_dop_operator_3.py
[2022-02-24 19:52:37,902] {processor.py:654} INFO - DAG(s) dict_keys(['example_branch_dop_operator_v3']) retrieved from /home/airflow/.local/lib/python3.7/site-packages/airflow/example_dags/example_branch_python_dop_operator_3.py
[2022-02-24 19:52:42,512] {logging_mixin.py:109} INFO - [2022-02-24 19:52:42,512] {manager.py:496} INFO - Created Permission View: can read on DAG:example_branch_dop_operator_v3
[2022-02-24 19:52:42,552] {logging_mixin.py:109} INFO - [2022-02-24 19:52:42,552] {manager.py:496} INFO - Created Permission View: can edit on DAG:example_branch_dop_operator_v3
[2022-02-24 19:52:42,553] {logging_mixin.py:109} INFO - [2022-02-24 19:52:42,553] {dag.py:2396} INFO - Sync 1 DAGs
[2022-02-24 19:52:42,568] {logging_mixin.py:109} INFO - [2022-02-24 19:52:42,568] {dag.py:2415} INFO - Creating ORM DAG for example_branch_dop_operator_v3
[2022-02-24 19:52:42,591] {logging_mixin.py:109} INFO - [2022-02-24 19:52:42,591] {dag.py:2935} INFO - Setting next_dagrun for example_branch_dop_operator_v3 to 2022-02-24T19:51:00+00:00
[2022-02-24 19:52:42,609] {processor.py:171} INFO - Processing /home/airflow/.local/lib/python3.7/site-packages/airflow/example_dags/example_branch_python_dop_operator_3.py took 4.758 seconds
[2022-02-24 19:54:13,981] {processor.py:163} INFO - Started process (PID=248) to work on /home/airflow/.local/lib/python3.7/site-packages/airflow/example_dags/example_branch_python_dop_operator_3.py
[2022-02-24 19:54:13,984] {processor.py:642} INFO - Processing file /home/airflow/.local/lib/python3.7/site-packages/airflow/example_dags/example_branch_python_dop_operator_3.py for tasks to queue
[2022-02-24 19:54:13,986] {logging_mixin.py:109} INFO - [2022-02-24 19:54:13,985] {dagbag.py:500} INFO - Filling up the DagBag from /home/airflow/.local/lib/python3.7/site-packages/airflow/example_dags/example_branch_python_dop_operator_3.py
[2022-02-24 19:54:14,017] {processor.py:654} INFO - DAG(s) dict_keys(['example_branch_dop_operator_v3']) retrieved from /home/airflow/.local/lib/python3.7/site-packages/airflow/example_dags/example_branch_python_dop_operator_3.py
[2022-02-24 19:54:14,030] {logging_mixin.py:109} INFO - [2022-02-24 19:54:14,030] {dag.py:2396} INFO - Sync 1 DAGs
[2022-02-24 19:54:14,082] {logging_mixin.py:109} INFO - [2022-02-24 19:54:14,076] {dag.py:2935} INFO - Setting next_dagrun for example_branch_dop_operator_v3 to 2022-02-24T19:53:00+00:00
[2022-02-24 19:54:14,109] {processor.py:171} INFO - Processing /home/airflow/.local/lib/python3.7/site-packages/airflow/example_dags/example_branch_python_dop_operator_3.py took 0.134 seconds
[2022-02-24 19:54:45,481] {processor.py:163} INFO - Started process (PID=304) to work on /home/airflow/.local/lib/python3.7/site-packages/airflow/example_dags/example_branch_python_dop_operator_3.py
[2022-02-24 19:54:45,489] {processor.py:642} INFO - Processing file /home/airflow/.local/lib/python3.7/site-packages/airflow/example_dags/example_branch_python_dop_operator_3.py for tasks to queue
[2022-02-24 19:54:45,493] {logging_mixin.py:109} INFO - [2022-02-24 19:54:45,490] {dagbag.py:500} INFO - Filling up the DagBag from /home/airflow/.local/lib/python3.7/site-packages/airflow/example_dags/example_branch_python_dop_operator_3.py
[2022-02-24 19:54:45,608] {processor.py:654} INFO - DAG(s) dict_keys(['example_branch_dop_operator_v3']) retrieved from /home/airflow/.local/lib/python3.7/site-packages/airflow/example_dags/example_branch_python_dop_operator_3.py
[2022-02-24 19:54:45,651] {logging_mixin.py:109} INFO - [2022-02-24 19:54:45,651] {dag.py:2396} INFO - Sync 1 DAGs
[2022-02-24 19:54:45,737] {logging_mixin.py:109} INFO - [2022-02-24 19:54:45,735] {dag.py:2935} INFO - Setting next_dagrun for example_branch_dop_operator_v3 to 2022-02-24T19:53:00+00:00
[2022-02-24 19:54:45,784] {processor.py:171} INFO - Processing /home/airflow/.local/lib/python3.7/site-packages/airflow/example_dags/example_branch_python_dop_operator_3.py took 0.310 seconds
[2022-02-24 19:55:15,888] {processor.py:163} INFO - Started process (PID=365) to work on /home/airflow/.local/lib/python3.7/site-packages/airflow/example_dags/example_branch_python_dop_operator_3.py
[2022-02-24 19:55:15,891] {processor.py:642} INFO - Processing file /home/airflow/.local/lib/python3.7/site-packages/airflow/example_dags/example_branch_python_dop_operator_3.py for tasks to queue
[2022-02-24 19:55:15,893] {logging_mixin.py:109} INFO - [2022-02-24 19:55:15,892] {dagbag.py:500} INFO - Filling up the DagBag from /home/airflow/.local/lib/python3.7/site-packages/airflow/example_dags/example_branch_python_dop_operator_3.py
[2022-02-24 19:55:15,927] {processor.py:654} INFO - DAG(s) dict_keys(['example_branch_dop_operator_v3']) retrieved from /home/airflow/.local/lib/python3.7/site-packages/airflow/example_dags/example_branch_python_dop_operator_3.py
[2022-02-24 19:55:15,940] {logging_mixin.py:109} INFO - [2022-02-24 19:55:15,940] {dag.py:2396} INFO - Sync 1 DAGs
[2022-02-24 19:55:15,965] {logging_mixin.py:109} INFO - [2022-02-24 19:55:15,965] {dag.py:2935} INFO - Setting next_dagrun for example_branch_dop_operator_v3 to 2022-02-24T19:54:00+00:00
[2022-02-24 19:55:15,977] {processor.py:171} INFO - Processing /home/airflow/.local/lib/python3.7/site-packages/airflow/example_dags/example_branch_python_dop_operator_3.py took 0.094 seconds
[2022-02-24 19:55:46,139] {processor.py:163} INFO - Started process (PID=426) to work on /home/airflow/.local/lib/python3.7/site-packages/airflow/example_dags/example_branch_python_dop_operator_3.py
[2022-02-24 19:55:46,146] {processor.py:642} INFO - Processing file /home/airflow/.local/lib/python3.7/site-packages/airflow/example_dags/example_branch_python_dop_operator_3.py for tasks to queue
[2022-02-24 19:55:46,159] {logging_mixin.py:109} INFO - [2022-02-24 19:55:46,158] {dagbag.py:500} INFO - Filling up the DagBag from /home/airflow/.local/lib/python3.7/site-packages/airflow/example_dags/example_branch_python_dop_operator_3.py
[2022-02-24 19:55:46,224] {processor.py:654} INFO - DAG(s) dict_keys(['example_branch_dop_operator_v3']) retrieved from /home/airflow/.local/lib/python3.7/site-packages/airflow/example_dags/example_branch_python_dop_operator_3.py
[2022-02-24 19:55:46,250] {logging_mixin.py:109} INFO - [2022-02-24 19:55:46,250] {dag.py:2396} INFO - Sync 1 DAGs
[2022-02-24 19:55:46,289] {logging_mixin.py:109} INFO - [2022-02-24 19:55:46,289] {dag.py:2935} INFO - Setting next_dagrun for example_branch_dop_operator_v3 to 2022-02-24T19:54:00+00:00
[2022-02-24 19:55:46,302] {processor.py:171} INFO - Processing /home/airflow/.local/lib/python3.7/site-packages/airflow/example_dags/example_branch_python_dop_operator_3.py took 0.167 seconds
[2022-02-24 19:56:16,652] {processor.py:163} INFO - Started process (PID=478) to work on /home/airflow/.local/lib/python3.7/site-packages/airflow/example_dags/example_branch_python_dop_operator_3.py
[2022-02-24 19:56:16,654] {processor.py:642} INFO - Processing file /home/airflow/.local/lib/python3.7/site-packages/airflow/example_dags/example_branch_python_dop_operator_3.py for tasks to queue
[2022-02-24 19:56:16,655] {logging_mixin.py:109} INFO - [2022-02-24 19:56:16,655] {dagbag.py:500} INFO - Filling up the DagBag from /home/airflow/.local/lib/python3.7/site-packages/airflow/example_dags/example_branch_python_dop_operator_3.py
[2022-02-24 19:56:16,719] {processor.py:654} INFO - DAG(s) dict_keys(['example_branch_dop_operator_v3']) retrieved from /home/airflow/.local/lib/python3.7/site-packages/airflow/example_dags/example_branch_python_dop_operator_3.py
[2022-02-24 19:56:16,737] {logging_mixin.py:109} INFO - [2022-02-24 19:56:16,736] {dag.py:2396} INFO - Sync 1 DAGs
[2022-02-24 19:56:16,773] {logging_mixin.py:109} INFO - [2022-02-24 19:56:16,773] {dag.py:2935} INFO - Setting next_dagrun for example_branch_dop_operator_v3 to 2022-02-24T19:55:00+00:00
[2022-02-24 19:56:16,789] {processor.py:171} INFO - Processing /home/airflow/.local/lib/python3.7/site-packages/airflow/example_dags/example_branch_python_dop_operator_3.py took 0.140 seconds
[2022-02-24 19:56:47,800] {processor.py:163} INFO - Started process (PID=532) to work on /home/airflow/.local/lib/python3.7/site-packages/airflow/example_dags/example_branch_python_dop_operator_3.py
[2022-02-24 19:56:47,802] {processor.py:642} INFO - Processing file /home/airflow/.local/lib/python3.7/site-packages/airflow/example_dags/example_branch_python_dop_operator_3.py for tasks to queue
[2022-02-24 19:56:47,807] {logging_mixin.py:109} INFO - [2022-02-24 19:56:47,806] {dagbag.py:500} INFO - Filling up the DagBag from /home/airflow/.local/lib/python3.7/site-packages/airflow/example_dags/example_branch_python_dop_operator_3.py
[2022-02-24 19:56:47,860] {processor.py:654} INFO - DAG(s) dict_keys(['example_branch_dop_operator_v3']) retrieved from /home/airflow/.local/lib/python3.7/site-packages/airflow/example_dags/example_branch_python_dop_operator_3.py
[2022-02-24 19:56:47,878] {logging_mixin.py:109} INFO - [2022-02-24 19:56:47,878] {dag.py:2396} INFO - Sync 1 DAGs
[2022-02-24 19:56:47,906] {logging_mixin.py:109} INFO - [2022-02-24 19:56:47,905] {dag.py:2935} INFO - Setting next_dagrun for example_branch_dop_operator_v3 to 2022-02-24T19:55:00+00:00
[2022-02-24 19:56:47,917] {processor.py:171} INFO - Processing /home/airflow/.local/lib/python3.7/site-packages/airflow/example_dags/example_branch_python_dop_operator_3.py took 0.123 seconds
[2022-02-24 19:57:18,120] {processor.py:163} INFO - Started process (PID=597) to work on /home/airflow/.local/lib/python3.7/site-packages/airflow/example_dags/example_branch_python_dop_operator_3.py
[2022-02-24 19:57:18,122] {processor.py:642} INFO - Processing file /home/airflow/.local/lib/python3.7/site-packages/airflow/example_dags/example_branch_python_dop_operator_3.py for tasks to queue
[2022-02-24 19:57:18,126] {logging_mixin.py:109} INFO - [2022-02-24 19:57:18,126] {dagbag.py:500} INFO - Filling up the DagBag from /home/airflow/.local/lib/python3.7/site-packages/airflow/example_dags/example_branch_python_dop_operator_3.py
[2022-02-24 19:57:18,197] {processor.py:654} INFO - DAG(s) dict_keys(['example_branch_dop_operator_v3']) retrieved from /home/airflow/.local/lib/python3.7/site-packages/airflow/example_dags/example_branch_python_dop_operator_3.py
[2022-02-24 19:57:18,232] {logging_mixin.py:109} INFO - [2022-02-24 19:57:18,232] {dag.py:2396} INFO - Sync 1 DAGs
[2022-02-24 19:57:18,289] {logging_mixin.py:109} INFO - [2022-02-24 19:57:18,289] {dag.py:2935} INFO - Setting next_dagrun for example_branch_dop_operator_v3 to 2022-02-24T19:56:00+00:00
[2022-02-24 19:57:18,310] {processor.py:171} INFO - Processing /home/airflow/.local/lib/python3.7/site-packages/airflow/example_dags/example_branch_python_dop_operator_3.py took 0.198 seconds
[2022-02-24 19:57:48,933] {processor.py:163} INFO - Started process (PID=651) to work on /home/airflow/.local/lib/python3.7/site-packages/airflow/example_dags/example_branch_python_dop_operator_3.py
[2022-02-24 19:57:48,935] {processor.py:642} INFO - Processing file /home/airflow/.local/lib/python3.7/site-packages/airflow/example_dags/example_branch_python_dop_operator_3.py for tasks to queue
[2022-02-24 19:57:48,938] {logging_mixin.py:109} INFO - [2022-02-24 19:57:48,937] {dagbag.py:500} INFO - Filling up the DagBag from /home/airflow/.local/lib/python3.7/site-packages/airflow/example_dags/example_branch_python_dop_operator_3.py
[2022-02-24 19:57:49,046] {processor.py:654} INFO - DAG(s) dict_keys(['example_branch_dop_operator_v3']) retrieved from /home/airflow/.local/lib/python3.7/site-packages/airflow/example_dags/example_branch_python_dop_operator_3.py
[2022-02-24 19:57:49,090] {logging_mixin.py:109} INFO - [2022-02-24 19:57:49,090] {dag.py:2396} INFO - Sync 1 DAGs
[2022-02-24 19:57:49,120] {logging_mixin.py:109} INFO - [2022-02-24 19:57:49,120] {dag.py:2935} INFO - Setting next_dagrun for example_branch_dop_operator_v3 to 2022-02-24T19:56:00+00:00
[2022-02-24 19:57:49,129] {processor.py:171} INFO - Processing /home/airflow/.local/lib/python3.7/site-packages/airflow/example_dags/example_branch_python_dop_operator_3.py took 0.211 seconds
[2022-02-24 20:01:17,099] {processor.py:163} INFO - Started process (PID=55) to work on /home/airflow/.local/lib/python3.7/site-packages/airflow/example_dags/example_branch_python_dop_operator_3.py
[2022-02-24 20:01:17,111] {processor.py:642} INFO - Processing file /home/airflow/.local/lib/python3.7/site-packages/airflow/example_dags/example_branch_python_dop_operator_3.py for tasks to queue
[2022-02-24 20:01:17,119] {logging_mixin.py:109} INFO - [2022-02-24 20:01:17,117] {dagbag.py:500} INFO - Filling up the DagBag from /home/airflow/.local/lib/python3.7/site-packages/airflow/example_dags/example_branch_python_dop_operator_3.py
[2022-02-24 20:01:17,281] {processor.py:654} INFO - DAG(s) dict_keys(['example_branch_dop_operator_v3']) retrieved from /home/airflow/.local/lib/python3.7/site-packages/airflow/example_dags/example_branch_python_dop_operator_3.py
[2022-02-24 20:01:17,294] {logging_mixin.py:109} INFO - [2022-02-24 20:01:17,294] {dag.py:2396} INFO - Sync 1 DAGs
[2022-02-24 20:01:17,381] {logging_mixin.py:109} INFO - [2022-02-24 20:01:17,381] {dag.py:2935} INFO - Setting next_dagrun for example_branch_dop_operator_v3 to 2022-02-24T20:00:00+00:00
[2022-02-24 20:01:17,427] {processor.py:171} INFO - Processing /home/airflow/.local/lib/python3.7/site-packages/airflow/example_dags/example_branch_python_dop_operator_3.py took 0.358 seconds
[2022-02-24 20:01:47,549] {processor.py:163} INFO - Started process (PID=105) to work on /home/airflow/.local/lib/python3.7/site-packages/airflow/example_dags/example_branch_python_dop_operator_3.py
[2022-02-24 20:01:47,551] {processor.py:642} INFO - Processing file /home/airflow/.local/lib/python3.7/site-packages/airflow/example_dags/example_branch_python_dop_operator_3.py for tasks to queue
[2022-02-24 20:01:47,553] {logging_mixin.py:109} INFO - [2022-02-24 20:01:47,553] {dagbag.py:500} INFO - Filling up the DagBag from /home/airflow/.local/lib/python3.7/site-packages/airflow/example_dags/example_branch_python_dop_operator_3.py
[2022-02-24 20:01:47,596] {processor.py:654} INFO - DAG(s) dict_keys(['example_branch_dop_operator_v3']) retrieved from /home/airflow/.local/lib/python3.7/site-packages/airflow/example_dags/example_branch_python_dop_operator_3.py
[2022-02-24 20:01:47,620] {logging_mixin.py:109} INFO - [2022-02-24 20:01:47,620] {dag.py:2396} INFO - Sync 1 DAGs
[2022-02-24 20:01:47,670] {logging_mixin.py:109} INFO - [2022-02-24 20:01:47,670] {dag.py:2935} INFO - Setting next_dagrun for example_branch_dop_operator_v3 to 2022-02-24T20:00:00+00:00
[2022-02-24 20:01:47,689] {processor.py:171} INFO - Processing /home/airflow/.local/lib/python3.7/site-packages/airflow/example_dags/example_branch_python_dop_operator_3.py took 0.149 seconds
[2022-02-24 20:02:18,366] {processor.py:163} INFO - Started process (PID=162) to work on /home/airflow/.local/lib/python3.7/site-packages/airflow/example_dags/example_branch_python_dop_operator_3.py
[2022-02-24 20:02:18,374] {processor.py:642} INFO - Processing file /home/airflow/.local/lib/python3.7/site-packages/airflow/example_dags/example_branch_python_dop_operator_3.py for tasks to queue
[2022-02-24 20:02:18,376] {logging_mixin.py:109} INFO - [2022-02-24 20:02:18,375] {dagbag.py:500} INFO - Filling up the DagBag from /home/airflow/.local/lib/python3.7/site-packages/airflow/example_dags/example_branch_python_dop_operator_3.py
[2022-02-24 20:02:18,420] {processor.py:654} INFO - DAG(s) dict_keys(['example_branch_dop_operator_v3']) retrieved from /home/airflow/.local/lib/python3.7/site-packages/airflow/example_dags/example_branch_python_dop_operator_3.py
[2022-02-24 20:02:18,441] {logging_mixin.py:109} INFO - [2022-02-24 20:02:18,441] {dag.py:2396} INFO - Sync 1 DAGs
[2022-02-24 20:02:18,474] {logging_mixin.py:109} INFO - [2022-02-24 20:02:18,474] {dag.py:2935} INFO - Setting next_dagrun for example_branch_dop_operator_v3 to 2022-02-24T20:01:00+00:00
[2022-02-24 20:02:18,489] {processor.py:171} INFO - Processing /home/airflow/.local/lib/python3.7/site-packages/airflow/example_dags/example_branch_python_dop_operator_3.py took 0.126 seconds
[2022-02-24 20:02:48,647] {processor.py:163} INFO - Started process (PID=224) to work on /home/airflow/.local/lib/python3.7/site-packages/airflow/example_dags/example_branch_python_dop_operator_3.py
[2022-02-24 20:02:48,653] {processor.py:642} INFO - Processing file /home/airflow/.local/lib/python3.7/site-packages/airflow/example_dags/example_branch_python_dop_operator_3.py for tasks to queue
[2022-02-24 20:02:48,655] {logging_mixin.py:109} INFO - [2022-02-24 20:02:48,655] {dagbag.py:500} INFO - Filling up the DagBag from /home/airflow/.local/lib/python3.7/site-packages/airflow/example_dags/example_branch_python_dop_operator_3.py
[2022-02-24 20:02:48,716] {processor.py:654} INFO - DAG(s) dict_keys(['example_branch_dop_operator_v3']) retrieved from /home/airflow/.local/lib/python3.7/site-packages/airflow/example_dags/example_branch_python_dop_operator_3.py
[2022-02-24 20:02:48,741] {logging_mixin.py:109} INFO - [2022-02-24 20:02:48,741] {dag.py:2396} INFO - Sync 1 DAGs
[2022-02-24 20:02:48,798] {logging_mixin.py:109} INFO - [2022-02-24 20:02:48,798] {dag.py:2935} INFO - Setting next_dagrun for example_branch_dop_operator_v3 to 2022-02-24T20:01:00+00:00
[2022-02-24 20:02:48,828] {processor.py:171} INFO - Processing /home/airflow/.local/lib/python3.7/site-packages/airflow/example_dags/example_branch_python_dop_operator_3.py took 0.185 seconds
[2022-02-24 20:03:19,727] {processor.py:163} INFO - Started process (PID=270) to work on /home/airflow/.local/lib/python3.7/site-packages/airflow/example_dags/example_branch_python_dop_operator_3.py
[2022-02-24 20:03:19,729] {processor.py:642} INFO - Processing file /home/airflow/.local/lib/python3.7/site-packages/airflow/example_dags/example_branch_python_dop_operator_3.py for tasks to queue
[2022-02-24 20:03:19,730] {logging_mixin.py:109} INFO - [2022-02-24 20:03:19,730] {dagbag.py:500} INFO - Filling up the DagBag from /home/airflow/.local/lib/python3.7/site-packages/airflow/example_dags/example_branch_python_dop_operator_3.py
[2022-02-24 20:03:19,761] {processor.py:654} INFO - DAG(s) dict_keys(['example_branch_dop_operator_v3']) retrieved from /home/airflow/.local/lib/python3.7/site-packages/airflow/example_dags/example_branch_python_dop_operator_3.py
[2022-02-24 20:03:19,771] {logging_mixin.py:109} INFO - [2022-02-24 20:03:19,771] {dag.py:2396} INFO - Sync 1 DAGs
[2022-02-24 20:03:19,792] {logging_mixin.py:109} INFO - [2022-02-24 20:03:19,791] {dag.py:2935} INFO - Setting next_dagrun for example_branch_dop_operator_v3 to 2022-02-24T20:02:00+00:00
[2022-02-24 20:03:19,801] {processor.py:171} INFO - Processing /home/airflow/.local/lib/python3.7/site-packages/airflow/example_dags/example_branch_python_dop_operator_3.py took 0.079 seconds
[2022-02-24 20:03:50,178] {processor.py:163} INFO - Started process (PID=326) to work on /home/airflow/.local/lib/python3.7/site-packages/airflow/example_dags/example_branch_python_dop_operator_3.py
[2022-02-24 20:03:50,185] {processor.py:642} INFO - Processing file /home/airflow/.local/lib/python3.7/site-packages/airflow/example_dags/example_branch_python_dop_operator_3.py for tasks to queue
[2022-02-24 20:03:50,189] {logging_mixin.py:109} INFO - [2022-02-24 20:03:50,188] {dagbag.py:500} INFO - Filling up the DagBag from /home/airflow/.local/lib/python3.7/site-packages/airflow/example_dags/example_branch_python_dop_operator_3.py
[2022-02-24 20:03:50,283] {processor.py:654} INFO - DAG(s) dict_keys(['example_branch_dop_operator_v3']) retrieved from /home/airflow/.local/lib/python3.7/site-packages/airflow/example_dags/example_branch_python_dop_operator_3.py
[2022-02-24 20:03:50,317] {logging_mixin.py:109} INFO - [2022-02-24 20:03:50,317] {dag.py:2396} INFO - Sync 1 DAGs
[2022-02-24 20:03:50,461] {logging_mixin.py:109} INFO - [2022-02-24 20:03:50,460] {dag.py:2935} INFO - Setting next_dagrun for example_branch_dop_operator_v3 to 2022-02-24T20:02:00+00:00
[2022-02-24 20:03:50,530] {processor.py:171} INFO - Processing /home/airflow/.local/lib/python3.7/site-packages/airflow/example_dags/example_branch_python_dop_operator_3.py took 0.366 seconds
[2022-02-24 20:04:21,079] {processor.py:163} INFO - Started process (PID=385) to work on /home/airflow/.local/lib/python3.7/site-packages/airflow/example_dags/example_branch_python_dop_operator_3.py
[2022-02-24 20:04:21,082] {processor.py:642} INFO - Processing file /home/airflow/.local/lib/python3.7/site-packages/airflow/example_dags/example_branch_python_dop_operator_3.py for tasks to queue
[2022-02-24 20:04:21,084] {logging_mixin.py:109} INFO - [2022-02-24 20:04:21,084] {dagbag.py:500} INFO - Filling up the DagBag from /home/airflow/.local/lib/python3.7/site-packages/airflow/example_dags/example_branch_python_dop_operator_3.py
[2022-02-24 20:04:21,169] {processor.py:654} INFO - DAG(s) dict_keys(['example_branch_dop_operator_v3']) retrieved from /home/airflow/.local/lib/python3.7/site-packages/airflow/example_dags/example_branch_python_dop_operator_3.py
[2022-02-24 20:04:21,200] {logging_mixin.py:109} INFO - [2022-02-24 20:04:21,200] {dag.py:2396} INFO - Sync 1 DAGs
[2022-02-24 20:04:21,279] {logging_mixin.py:109} INFO - [2022-02-24 20:04:21,279] {dag.py:2935} INFO - Setting next_dagrun for example_branch_dop_operator_v3 to 2022-02-24T20:03:00+00:00
[2022-02-24 20:04:21,304] {processor.py:171} INFO - Processing /home/airflow/.local/lib/python3.7/site-packages/airflow/example_dags/example_branch_python_dop_operator_3.py took 0.230 seconds
[2022-02-24 20:04:51,759] {processor.py:163} INFO - Started process (PID=442) to work on /home/airflow/.local/lib/python3.7/site-packages/airflow/example_dags/example_branch_python_dop_operator_3.py
[2022-02-24 20:04:51,761] {processor.py:642} INFO - Processing file /home/airflow/.local/lib/python3.7/site-packages/airflow/example_dags/example_branch_python_dop_operator_3.py for tasks to queue
[2022-02-24 20:04:51,762] {logging_mixin.py:109} INFO - [2022-02-24 20:04:51,762] {dagbag.py:500} INFO - Filling up the DagBag from /home/airflow/.local/lib/python3.7/site-packages/airflow/example_dags/example_branch_python_dop_operator_3.py
[2022-02-24 20:04:51,815] {processor.py:654} INFO - DAG(s) dict_keys(['example_branch_dop_operator_v3']) retrieved from /home/airflow/.local/lib/python3.7/site-packages/airflow/example_dags/example_branch_python_dop_operator_3.py
[2022-02-24 20:04:51,838] {logging_mixin.py:109} INFO - [2022-02-24 20:04:51,837] {dag.py:2396} INFO - Sync 1 DAGs
[2022-02-24 20:04:51,905] {logging_mixin.py:109} INFO - [2022-02-24 20:04:51,904] {dag.py:2935} INFO - Setting next_dagrun for example_branch_dop_operator_v3 to 2022-02-24T20:03:00+00:00
[2022-02-24 20:04:51,932] {processor.py:171} INFO - Processing /home/airflow/.local/lib/python3.7/site-packages/airflow/example_dags/example_branch_python_dop_operator_3.py took 0.177 seconds
[2022-02-24 20:05:22,668] {processor.py:163} INFO - Started process (PID=496) to work on /home/airflow/.local/lib/python3.7/site-packages/airflow/example_dags/example_branch_python_dop_operator_3.py
[2022-02-24 20:05:22,670] {processor.py:642} INFO - Processing file /home/airflow/.local/lib/python3.7/site-packages/airflow/example_dags/example_branch_python_dop_operator_3.py for tasks to queue
[2022-02-24 20:05:22,672] {logging_mixin.py:109} INFO - [2022-02-24 20:05:22,672] {dagbag.py:500} INFO - Filling up the DagBag from /home/airflow/.local/lib/python3.7/site-packages/airflow/example_dags/example_branch_python_dop_operator_3.py
[2022-02-24 20:05:22,724] {processor.py:654} INFO - DAG(s) dict_keys(['example_branch_dop_operator_v3']) retrieved from /home/airflow/.local/lib/python3.7/site-packages/airflow/example_dags/example_branch_python_dop_operator_3.py
[2022-02-24 20:05:22,735] {logging_mixin.py:109} INFO - [2022-02-24 20:05:22,735] {dag.py:2396} INFO - Sync 1 DAGs
[2022-02-24 20:05:22,754] {logging_mixin.py:109} INFO - [2022-02-24 20:05:22,754] {dag.py:2935} INFO - Setting next_dagrun for example_branch_dop_operator_v3 to 2022-02-24T20:04:00+00:00
[2022-02-24 20:05:22,765] {processor.py:171} INFO - Processing /home/airflow/.local/lib/python3.7/site-packages/airflow/example_dags/example_branch_python_dop_operator_3.py took 0.100 seconds
[2022-02-24 20:05:52,897] {processor.py:163} INFO - Started process (PID=551) to work on /home/airflow/.local/lib/python3.7/site-packages/airflow/example_dags/example_branch_python_dop_operator_3.py
[2022-02-24 20:05:52,900] {processor.py:642} INFO - Processing file /home/airflow/.local/lib/python3.7/site-packages/airflow/example_dags/example_branch_python_dop_operator_3.py for tasks to queue
[2022-02-24 20:05:52,902] {logging_mixin.py:109} INFO - [2022-02-24 20:05:52,902] {dagbag.py:500} INFO - Filling up the DagBag from /home/airflow/.local/lib/python3.7/site-packages/airflow/example_dags/example_branch_python_dop_operator_3.py
[2022-02-24 20:05:52,937] {processor.py:654} INFO - DAG(s) dict_keys(['example_branch_dop_operator_v3']) retrieved from /home/airflow/.local/lib/python3.7/site-packages/airflow/example_dags/example_branch_python_dop_operator_3.py
[2022-02-24 20:05:52,950] {logging_mixin.py:109} INFO - [2022-02-24 20:05:52,950] {dag.py:2396} INFO - Sync 1 DAGs
[2022-02-24 20:05:52,973] {logging_mixin.py:109} INFO - [2022-02-24 20:05:52,973] {dag.py:2935} INFO - Setting next_dagrun for example_branch_dop_operator_v3 to 2022-02-24T20:04:00+00:00
[2022-02-24 20:05:52,985] {processor.py:171} INFO - Processing /home/airflow/.local/lib/python3.7/site-packages/airflow/example_dags/example_branch_python_dop_operator_3.py took 0.094 seconds
[2022-02-24 20:06:23,848] {processor.py:163} INFO - Started process (PID=606) to work on /home/airflow/.local/lib/python3.7/site-packages/airflow/example_dags/example_branch_python_dop_operator_3.py
[2022-02-24 20:06:23,850] {processor.py:642} INFO - Processing file /home/airflow/.local/lib/python3.7/site-packages/airflow/example_dags/example_branch_python_dop_operator_3.py for tasks to queue
[2022-02-24 20:06:23,853] {logging_mixin.py:109} INFO - [2022-02-24 20:06:23,853] {dagbag.py:500} INFO - Filling up the DagBag from /home/airflow/.local/lib/python3.7/site-packages/airflow/example_dags/example_branch_python_dop_operator_3.py
[2022-02-24 20:06:23,895] {processor.py:654} INFO - DAG(s) dict_keys(['example_branch_dop_operator_v3']) retrieved from /home/airflow/.local/lib/python3.7/site-packages/airflow/example_dags/example_branch_python_dop_operator_3.py
[2022-02-24 20:06:23,904] {logging_mixin.py:109} INFO - [2022-02-24 20:06:23,904] {dag.py:2396} INFO - Sync 1 DAGs
[2022-02-24 20:06:23,922] {logging_mixin.py:109} INFO - [2022-02-24 20:06:23,922] {dag.py:2935} INFO - Setting next_dagrun for example_branch_dop_operator_v3 to 2022-02-24T20:05:00+00:00
[2022-02-24 20:06:23,931] {processor.py:171} INFO - Processing /home/airflow/.local/lib/python3.7/site-packages/airflow/example_dags/example_branch_python_dop_operator_3.py took 0.093 seconds
[2022-02-24 20:06:54,516] {processor.py:163} INFO - Started process (PID=660) to work on /home/airflow/.local/lib/python3.7/site-packages/airflow/example_dags/example_branch_python_dop_operator_3.py
[2022-02-24 20:06:54,520] {processor.py:642} INFO - Processing file /home/airflow/.local/lib/python3.7/site-packages/airflow/example_dags/example_branch_python_dop_operator_3.py for tasks to queue
[2022-02-24 20:06:54,521] {logging_mixin.py:109} INFO - [2022-02-24 20:06:54,521] {dagbag.py:500} INFO - Filling up the DagBag from /home/airflow/.local/lib/python3.7/site-packages/airflow/example_dags/example_branch_python_dop_operator_3.py
[2022-02-24 20:06:54,551] {processor.py:654} INFO - DAG(s) dict_keys(['example_branch_dop_operator_v3']) retrieved from /home/airflow/.local/lib/python3.7/site-packages/airflow/example_dags/example_branch_python_dop_operator_3.py
[2022-02-24 20:06:54,561] {logging_mixin.py:109} INFO - [2022-02-24 20:06:54,560] {dag.py:2396} INFO - Sync 1 DAGs
[2022-02-24 20:06:54,580] {logging_mixin.py:109} INFO - [2022-02-24 20:06:54,580] {dag.py:2935} INFO - Setting next_dagrun for example_branch_dop_operator_v3 to 2022-02-24T20:05:00+00:00
[2022-02-24 20:06:54,589] {processor.py:171} INFO - Processing /home/airflow/.local/lib/python3.7/site-packages/airflow/example_dags/example_branch_python_dop_operator_3.py took 0.076 seconds
[2022-02-24 20:07:25,240] {processor.py:163} INFO - Started process (PID=720) to work on /home/airflow/.local/lib/python3.7/site-packages/airflow/example_dags/example_branch_python_dop_operator_3.py
[2022-02-24 20:07:25,245] {processor.py:642} INFO - Processing file /home/airflow/.local/lib/python3.7/site-packages/airflow/example_dags/example_branch_python_dop_operator_3.py for tasks to queue
[2022-02-24 20:07:25,249] {logging_mixin.py:109} INFO - [2022-02-24 20:07:25,249] {dagbag.py:500} INFO - Filling up the DagBag from /home/airflow/.local/lib/python3.7/site-packages/airflow/example_dags/example_branch_python_dop_operator_3.py
[2022-02-24 20:07:25,362] {processor.py:654} INFO - DAG(s) dict_keys(['example_branch_dop_operator_v3']) retrieved from /home/airflow/.local/lib/python3.7/site-packages/airflow/example_dags/example_branch_python_dop_operator_3.py
[2022-02-24 20:07:25,396] {logging_mixin.py:109} INFO - [2022-02-24 20:07:25,395] {dag.py:2396} INFO - Sync 1 DAGs
[2022-02-24 20:07:25,604] {logging_mixin.py:109} INFO - [2022-02-24 20:07:25,604] {dag.py:2935} INFO - Setting next_dagrun for example_branch_dop_operator_v3 to 2022-02-24T20:06:00+00:00
[2022-02-24 20:07:25,661] {processor.py:171} INFO - Processing /home/airflow/.local/lib/python3.7/site-packages/airflow/example_dags/example_branch_python_dop_operator_3.py took 0.442 seconds
[2022-02-24 20:07:56,513] {processor.py:163} INFO - Started process (PID=788) to work on /home/airflow/.local/lib/python3.7/site-packages/airflow/example_dags/example_branch_python_dop_operator_3.py
[2022-02-24 20:07:56,515] {processor.py:642} INFO - Processing file /home/airflow/.local/lib/python3.7/site-packages/airflow/example_dags/example_branch_python_dop_operator_3.py for tasks to queue
[2022-02-24 20:07:56,518] {logging_mixin.py:109} INFO - [2022-02-24 20:07:56,518] {dagbag.py:500} INFO - Filling up the DagBag from /home/airflow/.local/lib/python3.7/site-packages/airflow/example_dags/example_branch_python_dop_operator_3.py
[2022-02-24 20:07:56,637] {processor.py:654} INFO - DAG(s) dict_keys(['example_branch_dop_operator_v3']) retrieved from /home/airflow/.local/lib/python3.7/site-packages/airflow/example_dags/example_branch_python_dop_operator_3.py
[2022-02-24 20:07:56,673] {logging_mixin.py:109} INFO - [2022-02-24 20:07:56,673] {dag.py:2396} INFO - Sync 1 DAGs
[2022-02-24 20:07:56,734] {logging_mixin.py:109} INFO - [2022-02-24 20:07:56,734] {dag.py:2935} INFO - Setting next_dagrun for example_branch_dop_operator_v3 to 2022-02-24T20:06:00+00:00
[2022-02-24 20:07:56,759] {processor.py:171} INFO - Processing /home/airflow/.local/lib/python3.7/site-packages/airflow/example_dags/example_branch_python_dop_operator_3.py took 0.272 seconds
[2022-02-24 20:08:26,843] {processor.py:163} INFO - Started process (PID=843) to work on /home/airflow/.local/lib/python3.7/site-packages/airflow/example_dags/example_branch_python_dop_operator_3.py
[2022-02-24 20:08:26,866] {processor.py:642} INFO - Processing file /home/airflow/.local/lib/python3.7/site-packages/airflow/example_dags/example_branch_python_dop_operator_3.py for tasks to queue
[2022-02-24 20:08:26,867] {logging_mixin.py:109} INFO - [2022-02-24 20:08:26,867] {dagbag.py:500} INFO - Filling up the DagBag from /home/airflow/.local/lib/python3.7/site-packages/airflow/example_dags/example_branch_python_dop_operator_3.py
[2022-02-24 20:08:26,932] {processor.py:654} INFO - DAG(s) dict_keys(['example_branch_dop_operator_v3']) retrieved from /home/airflow/.local/lib/python3.7/site-packages/airflow/example_dags/example_branch_python_dop_operator_3.py
[2022-02-24 20:08:26,944] {logging_mixin.py:109} INFO - [2022-02-24 20:08:26,944] {dag.py:2396} INFO - Sync 1 DAGs
[2022-02-24 20:08:26,978] {logging_mixin.py:109} INFO - [2022-02-24 20:08:26,978] {dag.py:2935} INFO - Setting next_dagrun for example_branch_dop_operator_v3 to 2022-02-24T20:07:00+00:00
[2022-02-24 20:08:26,994] {processor.py:171} INFO - Processing /home/airflow/.local/lib/python3.7/site-packages/airflow/example_dags/example_branch_python_dop_operator_3.py took 0.161 seconds
[2022-02-24 20:08:57,881] {processor.py:163} INFO - Started process (PID=898) to work on /home/airflow/.local/lib/python3.7/site-packages/airflow/example_dags/example_branch_python_dop_operator_3.py
[2022-02-24 20:08:57,882] {processor.py:642} INFO - Processing file /home/airflow/.local/lib/python3.7/site-packages/airflow/example_dags/example_branch_python_dop_operator_3.py for tasks to queue
[2022-02-24 20:08:57,884] {logging_mixin.py:109} INFO - [2022-02-24 20:08:57,883] {dagbag.py:500} INFO - Filling up the DagBag from /home/airflow/.local/lib/python3.7/site-packages/airflow/example_dags/example_branch_python_dop_operator_3.py
[2022-02-24 20:08:57,913] {processor.py:654} INFO - DAG(s) dict_keys(['example_branch_dop_operator_v3']) retrieved from /home/airflow/.local/lib/python3.7/site-packages/airflow/example_dags/example_branch_python_dop_operator_3.py
[2022-02-24 20:08:57,923] {logging_mixin.py:109} INFO - [2022-02-24 20:08:57,923] {dag.py:2396} INFO - Sync 1 DAGs
[2022-02-24 20:08:57,944] {logging_mixin.py:109} INFO - [2022-02-24 20:08:57,944] {dag.py:2935} INFO - Setting next_dagrun for example_branch_dop_operator_v3 to 2022-02-24T20:07:00+00:00
[2022-02-24 20:08:57,954] {processor.py:171} INFO - Processing /home/airflow/.local/lib/python3.7/site-packages/airflow/example_dags/example_branch_python_dop_operator_3.py took 0.078 seconds
[2022-02-24 20:09:28,243] {processor.py:163} INFO - Started process (PID=956) to work on /home/airflow/.local/lib/python3.7/site-packages/airflow/example_dags/example_branch_python_dop_operator_3.py
[2022-02-24 20:09:28,247] {processor.py:642} INFO - Processing file /home/airflow/.local/lib/python3.7/site-packages/airflow/example_dags/example_branch_python_dop_operator_3.py for tasks to queue
[2022-02-24 20:09:28,250] {logging_mixin.py:109} INFO - [2022-02-24 20:09:28,249] {dagbag.py:500} INFO - Filling up the DagBag from /home/airflow/.local/lib/python3.7/site-packages/airflow/example_dags/example_branch_python_dop_operator_3.py
[2022-02-24 20:09:28,311] {processor.py:654} INFO - DAG(s) dict_keys(['example_branch_dop_operator_v3']) retrieved from /home/airflow/.local/lib/python3.7/site-packages/airflow/example_dags/example_branch_python_dop_operator_3.py
[2022-02-24 20:09:28,326] {logging_mixin.py:109} INFO - [2022-02-24 20:09:28,326] {dag.py:2396} INFO - Sync 1 DAGs
[2022-02-24 20:09:28,373] {logging_mixin.py:109} INFO - [2022-02-24 20:09:28,373] {dag.py:2935} INFO - Setting next_dagrun for example_branch_dop_operator_v3 to 2022-02-24T20:08:00+00:00
[2022-02-24 20:09:28,388] {processor.py:171} INFO - Processing /home/airflow/.local/lib/python3.7/site-packages/airflow/example_dags/example_branch_python_dop_operator_3.py took 0.154 seconds
[2022-02-24 20:09:58,472] {processor.py:163} INFO - Started process (PID=1009) to work on /home/airflow/.local/lib/python3.7/site-packages/airflow/example_dags/example_branch_python_dop_operator_3.py
[2022-02-24 20:09:58,475] {processor.py:642} INFO - Processing file /home/airflow/.local/lib/python3.7/site-packages/airflow/example_dags/example_branch_python_dop_operator_3.py for tasks to queue
[2022-02-24 20:09:58,477] {logging_mixin.py:109} INFO - [2022-02-24 20:09:58,477] {dagbag.py:500} INFO - Filling up the DagBag from /home/airflow/.local/lib/python3.7/site-packages/airflow/example_dags/example_branch_python_dop_operator_3.py
[2022-02-24 20:09:58,539] {processor.py:654} INFO - DAG(s) dict_keys(['example_branch_dop_operator_v3']) retrieved from /home/airflow/.local/lib/python3.7/site-packages/airflow/example_dags/example_branch_python_dop_operator_3.py
[2022-02-24 20:09:58,593] {logging_mixin.py:109} INFO - [2022-02-24 20:09:58,593] {dag.py:2396} INFO - Sync 1 DAGs
[2022-02-24 20:09:58,703] {logging_mixin.py:109} INFO - [2022-02-24 20:09:58,702] {dag.py:2935} INFO - Setting next_dagrun for example_branch_dop_operator_v3 to 2022-02-24T20:08:00+00:00
[2022-02-24 20:09:58,749] {processor.py:171} INFO - Processing /home/airflow/.local/lib/python3.7/site-packages/airflow/example_dags/example_branch_python_dop_operator_3.py took 0.282 seconds
[2022-02-24 20:10:29,000] {processor.py:163} INFO - Started process (PID=1078) to work on /home/airflow/.local/lib/python3.7/site-packages/airflow/example_dags/example_branch_python_dop_operator_3.py
[2022-02-24 20:10:29,004] {processor.py:642} INFO - Processing file /home/airflow/.local/lib/python3.7/site-packages/airflow/example_dags/example_branch_python_dop_operator_3.py for tasks to queue
[2022-02-24 20:10:29,011] {logging_mixin.py:109} INFO - [2022-02-24 20:10:29,011] {dagbag.py:500} INFO - Filling up the DagBag from /home/airflow/.local/lib/python3.7/site-packages/airflow/example_dags/example_branch_python_dop_operator_3.py
[2022-02-24 20:10:29,262] {processor.py:654} INFO - DAG(s) dict_keys(['example_branch_dop_operator_v3']) retrieved from /home/airflow/.local/lib/python3.7/site-packages/airflow/example_dags/example_branch_python_dop_operator_3.py
[2022-02-24 20:10:29,347] {logging_mixin.py:109} INFO - [2022-02-24 20:10:29,346] {dag.py:2396} INFO - Sync 1 DAGs
[2022-02-24 20:10:29,439] {logging_mixin.py:109} INFO - [2022-02-24 20:10:29,439] {dag.py:2935} INFO - Setting next_dagrun for example_branch_dop_operator_v3 to 2022-02-24T20:09:00+00:00
[2022-02-24 20:10:29,482] {processor.py:171} INFO - Processing /home/airflow/.local/lib/python3.7/site-packages/airflow/example_dags/example_branch_python_dop_operator_3.py took 0.504 seconds
[2022-02-24 20:11:00,116] {processor.py:163} INFO - Started process (PID=1123) to work on /home/airflow/.local/lib/python3.7/site-packages/airflow/example_dags/example_branch_python_dop_operator_3.py
[2022-02-24 20:11:00,119] {processor.py:642} INFO - Processing file /home/airflow/.local/lib/python3.7/site-packages/airflow/example_dags/example_branch_python_dop_operator_3.py for tasks to queue
[2022-02-24 20:11:00,127] {logging_mixin.py:109} INFO - [2022-02-24 20:11:00,126] {dagbag.py:500} INFO - Filling up the DagBag from /home/airflow/.local/lib/python3.7/site-packages/airflow/example_dags/example_branch_python_dop_operator_3.py
[2022-02-24 20:11:00,175] {processor.py:654} INFO - DAG(s) dict_keys(['example_branch_dop_operator_v3']) retrieved from /home/airflow/.local/lib/python3.7/site-packages/airflow/example_dags/example_branch_python_dop_operator_3.py
[2022-02-24 20:11:00,214] {logging_mixin.py:109} INFO - [2022-02-24 20:11:00,213] {dag.py:2396} INFO - Sync 1 DAGs
[2022-02-24 20:11:00,296] {logging_mixin.py:109} INFO - [2022-02-24 20:11:00,296] {dag.py:2935} INFO - Setting next_dagrun for example_branch_dop_operator_v3 to 2022-02-24T20:10:00+00:00
[2022-02-24 20:11:00,336] {processor.py:171} INFO - Processing /home/airflow/.local/lib/python3.7/site-packages/airflow/example_dags/example_branch_python_dop_operator_3.py took 0.223 seconds
[2022-02-24 20:11:30,452] {processor.py:163} INFO - Started process (PID=1188) to work on /home/airflow/.local/lib/python3.7/site-packages/airflow/example_dags/example_branch_python_dop_operator_3.py
[2022-02-24 20:11:30,460] {processor.py:642} INFO - Processing file /home/airflow/.local/lib/python3.7/site-packages/airflow/example_dags/example_branch_python_dop_operator_3.py for tasks to queue
[2022-02-24 20:11:30,465] {logging_mixin.py:109} INFO - [2022-02-24 20:11:30,465] {dagbag.py:500} INFO - Filling up the DagBag from /home/airflow/.local/lib/python3.7/site-packages/airflow/example_dags/example_branch_python_dop_operator_3.py
[2022-02-24 20:11:30,549] {processor.py:654} INFO - DAG(s) dict_keys(['example_branch_dop_operator_v3']) retrieved from /home/airflow/.local/lib/python3.7/site-packages/airflow/example_dags/example_branch_python_dop_operator_3.py
[2022-02-24 20:11:30,582] {logging_mixin.py:109} INFO - [2022-02-24 20:11:30,582] {dag.py:2396} INFO - Sync 1 DAGs
[2022-02-24 20:11:30,645] {logging_mixin.py:109} INFO - [2022-02-24 20:11:30,645] {dag.py:2935} INFO - Setting next_dagrun for example_branch_dop_operator_v3 to 2022-02-24T20:10:00+00:00
[2022-02-24 20:11:30,672] {processor.py:171} INFO - Processing /home/airflow/.local/lib/python3.7/site-packages/airflow/example_dags/example_branch_python_dop_operator_3.py took 0.235 seconds
[2022-02-24 20:12:01,223] {processor.py:163} INFO - Started process (PID=1244) to work on /home/airflow/.local/lib/python3.7/site-packages/airflow/example_dags/example_branch_python_dop_operator_3.py
[2022-02-24 20:12:01,230] {processor.py:642} INFO - Processing file /home/airflow/.local/lib/python3.7/site-packages/airflow/example_dags/example_branch_python_dop_operator_3.py for tasks to queue
[2022-02-24 20:12:01,234] {logging_mixin.py:109} INFO - [2022-02-24 20:12:01,234] {dagbag.py:500} INFO - Filling up the DagBag from /home/airflow/.local/lib/python3.7/site-packages/airflow/example_dags/example_branch_python_dop_operator_3.py
[2022-02-24 20:12:01,321] {processor.py:654} INFO - DAG(s) dict_keys(['example_branch_dop_operator_v3']) retrieved from /home/airflow/.local/lib/python3.7/site-packages/airflow/example_dags/example_branch_python_dop_operator_3.py
[2022-02-24 20:12:01,363] {logging_mixin.py:109} INFO - [2022-02-24 20:12:01,363] {dag.py:2396} INFO - Sync 1 DAGs
[2022-02-24 20:12:01,434] {logging_mixin.py:109} INFO - [2022-02-24 20:12:01,434] {dag.py:2935} INFO - Setting next_dagrun for example_branch_dop_operator_v3 to 2022-02-24T20:11:00+00:00
[2022-02-24 20:12:01,447] {processor.py:171} INFO - Processing /home/airflow/.local/lib/python3.7/site-packages/airflow/example_dags/example_branch_python_dop_operator_3.py took 0.234 seconds
