[2022-02-24 19:53:53,348] {processor.py:163} INFO - Started process (PID=201) to work on /home/airflow/.local/lib/python3.7/site-packages/airflow/example_dags/example_task_group_decorator.py
[2022-02-24 19:53:53,350] {processor.py:642} INFO - Processing file /home/airflow/.local/lib/python3.7/site-packages/airflow/example_dags/example_task_group_decorator.py for tasks to queue
[2022-02-24 19:53:53,352] {logging_mixin.py:109} INFO - [2022-02-24 19:53:53,352] {dagbag.py:500} INFO - Filling up the DagBag from /home/airflow/.local/lib/python3.7/site-packages/airflow/example_dags/example_task_group_decorator.py
[2022-02-24 19:53:53,405] {processor.py:654} INFO - DAG(s) dict_keys(['example_task_group_decorator']) retrieved from /home/airflow/.local/lib/python3.7/site-packages/airflow/example_dags/example_task_group_decorator.py
[2022-02-24 19:53:57,306] {logging_mixin.py:109} INFO - [2022-02-24 19:53:57,306] {manager.py:496} INFO - Created Permission View: can read on DAG:example_task_group_decorator
[2022-02-24 19:53:57,317] {logging_mixin.py:109} INFO - [2022-02-24 19:53:57,317] {manager.py:496} INFO - Created Permission View: can edit on DAG:example_task_group_decorator
[2022-02-24 19:53:57,319] {logging_mixin.py:109} INFO - [2022-02-24 19:53:57,319] {dag.py:2396} INFO - Sync 1 DAGs
[2022-02-24 19:53:57,341] {logging_mixin.py:109} INFO - [2022-02-24 19:53:57,340] {dag.py:2415} INFO - Creating ORM DAG for example_task_group_decorator
[2022-02-24 19:53:57,360] {logging_mixin.py:109} INFO - [2022-02-24 19:53:57,360] {dag.py:2935} INFO - Setting next_dagrun for example_task_group_decorator to 2022-02-23T19:53:57.360680+00:00
[2022-02-24 19:53:57,391] {processor.py:171} INFO - Processing /home/airflow/.local/lib/python3.7/site-packages/airflow/example_dags/example_task_group_decorator.py took 4.047 seconds
[2022-02-24 19:54:27,899] {processor.py:163} INFO - Started process (PID=279) to work on /home/airflow/.local/lib/python3.7/site-packages/airflow/example_dags/example_task_group_decorator.py
[2022-02-24 19:54:27,902] {processor.py:642} INFO - Processing file /home/airflow/.local/lib/python3.7/site-packages/airflow/example_dags/example_task_group_decorator.py for tasks to queue
[2022-02-24 19:54:27,906] {logging_mixin.py:109} INFO - [2022-02-24 19:54:27,906] {dagbag.py:500} INFO - Filling up the DagBag from /home/airflow/.local/lib/python3.7/site-packages/airflow/example_dags/example_task_group_decorator.py
[2022-02-24 19:54:27,998] {processor.py:654} INFO - DAG(s) dict_keys(['example_task_group_decorator']) retrieved from /home/airflow/.local/lib/python3.7/site-packages/airflow/example_dags/example_task_group_decorator.py
[2022-02-24 19:54:28,338] {logging_mixin.py:109} INFO - [2022-02-24 19:54:28,338] {dag.py:2396} INFO - Sync 1 DAGs
[2022-02-24 19:54:28,354] {logging_mixin.py:109} INFO - [2022-02-24 19:54:28,354] {dag.py:2935} INFO - Setting next_dagrun for example_task_group_decorator to 2022-02-23T19:54:28.353886+00:00
[2022-02-24 19:54:28,365] {processor.py:171} INFO - Processing /home/airflow/.local/lib/python3.7/site-packages/airflow/example_dags/example_task_group_decorator.py took 0.477 seconds
[2022-02-24 19:54:58,549] {processor.py:163} INFO - Started process (PID=338) to work on /home/airflow/.local/lib/python3.7/site-packages/airflow/example_dags/example_task_group_decorator.py
[2022-02-24 19:54:58,552] {processor.py:642} INFO - Processing file /home/airflow/.local/lib/python3.7/site-packages/airflow/example_dags/example_task_group_decorator.py for tasks to queue
[2022-02-24 19:54:58,554] {logging_mixin.py:109} INFO - [2022-02-24 19:54:58,553] {dagbag.py:500} INFO - Filling up the DagBag from /home/airflow/.local/lib/python3.7/site-packages/airflow/example_dags/example_task_group_decorator.py
[2022-02-24 19:54:58,607] {processor.py:654} INFO - DAG(s) dict_keys(['example_task_group_decorator']) retrieved from /home/airflow/.local/lib/python3.7/site-packages/airflow/example_dags/example_task_group_decorator.py
[2022-02-24 19:54:59,510] {logging_mixin.py:109} INFO - [2022-02-24 19:54:59,510] {dag.py:2396} INFO - Sync 1 DAGs
[2022-02-24 19:54:59,543] {logging_mixin.py:109} INFO - [2022-02-24 19:54:59,543] {dag.py:2935} INFO - Setting next_dagrun for example_task_group_decorator to 2022-02-23T19:54:59.542853+00:00
[2022-02-24 19:54:59,570] {processor.py:171} INFO - Processing /home/airflow/.local/lib/python3.7/site-packages/airflow/example_dags/example_task_group_decorator.py took 1.028 seconds
[2022-02-24 19:55:29,694] {processor.py:163} INFO - Started process (PID=391) to work on /home/airflow/.local/lib/python3.7/site-packages/airflow/example_dags/example_task_group_decorator.py
[2022-02-24 19:55:29,696] {processor.py:642} INFO - Processing file /home/airflow/.local/lib/python3.7/site-packages/airflow/example_dags/example_task_group_decorator.py for tasks to queue
[2022-02-24 19:55:29,701] {logging_mixin.py:109} INFO - [2022-02-24 19:55:29,700] {dagbag.py:500} INFO - Filling up the DagBag from /home/airflow/.local/lib/python3.7/site-packages/airflow/example_dags/example_task_group_decorator.py
[2022-02-24 19:55:29,761] {processor.py:654} INFO - DAG(s) dict_keys(['example_task_group_decorator']) retrieved from /home/airflow/.local/lib/python3.7/site-packages/airflow/example_dags/example_task_group_decorator.py
[2022-02-24 19:55:30,070] {logging_mixin.py:109} INFO - [2022-02-24 19:55:30,070] {dag.py:2396} INFO - Sync 1 DAGs
[2022-02-24 19:55:30,083] {logging_mixin.py:109} INFO - [2022-02-24 19:55:30,083] {dag.py:2935} INFO - Setting next_dagrun for example_task_group_decorator to 2022-02-23T19:55:30.083291+00:00
[2022-02-24 19:55:30,094] {processor.py:171} INFO - Processing /home/airflow/.local/lib/python3.7/site-packages/airflow/example_dags/example_task_group_decorator.py took 0.407 seconds
[2022-02-24 19:56:00,376] {processor.py:163} INFO - Started process (PID=453) to work on /home/airflow/.local/lib/python3.7/site-packages/airflow/example_dags/example_task_group_decorator.py
[2022-02-24 19:56:00,378] {processor.py:642} INFO - Processing file /home/airflow/.local/lib/python3.7/site-packages/airflow/example_dags/example_task_group_decorator.py for tasks to queue
[2022-02-24 19:56:00,379] {logging_mixin.py:109} INFO - [2022-02-24 19:56:00,379] {dagbag.py:500} INFO - Filling up the DagBag from /home/airflow/.local/lib/python3.7/site-packages/airflow/example_dags/example_task_group_decorator.py
[2022-02-24 19:56:00,422] {processor.py:654} INFO - DAG(s) dict_keys(['example_task_group_decorator']) retrieved from /home/airflow/.local/lib/python3.7/site-packages/airflow/example_dags/example_task_group_decorator.py
[2022-02-24 19:56:00,867] {logging_mixin.py:109} INFO - [2022-02-24 19:56:00,866] {dag.py:2396} INFO - Sync 1 DAGs
[2022-02-24 19:56:00,880] {logging_mixin.py:109} INFO - [2022-02-24 19:56:00,880] {dag.py:2935} INFO - Setting next_dagrun for example_task_group_decorator to 2022-02-23T19:56:00.880583+00:00
[2022-02-24 19:56:00,891] {processor.py:171} INFO - Processing /home/airflow/.local/lib/python3.7/site-packages/airflow/example_dags/example_task_group_decorator.py took 0.520 seconds
[2022-02-24 19:56:31,533] {processor.py:163} INFO - Started process (PID=506) to work on /home/airflow/.local/lib/python3.7/site-packages/airflow/example_dags/example_task_group_decorator.py
[2022-02-24 19:56:31,535] {processor.py:642} INFO - Processing file /home/airflow/.local/lib/python3.7/site-packages/airflow/example_dags/example_task_group_decorator.py for tasks to queue
[2022-02-24 19:56:31,536] {logging_mixin.py:109} INFO - [2022-02-24 19:56:31,536] {dagbag.py:500} INFO - Filling up the DagBag from /home/airflow/.local/lib/python3.7/site-packages/airflow/example_dags/example_task_group_decorator.py
[2022-02-24 19:56:31,587] {processor.py:654} INFO - DAG(s) dict_keys(['example_task_group_decorator']) retrieved from /home/airflow/.local/lib/python3.7/site-packages/airflow/example_dags/example_task_group_decorator.py
[2022-02-24 19:56:31,861] {logging_mixin.py:109} INFO - [2022-02-24 19:56:31,861] {dag.py:2396} INFO - Sync 1 DAGs
[2022-02-24 19:56:31,875] {logging_mixin.py:109} INFO - [2022-02-24 19:56:31,875] {dag.py:2935} INFO - Setting next_dagrun for example_task_group_decorator to 2022-02-23T19:56:31.874940+00:00
[2022-02-24 19:56:31,884] {processor.py:171} INFO - Processing /home/airflow/.local/lib/python3.7/site-packages/airflow/example_dags/example_task_group_decorator.py took 0.354 seconds
[2022-02-24 19:57:02,019] {processor.py:163} INFO - Started process (PID=572) to work on /home/airflow/.local/lib/python3.7/site-packages/airflow/example_dags/example_task_group_decorator.py
[2022-02-24 19:57:02,020] {processor.py:642} INFO - Processing file /home/airflow/.local/lib/python3.7/site-packages/airflow/example_dags/example_task_group_decorator.py for tasks to queue
[2022-02-24 19:57:02,022] {logging_mixin.py:109} INFO - [2022-02-24 19:57:02,022] {dagbag.py:500} INFO - Filling up the DagBag from /home/airflow/.local/lib/python3.7/site-packages/airflow/example_dags/example_task_group_decorator.py
[2022-02-24 19:57:02,078] {processor.py:654} INFO - DAG(s) dict_keys(['example_task_group_decorator']) retrieved from /home/airflow/.local/lib/python3.7/site-packages/airflow/example_dags/example_task_group_decorator.py
[2022-02-24 19:57:02,351] {logging_mixin.py:109} INFO - [2022-02-24 19:57:02,351] {dag.py:2396} INFO - Sync 1 DAGs
[2022-02-24 19:57:02,366] {logging_mixin.py:109} INFO - [2022-02-24 19:57:02,366] {dag.py:2935} INFO - Setting next_dagrun for example_task_group_decorator to 2022-02-23T19:57:02.366173+00:00
[2022-02-24 19:57:02,376] {processor.py:171} INFO - Processing /home/airflow/.local/lib/python3.7/site-packages/airflow/example_dags/example_task_group_decorator.py took 0.360 seconds
[2022-02-24 19:57:32,555] {processor.py:163} INFO - Started process (PID=627) to work on /home/airflow/.local/lib/python3.7/site-packages/airflow/example_dags/example_task_group_decorator.py
[2022-02-24 19:57:32,563] {processor.py:642} INFO - Processing file /home/airflow/.local/lib/python3.7/site-packages/airflow/example_dags/example_task_group_decorator.py for tasks to queue
[2022-02-24 19:57:32,565] {logging_mixin.py:109} INFO - [2022-02-24 19:57:32,565] {dagbag.py:500} INFO - Filling up the DagBag from /home/airflow/.local/lib/python3.7/site-packages/airflow/example_dags/example_task_group_decorator.py
[2022-02-24 19:57:32,655] {processor.py:654} INFO - DAG(s) dict_keys(['example_task_group_decorator']) retrieved from /home/airflow/.local/lib/python3.7/site-packages/airflow/example_dags/example_task_group_decorator.py
[2022-02-24 19:57:33,331] {logging_mixin.py:109} INFO - [2022-02-24 19:57:33,331] {dag.py:2396} INFO - Sync 1 DAGs
[2022-02-24 19:57:33,346] {logging_mixin.py:109} INFO - [2022-02-24 19:57:33,346] {dag.py:2935} INFO - Setting next_dagrun for example_task_group_decorator to 2022-02-23T19:57:33.346116+00:00
[2022-02-24 19:57:33,357] {processor.py:171} INFO - Processing /home/airflow/.local/lib/python3.7/site-packages/airflow/example_dags/example_task_group_decorator.py took 0.806 seconds
[2022-02-24 20:01:25,547] {processor.py:163} INFO - Started process (PID=73) to work on /home/airflow/.local/lib/python3.7/site-packages/airflow/example_dags/example_task_group_decorator.py
[2022-02-24 20:01:25,558] {processor.py:642} INFO - Processing file /home/airflow/.local/lib/python3.7/site-packages/airflow/example_dags/example_task_group_decorator.py for tasks to queue
[2022-02-24 20:01:25,564] {logging_mixin.py:109} INFO - [2022-02-24 20:01:25,564] {dagbag.py:500} INFO - Filling up the DagBag from /home/airflow/.local/lib/python3.7/site-packages/airflow/example_dags/example_task_group_decorator.py
[2022-02-24 20:01:25,927] {processor.py:654} INFO - DAG(s) dict_keys(['example_task_group_decorator']) retrieved from /home/airflow/.local/lib/python3.7/site-packages/airflow/example_dags/example_task_group_decorator.py
[2022-02-24 20:01:27,177] {logging_mixin.py:109} INFO - [2022-02-24 20:01:27,177] {dag.py:2396} INFO - Sync 1 DAGs
[2022-02-24 20:01:27,268] {logging_mixin.py:109} INFO - [2022-02-24 20:01:27,268] {dag.py:2935} INFO - Setting next_dagrun for example_task_group_decorator to 2022-02-23T20:01:27.263726+00:00
[2022-02-24 20:01:27,350] {processor.py:171} INFO - Processing /home/airflow/.local/lib/python3.7/site-packages/airflow/example_dags/example_task_group_decorator.py took 1.829 seconds
[2022-02-24 20:01:57,868] {processor.py:163} INFO - Started process (PID=128) to work on /home/airflow/.local/lib/python3.7/site-packages/airflow/example_dags/example_task_group_decorator.py
[2022-02-24 20:01:57,878] {processor.py:642} INFO - Processing file /home/airflow/.local/lib/python3.7/site-packages/airflow/example_dags/example_task_group_decorator.py for tasks to queue
[2022-02-24 20:01:57,888] {logging_mixin.py:109} INFO - [2022-02-24 20:01:57,888] {dagbag.py:500} INFO - Filling up the DagBag from /home/airflow/.local/lib/python3.7/site-packages/airflow/example_dags/example_task_group_decorator.py
[2022-02-24 20:01:58,085] {processor.py:654} INFO - DAG(s) dict_keys(['example_task_group_decorator']) retrieved from /home/airflow/.local/lib/python3.7/site-packages/airflow/example_dags/example_task_group_decorator.py
[2022-02-24 20:01:59,283] {logging_mixin.py:109} INFO - [2022-02-24 20:01:59,283] {dag.py:2396} INFO - Sync 1 DAGs
[2022-02-24 20:01:59,323] {logging_mixin.py:109} INFO - [2022-02-24 20:01:59,322] {dag.py:2935} INFO - Setting next_dagrun for example_task_group_decorator to 2022-02-23T20:01:59.322275+00:00
[2022-02-24 20:01:59,361] {processor.py:171} INFO - Processing /home/airflow/.local/lib/python3.7/site-packages/airflow/example_dags/example_task_group_decorator.py took 1.517 seconds
[2022-02-24 20:02:30,811] {processor.py:163} INFO - Started process (PID=197) to work on /home/airflow/.local/lib/python3.7/site-packages/airflow/example_dags/example_task_group_decorator.py
[2022-02-24 20:02:30,820] {processor.py:642} INFO - Processing file /home/airflow/.local/lib/python3.7/site-packages/airflow/example_dags/example_task_group_decorator.py for tasks to queue
[2022-02-24 20:02:30,838] {logging_mixin.py:109} INFO - [2022-02-24 20:02:30,838] {dagbag.py:500} INFO - Filling up the DagBag from /home/airflow/.local/lib/python3.7/site-packages/airflow/example_dags/example_task_group_decorator.py
[2022-02-24 20:02:30,977] {processor.py:654} INFO - DAG(s) dict_keys(['example_task_group_decorator']) retrieved from /home/airflow/.local/lib/python3.7/site-packages/airflow/example_dags/example_task_group_decorator.py
[2022-02-24 20:02:32,123] {logging_mixin.py:109} INFO - [2022-02-24 20:02:32,123] {dag.py:2396} INFO - Sync 1 DAGs
[2022-02-24 20:02:32,147] {logging_mixin.py:109} INFO - [2022-02-24 20:02:32,146] {dag.py:2935} INFO - Setting next_dagrun for example_task_group_decorator to 2022-02-23T20:02:32.146693+00:00
[2022-02-24 20:02:32,166] {processor.py:171} INFO - Processing /home/airflow/.local/lib/python3.7/site-packages/airflow/example_dags/example_task_group_decorator.py took 1.386 seconds
[2022-02-24 20:03:02,500] {processor.py:163} INFO - Started process (PID=245) to work on /home/airflow/.local/lib/python3.7/site-packages/airflow/example_dags/example_task_group_decorator.py
[2022-02-24 20:03:02,506] {processor.py:642} INFO - Processing file /home/airflow/.local/lib/python3.7/site-packages/airflow/example_dags/example_task_group_decorator.py for tasks to queue
[2022-02-24 20:03:02,508] {logging_mixin.py:109} INFO - [2022-02-24 20:03:02,508] {dagbag.py:500} INFO - Filling up the DagBag from /home/airflow/.local/lib/python3.7/site-packages/airflow/example_dags/example_task_group_decorator.py
[2022-02-24 20:03:02,550] {processor.py:654} INFO - DAG(s) dict_keys(['example_task_group_decorator']) retrieved from /home/airflow/.local/lib/python3.7/site-packages/airflow/example_dags/example_task_group_decorator.py
[2022-02-24 20:03:02,822] {logging_mixin.py:109} INFO - [2022-02-24 20:03:02,822] {dag.py:2396} INFO - Sync 1 DAGs
[2022-02-24 20:03:02,838] {logging_mixin.py:109} INFO - [2022-02-24 20:03:02,838] {dag.py:2935} INFO - Setting next_dagrun for example_task_group_decorator to 2022-02-23T20:03:02.838106+00:00
[2022-02-24 20:03:02,851] {processor.py:171} INFO - Processing /home/airflow/.local/lib/python3.7/site-packages/airflow/example_dags/example_task_group_decorator.py took 0.355 seconds
[2022-02-24 20:03:33,103] {processor.py:163} INFO - Started process (PID=300) to work on /home/airflow/.local/lib/python3.7/site-packages/airflow/example_dags/example_task_group_decorator.py
[2022-02-24 20:03:33,106] {processor.py:642} INFO - Processing file /home/airflow/.local/lib/python3.7/site-packages/airflow/example_dags/example_task_group_decorator.py for tasks to queue
[2022-02-24 20:03:33,109] {logging_mixin.py:109} INFO - [2022-02-24 20:03:33,108] {dagbag.py:500} INFO - Filling up the DagBag from /home/airflow/.local/lib/python3.7/site-packages/airflow/example_dags/example_task_group_decorator.py
[2022-02-24 20:03:33,163] {processor.py:654} INFO - DAG(s) dict_keys(['example_task_group_decorator']) retrieved from /home/airflow/.local/lib/python3.7/site-packages/airflow/example_dags/example_task_group_decorator.py
[2022-02-24 20:03:33,540] {logging_mixin.py:109} INFO - [2022-02-24 20:03:33,540] {dag.py:2396} INFO - Sync 1 DAGs
[2022-02-24 20:03:33,569] {logging_mixin.py:109} INFO - [2022-02-24 20:03:33,569] {dag.py:2935} INFO - Setting next_dagrun for example_task_group_decorator to 2022-02-23T20:03:33.569524+00:00
[2022-02-24 20:03:33,589] {processor.py:171} INFO - Processing /home/airflow/.local/lib/python3.7/site-packages/airflow/example_dags/example_task_group_decorator.py took 0.489 seconds
[2022-02-24 20:04:03,839] {processor.py:163} INFO - Started process (PID=358) to work on /home/airflow/.local/lib/python3.7/site-packages/airflow/example_dags/example_task_group_decorator.py
[2022-02-24 20:04:03,843] {processor.py:642} INFO - Processing file /home/airflow/.local/lib/python3.7/site-packages/airflow/example_dags/example_task_group_decorator.py for tasks to queue
[2022-02-24 20:04:03,845] {logging_mixin.py:109} INFO - [2022-02-24 20:04:03,845] {dagbag.py:500} INFO - Filling up the DagBag from /home/airflow/.local/lib/python3.7/site-packages/airflow/example_dags/example_task_group_decorator.py
[2022-02-24 20:04:03,920] {processor.py:654} INFO - DAG(s) dict_keys(['example_task_group_decorator']) retrieved from /home/airflow/.local/lib/python3.7/site-packages/airflow/example_dags/example_task_group_decorator.py
[2022-02-24 20:04:04,374] {logging_mixin.py:109} INFO - [2022-02-24 20:04:04,374] {dag.py:2396} INFO - Sync 1 DAGs
[2022-02-24 20:04:04,390] {logging_mixin.py:109} INFO - [2022-02-24 20:04:04,390] {dag.py:2935} INFO - Setting next_dagrun for example_task_group_decorator to 2022-02-23T20:04:04.390374+00:00
[2022-02-24 20:04:04,424] {processor.py:171} INFO - Processing /home/airflow/.local/lib/python3.7/site-packages/airflow/example_dags/example_task_group_decorator.py took 0.593 seconds
[2022-02-24 20:04:34,797] {processor.py:163} INFO - Started process (PID=412) to work on /home/airflow/.local/lib/python3.7/site-packages/airflow/example_dags/example_task_group_decorator.py
[2022-02-24 20:04:34,800] {processor.py:642} INFO - Processing file /home/airflow/.local/lib/python3.7/site-packages/airflow/example_dags/example_task_group_decorator.py for tasks to queue
[2022-02-24 20:04:34,803] {logging_mixin.py:109} INFO - [2022-02-24 20:04:34,803] {dagbag.py:500} INFO - Filling up the DagBag from /home/airflow/.local/lib/python3.7/site-packages/airflow/example_dags/example_task_group_decorator.py
[2022-02-24 20:04:34,942] {processor.py:654} INFO - DAG(s) dict_keys(['example_task_group_decorator']) retrieved from /home/airflow/.local/lib/python3.7/site-packages/airflow/example_dags/example_task_group_decorator.py
[2022-02-24 20:04:35,577] {logging_mixin.py:109} INFO - [2022-02-24 20:04:35,577] {dag.py:2396} INFO - Sync 1 DAGs
[2022-02-24 20:04:35,646] {logging_mixin.py:109} INFO - [2022-02-24 20:04:35,646] {dag.py:2935} INFO - Setting next_dagrun for example_task_group_decorator to 2022-02-23T20:04:35.646701+00:00
[2022-02-24 20:04:35,673] {processor.py:171} INFO - Processing /home/airflow/.local/lib/python3.7/site-packages/airflow/example_dags/example_task_group_decorator.py took 0.879 seconds
[2022-02-24 20:05:06,148] {processor.py:163} INFO - Started process (PID=478) to work on /home/airflow/.local/lib/python3.7/site-packages/airflow/example_dags/example_task_group_decorator.py
[2022-02-24 20:05:06,151] {processor.py:642} INFO - Processing file /home/airflow/.local/lib/python3.7/site-packages/airflow/example_dags/example_task_group_decorator.py for tasks to queue
[2022-02-24 20:05:06,155] {logging_mixin.py:109} INFO - [2022-02-24 20:05:06,155] {dagbag.py:500} INFO - Filling up the DagBag from /home/airflow/.local/lib/python3.7/site-packages/airflow/example_dags/example_task_group_decorator.py
[2022-02-24 20:05:06,275] {processor.py:654} INFO - DAG(s) dict_keys(['example_task_group_decorator']) retrieved from /home/airflow/.local/lib/python3.7/site-packages/airflow/example_dags/example_task_group_decorator.py
[2022-02-24 20:05:07,047] {logging_mixin.py:109} INFO - [2022-02-24 20:05:07,047] {dag.py:2396} INFO - Sync 1 DAGs
[2022-02-24 20:05:07,068] {logging_mixin.py:109} INFO - [2022-02-24 20:05:07,068] {dag.py:2935} INFO - Setting next_dagrun for example_task_group_decorator to 2022-02-23T20:05:07.067886+00:00
[2022-02-24 20:05:07,080] {processor.py:171} INFO - Processing /home/airflow/.local/lib/python3.7/site-packages/airflow/example_dags/example_task_group_decorator.py took 0.964 seconds
[2022-02-24 20:05:37,664] {processor.py:163} INFO - Started process (PID=532) to work on /home/airflow/.local/lib/python3.7/site-packages/airflow/example_dags/example_task_group_decorator.py
[2022-02-24 20:05:37,676] {processor.py:642} INFO - Processing file /home/airflow/.local/lib/python3.7/site-packages/airflow/example_dags/example_task_group_decorator.py for tasks to queue
[2022-02-24 20:05:37,680] {logging_mixin.py:109} INFO - [2022-02-24 20:05:37,680] {dagbag.py:500} INFO - Filling up the DagBag from /home/airflow/.local/lib/python3.7/site-packages/airflow/example_dags/example_task_group_decorator.py
[2022-02-24 20:05:37,833] {processor.py:654} INFO - DAG(s) dict_keys(['example_task_group_decorator']) retrieved from /home/airflow/.local/lib/python3.7/site-packages/airflow/example_dags/example_task_group_decorator.py
[2022-02-24 20:05:38,262] {logging_mixin.py:109} INFO - [2022-02-24 20:05:38,262] {dag.py:2396} INFO - Sync 1 DAGs
[2022-02-24 20:05:38,278] {logging_mixin.py:109} INFO - [2022-02-24 20:05:38,277] {dag.py:2935} INFO - Setting next_dagrun for example_task_group_decorator to 2022-02-23T20:05:38.277780+00:00
[2022-02-24 20:05:38,290] {processor.py:171} INFO - Processing /home/airflow/.local/lib/python3.7/site-packages/airflow/example_dags/example_task_group_decorator.py took 0.636 seconds
[2022-02-24 20:06:08,651] {processor.py:163} INFO - Started process (PID=588) to work on /home/airflow/.local/lib/python3.7/site-packages/airflow/example_dags/example_task_group_decorator.py
[2022-02-24 20:06:08,654] {processor.py:642} INFO - Processing file /home/airflow/.local/lib/python3.7/site-packages/airflow/example_dags/example_task_group_decorator.py for tasks to queue
[2022-02-24 20:06:08,661] {logging_mixin.py:109} INFO - [2022-02-24 20:06:08,660] {dagbag.py:500} INFO - Filling up the DagBag from /home/airflow/.local/lib/python3.7/site-packages/airflow/example_dags/example_task_group_decorator.py
[2022-02-24 20:06:08,783] {processor.py:654} INFO - DAG(s) dict_keys(['example_task_group_decorator']) retrieved from /home/airflow/.local/lib/python3.7/site-packages/airflow/example_dags/example_task_group_decorator.py
[2022-02-24 20:06:09,403] {logging_mixin.py:109} INFO - [2022-02-24 20:06:09,403] {dag.py:2396} INFO - Sync 1 DAGs
[2022-02-24 20:06:09,424] {logging_mixin.py:109} INFO - [2022-02-24 20:06:09,424] {dag.py:2935} INFO - Setting next_dagrun for example_task_group_decorator to 2022-02-23T20:06:09.424246+00:00
[2022-02-24 20:06:09,442] {processor.py:171} INFO - Processing /home/airflow/.local/lib/python3.7/site-packages/airflow/example_dags/example_task_group_decorator.py took 0.798 seconds
[2022-02-24 20:06:39,621] {processor.py:163} INFO - Started process (PID=642) to work on /home/airflow/.local/lib/python3.7/site-packages/airflow/example_dags/example_task_group_decorator.py
[2022-02-24 20:06:39,638] {processor.py:642} INFO - Processing file /home/airflow/.local/lib/python3.7/site-packages/airflow/example_dags/example_task_group_decorator.py for tasks to queue
[2022-02-24 20:06:39,644] {logging_mixin.py:109} INFO - [2022-02-24 20:06:39,644] {dagbag.py:500} INFO - Filling up the DagBag from /home/airflow/.local/lib/python3.7/site-packages/airflow/example_dags/example_task_group_decorator.py
[2022-02-24 20:06:39,741] {processor.py:654} INFO - DAG(s) dict_keys(['example_task_group_decorator']) retrieved from /home/airflow/.local/lib/python3.7/site-packages/airflow/example_dags/example_task_group_decorator.py
[2022-02-24 20:06:40,198] {logging_mixin.py:109} INFO - [2022-02-24 20:06:40,198] {dag.py:2396} INFO - Sync 1 DAGs
[2022-02-24 20:06:40,216] {logging_mixin.py:109} INFO - [2022-02-24 20:06:40,215] {dag.py:2935} INFO - Setting next_dagrun for example_task_group_decorator to 2022-02-23T20:06:40.215730+00:00
[2022-02-24 20:06:40,225] {processor.py:171} INFO - Processing /home/airflow/.local/lib/python3.7/site-packages/airflow/example_dags/example_task_group_decorator.py took 0.616 seconds
[2022-02-24 20:07:11,213] {processor.py:163} INFO - Started process (PID=703) to work on /home/airflow/.local/lib/python3.7/site-packages/airflow/example_dags/example_task_group_decorator.py
[2022-02-24 20:07:11,216] {processor.py:642} INFO - Processing file /home/airflow/.local/lib/python3.7/site-packages/airflow/example_dags/example_task_group_decorator.py for tasks to queue
[2022-02-24 20:07:11,217] {logging_mixin.py:109} INFO - [2022-02-24 20:07:11,217] {dagbag.py:500} INFO - Filling up the DagBag from /home/airflow/.local/lib/python3.7/site-packages/airflow/example_dags/example_task_group_decorator.py
[2022-02-24 20:07:11,261] {processor.py:654} INFO - DAG(s) dict_keys(['example_task_group_decorator']) retrieved from /home/airflow/.local/lib/python3.7/site-packages/airflow/example_dags/example_task_group_decorator.py
[2022-02-24 20:07:11,650] {logging_mixin.py:109} INFO - [2022-02-24 20:07:11,649] {dag.py:2396} INFO - Sync 1 DAGs
[2022-02-24 20:07:11,676] {logging_mixin.py:109} INFO - [2022-02-24 20:07:11,676] {dag.py:2935} INFO - Setting next_dagrun for example_task_group_decorator to 2022-02-23T20:07:11.675961+00:00
[2022-02-24 20:07:11,701] {processor.py:171} INFO - Processing /home/airflow/.local/lib/python3.7/site-packages/airflow/example_dags/example_task_group_decorator.py took 0.491 seconds
[2022-02-24 20:07:42,684] {processor.py:163} INFO - Started process (PID=772) to work on /home/airflow/.local/lib/python3.7/site-packages/airflow/example_dags/example_task_group_decorator.py
[2022-02-24 20:07:42,691] {processor.py:642} INFO - Processing file /home/airflow/.local/lib/python3.7/site-packages/airflow/example_dags/example_task_group_decorator.py for tasks to queue
[2022-02-24 20:07:42,696] {logging_mixin.py:109} INFO - [2022-02-24 20:07:42,695] {dagbag.py:500} INFO - Filling up the DagBag from /home/airflow/.local/lib/python3.7/site-packages/airflow/example_dags/example_task_group_decorator.py
[2022-02-24 20:07:42,920] {processor.py:654} INFO - DAG(s) dict_keys(['example_task_group_decorator']) retrieved from /home/airflow/.local/lib/python3.7/site-packages/airflow/example_dags/example_task_group_decorator.py
[2022-02-24 20:07:43,954] {logging_mixin.py:109} INFO - [2022-02-24 20:07:43,954] {dag.py:2396} INFO - Sync 1 DAGs
[2022-02-24 20:07:43,972] {logging_mixin.py:109} INFO - [2022-02-24 20:07:43,972] {dag.py:2935} INFO - Setting next_dagrun for example_task_group_decorator to 2022-02-23T20:07:43.972292+00:00
[2022-02-24 20:07:43,983] {processor.py:171} INFO - Processing /home/airflow/.local/lib/python3.7/site-packages/airflow/example_dags/example_task_group_decorator.py took 1.315 seconds
[2022-02-24 20:08:14,170] {processor.py:163} INFO - Started process (PID=828) to work on /home/airflow/.local/lib/python3.7/site-packages/airflow/example_dags/example_task_group_decorator.py
[2022-02-24 20:08:14,173] {processor.py:642} INFO - Processing file /home/airflow/.local/lib/python3.7/site-packages/airflow/example_dags/example_task_group_decorator.py for tasks to queue
[2022-02-24 20:08:14,177] {logging_mixin.py:109} INFO - [2022-02-24 20:08:14,177] {dagbag.py:500} INFO - Filling up the DagBag from /home/airflow/.local/lib/python3.7/site-packages/airflow/example_dags/example_task_group_decorator.py
[2022-02-24 20:08:14,218] {processor.py:654} INFO - DAG(s) dict_keys(['example_task_group_decorator']) retrieved from /home/airflow/.local/lib/python3.7/site-packages/airflow/example_dags/example_task_group_decorator.py
[2022-02-24 20:08:14,500] {logging_mixin.py:109} INFO - [2022-02-24 20:08:14,500] {dag.py:2396} INFO - Sync 1 DAGs
[2022-02-24 20:08:14,517] {logging_mixin.py:109} INFO - [2022-02-24 20:08:14,517] {dag.py:2935} INFO - Setting next_dagrun for example_task_group_decorator to 2022-02-23T20:08:14.517657+00:00
[2022-02-24 20:08:14,530] {processor.py:171} INFO - Processing /home/airflow/.local/lib/python3.7/site-packages/airflow/example_dags/example_task_group_decorator.py took 0.366 seconds
[2022-02-24 20:08:45,068] {processor.py:163} INFO - Started process (PID=884) to work on /home/airflow/.local/lib/python3.7/site-packages/airflow/example_dags/example_task_group_decorator.py
[2022-02-24 20:08:45,070] {processor.py:642} INFO - Processing file /home/airflow/.local/lib/python3.7/site-packages/airflow/example_dags/example_task_group_decorator.py for tasks to queue
[2022-02-24 20:08:45,071] {logging_mixin.py:109} INFO - [2022-02-24 20:08:45,071] {dagbag.py:500} INFO - Filling up the DagBag from /home/airflow/.local/lib/python3.7/site-packages/airflow/example_dags/example_task_group_decorator.py
[2022-02-24 20:08:45,110] {processor.py:654} INFO - DAG(s) dict_keys(['example_task_group_decorator']) retrieved from /home/airflow/.local/lib/python3.7/site-packages/airflow/example_dags/example_task_group_decorator.py
[2022-02-24 20:08:45,375] {logging_mixin.py:109} INFO - [2022-02-24 20:08:45,375] {dag.py:2396} INFO - Sync 1 DAGs
[2022-02-24 20:08:45,390] {logging_mixin.py:109} INFO - [2022-02-24 20:08:45,389] {dag.py:2935} INFO - Setting next_dagrun for example_task_group_decorator to 2022-02-23T20:08:45.389755+00:00
[2022-02-24 20:08:45,400] {processor.py:171} INFO - Processing /home/airflow/.local/lib/python3.7/site-packages/airflow/example_dags/example_task_group_decorator.py took 0.335 seconds
[2022-02-24 20:09:15,501] {processor.py:163} INFO - Started process (PID=940) to work on /home/airflow/.local/lib/python3.7/site-packages/airflow/example_dags/example_task_group_decorator.py
[2022-02-24 20:09:15,503] {processor.py:642} INFO - Processing file /home/airflow/.local/lib/python3.7/site-packages/airflow/example_dags/example_task_group_decorator.py for tasks to queue
[2022-02-24 20:09:15,504] {logging_mixin.py:109} INFO - [2022-02-24 20:09:15,504] {dagbag.py:500} INFO - Filling up the DagBag from /home/airflow/.local/lib/python3.7/site-packages/airflow/example_dags/example_task_group_decorator.py
[2022-02-24 20:09:15,542] {processor.py:654} INFO - DAG(s) dict_keys(['example_task_group_decorator']) retrieved from /home/airflow/.local/lib/python3.7/site-packages/airflow/example_dags/example_task_group_decorator.py
[2022-02-24 20:09:15,822] {logging_mixin.py:109} INFO - [2022-02-24 20:09:15,822] {dag.py:2396} INFO - Sync 1 DAGs
[2022-02-24 20:09:15,838] {logging_mixin.py:109} INFO - [2022-02-24 20:09:15,838] {dag.py:2935} INFO - Setting next_dagrun for example_task_group_decorator to 2022-02-23T20:09:15.838559+00:00
[2022-02-24 20:09:15,847] {processor.py:171} INFO - Processing /home/airflow/.local/lib/python3.7/site-packages/airflow/example_dags/example_task_group_decorator.py took 0.352 seconds
[2022-02-24 20:09:46,611] {processor.py:163} INFO - Started process (PID=999) to work on /home/airflow/.local/lib/python3.7/site-packages/airflow/example_dags/example_task_group_decorator.py
[2022-02-24 20:09:46,622] {processor.py:642} INFO - Processing file /home/airflow/.local/lib/python3.7/site-packages/airflow/example_dags/example_task_group_decorator.py for tasks to queue
[2022-02-24 20:09:46,624] {logging_mixin.py:109} INFO - [2022-02-24 20:09:46,623] {dagbag.py:500} INFO - Filling up the DagBag from /home/airflow/.local/lib/python3.7/site-packages/airflow/example_dags/example_task_group_decorator.py
[2022-02-24 20:09:46,859] {processor.py:654} INFO - DAG(s) dict_keys(['example_task_group_decorator']) retrieved from /home/airflow/.local/lib/python3.7/site-packages/airflow/example_dags/example_task_group_decorator.py
[2022-02-24 20:09:48,667] {logging_mixin.py:109} INFO - [2022-02-24 20:09:48,667] {dag.py:2396} INFO - Sync 1 DAGs
[2022-02-24 20:09:48,692] {logging_mixin.py:109} INFO - [2022-02-24 20:09:48,692] {dag.py:2935} INFO - Setting next_dagrun for example_task_group_decorator to 2022-02-23T20:09:48.692526+00:00
[2022-02-24 20:09:48,743] {processor.py:171} INFO - Processing /home/airflow/.local/lib/python3.7/site-packages/airflow/example_dags/example_task_group_decorator.py took 2.152 seconds
[2022-02-24 20:10:19,656] {processor.py:163} INFO - Started process (PID=1056) to work on /home/airflow/.local/lib/python3.7/site-packages/airflow/example_dags/example_task_group_decorator.py
[2022-02-24 20:10:19,657] {processor.py:642} INFO - Processing file /home/airflow/.local/lib/python3.7/site-packages/airflow/example_dags/example_task_group_decorator.py for tasks to queue
[2022-02-24 20:10:19,659] {logging_mixin.py:109} INFO - [2022-02-24 20:10:19,658] {dagbag.py:500} INFO - Filling up the DagBag from /home/airflow/.local/lib/python3.7/site-packages/airflow/example_dags/example_task_group_decorator.py
[2022-02-24 20:10:19,696] {processor.py:654} INFO - DAG(s) dict_keys(['example_task_group_decorator']) retrieved from /home/airflow/.local/lib/python3.7/site-packages/airflow/example_dags/example_task_group_decorator.py
[2022-02-24 20:10:20,170] {logging_mixin.py:109} INFO - [2022-02-24 20:10:20,170] {dag.py:2396} INFO - Sync 1 DAGs
[2022-02-24 20:10:20,197] {logging_mixin.py:109} INFO - [2022-02-24 20:10:20,197] {dag.py:2935} INFO - Setting next_dagrun for example_task_group_decorator to 2022-02-23T20:10:20.197272+00:00
[2022-02-24 20:10:20,214] {processor.py:171} INFO - Processing /home/airflow/.local/lib/python3.7/site-packages/airflow/example_dags/example_task_group_decorator.py took 0.564 seconds
[2022-02-24 20:10:50,583] {processor.py:163} INFO - Started process (PID=1115) to work on /home/airflow/.local/lib/python3.7/site-packages/airflow/example_dags/example_task_group_decorator.py
[2022-02-24 20:10:50,590] {processor.py:642} INFO - Processing file /home/airflow/.local/lib/python3.7/site-packages/airflow/example_dags/example_task_group_decorator.py for tasks to queue
[2022-02-24 20:10:50,594] {logging_mixin.py:109} INFO - [2022-02-24 20:10:50,594] {dagbag.py:500} INFO - Filling up the DagBag from /home/airflow/.local/lib/python3.7/site-packages/airflow/example_dags/example_task_group_decorator.py
[2022-02-24 20:10:50,674] {processor.py:654} INFO - DAG(s) dict_keys(['example_task_group_decorator']) retrieved from /home/airflow/.local/lib/python3.7/site-packages/airflow/example_dags/example_task_group_decorator.py
[2022-02-24 20:10:51,380] {logging_mixin.py:109} INFO - [2022-02-24 20:10:51,379] {dag.py:2396} INFO - Sync 1 DAGs
[2022-02-24 20:10:51,429] {logging_mixin.py:109} INFO - [2022-02-24 20:10:51,428] {dag.py:2935} INFO - Setting next_dagrun for example_task_group_decorator to 2022-02-23T20:10:51.427122+00:00
[2022-02-24 20:10:51,487] {processor.py:171} INFO - Processing /home/airflow/.local/lib/python3.7/site-packages/airflow/example_dags/example_task_group_decorator.py took 0.914 seconds
[2022-02-24 20:11:22,310] {processor.py:163} INFO - Started process (PID=1169) to work on /home/airflow/.local/lib/python3.7/site-packages/airflow/example_dags/example_task_group_decorator.py
[2022-02-24 20:11:22,312] {processor.py:642} INFO - Processing file /home/airflow/.local/lib/python3.7/site-packages/airflow/example_dags/example_task_group_decorator.py for tasks to queue
[2022-02-24 20:11:22,314] {logging_mixin.py:109} INFO - [2022-02-24 20:11:22,314] {dagbag.py:500} INFO - Filling up the DagBag from /home/airflow/.local/lib/python3.7/site-packages/airflow/example_dags/example_task_group_decorator.py
[2022-02-24 20:11:22,388] {processor.py:654} INFO - DAG(s) dict_keys(['example_task_group_decorator']) retrieved from /home/airflow/.local/lib/python3.7/site-packages/airflow/example_dags/example_task_group_decorator.py
[2022-02-24 20:11:22,717] {logging_mixin.py:109} INFO - [2022-02-24 20:11:22,717] {dag.py:2396} INFO - Sync 1 DAGs
[2022-02-24 20:11:22,732] {logging_mixin.py:109} INFO - [2022-02-24 20:11:22,731] {dag.py:2935} INFO - Setting next_dagrun for example_task_group_decorator to 2022-02-23T20:11:22.731782+00:00
[2022-02-24 20:11:22,751] {processor.py:171} INFO - Processing /home/airflow/.local/lib/python3.7/site-packages/airflow/example_dags/example_task_group_decorator.py took 0.447 seconds
[2022-02-24 20:11:52,945] {processor.py:163} INFO - Started process (PID=1226) to work on /home/airflow/.local/lib/python3.7/site-packages/airflow/example_dags/example_task_group_decorator.py
[2022-02-24 20:11:52,947] {processor.py:642} INFO - Processing file /home/airflow/.local/lib/python3.7/site-packages/airflow/example_dags/example_task_group_decorator.py for tasks to queue
[2022-02-24 20:11:52,948] {logging_mixin.py:109} INFO - [2022-02-24 20:11:52,948] {dagbag.py:500} INFO - Filling up the DagBag from /home/airflow/.local/lib/python3.7/site-packages/airflow/example_dags/example_task_group_decorator.py
[2022-02-24 20:11:53,006] {processor.py:654} INFO - DAG(s) dict_keys(['example_task_group_decorator']) retrieved from /home/airflow/.local/lib/python3.7/site-packages/airflow/example_dags/example_task_group_decorator.py
[2022-02-24 20:11:53,372] {logging_mixin.py:109} INFO - [2022-02-24 20:11:53,371] {dag.py:2396} INFO - Sync 1 DAGs
[2022-02-24 20:11:53,397] {logging_mixin.py:109} INFO - [2022-02-24 20:11:53,397] {dag.py:2935} INFO - Setting next_dagrun for example_task_group_decorator to 2022-02-23T20:11:53.397263+00:00
[2022-02-24 20:11:53,413] {processor.py:171} INFO - Processing /home/airflow/.local/lib/python3.7/site-packages/airflow/example_dags/example_task_group_decorator.py took 0.472 seconds
