[2022-02-24 19:54:07,145] {processor.py:163} INFO - Started process (PID=228) to work on /home/airflow/.local/lib/python3.7/site-packages/airflow/example_dags/example_task_group.py
[2022-02-24 19:54:07,147] {processor.py:642} INFO - Processing file /home/airflow/.local/lib/python3.7/site-packages/airflow/example_dags/example_task_group.py for tasks to queue
[2022-02-24 19:54:07,150] {logging_mixin.py:109} INFO - [2022-02-24 19:54:07,150] {dagbag.py:500} INFO - Filling up the DagBag from /home/airflow/.local/lib/python3.7/site-packages/airflow/example_dags/example_task_group.py
[2022-02-24 19:54:07,209] {processor.py:654} INFO - DAG(s) dict_keys(['example_task_group']) retrieved from /home/airflow/.local/lib/python3.7/site-packages/airflow/example_dags/example_task_group.py
[2022-02-24 19:54:11,057] {logging_mixin.py:109} INFO - [2022-02-24 19:54:11,057] {manager.py:496} INFO - Created Permission View: can read on DAG:example_task_group
[2022-02-24 19:54:11,070] {logging_mixin.py:109} INFO - [2022-02-24 19:54:11,070] {manager.py:496} INFO - Created Permission View: can edit on DAG:example_task_group
[2022-02-24 19:54:11,071] {logging_mixin.py:109} INFO - [2022-02-24 19:54:11,071] {dag.py:2396} INFO - Sync 1 DAGs
[2022-02-24 19:54:11,085] {logging_mixin.py:109} INFO - [2022-02-24 19:54:11,085] {dag.py:2415} INFO - Creating ORM DAG for example_task_group
[2022-02-24 19:54:11,093] {logging_mixin.py:109} INFO - [2022-02-24 19:54:11,093] {dag.py:2935} INFO - Setting next_dagrun for example_task_group to 2022-02-23T19:54:11.093655+00:00
[2022-02-24 19:54:11,125] {processor.py:171} INFO - Processing /home/airflow/.local/lib/python3.7/site-packages/airflow/example_dags/example_task_group.py took 3.986 seconds
[2022-02-24 19:54:41,811] {processor.py:163} INFO - Started process (PID=295) to work on /home/airflow/.local/lib/python3.7/site-packages/airflow/example_dags/example_task_group.py
[2022-02-24 19:54:41,814] {processor.py:642} INFO - Processing file /home/airflow/.local/lib/python3.7/site-packages/airflow/example_dags/example_task_group.py for tasks to queue
[2022-02-24 19:54:41,817] {logging_mixin.py:109} INFO - [2022-02-24 19:54:41,817] {dagbag.py:500} INFO - Filling up the DagBag from /home/airflow/.local/lib/python3.7/site-packages/airflow/example_dags/example_task_group.py
[2022-02-24 19:54:41,870] {processor.py:654} INFO - DAG(s) dict_keys(['example_task_group']) retrieved from /home/airflow/.local/lib/python3.7/site-packages/airflow/example_dags/example_task_group.py
[2022-02-24 19:54:41,902] {logging_mixin.py:109} INFO - [2022-02-24 19:54:41,902] {dag.py:2396} INFO - Sync 1 DAGs
[2022-02-24 19:54:41,933] {logging_mixin.py:109} INFO - [2022-02-24 19:54:41,933] {dag.py:2935} INFO - Setting next_dagrun for example_task_group to 2022-02-23T19:54:41.933055+00:00
[2022-02-24 19:54:41,950] {processor.py:171} INFO - Processing /home/airflow/.local/lib/python3.7/site-packages/airflow/example_dags/example_task_group.py took 0.146 seconds
[2022-02-24 19:55:12,238] {processor.py:163} INFO - Started process (PID=357) to work on /home/airflow/.local/lib/python3.7/site-packages/airflow/example_dags/example_task_group.py
[2022-02-24 19:55:12,241] {processor.py:642} INFO - Processing file /home/airflow/.local/lib/python3.7/site-packages/airflow/example_dags/example_task_group.py for tasks to queue
[2022-02-24 19:55:12,243] {logging_mixin.py:109} INFO - [2022-02-24 19:55:12,242] {dagbag.py:500} INFO - Filling up the DagBag from /home/airflow/.local/lib/python3.7/site-packages/airflow/example_dags/example_task_group.py
[2022-02-24 19:55:12,287] {processor.py:654} INFO - DAG(s) dict_keys(['example_task_group']) retrieved from /home/airflow/.local/lib/python3.7/site-packages/airflow/example_dags/example_task_group.py
[2022-02-24 19:55:12,316] {logging_mixin.py:109} INFO - [2022-02-24 19:55:12,316] {dag.py:2396} INFO - Sync 1 DAGs
[2022-02-24 19:55:12,346] {logging_mixin.py:109} INFO - [2022-02-24 19:55:12,346] {dag.py:2935} INFO - Setting next_dagrun for example_task_group to 2022-02-23T19:55:12.345406+00:00
[2022-02-24 19:55:12,362] {processor.py:171} INFO - Processing /home/airflow/.local/lib/python3.7/site-packages/airflow/example_dags/example_task_group.py took 0.131 seconds
[2022-02-24 19:55:42,520] {processor.py:163} INFO - Started process (PID=419) to work on /home/airflow/.local/lib/python3.7/site-packages/airflow/example_dags/example_task_group.py
[2022-02-24 19:55:42,523] {processor.py:642} INFO - Processing file /home/airflow/.local/lib/python3.7/site-packages/airflow/example_dags/example_task_group.py for tasks to queue
[2022-02-24 19:55:42,528] {logging_mixin.py:109} INFO - [2022-02-24 19:55:42,528] {dagbag.py:500} INFO - Filling up the DagBag from /home/airflow/.local/lib/python3.7/site-packages/airflow/example_dags/example_task_group.py
[2022-02-24 19:55:42,573] {processor.py:654} INFO - DAG(s) dict_keys(['example_task_group']) retrieved from /home/airflow/.local/lib/python3.7/site-packages/airflow/example_dags/example_task_group.py
[2022-02-24 19:55:42,610] {logging_mixin.py:109} INFO - [2022-02-24 19:55:42,609] {dag.py:2396} INFO - Sync 1 DAGs
[2022-02-24 19:55:42,639] {logging_mixin.py:109} INFO - [2022-02-24 19:55:42,639] {dag.py:2935} INFO - Setting next_dagrun for example_task_group to 2022-02-23T19:55:42.638734+00:00
[2022-02-24 19:55:42,662] {processor.py:171} INFO - Processing /home/airflow/.local/lib/python3.7/site-packages/airflow/example_dags/example_task_group.py took 0.157 seconds
[2022-02-24 19:56:12,798] {processor.py:163} INFO - Started process (PID=468) to work on /home/airflow/.local/lib/python3.7/site-packages/airflow/example_dags/example_task_group.py
[2022-02-24 19:56:12,801] {processor.py:642} INFO - Processing file /home/airflow/.local/lib/python3.7/site-packages/airflow/example_dags/example_task_group.py for tasks to queue
[2022-02-24 19:56:12,803] {logging_mixin.py:109} INFO - [2022-02-24 19:56:12,803] {dagbag.py:500} INFO - Filling up the DagBag from /home/airflow/.local/lib/python3.7/site-packages/airflow/example_dags/example_task_group.py
[2022-02-24 19:56:12,846] {processor.py:654} INFO - DAG(s) dict_keys(['example_task_group']) retrieved from /home/airflow/.local/lib/python3.7/site-packages/airflow/example_dags/example_task_group.py
[2022-02-24 19:56:12,867] {logging_mixin.py:109} INFO - [2022-02-24 19:56:12,866] {dag.py:2396} INFO - Sync 1 DAGs
[2022-02-24 19:56:12,903] {logging_mixin.py:109} INFO - [2022-02-24 19:56:12,903] {dag.py:2935} INFO - Setting next_dagrun for example_task_group to 2022-02-23T19:56:12.902839+00:00
[2022-02-24 19:56:12,914] {processor.py:171} INFO - Processing /home/airflow/.local/lib/python3.7/site-packages/airflow/example_dags/example_task_group.py took 0.126 seconds
[2022-02-24 19:56:43,094] {processor.py:163} INFO - Started process (PID=521) to work on /home/airflow/.local/lib/python3.7/site-packages/airflow/example_dags/example_task_group.py
[2022-02-24 19:56:43,096] {processor.py:642} INFO - Processing file /home/airflow/.local/lib/python3.7/site-packages/airflow/example_dags/example_task_group.py for tasks to queue
[2022-02-24 19:56:43,098] {logging_mixin.py:109} INFO - [2022-02-24 19:56:43,098] {dagbag.py:500} INFO - Filling up the DagBag from /home/airflow/.local/lib/python3.7/site-packages/airflow/example_dags/example_task_group.py
[2022-02-24 19:56:43,141] {processor.py:654} INFO - DAG(s) dict_keys(['example_task_group']) retrieved from /home/airflow/.local/lib/python3.7/site-packages/airflow/example_dags/example_task_group.py
[2022-02-24 19:56:43,156] {logging_mixin.py:109} INFO - [2022-02-24 19:56:43,155] {dag.py:2396} INFO - Sync 1 DAGs
[2022-02-24 19:56:43,183] {logging_mixin.py:109} INFO - [2022-02-24 19:56:43,183] {dag.py:2935} INFO - Setting next_dagrun for example_task_group to 2022-02-23T19:56:43.183260+00:00
[2022-02-24 19:56:43,194] {processor.py:171} INFO - Processing /home/airflow/.local/lib/python3.7/site-packages/airflow/example_dags/example_task_group.py took 0.107 seconds
[2022-02-24 19:57:13,401] {processor.py:163} INFO - Started process (PID=578) to work on /home/airflow/.local/lib/python3.7/site-packages/airflow/example_dags/example_task_group.py
[2022-02-24 19:57:13,404] {processor.py:642} INFO - Processing file /home/airflow/.local/lib/python3.7/site-packages/airflow/example_dags/example_task_group.py for tasks to queue
[2022-02-24 19:57:13,408] {logging_mixin.py:109} INFO - [2022-02-24 19:57:13,408] {dagbag.py:500} INFO - Filling up the DagBag from /home/airflow/.local/lib/python3.7/site-packages/airflow/example_dags/example_task_group.py
[2022-02-24 19:57:13,470] {processor.py:654} INFO - DAG(s) dict_keys(['example_task_group']) retrieved from /home/airflow/.local/lib/python3.7/site-packages/airflow/example_dags/example_task_group.py
[2022-02-24 19:57:13,498] {logging_mixin.py:109} INFO - [2022-02-24 19:57:13,498] {dag.py:2396} INFO - Sync 1 DAGs
[2022-02-24 19:57:13,528] {logging_mixin.py:109} INFO - [2022-02-24 19:57:13,528] {dag.py:2935} INFO - Setting next_dagrun for example_task_group to 2022-02-23T19:57:13.528274+00:00
[2022-02-24 19:57:13,547] {processor.py:171} INFO - Processing /home/airflow/.local/lib/python3.7/site-packages/airflow/example_dags/example_task_group.py took 0.161 seconds
[2022-02-24 19:57:43,647] {processor.py:163} INFO - Started process (PID=644) to work on /home/airflow/.local/lib/python3.7/site-packages/airflow/example_dags/example_task_group.py
[2022-02-24 19:57:43,650] {processor.py:642} INFO - Processing file /home/airflow/.local/lib/python3.7/site-packages/airflow/example_dags/example_task_group.py for tasks to queue
[2022-02-24 19:57:43,652] {logging_mixin.py:109} INFO - [2022-02-24 19:57:43,652] {dagbag.py:500} INFO - Filling up the DagBag from /home/airflow/.local/lib/python3.7/site-packages/airflow/example_dags/example_task_group.py
[2022-02-24 19:57:43,706] {processor.py:654} INFO - DAG(s) dict_keys(['example_task_group']) retrieved from /home/airflow/.local/lib/python3.7/site-packages/airflow/example_dags/example_task_group.py
[2022-02-24 19:57:43,726] {logging_mixin.py:109} INFO - [2022-02-24 19:57:43,726] {dag.py:2396} INFO - Sync 1 DAGs
[2022-02-24 19:57:43,758] {logging_mixin.py:109} INFO - [2022-02-24 19:57:43,758] {dag.py:2935} INFO - Setting next_dagrun for example_task_group to 2022-02-23T19:57:43.758023+00:00
[2022-02-24 19:57:43,783] {processor.py:171} INFO - Processing /home/airflow/.local/lib/python3.7/site-packages/airflow/example_dags/example_task_group.py took 0.142 seconds
[2022-02-24 20:01:27,434] {processor.py:163} INFO - Started process (PID=79) to work on /home/airflow/.local/lib/python3.7/site-packages/airflow/example_dags/example_task_group.py
[2022-02-24 20:01:27,436] {processor.py:642} INFO - Processing file /home/airflow/.local/lib/python3.7/site-packages/airflow/example_dags/example_task_group.py for tasks to queue
[2022-02-24 20:01:27,461] {logging_mixin.py:109} INFO - [2022-02-24 20:01:27,460] {dagbag.py:500} INFO - Filling up the DagBag from /home/airflow/.local/lib/python3.7/site-packages/airflow/example_dags/example_task_group.py
[2022-02-24 20:01:27,683] {processor.py:654} INFO - DAG(s) dict_keys(['example_task_group']) retrieved from /home/airflow/.local/lib/python3.7/site-packages/airflow/example_dags/example_task_group.py
[2022-02-24 20:01:27,754] {logging_mixin.py:109} INFO - [2022-02-24 20:01:27,754] {dag.py:2396} INFO - Sync 1 DAGs
[2022-02-24 20:01:27,910] {logging_mixin.py:109} INFO - [2022-02-24 20:01:27,910] {dag.py:2935} INFO - Setting next_dagrun for example_task_group to 2022-02-23T20:01:27.910152+00:00
[2022-02-24 20:01:27,960] {processor.py:171} INFO - Processing /home/airflow/.local/lib/python3.7/site-packages/airflow/example_dags/example_task_group.py took 0.565 seconds
[2022-02-24 20:01:59,125] {processor.py:163} INFO - Started process (PID=139) to work on /home/airflow/.local/lib/python3.7/site-packages/airflow/example_dags/example_task_group.py
[2022-02-24 20:01:59,131] {processor.py:642} INFO - Processing file /home/airflow/.local/lib/python3.7/site-packages/airflow/example_dags/example_task_group.py for tasks to queue
[2022-02-24 20:01:59,133] {logging_mixin.py:109} INFO - [2022-02-24 20:01:59,133] {dagbag.py:500} INFO - Filling up the DagBag from /home/airflow/.local/lib/python3.7/site-packages/airflow/example_dags/example_task_group.py
[2022-02-24 20:01:59,249] {processor.py:654} INFO - DAG(s) dict_keys(['example_task_group']) retrieved from /home/airflow/.local/lib/python3.7/site-packages/airflow/example_dags/example_task_group.py
[2022-02-24 20:01:59,288] {logging_mixin.py:109} INFO - [2022-02-24 20:01:59,288] {dag.py:2396} INFO - Sync 1 DAGs
[2022-02-24 20:01:59,357] {logging_mixin.py:109} INFO - [2022-02-24 20:01:59,357] {dag.py:2935} INFO - Setting next_dagrun for example_task_group to 2022-02-23T20:01:59.357439+00:00
[2022-02-24 20:01:59,406] {processor.py:171} INFO - Processing /home/airflow/.local/lib/python3.7/site-packages/airflow/example_dags/example_task_group.py took 0.292 seconds
[2022-02-24 20:02:32,900] {processor.py:163} INFO - Started process (PID=202) to work on /home/airflow/.local/lib/python3.7/site-packages/airflow/example_dags/example_task_group.py
[2022-02-24 20:02:32,938] {processor.py:642} INFO - Processing file /home/airflow/.local/lib/python3.7/site-packages/airflow/example_dags/example_task_group.py for tasks to queue
[2022-02-24 20:02:32,940] {logging_mixin.py:109} INFO - [2022-02-24 20:02:32,940] {dagbag.py:500} INFO - Filling up the DagBag from /home/airflow/.local/lib/python3.7/site-packages/airflow/example_dags/example_task_group.py
[2022-02-24 20:02:33,266] {processor.py:654} INFO - DAG(s) dict_keys(['example_task_group']) retrieved from /home/airflow/.local/lib/python3.7/site-packages/airflow/example_dags/example_task_group.py
[2022-02-24 20:02:33,340] {logging_mixin.py:109} INFO - [2022-02-24 20:02:33,340] {dag.py:2396} INFO - Sync 1 DAGs
[2022-02-24 20:02:33,403] {logging_mixin.py:109} INFO - [2022-02-24 20:02:33,403] {dag.py:2935} INFO - Setting next_dagrun for example_task_group to 2022-02-23T20:02:33.399540+00:00
[2022-02-24 20:02:33,439] {processor.py:171} INFO - Processing /home/airflow/.local/lib/python3.7/site-packages/airflow/example_dags/example_task_group.py took 0.564 seconds
[2022-02-24 20:03:04,079] {processor.py:163} INFO - Started process (PID=248) to work on /home/airflow/.local/lib/python3.7/site-packages/airflow/example_dags/example_task_group.py
[2022-02-24 20:03:04,081] {processor.py:642} INFO - Processing file /home/airflow/.local/lib/python3.7/site-packages/airflow/example_dags/example_task_group.py for tasks to queue
[2022-02-24 20:03:04,083] {logging_mixin.py:109} INFO - [2022-02-24 20:03:04,083] {dagbag.py:500} INFO - Filling up the DagBag from /home/airflow/.local/lib/python3.7/site-packages/airflow/example_dags/example_task_group.py
[2022-02-24 20:03:04,119] {processor.py:654} INFO - DAG(s) dict_keys(['example_task_group']) retrieved from /home/airflow/.local/lib/python3.7/site-packages/airflow/example_dags/example_task_group.py
[2022-02-24 20:03:04,143] {logging_mixin.py:109} INFO - [2022-02-24 20:03:04,143] {dag.py:2396} INFO - Sync 1 DAGs
[2022-02-24 20:03:04,175] {logging_mixin.py:109} INFO - [2022-02-24 20:03:04,175] {dag.py:2935} INFO - Setting next_dagrun for example_task_group to 2022-02-23T20:03:04.174638+00:00
[2022-02-24 20:03:04,189] {processor.py:171} INFO - Processing /home/airflow/.local/lib/python3.7/site-packages/airflow/example_dags/example_task_group.py took 0.115 seconds
[2022-02-24 20:03:34,448] {processor.py:163} INFO - Started process (PID=303) to work on /home/airflow/.local/lib/python3.7/site-packages/airflow/example_dags/example_task_group.py
[2022-02-24 20:03:34,450] {processor.py:642} INFO - Processing file /home/airflow/.local/lib/python3.7/site-packages/airflow/example_dags/example_task_group.py for tasks to queue
[2022-02-24 20:03:34,455] {logging_mixin.py:109} INFO - [2022-02-24 20:03:34,455] {dagbag.py:500} INFO - Filling up the DagBag from /home/airflow/.local/lib/python3.7/site-packages/airflow/example_dags/example_task_group.py
[2022-02-24 20:03:34,510] {processor.py:654} INFO - DAG(s) dict_keys(['example_task_group']) retrieved from /home/airflow/.local/lib/python3.7/site-packages/airflow/example_dags/example_task_group.py
[2022-02-24 20:03:34,537] {logging_mixin.py:109} INFO - [2022-02-24 20:03:34,537] {dag.py:2396} INFO - Sync 1 DAGs
[2022-02-24 20:03:34,572] {logging_mixin.py:109} INFO - [2022-02-24 20:03:34,572] {dag.py:2935} INFO - Setting next_dagrun for example_task_group to 2022-02-23T20:03:34.572025+00:00
[2022-02-24 20:03:34,626] {processor.py:171} INFO - Processing /home/airflow/.local/lib/python3.7/site-packages/airflow/example_dags/example_task_group.py took 0.186 seconds
[2022-02-24 20:04:05,171] {processor.py:163} INFO - Started process (PID=361) to work on /home/airflow/.local/lib/python3.7/site-packages/airflow/example_dags/example_task_group.py
[2022-02-24 20:04:05,176] {processor.py:642} INFO - Processing file /home/airflow/.local/lib/python3.7/site-packages/airflow/example_dags/example_task_group.py for tasks to queue
[2022-02-24 20:04:05,177] {logging_mixin.py:109} INFO - [2022-02-24 20:04:05,177] {dagbag.py:500} INFO - Filling up the DagBag from /home/airflow/.local/lib/python3.7/site-packages/airflow/example_dags/example_task_group.py
[2022-02-24 20:04:05,311] {processor.py:654} INFO - DAG(s) dict_keys(['example_task_group']) retrieved from /home/airflow/.local/lib/python3.7/site-packages/airflow/example_dags/example_task_group.py
[2022-02-24 20:04:05,341] {logging_mixin.py:109} INFO - [2022-02-24 20:04:05,341] {dag.py:2396} INFO - Sync 1 DAGs
[2022-02-24 20:04:05,379] {logging_mixin.py:109} INFO - [2022-02-24 20:04:05,378] {dag.py:2935} INFO - Setting next_dagrun for example_task_group to 2022-02-23T20:04:05.378640+00:00
[2022-02-24 20:04:05,401] {processor.py:171} INFO - Processing /home/airflow/.local/lib/python3.7/site-packages/airflow/example_dags/example_task_group.py took 0.233 seconds
[2022-02-24 20:04:35,776] {processor.py:163} INFO - Started process (PID=422) to work on /home/airflow/.local/lib/python3.7/site-packages/airflow/example_dags/example_task_group.py
[2022-02-24 20:04:35,782] {processor.py:642} INFO - Processing file /home/airflow/.local/lib/python3.7/site-packages/airflow/example_dags/example_task_group.py for tasks to queue
[2022-02-24 20:04:35,786] {logging_mixin.py:109} INFO - [2022-02-24 20:04:35,785] {dagbag.py:500} INFO - Filling up the DagBag from /home/airflow/.local/lib/python3.7/site-packages/airflow/example_dags/example_task_group.py
[2022-02-24 20:04:35,905] {processor.py:654} INFO - DAG(s) dict_keys(['example_task_group']) retrieved from /home/airflow/.local/lib/python3.7/site-packages/airflow/example_dags/example_task_group.py
[2022-02-24 20:04:35,953] {logging_mixin.py:109} INFO - [2022-02-24 20:04:35,953] {dag.py:2396} INFO - Sync 1 DAGs
[2022-02-24 20:04:36,045] {logging_mixin.py:109} INFO - [2022-02-24 20:04:36,045] {dag.py:2935} INFO - Setting next_dagrun for example_task_group to 2022-02-23T20:04:36.040190+00:00
[2022-02-24 20:04:36,099] {processor.py:171} INFO - Processing /home/airflow/.local/lib/python3.7/site-packages/airflow/example_dags/example_task_group.py took 0.335 seconds
[2022-02-24 20:05:06,746] {processor.py:163} INFO - Started process (PID=479) to work on /home/airflow/.local/lib/python3.7/site-packages/airflow/example_dags/example_task_group.py
[2022-02-24 20:05:06,748] {processor.py:642} INFO - Processing file /home/airflow/.local/lib/python3.7/site-packages/airflow/example_dags/example_task_group.py for tasks to queue
[2022-02-24 20:05:06,758] {logging_mixin.py:109} INFO - [2022-02-24 20:05:06,758] {dagbag.py:500} INFO - Filling up the DagBag from /home/airflow/.local/lib/python3.7/site-packages/airflow/example_dags/example_task_group.py
[2022-02-24 20:05:06,792] {processor.py:654} INFO - DAG(s) dict_keys(['example_task_group']) retrieved from /home/airflow/.local/lib/python3.7/site-packages/airflow/example_dags/example_task_group.py
[2022-02-24 20:05:06,804] {logging_mixin.py:109} INFO - [2022-02-24 20:05:06,804] {dag.py:2396} INFO - Sync 1 DAGs
[2022-02-24 20:05:06,821] {logging_mixin.py:109} INFO - [2022-02-24 20:05:06,821] {dag.py:2935} INFO - Setting next_dagrun for example_task_group to 2022-02-23T20:05:06.820941+00:00
[2022-02-24 20:05:06,830] {processor.py:171} INFO - Processing /home/airflow/.local/lib/python3.7/site-packages/airflow/example_dags/example_task_group.py took 0.099 seconds
[2022-02-24 20:05:37,675] {processor.py:163} INFO - Started process (PID=533) to work on /home/airflow/.local/lib/python3.7/site-packages/airflow/example_dags/example_task_group.py
[2022-02-24 20:05:37,678] {processor.py:642} INFO - Processing file /home/airflow/.local/lib/python3.7/site-packages/airflow/example_dags/example_task_group.py for tasks to queue
[2022-02-24 20:05:37,684] {logging_mixin.py:109} INFO - [2022-02-24 20:05:37,683] {dagbag.py:500} INFO - Filling up the DagBag from /home/airflow/.local/lib/python3.7/site-packages/airflow/example_dags/example_task_group.py
[2022-02-24 20:05:37,779] {processor.py:654} INFO - DAG(s) dict_keys(['example_task_group']) retrieved from /home/airflow/.local/lib/python3.7/site-packages/airflow/example_dags/example_task_group.py
[2022-02-24 20:05:37,824] {logging_mixin.py:109} INFO - [2022-02-24 20:05:37,824] {dag.py:2396} INFO - Sync 1 DAGs
[2022-02-24 20:05:37,855] {logging_mixin.py:109} INFO - [2022-02-24 20:05:37,855] {dag.py:2935} INFO - Setting next_dagrun for example_task_group to 2022-02-23T20:05:37.854925+00:00
[2022-02-24 20:05:37,872] {processor.py:171} INFO - Processing /home/airflow/.local/lib/python3.7/site-packages/airflow/example_dags/example_task_group.py took 0.214 seconds
[2022-02-24 20:06:08,666] {processor.py:163} INFO - Started process (PID=589) to work on /home/airflow/.local/lib/python3.7/site-packages/airflow/example_dags/example_task_group.py
[2022-02-24 20:06:08,667] {processor.py:642} INFO - Processing file /home/airflow/.local/lib/python3.7/site-packages/airflow/example_dags/example_task_group.py for tasks to queue
[2022-02-24 20:06:08,670] {logging_mixin.py:109} INFO - [2022-02-24 20:06:08,670] {dagbag.py:500} INFO - Filling up the DagBag from /home/airflow/.local/lib/python3.7/site-packages/airflow/example_dags/example_task_group.py
[2022-02-24 20:06:08,747] {processor.py:654} INFO - DAG(s) dict_keys(['example_task_group']) retrieved from /home/airflow/.local/lib/python3.7/site-packages/airflow/example_dags/example_task_group.py
[2022-02-24 20:06:08,782] {logging_mixin.py:109} INFO - [2022-02-24 20:06:08,782] {dag.py:2396} INFO - Sync 1 DAGs
[2022-02-24 20:06:08,841] {logging_mixin.py:109} INFO - [2022-02-24 20:06:08,841] {dag.py:2935} INFO - Setting next_dagrun for example_task_group to 2022-02-23T20:06:08.840746+00:00
[2022-02-24 20:06:08,869] {processor.py:171} INFO - Processing /home/airflow/.local/lib/python3.7/site-packages/airflow/example_dags/example_task_group.py took 0.207 seconds
[2022-02-24 20:06:39,668] {processor.py:163} INFO - Started process (PID=643) to work on /home/airflow/.local/lib/python3.7/site-packages/airflow/example_dags/example_task_group.py
[2022-02-24 20:06:39,670] {processor.py:642} INFO - Processing file /home/airflow/.local/lib/python3.7/site-packages/airflow/example_dags/example_task_group.py for tasks to queue
[2022-02-24 20:06:39,675] {logging_mixin.py:109} INFO - [2022-02-24 20:06:39,675] {dagbag.py:500} INFO - Filling up the DagBag from /home/airflow/.local/lib/python3.7/site-packages/airflow/example_dags/example_task_group.py
[2022-02-24 20:06:39,735] {processor.py:654} INFO - DAG(s) dict_keys(['example_task_group']) retrieved from /home/airflow/.local/lib/python3.7/site-packages/airflow/example_dags/example_task_group.py
[2022-02-24 20:06:39,764] {logging_mixin.py:109} INFO - [2022-02-24 20:06:39,764] {dag.py:2396} INFO - Sync 1 DAGs
[2022-02-24 20:06:39,797] {logging_mixin.py:109} INFO - [2022-02-24 20:06:39,797] {dag.py:2935} INFO - Setting next_dagrun for example_task_group to 2022-02-23T20:06:39.796980+00:00
[2022-02-24 20:06:39,819] {processor.py:171} INFO - Processing /home/airflow/.local/lib/python3.7/site-packages/airflow/example_dags/example_task_group.py took 0.159 seconds
[2022-02-24 20:07:10,006] {processor.py:163} INFO - Started process (PID=699) to work on /home/airflow/.local/lib/python3.7/site-packages/airflow/example_dags/example_task_group.py
[2022-02-24 20:07:10,009] {processor.py:642} INFO - Processing file /home/airflow/.local/lib/python3.7/site-packages/airflow/example_dags/example_task_group.py for tasks to queue
[2022-02-24 20:07:10,011] {logging_mixin.py:109} INFO - [2022-02-24 20:07:10,011] {dagbag.py:500} INFO - Filling up the DagBag from /home/airflow/.local/lib/python3.7/site-packages/airflow/example_dags/example_task_group.py
[2022-02-24 20:07:10,056] {processor.py:654} INFO - DAG(s) dict_keys(['example_task_group']) retrieved from /home/airflow/.local/lib/python3.7/site-packages/airflow/example_dags/example_task_group.py
[2022-02-24 20:07:10,083] {logging_mixin.py:109} INFO - [2022-02-24 20:07:10,083] {dag.py:2396} INFO - Sync 1 DAGs
[2022-02-24 20:07:10,101] {logging_mixin.py:109} INFO - [2022-02-24 20:07:10,101] {dag.py:2935} INFO - Setting next_dagrun for example_task_group to 2022-02-23T20:07:10.101013+00:00
[2022-02-24 20:07:10,109] {processor.py:171} INFO - Processing /home/airflow/.local/lib/python3.7/site-packages/airflow/example_dags/example_task_group.py took 0.110 seconds
[2022-02-24 20:07:40,178] {processor.py:163} INFO - Started process (PID=759) to work on /home/airflow/.local/lib/python3.7/site-packages/airflow/example_dags/example_task_group.py
[2022-02-24 20:07:40,188] {processor.py:642} INFO - Processing file /home/airflow/.local/lib/python3.7/site-packages/airflow/example_dags/example_task_group.py for tasks to queue
[2022-02-24 20:07:40,190] {logging_mixin.py:109} INFO - [2022-02-24 20:07:40,190] {dagbag.py:500} INFO - Filling up the DagBag from /home/airflow/.local/lib/python3.7/site-packages/airflow/example_dags/example_task_group.py
[2022-02-24 20:07:40,244] {processor.py:654} INFO - DAG(s) dict_keys(['example_task_group']) retrieved from /home/airflow/.local/lib/python3.7/site-packages/airflow/example_dags/example_task_group.py
[2022-02-24 20:07:40,270] {logging_mixin.py:109} INFO - [2022-02-24 20:07:40,270] {dag.py:2396} INFO - Sync 1 DAGs
[2022-02-24 20:07:40,310] {logging_mixin.py:109} INFO - [2022-02-24 20:07:40,310] {dag.py:2935} INFO - Setting next_dagrun for example_task_group to 2022-02-23T20:07:40.309959+00:00
[2022-02-24 20:07:40,324] {processor.py:171} INFO - Processing /home/airflow/.local/lib/python3.7/site-packages/airflow/example_dags/example_task_group.py took 0.150 seconds
[2022-02-24 20:08:12,132] {processor.py:163} INFO - Started process (PID=824) to work on /home/airflow/.local/lib/python3.7/site-packages/airflow/example_dags/example_task_group.py
[2022-02-24 20:08:12,141] {processor.py:642} INFO - Processing file /home/airflow/.local/lib/python3.7/site-packages/airflow/example_dags/example_task_group.py for tasks to queue
[2022-02-24 20:08:12,143] {logging_mixin.py:109} INFO - [2022-02-24 20:08:12,143] {dagbag.py:500} INFO - Filling up the DagBag from /home/airflow/.local/lib/python3.7/site-packages/airflow/example_dags/example_task_group.py
[2022-02-24 20:08:12,231] {processor.py:654} INFO - DAG(s) dict_keys(['example_task_group']) retrieved from /home/airflow/.local/lib/python3.7/site-packages/airflow/example_dags/example_task_group.py
[2022-02-24 20:08:12,259] {logging_mixin.py:109} INFO - [2022-02-24 20:08:12,259] {dag.py:2396} INFO - Sync 1 DAGs
[2022-02-24 20:08:12,288] {logging_mixin.py:109} INFO - [2022-02-24 20:08:12,288] {dag.py:2935} INFO - Setting next_dagrun for example_task_group to 2022-02-23T20:08:12.288269+00:00
[2022-02-24 20:08:12,307] {processor.py:171} INFO - Processing /home/airflow/.local/lib/python3.7/site-packages/airflow/example_dags/example_task_group.py took 0.186 seconds
[2022-02-24 20:08:42,702] {processor.py:163} INFO - Started process (PID=879) to work on /home/airflow/.local/lib/python3.7/site-packages/airflow/example_dags/example_task_group.py
[2022-02-24 20:08:42,714] {processor.py:642} INFO - Processing file /home/airflow/.local/lib/python3.7/site-packages/airflow/example_dags/example_task_group.py for tasks to queue
[2022-02-24 20:08:42,716] {logging_mixin.py:109} INFO - [2022-02-24 20:08:42,715] {dagbag.py:500} INFO - Filling up the DagBag from /home/airflow/.local/lib/python3.7/site-packages/airflow/example_dags/example_task_group.py
[2022-02-24 20:08:42,751] {processor.py:654} INFO - DAG(s) dict_keys(['example_task_group']) retrieved from /home/airflow/.local/lib/python3.7/site-packages/airflow/example_dags/example_task_group.py
[2022-02-24 20:08:42,766] {logging_mixin.py:109} INFO - [2022-02-24 20:08:42,766] {dag.py:2396} INFO - Sync 1 DAGs
[2022-02-24 20:08:42,787] {logging_mixin.py:109} INFO - [2022-02-24 20:08:42,787] {dag.py:2935} INFO - Setting next_dagrun for example_task_group to 2022-02-23T20:08:42.787555+00:00
[2022-02-24 20:08:42,798] {processor.py:171} INFO - Processing /home/airflow/.local/lib/python3.7/site-packages/airflow/example_dags/example_task_group.py took 0.099 seconds
[2022-02-24 20:09:13,843] {processor.py:163} INFO - Started process (PID=935) to work on /home/airflow/.local/lib/python3.7/site-packages/airflow/example_dags/example_task_group.py
[2022-02-24 20:09:13,845] {processor.py:642} INFO - Processing file /home/airflow/.local/lib/python3.7/site-packages/airflow/example_dags/example_task_group.py for tasks to queue
[2022-02-24 20:09:13,846] {logging_mixin.py:109} INFO - [2022-02-24 20:09:13,846] {dagbag.py:500} INFO - Filling up the DagBag from /home/airflow/.local/lib/python3.7/site-packages/airflow/example_dags/example_task_group.py
[2022-02-24 20:09:13,897] {processor.py:654} INFO - DAG(s) dict_keys(['example_task_group']) retrieved from /home/airflow/.local/lib/python3.7/site-packages/airflow/example_dags/example_task_group.py
[2022-02-24 20:09:13,914] {logging_mixin.py:109} INFO - [2022-02-24 20:09:13,914] {dag.py:2396} INFO - Sync 1 DAGs
[2022-02-24 20:09:13,930] {logging_mixin.py:109} INFO - [2022-02-24 20:09:13,930] {dag.py:2935} INFO - Setting next_dagrun for example_task_group to 2022-02-23T20:09:13.930008+00:00
[2022-02-24 20:09:13,938] {processor.py:171} INFO - Processing /home/airflow/.local/lib/python3.7/site-packages/airflow/example_dags/example_task_group.py took 0.100 seconds
[2022-02-24 20:09:46,068] {processor.py:163} INFO - Started process (PID=997) to work on /home/airflow/.local/lib/python3.7/site-packages/airflow/example_dags/example_task_group.py
[2022-02-24 20:09:46,088] {processor.py:642} INFO - Processing file /home/airflow/.local/lib/python3.7/site-packages/airflow/example_dags/example_task_group.py for tasks to queue
[2022-02-24 20:09:46,094] {logging_mixin.py:109} INFO - [2022-02-24 20:09:46,091] {dagbag.py:500} INFO - Filling up the DagBag from /home/airflow/.local/lib/python3.7/site-packages/airflow/example_dags/example_task_group.py
[2022-02-24 20:09:46,296] {processor.py:654} INFO - DAG(s) dict_keys(['example_task_group']) retrieved from /home/airflow/.local/lib/python3.7/site-packages/airflow/example_dags/example_task_group.py
[2022-02-24 20:09:46,372] {logging_mixin.py:109} INFO - [2022-02-24 20:09:46,372] {dag.py:2396} INFO - Sync 1 DAGs
[2022-02-24 20:09:46,441] {logging_mixin.py:109} INFO - [2022-02-24 20:09:46,441] {dag.py:2935} INFO - Setting next_dagrun for example_task_group to 2022-02-23T20:09:46.440723+00:00
[2022-02-24 20:09:46,501] {processor.py:171} INFO - Processing /home/airflow/.local/lib/python3.7/site-packages/airflow/example_dags/example_task_group.py took 0.448 seconds
[2022-02-24 20:10:17,523] {processor.py:163} INFO - Started process (PID=1054) to work on /home/airflow/.local/lib/python3.7/site-packages/airflow/example_dags/example_task_group.py
[2022-02-24 20:10:17,524] {processor.py:642} INFO - Processing file /home/airflow/.local/lib/python3.7/site-packages/airflow/example_dags/example_task_group.py for tasks to queue
[2022-02-24 20:10:17,526] {logging_mixin.py:109} INFO - [2022-02-24 20:10:17,525] {dagbag.py:500} INFO - Filling up the DagBag from /home/airflow/.local/lib/python3.7/site-packages/airflow/example_dags/example_task_group.py
[2022-02-24 20:10:17,562] {processor.py:654} INFO - DAG(s) dict_keys(['example_task_group']) retrieved from /home/airflow/.local/lib/python3.7/site-packages/airflow/example_dags/example_task_group.py
[2022-02-24 20:10:17,573] {logging_mixin.py:109} INFO - [2022-02-24 20:10:17,573] {dag.py:2396} INFO - Sync 1 DAGs
[2022-02-24 20:10:17,589] {logging_mixin.py:109} INFO - [2022-02-24 20:10:17,589] {dag.py:2935} INFO - Setting next_dagrun for example_task_group to 2022-02-23T20:10:17.588758+00:00
[2022-02-24 20:10:17,599] {processor.py:171} INFO - Processing /home/airflow/.local/lib/python3.7/site-packages/airflow/example_dags/example_task_group.py took 0.087 seconds
[2022-02-24 20:10:49,460] {processor.py:163} INFO - Started process (PID=1113) to work on /home/airflow/.local/lib/python3.7/site-packages/airflow/example_dags/example_task_group.py
[2022-02-24 20:10:49,465] {processor.py:642} INFO - Processing file /home/airflow/.local/lib/python3.7/site-packages/airflow/example_dags/example_task_group.py for tasks to queue
[2022-02-24 20:10:49,468] {logging_mixin.py:109} INFO - [2022-02-24 20:10:49,468] {dagbag.py:500} INFO - Filling up the DagBag from /home/airflow/.local/lib/python3.7/site-packages/airflow/example_dags/example_task_group.py
[2022-02-24 20:10:49,510] {processor.py:654} INFO - DAG(s) dict_keys(['example_task_group']) retrieved from /home/airflow/.local/lib/python3.7/site-packages/airflow/example_dags/example_task_group.py
[2022-02-24 20:10:49,531] {logging_mixin.py:109} INFO - [2022-02-24 20:10:49,531] {dag.py:2396} INFO - Sync 1 DAGs
[2022-02-24 20:10:49,563] {logging_mixin.py:109} INFO - [2022-02-24 20:10:49,563] {dag.py:2935} INFO - Setting next_dagrun for example_task_group to 2022-02-23T20:10:49.562530+00:00
[2022-02-24 20:10:49,585] {processor.py:171} INFO - Processing /home/airflow/.local/lib/python3.7/site-packages/airflow/example_dags/example_task_group.py took 0.136 seconds
[2022-02-24 20:11:20,206] {processor.py:163} INFO - Started process (PID=1167) to work on /home/airflow/.local/lib/python3.7/site-packages/airflow/example_dags/example_task_group.py
[2022-02-24 20:11:20,211] {processor.py:642} INFO - Processing file /home/airflow/.local/lib/python3.7/site-packages/airflow/example_dags/example_task_group.py for tasks to queue
[2022-02-24 20:11:20,213] {logging_mixin.py:109} INFO - [2022-02-24 20:11:20,213] {dagbag.py:500} INFO - Filling up the DagBag from /home/airflow/.local/lib/python3.7/site-packages/airflow/example_dags/example_task_group.py
[2022-02-24 20:11:20,261] {processor.py:654} INFO - DAG(s) dict_keys(['example_task_group']) retrieved from /home/airflow/.local/lib/python3.7/site-packages/airflow/example_dags/example_task_group.py
[2022-02-24 20:11:20,276] {logging_mixin.py:109} INFO - [2022-02-24 20:11:20,276] {dag.py:2396} INFO - Sync 1 DAGs
[2022-02-24 20:11:20,292] {logging_mixin.py:109} INFO - [2022-02-24 20:11:20,292] {dag.py:2935} INFO - Setting next_dagrun for example_task_group to 2022-02-23T20:11:20.292337+00:00
[2022-02-24 20:11:20,300] {processor.py:171} INFO - Processing /home/airflow/.local/lib/python3.7/site-packages/airflow/example_dags/example_task_group.py took 0.101 seconds
[2022-02-24 20:11:50,797] {processor.py:163} INFO - Started process (PID=1224) to work on /home/airflow/.local/lib/python3.7/site-packages/airflow/example_dags/example_task_group.py
[2022-02-24 20:11:50,806] {processor.py:642} INFO - Processing file /home/airflow/.local/lib/python3.7/site-packages/airflow/example_dags/example_task_group.py for tasks to queue
[2022-02-24 20:11:50,807] {logging_mixin.py:109} INFO - [2022-02-24 20:11:50,807] {dagbag.py:500} INFO - Filling up the DagBag from /home/airflow/.local/lib/python3.7/site-packages/airflow/example_dags/example_task_group.py
[2022-02-24 20:11:50,893] {processor.py:654} INFO - DAG(s) dict_keys(['example_task_group']) retrieved from /home/airflow/.local/lib/python3.7/site-packages/airflow/example_dags/example_task_group.py
[2022-02-24 20:11:50,909] {logging_mixin.py:109} INFO - [2022-02-24 20:11:50,909] {dag.py:2396} INFO - Sync 1 DAGs
[2022-02-24 20:11:50,925] {logging_mixin.py:109} INFO - [2022-02-24 20:11:50,925] {dag.py:2935} INFO - Setting next_dagrun for example_task_group to 2022-02-23T20:11:50.925197+00:00
[2022-02-24 20:11:50,934] {processor.py:171} INFO - Processing /home/airflow/.local/lib/python3.7/site-packages/airflow/example_dags/example_task_group.py took 0.140 seconds
