[2022-02-24 19:53:19,957] {processor.py:163} INFO - Started process (PID=156) to work on /home/airflow/.local/lib/python3.7/site-packages/airflow/example_dags/example_xcom.py
[2022-02-24 19:53:19,965] {processor.py:642} INFO - Processing file /home/airflow/.local/lib/python3.7/site-packages/airflow/example_dags/example_xcom.py for tasks to queue
[2022-02-24 19:53:19,972] {logging_mixin.py:109} INFO - [2022-02-24 19:53:19,970] {dagbag.py:500} INFO - Filling up the DagBag from /home/airflow/.local/lib/python3.7/site-packages/airflow/example_dags/example_xcom.py
[2022-02-24 19:53:20,092] {processor.py:654} INFO - DAG(s) dict_keys(['example_xcom']) retrieved from /home/airflow/.local/lib/python3.7/site-packages/airflow/example_dags/example_xcom.py
[2022-02-24 19:53:35,261] {logging_mixin.py:109} INFO - [2022-02-24 19:53:35,261] {manager.py:496} INFO - Created Permission View: can read on DAG:example_xcom
[2022-02-24 19:53:35,294] {logging_mixin.py:109} INFO - [2022-02-24 19:53:35,294] {manager.py:496} INFO - Created Permission View: can edit on DAG:example_xcom
[2022-02-24 19:53:35,297] {logging_mixin.py:109} INFO - [2022-02-24 19:53:35,296] {dag.py:2396} INFO - Sync 1 DAGs
[2022-02-24 19:53:35,328] {logging_mixin.py:109} INFO - [2022-02-24 19:53:35,328] {dag.py:2415} INFO - Creating ORM DAG for example_xcom
[2022-02-24 19:53:35,365] {logging_mixin.py:109} INFO - [2022-02-24 19:53:35,364] {dag.py:2935} INFO - Setting next_dagrun for example_xcom to 2021-01-01T00:00:00+00:00
[2022-02-24 19:53:35,409] {processor.py:171} INFO - Processing /home/airflow/.local/lib/python3.7/site-packages/airflow/example_dags/example_xcom.py took 15.471 seconds
[2022-02-24 19:54:15,392] {processor.py:163} INFO - Started process (PID=256) to work on /home/airflow/.local/lib/python3.7/site-packages/airflow/example_dags/example_xcom.py
[2022-02-24 19:54:15,395] {processor.py:642} INFO - Processing file /home/airflow/.local/lib/python3.7/site-packages/airflow/example_dags/example_xcom.py for tasks to queue
[2022-02-24 19:54:15,397] {logging_mixin.py:109} INFO - [2022-02-24 19:54:15,397] {dagbag.py:500} INFO - Filling up the DagBag from /home/airflow/.local/lib/python3.7/site-packages/airflow/example_dags/example_xcom.py
[2022-02-24 19:54:15,443] {processor.py:654} INFO - DAG(s) dict_keys(['example_xcom']) retrieved from /home/airflow/.local/lib/python3.7/site-packages/airflow/example_dags/example_xcom.py
[2022-02-24 19:54:16,057] {logging_mixin.py:109} INFO - [2022-02-24 19:54:16,057] {dag.py:2396} INFO - Sync 1 DAGs
[2022-02-24 19:54:16,086] {logging_mixin.py:109} INFO - [2022-02-24 19:54:16,086] {dag.py:2935} INFO - Setting next_dagrun for example_xcom to 2021-01-01T00:00:00+00:00
[2022-02-24 19:54:16,127] {processor.py:171} INFO - Processing /home/airflow/.local/lib/python3.7/site-packages/airflow/example_dags/example_xcom.py took 0.741 seconds
[2022-02-24 19:54:48,476] {processor.py:163} INFO - Started process (PID=312) to work on /home/airflow/.local/lib/python3.7/site-packages/airflow/example_dags/example_xcom.py
[2022-02-24 19:54:48,479] {processor.py:642} INFO - Processing file /home/airflow/.local/lib/python3.7/site-packages/airflow/example_dags/example_xcom.py for tasks to queue
[2022-02-24 19:54:48,490] {logging_mixin.py:109} INFO - [2022-02-24 19:54:48,489] {dagbag.py:500} INFO - Filling up the DagBag from /home/airflow/.local/lib/python3.7/site-packages/airflow/example_dags/example_xcom.py
[2022-02-24 19:54:48,659] {processor.py:654} INFO - DAG(s) dict_keys(['example_xcom']) retrieved from /home/airflow/.local/lib/python3.7/site-packages/airflow/example_dags/example_xcom.py
[2022-02-24 19:54:50,163] {logging_mixin.py:109} INFO - [2022-02-24 19:54:50,162] {dag.py:2396} INFO - Sync 1 DAGs
[2022-02-24 19:54:50,218] {logging_mixin.py:109} INFO - [2022-02-24 19:54:50,218] {dag.py:2935} INFO - Setting next_dagrun for example_xcom to 2021-01-01T00:00:00+00:00
[2022-02-24 19:54:50,252] {processor.py:171} INFO - Processing /home/airflow/.local/lib/python3.7/site-packages/airflow/example_dags/example_xcom.py took 1.803 seconds
[2022-02-24 19:55:21,019] {processor.py:163} INFO - Started process (PID=384) to work on /home/airflow/.local/lib/python3.7/site-packages/airflow/example_dags/example_xcom.py
[2022-02-24 19:55:21,024] {processor.py:642} INFO - Processing file /home/airflow/.local/lib/python3.7/site-packages/airflow/example_dags/example_xcom.py for tasks to queue
[2022-02-24 19:55:21,028] {logging_mixin.py:109} INFO - [2022-02-24 19:55:21,027] {dagbag.py:500} INFO - Filling up the DagBag from /home/airflow/.local/lib/python3.7/site-packages/airflow/example_dags/example_xcom.py
[2022-02-24 19:55:21,138] {processor.py:654} INFO - DAG(s) dict_keys(['example_xcom']) retrieved from /home/airflow/.local/lib/python3.7/site-packages/airflow/example_dags/example_xcom.py
[2022-02-24 19:55:21,862] {logging_mixin.py:109} INFO - [2022-02-24 19:55:21,862] {dag.py:2396} INFO - Sync 1 DAGs
[2022-02-24 19:55:21,890] {logging_mixin.py:109} INFO - [2022-02-24 19:55:21,890] {dag.py:2935} INFO - Setting next_dagrun for example_xcom to 2021-01-01T00:00:00+00:00
[2022-02-24 19:55:21,904] {processor.py:171} INFO - Processing /home/airflow/.local/lib/python3.7/site-packages/airflow/example_dags/example_xcom.py took 0.894 seconds
[2022-02-24 19:55:52,736] {processor.py:163} INFO - Started process (PID=448) to work on /home/airflow/.local/lib/python3.7/site-packages/airflow/example_dags/example_xcom.py
[2022-02-24 19:55:52,739] {processor.py:642} INFO - Processing file /home/airflow/.local/lib/python3.7/site-packages/airflow/example_dags/example_xcom.py for tasks to queue
[2022-02-24 19:55:52,742] {logging_mixin.py:109} INFO - [2022-02-24 19:55:52,741] {dagbag.py:500} INFO - Filling up the DagBag from /home/airflow/.local/lib/python3.7/site-packages/airflow/example_dags/example_xcom.py
[2022-02-24 19:55:52,787] {processor.py:654} INFO - DAG(s) dict_keys(['example_xcom']) retrieved from /home/airflow/.local/lib/python3.7/site-packages/airflow/example_dags/example_xcom.py
[2022-02-24 19:55:53,127] {logging_mixin.py:109} INFO - [2022-02-24 19:55:53,127] {dag.py:2396} INFO - Sync 1 DAGs
[2022-02-24 19:55:53,145] {logging_mixin.py:109} INFO - [2022-02-24 19:55:53,145] {dag.py:2935} INFO - Setting next_dagrun for example_xcom to 2021-01-01T00:00:00+00:00
[2022-02-24 19:55:53,160] {processor.py:171} INFO - Processing /home/airflow/.local/lib/python3.7/site-packages/airflow/example_dags/example_xcom.py took 0.431 seconds
[2022-02-24 19:56:23,574] {processor.py:163} INFO - Started process (PID=501) to work on /home/airflow/.local/lib/python3.7/site-packages/airflow/example_dags/example_xcom.py
[2022-02-24 19:56:23,578] {processor.py:642} INFO - Processing file /home/airflow/.local/lib/python3.7/site-packages/airflow/example_dags/example_xcom.py for tasks to queue
[2022-02-24 19:56:23,593] {logging_mixin.py:109} INFO - [2022-02-24 19:56:23,593] {dagbag.py:500} INFO - Filling up the DagBag from /home/airflow/.local/lib/python3.7/site-packages/airflow/example_dags/example_xcom.py
[2022-02-24 19:56:23,771] {processor.py:654} INFO - DAG(s) dict_keys(['example_xcom']) retrieved from /home/airflow/.local/lib/python3.7/site-packages/airflow/example_dags/example_xcom.py
[2022-02-24 19:56:25,094] {logging_mixin.py:109} INFO - [2022-02-24 19:56:25,094] {dag.py:2396} INFO - Sync 1 DAGs
[2022-02-24 19:56:25,120] {logging_mixin.py:109} INFO - [2022-02-24 19:56:25,120] {dag.py:2935} INFO - Setting next_dagrun for example_xcom to 2021-01-01T00:00:00+00:00
[2022-02-24 19:56:25,143] {processor.py:171} INFO - Processing /home/airflow/.local/lib/python3.7/site-packages/airflow/example_dags/example_xcom.py took 1.591 seconds
[2022-02-24 19:56:55,456] {processor.py:163} INFO - Started process (PID=556) to work on /home/airflow/.local/lib/python3.7/site-packages/airflow/example_dags/example_xcom.py
[2022-02-24 19:56:55,458] {processor.py:642} INFO - Processing file /home/airflow/.local/lib/python3.7/site-packages/airflow/example_dags/example_xcom.py for tasks to queue
[2022-02-24 19:56:55,459] {logging_mixin.py:109} INFO - [2022-02-24 19:56:55,459] {dagbag.py:500} INFO - Filling up the DagBag from /home/airflow/.local/lib/python3.7/site-packages/airflow/example_dags/example_xcom.py
[2022-02-24 19:56:55,494] {processor.py:654} INFO - DAG(s) dict_keys(['example_xcom']) retrieved from /home/airflow/.local/lib/python3.7/site-packages/airflow/example_dags/example_xcom.py
[2022-02-24 19:56:55,793] {logging_mixin.py:109} INFO - [2022-02-24 19:56:55,793] {dag.py:2396} INFO - Sync 1 DAGs
[2022-02-24 19:56:55,805] {logging_mixin.py:109} INFO - [2022-02-24 19:56:55,805] {dag.py:2935} INFO - Setting next_dagrun for example_xcom to 2021-01-01T00:00:00+00:00
[2022-02-24 19:56:55,815] {processor.py:171} INFO - Processing /home/airflow/.local/lib/python3.7/site-packages/airflow/example_dags/example_xcom.py took 0.364 seconds
[2022-02-24 19:57:26,031] {processor.py:163} INFO - Started process (PID=613) to work on /home/airflow/.local/lib/python3.7/site-packages/airflow/example_dags/example_xcom.py
[2022-02-24 19:57:26,034] {processor.py:642} INFO - Processing file /home/airflow/.local/lib/python3.7/site-packages/airflow/example_dags/example_xcom.py for tasks to queue
[2022-02-24 19:57:26,036] {logging_mixin.py:109} INFO - [2022-02-24 19:57:26,036] {dagbag.py:500} INFO - Filling up the DagBag from /home/airflow/.local/lib/python3.7/site-packages/airflow/example_dags/example_xcom.py
[2022-02-24 19:57:26,086] {processor.py:654} INFO - DAG(s) dict_keys(['example_xcom']) retrieved from /home/airflow/.local/lib/python3.7/site-packages/airflow/example_dags/example_xcom.py
[2022-02-24 19:57:26,364] {logging_mixin.py:109} INFO - [2022-02-24 19:57:26,364] {dag.py:2396} INFO - Sync 1 DAGs
[2022-02-24 19:57:26,377] {logging_mixin.py:109} INFO - [2022-02-24 19:57:26,377] {dag.py:2935} INFO - Setting next_dagrun for example_xcom to 2021-01-01T00:00:00+00:00
[2022-02-24 19:57:26,386] {processor.py:171} INFO - Processing /home/airflow/.local/lib/python3.7/site-packages/airflow/example_dags/example_xcom.py took 0.362 seconds
[2022-02-24 19:57:56,540] {processor.py:163} INFO - Started process (PID=677) to work on /home/airflow/.local/lib/python3.7/site-packages/airflow/example_dags/example_xcom.py
[2022-02-24 19:57:56,542] {processor.py:642} INFO - Processing file /home/airflow/.local/lib/python3.7/site-packages/airflow/example_dags/example_xcom.py for tasks to queue
[2022-02-24 19:57:56,546] {logging_mixin.py:109} INFO - [2022-02-24 19:57:56,545] {dagbag.py:500} INFO - Filling up the DagBag from /home/airflow/.local/lib/python3.7/site-packages/airflow/example_dags/example_xcom.py
[2022-02-24 19:57:56,653] {processor.py:654} INFO - DAG(s) dict_keys(['example_xcom']) retrieved from /home/airflow/.local/lib/python3.7/site-packages/airflow/example_dags/example_xcom.py
[2022-02-24 19:57:57,191] {logging_mixin.py:109} INFO - [2022-02-24 19:57:57,191] {dag.py:2396} INFO - Sync 1 DAGs
[2022-02-24 19:57:57,209] {logging_mixin.py:109} INFO - [2022-02-24 19:57:57,209] {dag.py:2935} INFO - Setting next_dagrun for example_xcom to 2021-01-01T00:00:00+00:00
[2022-02-24 19:57:57,220] {processor.py:171} INFO - Processing /home/airflow/.local/lib/python3.7/site-packages/airflow/example_dags/example_xcom.py took 0.686 seconds
[2022-02-24 20:01:21,321] {processor.py:163} INFO - Started process (PID=64) to work on /home/airflow/.local/lib/python3.7/site-packages/airflow/example_dags/example_xcom.py
[2022-02-24 20:01:21,332] {processor.py:642} INFO - Processing file /home/airflow/.local/lib/python3.7/site-packages/airflow/example_dags/example_xcom.py for tasks to queue
[2022-02-24 20:01:21,337] {logging_mixin.py:109} INFO - [2022-02-24 20:01:21,337] {dagbag.py:500} INFO - Filling up the DagBag from /home/airflow/.local/lib/python3.7/site-packages/airflow/example_dags/example_xcom.py
[2022-02-24 20:01:21,542] {processor.py:654} INFO - DAG(s) dict_keys(['example_xcom']) retrieved from /home/airflow/.local/lib/python3.7/site-packages/airflow/example_dags/example_xcom.py
[2022-02-24 20:01:23,007] {logging_mixin.py:109} INFO - [2022-02-24 20:01:23,006] {dag.py:2396} INFO - Sync 1 DAGs
[2022-02-24 20:01:23,096] {logging_mixin.py:109} INFO - [2022-02-24 20:01:23,096] {dag.py:2935} INFO - Setting next_dagrun for example_xcom to 2021-01-01T00:00:00+00:00
[2022-02-24 20:01:23,158] {processor.py:171} INFO - Processing /home/airflow/.local/lib/python3.7/site-packages/airflow/example_dags/example_xcom.py took 1.867 seconds
[2022-02-24 20:01:53,358] {processor.py:163} INFO - Started process (PID=119) to work on /home/airflow/.local/lib/python3.7/site-packages/airflow/example_dags/example_xcom.py
[2022-02-24 20:01:53,360] {processor.py:642} INFO - Processing file /home/airflow/.local/lib/python3.7/site-packages/airflow/example_dags/example_xcom.py for tasks to queue
[2022-02-24 20:01:53,364] {logging_mixin.py:109} INFO - [2022-02-24 20:01:53,364] {dagbag.py:500} INFO - Filling up the DagBag from /home/airflow/.local/lib/python3.7/site-packages/airflow/example_dags/example_xcom.py
[2022-02-24 20:01:53,420] {processor.py:654} INFO - DAG(s) dict_keys(['example_xcom']) retrieved from /home/airflow/.local/lib/python3.7/site-packages/airflow/example_dags/example_xcom.py
[2022-02-24 20:01:53,745] {logging_mixin.py:109} INFO - [2022-02-24 20:01:53,745] {dag.py:2396} INFO - Sync 1 DAGs
[2022-02-24 20:01:53,762] {logging_mixin.py:109} INFO - [2022-02-24 20:01:53,762] {dag.py:2935} INFO - Setting next_dagrun for example_xcom to 2021-01-01T00:00:00+00:00
[2022-02-24 20:01:53,774] {processor.py:171} INFO - Processing /home/airflow/.local/lib/python3.7/site-packages/airflow/example_dags/example_xcom.py took 0.420 seconds
[2022-02-24 20:02:24,703] {processor.py:163} INFO - Started process (PID=175) to work on /home/airflow/.local/lib/python3.7/site-packages/airflow/example_dags/example_xcom.py
[2022-02-24 20:02:24,705] {processor.py:642} INFO - Processing file /home/airflow/.local/lib/python3.7/site-packages/airflow/example_dags/example_xcom.py for tasks to queue
[2022-02-24 20:02:24,706] {logging_mixin.py:109} INFO - [2022-02-24 20:02:24,706] {dagbag.py:500} INFO - Filling up the DagBag from /home/airflow/.local/lib/python3.7/site-packages/airflow/example_dags/example_xcom.py
[2022-02-24 20:02:24,768] {processor.py:654} INFO - DAG(s) dict_keys(['example_xcom']) retrieved from /home/airflow/.local/lib/python3.7/site-packages/airflow/example_dags/example_xcom.py
[2022-02-24 20:02:25,159] {logging_mixin.py:109} INFO - [2022-02-24 20:02:25,158] {dag.py:2396} INFO - Sync 1 DAGs
[2022-02-24 20:02:25,178] {logging_mixin.py:109} INFO - [2022-02-24 20:02:25,178] {dag.py:2935} INFO - Setting next_dagrun for example_xcom to 2021-01-01T00:00:00+00:00
[2022-02-24 20:02:25,191] {processor.py:171} INFO - Processing /home/airflow/.local/lib/python3.7/site-packages/airflow/example_dags/example_xcom.py took 0.492 seconds
[2022-02-24 20:02:55,649] {processor.py:163} INFO - Started process (PID=235) to work on /home/airflow/.local/lib/python3.7/site-packages/airflow/example_dags/example_xcom.py
[2022-02-24 20:02:55,651] {processor.py:642} INFO - Processing file /home/airflow/.local/lib/python3.7/site-packages/airflow/example_dags/example_xcom.py for tasks to queue
[2022-02-24 20:02:55,653] {logging_mixin.py:109} INFO - [2022-02-24 20:02:55,653] {dagbag.py:500} INFO - Filling up the DagBag from /home/airflow/.local/lib/python3.7/site-packages/airflow/example_dags/example_xcom.py
[2022-02-24 20:02:55,692] {processor.py:654} INFO - DAG(s) dict_keys(['example_xcom']) retrieved from /home/airflow/.local/lib/python3.7/site-packages/airflow/example_dags/example_xcom.py
[2022-02-24 20:02:56,787] {logging_mixin.py:109} INFO - [2022-02-24 20:02:56,787] {dag.py:2396} INFO - Sync 1 DAGs
[2022-02-24 20:02:56,829] {logging_mixin.py:109} INFO - [2022-02-24 20:02:56,829] {dag.py:2935} INFO - Setting next_dagrun for example_xcom to 2021-01-01T00:00:00+00:00
[2022-02-24 20:02:56,871] {processor.py:171} INFO - Processing /home/airflow/.local/lib/python3.7/site-packages/airflow/example_dags/example_xcom.py took 1.228 seconds
[2022-02-24 20:03:27,285] {processor.py:163} INFO - Started process (PID=290) to work on /home/airflow/.local/lib/python3.7/site-packages/airflow/example_dags/example_xcom.py
[2022-02-24 20:03:27,287] {processor.py:642} INFO - Processing file /home/airflow/.local/lib/python3.7/site-packages/airflow/example_dags/example_xcom.py for tasks to queue
[2022-02-24 20:03:27,288] {logging_mixin.py:109} INFO - [2022-02-24 20:03:27,288] {dagbag.py:500} INFO - Filling up the DagBag from /home/airflow/.local/lib/python3.7/site-packages/airflow/example_dags/example_xcom.py
[2022-02-24 20:03:27,335] {processor.py:654} INFO - DAG(s) dict_keys(['example_xcom']) retrieved from /home/airflow/.local/lib/python3.7/site-packages/airflow/example_dags/example_xcom.py
[2022-02-24 20:03:27,714] {logging_mixin.py:109} INFO - [2022-02-24 20:03:27,714] {dag.py:2396} INFO - Sync 1 DAGs
[2022-02-24 20:03:27,747] {logging_mixin.py:109} INFO - [2022-02-24 20:03:27,747] {dag.py:2935} INFO - Setting next_dagrun for example_xcom to 2021-01-01T00:00:00+00:00
[2022-02-24 20:03:27,778] {processor.py:171} INFO - Processing /home/airflow/.local/lib/python3.7/site-packages/airflow/example_dags/example_xcom.py took 0.497 seconds
[2022-02-24 20:03:58,845] {processor.py:163} INFO - Started process (PID=348) to work on /home/airflow/.local/lib/python3.7/site-packages/airflow/example_dags/example_xcom.py
[2022-02-24 20:03:58,848] {processor.py:642} INFO - Processing file /home/airflow/.local/lib/python3.7/site-packages/airflow/example_dags/example_xcom.py for tasks to queue
[2022-02-24 20:03:58,849] {logging_mixin.py:109} INFO - [2022-02-24 20:03:58,849] {dagbag.py:500} INFO - Filling up the DagBag from /home/airflow/.local/lib/python3.7/site-packages/airflow/example_dags/example_xcom.py
[2022-02-24 20:03:58,901] {processor.py:654} INFO - DAG(s) dict_keys(['example_xcom']) retrieved from /home/airflow/.local/lib/python3.7/site-packages/airflow/example_dags/example_xcom.py
[2022-02-24 20:03:59,208] {logging_mixin.py:109} INFO - [2022-02-24 20:03:59,208] {dag.py:2396} INFO - Sync 1 DAGs
[2022-02-24 20:03:59,228] {logging_mixin.py:109} INFO - [2022-02-24 20:03:59,228] {dag.py:2935} INFO - Setting next_dagrun for example_xcom to 2021-01-01T00:00:00+00:00
[2022-02-24 20:03:59,245] {processor.py:171} INFO - Processing /home/airflow/.local/lib/python3.7/site-packages/airflow/example_dags/example_xcom.py took 0.404 seconds
[2022-02-24 20:04:29,609] {processor.py:163} INFO - Started process (PID=400) to work on /home/airflow/.local/lib/python3.7/site-packages/airflow/example_dags/example_xcom.py
[2022-02-24 20:04:29,612] {processor.py:642} INFO - Processing file /home/airflow/.local/lib/python3.7/site-packages/airflow/example_dags/example_xcom.py for tasks to queue
[2022-02-24 20:04:29,613] {logging_mixin.py:109} INFO - [2022-02-24 20:04:29,613] {dagbag.py:500} INFO - Filling up the DagBag from /home/airflow/.local/lib/python3.7/site-packages/airflow/example_dags/example_xcom.py
[2022-02-24 20:04:29,650] {processor.py:654} INFO - DAG(s) dict_keys(['example_xcom']) retrieved from /home/airflow/.local/lib/python3.7/site-packages/airflow/example_dags/example_xcom.py
[2022-02-24 20:04:29,949] {logging_mixin.py:109} INFO - [2022-02-24 20:04:29,949] {dag.py:2396} INFO - Sync 1 DAGs
[2022-02-24 20:04:29,965] {logging_mixin.py:109} INFO - [2022-02-24 20:04:29,964] {dag.py:2935} INFO - Setting next_dagrun for example_xcom to 2021-01-01T00:00:00+00:00
[2022-02-24 20:04:29,980] {processor.py:171} INFO - Processing /home/airflow/.local/lib/python3.7/site-packages/airflow/example_dags/example_xcom.py took 0.378 seconds
[2022-02-24 20:05:00,528] {processor.py:163} INFO - Started process (PID=457) to work on /home/airflow/.local/lib/python3.7/site-packages/airflow/example_dags/example_xcom.py
[2022-02-24 20:05:00,536] {processor.py:642} INFO - Processing file /home/airflow/.local/lib/python3.7/site-packages/airflow/example_dags/example_xcom.py for tasks to queue
[2022-02-24 20:05:00,539] {logging_mixin.py:109} INFO - [2022-02-24 20:05:00,539] {dagbag.py:500} INFO - Filling up the DagBag from /home/airflow/.local/lib/python3.7/site-packages/airflow/example_dags/example_xcom.py
[2022-02-24 20:05:00,674] {processor.py:654} INFO - DAG(s) dict_keys(['example_xcom']) retrieved from /home/airflow/.local/lib/python3.7/site-packages/airflow/example_dags/example_xcom.py
[2022-02-24 20:05:01,064] {logging_mixin.py:109} INFO - [2022-02-24 20:05:01,064] {dag.py:2396} INFO - Sync 1 DAGs
[2022-02-24 20:05:01,077] {logging_mixin.py:109} INFO - [2022-02-24 20:05:01,077] {dag.py:2935} INFO - Setting next_dagrun for example_xcom to 2021-01-01T00:00:00+00:00
[2022-02-24 20:05:01,088] {processor.py:171} INFO - Processing /home/airflow/.local/lib/python3.7/site-packages/airflow/example_dags/example_xcom.py took 0.571 seconds
[2022-02-24 20:05:31,263] {processor.py:163} INFO - Started process (PID=511) to work on /home/airflow/.local/lib/python3.7/site-packages/airflow/example_dags/example_xcom.py
[2022-02-24 20:05:31,280] {processor.py:642} INFO - Processing file /home/airflow/.local/lib/python3.7/site-packages/airflow/example_dags/example_xcom.py for tasks to queue
[2022-02-24 20:05:31,289] {logging_mixin.py:109} INFO - [2022-02-24 20:05:31,286] {dagbag.py:500} INFO - Filling up the DagBag from /home/airflow/.local/lib/python3.7/site-packages/airflow/example_dags/example_xcom.py
[2022-02-24 20:05:31,434] {processor.py:654} INFO - DAG(s) dict_keys(['example_xcom']) retrieved from /home/airflow/.local/lib/python3.7/site-packages/airflow/example_dags/example_xcom.py
[2022-02-24 20:05:33,412] {logging_mixin.py:109} INFO - [2022-02-24 20:05:33,412] {dag.py:2396} INFO - Sync 1 DAGs
[2022-02-24 20:05:33,469] {logging_mixin.py:109} INFO - [2022-02-24 20:05:33,468] {dag.py:2935} INFO - Setting next_dagrun for example_xcom to 2021-01-01T00:00:00+00:00
[2022-02-24 20:05:33,503] {processor.py:171} INFO - Processing /home/airflow/.local/lib/python3.7/site-packages/airflow/example_dags/example_xcom.py took 2.264 seconds
[2022-02-24 20:06:03,923] {processor.py:163} INFO - Started process (PID=577) to work on /home/airflow/.local/lib/python3.7/site-packages/airflow/example_dags/example_xcom.py
[2022-02-24 20:06:03,926] {processor.py:642} INFO - Processing file /home/airflow/.local/lib/python3.7/site-packages/airflow/example_dags/example_xcom.py for tasks to queue
[2022-02-24 20:06:03,928] {logging_mixin.py:109} INFO - [2022-02-24 20:06:03,928] {dagbag.py:500} INFO - Filling up the DagBag from /home/airflow/.local/lib/python3.7/site-packages/airflow/example_dags/example_xcom.py
[2022-02-24 20:06:03,998] {processor.py:654} INFO - DAG(s) dict_keys(['example_xcom']) retrieved from /home/airflow/.local/lib/python3.7/site-packages/airflow/example_dags/example_xcom.py
[2022-02-24 20:06:05,738] {logging_mixin.py:109} INFO - [2022-02-24 20:06:05,738] {dag.py:2396} INFO - Sync 1 DAGs
[2022-02-24 20:06:05,815] {logging_mixin.py:109} INFO - [2022-02-24 20:06:05,815] {dag.py:2935} INFO - Setting next_dagrun for example_xcom to 2021-01-01T00:00:00+00:00
[2022-02-24 20:06:05,830] {processor.py:171} INFO - Processing /home/airflow/.local/lib/python3.7/site-packages/airflow/example_dags/example_xcom.py took 1.910 seconds
[2022-02-24 20:06:36,693] {processor.py:163} INFO - Started process (PID=633) to work on /home/airflow/.local/lib/python3.7/site-packages/airflow/example_dags/example_xcom.py
[2022-02-24 20:06:36,698] {processor.py:642} INFO - Processing file /home/airflow/.local/lib/python3.7/site-packages/airflow/example_dags/example_xcom.py for tasks to queue
[2022-02-24 20:06:36,703] {logging_mixin.py:109} INFO - [2022-02-24 20:06:36,703] {dagbag.py:500} INFO - Filling up the DagBag from /home/airflow/.local/lib/python3.7/site-packages/airflow/example_dags/example_xcom.py
[2022-02-24 20:06:36,848] {processor.py:654} INFO - DAG(s) dict_keys(['example_xcom']) retrieved from /home/airflow/.local/lib/python3.7/site-packages/airflow/example_dags/example_xcom.py
[2022-02-24 20:06:37,350] {logging_mixin.py:109} INFO - [2022-02-24 20:06:37,350] {dag.py:2396} INFO - Sync 1 DAGs
[2022-02-24 20:06:37,382] {logging_mixin.py:109} INFO - [2022-02-24 20:06:37,382] {dag.py:2935} INFO - Setting next_dagrun for example_xcom to 2021-01-01T00:00:00+00:00
[2022-02-24 20:06:37,399] {processor.py:171} INFO - Processing /home/airflow/.local/lib/python3.7/site-packages/airflow/example_dags/example_xcom.py took 0.710 seconds
[2022-02-24 20:07:08,121] {processor.py:163} INFO - Started process (PID=691) to work on /home/airflow/.local/lib/python3.7/site-packages/airflow/example_dags/example_xcom.py
[2022-02-24 20:07:08,124] {processor.py:642} INFO - Processing file /home/airflow/.local/lib/python3.7/site-packages/airflow/example_dags/example_xcom.py for tasks to queue
[2022-02-24 20:07:08,126] {logging_mixin.py:109} INFO - [2022-02-24 20:07:08,125] {dagbag.py:500} INFO - Filling up the DagBag from /home/airflow/.local/lib/python3.7/site-packages/airflow/example_dags/example_xcom.py
[2022-02-24 20:07:08,182] {processor.py:654} INFO - DAG(s) dict_keys(['example_xcom']) retrieved from /home/airflow/.local/lib/python3.7/site-packages/airflow/example_dags/example_xcom.py
[2022-02-24 20:07:08,528] {logging_mixin.py:109} INFO - [2022-02-24 20:07:08,528] {dag.py:2396} INFO - Sync 1 DAGs
[2022-02-24 20:07:08,543] {logging_mixin.py:109} INFO - [2022-02-24 20:07:08,543] {dag.py:2935} INFO - Setting next_dagrun for example_xcom to 2021-01-01T00:00:00+00:00
[2022-02-24 20:07:08,554] {processor.py:171} INFO - Processing /home/airflow/.local/lib/python3.7/site-packages/airflow/example_dags/example_xcom.py took 0.441 seconds
[2022-02-24 20:07:38,668] {processor.py:163} INFO - Started process (PID=754) to work on /home/airflow/.local/lib/python3.7/site-packages/airflow/example_dags/example_xcom.py
[2022-02-24 20:07:38,672] {processor.py:642} INFO - Processing file /home/airflow/.local/lib/python3.7/site-packages/airflow/example_dags/example_xcom.py for tasks to queue
[2022-02-24 20:07:38,676] {logging_mixin.py:109} INFO - [2022-02-24 20:07:38,676] {dagbag.py:500} INFO - Filling up the DagBag from /home/airflow/.local/lib/python3.7/site-packages/airflow/example_dags/example_xcom.py
[2022-02-24 20:07:38,799] {processor.py:654} INFO - DAG(s) dict_keys(['example_xcom']) retrieved from /home/airflow/.local/lib/python3.7/site-packages/airflow/example_dags/example_xcom.py
[2022-02-24 20:07:39,267] {logging_mixin.py:109} INFO - [2022-02-24 20:07:39,266] {dag.py:2396} INFO - Sync 1 DAGs
[2022-02-24 20:07:39,290] {logging_mixin.py:109} INFO - [2022-02-24 20:07:39,290] {dag.py:2935} INFO - Setting next_dagrun for example_xcom to 2021-01-01T00:00:00+00:00
[2022-02-24 20:07:39,309] {processor.py:171} INFO - Processing /home/airflow/.local/lib/python3.7/site-packages/airflow/example_dags/example_xcom.py took 0.653 seconds
[2022-02-24 20:08:09,933] {processor.py:163} INFO - Started process (PID=818) to work on /home/airflow/.local/lib/python3.7/site-packages/airflow/example_dags/example_xcom.py
[2022-02-24 20:08:09,937] {processor.py:642} INFO - Processing file /home/airflow/.local/lib/python3.7/site-packages/airflow/example_dags/example_xcom.py for tasks to queue
[2022-02-24 20:08:09,941] {logging_mixin.py:109} INFO - [2022-02-24 20:08:09,941] {dagbag.py:500} INFO - Filling up the DagBag from /home/airflow/.local/lib/python3.7/site-packages/airflow/example_dags/example_xcom.py
[2022-02-24 20:08:10,084] {processor.py:654} INFO - DAG(s) dict_keys(['example_xcom']) retrieved from /home/airflow/.local/lib/python3.7/site-packages/airflow/example_dags/example_xcom.py
[2022-02-24 20:08:11,770] {logging_mixin.py:109} INFO - [2022-02-24 20:08:11,770] {dag.py:2396} INFO - Sync 1 DAGs
[2022-02-24 20:08:11,853] {logging_mixin.py:109} INFO - [2022-02-24 20:08:11,853] {dag.py:2935} INFO - Setting next_dagrun for example_xcom to 2021-01-01T00:00:00+00:00
[2022-02-24 20:08:11,898] {processor.py:171} INFO - Processing /home/airflow/.local/lib/python3.7/site-packages/airflow/example_dags/example_xcom.py took 1.978 seconds
[2022-02-24 20:08:42,301] {processor.py:163} INFO - Started process (PID=876) to work on /home/airflow/.local/lib/python3.7/site-packages/airflow/example_dags/example_xcom.py
[2022-02-24 20:08:42,304] {processor.py:642} INFO - Processing file /home/airflow/.local/lib/python3.7/site-packages/airflow/example_dags/example_xcom.py for tasks to queue
[2022-02-24 20:08:42,306] {logging_mixin.py:109} INFO - [2022-02-24 20:08:42,306] {dagbag.py:500} INFO - Filling up the DagBag from /home/airflow/.local/lib/python3.7/site-packages/airflow/example_dags/example_xcom.py
[2022-02-24 20:08:42,353] {processor.py:654} INFO - DAG(s) dict_keys(['example_xcom']) retrieved from /home/airflow/.local/lib/python3.7/site-packages/airflow/example_dags/example_xcom.py
[2022-02-24 20:08:42,626] {logging_mixin.py:109} INFO - [2022-02-24 20:08:42,626] {dag.py:2396} INFO - Sync 1 DAGs
[2022-02-24 20:08:42,649] {logging_mixin.py:109} INFO - [2022-02-24 20:08:42,649] {dag.py:2935} INFO - Setting next_dagrun for example_xcom to 2021-01-01T00:00:00+00:00
[2022-02-24 20:08:42,667] {processor.py:171} INFO - Processing /home/airflow/.local/lib/python3.7/site-packages/airflow/example_dags/example_xcom.py took 0.375 seconds
[2022-02-24 20:09:13,460] {processor.py:163} INFO - Started process (PID=932) to work on /home/airflow/.local/lib/python3.7/site-packages/airflow/example_dags/example_xcom.py
[2022-02-24 20:09:13,463] {processor.py:642} INFO - Processing file /home/airflow/.local/lib/python3.7/site-packages/airflow/example_dags/example_xcom.py for tasks to queue
[2022-02-24 20:09:13,464] {logging_mixin.py:109} INFO - [2022-02-24 20:09:13,464] {dagbag.py:500} INFO - Filling up the DagBag from /home/airflow/.local/lib/python3.7/site-packages/airflow/example_dags/example_xcom.py
[2022-02-24 20:09:13,499] {processor.py:654} INFO - DAG(s) dict_keys(['example_xcom']) retrieved from /home/airflow/.local/lib/python3.7/site-packages/airflow/example_dags/example_xcom.py
[2022-02-24 20:09:13,773] {logging_mixin.py:109} INFO - [2022-02-24 20:09:13,773] {dag.py:2396} INFO - Sync 1 DAGs
[2022-02-24 20:09:13,790] {logging_mixin.py:109} INFO - [2022-02-24 20:09:13,790] {dag.py:2935} INFO - Setting next_dagrun for example_xcom to 2021-01-01T00:00:00+00:00
[2022-02-24 20:09:13,803] {processor.py:171} INFO - Processing /home/airflow/.local/lib/python3.7/site-packages/airflow/example_dags/example_xcom.py took 0.349 seconds
[2022-02-24 20:09:43,879] {processor.py:163} INFO - Started process (PID=987) to work on /home/airflow/.local/lib/python3.7/site-packages/airflow/example_dags/example_xcom.py
[2022-02-24 20:09:43,886] {processor.py:642} INFO - Processing file /home/airflow/.local/lib/python3.7/site-packages/airflow/example_dags/example_xcom.py for tasks to queue
[2022-02-24 20:09:43,891] {logging_mixin.py:109} INFO - [2022-02-24 20:09:43,890] {dagbag.py:500} INFO - Filling up the DagBag from /home/airflow/.local/lib/python3.7/site-packages/airflow/example_dags/example_xcom.py
[2022-02-24 20:09:44,017] {processor.py:654} INFO - DAG(s) dict_keys(['example_xcom']) retrieved from /home/airflow/.local/lib/python3.7/site-packages/airflow/example_dags/example_xcom.py
[2022-02-24 20:09:45,297] {logging_mixin.py:109} INFO - [2022-02-24 20:09:45,296] {dag.py:2396} INFO - Sync 1 DAGs
[2022-02-24 20:09:45,502] {logging_mixin.py:109} INFO - [2022-02-24 20:09:45,502] {dag.py:2935} INFO - Setting next_dagrun for example_xcom to 2021-01-01T00:00:00+00:00
[2022-02-24 20:09:45,665] {processor.py:171} INFO - Processing /home/airflow/.local/lib/python3.7/site-packages/airflow/example_dags/example_xcom.py took 1.799 seconds
[2022-02-24 20:10:16,706] {processor.py:163} INFO - Started process (PID=1051) to work on /home/airflow/.local/lib/python3.7/site-packages/airflow/example_dags/example_xcom.py
[2022-02-24 20:10:16,708] {processor.py:642} INFO - Processing file /home/airflow/.local/lib/python3.7/site-packages/airflow/example_dags/example_xcom.py for tasks to queue
[2022-02-24 20:10:16,714] {logging_mixin.py:109} INFO - [2022-02-24 20:10:16,714] {dagbag.py:500} INFO - Filling up the DagBag from /home/airflow/.local/lib/python3.7/site-packages/airflow/example_dags/example_xcom.py
[2022-02-24 20:10:16,818] {processor.py:654} INFO - DAG(s) dict_keys(['example_xcom']) retrieved from /home/airflow/.local/lib/python3.7/site-packages/airflow/example_dags/example_xcom.py
[2022-02-24 20:10:17,366] {logging_mixin.py:109} INFO - [2022-02-24 20:10:17,366] {dag.py:2396} INFO - Sync 1 DAGs
[2022-02-24 20:10:17,388] {logging_mixin.py:109} INFO - [2022-02-24 20:10:17,387] {dag.py:2935} INFO - Setting next_dagrun for example_xcom to 2021-01-01T00:00:00+00:00
[2022-02-24 20:10:17,404] {processor.py:171} INFO - Processing /home/airflow/.local/lib/python3.7/site-packages/airflow/example_dags/example_xcom.py took 0.706 seconds
[2022-02-24 20:10:47,679] {processor.py:163} INFO - Started process (PID=1110) to work on /home/airflow/.local/lib/python3.7/site-packages/airflow/example_dags/example_xcom.py
[2022-02-24 20:10:47,686] {processor.py:642} INFO - Processing file /home/airflow/.local/lib/python3.7/site-packages/airflow/example_dags/example_xcom.py for tasks to queue
[2022-02-24 20:10:47,697] {logging_mixin.py:109} INFO - [2022-02-24 20:10:47,697] {dagbag.py:500} INFO - Filling up the DagBag from /home/airflow/.local/lib/python3.7/site-packages/airflow/example_dags/example_xcom.py
[2022-02-24 20:10:48,031] {processor.py:654} INFO - DAG(s) dict_keys(['example_xcom']) retrieved from /home/airflow/.local/lib/python3.7/site-packages/airflow/example_dags/example_xcom.py
[2022-02-24 20:10:49,060] {logging_mixin.py:109} INFO - [2022-02-24 20:10:49,060] {dag.py:2396} INFO - Sync 1 DAGs
[2022-02-24 20:10:49,111] {logging_mixin.py:109} INFO - [2022-02-24 20:10:49,110] {dag.py:2935} INFO - Setting next_dagrun for example_xcom to 2021-01-01T00:00:00+00:00
[2022-02-24 20:10:49,144] {processor.py:171} INFO - Processing /home/airflow/.local/lib/python3.7/site-packages/airflow/example_dags/example_xcom.py took 1.495 seconds
[2022-02-24 20:11:19,631] {processor.py:163} INFO - Started process (PID=1164) to work on /home/airflow/.local/lib/python3.7/site-packages/airflow/example_dags/example_xcom.py
[2022-02-24 20:11:19,633] {processor.py:642} INFO - Processing file /home/airflow/.local/lib/python3.7/site-packages/airflow/example_dags/example_xcom.py for tasks to queue
[2022-02-24 20:11:19,635] {logging_mixin.py:109} INFO - [2022-02-24 20:11:19,635] {dagbag.py:500} INFO - Filling up the DagBag from /home/airflow/.local/lib/python3.7/site-packages/airflow/example_dags/example_xcom.py
[2022-02-24 20:11:19,682] {processor.py:654} INFO - DAG(s) dict_keys(['example_xcom']) retrieved from /home/airflow/.local/lib/python3.7/site-packages/airflow/example_dags/example_xcom.py
[2022-02-24 20:11:20,138] {logging_mixin.py:109} INFO - [2022-02-24 20:11:20,138] {dag.py:2396} INFO - Sync 1 DAGs
[2022-02-24 20:11:20,156] {logging_mixin.py:109} INFO - [2022-02-24 20:11:20,156] {dag.py:2935} INFO - Setting next_dagrun for example_xcom to 2021-01-01T00:00:00+00:00
[2022-02-24 20:11:20,170] {processor.py:171} INFO - Processing /home/airflow/.local/lib/python3.7/site-packages/airflow/example_dags/example_xcom.py took 0.543 seconds
[2022-02-24 20:11:50,263] {processor.py:163} INFO - Started process (PID=1221) to work on /home/airflow/.local/lib/python3.7/site-packages/airflow/example_dags/example_xcom.py
[2022-02-24 20:11:50,268] {processor.py:642} INFO - Processing file /home/airflow/.local/lib/python3.7/site-packages/airflow/example_dags/example_xcom.py for tasks to queue
[2022-02-24 20:11:50,269] {logging_mixin.py:109} INFO - [2022-02-24 20:11:50,269] {dagbag.py:500} INFO - Filling up the DagBag from /home/airflow/.local/lib/python3.7/site-packages/airflow/example_dags/example_xcom.py
[2022-02-24 20:11:50,345] {processor.py:654} INFO - DAG(s) dict_keys(['example_xcom']) retrieved from /home/airflow/.local/lib/python3.7/site-packages/airflow/example_dags/example_xcom.py
[2022-02-24 20:11:50,707] {logging_mixin.py:109} INFO - [2022-02-24 20:11:50,707] {dag.py:2396} INFO - Sync 1 DAGs
[2022-02-24 20:11:50,726] {logging_mixin.py:109} INFO - [2022-02-24 20:11:50,726] {dag.py:2935} INFO - Setting next_dagrun for example_xcom to 2021-01-01T00:00:00+00:00
[2022-02-24 20:11:50,750] {processor.py:171} INFO - Processing /home/airflow/.local/lib/python3.7/site-packages/airflow/example_dags/example_xcom.py took 0.490 seconds
