[2022-02-24 19:53:45,182] {processor.py:163} INFO - Started process (PID=183) to work on /home/airflow/.local/lib/python3.7/site-packages/airflow/example_dags/example_dag_decorator.py
[2022-02-24 19:53:45,190] {processor.py:642} INFO - Processing file /home/airflow/.local/lib/python3.7/site-packages/airflow/example_dags/example_dag_decorator.py for tasks to queue
[2022-02-24 19:53:45,197] {logging_mixin.py:109} INFO - [2022-02-24 19:53:45,195] {dagbag.py:500} INFO - Filling up the DagBag from /home/airflow/.local/lib/python3.7/site-packages/airflow/example_dags/example_dag_decorator.py
[2022-02-24 19:53:45,287] {processor.py:654} INFO - DAG(s) dict_keys(['example_dag_decorator']) retrieved from /home/airflow/.local/lib/python3.7/site-packages/airflow/example_dags/example_dag_decorator.py
[2022-02-24 19:53:52,695] {logging_mixin.py:109} INFO - [2022-02-24 19:53:52,695] {manager.py:496} INFO - Created Permission View: can read on DAG:example_dag_decorator
[2022-02-24 19:53:52,711] {logging_mixin.py:109} INFO - [2022-02-24 19:53:52,711] {manager.py:496} INFO - Created Permission View: can edit on DAG:example_dag_decorator
[2022-02-24 19:53:52,713] {logging_mixin.py:109} INFO - [2022-02-24 19:53:52,713] {dag.py:2396} INFO - Sync 1 DAGs
[2022-02-24 19:53:52,736] {logging_mixin.py:109} INFO - [2022-02-24 19:53:52,736] {dag.py:2415} INFO - Creating ORM DAG for example_dag_decorator
[2022-02-24 19:53:52,750] {logging_mixin.py:109} INFO - [2022-02-24 19:53:52,750] {dag.py:2935} INFO - Setting next_dagrun for example_dag_decorator to None
[2022-02-24 19:53:52,785] {processor.py:171} INFO - Processing /home/airflow/.local/lib/python3.7/site-packages/airflow/example_dags/example_dag_decorator.py took 7.623 seconds
[2022-02-24 19:54:23,580] {processor.py:163} INFO - Started process (PID=272) to work on /home/airflow/.local/lib/python3.7/site-packages/airflow/example_dags/example_dag_decorator.py
[2022-02-24 19:54:23,582] {processor.py:642} INFO - Processing file /home/airflow/.local/lib/python3.7/site-packages/airflow/example_dags/example_dag_decorator.py for tasks to queue
[2022-02-24 19:54:23,586] {logging_mixin.py:109} INFO - [2022-02-24 19:54:23,586] {dagbag.py:500} INFO - Filling up the DagBag from /home/airflow/.local/lib/python3.7/site-packages/airflow/example_dags/example_dag_decorator.py
[2022-02-24 19:54:23,728] {processor.py:654} INFO - DAG(s) dict_keys(['example_dag_decorator']) retrieved from /home/airflow/.local/lib/python3.7/site-packages/airflow/example_dags/example_dag_decorator.py
[2022-02-24 19:54:24,155] {logging_mixin.py:109} INFO - [2022-02-24 19:54:24,155] {dag.py:2396} INFO - Sync 1 DAGs
[2022-02-24 19:54:24,173] {logging_mixin.py:109} INFO - [2022-02-24 19:54:24,173] {dag.py:2935} INFO - Setting next_dagrun for example_dag_decorator to None
[2022-02-24 19:54:24,184] {processor.py:171} INFO - Processing /home/airflow/.local/lib/python3.7/site-packages/airflow/example_dags/example_dag_decorator.py took 0.607 seconds
[2022-02-24 19:54:54,435] {processor.py:163} INFO - Started process (PID=335) to work on /home/airflow/.local/lib/python3.7/site-packages/airflow/example_dags/example_dag_decorator.py
[2022-02-24 19:54:54,442] {processor.py:642} INFO - Processing file /home/airflow/.local/lib/python3.7/site-packages/airflow/example_dags/example_dag_decorator.py for tasks to queue
[2022-02-24 19:54:54,446] {logging_mixin.py:109} INFO - [2022-02-24 19:54:54,445] {dagbag.py:500} INFO - Filling up the DagBag from /home/airflow/.local/lib/python3.7/site-packages/airflow/example_dags/example_dag_decorator.py
[2022-02-24 19:54:54,535] {processor.py:654} INFO - DAG(s) dict_keys(['example_dag_decorator']) retrieved from /home/airflow/.local/lib/python3.7/site-packages/airflow/example_dags/example_dag_decorator.py
[2022-02-24 19:54:55,448] {logging_mixin.py:109} INFO - [2022-02-24 19:54:55,448] {dag.py:2396} INFO - Sync 1 DAGs
[2022-02-24 19:54:55,466] {logging_mixin.py:109} INFO - [2022-02-24 19:54:55,465] {dag.py:2935} INFO - Setting next_dagrun for example_dag_decorator to None
[2022-02-24 19:54:55,482] {processor.py:171} INFO - Processing /home/airflow/.local/lib/python3.7/site-packages/airflow/example_dags/example_dag_decorator.py took 1.058 seconds
[2022-02-24 19:55:25,567] {processor.py:163} INFO - Started process (PID=389) to work on /home/airflow/.local/lib/python3.7/site-packages/airflow/example_dags/example_dag_decorator.py
[2022-02-24 19:55:25,576] {processor.py:642} INFO - Processing file /home/airflow/.local/lib/python3.7/site-packages/airflow/example_dags/example_dag_decorator.py for tasks to queue
[2022-02-24 19:55:25,579] {logging_mixin.py:109} INFO - [2022-02-24 19:55:25,579] {dagbag.py:500} INFO - Filling up the DagBag from /home/airflow/.local/lib/python3.7/site-packages/airflow/example_dags/example_dag_decorator.py
[2022-02-24 19:55:25,688] {processor.py:654} INFO - DAG(s) dict_keys(['example_dag_decorator']) retrieved from /home/airflow/.local/lib/python3.7/site-packages/airflow/example_dags/example_dag_decorator.py
[2022-02-24 19:55:26,055] {logging_mixin.py:109} INFO - [2022-02-24 19:55:26,055] {dag.py:2396} INFO - Sync 1 DAGs
[2022-02-24 19:55:26,067] {logging_mixin.py:109} INFO - [2022-02-24 19:55:26,067] {dag.py:2935} INFO - Setting next_dagrun for example_dag_decorator to None
[2022-02-24 19:55:26,077] {processor.py:171} INFO - Processing /home/airflow/.local/lib/python3.7/site-packages/airflow/example_dags/example_dag_decorator.py took 0.513 seconds
[2022-02-24 19:55:56,222] {processor.py:163} INFO - Started process (PID=451) to work on /home/airflow/.local/lib/python3.7/site-packages/airflow/example_dags/example_dag_decorator.py
[2022-02-24 19:55:56,224] {processor.py:642} INFO - Processing file /home/airflow/.local/lib/python3.7/site-packages/airflow/example_dags/example_dag_decorator.py for tasks to queue
[2022-02-24 19:55:56,225] {logging_mixin.py:109} INFO - [2022-02-24 19:55:56,225] {dagbag.py:500} INFO - Filling up the DagBag from /home/airflow/.local/lib/python3.7/site-packages/airflow/example_dags/example_dag_decorator.py
[2022-02-24 19:55:56,265] {processor.py:654} INFO - DAG(s) dict_keys(['example_dag_decorator']) retrieved from /home/airflow/.local/lib/python3.7/site-packages/airflow/example_dags/example_dag_decorator.py
[2022-02-24 19:55:56,604] {logging_mixin.py:109} INFO - [2022-02-24 19:55:56,604] {dag.py:2396} INFO - Sync 1 DAGs
[2022-02-24 19:55:56,636] {logging_mixin.py:109} INFO - [2022-02-24 19:55:56,636] {dag.py:2935} INFO - Setting next_dagrun for example_dag_decorator to None
[2022-02-24 19:55:56,656] {processor.py:171} INFO - Processing /home/airflow/.local/lib/python3.7/site-packages/airflow/example_dags/example_dag_decorator.py took 0.438 seconds
[2022-02-24 19:56:27,414] {processor.py:163} INFO - Started process (PID=504) to work on /home/airflow/.local/lib/python3.7/site-packages/airflow/example_dags/example_dag_decorator.py
[2022-02-24 19:56:27,416] {processor.py:642} INFO - Processing file /home/airflow/.local/lib/python3.7/site-packages/airflow/example_dags/example_dag_decorator.py for tasks to queue
[2022-02-24 19:56:27,417] {logging_mixin.py:109} INFO - [2022-02-24 19:56:27,416] {dagbag.py:500} INFO - Filling up the DagBag from /home/airflow/.local/lib/python3.7/site-packages/airflow/example_dags/example_dag_decorator.py
[2022-02-24 19:56:27,456] {processor.py:654} INFO - DAG(s) dict_keys(['example_dag_decorator']) retrieved from /home/airflow/.local/lib/python3.7/site-packages/airflow/example_dags/example_dag_decorator.py
[2022-02-24 19:56:27,789] {logging_mixin.py:109} INFO - [2022-02-24 19:56:27,789] {dag.py:2396} INFO - Sync 1 DAGs
[2022-02-24 19:56:27,802] {logging_mixin.py:109} INFO - [2022-02-24 19:56:27,802] {dag.py:2935} INFO - Setting next_dagrun for example_dag_decorator to None
[2022-02-24 19:56:27,812] {processor.py:171} INFO - Processing /home/airflow/.local/lib/python3.7/site-packages/airflow/example_dags/example_dag_decorator.py took 0.406 seconds
[2022-02-24 19:56:57,868] {processor.py:163} INFO - Started process (PID=559) to work on /home/airflow/.local/lib/python3.7/site-packages/airflow/example_dags/example_dag_decorator.py
[2022-02-24 19:56:57,870] {processor.py:642} INFO - Processing file /home/airflow/.local/lib/python3.7/site-packages/airflow/example_dags/example_dag_decorator.py for tasks to queue
[2022-02-24 19:56:57,871] {logging_mixin.py:109} INFO - [2022-02-24 19:56:57,871] {dagbag.py:500} INFO - Filling up the DagBag from /home/airflow/.local/lib/python3.7/site-packages/airflow/example_dags/example_dag_decorator.py
[2022-02-24 19:56:57,908] {processor.py:654} INFO - DAG(s) dict_keys(['example_dag_decorator']) retrieved from /home/airflow/.local/lib/python3.7/site-packages/airflow/example_dags/example_dag_decorator.py
[2022-02-24 19:56:58,284] {logging_mixin.py:109} INFO - [2022-02-24 19:56:58,284] {dag.py:2396} INFO - Sync 1 DAGs
[2022-02-24 19:56:58,298] {logging_mixin.py:109} INFO - [2022-02-24 19:56:58,298] {dag.py:2935} INFO - Setting next_dagrun for example_dag_decorator to None
[2022-02-24 19:56:58,308] {processor.py:171} INFO - Processing /home/airflow/.local/lib/python3.7/site-packages/airflow/example_dags/example_dag_decorator.py took 0.444 seconds
[2022-02-24 19:57:28,436] {processor.py:163} INFO - Started process (PID=625) to work on /home/airflow/.local/lib/python3.7/site-packages/airflow/example_dags/example_dag_decorator.py
[2022-02-24 19:57:28,439] {processor.py:642} INFO - Processing file /home/airflow/.local/lib/python3.7/site-packages/airflow/example_dags/example_dag_decorator.py for tasks to queue
[2022-02-24 19:57:28,440] {logging_mixin.py:109} INFO - [2022-02-24 19:57:28,440] {dagbag.py:500} INFO - Filling up the DagBag from /home/airflow/.local/lib/python3.7/site-packages/airflow/example_dags/example_dag_decorator.py
[2022-02-24 19:57:28,478] {processor.py:654} INFO - DAG(s) dict_keys(['example_dag_decorator']) retrieved from /home/airflow/.local/lib/python3.7/site-packages/airflow/example_dags/example_dag_decorator.py
[2022-02-24 19:57:28,964] {logging_mixin.py:109} INFO - [2022-02-24 19:57:28,964] {dag.py:2396} INFO - Sync 1 DAGs
[2022-02-24 19:57:28,985] {logging_mixin.py:109} INFO - [2022-02-24 19:57:28,985] {dag.py:2935} INFO - Setting next_dagrun for example_dag_decorator to None
[2022-02-24 19:57:28,995] {processor.py:171} INFO - Processing /home/airflow/.local/lib/python3.7/site-packages/airflow/example_dags/example_dag_decorator.py took 0.564 seconds
[2022-02-24 19:57:59,351] {processor.py:163} INFO - Started process (PID=680) to work on /home/airflow/.local/lib/python3.7/site-packages/airflow/example_dags/example_dag_decorator.py
[2022-02-24 19:57:59,354] {processor.py:642} INFO - Processing file /home/airflow/.local/lib/python3.7/site-packages/airflow/example_dags/example_dag_decorator.py for tasks to queue
[2022-02-24 19:57:59,355] {logging_mixin.py:109} INFO - [2022-02-24 19:57:59,355] {dagbag.py:500} INFO - Filling up the DagBag from /home/airflow/.local/lib/python3.7/site-packages/airflow/example_dags/example_dag_decorator.py
[2022-02-24 19:57:59,412] {processor.py:654} INFO - DAG(s) dict_keys(['example_dag_decorator']) retrieved from /home/airflow/.local/lib/python3.7/site-packages/airflow/example_dags/example_dag_decorator.py
[2022-02-24 19:57:59,708] {logging_mixin.py:109} INFO - [2022-02-24 19:57:59,708] {dag.py:2396} INFO - Sync 1 DAGs
[2022-02-24 19:57:59,726] {logging_mixin.py:109} INFO - [2022-02-24 19:57:59,726] {dag.py:2935} INFO - Setting next_dagrun for example_dag_decorator to None
[2022-02-24 19:57:59,740] {processor.py:171} INFO - Processing /home/airflow/.local/lib/python3.7/site-packages/airflow/example_dags/example_dag_decorator.py took 0.395 seconds
[2022-02-24 20:01:24,145] {processor.py:163} INFO - Started process (PID=70) to work on /home/airflow/.local/lib/python3.7/site-packages/airflow/example_dags/example_dag_decorator.py
[2022-02-24 20:01:24,152] {processor.py:642} INFO - Processing file /home/airflow/.local/lib/python3.7/site-packages/airflow/example_dags/example_dag_decorator.py for tasks to queue
[2022-02-24 20:01:24,156] {logging_mixin.py:109} INFO - [2022-02-24 20:01:24,156] {dagbag.py:500} INFO - Filling up the DagBag from /home/airflow/.local/lib/python3.7/site-packages/airflow/example_dags/example_dag_decorator.py
[2022-02-24 20:01:24,427] {processor.py:654} INFO - DAG(s) dict_keys(['example_dag_decorator']) retrieved from /home/airflow/.local/lib/python3.7/site-packages/airflow/example_dags/example_dag_decorator.py
[2022-02-24 20:01:25,573] {logging_mixin.py:109} INFO - [2022-02-24 20:01:25,573] {dag.py:2396} INFO - Sync 1 DAGs
[2022-02-24 20:01:25,649] {logging_mixin.py:109} INFO - [2022-02-24 20:01:25,649] {dag.py:2935} INFO - Setting next_dagrun for example_dag_decorator to None
[2022-02-24 20:01:25,769] {processor.py:171} INFO - Processing /home/airflow/.local/lib/python3.7/site-packages/airflow/example_dags/example_dag_decorator.py took 1.679 seconds
[2022-02-24 20:01:55,937] {processor.py:163} INFO - Started process (PID=123) to work on /home/airflow/.local/lib/python3.7/site-packages/airflow/example_dags/example_dag_decorator.py
[2022-02-24 20:01:55,951] {processor.py:642} INFO - Processing file /home/airflow/.local/lib/python3.7/site-packages/airflow/example_dags/example_dag_decorator.py for tasks to queue
[2022-02-24 20:01:55,964] {logging_mixin.py:109} INFO - [2022-02-24 20:01:55,963] {dagbag.py:500} INFO - Filling up the DagBag from /home/airflow/.local/lib/python3.7/site-packages/airflow/example_dags/example_dag_decorator.py
[2022-02-24 20:01:56,172] {processor.py:654} INFO - DAG(s) dict_keys(['example_dag_decorator']) retrieved from /home/airflow/.local/lib/python3.7/site-packages/airflow/example_dags/example_dag_decorator.py
[2022-02-24 20:01:57,770] {logging_mixin.py:109} INFO - [2022-02-24 20:01:57,770] {dag.py:2396} INFO - Sync 1 DAGs
[2022-02-24 20:01:57,863] {logging_mixin.py:109} INFO - [2022-02-24 20:01:57,863] {dag.py:2935} INFO - Setting next_dagrun for example_dag_decorator to None
[2022-02-24 20:01:57,908] {processor.py:171} INFO - Processing /home/airflow/.local/lib/python3.7/site-packages/airflow/example_dags/example_dag_decorator.py took 1.974 seconds
[2022-02-24 20:02:28,344] {processor.py:163} INFO - Started process (PID=192) to work on /home/airflow/.local/lib/python3.7/site-packages/airflow/example_dags/example_dag_decorator.py
[2022-02-24 20:02:28,346] {processor.py:642} INFO - Processing file /home/airflow/.local/lib/python3.7/site-packages/airflow/example_dags/example_dag_decorator.py for tasks to queue
[2022-02-24 20:02:28,348] {logging_mixin.py:109} INFO - [2022-02-24 20:02:28,348] {dagbag.py:500} INFO - Filling up the DagBag from /home/airflow/.local/lib/python3.7/site-packages/airflow/example_dags/example_dag_decorator.py
[2022-02-24 20:02:28,424] {processor.py:654} INFO - DAG(s) dict_keys(['example_dag_decorator']) retrieved from /home/airflow/.local/lib/python3.7/site-packages/airflow/example_dags/example_dag_decorator.py
[2022-02-24 20:02:29,956] {logging_mixin.py:109} INFO - [2022-02-24 20:02:29,955] {dag.py:2396} INFO - Sync 1 DAGs
[2022-02-24 20:02:30,069] {logging_mixin.py:109} INFO - [2022-02-24 20:02:30,069] {dag.py:2935} INFO - Setting next_dagrun for example_dag_decorator to None
[2022-02-24 20:02:30,172] {processor.py:171} INFO - Processing /home/airflow/.local/lib/python3.7/site-packages/airflow/example_dags/example_dag_decorator.py took 1.832 seconds
[2022-02-24 20:03:00,769] {processor.py:163} INFO - Started process (PID=243) to work on /home/airflow/.local/lib/python3.7/site-packages/airflow/example_dags/example_dag_decorator.py
[2022-02-24 20:03:00,776] {processor.py:642} INFO - Processing file /home/airflow/.local/lib/python3.7/site-packages/airflow/example_dags/example_dag_decorator.py for tasks to queue
[2022-02-24 20:03:00,780] {logging_mixin.py:109} INFO - [2022-02-24 20:03:00,779] {dagbag.py:500} INFO - Filling up the DagBag from /home/airflow/.local/lib/python3.7/site-packages/airflow/example_dags/example_dag_decorator.py
[2022-02-24 20:03:00,868] {processor.py:654} INFO - DAG(s) dict_keys(['example_dag_decorator']) retrieved from /home/airflow/.local/lib/python3.7/site-packages/airflow/example_dags/example_dag_decorator.py
[2022-02-24 20:03:01,362] {logging_mixin.py:109} INFO - [2022-02-24 20:03:01,362] {dag.py:2396} INFO - Sync 1 DAGs
[2022-02-24 20:03:01,383] {logging_mixin.py:109} INFO - [2022-02-24 20:03:01,383] {dag.py:2935} INFO - Setting next_dagrun for example_dag_decorator to None
[2022-02-24 20:03:01,410] {processor.py:171} INFO - Processing /home/airflow/.local/lib/python3.7/site-packages/airflow/example_dags/example_dag_decorator.py took 0.645 seconds
[2022-02-24 20:03:31,495] {processor.py:163} INFO - Started process (PID=298) to work on /home/airflow/.local/lib/python3.7/site-packages/airflow/example_dags/example_dag_decorator.py
[2022-02-24 20:03:31,499] {processor.py:642} INFO - Processing file /home/airflow/.local/lib/python3.7/site-packages/airflow/example_dags/example_dag_decorator.py for tasks to queue
[2022-02-24 20:03:31,502] {logging_mixin.py:109} INFO - [2022-02-24 20:03:31,501] {dagbag.py:500} INFO - Filling up the DagBag from /home/airflow/.local/lib/python3.7/site-packages/airflow/example_dags/example_dag_decorator.py
[2022-02-24 20:03:31,615] {processor.py:654} INFO - DAG(s) dict_keys(['example_dag_decorator']) retrieved from /home/airflow/.local/lib/python3.7/site-packages/airflow/example_dags/example_dag_decorator.py
[2022-02-24 20:03:32,024] {logging_mixin.py:109} INFO - [2022-02-24 20:03:32,024] {dag.py:2396} INFO - Sync 1 DAGs
[2022-02-24 20:03:32,044] {logging_mixin.py:109} INFO - [2022-02-24 20:03:32,044] {dag.py:2935} INFO - Setting next_dagrun for example_dag_decorator to None
[2022-02-24 20:03:32,054] {processor.py:171} INFO - Processing /home/airflow/.local/lib/python3.7/site-packages/airflow/example_dags/example_dag_decorator.py took 0.565 seconds
[2022-02-24 20:04:02,223] {processor.py:163} INFO - Started process (PID=357) to work on /home/airflow/.local/lib/python3.7/site-packages/airflow/example_dags/example_dag_decorator.py
[2022-02-24 20:04:02,228] {processor.py:642} INFO - Processing file /home/airflow/.local/lib/python3.7/site-packages/airflow/example_dags/example_dag_decorator.py for tasks to queue
[2022-02-24 20:04:02,231] {logging_mixin.py:109} INFO - [2022-02-24 20:04:02,230] {dagbag.py:500} INFO - Filling up the DagBag from /home/airflow/.local/lib/python3.7/site-packages/airflow/example_dags/example_dag_decorator.py
[2022-02-24 20:04:02,273] {processor.py:654} INFO - DAG(s) dict_keys(['example_dag_decorator']) retrieved from /home/airflow/.local/lib/python3.7/site-packages/airflow/example_dags/example_dag_decorator.py
[2022-02-24 20:04:02,754] {logging_mixin.py:109} INFO - [2022-02-24 20:04:02,754] {dag.py:2396} INFO - Sync 1 DAGs
[2022-02-24 20:04:02,771] {logging_mixin.py:109} INFO - [2022-02-24 20:04:02,771] {dag.py:2935} INFO - Setting next_dagrun for example_dag_decorator to None
[2022-02-24 20:04:02,787] {processor.py:171} INFO - Processing /home/airflow/.local/lib/python3.7/site-packages/airflow/example_dags/example_dag_decorator.py took 0.580 seconds
[2022-02-24 20:04:32,852] {processor.py:163} INFO - Started process (PID=409) to work on /home/airflow/.local/lib/python3.7/site-packages/airflow/example_dags/example_dag_decorator.py
[2022-02-24 20:04:32,857] {processor.py:642} INFO - Processing file /home/airflow/.local/lib/python3.7/site-packages/airflow/example_dags/example_dag_decorator.py for tasks to queue
[2022-02-24 20:04:32,860] {logging_mixin.py:109} INFO - [2022-02-24 20:04:32,860] {dagbag.py:500} INFO - Filling up the DagBag from /home/airflow/.local/lib/python3.7/site-packages/airflow/example_dags/example_dag_decorator.py
[2022-02-24 20:04:32,939] {processor.py:654} INFO - DAG(s) dict_keys(['example_dag_decorator']) retrieved from /home/airflow/.local/lib/python3.7/site-packages/airflow/example_dags/example_dag_decorator.py
[2022-02-24 20:04:33,242] {logging_mixin.py:109} INFO - [2022-02-24 20:04:33,242] {dag.py:2396} INFO - Sync 1 DAGs
[2022-02-24 20:04:33,257] {logging_mixin.py:109} INFO - [2022-02-24 20:04:33,257] {dag.py:2935} INFO - Setting next_dagrun for example_dag_decorator to None
[2022-02-24 20:04:33,267] {processor.py:171} INFO - Processing /home/airflow/.local/lib/python3.7/site-packages/airflow/example_dags/example_dag_decorator.py took 0.425 seconds
[2022-02-24 20:05:03,480] {processor.py:163} INFO - Started process (PID=466) to work on /home/airflow/.local/lib/python3.7/site-packages/airflow/example_dags/example_dag_decorator.py
[2022-02-24 20:05:03,485] {processor.py:642} INFO - Processing file /home/airflow/.local/lib/python3.7/site-packages/airflow/example_dags/example_dag_decorator.py for tasks to queue
[2022-02-24 20:05:03,488] {logging_mixin.py:109} INFO - [2022-02-24 20:05:03,487] {dagbag.py:500} INFO - Filling up the DagBag from /home/airflow/.local/lib/python3.7/site-packages/airflow/example_dags/example_dag_decorator.py
[2022-02-24 20:05:03,582] {processor.py:654} INFO - DAG(s) dict_keys(['example_dag_decorator']) retrieved from /home/airflow/.local/lib/python3.7/site-packages/airflow/example_dags/example_dag_decorator.py
[2022-02-24 20:05:04,608] {logging_mixin.py:109} INFO - [2022-02-24 20:05:04,608] {dag.py:2396} INFO - Sync 1 DAGs
[2022-02-24 20:05:04,644] {logging_mixin.py:109} INFO - [2022-02-24 20:05:04,644] {dag.py:2935} INFO - Setting next_dagrun for example_dag_decorator to None
[2022-02-24 20:05:04,671] {processor.py:171} INFO - Processing /home/airflow/.local/lib/python3.7/site-packages/airflow/example_dags/example_dag_decorator.py took 1.198 seconds
[2022-02-24 20:05:35,294] {processor.py:163} INFO - Started process (PID=528) to work on /home/airflow/.local/lib/python3.7/site-packages/airflow/example_dags/example_dag_decorator.py
[2022-02-24 20:05:35,300] {processor.py:642} INFO - Processing file /home/airflow/.local/lib/python3.7/site-packages/airflow/example_dags/example_dag_decorator.py for tasks to queue
[2022-02-24 20:05:35,301] {logging_mixin.py:109} INFO - [2022-02-24 20:05:35,301] {dagbag.py:500} INFO - Filling up the DagBag from /home/airflow/.local/lib/python3.7/site-packages/airflow/example_dags/example_dag_decorator.py
[2022-02-24 20:05:35,400] {processor.py:654} INFO - DAG(s) dict_keys(['example_dag_decorator']) retrieved from /home/airflow/.local/lib/python3.7/site-packages/airflow/example_dags/example_dag_decorator.py
[2022-02-24 20:05:36,316] {logging_mixin.py:109} INFO - [2022-02-24 20:05:36,316] {dag.py:2396} INFO - Sync 1 DAGs
[2022-02-24 20:05:36,341] {logging_mixin.py:109} INFO - [2022-02-24 20:05:36,341] {dag.py:2935} INFO - Setting next_dagrun for example_dag_decorator to None
[2022-02-24 20:05:36,366] {processor.py:171} INFO - Processing /home/airflow/.local/lib/python3.7/site-packages/airflow/example_dags/example_dag_decorator.py took 1.083 seconds
[2022-02-24 20:06:06,631] {processor.py:163} INFO - Started process (PID=584) to work on /home/airflow/.local/lib/python3.7/site-packages/airflow/example_dags/example_dag_decorator.py
[2022-02-24 20:06:06,644] {processor.py:642} INFO - Processing file /home/airflow/.local/lib/python3.7/site-packages/airflow/example_dags/example_dag_decorator.py for tasks to queue
[2022-02-24 20:06:06,646] {logging_mixin.py:109} INFO - [2022-02-24 20:06:06,646] {dagbag.py:500} INFO - Filling up the DagBag from /home/airflow/.local/lib/python3.7/site-packages/airflow/example_dags/example_dag_decorator.py
[2022-02-24 20:06:06,780] {processor.py:654} INFO - DAG(s) dict_keys(['example_dag_decorator']) retrieved from /home/airflow/.local/lib/python3.7/site-packages/airflow/example_dags/example_dag_decorator.py
[2022-02-24 20:06:07,515] {logging_mixin.py:109} INFO - [2022-02-24 20:06:07,514] {dag.py:2396} INFO - Sync 1 DAGs
[2022-02-24 20:06:07,539] {logging_mixin.py:109} INFO - [2022-02-24 20:06:07,539] {dag.py:2935} INFO - Setting next_dagrun for example_dag_decorator to None
[2022-02-24 20:06:07,570] {processor.py:171} INFO - Processing /home/airflow/.local/lib/python3.7/site-packages/airflow/example_dags/example_dag_decorator.py took 0.973 seconds
[2022-02-24 20:06:37,777] {processor.py:163} INFO - Started process (PID=639) to work on /home/airflow/.local/lib/python3.7/site-packages/airflow/example_dags/example_dag_decorator.py
[2022-02-24 20:06:37,779] {processor.py:642} INFO - Processing file /home/airflow/.local/lib/python3.7/site-packages/airflow/example_dags/example_dag_decorator.py for tasks to queue
[2022-02-24 20:06:37,781] {logging_mixin.py:109} INFO - [2022-02-24 20:06:37,781] {dagbag.py:500} INFO - Filling up the DagBag from /home/airflow/.local/lib/python3.7/site-packages/airflow/example_dags/example_dag_decorator.py
[2022-02-24 20:06:37,854] {processor.py:654} INFO - DAG(s) dict_keys(['example_dag_decorator']) retrieved from /home/airflow/.local/lib/python3.7/site-packages/airflow/example_dags/example_dag_decorator.py
[2022-02-24 20:06:38,517] {logging_mixin.py:109} INFO - [2022-02-24 20:06:38,517] {dag.py:2396} INFO - Sync 1 DAGs
[2022-02-24 20:06:38,546] {logging_mixin.py:109} INFO - [2022-02-24 20:06:38,546] {dag.py:2935} INFO - Setting next_dagrun for example_dag_decorator to None
[2022-02-24 20:06:38,570] {processor.py:171} INFO - Processing /home/airflow/.local/lib/python3.7/site-packages/airflow/example_dags/example_dag_decorator.py took 0.795 seconds
[2022-02-24 20:07:08,697] {processor.py:163} INFO - Started process (PID=697) to work on /home/airflow/.local/lib/python3.7/site-packages/airflow/example_dags/example_dag_decorator.py
[2022-02-24 20:07:08,699] {processor.py:642} INFO - Processing file /home/airflow/.local/lib/python3.7/site-packages/airflow/example_dags/example_dag_decorator.py for tasks to queue
[2022-02-24 20:07:08,700] {logging_mixin.py:109} INFO - [2022-02-24 20:07:08,700] {dagbag.py:500} INFO - Filling up the DagBag from /home/airflow/.local/lib/python3.7/site-packages/airflow/example_dags/example_dag_decorator.py
[2022-02-24 20:07:08,734] {processor.py:654} INFO - DAG(s) dict_keys(['example_dag_decorator']) retrieved from /home/airflow/.local/lib/python3.7/site-packages/airflow/example_dags/example_dag_decorator.py
[2022-02-24 20:07:09,028] {logging_mixin.py:109} INFO - [2022-02-24 20:07:09,027] {dag.py:2396} INFO - Sync 1 DAGs
[2022-02-24 20:07:09,039] {logging_mixin.py:109} INFO - [2022-02-24 20:07:09,039] {dag.py:2935} INFO - Setting next_dagrun for example_dag_decorator to None
[2022-02-24 20:07:09,048] {processor.py:171} INFO - Processing /home/airflow/.local/lib/python3.7/site-packages/airflow/example_dags/example_dag_decorator.py took 0.354 seconds
[2022-02-24 20:07:39,516] {processor.py:163} INFO - Started process (PID=758) to work on /home/airflow/.local/lib/python3.7/site-packages/airflow/example_dags/example_dag_decorator.py
[2022-02-24 20:07:39,519] {processor.py:642} INFO - Processing file /home/airflow/.local/lib/python3.7/site-packages/airflow/example_dags/example_dag_decorator.py for tasks to queue
[2022-02-24 20:07:39,523] {logging_mixin.py:109} INFO - [2022-02-24 20:07:39,523] {dagbag.py:500} INFO - Filling up the DagBag from /home/airflow/.local/lib/python3.7/site-packages/airflow/example_dags/example_dag_decorator.py
[2022-02-24 20:07:39,584] {processor.py:654} INFO - DAG(s) dict_keys(['example_dag_decorator']) retrieved from /home/airflow/.local/lib/python3.7/site-packages/airflow/example_dags/example_dag_decorator.py
[2022-02-24 20:07:40,117] {logging_mixin.py:109} INFO - [2022-02-24 20:07:40,117] {dag.py:2396} INFO - Sync 1 DAGs
[2022-02-24 20:07:40,132] {logging_mixin.py:109} INFO - [2022-02-24 20:07:40,132] {dag.py:2935} INFO - Setting next_dagrun for example_dag_decorator to None
[2022-02-24 20:07:40,143] {processor.py:171} INFO - Processing /home/airflow/.local/lib/python3.7/site-packages/airflow/example_dags/example_dag_decorator.py took 0.631 seconds
[2022-02-24 20:08:11,981] {processor.py:163} INFO - Started process (PID=823) to work on /home/airflow/.local/lib/python3.7/site-packages/airflow/example_dags/example_dag_decorator.py
[2022-02-24 20:08:11,985] {processor.py:642} INFO - Processing file /home/airflow/.local/lib/python3.7/site-packages/airflow/example_dags/example_dag_decorator.py for tasks to queue
[2022-02-24 20:08:11,987] {logging_mixin.py:109} INFO - [2022-02-24 20:08:11,987] {dagbag.py:500} INFO - Filling up the DagBag from /home/airflow/.local/lib/python3.7/site-packages/airflow/example_dags/example_dag_decorator.py
[2022-02-24 20:08:12,112] {processor.py:654} INFO - DAG(s) dict_keys(['example_dag_decorator']) retrieved from /home/airflow/.local/lib/python3.7/site-packages/airflow/example_dags/example_dag_decorator.py
[2022-02-24 20:08:13,044] {logging_mixin.py:109} INFO - [2022-02-24 20:08:13,043] {dag.py:2396} INFO - Sync 1 DAGs
[2022-02-24 20:08:13,084] {logging_mixin.py:109} INFO - [2022-02-24 20:08:13,084] {dag.py:2935} INFO - Setting next_dagrun for example_dag_decorator to None
[2022-02-24 20:08:13,115] {processor.py:171} INFO - Processing /home/airflow/.local/lib/python3.7/site-packages/airflow/example_dags/example_dag_decorator.py took 1.145 seconds
[2022-02-24 20:08:44,048] {processor.py:163} INFO - Started process (PID=883) to work on /home/airflow/.local/lib/python3.7/site-packages/airflow/example_dags/example_dag_decorator.py
[2022-02-24 20:08:44,050] {processor.py:642} INFO - Processing file /home/airflow/.local/lib/python3.7/site-packages/airflow/example_dags/example_dag_decorator.py for tasks to queue
[2022-02-24 20:08:44,051] {logging_mixin.py:109} INFO - [2022-02-24 20:08:44,051] {dagbag.py:500} INFO - Filling up the DagBag from /home/airflow/.local/lib/python3.7/site-packages/airflow/example_dags/example_dag_decorator.py
[2022-02-24 20:08:44,095] {processor.py:654} INFO - DAG(s) dict_keys(['example_dag_decorator']) retrieved from /home/airflow/.local/lib/python3.7/site-packages/airflow/example_dags/example_dag_decorator.py
[2022-02-24 20:08:44,367] {logging_mixin.py:109} INFO - [2022-02-24 20:08:44,366] {dag.py:2396} INFO - Sync 1 DAGs
[2022-02-24 20:08:44,387] {logging_mixin.py:109} INFO - [2022-02-24 20:08:44,387] {dag.py:2935} INFO - Setting next_dagrun for example_dag_decorator to None
[2022-02-24 20:08:44,398] {processor.py:171} INFO - Processing /home/airflow/.local/lib/python3.7/site-packages/airflow/example_dags/example_dag_decorator.py took 0.355 seconds
[2022-02-24 20:09:15,138] {processor.py:163} INFO - Started process (PID=939) to work on /home/airflow/.local/lib/python3.7/site-packages/airflow/example_dags/example_dag_decorator.py
[2022-02-24 20:09:15,141] {processor.py:642} INFO - Processing file /home/airflow/.local/lib/python3.7/site-packages/airflow/example_dags/example_dag_decorator.py for tasks to queue
[2022-02-24 20:09:15,142] {logging_mixin.py:109} INFO - [2022-02-24 20:09:15,142] {dagbag.py:500} INFO - Filling up the DagBag from /home/airflow/.local/lib/python3.7/site-packages/airflow/example_dags/example_dag_decorator.py
[2022-02-24 20:09:15,179] {processor.py:654} INFO - DAG(s) dict_keys(['example_dag_decorator']) retrieved from /home/airflow/.local/lib/python3.7/site-packages/airflow/example_dags/example_dag_decorator.py
[2022-02-24 20:09:15,434] {logging_mixin.py:109} INFO - [2022-02-24 20:09:15,434] {dag.py:2396} INFO - Sync 1 DAGs
[2022-02-24 20:09:15,449] {logging_mixin.py:109} INFO - [2022-02-24 20:09:15,449] {dag.py:2935} INFO - Setting next_dagrun for example_dag_decorator to None
[2022-02-24 20:09:15,461] {processor.py:171} INFO - Processing /home/airflow/.local/lib/python3.7/site-packages/airflow/example_dags/example_dag_decorator.py took 0.328 seconds
[2022-02-24 20:09:46,581] {processor.py:163} INFO - Started process (PID=998) to work on /home/airflow/.local/lib/python3.7/site-packages/airflow/example_dags/example_dag_decorator.py
[2022-02-24 20:09:46,593] {processor.py:642} INFO - Processing file /home/airflow/.local/lib/python3.7/site-packages/airflow/example_dags/example_dag_decorator.py for tasks to queue
[2022-02-24 20:09:46,597] {logging_mixin.py:109} INFO - [2022-02-24 20:09:46,597] {dagbag.py:500} INFO - Filling up the DagBag from /home/airflow/.local/lib/python3.7/site-packages/airflow/example_dags/example_dag_decorator.py
[2022-02-24 20:09:46,793] {processor.py:654} INFO - DAG(s) dict_keys(['example_dag_decorator']) retrieved from /home/airflow/.local/lib/python3.7/site-packages/airflow/example_dags/example_dag_decorator.py
[2022-02-24 20:09:48,684] {logging_mixin.py:109} INFO - [2022-02-24 20:09:48,684] {dag.py:2396} INFO - Sync 1 DAGs
[2022-02-24 20:09:48,711] {logging_mixin.py:109} INFO - [2022-02-24 20:09:48,711] {dag.py:2935} INFO - Setting next_dagrun for example_dag_decorator to None
[2022-02-24 20:09:48,733] {processor.py:171} INFO - Processing /home/airflow/.local/lib/python3.7/site-packages/airflow/example_dags/example_dag_decorator.py took 2.168 seconds
[2022-02-24 20:10:19,651] {processor.py:163} INFO - Started process (PID=1055) to work on /home/airflow/.local/lib/python3.7/site-packages/airflow/example_dags/example_dag_decorator.py
[2022-02-24 20:10:19,654] {processor.py:642} INFO - Processing file /home/airflow/.local/lib/python3.7/site-packages/airflow/example_dags/example_dag_decorator.py for tasks to queue
[2022-02-24 20:10:19,656] {logging_mixin.py:109} INFO - [2022-02-24 20:10:19,656] {dagbag.py:500} INFO - Filling up the DagBag from /home/airflow/.local/lib/python3.7/site-packages/airflow/example_dags/example_dag_decorator.py
[2022-02-24 20:10:19,696] {processor.py:654} INFO - DAG(s) dict_keys(['example_dag_decorator']) retrieved from /home/airflow/.local/lib/python3.7/site-packages/airflow/example_dags/example_dag_decorator.py
[2022-02-24 20:10:20,152] {logging_mixin.py:109} INFO - [2022-02-24 20:10:20,152] {dag.py:2396} INFO - Sync 1 DAGs
[2022-02-24 20:10:20,171] {logging_mixin.py:109} INFO - [2022-02-24 20:10:20,170] {dag.py:2935} INFO - Setting next_dagrun for example_dag_decorator to None
[2022-02-24 20:10:20,183] {processor.py:171} INFO - Processing /home/airflow/.local/lib/python3.7/site-packages/airflow/example_dags/example_dag_decorator.py took 0.540 seconds
[2022-02-24 20:10:50,584] {processor.py:163} INFO - Started process (PID=1114) to work on /home/airflow/.local/lib/python3.7/site-packages/airflow/example_dags/example_dag_decorator.py
[2022-02-24 20:10:50,588] {processor.py:642} INFO - Processing file /home/airflow/.local/lib/python3.7/site-packages/airflow/example_dags/example_dag_decorator.py for tasks to queue
[2022-02-24 20:10:50,591] {logging_mixin.py:109} INFO - [2022-02-24 20:10:50,590] {dagbag.py:500} INFO - Filling up the DagBag from /home/airflow/.local/lib/python3.7/site-packages/airflow/example_dags/example_dag_decorator.py
[2022-02-24 20:10:50,681] {processor.py:654} INFO - DAG(s) dict_keys(['example_dag_decorator']) retrieved from /home/airflow/.local/lib/python3.7/site-packages/airflow/example_dags/example_dag_decorator.py
[2022-02-24 20:10:51,540] {logging_mixin.py:109} INFO - [2022-02-24 20:10:51,540] {dag.py:2396} INFO - Sync 1 DAGs
[2022-02-24 20:10:51,568] {logging_mixin.py:109} INFO - [2022-02-24 20:10:51,568] {dag.py:2935} INFO - Setting next_dagrun for example_dag_decorator to None
[2022-02-24 20:10:51,581] {processor.py:171} INFO - Processing /home/airflow/.local/lib/python3.7/site-packages/airflow/example_dags/example_dag_decorator.py took 1.009 seconds
[2022-02-24 20:11:22,293] {processor.py:163} INFO - Started process (PID=1168) to work on /home/airflow/.local/lib/python3.7/site-packages/airflow/example_dags/example_dag_decorator.py
[2022-02-24 20:11:22,295] {processor.py:642} INFO - Processing file /home/airflow/.local/lib/python3.7/site-packages/airflow/example_dags/example_dag_decorator.py for tasks to queue
[2022-02-24 20:11:22,297] {logging_mixin.py:109} INFO - [2022-02-24 20:11:22,297] {dagbag.py:500} INFO - Filling up the DagBag from /home/airflow/.local/lib/python3.7/site-packages/airflow/example_dags/example_dag_decorator.py
[2022-02-24 20:11:22,342] {processor.py:654} INFO - DAG(s) dict_keys(['example_dag_decorator']) retrieved from /home/airflow/.local/lib/python3.7/site-packages/airflow/example_dags/example_dag_decorator.py
[2022-02-24 20:11:22,702] {logging_mixin.py:109} INFO - [2022-02-24 20:11:22,702] {dag.py:2396} INFO - Sync 1 DAGs
[2022-02-24 20:11:22,719] {logging_mixin.py:109} INFO - [2022-02-24 20:11:22,719] {dag.py:2935} INFO - Setting next_dagrun for example_dag_decorator to None
[2022-02-24 20:11:22,733] {processor.py:171} INFO - Processing /home/airflow/.local/lib/python3.7/site-packages/airflow/example_dags/example_dag_decorator.py took 0.444 seconds
[2022-02-24 20:11:52,930] {processor.py:163} INFO - Started process (PID=1225) to work on /home/airflow/.local/lib/python3.7/site-packages/airflow/example_dags/example_dag_decorator.py
[2022-02-24 20:11:52,932] {processor.py:642} INFO - Processing file /home/airflow/.local/lib/python3.7/site-packages/airflow/example_dags/example_dag_decorator.py for tasks to queue
[2022-02-24 20:11:52,935] {logging_mixin.py:109} INFO - [2022-02-24 20:11:52,933] {dagbag.py:500} INFO - Filling up the DagBag from /home/airflow/.local/lib/python3.7/site-packages/airflow/example_dags/example_dag_decorator.py
[2022-02-24 20:11:52,978] {processor.py:654} INFO - DAG(s) dict_keys(['example_dag_decorator']) retrieved from /home/airflow/.local/lib/python3.7/site-packages/airflow/example_dags/example_dag_decorator.py
[2022-02-24 20:11:53,280] {logging_mixin.py:109} INFO - [2022-02-24 20:11:53,280] {dag.py:2396} INFO - Sync 1 DAGs
[2022-02-24 20:11:53,293] {logging_mixin.py:109} INFO - [2022-02-24 20:11:53,292] {dag.py:2935} INFO - Setting next_dagrun for example_dag_decorator to None
[2022-02-24 20:11:53,301] {processor.py:171} INFO - Processing /home/airflow/.local/lib/python3.7/site-packages/airflow/example_dags/example_dag_decorator.py took 0.376 seconds
