[2022-02-24 19:52:14,805] {processor.py:163} INFO - Started process (PID=93) to work on /home/airflow/.local/lib/python3.7/site-packages/airflow/example_dags/tutorial.py
[2022-02-24 19:52:14,828] {processor.py:642} INFO - Processing file /home/airflow/.local/lib/python3.7/site-packages/airflow/example_dags/tutorial.py for tasks to queue
[2022-02-24 19:52:14,853] {logging_mixin.py:109} INFO - [2022-02-24 19:52:14,853] {dagbag.py:500} INFO - Filling up the DagBag from /home/airflow/.local/lib/python3.7/site-packages/airflow/example_dags/tutorial.py
[2022-02-24 19:52:15,506] {processor.py:654} INFO - DAG(s) dict_keys(['tutorial']) retrieved from /home/airflow/.local/lib/python3.7/site-packages/airflow/example_dags/tutorial.py
[2022-02-24 19:52:25,597] {logging_mixin.py:109} INFO - [2022-02-24 19:52:25,597] {manager.py:496} INFO - Created Permission View: can read on DAG:tutorial
[2022-02-24 19:52:25,613] {logging_mixin.py:109} INFO - [2022-02-24 19:52:25,613] {manager.py:496} INFO - Created Permission View: can edit on DAG:tutorial
[2022-02-24 19:52:25,614] {logging_mixin.py:109} INFO - [2022-02-24 19:52:25,614] {dag.py:2396} INFO - Sync 1 DAGs
[2022-02-24 19:52:25,638] {logging_mixin.py:109} INFO - [2022-02-24 19:52:25,638] {dag.py:2415} INFO - Creating ORM DAG for tutorial
[2022-02-24 19:52:25,656] {logging_mixin.py:109} INFO - [2022-02-24 19:52:25,656] {dag.py:2935} INFO - Setting next_dagrun for tutorial to 2022-02-23T19:52:25.656284+00:00
[2022-02-24 19:52:25,691] {processor.py:171} INFO - Processing /home/airflow/.local/lib/python3.7/site-packages/airflow/example_dags/tutorial.py took 10.949 seconds
[2022-02-24 19:54:13,623] {processor.py:163} INFO - Started process (PID=244) to work on /home/airflow/.local/lib/python3.7/site-packages/airflow/example_dags/tutorial.py
[2022-02-24 19:54:13,626] {processor.py:642} INFO - Processing file /home/airflow/.local/lib/python3.7/site-packages/airflow/example_dags/tutorial.py for tasks to queue
[2022-02-24 19:54:13,628] {logging_mixin.py:109} INFO - [2022-02-24 19:54:13,627] {dagbag.py:500} INFO - Filling up the DagBag from /home/airflow/.local/lib/python3.7/site-packages/airflow/example_dags/tutorial.py
[2022-02-24 19:54:13,660] {processor.py:654} INFO - DAG(s) dict_keys(['tutorial']) retrieved from /home/airflow/.local/lib/python3.7/site-packages/airflow/example_dags/tutorial.py
[2022-02-24 19:54:13,672] {logging_mixin.py:109} INFO - [2022-02-24 19:54:13,671] {dag.py:2396} INFO - Sync 1 DAGs
[2022-02-24 19:54:13,689] {logging_mixin.py:109} INFO - [2022-02-24 19:54:13,689] {dag.py:2935} INFO - Setting next_dagrun for tutorial to 2022-02-23T19:54:13.689452+00:00
[2022-02-24 19:54:13,700] {processor.py:171} INFO - Processing /home/airflow/.local/lib/python3.7/site-packages/airflow/example_dags/tutorial.py took 0.083 seconds
[2022-02-24 19:54:44,008] {processor.py:163} INFO - Started process (PID=299) to work on /home/airflow/.local/lib/python3.7/site-packages/airflow/example_dags/tutorial.py
[2022-02-24 19:54:44,016] {processor.py:642} INFO - Processing file /home/airflow/.local/lib/python3.7/site-packages/airflow/example_dags/tutorial.py for tasks to queue
[2022-02-24 19:54:44,017] {logging_mixin.py:109} INFO - [2022-02-24 19:54:44,017] {dagbag.py:500} INFO - Filling up the DagBag from /home/airflow/.local/lib/python3.7/site-packages/airflow/example_dags/tutorial.py
[2022-02-24 19:54:44,106] {processor.py:654} INFO - DAG(s) dict_keys(['tutorial']) retrieved from /home/airflow/.local/lib/python3.7/site-packages/airflow/example_dags/tutorial.py
[2022-02-24 19:54:44,134] {logging_mixin.py:109} INFO - [2022-02-24 19:54:44,134] {dag.py:2396} INFO - Sync 1 DAGs
[2022-02-24 19:54:44,159] {logging_mixin.py:109} INFO - [2022-02-24 19:54:44,159] {dag.py:2935} INFO - Setting next_dagrun for tutorial to 2022-02-23T19:54:44.159500+00:00
[2022-02-24 19:54:44,192] {processor.py:171} INFO - Processing /home/airflow/.local/lib/python3.7/site-packages/airflow/example_dags/tutorial.py took 0.187 seconds
[2022-02-24 19:55:14,309] {processor.py:163} INFO - Started process (PID=361) to work on /home/airflow/.local/lib/python3.7/site-packages/airflow/example_dags/tutorial.py
[2022-02-24 19:55:14,313] {processor.py:642} INFO - Processing file /home/airflow/.local/lib/python3.7/site-packages/airflow/example_dags/tutorial.py for tasks to queue
[2022-02-24 19:55:14,315] {logging_mixin.py:109} INFO - [2022-02-24 19:55:14,315] {dagbag.py:500} INFO - Filling up the DagBag from /home/airflow/.local/lib/python3.7/site-packages/airflow/example_dags/tutorial.py
[2022-02-24 19:55:14,384] {processor.py:654} INFO - DAG(s) dict_keys(['tutorial']) retrieved from /home/airflow/.local/lib/python3.7/site-packages/airflow/example_dags/tutorial.py
[2022-02-24 19:55:14,416] {logging_mixin.py:109} INFO - [2022-02-24 19:55:14,416] {dag.py:2396} INFO - Sync 1 DAGs
[2022-02-24 19:55:14,451] {logging_mixin.py:109} INFO - [2022-02-24 19:55:14,451] {dag.py:2935} INFO - Setting next_dagrun for tutorial to 2022-02-23T19:55:14.450449+00:00
[2022-02-24 19:55:14,478] {processor.py:171} INFO - Processing /home/airflow/.local/lib/python3.7/site-packages/airflow/example_dags/tutorial.py took 0.176 seconds
[2022-02-24 19:55:44,817] {processor.py:163} INFO - Started process (PID=422) to work on /home/airflow/.local/lib/python3.7/site-packages/airflow/example_dags/tutorial.py
[2022-02-24 19:55:44,819] {processor.py:642} INFO - Processing file /home/airflow/.local/lib/python3.7/site-packages/airflow/example_dags/tutorial.py for tasks to queue
[2022-02-24 19:55:44,821] {logging_mixin.py:109} INFO - [2022-02-24 19:55:44,821] {dagbag.py:500} INFO - Filling up the DagBag from /home/airflow/.local/lib/python3.7/site-packages/airflow/example_dags/tutorial.py
[2022-02-24 19:55:44,866] {processor.py:654} INFO - DAG(s) dict_keys(['tutorial']) retrieved from /home/airflow/.local/lib/python3.7/site-packages/airflow/example_dags/tutorial.py
[2022-02-24 19:55:44,880] {logging_mixin.py:109} INFO - [2022-02-24 19:55:44,880] {dag.py:2396} INFO - Sync 1 DAGs
[2022-02-24 19:55:44,904] {logging_mixin.py:109} INFO - [2022-02-24 19:55:44,904] {dag.py:2935} INFO - Setting next_dagrun for tutorial to 2022-02-23T19:55:44.904110+00:00
[2022-02-24 19:55:44,914] {processor.py:171} INFO - Processing /home/airflow/.local/lib/python3.7/site-packages/airflow/example_dags/tutorial.py took 0.103 seconds
[2022-02-24 19:56:15,327] {processor.py:163} INFO - Started process (PID=475) to work on /home/airflow/.local/lib/python3.7/site-packages/airflow/example_dags/tutorial.py
[2022-02-24 19:56:15,335] {processor.py:642} INFO - Processing file /home/airflow/.local/lib/python3.7/site-packages/airflow/example_dags/tutorial.py for tasks to queue
[2022-02-24 19:56:15,337] {logging_mixin.py:109} INFO - [2022-02-24 19:56:15,337] {dagbag.py:500} INFO - Filling up the DagBag from /home/airflow/.local/lib/python3.7/site-packages/airflow/example_dags/tutorial.py
[2022-02-24 19:56:15,444] {processor.py:654} INFO - DAG(s) dict_keys(['tutorial']) retrieved from /home/airflow/.local/lib/python3.7/site-packages/airflow/example_dags/tutorial.py
[2022-02-24 19:56:15,456] {logging_mixin.py:109} INFO - [2022-02-24 19:56:15,456] {dag.py:2396} INFO - Sync 1 DAGs
[2022-02-24 19:56:15,475] {logging_mixin.py:109} INFO - [2022-02-24 19:56:15,475] {dag.py:2935} INFO - Setting next_dagrun for tutorial to 2022-02-23T19:56:15.475334+00:00
[2022-02-24 19:56:15,486] {processor.py:171} INFO - Processing /home/airflow/.local/lib/python3.7/site-packages/airflow/example_dags/tutorial.py took 0.164 seconds
[2022-02-24 19:56:46,304] {processor.py:163} INFO - Started process (PID=526) to work on /home/airflow/.local/lib/python3.7/site-packages/airflow/example_dags/tutorial.py
[2022-02-24 19:56:46,306] {processor.py:642} INFO - Processing file /home/airflow/.local/lib/python3.7/site-packages/airflow/example_dags/tutorial.py for tasks to queue
[2022-02-24 19:56:46,309] {logging_mixin.py:109} INFO - [2022-02-24 19:56:46,309] {dagbag.py:500} INFO - Filling up the DagBag from /home/airflow/.local/lib/python3.7/site-packages/airflow/example_dags/tutorial.py
[2022-02-24 19:56:46,411] {processor.py:654} INFO - DAG(s) dict_keys(['tutorial']) retrieved from /home/airflow/.local/lib/python3.7/site-packages/airflow/example_dags/tutorial.py
[2022-02-24 19:56:46,429] {logging_mixin.py:109} INFO - [2022-02-24 19:56:46,429] {dag.py:2396} INFO - Sync 1 DAGs
[2022-02-24 19:56:46,479] {logging_mixin.py:109} INFO - [2022-02-24 19:56:46,479] {dag.py:2935} INFO - Setting next_dagrun for tutorial to 2022-02-23T19:56:46.478870+00:00
[2022-02-24 19:56:46,517] {processor.py:171} INFO - Processing /home/airflow/.local/lib/python3.7/site-packages/airflow/example_dags/tutorial.py took 0.216 seconds
[2022-02-24 19:57:16,693] {processor.py:163} INFO - Started process (PID=592) to work on /home/airflow/.local/lib/python3.7/site-packages/airflow/example_dags/tutorial.py
[2022-02-24 19:57:16,695] {processor.py:642} INFO - Processing file /home/airflow/.local/lib/python3.7/site-packages/airflow/example_dags/tutorial.py for tasks to queue
[2022-02-24 19:57:16,696] {logging_mixin.py:109} INFO - [2022-02-24 19:57:16,696] {dagbag.py:500} INFO - Filling up the DagBag from /home/airflow/.local/lib/python3.7/site-packages/airflow/example_dags/tutorial.py
[2022-02-24 19:57:16,737] {processor.py:654} INFO - DAG(s) dict_keys(['tutorial']) retrieved from /home/airflow/.local/lib/python3.7/site-packages/airflow/example_dags/tutorial.py
[2022-02-24 19:57:16,749] {logging_mixin.py:109} INFO - [2022-02-24 19:57:16,749] {dag.py:2396} INFO - Sync 1 DAGs
[2022-02-24 19:57:16,771] {logging_mixin.py:109} INFO - [2022-02-24 19:57:16,771] {dag.py:2935} INFO - Setting next_dagrun for tutorial to 2022-02-23T19:57:16.771083+00:00
[2022-02-24 19:57:16,794] {processor.py:171} INFO - Processing /home/airflow/.local/lib/python3.7/site-packages/airflow/example_dags/tutorial.py took 0.108 seconds
[2022-02-24 19:57:46,892] {processor.py:163} INFO - Started process (PID=648) to work on /home/airflow/.local/lib/python3.7/site-packages/airflow/example_dags/tutorial.py
[2022-02-24 19:57:46,894] {processor.py:642} INFO - Processing file /home/airflow/.local/lib/python3.7/site-packages/airflow/example_dags/tutorial.py for tasks to queue
[2022-02-24 19:57:46,896] {logging_mixin.py:109} INFO - [2022-02-24 19:57:46,895] {dagbag.py:500} INFO - Filling up the DagBag from /home/airflow/.local/lib/python3.7/site-packages/airflow/example_dags/tutorial.py
[2022-02-24 19:57:46,925] {processor.py:654} INFO - DAG(s) dict_keys(['tutorial']) retrieved from /home/airflow/.local/lib/python3.7/site-packages/airflow/example_dags/tutorial.py
[2022-02-24 19:57:46,935] {logging_mixin.py:109} INFO - [2022-02-24 19:57:46,935] {dag.py:2396} INFO - Sync 1 DAGs
[2022-02-24 19:57:46,951] {logging_mixin.py:109} INFO - [2022-02-24 19:57:46,951] {dag.py:2935} INFO - Setting next_dagrun for tutorial to 2022-02-23T19:57:46.951468+00:00
[2022-02-24 19:57:46,960] {processor.py:171} INFO - Processing /home/airflow/.local/lib/python3.7/site-packages/airflow/example_dags/tutorial.py took 0.072 seconds
[2022-02-24 20:01:12,891] {processor.py:163} INFO - Started process (PID=50) to work on /home/airflow/.local/lib/python3.7/site-packages/airflow/example_dags/tutorial.py
[2022-02-24 20:01:12,906] {processor.py:642} INFO - Processing file /home/airflow/.local/lib/python3.7/site-packages/airflow/example_dags/tutorial.py for tasks to queue
[2022-02-24 20:01:12,918] {logging_mixin.py:109} INFO - [2022-02-24 20:01:12,917] {dagbag.py:500} INFO - Filling up the DagBag from /home/airflow/.local/lib/python3.7/site-packages/airflow/example_dags/tutorial.py
[2022-02-24 20:01:13,153] {processor.py:654} INFO - DAG(s) dict_keys(['tutorial']) retrieved from /home/airflow/.local/lib/python3.7/site-packages/airflow/example_dags/tutorial.py
[2022-02-24 20:01:13,239] {logging_mixin.py:109} INFO - [2022-02-24 20:01:13,239] {dag.py:2396} INFO - Sync 1 DAGs
[2022-02-24 20:01:13,329] {logging_mixin.py:109} INFO - [2022-02-24 20:01:13,329] {dag.py:2935} INFO - Setting next_dagrun for tutorial to 2022-02-23T20:01:13.329084+00:00
[2022-02-24 20:01:13,371] {processor.py:171} INFO - Processing /home/airflow/.local/lib/python3.7/site-packages/airflow/example_dags/tutorial.py took 0.506 seconds
[2022-02-24 20:01:43,487] {processor.py:163} INFO - Started process (PID=92) to work on /home/airflow/.local/lib/python3.7/site-packages/airflow/example_dags/tutorial.py
[2022-02-24 20:01:43,488] {processor.py:642} INFO - Processing file /home/airflow/.local/lib/python3.7/site-packages/airflow/example_dags/tutorial.py for tasks to queue
[2022-02-24 20:01:43,489] {logging_mixin.py:109} INFO - [2022-02-24 20:01:43,489] {dagbag.py:500} INFO - Filling up the DagBag from /home/airflow/.local/lib/python3.7/site-packages/airflow/example_dags/tutorial.py
[2022-02-24 20:01:43,519] {processor.py:654} INFO - DAG(s) dict_keys(['tutorial']) retrieved from /home/airflow/.local/lib/python3.7/site-packages/airflow/example_dags/tutorial.py
[2022-02-24 20:01:43,528] {logging_mixin.py:109} INFO - [2022-02-24 20:01:43,528] {dag.py:2396} INFO - Sync 1 DAGs
[2022-02-24 20:01:43,543] {logging_mixin.py:109} INFO - [2022-02-24 20:01:43,543] {dag.py:2935} INFO - Setting next_dagrun for tutorial to 2022-02-23T20:01:43.543315+00:00
[2022-02-24 20:01:43,553] {processor.py:171} INFO - Processing /home/airflow/.local/lib/python3.7/site-packages/airflow/example_dags/tutorial.py took 0.070 seconds
[2022-02-24 20:02:14,022] {processor.py:163} INFO - Started process (PID=146) to work on /home/airflow/.local/lib/python3.7/site-packages/airflow/example_dags/tutorial.py
[2022-02-24 20:02:14,024] {processor.py:642} INFO - Processing file /home/airflow/.local/lib/python3.7/site-packages/airflow/example_dags/tutorial.py for tasks to queue
[2022-02-24 20:02:14,025] {logging_mixin.py:109} INFO - [2022-02-24 20:02:14,025] {dagbag.py:500} INFO - Filling up the DagBag from /home/airflow/.local/lib/python3.7/site-packages/airflow/example_dags/tutorial.py
[2022-02-24 20:02:14,057] {processor.py:654} INFO - DAG(s) dict_keys(['tutorial']) retrieved from /home/airflow/.local/lib/python3.7/site-packages/airflow/example_dags/tutorial.py
[2022-02-24 20:02:14,075] {logging_mixin.py:109} INFO - [2022-02-24 20:02:14,075] {dag.py:2396} INFO - Sync 1 DAGs
[2022-02-24 20:02:14,097] {logging_mixin.py:109} INFO - [2022-02-24 20:02:14,097] {dag.py:2935} INFO - Setting next_dagrun for tutorial to 2022-02-23T20:02:14.097293+00:00
[2022-02-24 20:02:14,112] {processor.py:171} INFO - Processing /home/airflow/.local/lib/python3.7/site-packages/airflow/example_dags/tutorial.py took 0.093 seconds
[2022-02-24 20:02:44,235] {processor.py:163} INFO - Started process (PID=211) to work on /home/airflow/.local/lib/python3.7/site-packages/airflow/example_dags/tutorial.py
[2022-02-24 20:02:44,240] {processor.py:642} INFO - Processing file /home/airflow/.local/lib/python3.7/site-packages/airflow/example_dags/tutorial.py for tasks to queue
[2022-02-24 20:02:44,243] {logging_mixin.py:109} INFO - [2022-02-24 20:02:44,242] {dagbag.py:500} INFO - Filling up the DagBag from /home/airflow/.local/lib/python3.7/site-packages/airflow/example_dags/tutorial.py
[2022-02-24 20:02:44,304] {processor.py:654} INFO - DAG(s) dict_keys(['tutorial']) retrieved from /home/airflow/.local/lib/python3.7/site-packages/airflow/example_dags/tutorial.py
[2022-02-24 20:02:44,316] {logging_mixin.py:109} INFO - [2022-02-24 20:02:44,316] {dag.py:2396} INFO - Sync 1 DAGs
[2022-02-24 20:02:44,338] {logging_mixin.py:109} INFO - [2022-02-24 20:02:44,338] {dag.py:2935} INFO - Setting next_dagrun for tutorial to 2022-02-23T20:02:44.338004+00:00
[2022-02-24 20:02:44,349] {processor.py:171} INFO - Processing /home/airflow/.local/lib/python3.7/site-packages/airflow/example_dags/tutorial.py took 0.124 seconds
[2022-02-24 20:03:14,379] {processor.py:163} INFO - Started process (PID=266) to work on /home/airflow/.local/lib/python3.7/site-packages/airflow/example_dags/tutorial.py
[2022-02-24 20:03:14,381] {processor.py:642} INFO - Processing file /home/airflow/.local/lib/python3.7/site-packages/airflow/example_dags/tutorial.py for tasks to queue
[2022-02-24 20:03:14,382] {logging_mixin.py:109} INFO - [2022-02-24 20:03:14,382] {dagbag.py:500} INFO - Filling up the DagBag from /home/airflow/.local/lib/python3.7/site-packages/airflow/example_dags/tutorial.py
[2022-02-24 20:03:14,413] {processor.py:654} INFO - DAG(s) dict_keys(['tutorial']) retrieved from /home/airflow/.local/lib/python3.7/site-packages/airflow/example_dags/tutorial.py
[2022-02-24 20:03:14,424] {logging_mixin.py:109} INFO - [2022-02-24 20:03:14,424] {dag.py:2396} INFO - Sync 1 DAGs
[2022-02-24 20:03:14,440] {logging_mixin.py:109} INFO - [2022-02-24 20:03:14,440] {dag.py:2935} INFO - Setting next_dagrun for tutorial to 2022-02-23T20:03:14.439928+00:00
[2022-02-24 20:03:14,450] {processor.py:171} INFO - Processing /home/airflow/.local/lib/python3.7/site-packages/airflow/example_dags/tutorial.py took 0.075 seconds
[2022-02-24 20:03:44,888] {processor.py:163} INFO - Started process (PID=321) to work on /home/airflow/.local/lib/python3.7/site-packages/airflow/example_dags/tutorial.py
[2022-02-24 20:03:44,890] {processor.py:642} INFO - Processing file /home/airflow/.local/lib/python3.7/site-packages/airflow/example_dags/tutorial.py for tasks to queue
[2022-02-24 20:03:44,892] {logging_mixin.py:109} INFO - [2022-02-24 20:03:44,892] {dagbag.py:500} INFO - Filling up the DagBag from /home/airflow/.local/lib/python3.7/site-packages/airflow/example_dags/tutorial.py
[2022-02-24 20:03:44,935] {processor.py:654} INFO - DAG(s) dict_keys(['tutorial']) retrieved from /home/airflow/.local/lib/python3.7/site-packages/airflow/example_dags/tutorial.py
[2022-02-24 20:03:44,952] {logging_mixin.py:109} INFO - [2022-02-24 20:03:44,951] {dag.py:2396} INFO - Sync 1 DAGs
[2022-02-24 20:03:44,972] {logging_mixin.py:109} INFO - [2022-02-24 20:03:44,971] {dag.py:2935} INFO - Setting next_dagrun for tutorial to 2022-02-23T20:03:44.971649+00:00
[2022-02-24 20:03:44,984] {processor.py:171} INFO - Processing /home/airflow/.local/lib/python3.7/site-packages/airflow/example_dags/tutorial.py took 0.105 seconds
[2022-02-24 20:04:15,712] {processor.py:163} INFO - Started process (PID=374) to work on /home/airflow/.local/lib/python3.7/site-packages/airflow/example_dags/tutorial.py
[2022-02-24 20:04:15,714] {processor.py:642} INFO - Processing file /home/airflow/.local/lib/python3.7/site-packages/airflow/example_dags/tutorial.py for tasks to queue
[2022-02-24 20:04:15,717] {logging_mixin.py:109} INFO - [2022-02-24 20:04:15,717] {dagbag.py:500} INFO - Filling up the DagBag from /home/airflow/.local/lib/python3.7/site-packages/airflow/example_dags/tutorial.py
[2022-02-24 20:04:15,828] {processor.py:654} INFO - DAG(s) dict_keys(['tutorial']) retrieved from /home/airflow/.local/lib/python3.7/site-packages/airflow/example_dags/tutorial.py
[2022-02-24 20:04:15,839] {logging_mixin.py:109} INFO - [2022-02-24 20:04:15,839] {dag.py:2396} INFO - Sync 1 DAGs
[2022-02-24 20:04:15,857] {logging_mixin.py:109} INFO - [2022-02-24 20:04:15,857] {dag.py:2935} INFO - Setting next_dagrun for tutorial to 2022-02-23T20:04:15.856772+00:00
[2022-02-24 20:04:15,869] {processor.py:171} INFO - Processing /home/airflow/.local/lib/python3.7/site-packages/airflow/example_dags/tutorial.py took 0.164 seconds
[2022-02-24 20:04:46,283] {processor.py:163} INFO - Started process (PID=429) to work on /home/airflow/.local/lib/python3.7/site-packages/airflow/example_dags/tutorial.py
[2022-02-24 20:04:46,285] {processor.py:642} INFO - Processing file /home/airflow/.local/lib/python3.7/site-packages/airflow/example_dags/tutorial.py for tasks to queue
[2022-02-24 20:04:46,286] {logging_mixin.py:109} INFO - [2022-02-24 20:04:46,286] {dagbag.py:500} INFO - Filling up the DagBag from /home/airflow/.local/lib/python3.7/site-packages/airflow/example_dags/tutorial.py
[2022-02-24 20:04:46,315] {processor.py:654} INFO - DAG(s) dict_keys(['tutorial']) retrieved from /home/airflow/.local/lib/python3.7/site-packages/airflow/example_dags/tutorial.py
[2022-02-24 20:04:46,329] {logging_mixin.py:109} INFO - [2022-02-24 20:04:46,328] {dag.py:2396} INFO - Sync 1 DAGs
[2022-02-24 20:04:46,358] {logging_mixin.py:109} INFO - [2022-02-24 20:04:46,358] {dag.py:2935} INFO - Setting next_dagrun for tutorial to 2022-02-23T20:04:46.357860+00:00
[2022-02-24 20:04:46,367] {processor.py:171} INFO - Processing /home/airflow/.local/lib/python3.7/site-packages/airflow/example_dags/tutorial.py took 0.088 seconds
[2022-02-24 20:05:17,218] {processor.py:163} INFO - Started process (PID=484) to work on /home/airflow/.local/lib/python3.7/site-packages/airflow/example_dags/tutorial.py
[2022-02-24 20:05:17,219] {processor.py:642} INFO - Processing file /home/airflow/.local/lib/python3.7/site-packages/airflow/example_dags/tutorial.py for tasks to queue
[2022-02-24 20:05:17,220] {logging_mixin.py:109} INFO - [2022-02-24 20:05:17,220] {dagbag.py:500} INFO - Filling up the DagBag from /home/airflow/.local/lib/python3.7/site-packages/airflow/example_dags/tutorial.py
[2022-02-24 20:05:17,336] {processor.py:654} INFO - DAG(s) dict_keys(['tutorial']) retrieved from /home/airflow/.local/lib/python3.7/site-packages/airflow/example_dags/tutorial.py
[2022-02-24 20:05:17,375] {logging_mixin.py:109} INFO - [2022-02-24 20:05:17,375] {dag.py:2396} INFO - Sync 1 DAGs
[2022-02-24 20:05:17,409] {logging_mixin.py:109} INFO - [2022-02-24 20:05:17,409] {dag.py:2935} INFO - Setting next_dagrun for tutorial to 2022-02-23T20:05:17.408783+00:00
[2022-02-24 20:05:17,429] {processor.py:171} INFO - Processing /home/airflow/.local/lib/python3.7/site-packages/airflow/example_dags/tutorial.py took 0.221 seconds
[2022-02-24 20:05:47,474] {processor.py:163} INFO - Started process (PID=537) to work on /home/airflow/.local/lib/python3.7/site-packages/airflow/example_dags/tutorial.py
[2022-02-24 20:05:47,476] {processor.py:642} INFO - Processing file /home/airflow/.local/lib/python3.7/site-packages/airflow/example_dags/tutorial.py for tasks to queue
[2022-02-24 20:05:47,477] {logging_mixin.py:109} INFO - [2022-02-24 20:05:47,477] {dagbag.py:500} INFO - Filling up the DagBag from /home/airflow/.local/lib/python3.7/site-packages/airflow/example_dags/tutorial.py
[2022-02-24 20:05:47,503] {processor.py:654} INFO - DAG(s) dict_keys(['tutorial']) retrieved from /home/airflow/.local/lib/python3.7/site-packages/airflow/example_dags/tutorial.py
[2022-02-24 20:05:47,512] {logging_mixin.py:109} INFO - [2022-02-24 20:05:47,512] {dag.py:2396} INFO - Sync 1 DAGs
[2022-02-24 20:05:47,526] {logging_mixin.py:109} INFO - [2022-02-24 20:05:47,526] {dag.py:2935} INFO - Setting next_dagrun for tutorial to 2022-02-23T20:05:47.525988+00:00
[2022-02-24 20:05:47,534] {processor.py:171} INFO - Processing /home/airflow/.local/lib/python3.7/site-packages/airflow/example_dags/tutorial.py took 0.063 seconds
[2022-02-24 20:06:18,345] {processor.py:163} INFO - Started process (PID=594) to work on /home/airflow/.local/lib/python3.7/site-packages/airflow/example_dags/tutorial.py
[2022-02-24 20:06:18,358] {processor.py:642} INFO - Processing file /home/airflow/.local/lib/python3.7/site-packages/airflow/example_dags/tutorial.py for tasks to queue
[2022-02-24 20:06:18,370] {logging_mixin.py:109} INFO - [2022-02-24 20:06:18,370] {dagbag.py:500} INFO - Filling up the DagBag from /home/airflow/.local/lib/python3.7/site-packages/airflow/example_dags/tutorial.py
[2022-02-24 20:06:18,535] {processor.py:654} INFO - DAG(s) dict_keys(['tutorial']) retrieved from /home/airflow/.local/lib/python3.7/site-packages/airflow/example_dags/tutorial.py
[2022-02-24 20:06:18,585] {logging_mixin.py:109} INFO - [2022-02-24 20:06:18,575] {dag.py:2396} INFO - Sync 1 DAGs
[2022-02-24 20:06:18,631] {logging_mixin.py:109} INFO - [2022-02-24 20:06:18,631] {dag.py:2935} INFO - Setting next_dagrun for tutorial to 2022-02-23T20:06:18.630829+00:00
[2022-02-24 20:06:18,669] {processor.py:171} INFO - Processing /home/airflow/.local/lib/python3.7/site-packages/airflow/example_dags/tutorial.py took 0.329 seconds
[2022-02-24 20:06:49,254] {processor.py:163} INFO - Started process (PID=657) to work on /home/airflow/.local/lib/python3.7/site-packages/airflow/example_dags/tutorial.py
[2022-02-24 20:06:49,260] {processor.py:642} INFO - Processing file /home/airflow/.local/lib/python3.7/site-packages/airflow/example_dags/tutorial.py for tasks to queue
[2022-02-24 20:06:49,263] {logging_mixin.py:109} INFO - [2022-02-24 20:06:49,262] {dagbag.py:500} INFO - Filling up the DagBag from /home/airflow/.local/lib/python3.7/site-packages/airflow/example_dags/tutorial.py
[2022-02-24 20:06:49,337] {processor.py:654} INFO - DAG(s) dict_keys(['tutorial']) retrieved from /home/airflow/.local/lib/python3.7/site-packages/airflow/example_dags/tutorial.py
[2022-02-24 20:06:49,366] {logging_mixin.py:109} INFO - [2022-02-24 20:06:49,366] {dag.py:2396} INFO - Sync 1 DAGs
[2022-02-24 20:06:49,400] {logging_mixin.py:109} INFO - [2022-02-24 20:06:49,400] {dag.py:2935} INFO - Setting next_dagrun for tutorial to 2022-02-23T20:06:49.400128+00:00
[2022-02-24 20:06:49,420] {processor.py:171} INFO - Processing /home/airflow/.local/lib/python3.7/site-packages/airflow/example_dags/tutorial.py took 0.172 seconds
[2022-02-24 20:07:19,891] {processor.py:163} INFO - Started process (PID=716) to work on /home/airflow/.local/lib/python3.7/site-packages/airflow/example_dags/tutorial.py
[2022-02-24 20:07:19,893] {processor.py:642} INFO - Processing file /home/airflow/.local/lib/python3.7/site-packages/airflow/example_dags/tutorial.py for tasks to queue
[2022-02-24 20:07:19,894] {logging_mixin.py:109} INFO - [2022-02-24 20:07:19,894] {dagbag.py:500} INFO - Filling up the DagBag from /home/airflow/.local/lib/python3.7/site-packages/airflow/example_dags/tutorial.py
[2022-02-24 20:07:19,968] {processor.py:654} INFO - DAG(s) dict_keys(['tutorial']) retrieved from /home/airflow/.local/lib/python3.7/site-packages/airflow/example_dags/tutorial.py
[2022-02-24 20:07:19,989] {logging_mixin.py:109} INFO - [2022-02-24 20:07:19,989] {dag.py:2396} INFO - Sync 1 DAGs
[2022-02-24 20:07:20,025] {logging_mixin.py:109} INFO - [2022-02-24 20:07:20,024] {dag.py:2935} INFO - Setting next_dagrun for tutorial to 2022-02-23T20:07:20.024655+00:00
[2022-02-24 20:07:20,038] {processor.py:171} INFO - Processing /home/airflow/.local/lib/python3.7/site-packages/airflow/example_dags/tutorial.py took 0.154 seconds
[2022-02-24 20:07:50,154] {processor.py:163} INFO - Started process (PID=774) to work on /home/airflow/.local/lib/python3.7/site-packages/airflow/example_dags/tutorial.py
[2022-02-24 20:07:50,156] {processor.py:642} INFO - Processing file /home/airflow/.local/lib/python3.7/site-packages/airflow/example_dags/tutorial.py for tasks to queue
[2022-02-24 20:07:50,158] {logging_mixin.py:109} INFO - [2022-02-24 20:07:50,157] {dagbag.py:500} INFO - Filling up the DagBag from /home/airflow/.local/lib/python3.7/site-packages/airflow/example_dags/tutorial.py
[2022-02-24 20:07:50,187] {processor.py:654} INFO - DAG(s) dict_keys(['tutorial']) retrieved from /home/airflow/.local/lib/python3.7/site-packages/airflow/example_dags/tutorial.py
[2022-02-24 20:07:50,197] {logging_mixin.py:109} INFO - [2022-02-24 20:07:50,197] {dag.py:2396} INFO - Sync 1 DAGs
[2022-02-24 20:07:50,213] {logging_mixin.py:109} INFO - [2022-02-24 20:07:50,213] {dag.py:2935} INFO - Setting next_dagrun for tutorial to 2022-02-23T20:07:50.213381+00:00
[2022-02-24 20:07:50,223] {processor.py:171} INFO - Processing /home/airflow/.local/lib/python3.7/site-packages/airflow/example_dags/tutorial.py took 0.072 seconds
[2022-02-24 20:08:20,328] {processor.py:163} INFO - Started process (PID=830) to work on /home/airflow/.local/lib/python3.7/site-packages/airflow/example_dags/tutorial.py
[2022-02-24 20:08:20,330] {processor.py:642} INFO - Processing file /home/airflow/.local/lib/python3.7/site-packages/airflow/example_dags/tutorial.py for tasks to queue
[2022-02-24 20:08:20,331] {logging_mixin.py:109} INFO - [2022-02-24 20:08:20,331] {dagbag.py:500} INFO - Filling up the DagBag from /home/airflow/.local/lib/python3.7/site-packages/airflow/example_dags/tutorial.py
[2022-02-24 20:08:20,359] {processor.py:654} INFO - DAG(s) dict_keys(['tutorial']) retrieved from /home/airflow/.local/lib/python3.7/site-packages/airflow/example_dags/tutorial.py
[2022-02-24 20:08:20,370] {logging_mixin.py:109} INFO - [2022-02-24 20:08:20,370] {dag.py:2396} INFO - Sync 1 DAGs
[2022-02-24 20:08:20,387] {logging_mixin.py:109} INFO - [2022-02-24 20:08:20,387] {dag.py:2935} INFO - Setting next_dagrun for tutorial to 2022-02-23T20:08:20.387178+00:00
[2022-02-24 20:08:20,396] {processor.py:171} INFO - Processing /home/airflow/.local/lib/python3.7/site-packages/airflow/example_dags/tutorial.py took 0.071 seconds
[2022-02-24 20:08:50,478] {processor.py:163} INFO - Started process (PID=886) to work on /home/airflow/.local/lib/python3.7/site-packages/airflow/example_dags/tutorial.py
[2022-02-24 20:08:50,481] {processor.py:642} INFO - Processing file /home/airflow/.local/lib/python3.7/site-packages/airflow/example_dags/tutorial.py for tasks to queue
[2022-02-24 20:08:50,483] {logging_mixin.py:109} INFO - [2022-02-24 20:08:50,483] {dagbag.py:500} INFO - Filling up the DagBag from /home/airflow/.local/lib/python3.7/site-packages/airflow/example_dags/tutorial.py
[2022-02-24 20:08:50,535] {processor.py:654} INFO - DAG(s) dict_keys(['tutorial']) retrieved from /home/airflow/.local/lib/python3.7/site-packages/airflow/example_dags/tutorial.py
[2022-02-24 20:08:50,557] {logging_mixin.py:109} INFO - [2022-02-24 20:08:50,557] {dag.py:2396} INFO - Sync 1 DAGs
[2022-02-24 20:08:50,593] {logging_mixin.py:109} INFO - [2022-02-24 20:08:50,593] {dag.py:2935} INFO - Setting next_dagrun for tutorial to 2022-02-23T20:08:50.592937+00:00
[2022-02-24 20:08:50,609] {processor.py:171} INFO - Processing /home/airflow/.local/lib/python3.7/site-packages/airflow/example_dags/tutorial.py took 0.144 seconds
[2022-02-24 20:09:20,971] {processor.py:163} INFO - Started process (PID=953) to work on /home/airflow/.local/lib/python3.7/site-packages/airflow/example_dags/tutorial.py
[2022-02-24 20:09:20,974] {processor.py:642} INFO - Processing file /home/airflow/.local/lib/python3.7/site-packages/airflow/example_dags/tutorial.py for tasks to queue
[2022-02-24 20:09:20,976] {logging_mixin.py:109} INFO - [2022-02-24 20:09:20,976] {dagbag.py:500} INFO - Filling up the DagBag from /home/airflow/.local/lib/python3.7/site-packages/airflow/example_dags/tutorial.py
[2022-02-24 20:09:21,040] {processor.py:654} INFO - DAG(s) dict_keys(['tutorial']) retrieved from /home/airflow/.local/lib/python3.7/site-packages/airflow/example_dags/tutorial.py
[2022-02-24 20:09:21,050] {logging_mixin.py:109} INFO - [2022-02-24 20:09:21,049] {dag.py:2396} INFO - Sync 1 DAGs
[2022-02-24 20:09:21,064] {logging_mixin.py:109} INFO - [2022-02-24 20:09:21,064] {dag.py:2935} INFO - Setting next_dagrun for tutorial to 2022-02-23T20:09:21.064070+00:00
[2022-02-24 20:09:21,073] {processor.py:171} INFO - Processing /home/airflow/.local/lib/python3.7/site-packages/airflow/example_dags/tutorial.py took 0.106 seconds
[2022-02-24 20:09:52,109] {processor.py:163} INFO - Started process (PID=1006) to work on /home/airflow/.local/lib/python3.7/site-packages/airflow/example_dags/tutorial.py
[2022-02-24 20:09:52,110] {processor.py:642} INFO - Processing file /home/airflow/.local/lib/python3.7/site-packages/airflow/example_dags/tutorial.py for tasks to queue
[2022-02-24 20:09:52,111] {logging_mixin.py:109} INFO - [2022-02-24 20:09:52,111] {dagbag.py:500} INFO - Filling up the DagBag from /home/airflow/.local/lib/python3.7/site-packages/airflow/example_dags/tutorial.py
[2022-02-24 20:09:52,143] {processor.py:654} INFO - DAG(s) dict_keys(['tutorial']) retrieved from /home/airflow/.local/lib/python3.7/site-packages/airflow/example_dags/tutorial.py
[2022-02-24 20:09:52,157] {logging_mixin.py:109} INFO - [2022-02-24 20:09:52,157] {dag.py:2396} INFO - Sync 1 DAGs
[2022-02-24 20:09:52,177] {logging_mixin.py:109} INFO - [2022-02-24 20:09:52,177] {dag.py:2935} INFO - Setting next_dagrun for tutorial to 2022-02-23T20:09:52.177316+00:00
[2022-02-24 20:09:52,189] {processor.py:171} INFO - Processing /home/airflow/.local/lib/python3.7/site-packages/airflow/example_dags/tutorial.py took 0.088 seconds
[2022-02-24 20:10:22,399] {processor.py:163} INFO - Started process (PID=1061) to work on /home/airflow/.local/lib/python3.7/site-packages/airflow/example_dags/tutorial.py
[2022-02-24 20:10:22,401] {processor.py:642} INFO - Processing file /home/airflow/.local/lib/python3.7/site-packages/airflow/example_dags/tutorial.py for tasks to queue
[2022-02-24 20:10:22,403] {logging_mixin.py:109} INFO - [2022-02-24 20:10:22,403] {dagbag.py:500} INFO - Filling up the DagBag from /home/airflow/.local/lib/python3.7/site-packages/airflow/example_dags/tutorial.py
[2022-02-24 20:10:22,443] {processor.py:654} INFO - DAG(s) dict_keys(['tutorial']) retrieved from /home/airflow/.local/lib/python3.7/site-packages/airflow/example_dags/tutorial.py
[2022-02-24 20:10:22,453] {logging_mixin.py:109} INFO - [2022-02-24 20:10:22,453] {dag.py:2396} INFO - Sync 1 DAGs
[2022-02-24 20:10:22,474] {logging_mixin.py:109} INFO - [2022-02-24 20:10:22,472] {dag.py:2935} INFO - Setting next_dagrun for tutorial to 2022-02-23T20:10:22.471850+00:00
[2022-02-24 20:10:22,485] {processor.py:171} INFO - Processing /home/airflow/.local/lib/python3.7/site-packages/airflow/example_dags/tutorial.py took 0.091 seconds
[2022-02-24 20:10:52,838] {processor.py:163} INFO - Started process (PID=1120) to work on /home/airflow/.local/lib/python3.7/site-packages/airflow/example_dags/tutorial.py
[2022-02-24 20:10:52,841] {processor.py:642} INFO - Processing file /home/airflow/.local/lib/python3.7/site-packages/airflow/example_dags/tutorial.py for tasks to queue
[2022-02-24 20:10:52,843] {logging_mixin.py:109} INFO - [2022-02-24 20:10:52,843] {dagbag.py:500} INFO - Filling up the DagBag from /home/airflow/.local/lib/python3.7/site-packages/airflow/example_dags/tutorial.py
[2022-02-24 20:10:52,889] {processor.py:654} INFO - DAG(s) dict_keys(['tutorial']) retrieved from /home/airflow/.local/lib/python3.7/site-packages/airflow/example_dags/tutorial.py
[2022-02-24 20:10:52,904] {logging_mixin.py:109} INFO - [2022-02-24 20:10:52,904] {dag.py:2396} INFO - Sync 1 DAGs
[2022-02-24 20:10:52,931] {logging_mixin.py:109} INFO - [2022-02-24 20:10:52,931] {dag.py:2935} INFO - Setting next_dagrun for tutorial to 2022-02-23T20:10:52.931047+00:00
[2022-02-24 20:10:52,943] {processor.py:171} INFO - Processing /home/airflow/.local/lib/python3.7/site-packages/airflow/example_dags/tutorial.py took 0.112 seconds
[2022-02-24 20:11:23,916] {processor.py:163} INFO - Started process (PID=1174) to work on /home/airflow/.local/lib/python3.7/site-packages/airflow/example_dags/tutorial.py
[2022-02-24 20:11:23,918] {processor.py:642} INFO - Processing file /home/airflow/.local/lib/python3.7/site-packages/airflow/example_dags/tutorial.py for tasks to queue
[2022-02-24 20:11:23,919] {logging_mixin.py:109} INFO - [2022-02-24 20:11:23,919] {dagbag.py:500} INFO - Filling up the DagBag from /home/airflow/.local/lib/python3.7/site-packages/airflow/example_dags/tutorial.py
[2022-02-24 20:11:23,950] {processor.py:654} INFO - DAG(s) dict_keys(['tutorial']) retrieved from /home/airflow/.local/lib/python3.7/site-packages/airflow/example_dags/tutorial.py
[2022-02-24 20:11:23,963] {logging_mixin.py:109} INFO - [2022-02-24 20:11:23,963] {dag.py:2396} INFO - Sync 1 DAGs
[2022-02-24 20:11:23,980] {logging_mixin.py:109} INFO - [2022-02-24 20:11:23,980] {dag.py:2935} INFO - Setting next_dagrun for tutorial to 2022-02-23T20:11:23.980377+00:00
[2022-02-24 20:11:23,990] {processor.py:171} INFO - Processing /home/airflow/.local/lib/python3.7/site-packages/airflow/example_dags/tutorial.py took 0.080 seconds
[2022-02-24 20:11:54,546] {processor.py:163} INFO - Started process (PID=1231) to work on /home/airflow/.local/lib/python3.7/site-packages/airflow/example_dags/tutorial.py
[2022-02-24 20:11:54,547] {processor.py:642} INFO - Processing file /home/airflow/.local/lib/python3.7/site-packages/airflow/example_dags/tutorial.py for tasks to queue
[2022-02-24 20:11:54,549] {logging_mixin.py:109} INFO - [2022-02-24 20:11:54,549] {dagbag.py:500} INFO - Filling up the DagBag from /home/airflow/.local/lib/python3.7/site-packages/airflow/example_dags/tutorial.py
[2022-02-24 20:11:54,596] {processor.py:654} INFO - DAG(s) dict_keys(['tutorial']) retrieved from /home/airflow/.local/lib/python3.7/site-packages/airflow/example_dags/tutorial.py
[2022-02-24 20:11:54,615] {logging_mixin.py:109} INFO - [2022-02-24 20:11:54,614] {dag.py:2396} INFO - Sync 1 DAGs
[2022-02-24 20:11:54,639] {logging_mixin.py:109} INFO - [2022-02-24 20:11:54,639] {dag.py:2935} INFO - Setting next_dagrun for tutorial to 2022-02-23T20:11:54.639120+00:00
[2022-02-24 20:11:54,654] {processor.py:171} INFO - Processing /home/airflow/.local/lib/python3.7/site-packages/airflow/example_dags/tutorial.py took 0.115 seconds
