[2022-02-24 19:52:43,037] {processor.py:163} INFO - Started process (PID=121) to work on /home/airflow/.local/lib/python3.7/site-packages/airflow/example_dags/tutorial_etl_dag.py
[2022-02-24 19:52:43,040] {processor.py:642} INFO - Processing file /home/airflow/.local/lib/python3.7/site-packages/airflow/example_dags/tutorial_etl_dag.py for tasks to queue
[2022-02-24 19:52:43,042] {logging_mixin.py:109} INFO - [2022-02-24 19:52:43,042] {dagbag.py:500} INFO - Filling up the DagBag from /home/airflow/.local/lib/python3.7/site-packages/airflow/example_dags/tutorial_etl_dag.py
[2022-02-24 19:52:43,095] {processor.py:654} INFO - DAG(s) dict_keys(['tutorial_etl_dag']) retrieved from /home/airflow/.local/lib/python3.7/site-packages/airflow/example_dags/tutorial_etl_dag.py
[2022-02-24 19:52:52,313] {logging_mixin.py:109} INFO - [2022-02-24 19:52:52,313] {manager.py:496} INFO - Created Permission View: can read on DAG:tutorial_etl_dag
[2022-02-24 19:52:52,399] {logging_mixin.py:109} INFO - [2022-02-24 19:52:52,399] {manager.py:496} INFO - Created Permission View: can edit on DAG:tutorial_etl_dag
[2022-02-24 19:52:52,405] {logging_mixin.py:109} INFO - [2022-02-24 19:52:52,403] {dag.py:2396} INFO - Sync 1 DAGs
[2022-02-24 19:52:52,494] {logging_mixin.py:109} INFO - [2022-02-24 19:52:52,494] {dag.py:2415} INFO - Creating ORM DAG for tutorial_etl_dag
[2022-02-24 19:52:52,606] {logging_mixin.py:109} INFO - [2022-02-24 19:52:52,604] {dag.py:2935} INFO - Setting next_dagrun for tutorial_etl_dag to None
[2022-02-24 19:52:52,775] {processor.py:171} INFO - Processing /home/airflow/.local/lib/python3.7/site-packages/airflow/example_dags/tutorial_etl_dag.py took 9.741 seconds
[2022-02-24 19:54:14,354] {processor.py:163} INFO - Started process (PID=251) to work on /home/airflow/.local/lib/python3.7/site-packages/airflow/example_dags/tutorial_etl_dag.py
[2022-02-24 19:54:14,357] {processor.py:642} INFO - Processing file /home/airflow/.local/lib/python3.7/site-packages/airflow/example_dags/tutorial_etl_dag.py for tasks to queue
[2022-02-24 19:54:14,359] {logging_mixin.py:109} INFO - [2022-02-24 19:54:14,359] {dagbag.py:500} INFO - Filling up the DagBag from /home/airflow/.local/lib/python3.7/site-packages/airflow/example_dags/tutorial_etl_dag.py
[2022-02-24 19:54:14,392] {processor.py:654} INFO - DAG(s) dict_keys(['tutorial_etl_dag']) retrieved from /home/airflow/.local/lib/python3.7/site-packages/airflow/example_dags/tutorial_etl_dag.py
[2022-02-24 19:54:14,407] {logging_mixin.py:109} INFO - [2022-02-24 19:54:14,407] {dag.py:2396} INFO - Sync 1 DAGs
[2022-02-24 19:54:14,492] {logging_mixin.py:109} INFO - [2022-02-24 19:54:14,492] {dag.py:2935} INFO - Setting next_dagrun for tutorial_etl_dag to None
[2022-02-24 19:54:14,540] {processor.py:171} INFO - Processing /home/airflow/.local/lib/python3.7/site-packages/airflow/example_dags/tutorial_etl_dag.py took 0.191 seconds
[2022-02-24 19:54:46,867] {processor.py:163} INFO - Started process (PID=307) to work on /home/airflow/.local/lib/python3.7/site-packages/airflow/example_dags/tutorial_etl_dag.py
[2022-02-24 19:54:46,873] {processor.py:642} INFO - Processing file /home/airflow/.local/lib/python3.7/site-packages/airflow/example_dags/tutorial_etl_dag.py for tasks to queue
[2022-02-24 19:54:46,883] {logging_mixin.py:109} INFO - [2022-02-24 19:54:46,883] {dagbag.py:500} INFO - Filling up the DagBag from /home/airflow/.local/lib/python3.7/site-packages/airflow/example_dags/tutorial_etl_dag.py
[2022-02-24 19:54:46,945] {processor.py:654} INFO - DAG(s) dict_keys(['tutorial_etl_dag']) retrieved from /home/airflow/.local/lib/python3.7/site-packages/airflow/example_dags/tutorial_etl_dag.py
[2022-02-24 19:54:46,966] {logging_mixin.py:109} INFO - [2022-02-24 19:54:46,966] {dag.py:2396} INFO - Sync 1 DAGs
[2022-02-24 19:54:47,012] {logging_mixin.py:109} INFO - [2022-02-24 19:54:47,012] {dag.py:2935} INFO - Setting next_dagrun for tutorial_etl_dag to None
[2022-02-24 19:54:47,049] {processor.py:171} INFO - Processing /home/airflow/.local/lib/python3.7/site-packages/airflow/example_dags/tutorial_etl_dag.py took 0.189 seconds
[2022-02-24 19:55:17,165] {processor.py:163} INFO - Started process (PID=369) to work on /home/airflow/.local/lib/python3.7/site-packages/airflow/example_dags/tutorial_etl_dag.py
[2022-02-24 19:55:17,168] {processor.py:642} INFO - Processing file /home/airflow/.local/lib/python3.7/site-packages/airflow/example_dags/tutorial_etl_dag.py for tasks to queue
[2022-02-24 19:55:17,170] {logging_mixin.py:109} INFO - [2022-02-24 19:55:17,169] {dagbag.py:500} INFO - Filling up the DagBag from /home/airflow/.local/lib/python3.7/site-packages/airflow/example_dags/tutorial_etl_dag.py
[2022-02-24 19:55:17,201] {processor.py:654} INFO - DAG(s) dict_keys(['tutorial_etl_dag']) retrieved from /home/airflow/.local/lib/python3.7/site-packages/airflow/example_dags/tutorial_etl_dag.py
[2022-02-24 19:55:17,213] {logging_mixin.py:109} INFO - [2022-02-24 19:55:17,213] {dag.py:2396} INFO - Sync 1 DAGs
[2022-02-24 19:55:17,233] {logging_mixin.py:109} INFO - [2022-02-24 19:55:17,233] {dag.py:2935} INFO - Setting next_dagrun for tutorial_etl_dag to None
[2022-02-24 19:55:17,244] {processor.py:171} INFO - Processing /home/airflow/.local/lib/python3.7/site-packages/airflow/example_dags/tutorial_etl_dag.py took 0.085 seconds
[2022-02-24 19:55:47,358] {processor.py:163} INFO - Started process (PID=430) to work on /home/airflow/.local/lib/python3.7/site-packages/airflow/example_dags/tutorial_etl_dag.py
[2022-02-24 19:55:47,361] {processor.py:642} INFO - Processing file /home/airflow/.local/lib/python3.7/site-packages/airflow/example_dags/tutorial_etl_dag.py for tasks to queue
[2022-02-24 19:55:47,363] {logging_mixin.py:109} INFO - [2022-02-24 19:55:47,363] {dagbag.py:500} INFO - Filling up the DagBag from /home/airflow/.local/lib/python3.7/site-packages/airflow/example_dags/tutorial_etl_dag.py
[2022-02-24 19:55:47,395] {processor.py:654} INFO - DAG(s) dict_keys(['tutorial_etl_dag']) retrieved from /home/airflow/.local/lib/python3.7/site-packages/airflow/example_dags/tutorial_etl_dag.py
[2022-02-24 19:55:47,438] {logging_mixin.py:109} INFO - [2022-02-24 19:55:47,438] {dag.py:2396} INFO - Sync 1 DAGs
[2022-02-24 19:55:47,490] {logging_mixin.py:109} INFO - [2022-02-24 19:55:47,490] {dag.py:2935} INFO - Setting next_dagrun for tutorial_etl_dag to None
[2022-02-24 19:55:47,511] {processor.py:171} INFO - Processing /home/airflow/.local/lib/python3.7/site-packages/airflow/example_dags/tutorial_etl_dag.py took 0.158 seconds
[2022-02-24 19:56:18,046] {processor.py:163} INFO - Started process (PID=491) to work on /home/airflow/.local/lib/python3.7/site-packages/airflow/example_dags/tutorial_etl_dag.py
[2022-02-24 19:56:18,052] {processor.py:642} INFO - Processing file /home/airflow/.local/lib/python3.7/site-packages/airflow/example_dags/tutorial_etl_dag.py for tasks to queue
[2022-02-24 19:56:18,054] {logging_mixin.py:109} INFO - [2022-02-24 19:56:18,054] {dagbag.py:500} INFO - Filling up the DagBag from /home/airflow/.local/lib/python3.7/site-packages/airflow/example_dags/tutorial_etl_dag.py
[2022-02-24 19:56:18,131] {processor.py:654} INFO - DAG(s) dict_keys(['tutorial_etl_dag']) retrieved from /home/airflow/.local/lib/python3.7/site-packages/airflow/example_dags/tutorial_etl_dag.py
[2022-02-24 19:56:18,150] {logging_mixin.py:109} INFO - [2022-02-24 19:56:18,150] {dag.py:2396} INFO - Sync 1 DAGs
[2022-02-24 19:56:18,175] {logging_mixin.py:109} INFO - [2022-02-24 19:56:18,175] {dag.py:2935} INFO - Setting next_dagrun for tutorial_etl_dag to None
[2022-02-24 19:56:18,193] {processor.py:171} INFO - Processing /home/airflow/.local/lib/python3.7/site-packages/airflow/example_dags/tutorial_etl_dag.py took 0.152 seconds
[2022-02-24 19:56:49,174] {processor.py:163} INFO - Started process (PID=547) to work on /home/airflow/.local/lib/python3.7/site-packages/airflow/example_dags/tutorial_etl_dag.py
[2022-02-24 19:56:49,175] {processor.py:642} INFO - Processing file /home/airflow/.local/lib/python3.7/site-packages/airflow/example_dags/tutorial_etl_dag.py for tasks to queue
[2022-02-24 19:56:49,176] {logging_mixin.py:109} INFO - [2022-02-24 19:56:49,176] {dagbag.py:500} INFO - Filling up the DagBag from /home/airflow/.local/lib/python3.7/site-packages/airflow/example_dags/tutorial_etl_dag.py
[2022-02-24 19:56:49,224] {processor.py:654} INFO - DAG(s) dict_keys(['tutorial_etl_dag']) retrieved from /home/airflow/.local/lib/python3.7/site-packages/airflow/example_dags/tutorial_etl_dag.py
[2022-02-24 19:56:49,248] {logging_mixin.py:109} INFO - [2022-02-24 19:56:49,248] {dag.py:2396} INFO - Sync 1 DAGs
[2022-02-24 19:56:49,277] {logging_mixin.py:109} INFO - [2022-02-24 19:56:49,277] {dag.py:2935} INFO - Setting next_dagrun for tutorial_etl_dag to None
[2022-02-24 19:56:49,294] {processor.py:171} INFO - Processing /home/airflow/.local/lib/python3.7/site-packages/airflow/example_dags/tutorial_etl_dag.py took 0.130 seconds
[2022-02-24 19:57:19,379] {processor.py:163} INFO - Started process (PID=601) to work on /home/airflow/.local/lib/python3.7/site-packages/airflow/example_dags/tutorial_etl_dag.py
[2022-02-24 19:57:19,385] {processor.py:642} INFO - Processing file /home/airflow/.local/lib/python3.7/site-packages/airflow/example_dags/tutorial_etl_dag.py for tasks to queue
[2022-02-24 19:57:19,390] {logging_mixin.py:109} INFO - [2022-02-24 19:57:19,389] {dagbag.py:500} INFO - Filling up the DagBag from /home/airflow/.local/lib/python3.7/site-packages/airflow/example_dags/tutorial_etl_dag.py
[2022-02-24 19:57:19,477] {processor.py:654} INFO - DAG(s) dict_keys(['tutorial_etl_dag']) retrieved from /home/airflow/.local/lib/python3.7/site-packages/airflow/example_dags/tutorial_etl_dag.py
[2022-02-24 19:57:19,518] {logging_mixin.py:109} INFO - [2022-02-24 19:57:19,518] {dag.py:2396} INFO - Sync 1 DAGs
[2022-02-24 19:57:19,565] {logging_mixin.py:109} INFO - [2022-02-24 19:57:19,565] {dag.py:2935} INFO - Setting next_dagrun for tutorial_etl_dag to None
[2022-02-24 19:57:19,594] {processor.py:171} INFO - Processing /home/airflow/.local/lib/python3.7/site-packages/airflow/example_dags/tutorial_etl_dag.py took 0.228 seconds
[2022-02-24 19:57:50,356] {processor.py:163} INFO - Started process (PID=655) to work on /home/airflow/.local/lib/python3.7/site-packages/airflow/example_dags/tutorial_etl_dag.py
[2022-02-24 19:57:50,358] {processor.py:642} INFO - Processing file /home/airflow/.local/lib/python3.7/site-packages/airflow/example_dags/tutorial_etl_dag.py for tasks to queue
[2022-02-24 19:57:50,359] {logging_mixin.py:109} INFO - [2022-02-24 19:57:50,359] {dagbag.py:500} INFO - Filling up the DagBag from /home/airflow/.local/lib/python3.7/site-packages/airflow/example_dags/tutorial_etl_dag.py
[2022-02-24 19:57:50,390] {processor.py:654} INFO - DAG(s) dict_keys(['tutorial_etl_dag']) retrieved from /home/airflow/.local/lib/python3.7/site-packages/airflow/example_dags/tutorial_etl_dag.py
[2022-02-24 19:57:50,401] {logging_mixin.py:109} INFO - [2022-02-24 19:57:50,400] {dag.py:2396} INFO - Sync 1 DAGs
[2022-02-24 19:57:50,416] {logging_mixin.py:109} INFO - [2022-02-24 19:57:50,416] {dag.py:2935} INFO - Setting next_dagrun for tutorial_etl_dag to None
[2022-02-24 19:57:50,427] {processor.py:171} INFO - Processing /home/airflow/.local/lib/python3.7/site-packages/airflow/example_dags/tutorial_etl_dag.py took 0.078 seconds
[2022-02-24 20:01:18,424] {processor.py:163} INFO - Started process (PID=59) to work on /home/airflow/.local/lib/python3.7/site-packages/airflow/example_dags/tutorial_etl_dag.py
[2022-02-24 20:01:18,435] {processor.py:642} INFO - Processing file /home/airflow/.local/lib/python3.7/site-packages/airflow/example_dags/tutorial_etl_dag.py for tasks to queue
[2022-02-24 20:01:18,440] {logging_mixin.py:109} INFO - [2022-02-24 20:01:18,439] {dagbag.py:500} INFO - Filling up the DagBag from /home/airflow/.local/lib/python3.7/site-packages/airflow/example_dags/tutorial_etl_dag.py
[2022-02-24 20:01:18,580] {processor.py:654} INFO - DAG(s) dict_keys(['tutorial_etl_dag']) retrieved from /home/airflow/.local/lib/python3.7/site-packages/airflow/example_dags/tutorial_etl_dag.py
[2022-02-24 20:01:18,629] {logging_mixin.py:109} INFO - [2022-02-24 20:01:18,628] {dag.py:2396} INFO - Sync 1 DAGs
[2022-02-24 20:01:18,703] {logging_mixin.py:109} INFO - [2022-02-24 20:01:18,703] {dag.py:2935} INFO - Setting next_dagrun for tutorial_etl_dag to None
[2022-02-24 20:01:18,742] {processor.py:171} INFO - Processing /home/airflow/.local/lib/python3.7/site-packages/airflow/example_dags/tutorial_etl_dag.py took 0.337 seconds
[2022-02-24 20:01:48,863] {processor.py:163} INFO - Started process (PID=108) to work on /home/airflow/.local/lib/python3.7/site-packages/airflow/example_dags/tutorial_etl_dag.py
[2022-02-24 20:01:48,865] {processor.py:642} INFO - Processing file /home/airflow/.local/lib/python3.7/site-packages/airflow/example_dags/tutorial_etl_dag.py for tasks to queue
[2022-02-24 20:01:48,871] {logging_mixin.py:109} INFO - [2022-02-24 20:01:48,871] {dagbag.py:500} INFO - Filling up the DagBag from /home/airflow/.local/lib/python3.7/site-packages/airflow/example_dags/tutorial_etl_dag.py
[2022-02-24 20:01:48,897] {processor.py:654} INFO - DAG(s) dict_keys(['tutorial_etl_dag']) retrieved from /home/airflow/.local/lib/python3.7/site-packages/airflow/example_dags/tutorial_etl_dag.py
[2022-02-24 20:01:48,908] {logging_mixin.py:109} INFO - [2022-02-24 20:01:48,908] {dag.py:2396} INFO - Sync 1 DAGs
[2022-02-24 20:01:48,924] {logging_mixin.py:109} INFO - [2022-02-24 20:01:48,923] {dag.py:2935} INFO - Setting next_dagrun for tutorial_etl_dag to None
[2022-02-24 20:01:48,935] {processor.py:171} INFO - Processing /home/airflow/.local/lib/python3.7/site-packages/airflow/example_dags/tutorial_etl_dag.py took 0.076 seconds
[2022-02-24 20:02:19,270] {processor.py:163} INFO - Started process (PID=165) to work on /home/airflow/.local/lib/python3.7/site-packages/airflow/example_dags/tutorial_etl_dag.py
[2022-02-24 20:02:19,272] {processor.py:642} INFO - Processing file /home/airflow/.local/lib/python3.7/site-packages/airflow/example_dags/tutorial_etl_dag.py for tasks to queue
[2022-02-24 20:02:19,274] {logging_mixin.py:109} INFO - [2022-02-24 20:02:19,274] {dagbag.py:500} INFO - Filling up the DagBag from /home/airflow/.local/lib/python3.7/site-packages/airflow/example_dags/tutorial_etl_dag.py
[2022-02-24 20:02:19,315] {processor.py:654} INFO - DAG(s) dict_keys(['tutorial_etl_dag']) retrieved from /home/airflow/.local/lib/python3.7/site-packages/airflow/example_dags/tutorial_etl_dag.py
[2022-02-24 20:02:19,328] {logging_mixin.py:109} INFO - [2022-02-24 20:02:19,328] {dag.py:2396} INFO - Sync 1 DAGs
[2022-02-24 20:02:19,347] {logging_mixin.py:109} INFO - [2022-02-24 20:02:19,347] {dag.py:2935} INFO - Setting next_dagrun for tutorial_etl_dag to None
[2022-02-24 20:02:19,358] {processor.py:171} INFO - Processing /home/airflow/.local/lib/python3.7/site-packages/airflow/example_dags/tutorial_etl_dag.py took 0.097 seconds
[2022-02-24 20:02:50,609] {processor.py:163} INFO - Started process (PID=228) to work on /home/airflow/.local/lib/python3.7/site-packages/airflow/example_dags/tutorial_etl_dag.py
[2022-02-24 20:02:50,621] {processor.py:642} INFO - Processing file /home/airflow/.local/lib/python3.7/site-packages/airflow/example_dags/tutorial_etl_dag.py for tasks to queue
[2022-02-24 20:02:50,626] {logging_mixin.py:109} INFO - [2022-02-24 20:02:50,625] {dagbag.py:500} INFO - Filling up the DagBag from /home/airflow/.local/lib/python3.7/site-packages/airflow/example_dags/tutorial_etl_dag.py
[2022-02-24 20:02:50,886] {processor.py:654} INFO - DAG(s) dict_keys(['tutorial_etl_dag']) retrieved from /home/airflow/.local/lib/python3.7/site-packages/airflow/example_dags/tutorial_etl_dag.py
[2022-02-24 20:02:51,033] {logging_mixin.py:109} INFO - [2022-02-24 20:02:51,033] {dag.py:2396} INFO - Sync 1 DAGs
[2022-02-24 20:02:51,189] {logging_mixin.py:109} INFO - [2022-02-24 20:02:51,189] {dag.py:2935} INFO - Setting next_dagrun for tutorial_etl_dag to None
[2022-02-24 20:02:51,337] {processor.py:171} INFO - Processing /home/airflow/.local/lib/python3.7/site-packages/airflow/example_dags/tutorial_etl_dag.py took 0.740 seconds
[2022-02-24 20:03:22,005] {processor.py:163} INFO - Started process (PID=273) to work on /home/airflow/.local/lib/python3.7/site-packages/airflow/example_dags/tutorial_etl_dag.py
[2022-02-24 20:03:22,007] {processor.py:642} INFO - Processing file /home/airflow/.local/lib/python3.7/site-packages/airflow/example_dags/tutorial_etl_dag.py for tasks to queue
[2022-02-24 20:03:22,008] {logging_mixin.py:109} INFO - [2022-02-24 20:03:22,007] {dagbag.py:500} INFO - Filling up the DagBag from /home/airflow/.local/lib/python3.7/site-packages/airflow/example_dags/tutorial_etl_dag.py
[2022-02-24 20:03:22,036] {processor.py:654} INFO - DAG(s) dict_keys(['tutorial_etl_dag']) retrieved from /home/airflow/.local/lib/python3.7/site-packages/airflow/example_dags/tutorial_etl_dag.py
[2022-02-24 20:03:22,046] {logging_mixin.py:109} INFO - [2022-02-24 20:03:22,046] {dag.py:2396} INFO - Sync 1 DAGs
[2022-02-24 20:03:22,068] {logging_mixin.py:109} INFO - [2022-02-24 20:03:22,068] {dag.py:2935} INFO - Setting next_dagrun for tutorial_etl_dag to None
[2022-02-24 20:03:22,094] {processor.py:171} INFO - Processing /home/airflow/.local/lib/python3.7/site-packages/airflow/example_dags/tutorial_etl_dag.py took 0.092 seconds
[2022-02-24 20:03:52,869] {processor.py:163} INFO - Started process (PID=340) to work on /home/airflow/.local/lib/python3.7/site-packages/airflow/example_dags/tutorial_etl_dag.py
[2022-02-24 20:03:52,895] {processor.py:642} INFO - Processing file /home/airflow/.local/lib/python3.7/site-packages/airflow/example_dags/tutorial_etl_dag.py for tasks to queue
[2022-02-24 20:03:52,904] {logging_mixin.py:109} INFO - [2022-02-24 20:03:52,903] {dagbag.py:500} INFO - Filling up the DagBag from /home/airflow/.local/lib/python3.7/site-packages/airflow/example_dags/tutorial_etl_dag.py
[2022-02-24 20:03:52,987] {processor.py:654} INFO - DAG(s) dict_keys(['tutorial_etl_dag']) retrieved from /home/airflow/.local/lib/python3.7/site-packages/airflow/example_dags/tutorial_etl_dag.py
[2022-02-24 20:03:53,013] {logging_mixin.py:109} INFO - [2022-02-24 20:03:53,013] {dag.py:2396} INFO - Sync 1 DAGs
[2022-02-24 20:03:53,149] {logging_mixin.py:109} INFO - [2022-02-24 20:03:53,148] {dag.py:2935} INFO - Setting next_dagrun for tutorial_etl_dag to None
[2022-02-24 20:03:53,232] {processor.py:171} INFO - Processing /home/airflow/.local/lib/python3.7/site-packages/airflow/example_dags/tutorial_etl_dag.py took 0.372 seconds
[2022-02-24 20:04:23,407] {processor.py:163} INFO - Started process (PID=388) to work on /home/airflow/.local/lib/python3.7/site-packages/airflow/example_dags/tutorial_etl_dag.py
[2022-02-24 20:04:23,412] {processor.py:642} INFO - Processing file /home/airflow/.local/lib/python3.7/site-packages/airflow/example_dags/tutorial_etl_dag.py for tasks to queue
[2022-02-24 20:04:23,414] {logging_mixin.py:109} INFO - [2022-02-24 20:04:23,414] {dagbag.py:500} INFO - Filling up the DagBag from /home/airflow/.local/lib/python3.7/site-packages/airflow/example_dags/tutorial_etl_dag.py
[2022-02-24 20:04:23,537] {processor.py:654} INFO - DAG(s) dict_keys(['tutorial_etl_dag']) retrieved from /home/airflow/.local/lib/python3.7/site-packages/airflow/example_dags/tutorial_etl_dag.py
[2022-02-24 20:04:23,568] {logging_mixin.py:109} INFO - [2022-02-24 20:04:23,568] {dag.py:2396} INFO - Sync 1 DAGs
[2022-02-24 20:04:23,652] {logging_mixin.py:109} INFO - [2022-02-24 20:04:23,652] {dag.py:2935} INFO - Setting next_dagrun for tutorial_etl_dag to None
[2022-02-24 20:04:23,678] {processor.py:171} INFO - Processing /home/airflow/.local/lib/python3.7/site-packages/airflow/example_dags/tutorial_etl_dag.py took 0.285 seconds
[2022-02-24 20:04:53,806] {processor.py:163} INFO - Started process (PID=445) to work on /home/airflow/.local/lib/python3.7/site-packages/airflow/example_dags/tutorial_etl_dag.py
[2022-02-24 20:04:53,808] {processor.py:642} INFO - Processing file /home/airflow/.local/lib/python3.7/site-packages/airflow/example_dags/tutorial_etl_dag.py for tasks to queue
[2022-02-24 20:04:53,809] {logging_mixin.py:109} INFO - [2022-02-24 20:04:53,809] {dagbag.py:500} INFO - Filling up the DagBag from /home/airflow/.local/lib/python3.7/site-packages/airflow/example_dags/tutorial_etl_dag.py
[2022-02-24 20:04:53,840] {processor.py:654} INFO - DAG(s) dict_keys(['tutorial_etl_dag']) retrieved from /home/airflow/.local/lib/python3.7/site-packages/airflow/example_dags/tutorial_etl_dag.py
[2022-02-24 20:04:53,851] {logging_mixin.py:109} INFO - [2022-02-24 20:04:53,851] {dag.py:2396} INFO - Sync 1 DAGs
[2022-02-24 20:04:53,867] {logging_mixin.py:109} INFO - [2022-02-24 20:04:53,867] {dag.py:2935} INFO - Setting next_dagrun for tutorial_etl_dag to None
[2022-02-24 20:04:53,877] {processor.py:171} INFO - Processing /home/airflow/.local/lib/python3.7/site-packages/airflow/example_dags/tutorial_etl_dag.py took 0.075 seconds
[2022-02-24 20:05:24,807] {processor.py:163} INFO - Started process (PID=499) to work on /home/airflow/.local/lib/python3.7/site-packages/airflow/example_dags/tutorial_etl_dag.py
[2022-02-24 20:05:24,809] {processor.py:642} INFO - Processing file /home/airflow/.local/lib/python3.7/site-packages/airflow/example_dags/tutorial_etl_dag.py for tasks to queue
[2022-02-24 20:05:24,810] {logging_mixin.py:109} INFO - [2022-02-24 20:05:24,810] {dagbag.py:500} INFO - Filling up the DagBag from /home/airflow/.local/lib/python3.7/site-packages/airflow/example_dags/tutorial_etl_dag.py
[2022-02-24 20:05:24,840] {processor.py:654} INFO - DAG(s) dict_keys(['tutorial_etl_dag']) retrieved from /home/airflow/.local/lib/python3.7/site-packages/airflow/example_dags/tutorial_etl_dag.py
[2022-02-24 20:05:24,853] {logging_mixin.py:109} INFO - [2022-02-24 20:05:24,853] {dag.py:2396} INFO - Sync 1 DAGs
[2022-02-24 20:05:24,869] {logging_mixin.py:109} INFO - [2022-02-24 20:05:24,869] {dag.py:2935} INFO - Setting next_dagrun for tutorial_etl_dag to None
[2022-02-24 20:05:24,887] {processor.py:171} INFO - Processing /home/airflow/.local/lib/python3.7/site-packages/airflow/example_dags/tutorial_etl_dag.py took 0.086 seconds
[2022-02-24 20:05:55,050] {processor.py:163} INFO - Started process (PID=554) to work on /home/airflow/.local/lib/python3.7/site-packages/airflow/example_dags/tutorial_etl_dag.py
[2022-02-24 20:05:55,055] {processor.py:642} INFO - Processing file /home/airflow/.local/lib/python3.7/site-packages/airflow/example_dags/tutorial_etl_dag.py for tasks to queue
[2022-02-24 20:05:55,058] {logging_mixin.py:109} INFO - [2022-02-24 20:05:55,058] {dagbag.py:500} INFO - Filling up the DagBag from /home/airflow/.local/lib/python3.7/site-packages/airflow/example_dags/tutorial_etl_dag.py
[2022-02-24 20:05:55,128] {processor.py:654} INFO - DAG(s) dict_keys(['tutorial_etl_dag']) retrieved from /home/airflow/.local/lib/python3.7/site-packages/airflow/example_dags/tutorial_etl_dag.py
[2022-02-24 20:05:55,151] {logging_mixin.py:109} INFO - [2022-02-24 20:05:55,151] {dag.py:2396} INFO - Sync 1 DAGs
[2022-02-24 20:05:55,179] {logging_mixin.py:109} INFO - [2022-02-24 20:05:55,179] {dag.py:2935} INFO - Setting next_dagrun for tutorial_etl_dag to None
[2022-02-24 20:05:55,195] {processor.py:171} INFO - Processing /home/airflow/.local/lib/python3.7/site-packages/airflow/example_dags/tutorial_etl_dag.py took 0.154 seconds
[2022-02-24 20:06:25,973] {processor.py:163} INFO - Started process (PID=609) to work on /home/airflow/.local/lib/python3.7/site-packages/airflow/example_dags/tutorial_etl_dag.py
[2022-02-24 20:06:25,976] {processor.py:642} INFO - Processing file /home/airflow/.local/lib/python3.7/site-packages/airflow/example_dags/tutorial_etl_dag.py for tasks to queue
[2022-02-24 20:06:25,977] {logging_mixin.py:109} INFO - [2022-02-24 20:06:25,977] {dagbag.py:500} INFO - Filling up the DagBag from /home/airflow/.local/lib/python3.7/site-packages/airflow/example_dags/tutorial_etl_dag.py
[2022-02-24 20:06:26,046] {processor.py:654} INFO - DAG(s) dict_keys(['tutorial_etl_dag']) retrieved from /home/airflow/.local/lib/python3.7/site-packages/airflow/example_dags/tutorial_etl_dag.py
[2022-02-24 20:06:26,075] {logging_mixin.py:109} INFO - [2022-02-24 20:06:26,075] {dag.py:2396} INFO - Sync 1 DAGs
[2022-02-24 20:06:26,114] {logging_mixin.py:109} INFO - [2022-02-24 20:06:26,114] {dag.py:2935} INFO - Setting next_dagrun for tutorial_etl_dag to None
[2022-02-24 20:06:26,142] {processor.py:171} INFO - Processing /home/airflow/.local/lib/python3.7/site-packages/airflow/example_dags/tutorial_etl_dag.py took 0.178 seconds
[2022-02-24 20:06:56,643] {processor.py:163} INFO - Started process (PID=663) to work on /home/airflow/.local/lib/python3.7/site-packages/airflow/example_dags/tutorial_etl_dag.py
[2022-02-24 20:06:56,647] {processor.py:642} INFO - Processing file /home/airflow/.local/lib/python3.7/site-packages/airflow/example_dags/tutorial_etl_dag.py for tasks to queue
[2022-02-24 20:06:56,650] {logging_mixin.py:109} INFO - [2022-02-24 20:06:56,650] {dagbag.py:500} INFO - Filling up the DagBag from /home/airflow/.local/lib/python3.7/site-packages/airflow/example_dags/tutorial_etl_dag.py
[2022-02-24 20:06:56,729] {processor.py:654} INFO - DAG(s) dict_keys(['tutorial_etl_dag']) retrieved from /home/airflow/.local/lib/python3.7/site-packages/airflow/example_dags/tutorial_etl_dag.py
[2022-02-24 20:06:56,743] {logging_mixin.py:109} INFO - [2022-02-24 20:06:56,743] {dag.py:2396} INFO - Sync 1 DAGs
[2022-02-24 20:06:56,778] {logging_mixin.py:109} INFO - [2022-02-24 20:06:56,778] {dag.py:2935} INFO - Setting next_dagrun for tutorial_etl_dag to None
[2022-02-24 20:06:56,799] {processor.py:171} INFO - Processing /home/airflow/.local/lib/python3.7/site-packages/airflow/example_dags/tutorial_etl_dag.py took 0.165 seconds
[2022-02-24 20:07:27,656] {processor.py:163} INFO - Started process (PID=735) to work on /home/airflow/.local/lib/python3.7/site-packages/airflow/example_dags/tutorial_etl_dag.py
[2022-02-24 20:07:27,661] {processor.py:642} INFO - Processing file /home/airflow/.local/lib/python3.7/site-packages/airflow/example_dags/tutorial_etl_dag.py for tasks to queue
[2022-02-24 20:07:27,664] {logging_mixin.py:109} INFO - [2022-02-24 20:07:27,664] {dagbag.py:500} INFO - Filling up the DagBag from /home/airflow/.local/lib/python3.7/site-packages/airflow/example_dags/tutorial_etl_dag.py
[2022-02-24 20:07:27,738] {processor.py:654} INFO - DAG(s) dict_keys(['tutorial_etl_dag']) retrieved from /home/airflow/.local/lib/python3.7/site-packages/airflow/example_dags/tutorial_etl_dag.py
[2022-02-24 20:07:27,766] {logging_mixin.py:109} INFO - [2022-02-24 20:07:27,766] {dag.py:2396} INFO - Sync 1 DAGs
[2022-02-24 20:07:27,844] {logging_mixin.py:109} INFO - [2022-02-24 20:07:27,844] {dag.py:2935} INFO - Setting next_dagrun for tutorial_etl_dag to None
[2022-02-24 20:07:27,888] {processor.py:171} INFO - Processing /home/airflow/.local/lib/python3.7/site-packages/airflow/example_dags/tutorial_etl_dag.py took 0.247 seconds
[2022-02-24 20:07:58,065] {processor.py:163} INFO - Started process (PID=791) to work on /home/airflow/.local/lib/python3.7/site-packages/airflow/example_dags/tutorial_etl_dag.py
[2022-02-24 20:07:58,071] {processor.py:642} INFO - Processing file /home/airflow/.local/lib/python3.7/site-packages/airflow/example_dags/tutorial_etl_dag.py for tasks to queue
[2022-02-24 20:07:58,073] {logging_mixin.py:109} INFO - [2022-02-24 20:07:58,073] {dagbag.py:500} INFO - Filling up the DagBag from /home/airflow/.local/lib/python3.7/site-packages/airflow/example_dags/tutorial_etl_dag.py
[2022-02-24 20:07:58,122] {processor.py:654} INFO - DAG(s) dict_keys(['tutorial_etl_dag']) retrieved from /home/airflow/.local/lib/python3.7/site-packages/airflow/example_dags/tutorial_etl_dag.py
[2022-02-24 20:07:58,141] {logging_mixin.py:109} INFO - [2022-02-24 20:07:58,141] {dag.py:2396} INFO - Sync 1 DAGs
[2022-02-24 20:07:58,171] {logging_mixin.py:109} INFO - [2022-02-24 20:07:58,171] {dag.py:2935} INFO - Setting next_dagrun for tutorial_etl_dag to None
[2022-02-24 20:07:58,190] {processor.py:171} INFO - Processing /home/airflow/.local/lib/python3.7/site-packages/airflow/example_dags/tutorial_etl_dag.py took 0.133 seconds
[2022-02-24 20:08:28,873] {processor.py:163} INFO - Started process (PID=846) to work on /home/airflow/.local/lib/python3.7/site-packages/airflow/example_dags/tutorial_etl_dag.py
[2022-02-24 20:08:28,876] {processor.py:642} INFO - Processing file /home/airflow/.local/lib/python3.7/site-packages/airflow/example_dags/tutorial_etl_dag.py for tasks to queue
[2022-02-24 20:08:28,878] {logging_mixin.py:109} INFO - [2022-02-24 20:08:28,878] {dagbag.py:500} INFO - Filling up the DagBag from /home/airflow/.local/lib/python3.7/site-packages/airflow/example_dags/tutorial_etl_dag.py
[2022-02-24 20:08:28,920] {processor.py:654} INFO - DAG(s) dict_keys(['tutorial_etl_dag']) retrieved from /home/airflow/.local/lib/python3.7/site-packages/airflow/example_dags/tutorial_etl_dag.py
[2022-02-24 20:08:28,929] {logging_mixin.py:109} INFO - [2022-02-24 20:08:28,929] {dag.py:2396} INFO - Sync 1 DAGs
[2022-02-24 20:08:28,949] {logging_mixin.py:109} INFO - [2022-02-24 20:08:28,949] {dag.py:2935} INFO - Setting next_dagrun for tutorial_etl_dag to None
[2022-02-24 20:08:28,959] {processor.py:171} INFO - Processing /home/airflow/.local/lib/python3.7/site-packages/airflow/example_dags/tutorial_etl_dag.py took 0.090 seconds
[2022-02-24 20:08:59,007] {processor.py:163} INFO - Started process (PID=900) to work on /home/airflow/.local/lib/python3.7/site-packages/airflow/example_dags/tutorial_etl_dag.py
[2022-02-24 20:08:59,009] {processor.py:642} INFO - Processing file /home/airflow/.local/lib/python3.7/site-packages/airflow/example_dags/tutorial_etl_dag.py for tasks to queue
[2022-02-24 20:08:59,010] {logging_mixin.py:109} INFO - [2022-02-24 20:08:59,010] {dagbag.py:500} INFO - Filling up the DagBag from /home/airflow/.local/lib/python3.7/site-packages/airflow/example_dags/tutorial_etl_dag.py
[2022-02-24 20:08:59,039] {processor.py:654} INFO - DAG(s) dict_keys(['tutorial_etl_dag']) retrieved from /home/airflow/.local/lib/python3.7/site-packages/airflow/example_dags/tutorial_etl_dag.py
[2022-02-24 20:08:59,049] {logging_mixin.py:109} INFO - [2022-02-24 20:08:59,049] {dag.py:2396} INFO - Sync 1 DAGs
[2022-02-24 20:08:59,064] {logging_mixin.py:109} INFO - [2022-02-24 20:08:59,064] {dag.py:2935} INFO - Setting next_dagrun for tutorial_etl_dag to None
[2022-02-24 20:08:59,073] {processor.py:171} INFO - Processing /home/airflow/.local/lib/python3.7/site-packages/airflow/example_dags/tutorial_etl_dag.py took 0.070 seconds
[2022-02-24 20:09:29,454] {processor.py:163} INFO - Started process (PID=959) to work on /home/airflow/.local/lib/python3.7/site-packages/airflow/example_dags/tutorial_etl_dag.py
[2022-02-24 20:09:29,456] {processor.py:642} INFO - Processing file /home/airflow/.local/lib/python3.7/site-packages/airflow/example_dags/tutorial_etl_dag.py for tasks to queue
[2022-02-24 20:09:29,458] {logging_mixin.py:109} INFO - [2022-02-24 20:09:29,457] {dagbag.py:500} INFO - Filling up the DagBag from /home/airflow/.local/lib/python3.7/site-packages/airflow/example_dags/tutorial_etl_dag.py
[2022-02-24 20:09:29,515] {processor.py:654} INFO - DAG(s) dict_keys(['tutorial_etl_dag']) retrieved from /home/airflow/.local/lib/python3.7/site-packages/airflow/example_dags/tutorial_etl_dag.py
[2022-02-24 20:09:29,537] {logging_mixin.py:109} INFO - [2022-02-24 20:09:29,537] {dag.py:2396} INFO - Sync 1 DAGs
[2022-02-24 20:09:29,575] {logging_mixin.py:109} INFO - [2022-02-24 20:09:29,575] {dag.py:2935} INFO - Setting next_dagrun for tutorial_etl_dag to None
[2022-02-24 20:09:29,611] {processor.py:171} INFO - Processing /home/airflow/.local/lib/python3.7/site-packages/airflow/example_dags/tutorial_etl_dag.py took 0.163 seconds
[2022-02-24 20:09:59,840] {processor.py:163} INFO - Started process (PID=1012) to work on /home/airflow/.local/lib/python3.7/site-packages/airflow/example_dags/tutorial_etl_dag.py
[2022-02-24 20:09:59,845] {processor.py:642} INFO - Processing file /home/airflow/.local/lib/python3.7/site-packages/airflow/example_dags/tutorial_etl_dag.py for tasks to queue
[2022-02-24 20:09:59,849] {logging_mixin.py:109} INFO - [2022-02-24 20:09:59,848] {dagbag.py:500} INFO - Filling up the DagBag from /home/airflow/.local/lib/python3.7/site-packages/airflow/example_dags/tutorial_etl_dag.py
[2022-02-24 20:09:59,959] {processor.py:654} INFO - DAG(s) dict_keys(['tutorial_etl_dag']) retrieved from /home/airflow/.local/lib/python3.7/site-packages/airflow/example_dags/tutorial_etl_dag.py
[2022-02-24 20:10:00,034] {logging_mixin.py:109} INFO - [2022-02-24 20:10:00,034] {dag.py:2396} INFO - Sync 1 DAGs
[2022-02-24 20:10:00,106] {logging_mixin.py:109} INFO - [2022-02-24 20:10:00,106] {dag.py:2935} INFO - Setting next_dagrun for tutorial_etl_dag to None
[2022-02-24 20:10:00,163] {processor.py:171} INFO - Processing /home/airflow/.local/lib/python3.7/site-packages/airflow/example_dags/tutorial_etl_dag.py took 0.332 seconds
[2022-02-24 20:10:31,215] {processor.py:163} INFO - Started process (PID=1084) to work on /home/airflow/.local/lib/python3.7/site-packages/airflow/example_dags/tutorial_etl_dag.py
[2022-02-24 20:10:31,242] {processor.py:642} INFO - Processing file /home/airflow/.local/lib/python3.7/site-packages/airflow/example_dags/tutorial_etl_dag.py for tasks to queue
[2022-02-24 20:10:31,254] {logging_mixin.py:109} INFO - [2022-02-24 20:10:31,254] {dagbag.py:500} INFO - Filling up the DagBag from /home/airflow/.local/lib/python3.7/site-packages/airflow/example_dags/tutorial_etl_dag.py
[2022-02-24 20:10:31,503] {processor.py:654} INFO - DAG(s) dict_keys(['tutorial_etl_dag']) retrieved from /home/airflow/.local/lib/python3.7/site-packages/airflow/example_dags/tutorial_etl_dag.py
[2022-02-24 20:10:31,530] {logging_mixin.py:109} INFO - [2022-02-24 20:10:31,530] {dag.py:2396} INFO - Sync 1 DAGs
[2022-02-24 20:10:31,562] {logging_mixin.py:109} INFO - [2022-02-24 20:10:31,562] {dag.py:2935} INFO - Setting next_dagrun for tutorial_etl_dag to None
[2022-02-24 20:10:31,598] {processor.py:171} INFO - Processing /home/airflow/.local/lib/python3.7/site-packages/airflow/example_dags/tutorial_etl_dag.py took 0.409 seconds
[2022-02-24 20:11:02,713] {processor.py:163} INFO - Started process (PID=1135) to work on /home/airflow/.local/lib/python3.7/site-packages/airflow/example_dags/tutorial_etl_dag.py
[2022-02-24 20:11:02,715] {processor.py:642} INFO - Processing file /home/airflow/.local/lib/python3.7/site-packages/airflow/example_dags/tutorial_etl_dag.py for tasks to queue
[2022-02-24 20:11:02,719] {logging_mixin.py:109} INFO - [2022-02-24 20:11:02,719] {dagbag.py:500} INFO - Filling up the DagBag from /home/airflow/.local/lib/python3.7/site-packages/airflow/example_dags/tutorial_etl_dag.py
[2022-02-24 20:11:02,781] {processor.py:654} INFO - DAG(s) dict_keys(['tutorial_etl_dag']) retrieved from /home/airflow/.local/lib/python3.7/site-packages/airflow/example_dags/tutorial_etl_dag.py
[2022-02-24 20:11:02,798] {logging_mixin.py:109} INFO - [2022-02-24 20:11:02,798] {dag.py:2396} INFO - Sync 1 DAGs
[2022-02-24 20:11:02,819] {logging_mixin.py:109} INFO - [2022-02-24 20:11:02,819] {dag.py:2935} INFO - Setting next_dagrun for tutorial_etl_dag to None
[2022-02-24 20:11:02,828] {processor.py:171} INFO - Processing /home/airflow/.local/lib/python3.7/site-packages/airflow/example_dags/tutorial_etl_dag.py took 0.121 seconds
[2022-02-24 20:11:33,053] {processor.py:163} INFO - Started process (PID=1191) to work on /home/airflow/.local/lib/python3.7/site-packages/airflow/example_dags/tutorial_etl_dag.py
[2022-02-24 20:11:33,056] {processor.py:642} INFO - Processing file /home/airflow/.local/lib/python3.7/site-packages/airflow/example_dags/tutorial_etl_dag.py for tasks to queue
[2022-02-24 20:11:33,057] {logging_mixin.py:109} INFO - [2022-02-24 20:11:33,057] {dagbag.py:500} INFO - Filling up the DagBag from /home/airflow/.local/lib/python3.7/site-packages/airflow/example_dags/tutorial_etl_dag.py
[2022-02-24 20:11:33,087] {processor.py:654} INFO - DAG(s) dict_keys(['tutorial_etl_dag']) retrieved from /home/airflow/.local/lib/python3.7/site-packages/airflow/example_dags/tutorial_etl_dag.py
[2022-02-24 20:11:33,106] {logging_mixin.py:109} INFO - [2022-02-24 20:11:33,106] {dag.py:2396} INFO - Sync 1 DAGs
[2022-02-24 20:11:33,121] {logging_mixin.py:109} INFO - [2022-02-24 20:11:33,121] {dag.py:2935} INFO - Setting next_dagrun for tutorial_etl_dag to None
[2022-02-24 20:11:33,131] {processor.py:171} INFO - Processing /home/airflow/.local/lib/python3.7/site-packages/airflow/example_dags/tutorial_etl_dag.py took 0.082 seconds
[2022-02-24 20:12:03,513] {processor.py:163} INFO - Started process (PID=1247) to work on /home/airflow/.local/lib/python3.7/site-packages/airflow/example_dags/tutorial_etl_dag.py
[2022-02-24 20:12:03,516] {processor.py:642} INFO - Processing file /home/airflow/.local/lib/python3.7/site-packages/airflow/example_dags/tutorial_etl_dag.py for tasks to queue
[2022-02-24 20:12:03,520] {logging_mixin.py:109} INFO - [2022-02-24 20:12:03,519] {dagbag.py:500} INFO - Filling up the DagBag from /home/airflow/.local/lib/python3.7/site-packages/airflow/example_dags/tutorial_etl_dag.py
[2022-02-24 20:12:03,579] {processor.py:654} INFO - DAG(s) dict_keys(['tutorial_etl_dag']) retrieved from /home/airflow/.local/lib/python3.7/site-packages/airflow/example_dags/tutorial_etl_dag.py
[2022-02-24 20:12:03,594] {logging_mixin.py:109} INFO - [2022-02-24 20:12:03,593] {dag.py:2396} INFO - Sync 1 DAGs
[2022-02-24 20:12:03,619] {logging_mixin.py:109} INFO - [2022-02-24 20:12:03,619] {dag.py:2935} INFO - Setting next_dagrun for tutorial_etl_dag to None
[2022-02-24 20:12:03,630] {processor.py:171} INFO - Processing /home/airflow/.local/lib/python3.7/site-packages/airflow/example_dags/tutorial_etl_dag.py took 0.123 seconds
