[2022-02-09 03:05:18,152] {taskinstance.py:1032} INFO - Dependencies all met for <TaskInstance: Sample_one.query_from_astra_db manual__2022-02-09T03:05:03.278223+00:00 [queued]>
[2022-02-09 03:05:18,166] {taskinstance.py:1032} INFO - Dependencies all met for <TaskInstance: Sample_one.query_from_astra_db manual__2022-02-09T03:05:03.278223+00:00 [queued]>
[2022-02-09 03:05:18,167] {taskinstance.py:1238} INFO - 
--------------------------------------------------------------------------------
[2022-02-09 03:05:18,168] {taskinstance.py:1239} INFO - Starting attempt 1 of 1
[2022-02-09 03:05:18,169] {taskinstance.py:1240} INFO - 
--------------------------------------------------------------------------------
[2022-02-09 03:05:18,184] {taskinstance.py:1259} INFO - Executing <Task(PythonOperator): query_from_astra_db> on 2022-02-09 03:05:03.278223+00:00
[2022-02-09 03:05:18,196] {standard_task_runner.py:52} INFO - Started process 1189 to run task
[2022-02-09 03:05:18,201] {standard_task_runner.py:76} INFO - Running: ['***', 'tasks', 'run', 'Sample_one', 'query_from_astra_db', 'manual__2022-02-09T03:05:03.278223+00:00', '--job-id', '407', '--raw', '--subdir', 'DAGS_FOLDER/astradb.py', '--cfg-path', '/tmp/tmp24hsw699', '--error-file', '/tmp/tmp1ora2dfl']
[2022-02-09 03:05:18,204] {standard_task_runner.py:77} INFO - Job 407: Subtask query_from_astra_db
[2022-02-09 03:05:18,301] {logging_mixin.py:109} INFO - Running <TaskInstance: Sample_one.query_from_astra_db manual__2022-02-09T03:05:03.278223+00:00 [running]> on host 065524cb0049
[2022-02-09 03:05:18,379] {taskinstance.py:1426} INFO - Exporting the following env vars:
AIRFLOW_CTX_DAG_OWNER=vathana
AIRFLOW_CTX_DAG_ID=Sample_one
AIRFLOW_CTX_TASK_ID=query_from_astra_db
AIRFLOW_CTX_EXECUTION_DATE=2022-02-09T03:05:03.278223+00:00
AIRFLOW_CTX_DAG_RUN_ID=manual__2022-02-09T03:05:03.278223+00:00
[2022-02-09 03:05:18,383] {logging_mixin.py:109} INFO - hello
[2022-02-09 03:05:18,384] {python.py:175} INFO - Done. Returned value was: None
[2022-02-09 03:05:18,399] {taskinstance.py:1277} INFO - Marking task as SUCCESS. dag_id=Sample_one, task_id=query_from_astra_db, execution_date=20220209T030503, start_date=20220209T030518, end_date=20220209T030518
[2022-02-09 03:05:18,465] {local_task_job.py:154} INFO - Task exited with return code 0
[2022-02-09 03:05:18,508] {local_task_job.py:264} INFO - 0 downstream tasks scheduled from follow-on schedule check
