[2022-02-08 01:04:51,350] {taskinstance.py:1032} INFO - Dependencies all met for <TaskInstance: Sample_one.query_from_astra_db manual__2022-02-08T01:04:45.559380+00:00 [queued]>
[2022-02-08 01:04:51,366] {taskinstance.py:1032} INFO - Dependencies all met for <TaskInstance: Sample_one.query_from_astra_db manual__2022-02-08T01:04:45.559380+00:00 [queued]>
[2022-02-08 01:04:51,367] {taskinstance.py:1238} INFO - 
--------------------------------------------------------------------------------
[2022-02-08 01:04:51,368] {taskinstance.py:1239} INFO - Starting attempt 1 of 1
[2022-02-08 01:04:51,369] {taskinstance.py:1240} INFO - 
--------------------------------------------------------------------------------
[2022-02-08 01:04:51,382] {taskinstance.py:1259} INFO - Executing <Task(PythonOperator): query_from_astra_db> on 2022-02-08 01:04:45.559380+00:00
[2022-02-08 01:04:51,395] {standard_task_runner.py:52} INFO - Started process 737 to run task
[2022-02-08 01:04:51,403] {standard_task_runner.py:76} INFO - Running: ['***', 'tasks', 'run', 'Sample_one', 'query_from_astra_db', 'manual__2022-02-08T01:04:45.559380+00:00', '--job-id', '272', '--raw', '--subdir', 'DAGS_FOLDER/astradb.py', '--cfg-path', '/tmp/tmpobv0cav_', '--error-file', '/tmp/tmpajvtv8q1']
[2022-02-08 01:04:51,405] {standard_task_runner.py:77} INFO - Job 272: Subtask query_from_astra_db
[2022-02-08 01:04:51,494] {logging_mixin.py:109} INFO - Running <TaskInstance: Sample_one.query_from_astra_db manual__2022-02-08T01:04:45.559380+00:00 [running]> on host 6d571ddbde8b
[2022-02-08 01:04:51,556] {taskinstance.py:1426} INFO - Exporting the following env vars:
AIRFLOW_CTX_DAG_OWNER=vathana
AIRFLOW_CTX_DAG_ID=Sample_one
AIRFLOW_CTX_TASK_ID=query_from_astra_db
AIRFLOW_CTX_EXECUTION_DATE=2022-02-08T01:04:45.559380+00:00
AIRFLOW_CTX_DAG_RUN_ID=manual__2022-02-08T01:04:45.559380+00:00
[2022-02-08 01:04:51,558] {logging_mixin.py:109} INFO - /opt/***
[2022-02-08 01:04:51,559] {python.py:175} INFO - Done. Returned value was: None
[2022-02-08 01:04:51,573] {taskinstance.py:1277} INFO - Marking task as SUCCESS. dag_id=Sample_one, task_id=query_from_astra_db, execution_date=20220208T010445, start_date=20220208T010451, end_date=20220208T010451
[2022-02-08 01:04:51,618] {local_task_job.py:154} INFO - Task exited with return code 0
[2022-02-08 01:04:51,651] {local_task_job.py:264} INFO - 0 downstream tasks scheduled from follow-on schedule check
