[2022-02-04 01:59:43,907] {taskinstance.py:1032} INFO - Dependencies all met for <TaskInstance: Sample_one.query_from_astra_db manual__2022-02-04T01:59:37.754056+00:00 [queued]>
[2022-02-04 01:59:43,921] {taskinstance.py:1032} INFO - Dependencies all met for <TaskInstance: Sample_one.query_from_astra_db manual__2022-02-04T01:59:37.754056+00:00 [queued]>
[2022-02-04 01:59:43,923] {taskinstance.py:1238} INFO - 
--------------------------------------------------------------------------------
[2022-02-04 01:59:43,924] {taskinstance.py:1239} INFO - Starting attempt 1 of 1
[2022-02-04 01:59:43,925] {taskinstance.py:1240} INFO - 
--------------------------------------------------------------------------------
[2022-02-04 01:59:43,940] {taskinstance.py:1259} INFO - Executing <Task(PythonOperator): query_from_astra_db> on 2022-02-04 01:59:37.754056+00:00
[2022-02-04 01:59:43,947] {standard_task_runner.py:52} INFO - Started process 1204 to run task
[2022-02-04 01:59:43,956] {standard_task_runner.py:76} INFO - Running: ['***', 'tasks', 'run', 'Sample_one', 'query_from_astra_db', 'manual__2022-02-04T01:59:37.754056+00:00', '--job-id', '94', '--raw', '--subdir', 'DAGS_FOLDER/astradb.py', '--cfg-path', '/tmp/tmpcvq3iwz3', '--error-file', '/tmp/tmpkl3_n77p']
[2022-02-04 01:59:43,958] {standard_task_runner.py:77} INFO - Job 94: Subtask query_from_astra_db
[2022-02-04 01:59:44,043] {logging_mixin.py:109} INFO - Running <TaskInstance: Sample_one.query_from_astra_db manual__2022-02-04T01:59:37.754056+00:00 [running]> on host 8c7de8c21c73
[2022-02-04 01:59:44,131] {taskinstance.py:1426} INFO - Exporting the following env vars:
AIRFLOW_CTX_DAG_OWNER=vathana
AIRFLOW_CTX_DAG_ID=Sample_one
AIRFLOW_CTX_TASK_ID=query_from_astra_db
AIRFLOW_CTX_EXECUTION_DATE=2022-02-04T01:59:37.754056+00:00
AIRFLOW_CTX_DAG_RUN_ID=manual__2022-02-04T01:59:37.754056+00:00
[2022-02-04 01:59:44,132] {logging_mixin.py:109} INFO - sucesss
[2022-02-04 01:59:44,133] {python.py:175} INFO - Done. Returned value was: None
[2022-02-04 01:59:44,147] {taskinstance.py:1277} INFO - Marking task as SUCCESS. dag_id=Sample_one, task_id=query_from_astra_db, execution_date=20220204T015937, start_date=20220204T015943, end_date=20220204T015944
[2022-02-04 01:59:44,207] {local_task_job.py:154} INFO - Task exited with return code 0
[2022-02-04 01:59:44,306] {local_task_job.py:264} INFO - 0 downstream tasks scheduled from follow-on schedule check
