[2022-02-09 02:51:21,865] {taskinstance.py:1032} INFO - Dependencies all met for <TaskInstance: Sample_one.query_from_astra_db manual__2022-02-09T02:51:14.027004+00:00 [queued]>
[2022-02-09 02:51:21,892] {taskinstance.py:1032} INFO - Dependencies all met for <TaskInstance: Sample_one.query_from_astra_db manual__2022-02-09T02:51:14.027004+00:00 [queued]>
[2022-02-09 02:51:21,894] {taskinstance.py:1238} INFO - 
--------------------------------------------------------------------------------
[2022-02-09 02:51:21,896] {taskinstance.py:1239} INFO - Starting attempt 1 of 1
[2022-02-09 02:51:21,899] {taskinstance.py:1240} INFO - 
--------------------------------------------------------------------------------
[2022-02-09 02:51:21,929] {taskinstance.py:1259} INFO - Executing <Task(PythonOperator): query_from_astra_db> on 2022-02-09 02:51:14.027004+00:00
[2022-02-09 02:51:21,946] {standard_task_runner.py:52} INFO - Started process 457 to run task
[2022-02-09 02:51:21,957] {standard_task_runner.py:76} INFO - Running: ['***', 'tasks', 'run', 'Sample_one', 'query_from_astra_db', 'manual__2022-02-09T02:51:14.027004+00:00', '--job-id', '399', '--raw', '--subdir', 'DAGS_FOLDER/astradb.py', '--cfg-path', '/tmp/tmp2r5tl_um', '--error-file', '/tmp/tmpf_q5c_e3']
[2022-02-09 02:51:21,963] {standard_task_runner.py:77} INFO - Job 399: Subtask query_from_astra_db
[2022-02-09 02:51:22,273] {logging_mixin.py:109} INFO - Running <TaskInstance: Sample_one.query_from_astra_db manual__2022-02-09T02:51:14.027004+00:00 [running]> on host 065524cb0049
[2022-02-09 02:51:22,514] {taskinstance.py:1426} INFO - Exporting the following env vars:
AIRFLOW_CTX_DAG_OWNER=vathana
AIRFLOW_CTX_DAG_ID=Sample_one
AIRFLOW_CTX_TASK_ID=query_from_astra_db
AIRFLOW_CTX_EXECUTION_DATE=2022-02-09T02:51:14.027004+00:00
AIRFLOW_CTX_DAG_RUN_ID=manual__2022-02-09T02:51:14.027004+00:00
[2022-02-09 02:51:22,518] {logging_mixin.py:109} INFO - hello
[2022-02-09 02:51:22,520] {python.py:175} INFO - Done. Returned value was: None
[2022-02-09 02:51:22,555] {taskinstance.py:1277} INFO - Marking task as SUCCESS. dag_id=Sample_one, task_id=query_from_astra_db, execution_date=20220209T025114, start_date=20220209T025121, end_date=20220209T025122
[2022-02-09 02:51:22,635] {local_task_job.py:154} INFO - Task exited with return code 0
[2022-02-09 02:51:22,723] {local_task_job.py:264} INFO - 0 downstream tasks scheduled from follow-on schedule check
