[2022-03-03 15:18:49,105] {processor.py:163} INFO - Started process (PID=90) to work on /home/airflow/.local/lib/python3.7/site-packages/airflow/example_dags/example_task_group.py
[2022-03-03 15:18:49,115] {processor.py:642} INFO - Processing file /home/airflow/.local/lib/python3.7/site-packages/airflow/example_dags/example_task_group.py for tasks to queue
[2022-03-03 15:18:49,121] {logging_mixin.py:109} INFO - [2022-03-03 15:18:49,120] {dagbag.py:500} INFO - Filling up the DagBag from /home/airflow/.local/lib/python3.7/site-packages/airflow/example_dags/example_task_group.py
[2022-03-03 15:18:49,253] {processor.py:654} INFO - DAG(s) dict_keys(['example_task_group']) retrieved from /home/airflow/.local/lib/python3.7/site-packages/airflow/example_dags/example_task_group.py
[2022-03-03 15:18:49,309] {logging_mixin.py:109} INFO - [2022-03-03 15:18:49,307] {dag.py:2396} INFO - Sync 1 DAGs
[2022-03-03 15:18:49,398] {logging_mixin.py:109} INFO - [2022-03-03 15:18:49,398] {dag.py:2935} INFO - Setting next_dagrun for example_task_group to 2022-03-02T15:18:49.397967+00:00
[2022-03-03 15:18:49,492] {processor.py:171} INFO - Processing /home/airflow/.local/lib/python3.7/site-packages/airflow/example_dags/example_task_group.py took 0.423 seconds
[2022-03-03 15:19:19,825] {processor.py:163} INFO - Started process (PID=144) to work on /home/airflow/.local/lib/python3.7/site-packages/airflow/example_dags/example_task_group.py
[2022-03-03 15:19:19,828] {processor.py:642} INFO - Processing file /home/airflow/.local/lib/python3.7/site-packages/airflow/example_dags/example_task_group.py for tasks to queue
[2022-03-03 15:19:19,830] {logging_mixin.py:109} INFO - [2022-03-03 15:19:19,829] {dagbag.py:500} INFO - Filling up the DagBag from /home/airflow/.local/lib/python3.7/site-packages/airflow/example_dags/example_task_group.py
[2022-03-03 15:19:19,882] {processor.py:654} INFO - DAG(s) dict_keys(['example_task_group']) retrieved from /home/airflow/.local/lib/python3.7/site-packages/airflow/example_dags/example_task_group.py
[2022-03-03 15:19:19,905] {logging_mixin.py:109} INFO - [2022-03-03 15:19:19,905] {dag.py:2396} INFO - Sync 1 DAGs
[2022-03-03 15:19:19,947] {logging_mixin.py:109} INFO - [2022-03-03 15:19:19,947] {dag.py:2935} INFO - Setting next_dagrun for example_task_group to 2022-03-02T15:19:19.946683+00:00
[2022-03-03 15:19:19,967] {processor.py:171} INFO - Processing /home/airflow/.local/lib/python3.7/site-packages/airflow/example_dags/example_task_group.py took 0.146 seconds
[2022-03-03 15:19:50,072] {processor.py:163} INFO - Started process (PID=197) to work on /home/airflow/.local/lib/python3.7/site-packages/airflow/example_dags/example_task_group.py
[2022-03-03 15:19:50,074] {processor.py:642} INFO - Processing file /home/airflow/.local/lib/python3.7/site-packages/airflow/example_dags/example_task_group.py for tasks to queue
[2022-03-03 15:19:50,075] {logging_mixin.py:109} INFO - [2022-03-03 15:19:50,075] {dagbag.py:500} INFO - Filling up the DagBag from /home/airflow/.local/lib/python3.7/site-packages/airflow/example_dags/example_task_group.py
[2022-03-03 15:19:50,115] {processor.py:654} INFO - DAG(s) dict_keys(['example_task_group']) retrieved from /home/airflow/.local/lib/python3.7/site-packages/airflow/example_dags/example_task_group.py
[2022-03-03 15:19:50,128] {logging_mixin.py:109} INFO - [2022-03-03 15:19:50,127] {dag.py:2396} INFO - Sync 1 DAGs
[2022-03-03 15:19:50,155] {logging_mixin.py:109} INFO - [2022-03-03 15:19:50,155] {dag.py:2935} INFO - Setting next_dagrun for example_task_group to 2022-03-02T15:19:50.154712+00:00
[2022-03-03 15:19:50,166] {processor.py:171} INFO - Processing /home/airflow/.local/lib/python3.7/site-packages/airflow/example_dags/example_task_group.py took 0.097 seconds
[2022-03-03 15:20:20,282] {processor.py:163} INFO - Started process (PID=251) to work on /home/airflow/.local/lib/python3.7/site-packages/airflow/example_dags/example_task_group.py
[2022-03-03 15:20:20,306] {processor.py:642} INFO - Processing file /home/airflow/.local/lib/python3.7/site-packages/airflow/example_dags/example_task_group.py for tasks to queue
[2022-03-03 15:20:20,314] {logging_mixin.py:109} INFO - [2022-03-03 15:20:20,313] {dagbag.py:500} INFO - Filling up the DagBag from /home/airflow/.local/lib/python3.7/site-packages/airflow/example_dags/example_task_group.py
[2022-03-03 15:20:20,402] {processor.py:654} INFO - DAG(s) dict_keys(['example_task_group']) retrieved from /home/airflow/.local/lib/python3.7/site-packages/airflow/example_dags/example_task_group.py
[2022-03-03 15:20:20,432] {logging_mixin.py:109} INFO - [2022-03-03 15:20:20,432] {dag.py:2396} INFO - Sync 1 DAGs
[2022-03-03 15:20:20,495] {logging_mixin.py:109} INFO - [2022-03-03 15:20:20,495] {dag.py:2935} INFO - Setting next_dagrun for example_task_group to 2022-03-02T15:20:20.494860+00:00
[2022-03-03 15:20:20,523] {processor.py:171} INFO - Processing /home/airflow/.local/lib/python3.7/site-packages/airflow/example_dags/example_task_group.py took 0.248 seconds
[2022-03-03 15:20:51,369] {processor.py:163} INFO - Started process (PID=314) to work on /home/airflow/.local/lib/python3.7/site-packages/airflow/example_dags/example_task_group.py
[2022-03-03 15:20:51,371] {processor.py:642} INFO - Processing file /home/airflow/.local/lib/python3.7/site-packages/airflow/example_dags/example_task_group.py for tasks to queue
[2022-03-03 15:20:51,379] {logging_mixin.py:109} INFO - [2022-03-03 15:20:51,378] {dagbag.py:500} INFO - Filling up the DagBag from /home/airflow/.local/lib/python3.7/site-packages/airflow/example_dags/example_task_group.py
[2022-03-03 15:20:51,588] {processor.py:654} INFO - DAG(s) dict_keys(['example_task_group']) retrieved from /home/airflow/.local/lib/python3.7/site-packages/airflow/example_dags/example_task_group.py
[2022-03-03 15:20:51,603] {logging_mixin.py:109} INFO - [2022-03-03 15:20:51,603] {dag.py:2396} INFO - Sync 1 DAGs
[2022-03-03 15:20:51,626] {logging_mixin.py:109} INFO - [2022-03-03 15:20:51,626] {dag.py:2935} INFO - Setting next_dagrun for example_task_group to 2022-03-02T15:20:51.625879+00:00
[2022-03-03 15:20:51,637] {processor.py:171} INFO - Processing /home/airflow/.local/lib/python3.7/site-packages/airflow/example_dags/example_task_group.py took 0.289 seconds
[2022-03-03 15:21:24,997] {processor.py:163} INFO - Started process (PID=369) to work on /home/airflow/.local/lib/python3.7/site-packages/airflow/example_dags/example_task_group.py
[2022-03-03 15:21:25,003] {processor.py:642} INFO - Processing file /home/airflow/.local/lib/python3.7/site-packages/airflow/example_dags/example_task_group.py for tasks to queue
[2022-03-03 15:21:25,010] {logging_mixin.py:109} INFO - [2022-03-03 15:21:25,010] {dagbag.py:500} INFO - Filling up the DagBag from /home/airflow/.local/lib/python3.7/site-packages/airflow/example_dags/example_task_group.py
[2022-03-03 15:21:25,167] {processor.py:654} INFO - DAG(s) dict_keys(['example_task_group']) retrieved from /home/airflow/.local/lib/python3.7/site-packages/airflow/example_dags/example_task_group.py
[2022-03-03 15:21:25,315] {logging_mixin.py:109} INFO - [2022-03-03 15:21:25,315] {dag.py:2396} INFO - Sync 1 DAGs
[2022-03-03 15:21:25,444] {logging_mixin.py:109} INFO - [2022-03-03 15:21:25,444] {dag.py:2935} INFO - Setting next_dagrun for example_task_group to 2022-03-02T15:21:25.441390+00:00
[2022-03-03 15:21:25,548] {processor.py:171} INFO - Processing /home/airflow/.local/lib/python3.7/site-packages/airflow/example_dags/example_task_group.py took 0.561 seconds
[2022-03-03 15:21:56,343] {processor.py:163} INFO - Started process (PID=425) to work on /home/airflow/.local/lib/python3.7/site-packages/airflow/example_dags/example_task_group.py
[2022-03-03 15:21:56,345] {processor.py:642} INFO - Processing file /home/airflow/.local/lib/python3.7/site-packages/airflow/example_dags/example_task_group.py for tasks to queue
[2022-03-03 15:21:56,347] {logging_mixin.py:109} INFO - [2022-03-03 15:21:56,347] {dagbag.py:500} INFO - Filling up the DagBag from /home/airflow/.local/lib/python3.7/site-packages/airflow/example_dags/example_task_group.py
[2022-03-03 15:21:56,409] {processor.py:654} INFO - DAG(s) dict_keys(['example_task_group']) retrieved from /home/airflow/.local/lib/python3.7/site-packages/airflow/example_dags/example_task_group.py
[2022-03-03 15:21:56,445] {logging_mixin.py:109} INFO - [2022-03-03 15:21:56,444] {dag.py:2396} INFO - Sync 1 DAGs
[2022-03-03 15:21:56,512] {logging_mixin.py:109} INFO - [2022-03-03 15:21:56,512] {dag.py:2935} INFO - Setting next_dagrun for example_task_group to 2022-03-02T15:21:56.512436+00:00
[2022-03-03 15:21:56,530] {processor.py:171} INFO - Processing /home/airflow/.local/lib/python3.7/site-packages/airflow/example_dags/example_task_group.py took 0.191 seconds
[2022-03-03 15:22:26,682] {processor.py:163} INFO - Started process (PID=480) to work on /home/airflow/.local/lib/python3.7/site-packages/airflow/example_dags/example_task_group.py
[2022-03-03 15:22:26,685] {processor.py:642} INFO - Processing file /home/airflow/.local/lib/python3.7/site-packages/airflow/example_dags/example_task_group.py for tasks to queue
[2022-03-03 15:22:26,686] {logging_mixin.py:109} INFO - [2022-03-03 15:22:26,686] {dagbag.py:500} INFO - Filling up the DagBag from /home/airflow/.local/lib/python3.7/site-packages/airflow/example_dags/example_task_group.py
[2022-03-03 15:22:26,715] {processor.py:654} INFO - DAG(s) dict_keys(['example_task_group']) retrieved from /home/airflow/.local/lib/python3.7/site-packages/airflow/example_dags/example_task_group.py
[2022-03-03 15:22:26,728] {logging_mixin.py:109} INFO - [2022-03-03 15:22:26,728] {dag.py:2396} INFO - Sync 1 DAGs
[2022-03-03 15:22:26,748] {logging_mixin.py:109} INFO - [2022-03-03 15:22:26,748] {dag.py:2935} INFO - Setting next_dagrun for example_task_group to 2022-03-02T15:22:26.748211+00:00
[2022-03-03 15:22:26,757] {processor.py:171} INFO - Processing /home/airflow/.local/lib/python3.7/site-packages/airflow/example_dags/example_task_group.py took 0.080 seconds
[2022-03-03 15:22:57,659] {processor.py:163} INFO - Started process (PID=535) to work on /home/airflow/.local/lib/python3.7/site-packages/airflow/example_dags/example_task_group.py
[2022-03-03 15:22:57,661] {processor.py:642} INFO - Processing file /home/airflow/.local/lib/python3.7/site-packages/airflow/example_dags/example_task_group.py for tasks to queue
[2022-03-03 15:22:57,663] {logging_mixin.py:109} INFO - [2022-03-03 15:22:57,663] {dagbag.py:500} INFO - Filling up the DagBag from /home/airflow/.local/lib/python3.7/site-packages/airflow/example_dags/example_task_group.py
[2022-03-03 15:22:57,703] {processor.py:654} INFO - DAG(s) dict_keys(['example_task_group']) retrieved from /home/airflow/.local/lib/python3.7/site-packages/airflow/example_dags/example_task_group.py
[2022-03-03 15:22:57,725] {logging_mixin.py:109} INFO - [2022-03-03 15:22:57,725] {dag.py:2396} INFO - Sync 1 DAGs
[2022-03-03 15:22:57,760] {logging_mixin.py:109} INFO - [2022-03-03 15:22:57,760] {dag.py:2935} INFO - Setting next_dagrun for example_task_group to 2022-03-02T15:22:57.759980+00:00
[2022-03-03 15:22:57,781] {processor.py:171} INFO - Processing /home/airflow/.local/lib/python3.7/site-packages/airflow/example_dags/example_task_group.py took 0.128 seconds
[2022-03-03 15:23:28,435] {processor.py:163} INFO - Started process (PID=598) to work on /home/airflow/.local/lib/python3.7/site-packages/airflow/example_dags/example_task_group.py
[2022-03-03 15:23:28,437] {processor.py:642} INFO - Processing file /home/airflow/.local/lib/python3.7/site-packages/airflow/example_dags/example_task_group.py for tasks to queue
[2022-03-03 15:23:28,440] {logging_mixin.py:109} INFO - [2022-03-03 15:23:28,438] {dagbag.py:500} INFO - Filling up the DagBag from /home/airflow/.local/lib/python3.7/site-packages/airflow/example_dags/example_task_group.py
[2022-03-03 15:23:28,496] {processor.py:654} INFO - DAG(s) dict_keys(['example_task_group']) retrieved from /home/airflow/.local/lib/python3.7/site-packages/airflow/example_dags/example_task_group.py
[2022-03-03 15:23:28,514] {logging_mixin.py:109} INFO - [2022-03-03 15:23:28,514] {dag.py:2396} INFO - Sync 1 DAGs
[2022-03-03 15:23:28,552] {logging_mixin.py:109} INFO - [2022-03-03 15:23:28,552] {dag.py:2935} INFO - Setting next_dagrun for example_task_group to 2022-03-02T15:23:28.551727+00:00
[2022-03-03 15:23:28,567] {processor.py:171} INFO - Processing /home/airflow/.local/lib/python3.7/site-packages/airflow/example_dags/example_task_group.py took 0.136 seconds
[2022-03-03 15:23:58,655] {processor.py:163} INFO - Started process (PID=653) to work on /home/airflow/.local/lib/python3.7/site-packages/airflow/example_dags/example_task_group.py
[2022-03-03 15:23:58,657] {processor.py:642} INFO - Processing file /home/airflow/.local/lib/python3.7/site-packages/airflow/example_dags/example_task_group.py for tasks to queue
[2022-03-03 15:23:58,659] {logging_mixin.py:109} INFO - [2022-03-03 15:23:58,658] {dagbag.py:500} INFO - Filling up the DagBag from /home/airflow/.local/lib/python3.7/site-packages/airflow/example_dags/example_task_group.py
[2022-03-03 15:23:58,693] {processor.py:654} INFO - DAG(s) dict_keys(['example_task_group']) retrieved from /home/airflow/.local/lib/python3.7/site-packages/airflow/example_dags/example_task_group.py
[2022-03-03 15:23:58,711] {logging_mixin.py:109} INFO - [2022-03-03 15:23:58,711] {dag.py:2396} INFO - Sync 1 DAGs
[2022-03-03 15:23:58,734] {logging_mixin.py:109} INFO - [2022-03-03 15:23:58,734] {dag.py:2935} INFO - Setting next_dagrun for example_task_group to 2022-03-02T15:23:58.734468+00:00
[2022-03-03 15:23:58,747] {processor.py:171} INFO - Processing /home/airflow/.local/lib/python3.7/site-packages/airflow/example_dags/example_task_group.py took 0.100 seconds
[2022-03-03 15:24:29,697] {processor.py:163} INFO - Started process (PID=708) to work on /home/airflow/.local/lib/python3.7/site-packages/airflow/example_dags/example_task_group.py
[2022-03-03 15:24:29,704] {processor.py:642} INFO - Processing file /home/airflow/.local/lib/python3.7/site-packages/airflow/example_dags/example_task_group.py for tasks to queue
[2022-03-03 15:24:29,707] {logging_mixin.py:109} INFO - [2022-03-03 15:24:29,706] {dagbag.py:500} INFO - Filling up the DagBag from /home/airflow/.local/lib/python3.7/site-packages/airflow/example_dags/example_task_group.py
[2022-03-03 15:24:29,759] {processor.py:654} INFO - DAG(s) dict_keys(['example_task_group']) retrieved from /home/airflow/.local/lib/python3.7/site-packages/airflow/example_dags/example_task_group.py
[2022-03-03 15:24:29,778] {logging_mixin.py:109} INFO - [2022-03-03 15:24:29,778] {dag.py:2396} INFO - Sync 1 DAGs
[2022-03-03 15:24:29,826] {logging_mixin.py:109} INFO - [2022-03-03 15:24:29,826] {dag.py:2935} INFO - Setting next_dagrun for example_task_group to 2022-03-02T15:24:29.826540+00:00
[2022-03-03 15:24:29,852] {processor.py:171} INFO - Processing /home/airflow/.local/lib/python3.7/site-packages/airflow/example_dags/example_task_group.py took 0.171 seconds
[2022-03-03 15:25:00,442] {processor.py:163} INFO - Started process (PID=761) to work on /home/airflow/.local/lib/python3.7/site-packages/airflow/example_dags/example_task_group.py
[2022-03-03 15:25:00,461] {processor.py:642} INFO - Processing file /home/airflow/.local/lib/python3.7/site-packages/airflow/example_dags/example_task_group.py for tasks to queue
[2022-03-03 15:25:00,463] {logging_mixin.py:109} INFO - [2022-03-03 15:25:00,463] {dagbag.py:500} INFO - Filling up the DagBag from /home/airflow/.local/lib/python3.7/site-packages/airflow/example_dags/example_task_group.py
[2022-03-03 15:25:00,553] {processor.py:654} INFO - DAG(s) dict_keys(['example_task_group']) retrieved from /home/airflow/.local/lib/python3.7/site-packages/airflow/example_dags/example_task_group.py
[2022-03-03 15:25:00,585] {logging_mixin.py:109} INFO - [2022-03-03 15:25:00,585] {dag.py:2396} INFO - Sync 1 DAGs
[2022-03-03 15:25:00,632] {logging_mixin.py:109} INFO - [2022-03-03 15:25:00,632] {dag.py:2935} INFO - Setting next_dagrun for example_task_group to 2022-03-02T15:25:00.632049+00:00
[2022-03-03 15:25:00,664] {processor.py:171} INFO - Processing /home/airflow/.local/lib/python3.7/site-packages/airflow/example_dags/example_task_group.py took 0.233 seconds
[2022-03-03 15:25:31,140] {processor.py:163} INFO - Started process (PID=825) to work on /home/airflow/.local/lib/python3.7/site-packages/airflow/example_dags/example_task_group.py
[2022-03-03 15:25:31,145] {processor.py:642} INFO - Processing file /home/airflow/.local/lib/python3.7/site-packages/airflow/example_dags/example_task_group.py for tasks to queue
[2022-03-03 15:25:31,149] {logging_mixin.py:109} INFO - [2022-03-03 15:25:31,148] {dagbag.py:500} INFO - Filling up the DagBag from /home/airflow/.local/lib/python3.7/site-packages/airflow/example_dags/example_task_group.py
[2022-03-03 15:25:31,291] {processor.py:654} INFO - DAG(s) dict_keys(['example_task_group']) retrieved from /home/airflow/.local/lib/python3.7/site-packages/airflow/example_dags/example_task_group.py
[2022-03-03 15:25:31,359] {logging_mixin.py:109} INFO - [2022-03-03 15:25:31,359] {dag.py:2396} INFO - Sync 1 DAGs
[2022-03-03 15:25:31,410] {logging_mixin.py:109} INFO - [2022-03-03 15:25:31,410] {dag.py:2935} INFO - Setting next_dagrun for example_task_group to 2022-03-02T15:25:31.409762+00:00
[2022-03-03 15:25:31,473] {processor.py:171} INFO - Processing /home/airflow/.local/lib/python3.7/site-packages/airflow/example_dags/example_task_group.py took 0.348 seconds
[2022-03-03 15:26:01,833] {processor.py:163} INFO - Started process (PID=878) to work on /home/airflow/.local/lib/python3.7/site-packages/airflow/example_dags/example_task_group.py
[2022-03-03 15:26:01,836] {processor.py:642} INFO - Processing file /home/airflow/.local/lib/python3.7/site-packages/airflow/example_dags/example_task_group.py for tasks to queue
[2022-03-03 15:26:01,837] {logging_mixin.py:109} INFO - [2022-03-03 15:26:01,837] {dagbag.py:500} INFO - Filling up the DagBag from /home/airflow/.local/lib/python3.7/site-packages/airflow/example_dags/example_task_group.py
[2022-03-03 15:26:01,869] {processor.py:654} INFO - DAG(s) dict_keys(['example_task_group']) retrieved from /home/airflow/.local/lib/python3.7/site-packages/airflow/example_dags/example_task_group.py
[2022-03-03 15:26:01,882] {logging_mixin.py:109} INFO - [2022-03-03 15:26:01,882] {dag.py:2396} INFO - Sync 1 DAGs
[2022-03-03 15:26:01,899] {logging_mixin.py:109} INFO - [2022-03-03 15:26:01,899] {dag.py:2935} INFO - Setting next_dagrun for example_task_group to 2022-03-02T15:26:01.898823+00:00
[2022-03-03 15:26:01,908] {processor.py:171} INFO - Processing /home/airflow/.local/lib/python3.7/site-packages/airflow/example_dags/example_task_group.py took 0.079 seconds
[2022-03-03 15:26:32,002] {processor.py:163} INFO - Started process (PID=932) to work on /home/airflow/.local/lib/python3.7/site-packages/airflow/example_dags/example_task_group.py
[2022-03-03 15:26:32,005] {processor.py:642} INFO - Processing file /home/airflow/.local/lib/python3.7/site-packages/airflow/example_dags/example_task_group.py for tasks to queue
[2022-03-03 15:26:32,006] {logging_mixin.py:109} INFO - [2022-03-03 15:26:32,006] {dagbag.py:500} INFO - Filling up the DagBag from /home/airflow/.local/lib/python3.7/site-packages/airflow/example_dags/example_task_group.py
[2022-03-03 15:26:32,043] {processor.py:654} INFO - DAG(s) dict_keys(['example_task_group']) retrieved from /home/airflow/.local/lib/python3.7/site-packages/airflow/example_dags/example_task_group.py
[2022-03-03 15:26:32,056] {logging_mixin.py:109} INFO - [2022-03-03 15:26:32,055] {dag.py:2396} INFO - Sync 1 DAGs
[2022-03-03 15:26:32,073] {logging_mixin.py:109} INFO - [2022-03-03 15:26:32,072] {dag.py:2935} INFO - Setting next_dagrun for example_task_group to 2022-03-02T15:26:32.072672+00:00
[2022-03-03 15:26:32,082] {processor.py:171} INFO - Processing /home/airflow/.local/lib/python3.7/site-packages/airflow/example_dags/example_task_group.py took 0.084 seconds
[2022-03-03 15:27:02,154] {processor.py:163} INFO - Started process (PID=984) to work on /home/airflow/.local/lib/python3.7/site-packages/airflow/example_dags/example_task_group.py
[2022-03-03 15:27:02,156] {processor.py:642} INFO - Processing file /home/airflow/.local/lib/python3.7/site-packages/airflow/example_dags/example_task_group.py for tasks to queue
[2022-03-03 15:27:02,157] {logging_mixin.py:109} INFO - [2022-03-03 15:27:02,157] {dagbag.py:500} INFO - Filling up the DagBag from /home/airflow/.local/lib/python3.7/site-packages/airflow/example_dags/example_task_group.py
[2022-03-03 15:27:02,186] {processor.py:654} INFO - DAG(s) dict_keys(['example_task_group']) retrieved from /home/airflow/.local/lib/python3.7/site-packages/airflow/example_dags/example_task_group.py
[2022-03-03 15:27:02,210] {logging_mixin.py:109} INFO - [2022-03-03 15:27:02,210] {dag.py:2396} INFO - Sync 1 DAGs
[2022-03-03 15:27:02,234] {logging_mixin.py:109} INFO - [2022-03-03 15:27:02,233] {dag.py:2935} INFO - Setting next_dagrun for example_task_group to 2022-03-02T15:27:02.233684+00:00
[2022-03-03 15:27:02,255] {processor.py:171} INFO - Processing /home/airflow/.local/lib/python3.7/site-packages/airflow/example_dags/example_task_group.py took 0.104 seconds
[2022-03-03 15:27:33,229] {processor.py:163} INFO - Started process (PID=1044) to work on /home/airflow/.local/lib/python3.7/site-packages/airflow/example_dags/example_task_group.py
[2022-03-03 15:27:33,242] {processor.py:642} INFO - Processing file /home/airflow/.local/lib/python3.7/site-packages/airflow/example_dags/example_task_group.py for tasks to queue
[2022-03-03 15:27:33,245] {logging_mixin.py:109} INFO - [2022-03-03 15:27:33,244] {dagbag.py:500} INFO - Filling up the DagBag from /home/airflow/.local/lib/python3.7/site-packages/airflow/example_dags/example_task_group.py
[2022-03-03 15:27:33,404] {processor.py:654} INFO - DAG(s) dict_keys(['example_task_group']) retrieved from /home/airflow/.local/lib/python3.7/site-packages/airflow/example_dags/example_task_group.py
[2022-03-03 15:27:33,458] {logging_mixin.py:109} INFO - [2022-03-03 15:27:33,458] {dag.py:2396} INFO - Sync 1 DAGs
[2022-03-03 15:27:33,512] {logging_mixin.py:109} INFO - [2022-03-03 15:27:33,512] {dag.py:2935} INFO - Setting next_dagrun for example_task_group to 2022-03-02T15:27:33.511739+00:00
[2022-03-03 15:27:33,559] {processor.py:171} INFO - Processing /home/airflow/.local/lib/python3.7/site-packages/airflow/example_dags/example_task_group.py took 0.366 seconds
[2022-03-03 15:28:03,880] {processor.py:163} INFO - Started process (PID=1111) to work on /home/airflow/.local/lib/python3.7/site-packages/airflow/example_dags/example_task_group.py
[2022-03-03 15:28:03,889] {processor.py:642} INFO - Processing file /home/airflow/.local/lib/python3.7/site-packages/airflow/example_dags/example_task_group.py for tasks to queue
[2022-03-03 15:28:03,903] {logging_mixin.py:109} INFO - [2022-03-03 15:28:03,901] {dagbag.py:500} INFO - Filling up the DagBag from /home/airflow/.local/lib/python3.7/site-packages/airflow/example_dags/example_task_group.py
[2022-03-03 15:28:04,089] {processor.py:654} INFO - DAG(s) dict_keys(['example_task_group']) retrieved from /home/airflow/.local/lib/python3.7/site-packages/airflow/example_dags/example_task_group.py
[2022-03-03 15:28:04,131] {logging_mixin.py:109} INFO - [2022-03-03 15:28:04,129] {dag.py:2396} INFO - Sync 1 DAGs
[2022-03-03 15:28:04,220] {logging_mixin.py:109} INFO - [2022-03-03 15:28:04,220] {dag.py:2935} INFO - Setting next_dagrun for example_task_group to 2022-03-02T15:28:04.219980+00:00
[2022-03-03 15:28:04,272] {processor.py:171} INFO - Processing /home/airflow/.local/lib/python3.7/site-packages/airflow/example_dags/example_task_group.py took 0.404 seconds
[2022-03-03 15:28:35,029] {processor.py:163} INFO - Started process (PID=1164) to work on /home/airflow/.local/lib/python3.7/site-packages/airflow/example_dags/example_task_group.py
[2022-03-03 15:28:35,044] {processor.py:642} INFO - Processing file /home/airflow/.local/lib/python3.7/site-packages/airflow/example_dags/example_task_group.py for tasks to queue
[2022-03-03 15:28:35,051] {logging_mixin.py:109} INFO - [2022-03-03 15:28:35,051] {dagbag.py:500} INFO - Filling up the DagBag from /home/airflow/.local/lib/python3.7/site-packages/airflow/example_dags/example_task_group.py
[2022-03-03 15:28:35,377] {processor.py:654} INFO - DAG(s) dict_keys(['example_task_group']) retrieved from /home/airflow/.local/lib/python3.7/site-packages/airflow/example_dags/example_task_group.py
[2022-03-03 15:28:35,504] {logging_mixin.py:109} INFO - [2022-03-03 15:28:35,502] {dag.py:2396} INFO - Sync 1 DAGs
[2022-03-03 15:28:35,713] {logging_mixin.py:109} INFO - [2022-03-03 15:28:35,713] {dag.py:2935} INFO - Setting next_dagrun for example_task_group to 2022-03-02T15:28:35.704992+00:00
[2022-03-03 15:28:35,793] {processor.py:171} INFO - Processing /home/airflow/.local/lib/python3.7/site-packages/airflow/example_dags/example_task_group.py took 0.791 seconds
[2022-03-03 15:29:05,941] {processor.py:163} INFO - Started process (PID=1210) to work on /home/airflow/.local/lib/python3.7/site-packages/airflow/example_dags/example_task_group.py
[2022-03-03 15:29:05,944] {processor.py:642} INFO - Processing file /home/airflow/.local/lib/python3.7/site-packages/airflow/example_dags/example_task_group.py for tasks to queue
[2022-03-03 15:29:05,946] {logging_mixin.py:109} INFO - [2022-03-03 15:29:05,945] {dagbag.py:500} INFO - Filling up the DagBag from /home/airflow/.local/lib/python3.7/site-packages/airflow/example_dags/example_task_group.py
[2022-03-03 15:29:06,001] {processor.py:654} INFO - DAG(s) dict_keys(['example_task_group']) retrieved from /home/airflow/.local/lib/python3.7/site-packages/airflow/example_dags/example_task_group.py
[2022-03-03 15:29:06,026] {logging_mixin.py:109} INFO - [2022-03-03 15:29:06,026] {dag.py:2396} INFO - Sync 1 DAGs
[2022-03-03 15:29:06,062] {logging_mixin.py:109} INFO - [2022-03-03 15:29:06,062] {dag.py:2935} INFO - Setting next_dagrun for example_task_group to 2022-03-02T15:29:06.061695+00:00
[2022-03-03 15:29:06,075] {processor.py:171} INFO - Processing /home/airflow/.local/lib/python3.7/site-packages/airflow/example_dags/example_task_group.py took 0.137 seconds
[2022-03-03 15:29:36,190] {processor.py:163} INFO - Started process (PID=1263) to work on /home/airflow/.local/lib/python3.7/site-packages/airflow/example_dags/example_task_group.py
[2022-03-03 15:29:36,193] {processor.py:642} INFO - Processing file /home/airflow/.local/lib/python3.7/site-packages/airflow/example_dags/example_task_group.py for tasks to queue
[2022-03-03 15:29:36,195] {logging_mixin.py:109} INFO - [2022-03-03 15:29:36,195] {dagbag.py:500} INFO - Filling up the DagBag from /home/airflow/.local/lib/python3.7/site-packages/airflow/example_dags/example_task_group.py
[2022-03-03 15:29:36,257] {processor.py:654} INFO - DAG(s) dict_keys(['example_task_group']) retrieved from /home/airflow/.local/lib/python3.7/site-packages/airflow/example_dags/example_task_group.py
[2022-03-03 15:29:36,274] {logging_mixin.py:109} INFO - [2022-03-03 15:29:36,273] {dag.py:2396} INFO - Sync 1 DAGs
[2022-03-03 15:29:36,290] {logging_mixin.py:109} INFO - [2022-03-03 15:29:36,290] {dag.py:2935} INFO - Setting next_dagrun for example_task_group to 2022-03-02T15:29:36.290536+00:00
[2022-03-03 15:29:36,391] {processor.py:171} INFO - Processing /home/airflow/.local/lib/python3.7/site-packages/airflow/example_dags/example_task_group.py took 0.209 seconds
[2022-03-03 15:30:06,579] {processor.py:163} INFO - Started process (PID=1320) to work on /home/airflow/.local/lib/python3.7/site-packages/airflow/example_dags/example_task_group.py
[2022-03-03 15:30:06,581] {processor.py:642} INFO - Processing file /home/airflow/.local/lib/python3.7/site-packages/airflow/example_dags/example_task_group.py for tasks to queue
[2022-03-03 15:30:06,583] {logging_mixin.py:109} INFO - [2022-03-03 15:30:06,583] {dagbag.py:500} INFO - Filling up the DagBag from /home/airflow/.local/lib/python3.7/site-packages/airflow/example_dags/example_task_group.py
[2022-03-03 15:30:06,642] {processor.py:654} INFO - DAG(s) dict_keys(['example_task_group']) retrieved from /home/airflow/.local/lib/python3.7/site-packages/airflow/example_dags/example_task_group.py
[2022-03-03 15:30:06,695] {logging_mixin.py:109} INFO - [2022-03-03 15:30:06,694] {dag.py:2396} INFO - Sync 1 DAGs
[2022-03-03 15:30:06,834] {logging_mixin.py:109} INFO - [2022-03-03 15:30:06,833] {dag.py:2935} INFO - Setting next_dagrun for example_task_group to 2022-03-02T15:30:06.833765+00:00
[2022-03-03 15:30:06,843] {processor.py:171} INFO - Processing /home/airflow/.local/lib/python3.7/site-packages/airflow/example_dags/example_task_group.py took 0.269 seconds
[2022-03-03 15:30:37,078] {processor.py:163} INFO - Started process (PID=1373) to work on /home/airflow/.local/lib/python3.7/site-packages/airflow/example_dags/example_task_group.py
[2022-03-03 15:30:37,082] {processor.py:642} INFO - Processing file /home/airflow/.local/lib/python3.7/site-packages/airflow/example_dags/example_task_group.py for tasks to queue
[2022-03-03 15:30:37,089] {logging_mixin.py:109} INFO - [2022-03-03 15:30:37,089] {dagbag.py:500} INFO - Filling up the DagBag from /home/airflow/.local/lib/python3.7/site-packages/airflow/example_dags/example_task_group.py
[2022-03-03 15:30:37,206] {processor.py:654} INFO - DAG(s) dict_keys(['example_task_group']) retrieved from /home/airflow/.local/lib/python3.7/site-packages/airflow/example_dags/example_task_group.py
[2022-03-03 15:30:37,230] {logging_mixin.py:109} INFO - [2022-03-03 15:30:37,230] {dag.py:2396} INFO - Sync 1 DAGs
[2022-03-03 15:30:37,413] {logging_mixin.py:109} INFO - [2022-03-03 15:30:37,412] {dag.py:2935} INFO - Setting next_dagrun for example_task_group to 2022-03-02T15:30:37.412336+00:00
[2022-03-03 15:30:37,432] {processor.py:171} INFO - Processing /home/airflow/.local/lib/python3.7/site-packages/airflow/example_dags/example_task_group.py took 0.363 seconds
[2022-03-03 15:31:07,751] {processor.py:163} INFO - Started process (PID=1441) to work on /home/airflow/.local/lib/python3.7/site-packages/airflow/example_dags/example_task_group.py
[2022-03-03 15:31:07,755] {processor.py:642} INFO - Processing file /home/airflow/.local/lib/python3.7/site-packages/airflow/example_dags/example_task_group.py for tasks to queue
[2022-03-03 15:31:07,758] {logging_mixin.py:109} INFO - [2022-03-03 15:31:07,757] {dagbag.py:500} INFO - Filling up the DagBag from /home/airflow/.local/lib/python3.7/site-packages/airflow/example_dags/example_task_group.py
[2022-03-03 15:31:07,813] {processor.py:654} INFO - DAG(s) dict_keys(['example_task_group']) retrieved from /home/airflow/.local/lib/python3.7/site-packages/airflow/example_dags/example_task_group.py
[2022-03-03 15:31:07,836] {logging_mixin.py:109} INFO - [2022-03-03 15:31:07,836] {dag.py:2396} INFO - Sync 1 DAGs
[2022-03-03 15:31:08,106] {logging_mixin.py:109} INFO - [2022-03-03 15:31:08,106] {dag.py:2935} INFO - Setting next_dagrun for example_task_group to 2022-03-02T15:31:08.105944+00:00
[2022-03-03 15:31:08,126] {processor.py:171} INFO - Processing /home/airflow/.local/lib/python3.7/site-packages/airflow/example_dags/example_task_group.py took 0.381 seconds
[2022-03-03 15:31:38,308] {processor.py:163} INFO - Started process (PID=1501) to work on /home/airflow/.local/lib/python3.7/site-packages/airflow/example_dags/example_task_group.py
[2022-03-03 15:31:38,309] {processor.py:642} INFO - Processing file /home/airflow/.local/lib/python3.7/site-packages/airflow/example_dags/example_task_group.py for tasks to queue
[2022-03-03 15:31:38,317] {logging_mixin.py:109} INFO - [2022-03-03 15:31:38,317] {dagbag.py:500} INFO - Filling up the DagBag from /home/airflow/.local/lib/python3.7/site-packages/airflow/example_dags/example_task_group.py
[2022-03-03 15:31:38,368] {processor.py:654} INFO - DAG(s) dict_keys(['example_task_group']) retrieved from /home/airflow/.local/lib/python3.7/site-packages/airflow/example_dags/example_task_group.py
[2022-03-03 15:31:38,390] {logging_mixin.py:109} INFO - [2022-03-03 15:31:38,390] {dag.py:2396} INFO - Sync 1 DAGs
[2022-03-03 15:31:38,543] {logging_mixin.py:109} INFO - [2022-03-03 15:31:38,543] {dag.py:2935} INFO - Setting next_dagrun for example_task_group to 2022-03-02T15:31:38.543316+00:00
[2022-03-03 15:31:38,558] {processor.py:171} INFO - Processing /home/airflow/.local/lib/python3.7/site-packages/airflow/example_dags/example_task_group.py took 0.253 seconds
[2022-03-03 15:32:08,675] {processor.py:163} INFO - Started process (PID=1552) to work on /home/airflow/.local/lib/python3.7/site-packages/airflow/example_dags/example_task_group.py
[2022-03-03 15:32:08,679] {processor.py:642} INFO - Processing file /home/airflow/.local/lib/python3.7/site-packages/airflow/example_dags/example_task_group.py for tasks to queue
[2022-03-03 15:32:08,680] {logging_mixin.py:109} INFO - [2022-03-03 15:32:08,680] {dagbag.py:500} INFO - Filling up the DagBag from /home/airflow/.local/lib/python3.7/site-packages/airflow/example_dags/example_task_group.py
[2022-03-03 15:32:08,736] {processor.py:654} INFO - DAG(s) dict_keys(['example_task_group']) retrieved from /home/airflow/.local/lib/python3.7/site-packages/airflow/example_dags/example_task_group.py
[2022-03-03 15:32:08,956] {logging_mixin.py:109} INFO - [2022-03-03 15:32:08,949] {dag.py:2396} INFO - Sync 1 DAGs
[2022-03-03 15:32:08,979] {logging_mixin.py:109} INFO - [2022-03-03 15:32:08,979] {dag.py:2935} INFO - Setting next_dagrun for example_task_group to 2022-03-02T15:32:08.979397+00:00
[2022-03-03 15:32:08,999] {processor.py:171} INFO - Processing /home/airflow/.local/lib/python3.7/site-packages/airflow/example_dags/example_task_group.py took 0.334 seconds
[2022-03-03 15:32:39,196] {processor.py:163} INFO - Started process (PID=1607) to work on /home/airflow/.local/lib/python3.7/site-packages/airflow/example_dags/example_task_group.py
[2022-03-03 15:32:39,198] {processor.py:642} INFO - Processing file /home/airflow/.local/lib/python3.7/site-packages/airflow/example_dags/example_task_group.py for tasks to queue
[2022-03-03 15:32:39,199] {logging_mixin.py:109} INFO - [2022-03-03 15:32:39,199] {dagbag.py:500} INFO - Filling up the DagBag from /home/airflow/.local/lib/python3.7/site-packages/airflow/example_dags/example_task_group.py
[2022-03-03 15:32:39,315] {processor.py:654} INFO - DAG(s) dict_keys(['example_task_group']) retrieved from /home/airflow/.local/lib/python3.7/site-packages/airflow/example_dags/example_task_group.py
[2022-03-03 15:32:39,337] {logging_mixin.py:109} INFO - [2022-03-03 15:32:39,337] {dag.py:2396} INFO - Sync 1 DAGs
[2022-03-03 15:32:39,364] {logging_mixin.py:109} INFO - [2022-03-03 15:32:39,364] {dag.py:2935} INFO - Setting next_dagrun for example_task_group to 2022-03-02T15:32:39.363912+00:00
[2022-03-03 15:32:39,373] {processor.py:171} INFO - Processing /home/airflow/.local/lib/python3.7/site-packages/airflow/example_dags/example_task_group.py took 0.183 seconds
[2022-03-03 15:33:09,582] {processor.py:163} INFO - Started process (PID=1665) to work on /home/airflow/.local/lib/python3.7/site-packages/airflow/example_dags/example_task_group.py
[2022-03-03 15:33:09,584] {processor.py:642} INFO - Processing file /home/airflow/.local/lib/python3.7/site-packages/airflow/example_dags/example_task_group.py for tasks to queue
[2022-03-03 15:33:09,585] {logging_mixin.py:109} INFO - [2022-03-03 15:33:09,585] {dagbag.py:500} INFO - Filling up the DagBag from /home/airflow/.local/lib/python3.7/site-packages/airflow/example_dags/example_task_group.py
[2022-03-03 15:33:09,710] {processor.py:654} INFO - DAG(s) dict_keys(['example_task_group']) retrieved from /home/airflow/.local/lib/python3.7/site-packages/airflow/example_dags/example_task_group.py
[2022-03-03 15:33:09,720] {logging_mixin.py:109} INFO - [2022-03-03 15:33:09,720] {dag.py:2396} INFO - Sync 1 DAGs
[2022-03-03 15:33:09,736] {logging_mixin.py:109} INFO - [2022-03-03 15:33:09,736] {dag.py:2935} INFO - Setting next_dagrun for example_task_group to 2022-03-02T15:33:09.736347+00:00
[2022-03-03 15:33:09,744] {processor.py:171} INFO - Processing /home/airflow/.local/lib/python3.7/site-packages/airflow/example_dags/example_task_group.py took 0.167 seconds
[2022-03-03 15:33:42,517] {processor.py:163} INFO - Started process (PID=1721) to work on /home/airflow/.local/lib/python3.7/site-packages/airflow/example_dags/example_task_group.py
[2022-03-03 15:33:42,530] {processor.py:642} INFO - Processing file /home/airflow/.local/lib/python3.7/site-packages/airflow/example_dags/example_task_group.py for tasks to queue
[2022-03-03 15:33:42,536] {logging_mixin.py:109} INFO - [2022-03-03 15:33:42,535] {dagbag.py:500} INFO - Filling up the DagBag from /home/airflow/.local/lib/python3.7/site-packages/airflow/example_dags/example_task_group.py
[2022-03-03 15:33:43,096] {processor.py:654} INFO - DAG(s) dict_keys(['example_task_group']) retrieved from /home/airflow/.local/lib/python3.7/site-packages/airflow/example_dags/example_task_group.py
[2022-03-03 15:33:43,126] {logging_mixin.py:109} INFO - [2022-03-03 15:33:43,126] {dag.py:2396} INFO - Sync 1 DAGs
[2022-03-03 15:33:43,165] {logging_mixin.py:109} INFO - [2022-03-03 15:33:43,165] {dag.py:2935} INFO - Setting next_dagrun for example_task_group to 2022-03-02T15:33:43.165566+00:00
[2022-03-03 15:33:43,190] {processor.py:171} INFO - Processing /home/airflow/.local/lib/python3.7/site-packages/airflow/example_dags/example_task_group.py took 0.683 seconds
[2022-03-03 15:34:13,884] {processor.py:163} INFO - Started process (PID=1787) to work on /home/airflow/.local/lib/python3.7/site-packages/airflow/example_dags/example_task_group.py
[2022-03-03 15:34:13,889] {processor.py:642} INFO - Processing file /home/airflow/.local/lib/python3.7/site-packages/airflow/example_dags/example_task_group.py for tasks to queue
[2022-03-03 15:34:13,901] {logging_mixin.py:109} INFO - [2022-03-03 15:34:13,901] {dagbag.py:500} INFO - Filling up the DagBag from /home/airflow/.local/lib/python3.7/site-packages/airflow/example_dags/example_task_group.py
[2022-03-03 15:34:14,612] {processor.py:654} INFO - DAG(s) dict_keys(['example_task_group']) retrieved from /home/airflow/.local/lib/python3.7/site-packages/airflow/example_dags/example_task_group.py
[2022-03-03 15:34:14,648] {logging_mixin.py:109} INFO - [2022-03-03 15:34:14,648] {dag.py:2396} INFO - Sync 1 DAGs
[2022-03-03 15:34:14,707] {logging_mixin.py:109} INFO - [2022-03-03 15:34:14,707] {dag.py:2935} INFO - Setting next_dagrun for example_task_group to 2022-03-02T15:34:14.707253+00:00
[2022-03-03 15:34:14,747] {processor.py:171} INFO - Processing /home/airflow/.local/lib/python3.7/site-packages/airflow/example_dags/example_task_group.py took 0.886 seconds
[2022-03-03 15:34:45,348] {processor.py:163} INFO - Started process (PID=1845) to work on /home/airflow/.local/lib/python3.7/site-packages/airflow/example_dags/example_task_group.py
[2022-03-03 15:34:45,363] {processor.py:642} INFO - Processing file /home/airflow/.local/lib/python3.7/site-packages/airflow/example_dags/example_task_group.py for tasks to queue
[2022-03-03 15:34:45,367] {logging_mixin.py:109} INFO - [2022-03-03 15:34:45,367] {dagbag.py:500} INFO - Filling up the DagBag from /home/airflow/.local/lib/python3.7/site-packages/airflow/example_dags/example_task_group.py
[2022-03-03 15:34:45,430] {processor.py:654} INFO - DAG(s) dict_keys(['example_task_group']) retrieved from /home/airflow/.local/lib/python3.7/site-packages/airflow/example_dags/example_task_group.py
[2022-03-03 15:34:45,460] {logging_mixin.py:109} INFO - [2022-03-03 15:34:45,460] {dag.py:2396} INFO - Sync 1 DAGs
[2022-03-03 15:34:45,478] {logging_mixin.py:109} INFO - [2022-03-03 15:34:45,478] {dag.py:2935} INFO - Setting next_dagrun for example_task_group to 2022-03-02T15:34:45.477948+00:00
[2022-03-03 15:34:45,490] {processor.py:171} INFO - Processing /home/airflow/.local/lib/python3.7/site-packages/airflow/example_dags/example_task_group.py took 0.167 seconds
[2022-03-03 15:35:15,536] {processor.py:163} INFO - Started process (PID=1901) to work on /home/airflow/.local/lib/python3.7/site-packages/airflow/example_dags/example_task_group.py
[2022-03-03 15:35:15,539] {processor.py:642} INFO - Processing file /home/airflow/.local/lib/python3.7/site-packages/airflow/example_dags/example_task_group.py for tasks to queue
[2022-03-03 15:35:15,541] {logging_mixin.py:109} INFO - [2022-03-03 15:35:15,541] {dagbag.py:500} INFO - Filling up the DagBag from /home/airflow/.local/lib/python3.7/site-packages/airflow/example_dags/example_task_group.py
[2022-03-03 15:35:15,571] {processor.py:654} INFO - DAG(s) dict_keys(['example_task_group']) retrieved from /home/airflow/.local/lib/python3.7/site-packages/airflow/example_dags/example_task_group.py
[2022-03-03 15:35:15,586] {logging_mixin.py:109} INFO - [2022-03-03 15:35:15,586] {dag.py:2396} INFO - Sync 1 DAGs
[2022-03-03 15:35:15,609] {logging_mixin.py:109} INFO - [2022-03-03 15:35:15,609] {dag.py:2935} INFO - Setting next_dagrun for example_task_group to 2022-03-02T15:35:15.608739+00:00
[2022-03-03 15:35:15,620] {processor.py:171} INFO - Processing /home/airflow/.local/lib/python3.7/site-packages/airflow/example_dags/example_task_group.py took 0.092 seconds
[2022-03-03 15:35:46,195] {processor.py:163} INFO - Started process (PID=1957) to work on /home/airflow/.local/lib/python3.7/site-packages/airflow/example_dags/example_task_group.py
[2022-03-03 15:35:46,202] {processor.py:642} INFO - Processing file /home/airflow/.local/lib/python3.7/site-packages/airflow/example_dags/example_task_group.py for tasks to queue
[2022-03-03 15:35:46,204] {logging_mixin.py:109} INFO - [2022-03-03 15:35:46,204] {dagbag.py:500} INFO - Filling up the DagBag from /home/airflow/.local/lib/python3.7/site-packages/airflow/example_dags/example_task_group.py
[2022-03-03 15:35:46,237] {processor.py:654} INFO - DAG(s) dict_keys(['example_task_group']) retrieved from /home/airflow/.local/lib/python3.7/site-packages/airflow/example_dags/example_task_group.py
[2022-03-03 15:35:46,251] {logging_mixin.py:109} INFO - [2022-03-03 15:35:46,251] {dag.py:2396} INFO - Sync 1 DAGs
[2022-03-03 15:35:46,270] {logging_mixin.py:109} INFO - [2022-03-03 15:35:46,270] {dag.py:2935} INFO - Setting next_dagrun for example_task_group to 2022-03-02T15:35:46.269758+00:00
[2022-03-03 15:35:46,303] {processor.py:171} INFO - Processing /home/airflow/.local/lib/python3.7/site-packages/airflow/example_dags/example_task_group.py took 0.112 seconds
[2022-03-03 15:36:16,382] {processor.py:163} INFO - Started process (PID=2014) to work on /home/airflow/.local/lib/python3.7/site-packages/airflow/example_dags/example_task_group.py
[2022-03-03 15:36:16,384] {processor.py:642} INFO - Processing file /home/airflow/.local/lib/python3.7/site-packages/airflow/example_dags/example_task_group.py for tasks to queue
[2022-03-03 15:36:16,385] {logging_mixin.py:109} INFO - [2022-03-03 15:36:16,385] {dagbag.py:500} INFO - Filling up the DagBag from /home/airflow/.local/lib/python3.7/site-packages/airflow/example_dags/example_task_group.py
[2022-03-03 15:36:16,417] {processor.py:654} INFO - DAG(s) dict_keys(['example_task_group']) retrieved from /home/airflow/.local/lib/python3.7/site-packages/airflow/example_dags/example_task_group.py
[2022-03-03 15:36:16,428] {logging_mixin.py:109} INFO - [2022-03-03 15:36:16,428] {dag.py:2396} INFO - Sync 1 DAGs
[2022-03-03 15:36:16,445] {logging_mixin.py:109} INFO - [2022-03-03 15:36:16,445] {dag.py:2935} INFO - Setting next_dagrun for example_task_group to 2022-03-02T15:36:16.444759+00:00
[2022-03-03 15:36:16,455] {processor.py:171} INFO - Processing /home/airflow/.local/lib/python3.7/site-packages/airflow/example_dags/example_task_group.py took 0.079 seconds
[2022-03-03 15:36:46,567] {processor.py:163} INFO - Started process (PID=2079) to work on /home/airflow/.local/lib/python3.7/site-packages/airflow/example_dags/example_task_group.py
[2022-03-03 15:36:46,568] {processor.py:642} INFO - Processing file /home/airflow/.local/lib/python3.7/site-packages/airflow/example_dags/example_task_group.py for tasks to queue
[2022-03-03 15:36:46,571] {logging_mixin.py:109} INFO - [2022-03-03 15:36:46,571] {dagbag.py:500} INFO - Filling up the DagBag from /home/airflow/.local/lib/python3.7/site-packages/airflow/example_dags/example_task_group.py
[2022-03-03 15:36:46,621] {processor.py:654} INFO - DAG(s) dict_keys(['example_task_group']) retrieved from /home/airflow/.local/lib/python3.7/site-packages/airflow/example_dags/example_task_group.py
[2022-03-03 15:36:46,636] {logging_mixin.py:109} INFO - [2022-03-03 15:36:46,635] {dag.py:2396} INFO - Sync 1 DAGs
[2022-03-03 15:36:46,663] {logging_mixin.py:109} INFO - [2022-03-03 15:36:46,663] {dag.py:2935} INFO - Setting next_dagrun for example_task_group to 2022-03-02T15:36:46.662952+00:00
[2022-03-03 15:36:46,676] {processor.py:171} INFO - Processing /home/airflow/.local/lib/python3.7/site-packages/airflow/example_dags/example_task_group.py took 0.132 seconds
[2022-03-03 15:37:17,234] {processor.py:163} INFO - Started process (PID=2137) to work on /home/airflow/.local/lib/python3.7/site-packages/airflow/example_dags/example_task_group.py
[2022-03-03 15:37:17,237] {processor.py:642} INFO - Processing file /home/airflow/.local/lib/python3.7/site-packages/airflow/example_dags/example_task_group.py for tasks to queue
[2022-03-03 15:37:17,240] {logging_mixin.py:109} INFO - [2022-03-03 15:37:17,240] {dagbag.py:500} INFO - Filling up the DagBag from /home/airflow/.local/lib/python3.7/site-packages/airflow/example_dags/example_task_group.py
[2022-03-03 15:37:17,299] {processor.py:654} INFO - DAG(s) dict_keys(['example_task_group']) retrieved from /home/airflow/.local/lib/python3.7/site-packages/airflow/example_dags/example_task_group.py
[2022-03-03 15:37:17,325] {logging_mixin.py:109} INFO - [2022-03-03 15:37:17,325] {dag.py:2396} INFO - Sync 1 DAGs
[2022-03-03 15:37:17,358] {logging_mixin.py:109} INFO - [2022-03-03 15:37:17,358] {dag.py:2935} INFO - Setting next_dagrun for example_task_group to 2022-03-02T15:37:17.357808+00:00
[2022-03-03 15:37:17,375] {processor.py:171} INFO - Processing /home/airflow/.local/lib/python3.7/site-packages/airflow/example_dags/example_task_group.py took 0.146 seconds
[2022-03-03 15:37:47,785] {processor.py:163} INFO - Started process (PID=2191) to work on /home/airflow/.local/lib/python3.7/site-packages/airflow/example_dags/example_task_group.py
[2022-03-03 15:37:47,791] {processor.py:642} INFO - Processing file /home/airflow/.local/lib/python3.7/site-packages/airflow/example_dags/example_task_group.py for tasks to queue
[2022-03-03 15:37:47,795] {logging_mixin.py:109} INFO - [2022-03-03 15:37:47,794] {dagbag.py:500} INFO - Filling up the DagBag from /home/airflow/.local/lib/python3.7/site-packages/airflow/example_dags/example_task_group.py
[2022-03-03 15:37:47,838] {processor.py:654} INFO - DAG(s) dict_keys(['example_task_group']) retrieved from /home/airflow/.local/lib/python3.7/site-packages/airflow/example_dags/example_task_group.py
[2022-03-03 15:37:47,850] {logging_mixin.py:109} INFO - [2022-03-03 15:37:47,850] {dag.py:2396} INFO - Sync 1 DAGs
[2022-03-03 15:37:47,867] {logging_mixin.py:109} INFO - [2022-03-03 15:37:47,867] {dag.py:2935} INFO - Setting next_dagrun for example_task_group to 2022-03-02T15:37:47.866914+00:00
[2022-03-03 15:37:47,876] {processor.py:171} INFO - Processing /home/airflow/.local/lib/python3.7/site-packages/airflow/example_dags/example_task_group.py took 0.100 seconds
[2022-03-03 15:38:17,967] {processor.py:163} INFO - Started process (PID=2247) to work on /home/airflow/.local/lib/python3.7/site-packages/airflow/example_dags/example_task_group.py
[2022-03-03 15:38:17,971] {processor.py:642} INFO - Processing file /home/airflow/.local/lib/python3.7/site-packages/airflow/example_dags/example_task_group.py for tasks to queue
[2022-03-03 15:38:17,973] {logging_mixin.py:109} INFO - [2022-03-03 15:38:17,973] {dagbag.py:500} INFO - Filling up the DagBag from /home/airflow/.local/lib/python3.7/site-packages/airflow/example_dags/example_task_group.py
[2022-03-03 15:38:18,009] {processor.py:654} INFO - DAG(s) dict_keys(['example_task_group']) retrieved from /home/airflow/.local/lib/python3.7/site-packages/airflow/example_dags/example_task_group.py
[2022-03-03 15:38:18,025] {logging_mixin.py:109} INFO - [2022-03-03 15:38:18,024] {dag.py:2396} INFO - Sync 1 DAGs
[2022-03-03 15:38:18,045] {logging_mixin.py:109} INFO - [2022-03-03 15:38:18,045] {dag.py:2935} INFO - Setting next_dagrun for example_task_group to 2022-03-02T15:38:18.045051+00:00
[2022-03-03 15:38:18,059] {processor.py:171} INFO - Processing /home/airflow/.local/lib/python3.7/site-packages/airflow/example_dags/example_task_group.py took 0.097 seconds
[2022-03-03 15:38:48,126] {processor.py:163} INFO - Started process (PID=2301) to work on /home/airflow/.local/lib/python3.7/site-packages/airflow/example_dags/example_task_group.py
[2022-03-03 15:38:48,127] {processor.py:642} INFO - Processing file /home/airflow/.local/lib/python3.7/site-packages/airflow/example_dags/example_task_group.py for tasks to queue
[2022-03-03 15:38:48,129] {logging_mixin.py:109} INFO - [2022-03-03 15:38:48,128] {dagbag.py:500} INFO - Filling up the DagBag from /home/airflow/.local/lib/python3.7/site-packages/airflow/example_dags/example_task_group.py
[2022-03-03 15:38:48,158] {processor.py:654} INFO - DAG(s) dict_keys(['example_task_group']) retrieved from /home/airflow/.local/lib/python3.7/site-packages/airflow/example_dags/example_task_group.py
[2022-03-03 15:38:48,168] {logging_mixin.py:109} INFO - [2022-03-03 15:38:48,168] {dag.py:2396} INFO - Sync 1 DAGs
[2022-03-03 15:38:48,184] {logging_mixin.py:109} INFO - [2022-03-03 15:38:48,183] {dag.py:2935} INFO - Setting next_dagrun for example_task_group to 2022-03-02T15:38:48.183617+00:00
[2022-03-03 15:38:48,192] {processor.py:171} INFO - Processing /home/airflow/.local/lib/python3.7/site-packages/airflow/example_dags/example_task_group.py took 0.070 seconds
[2022-03-03 15:39:18,649] {processor.py:163} INFO - Started process (PID=2354) to work on /home/airflow/.local/lib/python3.7/site-packages/airflow/example_dags/example_task_group.py
[2022-03-03 15:39:18,658] {processor.py:642} INFO - Processing file /home/airflow/.local/lib/python3.7/site-packages/airflow/example_dags/example_task_group.py for tasks to queue
[2022-03-03 15:39:18,659] {logging_mixin.py:109} INFO - [2022-03-03 15:39:18,659] {dagbag.py:500} INFO - Filling up the DagBag from /home/airflow/.local/lib/python3.7/site-packages/airflow/example_dags/example_task_group.py
[2022-03-03 15:39:18,708] {processor.py:654} INFO - DAG(s) dict_keys(['example_task_group']) retrieved from /home/airflow/.local/lib/python3.7/site-packages/airflow/example_dags/example_task_group.py
[2022-03-03 15:39:18,730] {logging_mixin.py:109} INFO - [2022-03-03 15:39:18,730] {dag.py:2396} INFO - Sync 1 DAGs
[2022-03-03 15:39:18,760] {logging_mixin.py:109} INFO - [2022-03-03 15:39:18,760] {dag.py:2935} INFO - Setting next_dagrun for example_task_group to 2022-03-02T15:39:18.760089+00:00
[2022-03-03 15:39:18,774] {processor.py:171} INFO - Processing /home/airflow/.local/lib/python3.7/site-packages/airflow/example_dags/example_task_group.py took 0.129 seconds
[2022-03-03 15:39:49,866] {processor.py:163} INFO - Started process (PID=2421) to work on /home/airflow/.local/lib/python3.7/site-packages/airflow/example_dags/example_task_group.py
[2022-03-03 15:39:49,875] {processor.py:642} INFO - Processing file /home/airflow/.local/lib/python3.7/site-packages/airflow/example_dags/example_task_group.py for tasks to queue
[2022-03-03 15:39:49,882] {logging_mixin.py:109} INFO - [2022-03-03 15:39:49,882] {dagbag.py:500} INFO - Filling up the DagBag from /home/airflow/.local/lib/python3.7/site-packages/airflow/example_dags/example_task_group.py
[2022-03-03 15:39:50,037] {processor.py:654} INFO - DAG(s) dict_keys(['example_task_group']) retrieved from /home/airflow/.local/lib/python3.7/site-packages/airflow/example_dags/example_task_group.py
[2022-03-03 15:39:50,065] {logging_mixin.py:109} INFO - [2022-03-03 15:39:50,065] {dag.py:2396} INFO - Sync 1 DAGs
[2022-03-03 15:39:50,112] {logging_mixin.py:109} INFO - [2022-03-03 15:39:50,112] {dag.py:2935} INFO - Setting next_dagrun for example_task_group to 2022-03-02T15:39:50.111792+00:00
[2022-03-03 15:39:50,137] {processor.py:171} INFO - Processing /home/airflow/.local/lib/python3.7/site-packages/airflow/example_dags/example_task_group.py took 0.317 seconds
[2022-03-03 15:40:21,099] {processor.py:163} INFO - Started process (PID=2475) to work on /home/airflow/.local/lib/python3.7/site-packages/airflow/example_dags/example_task_group.py
[2022-03-03 15:40:21,101] {processor.py:642} INFO - Processing file /home/airflow/.local/lib/python3.7/site-packages/airflow/example_dags/example_task_group.py for tasks to queue
[2022-03-03 15:40:21,104] {logging_mixin.py:109} INFO - [2022-03-03 15:40:21,104] {dagbag.py:500} INFO - Filling up the DagBag from /home/airflow/.local/lib/python3.7/site-packages/airflow/example_dags/example_task_group.py
[2022-03-03 15:40:21,150] {processor.py:654} INFO - DAG(s) dict_keys(['example_task_group']) retrieved from /home/airflow/.local/lib/python3.7/site-packages/airflow/example_dags/example_task_group.py
[2022-03-03 15:40:21,186] {logging_mixin.py:109} INFO - [2022-03-03 15:40:21,185] {dag.py:2396} INFO - Sync 1 DAGs
[2022-03-03 15:40:21,236] {logging_mixin.py:109} INFO - [2022-03-03 15:40:21,236] {dag.py:2935} INFO - Setting next_dagrun for example_task_group to 2022-03-02T15:40:21.236291+00:00
[2022-03-03 15:40:21,282] {processor.py:171} INFO - Processing /home/airflow/.local/lib/python3.7/site-packages/airflow/example_dags/example_task_group.py took 0.197 seconds
[2022-03-03 15:40:52,110] {processor.py:163} INFO - Started process (PID=2533) to work on /home/airflow/.local/lib/python3.7/site-packages/airflow/example_dags/example_task_group.py
[2022-03-03 15:40:52,112] {processor.py:642} INFO - Processing file /home/airflow/.local/lib/python3.7/site-packages/airflow/example_dags/example_task_group.py for tasks to queue
[2022-03-03 15:40:52,115] {logging_mixin.py:109} INFO - [2022-03-03 15:40:52,115] {dagbag.py:500} INFO - Filling up the DagBag from /home/airflow/.local/lib/python3.7/site-packages/airflow/example_dags/example_task_group.py
[2022-03-03 15:40:52,186] {processor.py:654} INFO - DAG(s) dict_keys(['example_task_group']) retrieved from /home/airflow/.local/lib/python3.7/site-packages/airflow/example_dags/example_task_group.py
[2022-03-03 15:40:52,244] {logging_mixin.py:109} INFO - [2022-03-03 15:40:52,244] {dag.py:2396} INFO - Sync 1 DAGs
[2022-03-03 15:40:52,284] {logging_mixin.py:109} INFO - [2022-03-03 15:40:52,284] {dag.py:2935} INFO - Setting next_dagrun for example_task_group to 2022-03-02T15:40:52.284066+00:00
[2022-03-03 15:40:52,309] {processor.py:171} INFO - Processing /home/airflow/.local/lib/python3.7/site-packages/airflow/example_dags/example_task_group.py took 0.202 seconds
[2022-03-03 15:41:22,868] {processor.py:163} INFO - Started process (PID=2590) to work on /home/airflow/.local/lib/python3.7/site-packages/airflow/example_dags/example_task_group.py
[2022-03-03 15:41:22,870] {processor.py:642} INFO - Processing file /home/airflow/.local/lib/python3.7/site-packages/airflow/example_dags/example_task_group.py for tasks to queue
[2022-03-03 15:41:22,871] {logging_mixin.py:109} INFO - [2022-03-03 15:41:22,871] {dagbag.py:500} INFO - Filling up the DagBag from /home/airflow/.local/lib/python3.7/site-packages/airflow/example_dags/example_task_group.py
[2022-03-03 15:41:22,903] {processor.py:654} INFO - DAG(s) dict_keys(['example_task_group']) retrieved from /home/airflow/.local/lib/python3.7/site-packages/airflow/example_dags/example_task_group.py
[2022-03-03 15:41:22,918] {logging_mixin.py:109} INFO - [2022-03-03 15:41:22,918] {dag.py:2396} INFO - Sync 1 DAGs
[2022-03-03 15:41:22,941] {logging_mixin.py:109} INFO - [2022-03-03 15:41:22,941] {dag.py:2935} INFO - Setting next_dagrun for example_task_group to 2022-03-02T15:41:22.940938+00:00
[2022-03-03 15:41:22,955] {processor.py:171} INFO - Processing /home/airflow/.local/lib/python3.7/site-packages/airflow/example_dags/example_task_group.py took 0.092 seconds
[2022-03-03 15:41:53,634] {processor.py:163} INFO - Started process (PID=2653) to work on /home/airflow/.local/lib/python3.7/site-packages/airflow/example_dags/example_task_group.py
[2022-03-03 15:41:53,642] {processor.py:642} INFO - Processing file /home/airflow/.local/lib/python3.7/site-packages/airflow/example_dags/example_task_group.py for tasks to queue
[2022-03-03 15:41:53,651] {logging_mixin.py:109} INFO - [2022-03-03 15:41:53,651] {dagbag.py:500} INFO - Filling up the DagBag from /home/airflow/.local/lib/python3.7/site-packages/airflow/example_dags/example_task_group.py
[2022-03-03 15:41:53,764] {processor.py:654} INFO - DAG(s) dict_keys(['example_task_group']) retrieved from /home/airflow/.local/lib/python3.7/site-packages/airflow/example_dags/example_task_group.py
[2022-03-03 15:41:53,801] {logging_mixin.py:109} INFO - [2022-03-03 15:41:53,800] {dag.py:2396} INFO - Sync 1 DAGs
[2022-03-03 15:41:53,861] {logging_mixin.py:109} INFO - [2022-03-03 15:41:53,861] {dag.py:2935} INFO - Setting next_dagrun for example_task_group to 2022-03-02T15:41:53.861270+00:00
[2022-03-03 15:41:53,895] {processor.py:171} INFO - Processing /home/airflow/.local/lib/python3.7/site-packages/airflow/example_dags/example_task_group.py took 0.270 seconds
[2022-03-03 15:42:24,130] {processor.py:163} INFO - Started process (PID=2707) to work on /home/airflow/.local/lib/python3.7/site-packages/airflow/example_dags/example_task_group.py
[2022-03-03 15:42:24,132] {processor.py:642} INFO - Processing file /home/airflow/.local/lib/python3.7/site-packages/airflow/example_dags/example_task_group.py for tasks to queue
[2022-03-03 15:42:24,134] {logging_mixin.py:109} INFO - [2022-03-03 15:42:24,134] {dagbag.py:500} INFO - Filling up the DagBag from /home/airflow/.local/lib/python3.7/site-packages/airflow/example_dags/example_task_group.py
[2022-03-03 15:42:24,174] {processor.py:654} INFO - DAG(s) dict_keys(['example_task_group']) retrieved from /home/airflow/.local/lib/python3.7/site-packages/airflow/example_dags/example_task_group.py
[2022-03-03 15:42:24,194] {logging_mixin.py:109} INFO - [2022-03-03 15:42:24,194] {dag.py:2396} INFO - Sync 1 DAGs
[2022-03-03 15:42:24,221] {logging_mixin.py:109} INFO - [2022-03-03 15:42:24,221] {dag.py:2935} INFO - Setting next_dagrun for example_task_group to 2022-03-02T15:42:24.221474+00:00
[2022-03-03 15:42:24,235] {processor.py:171} INFO - Processing /home/airflow/.local/lib/python3.7/site-packages/airflow/example_dags/example_task_group.py took 0.113 seconds
[2022-03-03 15:42:54,708] {processor.py:163} INFO - Started process (PID=2773) to work on /home/airflow/.local/lib/python3.7/site-packages/airflow/example_dags/example_task_group.py
[2022-03-03 15:42:54,710] {processor.py:642} INFO - Processing file /home/airflow/.local/lib/python3.7/site-packages/airflow/example_dags/example_task_group.py for tasks to queue
[2022-03-03 15:42:54,712] {logging_mixin.py:109} INFO - [2022-03-03 15:42:54,712] {dagbag.py:500} INFO - Filling up the DagBag from /home/airflow/.local/lib/python3.7/site-packages/airflow/example_dags/example_task_group.py
[2022-03-03 15:42:54,757] {processor.py:654} INFO - DAG(s) dict_keys(['example_task_group']) retrieved from /home/airflow/.local/lib/python3.7/site-packages/airflow/example_dags/example_task_group.py
[2022-03-03 15:42:54,778] {logging_mixin.py:109} INFO - [2022-03-03 15:42:54,778] {dag.py:2396} INFO - Sync 1 DAGs
[2022-03-03 15:42:54,797] {logging_mixin.py:109} INFO - [2022-03-03 15:42:54,797] {dag.py:2935} INFO - Setting next_dagrun for example_task_group to 2022-03-02T15:42:54.797160+00:00
[2022-03-03 15:42:54,808] {processor.py:171} INFO - Processing /home/airflow/.local/lib/python3.7/site-packages/airflow/example_dags/example_task_group.py took 0.105 seconds
[2022-03-03 15:43:25,599] {processor.py:163} INFO - Started process (PID=2829) to work on /home/airflow/.local/lib/python3.7/site-packages/airflow/example_dags/example_task_group.py
[2022-03-03 15:43:25,601] {processor.py:642} INFO - Processing file /home/airflow/.local/lib/python3.7/site-packages/airflow/example_dags/example_task_group.py for tasks to queue
[2022-03-03 15:43:25,602] {logging_mixin.py:109} INFO - [2022-03-03 15:43:25,602] {dagbag.py:500} INFO - Filling up the DagBag from /home/airflow/.local/lib/python3.7/site-packages/airflow/example_dags/example_task_group.py
[2022-03-03 15:43:25,632] {processor.py:654} INFO - DAG(s) dict_keys(['example_task_group']) retrieved from /home/airflow/.local/lib/python3.7/site-packages/airflow/example_dags/example_task_group.py
[2022-03-03 15:43:25,644] {logging_mixin.py:109} INFO - [2022-03-03 15:43:25,644] {dag.py:2396} INFO - Sync 1 DAGs
[2022-03-03 15:43:25,659] {logging_mixin.py:109} INFO - [2022-03-03 15:43:25,659] {dag.py:2935} INFO - Setting next_dagrun for example_task_group to 2022-03-02T15:43:25.659211+00:00
[2022-03-03 15:43:25,667] {processor.py:171} INFO - Processing /home/airflow/.local/lib/python3.7/site-packages/airflow/example_dags/example_task_group.py took 0.072 seconds
[2022-03-03 15:43:56,198] {processor.py:163} INFO - Started process (PID=2885) to work on /home/airflow/.local/lib/python3.7/site-packages/airflow/example_dags/example_task_group.py
[2022-03-03 15:43:56,200] {processor.py:642} INFO - Processing file /home/airflow/.local/lib/python3.7/site-packages/airflow/example_dags/example_task_group.py for tasks to queue
[2022-03-03 15:43:56,201] {logging_mixin.py:109} INFO - [2022-03-03 15:43:56,201] {dagbag.py:500} INFO - Filling up the DagBag from /home/airflow/.local/lib/python3.7/site-packages/airflow/example_dags/example_task_group.py
[2022-03-03 15:43:56,231] {processor.py:654} INFO - DAG(s) dict_keys(['example_task_group']) retrieved from /home/airflow/.local/lib/python3.7/site-packages/airflow/example_dags/example_task_group.py
[2022-03-03 15:43:56,245] {logging_mixin.py:109} INFO - [2022-03-03 15:43:56,245] {dag.py:2396} INFO - Sync 1 DAGs
[2022-03-03 15:43:56,264] {logging_mixin.py:109} INFO - [2022-03-03 15:43:56,263] {dag.py:2935} INFO - Setting next_dagrun for example_task_group to 2022-03-02T15:43:56.263659+00:00
[2022-03-03 15:43:56,274] {processor.py:171} INFO - Processing /home/airflow/.local/lib/python3.7/site-packages/airflow/example_dags/example_task_group.py took 0.081 seconds
[2022-03-03 15:44:27,392] {processor.py:163} INFO - Started process (PID=2947) to work on /home/airflow/.local/lib/python3.7/site-packages/airflow/example_dags/example_task_group.py
[2022-03-03 15:44:27,396] {processor.py:642} INFO - Processing file /home/airflow/.local/lib/python3.7/site-packages/airflow/example_dags/example_task_group.py for tasks to queue
[2022-03-03 15:44:27,400] {logging_mixin.py:109} INFO - [2022-03-03 15:44:27,399] {dagbag.py:500} INFO - Filling up the DagBag from /home/airflow/.local/lib/python3.7/site-packages/airflow/example_dags/example_task_group.py
[2022-03-03 15:44:27,471] {processor.py:654} INFO - DAG(s) dict_keys(['example_task_group']) retrieved from /home/airflow/.local/lib/python3.7/site-packages/airflow/example_dags/example_task_group.py
[2022-03-03 15:44:27,507] {logging_mixin.py:109} INFO - [2022-03-03 15:44:27,507] {dag.py:2396} INFO - Sync 1 DAGs
[2022-03-03 15:44:27,552] {logging_mixin.py:109} INFO - [2022-03-03 15:44:27,552] {dag.py:2935} INFO - Setting next_dagrun for example_task_group to 2022-03-02T15:44:27.552426+00:00
[2022-03-03 15:44:27,578] {processor.py:171} INFO - Processing /home/airflow/.local/lib/python3.7/site-packages/airflow/example_dags/example_task_group.py took 0.195 seconds
[2022-03-03 15:44:58,010] {processor.py:163} INFO - Started process (PID=3005) to work on /home/airflow/.local/lib/python3.7/site-packages/airflow/example_dags/example_task_group.py
[2022-03-03 15:44:58,011] {processor.py:642} INFO - Processing file /home/airflow/.local/lib/python3.7/site-packages/airflow/example_dags/example_task_group.py for tasks to queue
[2022-03-03 15:44:58,012] {logging_mixin.py:109} INFO - [2022-03-03 15:44:58,012] {dagbag.py:500} INFO - Filling up the DagBag from /home/airflow/.local/lib/python3.7/site-packages/airflow/example_dags/example_task_group.py
[2022-03-03 15:44:58,061] {processor.py:654} INFO - DAG(s) dict_keys(['example_task_group']) retrieved from /home/airflow/.local/lib/python3.7/site-packages/airflow/example_dags/example_task_group.py
[2022-03-03 15:44:58,083] {logging_mixin.py:109} INFO - [2022-03-03 15:44:58,083] {dag.py:2396} INFO - Sync 1 DAGs
[2022-03-03 15:44:58,111] {logging_mixin.py:109} INFO - [2022-03-03 15:44:58,111] {dag.py:2935} INFO - Setting next_dagrun for example_task_group to 2022-03-02T15:44:58.111360+00:00
[2022-03-03 15:44:58,127] {processor.py:171} INFO - Processing /home/airflow/.local/lib/python3.7/site-packages/airflow/example_dags/example_task_group.py took 0.121 seconds
[2022-03-03 15:45:28,204] {processor.py:163} INFO - Started process (PID=3058) to work on /home/airflow/.local/lib/python3.7/site-packages/airflow/example_dags/example_task_group.py
[2022-03-03 15:45:28,206] {processor.py:642} INFO - Processing file /home/airflow/.local/lib/python3.7/site-packages/airflow/example_dags/example_task_group.py for tasks to queue
[2022-03-03 15:45:28,207] {logging_mixin.py:109} INFO - [2022-03-03 15:45:28,207] {dagbag.py:500} INFO - Filling up the DagBag from /home/airflow/.local/lib/python3.7/site-packages/airflow/example_dags/example_task_group.py
[2022-03-03 15:45:28,250] {processor.py:654} INFO - DAG(s) dict_keys(['example_task_group']) retrieved from /home/airflow/.local/lib/python3.7/site-packages/airflow/example_dags/example_task_group.py
[2022-03-03 15:45:28,268] {logging_mixin.py:109} INFO - [2022-03-03 15:45:28,268] {dag.py:2396} INFO - Sync 1 DAGs
[2022-03-03 15:45:28,287] {logging_mixin.py:109} INFO - [2022-03-03 15:45:28,287] {dag.py:2935} INFO - Setting next_dagrun for example_task_group to 2022-03-02T15:45:28.287449+00:00
[2022-03-03 15:45:28,297] {processor.py:171} INFO - Processing /home/airflow/.local/lib/python3.7/site-packages/airflow/example_dags/example_task_group.py took 0.098 seconds
[2022-03-03 15:45:59,241] {processor.py:163} INFO - Started process (PID=3122) to work on /home/airflow/.local/lib/python3.7/site-packages/airflow/example_dags/example_task_group.py
[2022-03-03 15:45:59,244] {processor.py:642} INFO - Processing file /home/airflow/.local/lib/python3.7/site-packages/airflow/example_dags/example_task_group.py for tasks to queue
[2022-03-03 15:45:59,245] {logging_mixin.py:109} INFO - [2022-03-03 15:45:59,245] {dagbag.py:500} INFO - Filling up the DagBag from /home/airflow/.local/lib/python3.7/site-packages/airflow/example_dags/example_task_group.py
[2022-03-03 15:45:59,277] {processor.py:654} INFO - DAG(s) dict_keys(['example_task_group']) retrieved from /home/airflow/.local/lib/python3.7/site-packages/airflow/example_dags/example_task_group.py
[2022-03-03 15:45:59,291] {logging_mixin.py:109} INFO - [2022-03-03 15:45:59,291] {dag.py:2396} INFO - Sync 1 DAGs
[2022-03-03 15:45:59,315] {logging_mixin.py:109} INFO - [2022-03-03 15:45:59,315] {dag.py:2935} INFO - Setting next_dagrun for example_task_group to 2022-03-02T15:45:59.314986+00:00
[2022-03-03 15:45:59,338] {processor.py:171} INFO - Processing /home/airflow/.local/lib/python3.7/site-packages/airflow/example_dags/example_task_group.py took 0.102 seconds
[2022-03-03 15:46:29,442] {processor.py:163} INFO - Started process (PID=3179) to work on /home/airflow/.local/lib/python3.7/site-packages/airflow/example_dags/example_task_group.py
[2022-03-03 15:46:29,444] {processor.py:642} INFO - Processing file /home/airflow/.local/lib/python3.7/site-packages/airflow/example_dags/example_task_group.py for tasks to queue
[2022-03-03 15:46:29,447] {logging_mixin.py:109} INFO - [2022-03-03 15:46:29,446] {dagbag.py:500} INFO - Filling up the DagBag from /home/airflow/.local/lib/python3.7/site-packages/airflow/example_dags/example_task_group.py
[2022-03-03 15:46:29,479] {processor.py:654} INFO - DAG(s) dict_keys(['example_task_group']) retrieved from /home/airflow/.local/lib/python3.7/site-packages/airflow/example_dags/example_task_group.py
[2022-03-03 15:46:29,490] {logging_mixin.py:109} INFO - [2022-03-03 15:46:29,490] {dag.py:2396} INFO - Sync 1 DAGs
[2022-03-03 15:46:29,505] {logging_mixin.py:109} INFO - [2022-03-03 15:46:29,505] {dag.py:2935} INFO - Setting next_dagrun for example_task_group to 2022-03-02T15:46:29.505255+00:00
[2022-03-03 15:46:29,513] {processor.py:171} INFO - Processing /home/airflow/.local/lib/python3.7/site-packages/airflow/example_dags/example_task_group.py took 0.076 seconds
[2022-03-03 15:46:59,972] {processor.py:163} INFO - Started process (PID=3246) to work on /home/airflow/.local/lib/python3.7/site-packages/airflow/example_dags/example_task_group.py
[2022-03-03 15:46:59,973] {processor.py:642} INFO - Processing file /home/airflow/.local/lib/python3.7/site-packages/airflow/example_dags/example_task_group.py for tasks to queue
[2022-03-03 15:46:59,976] {logging_mixin.py:109} INFO - [2022-03-03 15:46:59,975] {dagbag.py:500} INFO - Filling up the DagBag from /home/airflow/.local/lib/python3.7/site-packages/airflow/example_dags/example_task_group.py
[2022-03-03 15:47:00,031] {processor.py:654} INFO - DAG(s) dict_keys(['example_task_group']) retrieved from /home/airflow/.local/lib/python3.7/site-packages/airflow/example_dags/example_task_group.py
[2022-03-03 15:47:00,052] {logging_mixin.py:109} INFO - [2022-03-03 15:47:00,051] {dag.py:2396} INFO - Sync 1 DAGs
[2022-03-03 15:47:00,090] {logging_mixin.py:109} INFO - [2022-03-03 15:47:00,090] {dag.py:2935} INFO - Setting next_dagrun for example_task_group to 2022-03-02T15:47:00.090151+00:00
[2022-03-03 15:47:00,110] {processor.py:171} INFO - Processing /home/airflow/.local/lib/python3.7/site-packages/airflow/example_dags/example_task_group.py took 0.148 seconds
[2022-03-03 15:47:30,744] {processor.py:163} INFO - Started process (PID=3303) to work on /home/airflow/.local/lib/python3.7/site-packages/airflow/example_dags/example_task_group.py
[2022-03-03 15:47:30,746] {processor.py:642} INFO - Processing file /home/airflow/.local/lib/python3.7/site-packages/airflow/example_dags/example_task_group.py for tasks to queue
[2022-03-03 15:47:30,748] {logging_mixin.py:109} INFO - [2022-03-03 15:47:30,747] {dagbag.py:500} INFO - Filling up the DagBag from /home/airflow/.local/lib/python3.7/site-packages/airflow/example_dags/example_task_group.py
[2022-03-03 15:47:30,785] {processor.py:654} INFO - DAG(s) dict_keys(['example_task_group']) retrieved from /home/airflow/.local/lib/python3.7/site-packages/airflow/example_dags/example_task_group.py
[2022-03-03 15:47:30,797] {logging_mixin.py:109} INFO - [2022-03-03 15:47:30,797] {dag.py:2396} INFO - Sync 1 DAGs
[2022-03-03 15:47:30,820] {logging_mixin.py:109} INFO - [2022-03-03 15:47:30,820] {dag.py:2935} INFO - Setting next_dagrun for example_task_group to 2022-03-02T15:47:30.819906+00:00
[2022-03-03 15:47:30,840] {processor.py:171} INFO - Processing /home/airflow/.local/lib/python3.7/site-packages/airflow/example_dags/example_task_group.py took 0.100 seconds
[2022-03-03 15:48:01,079] {processor.py:163} INFO - Started process (PID=3366) to work on /home/airflow/.local/lib/python3.7/site-packages/airflow/example_dags/example_task_group.py
[2022-03-03 15:48:01,081] {processor.py:642} INFO - Processing file /home/airflow/.local/lib/python3.7/site-packages/airflow/example_dags/example_task_group.py for tasks to queue
[2022-03-03 15:48:01,083] {logging_mixin.py:109} INFO - [2022-03-03 15:48:01,083] {dagbag.py:500} INFO - Filling up the DagBag from /home/airflow/.local/lib/python3.7/site-packages/airflow/example_dags/example_task_group.py
[2022-03-03 15:48:01,163] {processor.py:654} INFO - DAG(s) dict_keys(['example_task_group']) retrieved from /home/airflow/.local/lib/python3.7/site-packages/airflow/example_dags/example_task_group.py
[2022-03-03 15:48:01,194] {logging_mixin.py:109} INFO - [2022-03-03 15:48:01,194] {dag.py:2396} INFO - Sync 1 DAGs
[2022-03-03 15:48:01,230] {logging_mixin.py:109} INFO - [2022-03-03 15:48:01,230] {dag.py:2935} INFO - Setting next_dagrun for example_task_group to 2022-03-02T15:48:01.230240+00:00
[2022-03-03 15:48:01,264] {processor.py:171} INFO - Processing /home/airflow/.local/lib/python3.7/site-packages/airflow/example_dags/example_task_group.py took 0.193 seconds
[2022-03-03 15:48:31,332] {processor.py:163} INFO - Started process (PID=3425) to work on /home/airflow/.local/lib/python3.7/site-packages/airflow/example_dags/example_task_group.py
[2022-03-03 15:48:31,335] {processor.py:642} INFO - Processing file /home/airflow/.local/lib/python3.7/site-packages/airflow/example_dags/example_task_group.py for tasks to queue
[2022-03-03 15:48:31,337] {logging_mixin.py:109} INFO - [2022-03-03 15:48:31,336] {dagbag.py:500} INFO - Filling up the DagBag from /home/airflow/.local/lib/python3.7/site-packages/airflow/example_dags/example_task_group.py
[2022-03-03 15:48:31,417] {processor.py:654} INFO - DAG(s) dict_keys(['example_task_group']) retrieved from /home/airflow/.local/lib/python3.7/site-packages/airflow/example_dags/example_task_group.py
[2022-03-03 15:48:31,432] {logging_mixin.py:109} INFO - [2022-03-03 15:48:31,432] {dag.py:2396} INFO - Sync 1 DAGs
[2022-03-03 15:48:31,449] {logging_mixin.py:109} INFO - [2022-03-03 15:48:31,449] {dag.py:2935} INFO - Setting next_dagrun for example_task_group to 2022-03-02T15:48:31.449517+00:00
[2022-03-03 15:48:31,460] {processor.py:171} INFO - Processing /home/airflow/.local/lib/python3.7/site-packages/airflow/example_dags/example_task_group.py took 0.135 seconds
[2022-03-03 15:49:01,995] {processor.py:163} INFO - Started process (PID=3478) to work on /home/airflow/.local/lib/python3.7/site-packages/airflow/example_dags/example_task_group.py
[2022-03-03 15:49:01,998] {processor.py:642} INFO - Processing file /home/airflow/.local/lib/python3.7/site-packages/airflow/example_dags/example_task_group.py for tasks to queue
[2022-03-03 15:49:02,001] {logging_mixin.py:109} INFO - [2022-03-03 15:49:02,001] {dagbag.py:500} INFO - Filling up the DagBag from /home/airflow/.local/lib/python3.7/site-packages/airflow/example_dags/example_task_group.py
[2022-03-03 15:49:02,095] {processor.py:654} INFO - DAG(s) dict_keys(['example_task_group']) retrieved from /home/airflow/.local/lib/python3.7/site-packages/airflow/example_dags/example_task_group.py
[2022-03-03 15:49:02,130] {logging_mixin.py:109} INFO - [2022-03-03 15:49:02,130] {dag.py:2396} INFO - Sync 1 DAGs
[2022-03-03 15:49:02,162] {logging_mixin.py:109} INFO - [2022-03-03 15:49:02,162] {dag.py:2935} INFO - Setting next_dagrun for example_task_group to 2022-03-02T15:49:02.162519+00:00
[2022-03-03 15:49:02,181] {processor.py:171} INFO - Processing /home/airflow/.local/lib/python3.7/site-packages/airflow/example_dags/example_task_group.py took 0.192 seconds
[2022-03-03 15:49:32,411] {processor.py:163} INFO - Started process (PID=3543) to work on /home/airflow/.local/lib/python3.7/site-packages/airflow/example_dags/example_task_group.py
[2022-03-03 15:49:32,419] {processor.py:642} INFO - Processing file /home/airflow/.local/lib/python3.7/site-packages/airflow/example_dags/example_task_group.py for tasks to queue
[2022-03-03 15:49:32,423] {logging_mixin.py:109} INFO - [2022-03-03 15:49:32,422] {dagbag.py:500} INFO - Filling up the DagBag from /home/airflow/.local/lib/python3.7/site-packages/airflow/example_dags/example_task_group.py
[2022-03-03 15:49:32,533] {processor.py:654} INFO - DAG(s) dict_keys(['example_task_group']) retrieved from /home/airflow/.local/lib/python3.7/site-packages/airflow/example_dags/example_task_group.py
[2022-03-03 15:49:32,569] {logging_mixin.py:109} INFO - [2022-03-03 15:49:32,568] {dag.py:2396} INFO - Sync 1 DAGs
[2022-03-03 15:49:32,612] {logging_mixin.py:109} INFO - [2022-03-03 15:49:32,612] {dag.py:2935} INFO - Setting next_dagrun for example_task_group to 2022-03-02T15:49:32.612244+00:00
[2022-03-03 15:49:32,639] {processor.py:171} INFO - Processing /home/airflow/.local/lib/python3.7/site-packages/airflow/example_dags/example_task_group.py took 0.255 seconds
[2022-03-03 15:50:03,283] {processor.py:163} INFO - Started process (PID=3599) to work on /home/airflow/.local/lib/python3.7/site-packages/airflow/example_dags/example_task_group.py
[2022-03-03 15:50:03,285] {processor.py:642} INFO - Processing file /home/airflow/.local/lib/python3.7/site-packages/airflow/example_dags/example_task_group.py for tasks to queue
[2022-03-03 15:50:03,287] {logging_mixin.py:109} INFO - [2022-03-03 15:50:03,287] {dagbag.py:500} INFO - Filling up the DagBag from /home/airflow/.local/lib/python3.7/site-packages/airflow/example_dags/example_task_group.py
[2022-03-03 15:50:03,335] {processor.py:654} INFO - DAG(s) dict_keys(['example_task_group']) retrieved from /home/airflow/.local/lib/python3.7/site-packages/airflow/example_dags/example_task_group.py
[2022-03-03 15:50:03,346] {logging_mixin.py:109} INFO - [2022-03-03 15:50:03,346] {dag.py:2396} INFO - Sync 1 DAGs
[2022-03-03 15:50:03,362] {logging_mixin.py:109} INFO - [2022-03-03 15:50:03,362] {dag.py:2935} INFO - Setting next_dagrun for example_task_group to 2022-03-02T15:50:03.361786+00:00
[2022-03-03 15:50:03,371] {processor.py:171} INFO - Processing /home/airflow/.local/lib/python3.7/site-packages/airflow/example_dags/example_task_group.py took 0.096 seconds
[2022-03-03 15:50:33,818] {processor.py:163} INFO - Started process (PID=3659) to work on /home/airflow/.local/lib/python3.7/site-packages/airflow/example_dags/example_task_group.py
[2022-03-03 15:50:33,820] {processor.py:642} INFO - Processing file /home/airflow/.local/lib/python3.7/site-packages/airflow/example_dags/example_task_group.py for tasks to queue
[2022-03-03 15:50:33,822] {logging_mixin.py:109} INFO - [2022-03-03 15:50:33,822] {dagbag.py:500} INFO - Filling up the DagBag from /home/airflow/.local/lib/python3.7/site-packages/airflow/example_dags/example_task_group.py
[2022-03-03 15:50:33,855] {processor.py:654} INFO - DAG(s) dict_keys(['example_task_group']) retrieved from /home/airflow/.local/lib/python3.7/site-packages/airflow/example_dags/example_task_group.py
[2022-03-03 15:50:33,866] {logging_mixin.py:109} INFO - [2022-03-03 15:50:33,866] {dag.py:2396} INFO - Sync 1 DAGs
[2022-03-03 15:50:33,884] {logging_mixin.py:109} INFO - [2022-03-03 15:50:33,884] {dag.py:2935} INFO - Setting next_dagrun for example_task_group to 2022-03-02T15:50:33.884296+00:00
[2022-03-03 15:50:33,894] {processor.py:171} INFO - Processing /home/airflow/.local/lib/python3.7/site-packages/airflow/example_dags/example_task_group.py took 0.079 seconds
