[2022-03-03 15:18:35,479] {processor.py:163} INFO - Started process (PID=58) to work on /home/airflow/.local/lib/python3.7/site-packages/airflow/example_dags/example_branch_python_dop_operator_3.py
[2022-03-03 15:18:35,484] {processor.py:642} INFO - Processing file /home/airflow/.local/lib/python3.7/site-packages/airflow/example_dags/example_branch_python_dop_operator_3.py for tasks to queue
[2022-03-03 15:18:35,501] {logging_mixin.py:109} INFO - [2022-03-03 15:18:35,501] {dagbag.py:500} INFO - Filling up the DagBag from /home/airflow/.local/lib/python3.7/site-packages/airflow/example_dags/example_branch_python_dop_operator_3.py
[2022-03-03 15:18:35,752] {processor.py:654} INFO - DAG(s) dict_keys(['example_branch_dop_operator_v3']) retrieved from /home/airflow/.local/lib/python3.7/site-packages/airflow/example_dags/example_branch_python_dop_operator_3.py
[2022-03-03 15:18:35,802] {logging_mixin.py:109} INFO - [2022-03-03 15:18:35,802] {dag.py:2396} INFO - Sync 1 DAGs
[2022-03-03 15:18:35,981] {logging_mixin.py:109} INFO - [2022-03-03 15:18:35,981] {dag.py:2935} INFO - Setting next_dagrun for example_branch_dop_operator_v3 to 2022-03-03T15:17:00+00:00
[2022-03-03 15:18:36,024] {processor.py:171} INFO - Processing /home/airflow/.local/lib/python3.7/site-packages/airflow/example_dags/example_branch_python_dop_operator_3.py took 0.554 seconds
[2022-03-03 15:19:06,454] {processor.py:163} INFO - Started process (PID=108) to work on /home/airflow/.local/lib/python3.7/site-packages/airflow/example_dags/example_branch_python_dop_operator_3.py
[2022-03-03 15:19:06,469] {processor.py:642} INFO - Processing file /home/airflow/.local/lib/python3.7/site-packages/airflow/example_dags/example_branch_python_dop_operator_3.py for tasks to queue
[2022-03-03 15:19:06,476] {logging_mixin.py:109} INFO - [2022-03-03 15:19:06,476] {dagbag.py:500} INFO - Filling up the DagBag from /home/airflow/.local/lib/python3.7/site-packages/airflow/example_dags/example_branch_python_dop_operator_3.py
[2022-03-03 15:19:06,658] {processor.py:654} INFO - DAG(s) dict_keys(['example_branch_dop_operator_v3']) retrieved from /home/airflow/.local/lib/python3.7/site-packages/airflow/example_dags/example_branch_python_dop_operator_3.py
[2022-03-03 15:19:06,686] {logging_mixin.py:109} INFO - [2022-03-03 15:19:06,685] {dag.py:2396} INFO - Sync 1 DAGs
[2022-03-03 15:19:06,801] {logging_mixin.py:109} INFO - [2022-03-03 15:19:06,801] {dag.py:2935} INFO - Setting next_dagrun for example_branch_dop_operator_v3 to 2022-03-03T15:18:00+00:00
[2022-03-03 15:19:06,828] {processor.py:171} INFO - Processing /home/airflow/.local/lib/python3.7/site-packages/airflow/example_dags/example_branch_python_dop_operator_3.py took 0.391 seconds
[2022-03-03 15:19:36,949] {processor.py:163} INFO - Started process (PID=162) to work on /home/airflow/.local/lib/python3.7/site-packages/airflow/example_dags/example_branch_python_dop_operator_3.py
[2022-03-03 15:19:36,951] {processor.py:642} INFO - Processing file /home/airflow/.local/lib/python3.7/site-packages/airflow/example_dags/example_branch_python_dop_operator_3.py for tasks to queue
[2022-03-03 15:19:36,953] {logging_mixin.py:109} INFO - [2022-03-03 15:19:36,952] {dagbag.py:500} INFO - Filling up the DagBag from /home/airflow/.local/lib/python3.7/site-packages/airflow/example_dags/example_branch_python_dop_operator_3.py
[2022-03-03 15:19:37,001] {processor.py:654} INFO - DAG(s) dict_keys(['example_branch_dop_operator_v3']) retrieved from /home/airflow/.local/lib/python3.7/site-packages/airflow/example_dags/example_branch_python_dop_operator_3.py
[2022-03-03 15:19:37,013] {logging_mixin.py:109} INFO - [2022-03-03 15:19:37,013] {dag.py:2396} INFO - Sync 1 DAGs
[2022-03-03 15:19:37,036] {logging_mixin.py:109} INFO - [2022-03-03 15:19:37,035] {dag.py:2935} INFO - Setting next_dagrun for example_branch_dop_operator_v3 to 2022-03-03T15:18:00+00:00
[2022-03-03 15:19:37,055] {processor.py:171} INFO - Processing /home/airflow/.local/lib/python3.7/site-packages/airflow/example_dags/example_branch_python_dop_operator_3.py took 0.114 seconds
[2022-03-03 15:20:07,281] {processor.py:163} INFO - Started process (PID=216) to work on /home/airflow/.local/lib/python3.7/site-packages/airflow/example_dags/example_branch_python_dop_operator_3.py
[2022-03-03 15:20:07,285] {processor.py:642} INFO - Processing file /home/airflow/.local/lib/python3.7/site-packages/airflow/example_dags/example_branch_python_dop_operator_3.py for tasks to queue
[2022-03-03 15:20:07,288] {logging_mixin.py:109} INFO - [2022-03-03 15:20:07,288] {dagbag.py:500} INFO - Filling up the DagBag from /home/airflow/.local/lib/python3.7/site-packages/airflow/example_dags/example_branch_python_dop_operator_3.py
[2022-03-03 15:20:07,330] {processor.py:654} INFO - DAG(s) dict_keys(['example_branch_dop_operator_v3']) retrieved from /home/airflow/.local/lib/python3.7/site-packages/airflow/example_dags/example_branch_python_dop_operator_3.py
[2022-03-03 15:20:07,348] {logging_mixin.py:109} INFO - [2022-03-03 15:20:07,348] {dag.py:2396} INFO - Sync 1 DAGs
[2022-03-03 15:20:07,383] {logging_mixin.py:109} INFO - [2022-03-03 15:20:07,383] {dag.py:2935} INFO - Setting next_dagrun for example_branch_dop_operator_v3 to 2022-03-03T15:19:00+00:00
[2022-03-03 15:20:07,400] {processor.py:171} INFO - Processing /home/airflow/.local/lib/python3.7/site-packages/airflow/example_dags/example_branch_python_dop_operator_3.py took 0.127 seconds
[2022-03-03 15:20:37,876] {processor.py:163} INFO - Started process (PID=278) to work on /home/airflow/.local/lib/python3.7/site-packages/airflow/example_dags/example_branch_python_dop_operator_3.py
[2022-03-03 15:20:37,878] {processor.py:642} INFO - Processing file /home/airflow/.local/lib/python3.7/site-packages/airflow/example_dags/example_branch_python_dop_operator_3.py for tasks to queue
[2022-03-03 15:20:37,881] {logging_mixin.py:109} INFO - [2022-03-03 15:20:37,881] {dagbag.py:500} INFO - Filling up the DagBag from /home/airflow/.local/lib/python3.7/site-packages/airflow/example_dags/example_branch_python_dop_operator_3.py
[2022-03-03 15:20:37,932] {processor.py:654} INFO - DAG(s) dict_keys(['example_branch_dop_operator_v3']) retrieved from /home/airflow/.local/lib/python3.7/site-packages/airflow/example_dags/example_branch_python_dop_operator_3.py
[2022-03-03 15:20:37,954] {logging_mixin.py:109} INFO - [2022-03-03 15:20:37,954] {dag.py:2396} INFO - Sync 1 DAGs
[2022-03-03 15:20:37,994] {logging_mixin.py:109} INFO - [2022-03-03 15:20:37,994] {dag.py:2935} INFO - Setting next_dagrun for example_branch_dop_operator_v3 to 2022-03-03T15:19:00+00:00
[2022-03-03 15:20:38,013] {processor.py:171} INFO - Processing /home/airflow/.local/lib/python3.7/site-packages/airflow/example_dags/example_branch_python_dop_operator_3.py took 0.147 seconds
[2022-03-03 15:21:08,197] {processor.py:163} INFO - Started process (PID=334) to work on /home/airflow/.local/lib/python3.7/site-packages/airflow/example_dags/example_branch_python_dop_operator_3.py
[2022-03-03 15:21:08,205] {processor.py:642} INFO - Processing file /home/airflow/.local/lib/python3.7/site-packages/airflow/example_dags/example_branch_python_dop_operator_3.py for tasks to queue
[2022-03-03 15:21:08,208] {logging_mixin.py:109} INFO - [2022-03-03 15:21:08,208] {dagbag.py:500} INFO - Filling up the DagBag from /home/airflow/.local/lib/python3.7/site-packages/airflow/example_dags/example_branch_python_dop_operator_3.py
[2022-03-03 15:21:08,278] {processor.py:654} INFO - DAG(s) dict_keys(['example_branch_dop_operator_v3']) retrieved from /home/airflow/.local/lib/python3.7/site-packages/airflow/example_dags/example_branch_python_dop_operator_3.py
[2022-03-03 15:21:08,310] {logging_mixin.py:109} INFO - [2022-03-03 15:21:08,310] {dag.py:2396} INFO - Sync 1 DAGs
[2022-03-03 15:21:08,354] {logging_mixin.py:109} INFO - [2022-03-03 15:21:08,353] {dag.py:2935} INFO - Setting next_dagrun for example_branch_dop_operator_v3 to 2022-03-03T15:20:00+00:00
[2022-03-03 15:21:08,377] {processor.py:171} INFO - Processing /home/airflow/.local/lib/python3.7/site-packages/airflow/example_dags/example_branch_python_dop_operator_3.py took 0.191 seconds
[2022-03-03 15:21:38,704] {processor.py:163} INFO - Started process (PID=389) to work on /home/airflow/.local/lib/python3.7/site-packages/airflow/example_dags/example_branch_python_dop_operator_3.py
[2022-03-03 15:21:38,709] {processor.py:642} INFO - Processing file /home/airflow/.local/lib/python3.7/site-packages/airflow/example_dags/example_branch_python_dop_operator_3.py for tasks to queue
[2022-03-03 15:21:38,712] {logging_mixin.py:109} INFO - [2022-03-03 15:21:38,712] {dagbag.py:500} INFO - Filling up the DagBag from /home/airflow/.local/lib/python3.7/site-packages/airflow/example_dags/example_branch_python_dop_operator_3.py
[2022-03-03 15:21:38,768] {processor.py:654} INFO - DAG(s) dict_keys(['example_branch_dop_operator_v3']) retrieved from /home/airflow/.local/lib/python3.7/site-packages/airflow/example_dags/example_branch_python_dop_operator_3.py
[2022-03-03 15:21:38,783] {logging_mixin.py:109} INFO - [2022-03-03 15:21:38,782] {dag.py:2396} INFO - Sync 1 DAGs
[2022-03-03 15:21:38,825] {logging_mixin.py:109} INFO - [2022-03-03 15:21:38,825] {dag.py:2935} INFO - Setting next_dagrun for example_branch_dop_operator_v3 to 2022-03-03T15:20:00+00:00
[2022-03-03 15:21:38,847] {processor.py:171} INFO - Processing /home/airflow/.local/lib/python3.7/site-packages/airflow/example_dags/example_branch_python_dop_operator_3.py took 0.152 seconds
[2022-03-03 15:22:09,058] {processor.py:163} INFO - Started process (PID=444) to work on /home/airflow/.local/lib/python3.7/site-packages/airflow/example_dags/example_branch_python_dop_operator_3.py
[2022-03-03 15:22:09,060] {processor.py:642} INFO - Processing file /home/airflow/.local/lib/python3.7/site-packages/airflow/example_dags/example_branch_python_dop_operator_3.py for tasks to queue
[2022-03-03 15:22:09,061] {logging_mixin.py:109} INFO - [2022-03-03 15:22:09,061] {dagbag.py:500} INFO - Filling up the DagBag from /home/airflow/.local/lib/python3.7/site-packages/airflow/example_dags/example_branch_python_dop_operator_3.py
[2022-03-03 15:22:09,093] {processor.py:654} INFO - DAG(s) dict_keys(['example_branch_dop_operator_v3']) retrieved from /home/airflow/.local/lib/python3.7/site-packages/airflow/example_dags/example_branch_python_dop_operator_3.py
[2022-03-03 15:22:09,103] {logging_mixin.py:109} INFO - [2022-03-03 15:22:09,103] {dag.py:2396} INFO - Sync 1 DAGs
[2022-03-03 15:22:09,126] {logging_mixin.py:109} INFO - [2022-03-03 15:22:09,126] {dag.py:2935} INFO - Setting next_dagrun for example_branch_dop_operator_v3 to 2022-03-03T15:21:00+00:00
[2022-03-03 15:22:09,135] {processor.py:171} INFO - Processing /home/airflow/.local/lib/python3.7/site-packages/airflow/example_dags/example_branch_python_dop_operator_3.py took 0.082 seconds
[2022-03-03 15:22:39,324] {processor.py:163} INFO - Started process (PID=501) to work on /home/airflow/.local/lib/python3.7/site-packages/airflow/example_dags/example_branch_python_dop_operator_3.py
[2022-03-03 15:22:39,326] {processor.py:642} INFO - Processing file /home/airflow/.local/lib/python3.7/site-packages/airflow/example_dags/example_branch_python_dop_operator_3.py for tasks to queue
[2022-03-03 15:22:39,328] {logging_mixin.py:109} INFO - [2022-03-03 15:22:39,328] {dagbag.py:500} INFO - Filling up the DagBag from /home/airflow/.local/lib/python3.7/site-packages/airflow/example_dags/example_branch_python_dop_operator_3.py
[2022-03-03 15:22:39,362] {processor.py:654} INFO - DAG(s) dict_keys(['example_branch_dop_operator_v3']) retrieved from /home/airflow/.local/lib/python3.7/site-packages/airflow/example_dags/example_branch_python_dop_operator_3.py
[2022-03-03 15:22:39,372] {logging_mixin.py:109} INFO - [2022-03-03 15:22:39,372] {dag.py:2396} INFO - Sync 1 DAGs
[2022-03-03 15:22:39,392] {logging_mixin.py:109} INFO - [2022-03-03 15:22:39,392] {dag.py:2935} INFO - Setting next_dagrun for example_branch_dop_operator_v3 to 2022-03-03T15:21:00+00:00
[2022-03-03 15:22:39,402] {processor.py:171} INFO - Processing /home/airflow/.local/lib/python3.7/site-packages/airflow/example_dags/example_branch_python_dop_operator_3.py took 0.086 seconds
[2022-03-03 15:23:09,802] {processor.py:163} INFO - Started process (PID=557) to work on /home/airflow/.local/lib/python3.7/site-packages/airflow/example_dags/example_branch_python_dop_operator_3.py
[2022-03-03 15:23:09,805] {processor.py:642} INFO - Processing file /home/airflow/.local/lib/python3.7/site-packages/airflow/example_dags/example_branch_python_dop_operator_3.py for tasks to queue
[2022-03-03 15:23:09,806] {logging_mixin.py:109} INFO - [2022-03-03 15:23:09,806] {dagbag.py:500} INFO - Filling up the DagBag from /home/airflow/.local/lib/python3.7/site-packages/airflow/example_dags/example_branch_python_dop_operator_3.py
[2022-03-03 15:23:09,864] {processor.py:654} INFO - DAG(s) dict_keys(['example_branch_dop_operator_v3']) retrieved from /home/airflow/.local/lib/python3.7/site-packages/airflow/example_dags/example_branch_python_dop_operator_3.py
[2022-03-03 15:23:09,885] {logging_mixin.py:109} INFO - [2022-03-03 15:23:09,885] {dag.py:2396} INFO - Sync 1 DAGs
[2022-03-03 15:23:09,922] {logging_mixin.py:109} INFO - [2022-03-03 15:23:09,921] {dag.py:2935} INFO - Setting next_dagrun for example_branch_dop_operator_v3 to 2022-03-03T15:22:00+00:00
[2022-03-03 15:23:09,938] {processor.py:171} INFO - Processing /home/airflow/.local/lib/python3.7/site-packages/airflow/example_dags/example_branch_python_dop_operator_3.py took 0.143 seconds
[2022-03-03 15:23:40,616] {processor.py:163} INFO - Started process (PID=620) to work on /home/airflow/.local/lib/python3.7/site-packages/airflow/example_dags/example_branch_python_dop_operator_3.py
[2022-03-03 15:23:40,618] {processor.py:642} INFO - Processing file /home/airflow/.local/lib/python3.7/site-packages/airflow/example_dags/example_branch_python_dop_operator_3.py for tasks to queue
[2022-03-03 15:23:40,622] {logging_mixin.py:109} INFO - [2022-03-03 15:23:40,622] {dagbag.py:500} INFO - Filling up the DagBag from /home/airflow/.local/lib/python3.7/site-packages/airflow/example_dags/example_branch_python_dop_operator_3.py
[2022-03-03 15:23:40,682] {processor.py:654} INFO - DAG(s) dict_keys(['example_branch_dop_operator_v3']) retrieved from /home/airflow/.local/lib/python3.7/site-packages/airflow/example_dags/example_branch_python_dop_operator_3.py
[2022-03-03 15:23:40,702] {logging_mixin.py:109} INFO - [2022-03-03 15:23:40,702] {dag.py:2396} INFO - Sync 1 DAGs
[2022-03-03 15:23:40,749] {logging_mixin.py:109} INFO - [2022-03-03 15:23:40,748] {dag.py:2935} INFO - Setting next_dagrun for example_branch_dop_operator_v3 to 2022-03-03T15:22:00+00:00
[2022-03-03 15:23:40,767] {processor.py:171} INFO - Processing /home/airflow/.local/lib/python3.7/site-packages/airflow/example_dags/example_branch_python_dop_operator_3.py took 0.159 seconds
[2022-03-03 15:24:11,306] {processor.py:163} INFO - Started process (PID=676) to work on /home/airflow/.local/lib/python3.7/site-packages/airflow/example_dags/example_branch_python_dop_operator_3.py
[2022-03-03 15:24:11,308] {processor.py:642} INFO - Processing file /home/airflow/.local/lib/python3.7/site-packages/airflow/example_dags/example_branch_python_dop_operator_3.py for tasks to queue
[2022-03-03 15:24:11,310] {logging_mixin.py:109} INFO - [2022-03-03 15:24:11,309] {dagbag.py:500} INFO - Filling up the DagBag from /home/airflow/.local/lib/python3.7/site-packages/airflow/example_dags/example_branch_python_dop_operator_3.py
[2022-03-03 15:24:11,347] {processor.py:654} INFO - DAG(s) dict_keys(['example_branch_dop_operator_v3']) retrieved from /home/airflow/.local/lib/python3.7/site-packages/airflow/example_dags/example_branch_python_dop_operator_3.py
[2022-03-03 15:24:11,361] {logging_mixin.py:109} INFO - [2022-03-03 15:24:11,361] {dag.py:2396} INFO - Sync 1 DAGs
[2022-03-03 15:24:11,380] {logging_mixin.py:109} INFO - [2022-03-03 15:24:11,380] {dag.py:2935} INFO - Setting next_dagrun for example_branch_dop_operator_v3 to 2022-03-03T15:23:00+00:00
[2022-03-03 15:24:11,390] {processor.py:171} INFO - Processing /home/airflow/.local/lib/python3.7/site-packages/airflow/example_dags/example_branch_python_dop_operator_3.py took 0.088 seconds
[2022-03-03 15:24:41,527] {processor.py:163} INFO - Started process (PID=730) to work on /home/airflow/.local/lib/python3.7/site-packages/airflow/example_dags/example_branch_python_dop_operator_3.py
[2022-03-03 15:24:41,529] {processor.py:642} INFO - Processing file /home/airflow/.local/lib/python3.7/site-packages/airflow/example_dags/example_branch_python_dop_operator_3.py for tasks to queue
[2022-03-03 15:24:41,531] {logging_mixin.py:109} INFO - [2022-03-03 15:24:41,531] {dagbag.py:500} INFO - Filling up the DagBag from /home/airflow/.local/lib/python3.7/site-packages/airflow/example_dags/example_branch_python_dop_operator_3.py
[2022-03-03 15:24:41,566] {processor.py:654} INFO - DAG(s) dict_keys(['example_branch_dop_operator_v3']) retrieved from /home/airflow/.local/lib/python3.7/site-packages/airflow/example_dags/example_branch_python_dop_operator_3.py
[2022-03-03 15:24:41,579] {logging_mixin.py:109} INFO - [2022-03-03 15:24:41,579] {dag.py:2396} INFO - Sync 1 DAGs
[2022-03-03 15:24:41,602] {logging_mixin.py:109} INFO - [2022-03-03 15:24:41,601] {dag.py:2935} INFO - Setting next_dagrun for example_branch_dop_operator_v3 to 2022-03-03T15:23:00+00:00
[2022-03-03 15:24:41,613] {processor.py:171} INFO - Processing /home/airflow/.local/lib/python3.7/site-packages/airflow/example_dags/example_branch_python_dop_operator_3.py took 0.095 seconds
[2022-03-03 15:25:12,072] {processor.py:163} INFO - Started process (PID=783) to work on /home/airflow/.local/lib/python3.7/site-packages/airflow/example_dags/example_branch_python_dop_operator_3.py
[2022-03-03 15:25:12,074] {processor.py:642} INFO - Processing file /home/airflow/.local/lib/python3.7/site-packages/airflow/example_dags/example_branch_python_dop_operator_3.py for tasks to queue
[2022-03-03 15:25:12,076] {logging_mixin.py:109} INFO - [2022-03-03 15:25:12,075] {dagbag.py:500} INFO - Filling up the DagBag from /home/airflow/.local/lib/python3.7/site-packages/airflow/example_dags/example_branch_python_dop_operator_3.py
[2022-03-03 15:25:12,111] {processor.py:654} INFO - DAG(s) dict_keys(['example_branch_dop_operator_v3']) retrieved from /home/airflow/.local/lib/python3.7/site-packages/airflow/example_dags/example_branch_python_dop_operator_3.py
[2022-03-03 15:25:12,122] {logging_mixin.py:109} INFO - [2022-03-03 15:25:12,121] {dag.py:2396} INFO - Sync 1 DAGs
[2022-03-03 15:25:12,142] {logging_mixin.py:109} INFO - [2022-03-03 15:25:12,142] {dag.py:2935} INFO - Setting next_dagrun for example_branch_dop_operator_v3 to 2022-03-03T15:24:00+00:00
[2022-03-03 15:25:12,153] {processor.py:171} INFO - Processing /home/airflow/.local/lib/python3.7/site-packages/airflow/example_dags/example_branch_python_dop_operator_3.py took 0.086 seconds
[2022-03-03 15:25:42,484] {processor.py:163} INFO - Started process (PID=839) to work on /home/airflow/.local/lib/python3.7/site-packages/airflow/example_dags/example_branch_python_dop_operator_3.py
[2022-03-03 15:25:42,489] {processor.py:642} INFO - Processing file /home/airflow/.local/lib/python3.7/site-packages/airflow/example_dags/example_branch_python_dop_operator_3.py for tasks to queue
[2022-03-03 15:25:42,490] {logging_mixin.py:109} INFO - [2022-03-03 15:25:42,490] {dagbag.py:500} INFO - Filling up the DagBag from /home/airflow/.local/lib/python3.7/site-packages/airflow/example_dags/example_branch_python_dop_operator_3.py
[2022-03-03 15:25:42,565] {processor.py:654} INFO - DAG(s) dict_keys(['example_branch_dop_operator_v3']) retrieved from /home/airflow/.local/lib/python3.7/site-packages/airflow/example_dags/example_branch_python_dop_operator_3.py
[2022-03-03 15:25:42,582] {logging_mixin.py:109} INFO - [2022-03-03 15:25:42,582] {dag.py:2396} INFO - Sync 1 DAGs
[2022-03-03 15:25:42,619] {logging_mixin.py:109} INFO - [2022-03-03 15:25:42,619] {dag.py:2935} INFO - Setting next_dagrun for example_branch_dop_operator_v3 to 2022-03-03T15:24:00+00:00
[2022-03-03 15:25:42,639] {processor.py:171} INFO - Processing /home/airflow/.local/lib/python3.7/site-packages/airflow/example_dags/example_branch_python_dop_operator_3.py took 0.169 seconds
[2022-03-03 15:26:13,067] {processor.py:163} INFO - Started process (PID=901) to work on /home/airflow/.local/lib/python3.7/site-packages/airflow/example_dags/example_branch_python_dop_operator_3.py
[2022-03-03 15:26:13,072] {processor.py:642} INFO - Processing file /home/airflow/.local/lib/python3.7/site-packages/airflow/example_dags/example_branch_python_dop_operator_3.py for tasks to queue
[2022-03-03 15:26:13,073] {logging_mixin.py:109} INFO - [2022-03-03 15:26:13,073] {dagbag.py:500} INFO - Filling up the DagBag from /home/airflow/.local/lib/python3.7/site-packages/airflow/example_dags/example_branch_python_dop_operator_3.py
[2022-03-03 15:26:13,126] {processor.py:654} INFO - DAG(s) dict_keys(['example_branch_dop_operator_v3']) retrieved from /home/airflow/.local/lib/python3.7/site-packages/airflow/example_dags/example_branch_python_dop_operator_3.py
[2022-03-03 15:26:13,143] {logging_mixin.py:109} INFO - [2022-03-03 15:26:13,143] {dag.py:2396} INFO - Sync 1 DAGs
[2022-03-03 15:26:13,208] {logging_mixin.py:109} INFO - [2022-03-03 15:26:13,208] {dag.py:2935} INFO - Setting next_dagrun for example_branch_dop_operator_v3 to 2022-03-03T15:25:00+00:00
[2022-03-03 15:26:13,233] {processor.py:171} INFO - Processing /home/airflow/.local/lib/python3.7/site-packages/airflow/example_dags/example_branch_python_dop_operator_3.py took 0.176 seconds
[2022-03-03 15:26:43,694] {processor.py:163} INFO - Started process (PID=955) to work on /home/airflow/.local/lib/python3.7/site-packages/airflow/example_dags/example_branch_python_dop_operator_3.py
[2022-03-03 15:26:43,696] {processor.py:642} INFO - Processing file /home/airflow/.local/lib/python3.7/site-packages/airflow/example_dags/example_branch_python_dop_operator_3.py for tasks to queue
[2022-03-03 15:26:43,698] {logging_mixin.py:109} INFO - [2022-03-03 15:26:43,698] {dagbag.py:500} INFO - Filling up the DagBag from /home/airflow/.local/lib/python3.7/site-packages/airflow/example_dags/example_branch_python_dop_operator_3.py
[2022-03-03 15:26:43,728] {processor.py:654} INFO - DAG(s) dict_keys(['example_branch_dop_operator_v3']) retrieved from /home/airflow/.local/lib/python3.7/site-packages/airflow/example_dags/example_branch_python_dop_operator_3.py
[2022-03-03 15:26:43,742] {logging_mixin.py:109} INFO - [2022-03-03 15:26:43,741] {dag.py:2396} INFO - Sync 1 DAGs
[2022-03-03 15:26:43,762] {logging_mixin.py:109} INFO - [2022-03-03 15:26:43,762] {dag.py:2935} INFO - Setting next_dagrun for example_branch_dop_operator_v3 to 2022-03-03T15:25:00+00:00
[2022-03-03 15:26:43,772] {processor.py:171} INFO - Processing /home/airflow/.local/lib/python3.7/site-packages/airflow/example_dags/example_branch_python_dop_operator_3.py took 0.083 seconds
[2022-03-03 15:27:14,132] {processor.py:163} INFO - Started process (PID=1010) to work on /home/airflow/.local/lib/python3.7/site-packages/airflow/example_dags/example_branch_python_dop_operator_3.py
[2022-03-03 15:27:14,138] {processor.py:642} INFO - Processing file /home/airflow/.local/lib/python3.7/site-packages/airflow/example_dags/example_branch_python_dop_operator_3.py for tasks to queue
[2022-03-03 15:27:14,140] {logging_mixin.py:109} INFO - [2022-03-03 15:27:14,140] {dagbag.py:500} INFO - Filling up the DagBag from /home/airflow/.local/lib/python3.7/site-packages/airflow/example_dags/example_branch_python_dop_operator_3.py
[2022-03-03 15:27:14,238] {processor.py:654} INFO - DAG(s) dict_keys(['example_branch_dop_operator_v3']) retrieved from /home/airflow/.local/lib/python3.7/site-packages/airflow/example_dags/example_branch_python_dop_operator_3.py
[2022-03-03 15:27:14,276] {logging_mixin.py:109} INFO - [2022-03-03 15:27:14,276] {dag.py:2396} INFO - Sync 1 DAGs
[2022-03-03 15:27:14,342] {logging_mixin.py:109} INFO - [2022-03-03 15:27:14,342] {dag.py:2935} INFO - Setting next_dagrun for example_branch_dop_operator_v3 to 2022-03-03T15:26:00+00:00
[2022-03-03 15:27:14,367] {processor.py:171} INFO - Processing /home/airflow/.local/lib/python3.7/site-packages/airflow/example_dags/example_branch_python_dop_operator_3.py took 0.243 seconds
[2022-03-03 15:27:44,720] {processor.py:163} INFO - Started process (PID=1065) to work on /home/airflow/.local/lib/python3.7/site-packages/airflow/example_dags/example_branch_python_dop_operator_3.py
[2022-03-03 15:27:44,723] {processor.py:642} INFO - Processing file /home/airflow/.local/lib/python3.7/site-packages/airflow/example_dags/example_branch_python_dop_operator_3.py for tasks to queue
[2022-03-03 15:27:44,726] {logging_mixin.py:109} INFO - [2022-03-03 15:27:44,726] {dagbag.py:500} INFO - Filling up the DagBag from /home/airflow/.local/lib/python3.7/site-packages/airflow/example_dags/example_branch_python_dop_operator_3.py
[2022-03-03 15:27:44,780] {processor.py:654} INFO - DAG(s) dict_keys(['example_branch_dop_operator_v3']) retrieved from /home/airflow/.local/lib/python3.7/site-packages/airflow/example_dags/example_branch_python_dop_operator_3.py
[2022-03-03 15:27:44,803] {logging_mixin.py:109} INFO - [2022-03-03 15:27:44,803] {dag.py:2396} INFO - Sync 1 DAGs
[2022-03-03 15:27:44,843] {logging_mixin.py:109} INFO - [2022-03-03 15:27:44,843] {dag.py:2935} INFO - Setting next_dagrun for example_branch_dop_operator_v3 to 2022-03-03T15:26:00+00:00
[2022-03-03 15:27:44,869] {processor.py:171} INFO - Processing /home/airflow/.local/lib/python3.7/site-packages/airflow/example_dags/example_branch_python_dop_operator_3.py took 0.160 seconds
[2022-03-03 15:28:15,209] {processor.py:163} INFO - Started process (PID=1122) to work on /home/airflow/.local/lib/python3.7/site-packages/airflow/example_dags/example_branch_python_dop_operator_3.py
[2022-03-03 15:28:15,211] {processor.py:642} INFO - Processing file /home/airflow/.local/lib/python3.7/site-packages/airflow/example_dags/example_branch_python_dop_operator_3.py for tasks to queue
[2022-03-03 15:28:15,213] {logging_mixin.py:109} INFO - [2022-03-03 15:28:15,212] {dagbag.py:500} INFO - Filling up the DagBag from /home/airflow/.local/lib/python3.7/site-packages/airflow/example_dags/example_branch_python_dop_operator_3.py
[2022-03-03 15:28:15,255] {processor.py:654} INFO - DAG(s) dict_keys(['example_branch_dop_operator_v3']) retrieved from /home/airflow/.local/lib/python3.7/site-packages/airflow/example_dags/example_branch_python_dop_operator_3.py
[2022-03-03 15:28:15,275] {logging_mixin.py:109} INFO - [2022-03-03 15:28:15,274] {dag.py:2396} INFO - Sync 1 DAGs
[2022-03-03 15:28:15,297] {logging_mixin.py:109} INFO - [2022-03-03 15:28:15,297] {dag.py:2935} INFO - Setting next_dagrun for example_branch_dop_operator_v3 to 2022-03-03T15:27:00+00:00
[2022-03-03 15:28:15,309] {processor.py:171} INFO - Processing /home/airflow/.local/lib/python3.7/site-packages/airflow/example_dags/example_branch_python_dop_operator_3.py took 0.104 seconds
[2022-03-03 15:28:45,731] {processor.py:163} INFO - Started process (PID=1177) to work on /home/airflow/.local/lib/python3.7/site-packages/airflow/example_dags/example_branch_python_dop_operator_3.py
[2022-03-03 15:28:45,739] {processor.py:642} INFO - Processing file /home/airflow/.local/lib/python3.7/site-packages/airflow/example_dags/example_branch_python_dop_operator_3.py for tasks to queue
[2022-03-03 15:28:45,744] {logging_mixin.py:109} INFO - [2022-03-03 15:28:45,743] {dagbag.py:500} INFO - Filling up the DagBag from /home/airflow/.local/lib/python3.7/site-packages/airflow/example_dags/example_branch_python_dop_operator_3.py
[2022-03-03 15:28:45,891] {processor.py:654} INFO - DAG(s) dict_keys(['example_branch_dop_operator_v3']) retrieved from /home/airflow/.local/lib/python3.7/site-packages/airflow/example_dags/example_branch_python_dop_operator_3.py
[2022-03-03 15:28:45,942] {logging_mixin.py:109} INFO - [2022-03-03 15:28:45,938] {dag.py:2396} INFO - Sync 1 DAGs
[2022-03-03 15:28:46,051] {logging_mixin.py:109} INFO - [2022-03-03 15:28:46,051] {dag.py:2935} INFO - Setting next_dagrun for example_branch_dop_operator_v3 to 2022-03-03T15:27:00+00:00
[2022-03-03 15:28:46,090] {processor.py:171} INFO - Processing /home/airflow/.local/lib/python3.7/site-packages/airflow/example_dags/example_branch_python_dop_operator_3.py took 0.379 seconds
[2022-03-03 15:29:16,351] {processor.py:163} INFO - Started process (PID=1230) to work on /home/airflow/.local/lib/python3.7/site-packages/airflow/example_dags/example_branch_python_dop_operator_3.py
[2022-03-03 15:29:16,360] {processor.py:642} INFO - Processing file /home/airflow/.local/lib/python3.7/site-packages/airflow/example_dags/example_branch_python_dop_operator_3.py for tasks to queue
[2022-03-03 15:29:16,369] {logging_mixin.py:109} INFO - [2022-03-03 15:29:16,369] {dagbag.py:500} INFO - Filling up the DagBag from /home/airflow/.local/lib/python3.7/site-packages/airflow/example_dags/example_branch_python_dop_operator_3.py
[2022-03-03 15:29:16,524] {processor.py:654} INFO - DAG(s) dict_keys(['example_branch_dop_operator_v3']) retrieved from /home/airflow/.local/lib/python3.7/site-packages/airflow/example_dags/example_branch_python_dop_operator_3.py
[2022-03-03 15:29:16,572] {logging_mixin.py:109} INFO - [2022-03-03 15:29:16,572] {dag.py:2396} INFO - Sync 1 DAGs
[2022-03-03 15:29:16,686] {logging_mixin.py:109} INFO - [2022-03-03 15:29:16,686] {dag.py:2935} INFO - Setting next_dagrun for example_branch_dop_operator_v3 to 2022-03-03T15:28:00+00:00
[2022-03-03 15:29:16,748] {processor.py:171} INFO - Processing /home/airflow/.local/lib/python3.7/site-packages/airflow/example_dags/example_branch_python_dop_operator_3.py took 0.425 seconds
[2022-03-03 15:29:46,983] {processor.py:163} INFO - Started process (PID=1286) to work on /home/airflow/.local/lib/python3.7/site-packages/airflow/example_dags/example_branch_python_dop_operator_3.py
[2022-03-03 15:29:46,987] {processor.py:642} INFO - Processing file /home/airflow/.local/lib/python3.7/site-packages/airflow/example_dags/example_branch_python_dop_operator_3.py for tasks to queue
[2022-03-03 15:29:46,992] {logging_mixin.py:109} INFO - [2022-03-03 15:29:46,990] {dagbag.py:500} INFO - Filling up the DagBag from /home/airflow/.local/lib/python3.7/site-packages/airflow/example_dags/example_branch_python_dop_operator_3.py
[2022-03-03 15:29:47,043] {processor.py:654} INFO - DAG(s) dict_keys(['example_branch_dop_operator_v3']) retrieved from /home/airflow/.local/lib/python3.7/site-packages/airflow/example_dags/example_branch_python_dop_operator_3.py
[2022-03-03 15:29:47,062] {logging_mixin.py:109} INFO - [2022-03-03 15:29:47,062] {dag.py:2396} INFO - Sync 1 DAGs
[2022-03-03 15:29:47,090] {logging_mixin.py:109} INFO - [2022-03-03 15:29:47,090] {dag.py:2935} INFO - Setting next_dagrun for example_branch_dop_operator_v3 to 2022-03-03T15:28:00+00:00
[2022-03-03 15:29:47,210] {processor.py:171} INFO - Processing /home/airflow/.local/lib/python3.7/site-packages/airflow/example_dags/example_branch_python_dop_operator_3.py took 0.233 seconds
[2022-03-03 15:30:17,428] {processor.py:163} INFO - Started process (PID=1341) to work on /home/airflow/.local/lib/python3.7/site-packages/airflow/example_dags/example_branch_python_dop_operator_3.py
[2022-03-03 15:30:17,431] {processor.py:642} INFO - Processing file /home/airflow/.local/lib/python3.7/site-packages/airflow/example_dags/example_branch_python_dop_operator_3.py for tasks to queue
[2022-03-03 15:30:17,432] {logging_mixin.py:109} INFO - [2022-03-03 15:30:17,432] {dagbag.py:500} INFO - Filling up the DagBag from /home/airflow/.local/lib/python3.7/site-packages/airflow/example_dags/example_branch_python_dop_operator_3.py
[2022-03-03 15:30:17,464] {processor.py:654} INFO - DAG(s) dict_keys(['example_branch_dop_operator_v3']) retrieved from /home/airflow/.local/lib/python3.7/site-packages/airflow/example_dags/example_branch_python_dop_operator_3.py
[2022-03-03 15:30:17,493] {logging_mixin.py:109} INFO - [2022-03-03 15:30:17,493] {dag.py:2396} INFO - Sync 1 DAGs
[2022-03-03 15:30:17,645] {logging_mixin.py:109} INFO - [2022-03-03 15:30:17,645] {dag.py:2935} INFO - Setting next_dagrun for example_branch_dop_operator_v3 to 2022-03-03T15:29:00+00:00
[2022-03-03 15:30:17,658] {processor.py:171} INFO - Processing /home/airflow/.local/lib/python3.7/site-packages/airflow/example_dags/example_branch_python_dop_operator_3.py took 0.236 seconds
[2022-03-03 15:30:47,778] {processor.py:163} INFO - Started process (PID=1395) to work on /home/airflow/.local/lib/python3.7/site-packages/airflow/example_dags/example_branch_python_dop_operator_3.py
[2022-03-03 15:30:47,780] {processor.py:642} INFO - Processing file /home/airflow/.local/lib/python3.7/site-packages/airflow/example_dags/example_branch_python_dop_operator_3.py for tasks to queue
[2022-03-03 15:30:47,781] {logging_mixin.py:109} INFO - [2022-03-03 15:30:47,781] {dagbag.py:500} INFO - Filling up the DagBag from /home/airflow/.local/lib/python3.7/site-packages/airflow/example_dags/example_branch_python_dop_operator_3.py
[2022-03-03 15:30:47,789] {processor.py:654} INFO - DAG(s) dict_keys(['example_branch_dop_operator_v3']) retrieved from /home/airflow/.local/lib/python3.7/site-packages/airflow/example_dags/example_branch_python_dop_operator_3.py
[2022-03-03 15:30:47,801] {logging_mixin.py:109} INFO - [2022-03-03 15:30:47,801] {dag.py:2396} INFO - Sync 1 DAGs
[2022-03-03 15:30:47,910] {logging_mixin.py:109} INFO - [2022-03-03 15:30:47,909] {dag.py:2935} INFO - Setting next_dagrun for example_branch_dop_operator_v3 to 2022-03-03T15:29:00+00:00
[2022-03-03 15:30:47,922] {processor.py:171} INFO - Processing /home/airflow/.local/lib/python3.7/site-packages/airflow/example_dags/example_branch_python_dop_operator_3.py took 0.172 seconds
[2022-03-03 15:31:18,050] {processor.py:163} INFO - Started process (PID=1452) to work on /home/airflow/.local/lib/python3.7/site-packages/airflow/example_dags/example_branch_python_dop_operator_3.py
[2022-03-03 15:31:18,052] {processor.py:642} INFO - Processing file /home/airflow/.local/lib/python3.7/site-packages/airflow/example_dags/example_branch_python_dop_operator_3.py for tasks to queue
[2022-03-03 15:31:18,053] {logging_mixin.py:109} INFO - [2022-03-03 15:31:18,053] {dagbag.py:500} INFO - Filling up the DagBag from /home/airflow/.local/lib/python3.7/site-packages/airflow/example_dags/example_branch_python_dop_operator_3.py
[2022-03-03 15:31:18,097] {processor.py:654} INFO - DAG(s) dict_keys(['example_branch_dop_operator_v3']) retrieved from /home/airflow/.local/lib/python3.7/site-packages/airflow/example_dags/example_branch_python_dop_operator_3.py
[2022-03-03 15:31:18,118] {logging_mixin.py:109} INFO - [2022-03-03 15:31:18,118] {dag.py:2396} INFO - Sync 1 DAGs
[2022-03-03 15:31:18,280] {logging_mixin.py:109} INFO - [2022-03-03 15:31:18,280] {dag.py:2935} INFO - Setting next_dagrun for example_branch_dop_operator_v3 to 2022-03-03T15:30:00+00:00
[2022-03-03 15:31:18,288] {processor.py:171} INFO - Processing /home/airflow/.local/lib/python3.7/site-packages/airflow/example_dags/example_branch_python_dop_operator_3.py took 0.243 seconds
[2022-03-03 15:31:49,192] {processor.py:163} INFO - Started process (PID=1512) to work on /home/airflow/.local/lib/python3.7/site-packages/airflow/example_dags/example_branch_python_dop_operator_3.py
[2022-03-03 15:31:49,199] {processor.py:642} INFO - Processing file /home/airflow/.local/lib/python3.7/site-packages/airflow/example_dags/example_branch_python_dop_operator_3.py for tasks to queue
[2022-03-03 15:31:49,202] {logging_mixin.py:109} INFO - [2022-03-03 15:31:49,201] {dagbag.py:500} INFO - Filling up the DagBag from /home/airflow/.local/lib/python3.7/site-packages/airflow/example_dags/example_branch_python_dop_operator_3.py
[2022-03-03 15:31:49,258] {processor.py:654} INFO - DAG(s) dict_keys(['example_branch_dop_operator_v3']) retrieved from /home/airflow/.local/lib/python3.7/site-packages/airflow/example_dags/example_branch_python_dop_operator_3.py
[2022-03-03 15:31:49,279] {logging_mixin.py:109} INFO - [2022-03-03 15:31:49,279] {dag.py:2396} INFO - Sync 1 DAGs
[2022-03-03 15:31:49,599] {logging_mixin.py:109} INFO - [2022-03-03 15:31:49,599] {dag.py:2935} INFO - Setting next_dagrun for example_branch_dop_operator_v3 to 2022-03-03T15:30:00+00:00
[2022-03-03 15:31:49,644] {processor.py:171} INFO - Processing /home/airflow/.local/lib/python3.7/site-packages/airflow/example_dags/example_branch_python_dop_operator_3.py took 0.460 seconds
[2022-03-03 15:32:19,708] {processor.py:163} INFO - Started process (PID=1574) to work on /home/airflow/.local/lib/python3.7/site-packages/airflow/example_dags/example_branch_python_dop_operator_3.py
[2022-03-03 15:32:19,711] {processor.py:642} INFO - Processing file /home/airflow/.local/lib/python3.7/site-packages/airflow/example_dags/example_branch_python_dop_operator_3.py for tasks to queue
[2022-03-03 15:32:19,713] {logging_mixin.py:109} INFO - [2022-03-03 15:32:19,713] {dagbag.py:500} INFO - Filling up the DagBag from /home/airflow/.local/lib/python3.7/site-packages/airflow/example_dags/example_branch_python_dop_operator_3.py
[2022-03-03 15:32:19,765] {processor.py:654} INFO - DAG(s) dict_keys(['example_branch_dop_operator_v3']) retrieved from /home/airflow/.local/lib/python3.7/site-packages/airflow/example_dags/example_branch_python_dop_operator_3.py
[2022-03-03 15:32:20,106] {logging_mixin.py:109} INFO - [2022-03-03 15:32:20,105] {dag.py:2396} INFO - Sync 1 DAGs
[2022-03-03 15:32:20,160] {logging_mixin.py:109} INFO - [2022-03-03 15:32:20,160] {dag.py:2935} INFO - Setting next_dagrun for example_branch_dop_operator_v3 to 2022-03-03T15:31:00+00:00
[2022-03-03 15:32:20,187] {processor.py:171} INFO - Processing /home/airflow/.local/lib/python3.7/site-packages/airflow/example_dags/example_branch_python_dop_operator_3.py took 0.485 seconds
[2022-03-03 15:32:50,946] {processor.py:163} INFO - Started process (PID=1629) to work on /home/airflow/.local/lib/python3.7/site-packages/airflow/example_dags/example_branch_python_dop_operator_3.py
[2022-03-03 15:32:50,956] {processor.py:642} INFO - Processing file /home/airflow/.local/lib/python3.7/site-packages/airflow/example_dags/example_branch_python_dop_operator_3.py for tasks to queue
[2022-03-03 15:32:50,964] {logging_mixin.py:109} INFO - [2022-03-03 15:32:50,960] {dagbag.py:500} INFO - Filling up the DagBag from /home/airflow/.local/lib/python3.7/site-packages/airflow/example_dags/example_branch_python_dop_operator_3.py
[2022-03-03 15:32:51,483] {processor.py:654} INFO - DAG(s) dict_keys(['example_branch_dop_operator_v3']) retrieved from /home/airflow/.local/lib/python3.7/site-packages/airflow/example_dags/example_branch_python_dop_operator_3.py
[2022-03-03 15:32:51,515] {logging_mixin.py:109} INFO - [2022-03-03 15:32:51,514] {dag.py:2396} INFO - Sync 1 DAGs
[2022-03-03 15:32:51,604] {logging_mixin.py:109} INFO - [2022-03-03 15:32:51,603] {dag.py:2935} INFO - Setting next_dagrun for example_branch_dop_operator_v3 to 2022-03-03T15:31:00+00:00
[2022-03-03 15:32:51,630] {processor.py:171} INFO - Processing /home/airflow/.local/lib/python3.7/site-packages/airflow/example_dags/example_branch_python_dop_operator_3.py took 0.696 seconds
[2022-03-03 15:33:22,236] {processor.py:163} INFO - Started process (PID=1686) to work on /home/airflow/.local/lib/python3.7/site-packages/airflow/example_dags/example_branch_python_dop_operator_3.py
[2022-03-03 15:33:22,238] {processor.py:642} INFO - Processing file /home/airflow/.local/lib/python3.7/site-packages/airflow/example_dags/example_branch_python_dop_operator_3.py for tasks to queue
[2022-03-03 15:33:22,240] {logging_mixin.py:109} INFO - [2022-03-03 15:33:22,240] {dagbag.py:500} INFO - Filling up the DagBag from /home/airflow/.local/lib/python3.7/site-packages/airflow/example_dags/example_branch_python_dop_operator_3.py
[2022-03-03 15:33:22,390] {processor.py:654} INFO - DAG(s) dict_keys(['example_branch_dop_operator_v3']) retrieved from /home/airflow/.local/lib/python3.7/site-packages/airflow/example_dags/example_branch_python_dop_operator_3.py
[2022-03-03 15:33:22,409] {logging_mixin.py:109} INFO - [2022-03-03 15:33:22,409] {dag.py:2396} INFO - Sync 1 DAGs
[2022-03-03 15:33:22,436] {logging_mixin.py:109} INFO - [2022-03-03 15:33:22,436] {dag.py:2935} INFO - Setting next_dagrun for example_branch_dop_operator_v3 to 2022-03-03T15:32:00+00:00
[2022-03-03 15:33:22,445] {processor.py:171} INFO - Processing /home/airflow/.local/lib/python3.7/site-packages/airflow/example_dags/example_branch_python_dop_operator_3.py took 0.215 seconds
[2022-03-03 15:33:53,092] {processor.py:163} INFO - Started process (PID=1742) to work on /home/airflow/.local/lib/python3.7/site-packages/airflow/example_dags/example_branch_python_dop_operator_3.py
[2022-03-03 15:33:53,094] {processor.py:642} INFO - Processing file /home/airflow/.local/lib/python3.7/site-packages/airflow/example_dags/example_branch_python_dop_operator_3.py for tasks to queue
[2022-03-03 15:33:53,096] {logging_mixin.py:109} INFO - [2022-03-03 15:33:53,096] {dagbag.py:500} INFO - Filling up the DagBag from /home/airflow/.local/lib/python3.7/site-packages/airflow/example_dags/example_branch_python_dop_operator_3.py
[2022-03-03 15:33:53,362] {processor.py:654} INFO - DAG(s) dict_keys(['example_branch_dop_operator_v3']) retrieved from /home/airflow/.local/lib/python3.7/site-packages/airflow/example_dags/example_branch_python_dop_operator_3.py
[2022-03-03 15:33:53,384] {logging_mixin.py:109} INFO - [2022-03-03 15:33:53,384] {dag.py:2396} INFO - Sync 1 DAGs
[2022-03-03 15:33:53,406] {logging_mixin.py:109} INFO - [2022-03-03 15:33:53,406] {dag.py:2935} INFO - Setting next_dagrun for example_branch_dop_operator_v3 to 2022-03-03T15:32:00+00:00
[2022-03-03 15:33:53,413] {processor.py:171} INFO - Processing /home/airflow/.local/lib/python3.7/site-packages/airflow/example_dags/example_branch_python_dop_operator_3.py took 0.326 seconds
[2022-03-03 15:34:24,435] {processor.py:163} INFO - Started process (PID=1801) to work on /home/airflow/.local/lib/python3.7/site-packages/airflow/example_dags/example_branch_python_dop_operator_3.py
[2022-03-03 15:34:24,445] {processor.py:642} INFO - Processing file /home/airflow/.local/lib/python3.7/site-packages/airflow/example_dags/example_branch_python_dop_operator_3.py for tasks to queue
[2022-03-03 15:34:24,452] {logging_mixin.py:109} INFO - [2022-03-03 15:34:24,452] {dagbag.py:500} INFO - Filling up the DagBag from /home/airflow/.local/lib/python3.7/site-packages/airflow/example_dags/example_branch_python_dop_operator_3.py
[2022-03-03 15:34:24,723] {processor.py:654} INFO - DAG(s) dict_keys(['example_branch_dop_operator_v3']) retrieved from /home/airflow/.local/lib/python3.7/site-packages/airflow/example_dags/example_branch_python_dop_operator_3.py
[2022-03-03 15:34:24,734] {logging_mixin.py:109} INFO - [2022-03-03 15:34:24,734] {dag.py:2396} INFO - Sync 1 DAGs
[2022-03-03 15:34:24,760] {logging_mixin.py:109} INFO - [2022-03-03 15:34:24,760] {dag.py:2935} INFO - Setting next_dagrun for example_branch_dop_operator_v3 to 2022-03-03T15:33:00+00:00
[2022-03-03 15:34:24,770] {processor.py:171} INFO - Processing /home/airflow/.local/lib/python3.7/site-packages/airflow/example_dags/example_branch_python_dop_operator_3.py took 0.356 seconds
[2022-03-03 15:34:54,923] {processor.py:163} INFO - Started process (PID=1857) to work on /home/airflow/.local/lib/python3.7/site-packages/airflow/example_dags/example_branch_python_dop_operator_3.py
[2022-03-03 15:34:54,925] {processor.py:642} INFO - Processing file /home/airflow/.local/lib/python3.7/site-packages/airflow/example_dags/example_branch_python_dop_operator_3.py for tasks to queue
[2022-03-03 15:34:54,926] {logging_mixin.py:109} INFO - [2022-03-03 15:34:54,926] {dagbag.py:500} INFO - Filling up the DagBag from /home/airflow/.local/lib/python3.7/site-packages/airflow/example_dags/example_branch_python_dop_operator_3.py
[2022-03-03 15:34:54,983] {processor.py:654} INFO - DAG(s) dict_keys(['example_branch_dop_operator_v3']) retrieved from /home/airflow/.local/lib/python3.7/site-packages/airflow/example_dags/example_branch_python_dop_operator_3.py
[2022-03-03 15:34:54,995] {logging_mixin.py:109} INFO - [2022-03-03 15:34:54,995] {dag.py:2396} INFO - Sync 1 DAGs
[2022-03-03 15:34:55,014] {logging_mixin.py:109} INFO - [2022-03-03 15:34:55,014] {dag.py:2935} INFO - Setting next_dagrun for example_branch_dop_operator_v3 to 2022-03-03T15:33:00+00:00
[2022-03-03 15:34:55,030] {processor.py:171} INFO - Processing /home/airflow/.local/lib/python3.7/site-packages/airflow/example_dags/example_branch_python_dop_operator_3.py took 0.110 seconds
[2022-03-03 15:35:25,341] {processor.py:163} INFO - Started process (PID=1924) to work on /home/airflow/.local/lib/python3.7/site-packages/airflow/example_dags/example_branch_python_dop_operator_3.py
[2022-03-03 15:35:25,345] {processor.py:642} INFO - Processing file /home/airflow/.local/lib/python3.7/site-packages/airflow/example_dags/example_branch_python_dop_operator_3.py for tasks to queue
[2022-03-03 15:35:25,347] {logging_mixin.py:109} INFO - [2022-03-03 15:35:25,347] {dagbag.py:500} INFO - Filling up the DagBag from /home/airflow/.local/lib/python3.7/site-packages/airflow/example_dags/example_branch_python_dop_operator_3.py
[2022-03-03 15:35:25,424] {processor.py:654} INFO - DAG(s) dict_keys(['example_branch_dop_operator_v3']) retrieved from /home/airflow/.local/lib/python3.7/site-packages/airflow/example_dags/example_branch_python_dop_operator_3.py
[2022-03-03 15:35:25,455] {logging_mixin.py:109} INFO - [2022-03-03 15:35:25,455] {dag.py:2396} INFO - Sync 1 DAGs
[2022-03-03 15:35:25,486] {logging_mixin.py:109} INFO - [2022-03-03 15:35:25,486] {dag.py:2935} INFO - Setting next_dagrun for example_branch_dop_operator_v3 to 2022-03-03T15:34:00+00:00
[2022-03-03 15:35:25,511] {processor.py:171} INFO - Processing /home/airflow/.local/lib/python3.7/site-packages/airflow/example_dags/example_branch_python_dop_operator_3.py took 0.181 seconds
[2022-03-03 15:35:56,214] {processor.py:163} INFO - Started process (PID=1980) to work on /home/airflow/.local/lib/python3.7/site-packages/airflow/example_dags/example_branch_python_dop_operator_3.py
[2022-03-03 15:35:56,216] {processor.py:642} INFO - Processing file /home/airflow/.local/lib/python3.7/site-packages/airflow/example_dags/example_branch_python_dop_operator_3.py for tasks to queue
[2022-03-03 15:35:56,217] {logging_mixin.py:109} INFO - [2022-03-03 15:35:56,217] {dagbag.py:500} INFO - Filling up the DagBag from /home/airflow/.local/lib/python3.7/site-packages/airflow/example_dags/example_branch_python_dop_operator_3.py
[2022-03-03 15:35:56,247] {processor.py:654} INFO - DAG(s) dict_keys(['example_branch_dop_operator_v3']) retrieved from /home/airflow/.local/lib/python3.7/site-packages/airflow/example_dags/example_branch_python_dop_operator_3.py
[2022-03-03 15:35:56,257] {logging_mixin.py:109} INFO - [2022-03-03 15:35:56,257] {dag.py:2396} INFO - Sync 1 DAGs
[2022-03-03 15:35:56,278] {logging_mixin.py:109} INFO - [2022-03-03 15:35:56,278] {dag.py:2935} INFO - Setting next_dagrun for example_branch_dop_operator_v3 to 2022-03-03T15:34:00+00:00
[2022-03-03 15:35:56,289] {processor.py:171} INFO - Processing /home/airflow/.local/lib/python3.7/site-packages/airflow/example_dags/example_branch_python_dop_operator_3.py took 0.078 seconds
[2022-03-03 15:36:26,695] {processor.py:163} INFO - Started process (PID=2037) to work on /home/airflow/.local/lib/python3.7/site-packages/airflow/example_dags/example_branch_python_dop_operator_3.py
[2022-03-03 15:36:26,697] {processor.py:642} INFO - Processing file /home/airflow/.local/lib/python3.7/site-packages/airflow/example_dags/example_branch_python_dop_operator_3.py for tasks to queue
[2022-03-03 15:36:26,700] {logging_mixin.py:109} INFO - [2022-03-03 15:36:26,700] {dagbag.py:500} INFO - Filling up the DagBag from /home/airflow/.local/lib/python3.7/site-packages/airflow/example_dags/example_branch_python_dop_operator_3.py
[2022-03-03 15:36:26,728] {processor.py:654} INFO - DAG(s) dict_keys(['example_branch_dop_operator_v3']) retrieved from /home/airflow/.local/lib/python3.7/site-packages/airflow/example_dags/example_branch_python_dop_operator_3.py
[2022-03-03 15:36:26,738] {logging_mixin.py:109} INFO - [2022-03-03 15:36:26,738] {dag.py:2396} INFO - Sync 1 DAGs
[2022-03-03 15:36:26,757] {logging_mixin.py:109} INFO - [2022-03-03 15:36:26,757] {dag.py:2935} INFO - Setting next_dagrun for example_branch_dop_operator_v3 to 2022-03-03T15:35:00+00:00
[2022-03-03 15:36:26,766] {processor.py:171} INFO - Processing /home/airflow/.local/lib/python3.7/site-packages/airflow/example_dags/example_branch_python_dop_operator_3.py took 0.076 seconds
[2022-03-03 15:36:57,158] {processor.py:163} INFO - Started process (PID=2090) to work on /home/airflow/.local/lib/python3.7/site-packages/airflow/example_dags/example_branch_python_dop_operator_3.py
[2022-03-03 15:36:57,160] {processor.py:642} INFO - Processing file /home/airflow/.local/lib/python3.7/site-packages/airflow/example_dags/example_branch_python_dop_operator_3.py for tasks to queue
[2022-03-03 15:36:57,161] {logging_mixin.py:109} INFO - [2022-03-03 15:36:57,161] {dagbag.py:500} INFO - Filling up the DagBag from /home/airflow/.local/lib/python3.7/site-packages/airflow/example_dags/example_branch_python_dop_operator_3.py
[2022-03-03 15:36:57,188] {processor.py:654} INFO - DAG(s) dict_keys(['example_branch_dop_operator_v3']) retrieved from /home/airflow/.local/lib/python3.7/site-packages/airflow/example_dags/example_branch_python_dop_operator_3.py
[2022-03-03 15:36:57,197] {logging_mixin.py:109} INFO - [2022-03-03 15:36:57,197] {dag.py:2396} INFO - Sync 1 DAGs
[2022-03-03 15:36:57,216] {logging_mixin.py:109} INFO - [2022-03-03 15:36:57,216] {dag.py:2935} INFO - Setting next_dagrun for example_branch_dop_operator_v3 to 2022-03-03T15:35:00+00:00
[2022-03-03 15:36:57,225] {processor.py:171} INFO - Processing /home/airflow/.local/lib/python3.7/site-packages/airflow/example_dags/example_branch_python_dop_operator_3.py took 0.070 seconds
[2022-03-03 15:37:27,306] {processor.py:163} INFO - Started process (PID=2154) to work on /home/airflow/.local/lib/python3.7/site-packages/airflow/example_dags/example_branch_python_dop_operator_3.py
[2022-03-03 15:37:27,308] {processor.py:642} INFO - Processing file /home/airflow/.local/lib/python3.7/site-packages/airflow/example_dags/example_branch_python_dop_operator_3.py for tasks to queue
[2022-03-03 15:37:27,312] {logging_mixin.py:109} INFO - [2022-03-03 15:37:27,312] {dagbag.py:500} INFO - Filling up the DagBag from /home/airflow/.local/lib/python3.7/site-packages/airflow/example_dags/example_branch_python_dop_operator_3.py
[2022-03-03 15:37:27,385] {processor.py:654} INFO - DAG(s) dict_keys(['example_branch_dop_operator_v3']) retrieved from /home/airflow/.local/lib/python3.7/site-packages/airflow/example_dags/example_branch_python_dop_operator_3.py
[2022-03-03 15:37:27,422] {logging_mixin.py:109} INFO - [2022-03-03 15:37:27,421] {dag.py:2396} INFO - Sync 1 DAGs
[2022-03-03 15:37:27,462] {logging_mixin.py:109} INFO - [2022-03-03 15:37:27,462] {dag.py:2935} INFO - Setting next_dagrun for example_branch_dop_operator_v3 to 2022-03-03T15:36:00+00:00
[2022-03-03 15:37:27,494] {processor.py:171} INFO - Processing /home/airflow/.local/lib/python3.7/site-packages/airflow/example_dags/example_branch_python_dop_operator_3.py took 0.197 seconds
[2022-03-03 15:37:57,657] {processor.py:163} INFO - Started process (PID=2210) to work on /home/airflow/.local/lib/python3.7/site-packages/airflow/example_dags/example_branch_python_dop_operator_3.py
[2022-03-03 15:37:57,662] {processor.py:642} INFO - Processing file /home/airflow/.local/lib/python3.7/site-packages/airflow/example_dags/example_branch_python_dop_operator_3.py for tasks to queue
[2022-03-03 15:37:57,664] {logging_mixin.py:109} INFO - [2022-03-03 15:37:57,663] {dagbag.py:500} INFO - Filling up the DagBag from /home/airflow/.local/lib/python3.7/site-packages/airflow/example_dags/example_branch_python_dop_operator_3.py
[2022-03-03 15:37:57,715] {processor.py:654} INFO - DAG(s) dict_keys(['example_branch_dop_operator_v3']) retrieved from /home/airflow/.local/lib/python3.7/site-packages/airflow/example_dags/example_branch_python_dop_operator_3.py
[2022-03-03 15:37:57,732] {logging_mixin.py:109} INFO - [2022-03-03 15:37:57,732] {dag.py:2396} INFO - Sync 1 DAGs
[2022-03-03 15:37:57,771] {logging_mixin.py:109} INFO - [2022-03-03 15:37:57,771] {dag.py:2935} INFO - Setting next_dagrun for example_branch_dop_operator_v3 to 2022-03-03T15:36:00+00:00
[2022-03-03 15:37:57,790] {processor.py:171} INFO - Processing /home/airflow/.local/lib/python3.7/site-packages/airflow/example_dags/example_branch_python_dop_operator_3.py took 0.136 seconds
[2022-03-03 15:38:28,787] {processor.py:163} INFO - Started process (PID=2265) to work on /home/airflow/.local/lib/python3.7/site-packages/airflow/example_dags/example_branch_python_dop_operator_3.py
[2022-03-03 15:38:28,789] {processor.py:642} INFO - Processing file /home/airflow/.local/lib/python3.7/site-packages/airflow/example_dags/example_branch_python_dop_operator_3.py for tasks to queue
[2022-03-03 15:38:28,791] {logging_mixin.py:109} INFO - [2022-03-03 15:38:28,790] {dagbag.py:500} INFO - Filling up the DagBag from /home/airflow/.local/lib/python3.7/site-packages/airflow/example_dags/example_branch_python_dop_operator_3.py
[2022-03-03 15:38:28,828] {processor.py:654} INFO - DAG(s) dict_keys(['example_branch_dop_operator_v3']) retrieved from /home/airflow/.local/lib/python3.7/site-packages/airflow/example_dags/example_branch_python_dop_operator_3.py
[2022-03-03 15:38:28,854] {logging_mixin.py:109} INFO - [2022-03-03 15:38:28,854] {dag.py:2396} INFO - Sync 1 DAGs
[2022-03-03 15:38:28,889] {logging_mixin.py:109} INFO - [2022-03-03 15:38:28,889] {dag.py:2935} INFO - Setting next_dagrun for example_branch_dop_operator_v3 to 2022-03-03T15:37:00+00:00
[2022-03-03 15:38:28,914] {processor.py:171} INFO - Processing /home/airflow/.local/lib/python3.7/site-packages/airflow/example_dags/example_branch_python_dop_operator_3.py took 0.133 seconds
[2022-03-03 15:38:59,019] {processor.py:163} INFO - Started process (PID=2320) to work on /home/airflow/.local/lib/python3.7/site-packages/airflow/example_dags/example_branch_python_dop_operator_3.py
[2022-03-03 15:38:59,021] {processor.py:642} INFO - Processing file /home/airflow/.local/lib/python3.7/site-packages/airflow/example_dags/example_branch_python_dop_operator_3.py for tasks to queue
[2022-03-03 15:38:59,022] {logging_mixin.py:109} INFO - [2022-03-03 15:38:59,022] {dagbag.py:500} INFO - Filling up the DagBag from /home/airflow/.local/lib/python3.7/site-packages/airflow/example_dags/example_branch_python_dop_operator_3.py
[2022-03-03 15:38:59,057] {processor.py:654} INFO - DAG(s) dict_keys(['example_branch_dop_operator_v3']) retrieved from /home/airflow/.local/lib/python3.7/site-packages/airflow/example_dags/example_branch_python_dop_operator_3.py
[2022-03-03 15:38:59,073] {logging_mixin.py:109} INFO - [2022-03-03 15:38:59,073] {dag.py:2396} INFO - Sync 1 DAGs
[2022-03-03 15:38:59,125] {logging_mixin.py:109} INFO - [2022-03-03 15:38:59,125] {dag.py:2935} INFO - Setting next_dagrun for example_branch_dop_operator_v3 to 2022-03-03T15:37:00+00:00
[2022-03-03 15:38:59,134] {processor.py:171} INFO - Processing /home/airflow/.local/lib/python3.7/site-packages/airflow/example_dags/example_branch_python_dop_operator_3.py took 0.122 seconds
[2022-03-03 15:39:29,978] {processor.py:163} INFO - Started process (PID=2377) to work on /home/airflow/.local/lib/python3.7/site-packages/airflow/example_dags/example_branch_python_dop_operator_3.py
[2022-03-03 15:39:29,980] {processor.py:642} INFO - Processing file /home/airflow/.local/lib/python3.7/site-packages/airflow/example_dags/example_branch_python_dop_operator_3.py for tasks to queue
[2022-03-03 15:39:29,982] {logging_mixin.py:109} INFO - [2022-03-03 15:39:29,981] {dagbag.py:500} INFO - Filling up the DagBag from /home/airflow/.local/lib/python3.7/site-packages/airflow/example_dags/example_branch_python_dop_operator_3.py
[2022-03-03 15:39:30,010] {processor.py:654} INFO - DAG(s) dict_keys(['example_branch_dop_operator_v3']) retrieved from /home/airflow/.local/lib/python3.7/site-packages/airflow/example_dags/example_branch_python_dop_operator_3.py
[2022-03-03 15:39:30,020] {logging_mixin.py:109} INFO - [2022-03-03 15:39:30,019] {dag.py:2396} INFO - Sync 1 DAGs
[2022-03-03 15:39:30,040] {logging_mixin.py:109} INFO - [2022-03-03 15:39:30,040] {dag.py:2935} INFO - Setting next_dagrun for example_branch_dop_operator_v3 to 2022-03-03T15:38:00+00:00
[2022-03-03 15:39:30,048] {processor.py:171} INFO - Processing /home/airflow/.local/lib/python3.7/site-packages/airflow/example_dags/example_branch_python_dop_operator_3.py took 0.075 seconds
[2022-03-03 15:40:00,207] {processor.py:163} INFO - Started process (PID=2432) to work on /home/airflow/.local/lib/python3.7/site-packages/airflow/example_dags/example_branch_python_dop_operator_3.py
[2022-03-03 15:40:00,217] {processor.py:642} INFO - Processing file /home/airflow/.local/lib/python3.7/site-packages/airflow/example_dags/example_branch_python_dop_operator_3.py for tasks to queue
[2022-03-03 15:40:00,220] {logging_mixin.py:109} INFO - [2022-03-03 15:40:00,220] {dagbag.py:500} INFO - Filling up the DagBag from /home/airflow/.local/lib/python3.7/site-packages/airflow/example_dags/example_branch_python_dop_operator_3.py
[2022-03-03 15:40:00,337] {processor.py:654} INFO - DAG(s) dict_keys(['example_branch_dop_operator_v3']) retrieved from /home/airflow/.local/lib/python3.7/site-packages/airflow/example_dags/example_branch_python_dop_operator_3.py
[2022-03-03 15:40:00,358] {logging_mixin.py:109} INFO - [2022-03-03 15:40:00,358] {dag.py:2396} INFO - Sync 1 DAGs
[2022-03-03 15:40:00,440] {logging_mixin.py:109} INFO - [2022-03-03 15:40:00,440] {dag.py:2935} INFO - Setting next_dagrun for example_branch_dop_operator_v3 to 2022-03-03T15:39:00+00:00
[2022-03-03 15:40:00,479] {processor.py:171} INFO - Processing /home/airflow/.local/lib/python3.7/site-packages/airflow/example_dags/example_branch_python_dop_operator_3.py took 0.285 seconds
[2022-03-03 15:40:31,219] {processor.py:163} INFO - Started process (PID=2494) to work on /home/airflow/.local/lib/python3.7/site-packages/airflow/example_dags/example_branch_python_dop_operator_3.py
[2022-03-03 15:40:31,223] {processor.py:642} INFO - Processing file /home/airflow/.local/lib/python3.7/site-packages/airflow/example_dags/example_branch_python_dop_operator_3.py for tasks to queue
[2022-03-03 15:40:31,227] {logging_mixin.py:109} INFO - [2022-03-03 15:40:31,226] {dagbag.py:500} INFO - Filling up the DagBag from /home/airflow/.local/lib/python3.7/site-packages/airflow/example_dags/example_branch_python_dop_operator_3.py
[2022-03-03 15:40:31,311] {processor.py:654} INFO - DAG(s) dict_keys(['example_branch_dop_operator_v3']) retrieved from /home/airflow/.local/lib/python3.7/site-packages/airflow/example_dags/example_branch_python_dop_operator_3.py
[2022-03-03 15:40:31,343] {logging_mixin.py:109} INFO - [2022-03-03 15:40:31,343] {dag.py:2396} INFO - Sync 1 DAGs
[2022-03-03 15:40:31,479] {logging_mixin.py:109} INFO - [2022-03-03 15:40:31,479] {dag.py:2935} INFO - Setting next_dagrun for example_branch_dop_operator_v3 to 2022-03-03T15:39:00+00:00
[2022-03-03 15:40:31,567] {processor.py:171} INFO - Processing /home/airflow/.local/lib/python3.7/site-packages/airflow/example_dags/example_branch_python_dop_operator_3.py took 0.354 seconds
[2022-03-03 15:41:01,683] {processor.py:163} INFO - Started process (PID=2553) to work on /home/airflow/.local/lib/python3.7/site-packages/airflow/example_dags/example_branch_python_dop_operator_3.py
[2022-03-03 15:41:01,685] {processor.py:642} INFO - Processing file /home/airflow/.local/lib/python3.7/site-packages/airflow/example_dags/example_branch_python_dop_operator_3.py for tasks to queue
[2022-03-03 15:41:01,686] {logging_mixin.py:109} INFO - [2022-03-03 15:41:01,686] {dagbag.py:500} INFO - Filling up the DagBag from /home/airflow/.local/lib/python3.7/site-packages/airflow/example_dags/example_branch_python_dop_operator_3.py
[2022-03-03 15:41:01,713] {processor.py:654} INFO - DAG(s) dict_keys(['example_branch_dop_operator_v3']) retrieved from /home/airflow/.local/lib/python3.7/site-packages/airflow/example_dags/example_branch_python_dop_operator_3.py
[2022-03-03 15:41:01,723] {logging_mixin.py:109} INFO - [2022-03-03 15:41:01,723] {dag.py:2396} INFO - Sync 1 DAGs
[2022-03-03 15:41:01,743] {logging_mixin.py:109} INFO - [2022-03-03 15:41:01,743] {dag.py:2935} INFO - Setting next_dagrun for example_branch_dop_operator_v3 to 2022-03-03T15:40:00+00:00
[2022-03-03 15:41:01,752] {processor.py:171} INFO - Processing /home/airflow/.local/lib/python3.7/site-packages/airflow/example_dags/example_branch_python_dop_operator_3.py took 0.075 seconds
[2022-03-03 15:41:32,447] {processor.py:163} INFO - Started process (PID=2609) to work on /home/airflow/.local/lib/python3.7/site-packages/airflow/example_dags/example_branch_python_dop_operator_3.py
[2022-03-03 15:41:32,456] {processor.py:642} INFO - Processing file /home/airflow/.local/lib/python3.7/site-packages/airflow/example_dags/example_branch_python_dop_operator_3.py for tasks to queue
[2022-03-03 15:41:32,458] {logging_mixin.py:109} INFO - [2022-03-03 15:41:32,458] {dagbag.py:500} INFO - Filling up the DagBag from /home/airflow/.local/lib/python3.7/site-packages/airflow/example_dags/example_branch_python_dop_operator_3.py
[2022-03-03 15:41:32,547] {processor.py:654} INFO - DAG(s) dict_keys(['example_branch_dop_operator_v3']) retrieved from /home/airflow/.local/lib/python3.7/site-packages/airflow/example_dags/example_branch_python_dop_operator_3.py
[2022-03-03 15:41:32,563] {logging_mixin.py:109} INFO - [2022-03-03 15:41:32,563] {dag.py:2396} INFO - Sync 1 DAGs
[2022-03-03 15:41:32,659] {logging_mixin.py:109} INFO - [2022-03-03 15:41:32,658] {dag.py:2935} INFO - Setting next_dagrun for example_branch_dop_operator_v3 to 2022-03-03T15:40:00+00:00
[2022-03-03 15:41:32,687] {processor.py:171} INFO - Processing /home/airflow/.local/lib/python3.7/site-packages/airflow/example_dags/example_branch_python_dop_operator_3.py took 0.244 seconds
[2022-03-03 15:42:03,640] {processor.py:163} INFO - Started process (PID=2663) to work on /home/airflow/.local/lib/python3.7/site-packages/airflow/example_dags/example_branch_python_dop_operator_3.py
[2022-03-03 15:42:03,645] {processor.py:642} INFO - Processing file /home/airflow/.local/lib/python3.7/site-packages/airflow/example_dags/example_branch_python_dop_operator_3.py for tasks to queue
[2022-03-03 15:42:03,649] {logging_mixin.py:109} INFO - [2022-03-03 15:42:03,648] {dagbag.py:500} INFO - Filling up the DagBag from /home/airflow/.local/lib/python3.7/site-packages/airflow/example_dags/example_branch_python_dop_operator_3.py
[2022-03-03 15:42:03,690] {processor.py:654} INFO - DAG(s) dict_keys(['example_branch_dop_operator_v3']) retrieved from /home/airflow/.local/lib/python3.7/site-packages/airflow/example_dags/example_branch_python_dop_operator_3.py
[2022-03-03 15:42:03,720] {logging_mixin.py:109} INFO - [2022-03-03 15:42:03,719] {dag.py:2396} INFO - Sync 1 DAGs
[2022-03-03 15:42:03,744] {logging_mixin.py:109} INFO - [2022-03-03 15:42:03,744] {dag.py:2935} INFO - Setting next_dagrun for example_branch_dop_operator_v3 to 2022-03-03T15:41:00+00:00
[2022-03-03 15:42:03,787] {processor.py:171} INFO - Processing /home/airflow/.local/lib/python3.7/site-packages/airflow/example_dags/example_branch_python_dop_operator_3.py took 0.153 seconds
[2022-03-03 15:42:33,843] {processor.py:163} INFO - Started process (PID=2730) to work on /home/airflow/.local/lib/python3.7/site-packages/airflow/example_dags/example_branch_python_dop_operator_3.py
[2022-03-03 15:42:33,848] {processor.py:642} INFO - Processing file /home/airflow/.local/lib/python3.7/site-packages/airflow/example_dags/example_branch_python_dop_operator_3.py for tasks to queue
[2022-03-03 15:42:33,850] {logging_mixin.py:109} INFO - [2022-03-03 15:42:33,850] {dagbag.py:500} INFO - Filling up the DagBag from /home/airflow/.local/lib/python3.7/site-packages/airflow/example_dags/example_branch_python_dop_operator_3.py
[2022-03-03 15:42:33,903] {processor.py:654} INFO - DAG(s) dict_keys(['example_branch_dop_operator_v3']) retrieved from /home/airflow/.local/lib/python3.7/site-packages/airflow/example_dags/example_branch_python_dop_operator_3.py
[2022-03-03 15:42:33,926] {logging_mixin.py:109} INFO - [2022-03-03 15:42:33,926] {dag.py:2396} INFO - Sync 1 DAGs
[2022-03-03 15:42:33,959] {logging_mixin.py:109} INFO - [2022-03-03 15:42:33,959] {dag.py:2935} INFO - Setting next_dagrun for example_branch_dop_operator_v3 to 2022-03-03T15:41:00+00:00
[2022-03-03 15:42:33,981] {processor.py:171} INFO - Processing /home/airflow/.local/lib/python3.7/site-packages/airflow/example_dags/example_branch_python_dop_operator_3.py took 0.147 seconds
[2022-03-03 15:43:04,399] {processor.py:163} INFO - Started process (PID=2791) to work on /home/airflow/.local/lib/python3.7/site-packages/airflow/example_dags/example_branch_python_dop_operator_3.py
[2022-03-03 15:43:04,405] {processor.py:642} INFO - Processing file /home/airflow/.local/lib/python3.7/site-packages/airflow/example_dags/example_branch_python_dop_operator_3.py for tasks to queue
[2022-03-03 15:43:04,409] {logging_mixin.py:109} INFO - [2022-03-03 15:43:04,409] {dagbag.py:500} INFO - Filling up the DagBag from /home/airflow/.local/lib/python3.7/site-packages/airflow/example_dags/example_branch_python_dop_operator_3.py
[2022-03-03 15:43:04,521] {processor.py:654} INFO - DAG(s) dict_keys(['example_branch_dop_operator_v3']) retrieved from /home/airflow/.local/lib/python3.7/site-packages/airflow/example_dags/example_branch_python_dop_operator_3.py
[2022-03-03 15:43:04,559] {logging_mixin.py:109} INFO - [2022-03-03 15:43:04,559] {dag.py:2396} INFO - Sync 1 DAGs
[2022-03-03 15:43:04,641] {logging_mixin.py:109} INFO - [2022-03-03 15:43:04,641] {dag.py:2935} INFO - Setting next_dagrun for example_branch_dop_operator_v3 to 2022-03-03T15:42:00+00:00
[2022-03-03 15:43:04,701] {processor.py:171} INFO - Processing /home/airflow/.local/lib/python3.7/site-packages/airflow/example_dags/example_branch_python_dop_operator_3.py took 0.312 seconds
[2022-03-03 15:43:35,453] {processor.py:163} INFO - Started process (PID=2849) to work on /home/airflow/.local/lib/python3.7/site-packages/airflow/example_dags/example_branch_python_dop_operator_3.py
[2022-03-03 15:43:35,459] {processor.py:642} INFO - Processing file /home/airflow/.local/lib/python3.7/site-packages/airflow/example_dags/example_branch_python_dop_operator_3.py for tasks to queue
[2022-03-03 15:43:35,461] {logging_mixin.py:109} INFO - [2022-03-03 15:43:35,461] {dagbag.py:500} INFO - Filling up the DagBag from /home/airflow/.local/lib/python3.7/site-packages/airflow/example_dags/example_branch_python_dop_operator_3.py
[2022-03-03 15:43:35,498] {processor.py:654} INFO - DAG(s) dict_keys(['example_branch_dop_operator_v3']) retrieved from /home/airflow/.local/lib/python3.7/site-packages/airflow/example_dags/example_branch_python_dop_operator_3.py
[2022-03-03 15:43:35,510] {logging_mixin.py:109} INFO - [2022-03-03 15:43:35,510] {dag.py:2396} INFO - Sync 1 DAGs
[2022-03-03 15:43:35,536] {logging_mixin.py:109} INFO - [2022-03-03 15:43:35,535] {dag.py:2935} INFO - Setting next_dagrun for example_branch_dop_operator_v3 to 2022-03-03T15:42:00+00:00
[2022-03-03 15:43:35,551] {processor.py:171} INFO - Processing /home/airflow/.local/lib/python3.7/site-packages/airflow/example_dags/example_branch_python_dop_operator_3.py took 0.111 seconds
[2022-03-03 15:44:05,836] {processor.py:163} INFO - Started process (PID=2904) to work on /home/airflow/.local/lib/python3.7/site-packages/airflow/example_dags/example_branch_python_dop_operator_3.py
[2022-03-03 15:44:05,838] {processor.py:642} INFO - Processing file /home/airflow/.local/lib/python3.7/site-packages/airflow/example_dags/example_branch_python_dop_operator_3.py for tasks to queue
[2022-03-03 15:44:05,839] {logging_mixin.py:109} INFO - [2022-03-03 15:44:05,839] {dagbag.py:500} INFO - Filling up the DagBag from /home/airflow/.local/lib/python3.7/site-packages/airflow/example_dags/example_branch_python_dop_operator_3.py
[2022-03-03 15:44:05,880] {processor.py:654} INFO - DAG(s) dict_keys(['example_branch_dop_operator_v3']) retrieved from /home/airflow/.local/lib/python3.7/site-packages/airflow/example_dags/example_branch_python_dop_operator_3.py
[2022-03-03 15:44:05,900] {logging_mixin.py:109} INFO - [2022-03-03 15:44:05,900] {dag.py:2396} INFO - Sync 1 DAGs
[2022-03-03 15:44:05,958] {logging_mixin.py:109} INFO - [2022-03-03 15:44:05,957] {dag.py:2935} INFO - Setting next_dagrun for example_branch_dop_operator_v3 to 2022-03-03T15:43:00+00:00
[2022-03-03 15:44:05,982] {processor.py:171} INFO - Processing /home/airflow/.local/lib/python3.7/site-packages/airflow/example_dags/example_branch_python_dop_operator_3.py took 0.153 seconds
[2022-03-03 15:44:36,321] {processor.py:163} INFO - Started process (PID=2959) to work on /home/airflow/.local/lib/python3.7/site-packages/airflow/example_dags/example_branch_python_dop_operator_3.py
[2022-03-03 15:44:36,323] {processor.py:642} INFO - Processing file /home/airflow/.local/lib/python3.7/site-packages/airflow/example_dags/example_branch_python_dop_operator_3.py for tasks to queue
[2022-03-03 15:44:36,324] {logging_mixin.py:109} INFO - [2022-03-03 15:44:36,324] {dagbag.py:500} INFO - Filling up the DagBag from /home/airflow/.local/lib/python3.7/site-packages/airflow/example_dags/example_branch_python_dop_operator_3.py
[2022-03-03 15:44:36,360] {processor.py:654} INFO - DAG(s) dict_keys(['example_branch_dop_operator_v3']) retrieved from /home/airflow/.local/lib/python3.7/site-packages/airflow/example_dags/example_branch_python_dop_operator_3.py
[2022-03-03 15:44:36,370] {logging_mixin.py:109} INFO - [2022-03-03 15:44:36,370] {dag.py:2396} INFO - Sync 1 DAGs
[2022-03-03 15:44:36,392] {logging_mixin.py:109} INFO - [2022-03-03 15:44:36,392] {dag.py:2935} INFO - Setting next_dagrun for example_branch_dop_operator_v3 to 2022-03-03T15:43:00+00:00
[2022-03-03 15:44:36,403] {processor.py:171} INFO - Processing /home/airflow/.local/lib/python3.7/site-packages/airflow/example_dags/example_branch_python_dop_operator_3.py took 0.088 seconds
[2022-03-03 15:45:07,093] {processor.py:163} INFO - Started process (PID=3018) to work on /home/airflow/.local/lib/python3.7/site-packages/airflow/example_dags/example_branch_python_dop_operator_3.py
[2022-03-03 15:45:07,099] {processor.py:642} INFO - Processing file /home/airflow/.local/lib/python3.7/site-packages/airflow/example_dags/example_branch_python_dop_operator_3.py for tasks to queue
[2022-03-03 15:45:07,105] {logging_mixin.py:109} INFO - [2022-03-03 15:45:07,105] {dagbag.py:500} INFO - Filling up the DagBag from /home/airflow/.local/lib/python3.7/site-packages/airflow/example_dags/example_branch_python_dop_operator_3.py
[2022-03-03 15:45:07,206] {processor.py:654} INFO - DAG(s) dict_keys(['example_branch_dop_operator_v3']) retrieved from /home/airflow/.local/lib/python3.7/site-packages/airflow/example_dags/example_branch_python_dop_operator_3.py
[2022-03-03 15:45:07,236] {logging_mixin.py:109} INFO - [2022-03-03 15:45:07,236] {dag.py:2396} INFO - Sync 1 DAGs
[2022-03-03 15:45:07,313] {logging_mixin.py:109} INFO - [2022-03-03 15:45:07,312] {dag.py:2935} INFO - Setting next_dagrun for example_branch_dop_operator_v3 to 2022-03-03T15:44:00+00:00
[2022-03-03 15:45:07,339] {processor.py:171} INFO - Processing /home/airflow/.local/lib/python3.7/site-packages/airflow/example_dags/example_branch_python_dop_operator_3.py took 0.250 seconds
[2022-03-03 15:45:37,937] {processor.py:163} INFO - Started process (PID=3085) to work on /home/airflow/.local/lib/python3.7/site-packages/airflow/example_dags/example_branch_python_dop_operator_3.py
[2022-03-03 15:45:37,941] {processor.py:642} INFO - Processing file /home/airflow/.local/lib/python3.7/site-packages/airflow/example_dags/example_branch_python_dop_operator_3.py for tasks to queue
[2022-03-03 15:45:37,943] {logging_mixin.py:109} INFO - [2022-03-03 15:45:37,943] {dagbag.py:500} INFO - Filling up the DagBag from /home/airflow/.local/lib/python3.7/site-packages/airflow/example_dags/example_branch_python_dop_operator_3.py
[2022-03-03 15:45:38,044] {processor.py:654} INFO - DAG(s) dict_keys(['example_branch_dop_operator_v3']) retrieved from /home/airflow/.local/lib/python3.7/site-packages/airflow/example_dags/example_branch_python_dop_operator_3.py
[2022-03-03 15:45:38,089] {logging_mixin.py:109} INFO - [2022-03-03 15:45:38,089] {dag.py:2396} INFO - Sync 1 DAGs
[2022-03-03 15:45:38,234] {logging_mixin.py:109} INFO - [2022-03-03 15:45:38,234] {dag.py:2935} INFO - Setting next_dagrun for example_branch_dop_operator_v3 to 2022-03-03T15:44:00+00:00
[2022-03-03 15:45:38,304] {processor.py:171} INFO - Processing /home/airflow/.local/lib/python3.7/site-packages/airflow/example_dags/example_branch_python_dop_operator_3.py took 0.379 seconds
[2022-03-03 15:46:08,622] {processor.py:163} INFO - Started process (PID=3147) to work on /home/airflow/.local/lib/python3.7/site-packages/airflow/example_dags/example_branch_python_dop_operator_3.py
[2022-03-03 15:46:08,625] {processor.py:642} INFO - Processing file /home/airflow/.local/lib/python3.7/site-packages/airflow/example_dags/example_branch_python_dop_operator_3.py for tasks to queue
[2022-03-03 15:46:08,628] {logging_mixin.py:109} INFO - [2022-03-03 15:46:08,627] {dagbag.py:500} INFO - Filling up the DagBag from /home/airflow/.local/lib/python3.7/site-packages/airflow/example_dags/example_branch_python_dop_operator_3.py
[2022-03-03 15:46:08,661] {processor.py:654} INFO - DAG(s) dict_keys(['example_branch_dop_operator_v3']) retrieved from /home/airflow/.local/lib/python3.7/site-packages/airflow/example_dags/example_branch_python_dop_operator_3.py
[2022-03-03 15:46:08,675] {logging_mixin.py:109} INFO - [2022-03-03 15:46:08,675] {dag.py:2396} INFO - Sync 1 DAGs
[2022-03-03 15:46:08,704] {logging_mixin.py:109} INFO - [2022-03-03 15:46:08,704] {dag.py:2935} INFO - Setting next_dagrun for example_branch_dop_operator_v3 to 2022-03-03T15:45:00+00:00
[2022-03-03 15:46:08,726] {processor.py:171} INFO - Processing /home/airflow/.local/lib/python3.7/site-packages/airflow/example_dags/example_branch_python_dop_operator_3.py took 0.110 seconds
[2022-03-03 15:46:38,862] {processor.py:163} INFO - Started process (PID=3202) to work on /home/airflow/.local/lib/python3.7/site-packages/airflow/example_dags/example_branch_python_dop_operator_3.py
[2022-03-03 15:46:38,864] {processor.py:642} INFO - Processing file /home/airflow/.local/lib/python3.7/site-packages/airflow/example_dags/example_branch_python_dop_operator_3.py for tasks to queue
[2022-03-03 15:46:38,865] {logging_mixin.py:109} INFO - [2022-03-03 15:46:38,865] {dagbag.py:500} INFO - Filling up the DagBag from /home/airflow/.local/lib/python3.7/site-packages/airflow/example_dags/example_branch_python_dop_operator_3.py
[2022-03-03 15:46:38,905] {processor.py:654} INFO - DAG(s) dict_keys(['example_branch_dop_operator_v3']) retrieved from /home/airflow/.local/lib/python3.7/site-packages/airflow/example_dags/example_branch_python_dop_operator_3.py
[2022-03-03 15:46:38,928] {logging_mixin.py:109} INFO - [2022-03-03 15:46:38,928] {dag.py:2396} INFO - Sync 1 DAGs
[2022-03-03 15:46:38,986] {logging_mixin.py:109} INFO - [2022-03-03 15:46:38,986] {dag.py:2935} INFO - Setting next_dagrun for example_branch_dop_operator_v3 to 2022-03-03T15:45:00+00:00
[2022-03-03 15:46:39,012] {processor.py:171} INFO - Processing /home/airflow/.local/lib/python3.7/site-packages/airflow/example_dags/example_branch_python_dop_operator_3.py took 0.154 seconds
[2022-03-03 15:47:09,919] {processor.py:163} INFO - Started process (PID=3271) to work on /home/airflow/.local/lib/python3.7/site-packages/airflow/example_dags/example_branch_python_dop_operator_3.py
[2022-03-03 15:47:09,921] {processor.py:642} INFO - Processing file /home/airflow/.local/lib/python3.7/site-packages/airflow/example_dags/example_branch_python_dop_operator_3.py for tasks to queue
[2022-03-03 15:47:09,925] {logging_mixin.py:109} INFO - [2022-03-03 15:47:09,925] {dagbag.py:500} INFO - Filling up the DagBag from /home/airflow/.local/lib/python3.7/site-packages/airflow/example_dags/example_branch_python_dop_operator_3.py
[2022-03-03 15:47:10,019] {processor.py:654} INFO - DAG(s) dict_keys(['example_branch_dop_operator_v3']) retrieved from /home/airflow/.local/lib/python3.7/site-packages/airflow/example_dags/example_branch_python_dop_operator_3.py
[2022-03-03 15:47:10,040] {logging_mixin.py:109} INFO - [2022-03-03 15:47:10,040] {dag.py:2396} INFO - Sync 1 DAGs
[2022-03-03 15:47:10,079] {logging_mixin.py:109} INFO - [2022-03-03 15:47:10,079] {dag.py:2935} INFO - Setting next_dagrun for example_branch_dop_operator_v3 to 2022-03-03T15:46:00+00:00
[2022-03-03 15:47:10,087] {processor.py:171} INFO - Processing /home/airflow/.local/lib/python3.7/site-packages/airflow/example_dags/example_branch_python_dop_operator_3.py took 0.172 seconds
[2022-03-03 15:47:40,570] {processor.py:163} INFO - Started process (PID=3324) to work on /home/airflow/.local/lib/python3.7/site-packages/airflow/example_dags/example_branch_python_dop_operator_3.py
[2022-03-03 15:47:40,578] {processor.py:642} INFO - Processing file /home/airflow/.local/lib/python3.7/site-packages/airflow/example_dags/example_branch_python_dop_operator_3.py for tasks to queue
[2022-03-03 15:47:40,582] {logging_mixin.py:109} INFO - [2022-03-03 15:47:40,582] {dagbag.py:500} INFO - Filling up the DagBag from /home/airflow/.local/lib/python3.7/site-packages/airflow/example_dags/example_branch_python_dop_operator_3.py
[2022-03-03 15:47:40,680] {processor.py:654} INFO - DAG(s) dict_keys(['example_branch_dop_operator_v3']) retrieved from /home/airflow/.local/lib/python3.7/site-packages/airflow/example_dags/example_branch_python_dop_operator_3.py
[2022-03-03 15:47:40,713] {logging_mixin.py:109} INFO - [2022-03-03 15:47:40,713] {dag.py:2396} INFO - Sync 1 DAGs
[2022-03-03 15:47:40,806] {logging_mixin.py:109} INFO - [2022-03-03 15:47:40,805] {dag.py:2935} INFO - Setting next_dagrun for example_branch_dop_operator_v3 to 2022-03-03T15:46:00+00:00
[2022-03-03 15:47:40,864] {processor.py:171} INFO - Processing /home/airflow/.local/lib/python3.7/site-packages/airflow/example_dags/example_branch_python_dop_operator_3.py took 0.312 seconds
[2022-03-03 15:48:11,044] {processor.py:163} INFO - Started process (PID=3378) to work on /home/airflow/.local/lib/python3.7/site-packages/airflow/example_dags/example_branch_python_dop_operator_3.py
[2022-03-03 15:48:11,052] {processor.py:642} INFO - Processing file /home/airflow/.local/lib/python3.7/site-packages/airflow/example_dags/example_branch_python_dop_operator_3.py for tasks to queue
[2022-03-03 15:48:11,061] {logging_mixin.py:109} INFO - [2022-03-03 15:48:11,061] {dagbag.py:500} INFO - Filling up the DagBag from /home/airflow/.local/lib/python3.7/site-packages/airflow/example_dags/example_branch_python_dop_operator_3.py
[2022-03-03 15:48:11,176] {processor.py:654} INFO - DAG(s) dict_keys(['example_branch_dop_operator_v3']) retrieved from /home/airflow/.local/lib/python3.7/site-packages/airflow/example_dags/example_branch_python_dop_operator_3.py
[2022-03-03 15:48:11,192] {logging_mixin.py:109} INFO - [2022-03-03 15:48:11,192] {dag.py:2396} INFO - Sync 1 DAGs
[2022-03-03 15:48:11,235] {logging_mixin.py:109} INFO - [2022-03-03 15:48:11,235] {dag.py:2935} INFO - Setting next_dagrun for example_branch_dop_operator_v3 to 2022-03-03T15:47:00+00:00
[2022-03-03 15:48:11,252] {processor.py:171} INFO - Processing /home/airflow/.local/lib/python3.7/site-packages/airflow/example_dags/example_branch_python_dop_operator_3.py took 0.226 seconds
[2022-03-03 15:48:42,116] {processor.py:163} INFO - Started process (PID=3444) to work on /home/airflow/.local/lib/python3.7/site-packages/airflow/example_dags/example_branch_python_dop_operator_3.py
[2022-03-03 15:48:42,123] {processor.py:642} INFO - Processing file /home/airflow/.local/lib/python3.7/site-packages/airflow/example_dags/example_branch_python_dop_operator_3.py for tasks to queue
[2022-03-03 15:48:42,126] {logging_mixin.py:109} INFO - [2022-03-03 15:48:42,126] {dagbag.py:500} INFO - Filling up the DagBag from /home/airflow/.local/lib/python3.7/site-packages/airflow/example_dags/example_branch_python_dop_operator_3.py
[2022-03-03 15:48:42,210] {processor.py:654} INFO - DAG(s) dict_keys(['example_branch_dop_operator_v3']) retrieved from /home/airflow/.local/lib/python3.7/site-packages/airflow/example_dags/example_branch_python_dop_operator_3.py
[2022-03-03 15:48:42,235] {logging_mixin.py:109} INFO - [2022-03-03 15:48:42,235] {dag.py:2396} INFO - Sync 1 DAGs
[2022-03-03 15:48:42,292] {logging_mixin.py:109} INFO - [2022-03-03 15:48:42,292] {dag.py:2935} INFO - Setting next_dagrun for example_branch_dop_operator_v3 to 2022-03-03T15:47:00+00:00
[2022-03-03 15:48:42,307] {processor.py:171} INFO - Processing /home/airflow/.local/lib/python3.7/site-packages/airflow/example_dags/example_branch_python_dop_operator_3.py took 0.205 seconds
[2022-03-03 15:49:13,018] {processor.py:163} INFO - Started process (PID=3497) to work on /home/airflow/.local/lib/python3.7/site-packages/airflow/example_dags/example_branch_python_dop_operator_3.py
[2022-03-03 15:49:13,024] {processor.py:642} INFO - Processing file /home/airflow/.local/lib/python3.7/site-packages/airflow/example_dags/example_branch_python_dop_operator_3.py for tasks to queue
[2022-03-03 15:49:13,026] {logging_mixin.py:109} INFO - [2022-03-03 15:49:13,026] {dagbag.py:500} INFO - Filling up the DagBag from /home/airflow/.local/lib/python3.7/site-packages/airflow/example_dags/example_branch_python_dop_operator_3.py
[2022-03-03 15:49:13,103] {processor.py:654} INFO - DAG(s) dict_keys(['example_branch_dop_operator_v3']) retrieved from /home/airflow/.local/lib/python3.7/site-packages/airflow/example_dags/example_branch_python_dop_operator_3.py
[2022-03-03 15:49:13,126] {logging_mixin.py:109} INFO - [2022-03-03 15:49:13,126] {dag.py:2396} INFO - Sync 1 DAGs
[2022-03-03 15:49:13,178] {logging_mixin.py:109} INFO - [2022-03-03 15:49:13,178] {dag.py:2935} INFO - Setting next_dagrun for example_branch_dop_operator_v3 to 2022-03-03T15:48:00+00:00
[2022-03-03 15:49:13,197] {processor.py:171} INFO - Processing /home/airflow/.local/lib/python3.7/site-packages/airflow/example_dags/example_branch_python_dop_operator_3.py took 0.190 seconds
[2022-03-03 15:49:43,575] {processor.py:163} INFO - Started process (PID=3553) to work on /home/airflow/.local/lib/python3.7/site-packages/airflow/example_dags/example_branch_python_dop_operator_3.py
[2022-03-03 15:49:43,580] {processor.py:642} INFO - Processing file /home/airflow/.local/lib/python3.7/site-packages/airflow/example_dags/example_branch_python_dop_operator_3.py for tasks to queue
[2022-03-03 15:49:43,584] {logging_mixin.py:109} INFO - [2022-03-03 15:49:43,583] {dagbag.py:500} INFO - Filling up the DagBag from /home/airflow/.local/lib/python3.7/site-packages/airflow/example_dags/example_branch_python_dop_operator_3.py
[2022-03-03 15:49:43,761] {processor.py:654} INFO - DAG(s) dict_keys(['example_branch_dop_operator_v3']) retrieved from /home/airflow/.local/lib/python3.7/site-packages/airflow/example_dags/example_branch_python_dop_operator_3.py
[2022-03-03 15:49:43,809] {logging_mixin.py:109} INFO - [2022-03-03 15:49:43,809] {dag.py:2396} INFO - Sync 1 DAGs
[2022-03-03 15:49:43,869] {logging_mixin.py:109} INFO - [2022-03-03 15:49:43,869] {dag.py:2935} INFO - Setting next_dagrun for example_branch_dop_operator_v3 to 2022-03-03T15:48:00+00:00
[2022-03-03 15:49:43,885] {processor.py:171} INFO - Processing /home/airflow/.local/lib/python3.7/site-packages/airflow/example_dags/example_branch_python_dop_operator_3.py took 0.325 seconds
[2022-03-03 15:50:14,368] {processor.py:163} INFO - Started process (PID=3622) to work on /home/airflow/.local/lib/python3.7/site-packages/airflow/example_dags/example_branch_python_dop_operator_3.py
[2022-03-03 15:50:14,371] {processor.py:642} INFO - Processing file /home/airflow/.local/lib/python3.7/site-packages/airflow/example_dags/example_branch_python_dop_operator_3.py for tasks to queue
[2022-03-03 15:50:14,373] {logging_mixin.py:109} INFO - [2022-03-03 15:50:14,373] {dagbag.py:500} INFO - Filling up the DagBag from /home/airflow/.local/lib/python3.7/site-packages/airflow/example_dags/example_branch_python_dop_operator_3.py
[2022-03-03 15:50:14,438] {processor.py:654} INFO - DAG(s) dict_keys(['example_branch_dop_operator_v3']) retrieved from /home/airflow/.local/lib/python3.7/site-packages/airflow/example_dags/example_branch_python_dop_operator_3.py
[2022-03-03 15:50:14,461] {logging_mixin.py:109} INFO - [2022-03-03 15:50:14,461] {dag.py:2396} INFO - Sync 1 DAGs
[2022-03-03 15:50:14,520] {logging_mixin.py:109} INFO - [2022-03-03 15:50:14,520] {dag.py:2935} INFO - Setting next_dagrun for example_branch_dop_operator_v3 to 2022-03-03T15:49:00+00:00
[2022-03-03 15:50:14,550] {processor.py:171} INFO - Processing /home/airflow/.local/lib/python3.7/site-packages/airflow/example_dags/example_branch_python_dop_operator_3.py took 0.194 seconds
[2022-03-03 15:50:44,924] {processor.py:163} INFO - Started process (PID=3679) to work on /home/airflow/.local/lib/python3.7/site-packages/airflow/example_dags/example_branch_python_dop_operator_3.py
[2022-03-03 15:50:44,929] {processor.py:642} INFO - Processing file /home/airflow/.local/lib/python3.7/site-packages/airflow/example_dags/example_branch_python_dop_operator_3.py for tasks to queue
[2022-03-03 15:50:44,931] {logging_mixin.py:109} INFO - [2022-03-03 15:50:44,931] {dagbag.py:500} INFO - Filling up the DagBag from /home/airflow/.local/lib/python3.7/site-packages/airflow/example_dags/example_branch_python_dop_operator_3.py
[2022-03-03 15:50:44,988] {processor.py:654} INFO - DAG(s) dict_keys(['example_branch_dop_operator_v3']) retrieved from /home/airflow/.local/lib/python3.7/site-packages/airflow/example_dags/example_branch_python_dop_operator_3.py
[2022-03-03 15:50:45,008] {logging_mixin.py:109} INFO - [2022-03-03 15:50:45,008] {dag.py:2396} INFO - Sync 1 DAGs
[2022-03-03 15:50:45,053] {logging_mixin.py:109} INFO - [2022-03-03 15:50:45,053] {dag.py:2935} INFO - Setting next_dagrun for example_branch_dop_operator_v3 to 2022-03-03T15:49:00+00:00
[2022-03-03 15:50:45,075] {processor.py:171} INFO - Processing /home/airflow/.local/lib/python3.7/site-packages/airflow/example_dags/example_branch_python_dop_operator_3.py took 0.160 seconds
