[2022-03-03 15:18:41,991] {processor.py:163} INFO - Started process (PID=77) to work on /home/airflow/.local/lib/python3.7/site-packages/airflow/example_dags/example_python_operator.py
[2022-03-03 15:18:41,999] {processor.py:642} INFO - Processing file /home/airflow/.local/lib/python3.7/site-packages/airflow/example_dags/example_python_operator.py for tasks to queue
[2022-03-03 15:18:42,002] {logging_mixin.py:109} INFO - [2022-03-03 15:18:42,002] {dagbag.py:500} INFO - Filling up the DagBag from /home/airflow/.local/lib/python3.7/site-packages/airflow/example_dags/example_python_operator.py
[2022-03-03 15:18:42,141] {processor.py:654} INFO - DAG(s) dict_keys(['example_python_operator']) retrieved from /home/airflow/.local/lib/python3.7/site-packages/airflow/example_dags/example_python_operator.py
[2022-03-03 15:18:42,194] {logging_mixin.py:109} INFO - [2022-03-03 15:18:42,194] {dag.py:2396} INFO - Sync 1 DAGs
[2022-03-03 15:18:42,263] {logging_mixin.py:109} INFO - [2022-03-03 15:18:42,263] {dag.py:2935} INFO - Setting next_dagrun for example_python_operator to None
[2022-03-03 15:18:42,340] {processor.py:171} INFO - Processing /home/airflow/.local/lib/python3.7/site-packages/airflow/example_dags/example_python_operator.py took 0.361 seconds
[2022-03-03 15:19:12,774] {processor.py:163} INFO - Started process (PID=121) to work on /home/airflow/.local/lib/python3.7/site-packages/airflow/example_dags/example_python_operator.py
[2022-03-03 15:19:12,781] {processor.py:642} INFO - Processing file /home/airflow/.local/lib/python3.7/site-packages/airflow/example_dags/example_python_operator.py for tasks to queue
[2022-03-03 15:19:12,786] {logging_mixin.py:109} INFO - [2022-03-03 15:19:12,785] {dagbag.py:500} INFO - Filling up the DagBag from /home/airflow/.local/lib/python3.7/site-packages/airflow/example_dags/example_python_operator.py
[2022-03-03 15:19:13,017] {processor.py:654} INFO - DAG(s) dict_keys(['example_python_operator']) retrieved from /home/airflow/.local/lib/python3.7/site-packages/airflow/example_dags/example_python_operator.py
[2022-03-03 15:19:13,094] {logging_mixin.py:109} INFO - [2022-03-03 15:19:13,093] {dag.py:2396} INFO - Sync 1 DAGs
[2022-03-03 15:19:13,218] {logging_mixin.py:109} INFO - [2022-03-03 15:19:13,217] {dag.py:2935} INFO - Setting next_dagrun for example_python_operator to None
[2022-03-03 15:19:13,293] {processor.py:171} INFO - Processing /home/airflow/.local/lib/python3.7/site-packages/airflow/example_dags/example_python_operator.py took 0.535 seconds
[2022-03-03 15:19:44,149] {processor.py:163} INFO - Started process (PID=175) to work on /home/airflow/.local/lib/python3.7/site-packages/airflow/example_dags/example_python_operator.py
[2022-03-03 15:19:44,153] {processor.py:642} INFO - Processing file /home/airflow/.local/lib/python3.7/site-packages/airflow/example_dags/example_python_operator.py for tasks to queue
[2022-03-03 15:19:44,160] {logging_mixin.py:109} INFO - [2022-03-03 15:19:44,160] {dagbag.py:500} INFO - Filling up the DagBag from /home/airflow/.local/lib/python3.7/site-packages/airflow/example_dags/example_python_operator.py
[2022-03-03 15:19:44,241] {processor.py:654} INFO - DAG(s) dict_keys(['example_python_operator']) retrieved from /home/airflow/.local/lib/python3.7/site-packages/airflow/example_dags/example_python_operator.py
[2022-03-03 15:19:44,269] {logging_mixin.py:109} INFO - [2022-03-03 15:19:44,268] {dag.py:2396} INFO - Sync 1 DAGs
[2022-03-03 15:19:44,319] {logging_mixin.py:109} INFO - [2022-03-03 15:19:44,319] {dag.py:2935} INFO - Setting next_dagrun for example_python_operator to None
[2022-03-03 15:19:44,339] {processor.py:171} INFO - Processing /home/airflow/.local/lib/python3.7/site-packages/airflow/example_dags/example_python_operator.py took 0.197 seconds
[2022-03-03 15:20:15,465] {processor.py:163} INFO - Started process (PID=237) to work on /home/airflow/.local/lib/python3.7/site-packages/airflow/example_dags/example_python_operator.py
[2022-03-03 15:20:15,468] {processor.py:642} INFO - Processing file /home/airflow/.local/lib/python3.7/site-packages/airflow/example_dags/example_python_operator.py for tasks to queue
[2022-03-03 15:20:15,470] {logging_mixin.py:109} INFO - [2022-03-03 15:20:15,469] {dagbag.py:500} INFO - Filling up the DagBag from /home/airflow/.local/lib/python3.7/site-packages/airflow/example_dags/example_python_operator.py
[2022-03-03 15:20:15,505] {processor.py:654} INFO - DAG(s) dict_keys(['example_python_operator']) retrieved from /home/airflow/.local/lib/python3.7/site-packages/airflow/example_dags/example_python_operator.py
[2022-03-03 15:20:15,520] {logging_mixin.py:109} INFO - [2022-03-03 15:20:15,520] {dag.py:2396} INFO - Sync 1 DAGs
[2022-03-03 15:20:15,538] {logging_mixin.py:109} INFO - [2022-03-03 15:20:15,538] {dag.py:2935} INFO - Setting next_dagrun for example_python_operator to None
[2022-03-03 15:20:15,550] {processor.py:171} INFO - Processing /home/airflow/.local/lib/python3.7/site-packages/airflow/example_dags/example_python_operator.py took 0.090 seconds
[2022-03-03 15:20:45,757] {processor.py:163} INFO - Started process (PID=287) to work on /home/airflow/.local/lib/python3.7/site-packages/airflow/example_dags/example_python_operator.py
[2022-03-03 15:20:45,759] {processor.py:642} INFO - Processing file /home/airflow/.local/lib/python3.7/site-packages/airflow/example_dags/example_python_operator.py for tasks to queue
[2022-03-03 15:20:45,762] {logging_mixin.py:109} INFO - [2022-03-03 15:20:45,762] {dagbag.py:500} INFO - Filling up the DagBag from /home/airflow/.local/lib/python3.7/site-packages/airflow/example_dags/example_python_operator.py
[2022-03-03 15:20:45,821] {processor.py:654} INFO - DAG(s) dict_keys(['example_python_operator']) retrieved from /home/airflow/.local/lib/python3.7/site-packages/airflow/example_dags/example_python_operator.py
[2022-03-03 15:20:45,853] {logging_mixin.py:109} INFO - [2022-03-03 15:20:45,853] {dag.py:2396} INFO - Sync 1 DAGs
[2022-03-03 15:20:45,901] {logging_mixin.py:109} INFO - [2022-03-03 15:20:45,901] {dag.py:2935} INFO - Setting next_dagrun for example_python_operator to None
[2022-03-03 15:20:45,913] {processor.py:171} INFO - Processing /home/airflow/.local/lib/python3.7/site-packages/airflow/example_dags/example_python_operator.py took 0.164 seconds
[2022-03-03 15:21:16,809] {processor.py:163} INFO - Started process (PID=343) to work on /home/airflow/.local/lib/python3.7/site-packages/airflow/example_dags/example_python_operator.py
[2022-03-03 15:21:16,811] {processor.py:642} INFO - Processing file /home/airflow/.local/lib/python3.7/site-packages/airflow/example_dags/example_python_operator.py for tasks to queue
[2022-03-03 15:21:16,812] {logging_mixin.py:109} INFO - [2022-03-03 15:21:16,812] {dagbag.py:500} INFO - Filling up the DagBag from /home/airflow/.local/lib/python3.7/site-packages/airflow/example_dags/example_python_operator.py
[2022-03-03 15:21:16,843] {processor.py:654} INFO - DAG(s) dict_keys(['example_python_operator']) retrieved from /home/airflow/.local/lib/python3.7/site-packages/airflow/example_dags/example_python_operator.py
[2022-03-03 15:21:16,854] {logging_mixin.py:109} INFO - [2022-03-03 15:21:16,854] {dag.py:2396} INFO - Sync 1 DAGs
[2022-03-03 15:21:16,871] {logging_mixin.py:109} INFO - [2022-03-03 15:21:16,870] {dag.py:2935} INFO - Setting next_dagrun for example_python_operator to None
[2022-03-03 15:21:16,880] {processor.py:171} INFO - Processing /home/airflow/.local/lib/python3.7/site-packages/airflow/example_dags/example_python_operator.py took 0.076 seconds
[2022-03-03 15:21:47,494] {processor.py:163} INFO - Started process (PID=399) to work on /home/airflow/.local/lib/python3.7/site-packages/airflow/example_dags/example_python_operator.py
[2022-03-03 15:21:47,499] {processor.py:642} INFO - Processing file /home/airflow/.local/lib/python3.7/site-packages/airflow/example_dags/example_python_operator.py for tasks to queue
[2022-03-03 15:21:47,502] {logging_mixin.py:109} INFO - [2022-03-03 15:21:47,502] {dagbag.py:500} INFO - Filling up the DagBag from /home/airflow/.local/lib/python3.7/site-packages/airflow/example_dags/example_python_operator.py
[2022-03-03 15:21:47,612] {processor.py:654} INFO - DAG(s) dict_keys(['example_python_operator']) retrieved from /home/airflow/.local/lib/python3.7/site-packages/airflow/example_dags/example_python_operator.py
[2022-03-03 15:21:47,656] {logging_mixin.py:109} INFO - [2022-03-03 15:21:47,650] {dag.py:2396} INFO - Sync 1 DAGs
[2022-03-03 15:21:47,728] {logging_mixin.py:109} INFO - [2022-03-03 15:21:47,728] {dag.py:2935} INFO - Setting next_dagrun for example_python_operator to None
[2022-03-03 15:21:47,751] {processor.py:171} INFO - Processing /home/airflow/.local/lib/python3.7/site-packages/airflow/example_dags/example_python_operator.py took 0.266 seconds
[2022-03-03 15:22:17,853] {processor.py:163} INFO - Started process (PID=453) to work on /home/airflow/.local/lib/python3.7/site-packages/airflow/example_dags/example_python_operator.py
[2022-03-03 15:22:17,855] {processor.py:642} INFO - Processing file /home/airflow/.local/lib/python3.7/site-packages/airflow/example_dags/example_python_operator.py for tasks to queue
[2022-03-03 15:22:17,857] {logging_mixin.py:109} INFO - [2022-03-03 15:22:17,857] {dagbag.py:500} INFO - Filling up the DagBag from /home/airflow/.local/lib/python3.7/site-packages/airflow/example_dags/example_python_operator.py
[2022-03-03 15:22:17,893] {processor.py:654} INFO - DAG(s) dict_keys(['example_python_operator']) retrieved from /home/airflow/.local/lib/python3.7/site-packages/airflow/example_dags/example_python_operator.py
[2022-03-03 15:22:17,908] {logging_mixin.py:109} INFO - [2022-03-03 15:22:17,908] {dag.py:2396} INFO - Sync 1 DAGs
[2022-03-03 15:22:17,928] {logging_mixin.py:109} INFO - [2022-03-03 15:22:17,927] {dag.py:2935} INFO - Setting next_dagrun for example_python_operator to None
[2022-03-03 15:22:17,943] {processor.py:171} INFO - Processing /home/airflow/.local/lib/python3.7/site-packages/airflow/example_dags/example_python_operator.py took 0.097 seconds
[2022-03-03 15:22:48,262] {processor.py:163} INFO - Started process (PID=521) to work on /home/airflow/.local/lib/python3.7/site-packages/airflow/example_dags/example_python_operator.py
[2022-03-03 15:22:48,265] {processor.py:642} INFO - Processing file /home/airflow/.local/lib/python3.7/site-packages/airflow/example_dags/example_python_operator.py for tasks to queue
[2022-03-03 15:22:48,266] {logging_mixin.py:109} INFO - [2022-03-03 15:22:48,266] {dagbag.py:500} INFO - Filling up the DagBag from /home/airflow/.local/lib/python3.7/site-packages/airflow/example_dags/example_python_operator.py
[2022-03-03 15:22:48,300] {processor.py:654} INFO - DAG(s) dict_keys(['example_python_operator']) retrieved from /home/airflow/.local/lib/python3.7/site-packages/airflow/example_dags/example_python_operator.py
[2022-03-03 15:22:48,314] {logging_mixin.py:109} INFO - [2022-03-03 15:22:48,314] {dag.py:2396} INFO - Sync 1 DAGs
[2022-03-03 15:22:48,335] {logging_mixin.py:109} INFO - [2022-03-03 15:22:48,334] {dag.py:2935} INFO - Setting next_dagrun for example_python_operator to None
[2022-03-03 15:22:48,362] {processor.py:171} INFO - Processing /home/airflow/.local/lib/python3.7/site-packages/airflow/example_dags/example_python_operator.py took 0.105 seconds
[2022-03-03 15:23:18,922] {processor.py:163} INFO - Started process (PID=575) to work on /home/airflow/.local/lib/python3.7/site-packages/airflow/example_dags/example_python_operator.py
[2022-03-03 15:23:18,924] {processor.py:642} INFO - Processing file /home/airflow/.local/lib/python3.7/site-packages/airflow/example_dags/example_python_operator.py for tasks to queue
[2022-03-03 15:23:18,925] {logging_mixin.py:109} INFO - [2022-03-03 15:23:18,925] {dagbag.py:500} INFO - Filling up the DagBag from /home/airflow/.local/lib/python3.7/site-packages/airflow/example_dags/example_python_operator.py
[2022-03-03 15:23:18,959] {processor.py:654} INFO - DAG(s) dict_keys(['example_python_operator']) retrieved from /home/airflow/.local/lib/python3.7/site-packages/airflow/example_dags/example_python_operator.py
[2022-03-03 15:23:18,971] {logging_mixin.py:109} INFO - [2022-03-03 15:23:18,971] {dag.py:2396} INFO - Sync 1 DAGs
[2022-03-03 15:23:18,987] {logging_mixin.py:109} INFO - [2022-03-03 15:23:18,987] {dag.py:2935} INFO - Setting next_dagrun for example_python_operator to None
[2022-03-03 15:23:18,998] {processor.py:171} INFO - Processing /home/airflow/.local/lib/python3.7/site-packages/airflow/example_dags/example_python_operator.py took 0.081 seconds
[2022-03-03 15:23:49,378] {processor.py:163} INFO - Started process (PID=629) to work on /home/airflow/.local/lib/python3.7/site-packages/airflow/example_dags/example_python_operator.py
[2022-03-03 15:23:49,384] {processor.py:642} INFO - Processing file /home/airflow/.local/lib/python3.7/site-packages/airflow/example_dags/example_python_operator.py for tasks to queue
[2022-03-03 15:23:49,386] {logging_mixin.py:109} INFO - [2022-03-03 15:23:49,385] {dagbag.py:500} INFO - Filling up the DagBag from /home/airflow/.local/lib/python3.7/site-packages/airflow/example_dags/example_python_operator.py
[2022-03-03 15:23:49,472] {processor.py:654} INFO - DAG(s) dict_keys(['example_python_operator']) retrieved from /home/airflow/.local/lib/python3.7/site-packages/airflow/example_dags/example_python_operator.py
[2022-03-03 15:23:49,509] {logging_mixin.py:109} INFO - [2022-03-03 15:23:49,509] {dag.py:2396} INFO - Sync 1 DAGs
[2022-03-03 15:23:49,534] {logging_mixin.py:109} INFO - [2022-03-03 15:23:49,534] {dag.py:2935} INFO - Setting next_dagrun for example_python_operator to None
[2022-03-03 15:23:49,543] {processor.py:171} INFO - Processing /home/airflow/.local/lib/python3.7/site-packages/airflow/example_dags/example_python_operator.py took 0.168 seconds
[2022-03-03 15:24:20,178] {processor.py:163} INFO - Started process (PID=692) to work on /home/airflow/.local/lib/python3.7/site-packages/airflow/example_dags/example_python_operator.py
[2022-03-03 15:24:20,198] {processor.py:642} INFO - Processing file /home/airflow/.local/lib/python3.7/site-packages/airflow/example_dags/example_python_operator.py for tasks to queue
[2022-03-03 15:24:20,202] {logging_mixin.py:109} INFO - [2022-03-03 15:24:20,202] {dagbag.py:500} INFO - Filling up the DagBag from /home/airflow/.local/lib/python3.7/site-packages/airflow/example_dags/example_python_operator.py
[2022-03-03 15:24:20,280] {processor.py:654} INFO - DAG(s) dict_keys(['example_python_operator']) retrieved from /home/airflow/.local/lib/python3.7/site-packages/airflow/example_dags/example_python_operator.py
[2022-03-03 15:24:20,294] {logging_mixin.py:109} INFO - [2022-03-03 15:24:20,294] {dag.py:2396} INFO - Sync 1 DAGs
[2022-03-03 15:24:20,311] {logging_mixin.py:109} INFO - [2022-03-03 15:24:20,311] {dag.py:2935} INFO - Setting next_dagrun for example_python_operator to None
[2022-03-03 15:24:20,320] {processor.py:171} INFO - Processing /home/airflow/.local/lib/python3.7/site-packages/airflow/example_dags/example_python_operator.py took 0.150 seconds
[2022-03-03 15:24:50,571] {processor.py:163} INFO - Started process (PID=747) to work on /home/airflow/.local/lib/python3.7/site-packages/airflow/example_dags/example_python_operator.py
[2022-03-03 15:24:50,573] {processor.py:642} INFO - Processing file /home/airflow/.local/lib/python3.7/site-packages/airflow/example_dags/example_python_operator.py for tasks to queue
[2022-03-03 15:24:50,574] {logging_mixin.py:109} INFO - [2022-03-03 15:24:50,574] {dagbag.py:500} INFO - Filling up the DagBag from /home/airflow/.local/lib/python3.7/site-packages/airflow/example_dags/example_python_operator.py
[2022-03-03 15:24:50,607] {processor.py:654} INFO - DAG(s) dict_keys(['example_python_operator']) retrieved from /home/airflow/.local/lib/python3.7/site-packages/airflow/example_dags/example_python_operator.py
[2022-03-03 15:24:50,618] {logging_mixin.py:109} INFO - [2022-03-03 15:24:50,618] {dag.py:2396} INFO - Sync 1 DAGs
[2022-03-03 15:24:50,641] {logging_mixin.py:109} INFO - [2022-03-03 15:24:50,641] {dag.py:2935} INFO - Setting next_dagrun for example_python_operator to None
[2022-03-03 15:24:50,652] {processor.py:171} INFO - Processing /home/airflow/.local/lib/python3.7/site-packages/airflow/example_dags/example_python_operator.py took 0.084 seconds
[2022-03-03 15:25:20,731] {processor.py:163} INFO - Started process (PID=802) to work on /home/airflow/.local/lib/python3.7/site-packages/airflow/example_dags/example_python_operator.py
[2022-03-03 15:25:20,733] {processor.py:642} INFO - Processing file /home/airflow/.local/lib/python3.7/site-packages/airflow/example_dags/example_python_operator.py for tasks to queue
[2022-03-03 15:25:20,735] {logging_mixin.py:109} INFO - [2022-03-03 15:25:20,735] {dagbag.py:500} INFO - Filling up the DagBag from /home/airflow/.local/lib/python3.7/site-packages/airflow/example_dags/example_python_operator.py
[2022-03-03 15:25:20,768] {processor.py:654} INFO - DAG(s) dict_keys(['example_python_operator']) retrieved from /home/airflow/.local/lib/python3.7/site-packages/airflow/example_dags/example_python_operator.py
[2022-03-03 15:25:20,780] {logging_mixin.py:109} INFO - [2022-03-03 15:25:20,779] {dag.py:2396} INFO - Sync 1 DAGs
[2022-03-03 15:25:20,796] {logging_mixin.py:109} INFO - [2022-03-03 15:25:20,796] {dag.py:2935} INFO - Setting next_dagrun for example_python_operator to None
[2022-03-03 15:25:20,805] {processor.py:171} INFO - Processing /home/airflow/.local/lib/python3.7/site-packages/airflow/example_dags/example_python_operator.py took 0.079 seconds
[2022-03-03 15:25:51,467] {processor.py:163} INFO - Started process (PID=857) to work on /home/airflow/.local/lib/python3.7/site-packages/airflow/example_dags/example_python_operator.py
[2022-03-03 15:25:51,469] {processor.py:642} INFO - Processing file /home/airflow/.local/lib/python3.7/site-packages/airflow/example_dags/example_python_operator.py for tasks to queue
[2022-03-03 15:25:51,470] {logging_mixin.py:109} INFO - [2022-03-03 15:25:51,470] {dagbag.py:500} INFO - Filling up the DagBag from /home/airflow/.local/lib/python3.7/site-packages/airflow/example_dags/example_python_operator.py
[2022-03-03 15:25:51,502] {processor.py:654} INFO - DAG(s) dict_keys(['example_python_operator']) retrieved from /home/airflow/.local/lib/python3.7/site-packages/airflow/example_dags/example_python_operator.py
[2022-03-03 15:25:51,517] {logging_mixin.py:109} INFO - [2022-03-03 15:25:51,516] {dag.py:2396} INFO - Sync 1 DAGs
[2022-03-03 15:25:51,533] {logging_mixin.py:109} INFO - [2022-03-03 15:25:51,533] {dag.py:2935} INFO - Setting next_dagrun for example_python_operator to None
[2022-03-03 15:25:51,543] {processor.py:171} INFO - Processing /home/airflow/.local/lib/python3.7/site-packages/airflow/example_dags/example_python_operator.py took 0.082 seconds
[2022-03-03 15:26:21,744] {processor.py:163} INFO - Started process (PID=910) to work on /home/airflow/.local/lib/python3.7/site-packages/airflow/example_dags/example_python_operator.py
[2022-03-03 15:26:21,747] {processor.py:642} INFO - Processing file /home/airflow/.local/lib/python3.7/site-packages/airflow/example_dags/example_python_operator.py for tasks to queue
[2022-03-03 15:26:21,749] {logging_mixin.py:109} INFO - [2022-03-03 15:26:21,749] {dagbag.py:500} INFO - Filling up the DagBag from /home/airflow/.local/lib/python3.7/site-packages/airflow/example_dags/example_python_operator.py
[2022-03-03 15:26:21,784] {processor.py:654} INFO - DAG(s) dict_keys(['example_python_operator']) retrieved from /home/airflow/.local/lib/python3.7/site-packages/airflow/example_dags/example_python_operator.py
[2022-03-03 15:26:21,797] {logging_mixin.py:109} INFO - [2022-03-03 15:26:21,797] {dag.py:2396} INFO - Sync 1 DAGs
[2022-03-03 15:26:21,812] {logging_mixin.py:109} INFO - [2022-03-03 15:26:21,812] {dag.py:2935} INFO - Setting next_dagrun for example_python_operator to None
[2022-03-03 15:26:21,823] {processor.py:171} INFO - Processing /home/airflow/.local/lib/python3.7/site-packages/airflow/example_dags/example_python_operator.py took 0.088 seconds
[2022-03-03 15:26:52,167] {processor.py:163} INFO - Started process (PID=964) to work on /home/airflow/.local/lib/python3.7/site-packages/airflow/example_dags/example_python_operator.py
[2022-03-03 15:26:52,169] {processor.py:642} INFO - Processing file /home/airflow/.local/lib/python3.7/site-packages/airflow/example_dags/example_python_operator.py for tasks to queue
[2022-03-03 15:26:52,171] {logging_mixin.py:109} INFO - [2022-03-03 15:26:52,171] {dagbag.py:500} INFO - Filling up the DagBag from /home/airflow/.local/lib/python3.7/site-packages/airflow/example_dags/example_python_operator.py
[2022-03-03 15:26:52,222] {processor.py:654} INFO - DAG(s) dict_keys(['example_python_operator']) retrieved from /home/airflow/.local/lib/python3.7/site-packages/airflow/example_dags/example_python_operator.py
[2022-03-03 15:26:52,237] {logging_mixin.py:109} INFO - [2022-03-03 15:26:52,237] {dag.py:2396} INFO - Sync 1 DAGs
[2022-03-03 15:26:52,256] {logging_mixin.py:109} INFO - [2022-03-03 15:26:52,256] {dag.py:2935} INFO - Setting next_dagrun for example_python_operator to None
[2022-03-03 15:26:52,282] {processor.py:171} INFO - Processing /home/airflow/.local/lib/python3.7/site-packages/airflow/example_dags/example_python_operator.py took 0.122 seconds
[2022-03-03 15:27:22,879] {processor.py:163} INFO - Started process (PID=1031) to work on /home/airflow/.local/lib/python3.7/site-packages/airflow/example_dags/example_python_operator.py
[2022-03-03 15:27:22,889] {processor.py:642} INFO - Processing file /home/airflow/.local/lib/python3.7/site-packages/airflow/example_dags/example_python_operator.py for tasks to queue
[2022-03-03 15:27:22,894] {logging_mixin.py:109} INFO - [2022-03-03 15:27:22,894] {dagbag.py:500} INFO - Filling up the DagBag from /home/airflow/.local/lib/python3.7/site-packages/airflow/example_dags/example_python_operator.py
[2022-03-03 15:27:23,020] {processor.py:654} INFO - DAG(s) dict_keys(['example_python_operator']) retrieved from /home/airflow/.local/lib/python3.7/site-packages/airflow/example_dags/example_python_operator.py
[2022-03-03 15:27:23,068] {logging_mixin.py:109} INFO - [2022-03-03 15:27:23,068] {dag.py:2396} INFO - Sync 1 DAGs
[2022-03-03 15:27:23,100] {logging_mixin.py:109} INFO - [2022-03-03 15:27:23,100] {dag.py:2935} INFO - Setting next_dagrun for example_python_operator to None
[2022-03-03 15:27:23,109] {processor.py:171} INFO - Processing /home/airflow/.local/lib/python3.7/site-packages/airflow/example_dags/example_python_operator.py took 0.241 seconds
[2022-03-03 15:27:53,168] {processor.py:163} INFO - Started process (PID=1088) to work on /home/airflow/.local/lib/python3.7/site-packages/airflow/example_dags/example_python_operator.py
[2022-03-03 15:27:53,170] {processor.py:642} INFO - Processing file /home/airflow/.local/lib/python3.7/site-packages/airflow/example_dags/example_python_operator.py for tasks to queue
[2022-03-03 15:27:53,172] {logging_mixin.py:109} INFO - [2022-03-03 15:27:53,171] {dagbag.py:500} INFO - Filling up the DagBag from /home/airflow/.local/lib/python3.7/site-packages/airflow/example_dags/example_python_operator.py
[2022-03-03 15:27:53,209] {processor.py:654} INFO - DAG(s) dict_keys(['example_python_operator']) retrieved from /home/airflow/.local/lib/python3.7/site-packages/airflow/example_dags/example_python_operator.py
[2022-03-03 15:27:53,223] {logging_mixin.py:109} INFO - [2022-03-03 15:27:53,223] {dag.py:2396} INFO - Sync 1 DAGs
[2022-03-03 15:27:53,244] {logging_mixin.py:109} INFO - [2022-03-03 15:27:53,244] {dag.py:2935} INFO - Setting next_dagrun for example_python_operator to None
[2022-03-03 15:27:53,257] {processor.py:171} INFO - Processing /home/airflow/.local/lib/python3.7/site-packages/airflow/example_dags/example_python_operator.py took 0.093 seconds
[2022-03-03 15:28:23,377] {processor.py:163} INFO - Started process (PID=1145) to work on /home/airflow/.local/lib/python3.7/site-packages/airflow/example_dags/example_python_operator.py
[2022-03-03 15:28:23,380] {processor.py:642} INFO - Processing file /home/airflow/.local/lib/python3.7/site-packages/airflow/example_dags/example_python_operator.py for tasks to queue
[2022-03-03 15:28:23,382] {logging_mixin.py:109} INFO - [2022-03-03 15:28:23,382] {dagbag.py:500} INFO - Filling up the DagBag from /home/airflow/.local/lib/python3.7/site-packages/airflow/example_dags/example_python_operator.py
[2022-03-03 15:28:23,432] {processor.py:654} INFO - DAG(s) dict_keys(['example_python_operator']) retrieved from /home/airflow/.local/lib/python3.7/site-packages/airflow/example_dags/example_python_operator.py
[2022-03-03 15:28:23,450] {logging_mixin.py:109} INFO - [2022-03-03 15:28:23,449] {dag.py:2396} INFO - Sync 1 DAGs
[2022-03-03 15:28:23,470] {logging_mixin.py:109} INFO - [2022-03-03 15:28:23,470] {dag.py:2935} INFO - Setting next_dagrun for example_python_operator to None
[2022-03-03 15:28:23,484] {processor.py:171} INFO - Processing /home/airflow/.local/lib/python3.7/site-packages/airflow/example_dags/example_python_operator.py took 0.112 seconds
[2022-03-03 15:28:58,414] {processor.py:163} INFO - Started process (PID=1199) to work on /home/airflow/.local/lib/python3.7/site-packages/airflow/example_dags/example_python_operator.py
[2022-03-03 15:28:58,421] {processor.py:642} INFO - Processing file /home/airflow/.local/lib/python3.7/site-packages/airflow/example_dags/example_python_operator.py for tasks to queue
[2022-03-03 15:28:58,426] {logging_mixin.py:109} INFO - [2022-03-03 15:28:58,426] {dagbag.py:500} INFO - Filling up the DagBag from /home/airflow/.local/lib/python3.7/site-packages/airflow/example_dags/example_python_operator.py
[2022-03-03 15:28:59,060] {processor.py:654} INFO - DAG(s) dict_keys(['example_python_operator']) retrieved from /home/airflow/.local/lib/python3.7/site-packages/airflow/example_dags/example_python_operator.py
[2022-03-03 15:28:59,156] {logging_mixin.py:109} INFO - [2022-03-03 15:28:59,156] {dag.py:2396} INFO - Sync 1 DAGs
[2022-03-03 15:28:59,231] {logging_mixin.py:109} INFO - [2022-03-03 15:28:59,231] {dag.py:2935} INFO - Setting next_dagrun for example_python_operator to None
[2022-03-03 15:29:00,094] {processor.py:171} INFO - Processing /home/airflow/.local/lib/python3.7/site-packages/airflow/example_dags/example_python_operator.py took 1.734 seconds
[2022-03-03 15:29:30,355] {processor.py:163} INFO - Started process (PID=1251) to work on /home/airflow/.local/lib/python3.7/site-packages/airflow/example_dags/example_python_operator.py
[2022-03-03 15:29:30,357] {processor.py:642} INFO - Processing file /home/airflow/.local/lib/python3.7/site-packages/airflow/example_dags/example_python_operator.py for tasks to queue
[2022-03-03 15:29:30,358] {logging_mixin.py:109} INFO - [2022-03-03 15:29:30,358] {dagbag.py:500} INFO - Filling up the DagBag from /home/airflow/.local/lib/python3.7/site-packages/airflow/example_dags/example_python_operator.py
[2022-03-03 15:29:30,387] {processor.py:654} INFO - DAG(s) dict_keys(['example_python_operator']) retrieved from /home/airflow/.local/lib/python3.7/site-packages/airflow/example_dags/example_python_operator.py
[2022-03-03 15:29:30,397] {logging_mixin.py:109} INFO - [2022-03-03 15:29:30,397] {dag.py:2396} INFO - Sync 1 DAGs
[2022-03-03 15:29:30,547] {logging_mixin.py:109} INFO - [2022-03-03 15:29:30,547] {dag.py:2935} INFO - Setting next_dagrun for example_python_operator to None
[2022-03-03 15:29:30,561] {processor.py:171} INFO - Processing /home/airflow/.local/lib/python3.7/site-packages/airflow/example_dags/example_python_operator.py took 0.209 seconds
[2022-03-03 15:30:00,953] {processor.py:163} INFO - Started process (PID=1305) to work on /home/airflow/.local/lib/python3.7/site-packages/airflow/example_dags/example_python_operator.py
[2022-03-03 15:30:00,956] {processor.py:642} INFO - Processing file /home/airflow/.local/lib/python3.7/site-packages/airflow/example_dags/example_python_operator.py for tasks to queue
[2022-03-03 15:30:00,957] {logging_mixin.py:109} INFO - [2022-03-03 15:30:00,957] {dagbag.py:500} INFO - Filling up the DagBag from /home/airflow/.local/lib/python3.7/site-packages/airflow/example_dags/example_python_operator.py
[2022-03-03 15:30:01,013] {processor.py:654} INFO - DAG(s) dict_keys(['example_python_operator']) retrieved from /home/airflow/.local/lib/python3.7/site-packages/airflow/example_dags/example_python_operator.py
[2022-03-03 15:30:01,028] {logging_mixin.py:109} INFO - [2022-03-03 15:30:01,027] {dag.py:2396} INFO - Sync 1 DAGs
[2022-03-03 15:30:01,143] {logging_mixin.py:109} INFO - [2022-03-03 15:30:01,143] {dag.py:2935} INFO - Setting next_dagrun for example_python_operator to None
[2022-03-03 15:30:01,163] {processor.py:171} INFO - Processing /home/airflow/.local/lib/python3.7/site-packages/airflow/example_dags/example_python_operator.py took 0.219 seconds
[2022-03-03 15:30:31,376] {processor.py:163} INFO - Started process (PID=1358) to work on /home/airflow/.local/lib/python3.7/site-packages/airflow/example_dags/example_python_operator.py
[2022-03-03 15:30:31,379] {processor.py:642} INFO - Processing file /home/airflow/.local/lib/python3.7/site-packages/airflow/example_dags/example_python_operator.py for tasks to queue
[2022-03-03 15:30:31,380] {logging_mixin.py:109} INFO - [2022-03-03 15:30:31,380] {dagbag.py:500} INFO - Filling up the DagBag from /home/airflow/.local/lib/python3.7/site-packages/airflow/example_dags/example_python_operator.py
[2022-03-03 15:30:31,413] {processor.py:654} INFO - DAG(s) dict_keys(['example_python_operator']) retrieved from /home/airflow/.local/lib/python3.7/site-packages/airflow/example_dags/example_python_operator.py
[2022-03-03 15:30:31,426] {logging_mixin.py:109} INFO - [2022-03-03 15:30:31,426] {dag.py:2396} INFO - Sync 1 DAGs
[2022-03-03 15:30:31,536] {logging_mixin.py:109} INFO - [2022-03-03 15:30:31,536] {dag.py:2935} INFO - Setting next_dagrun for example_python_operator to None
[2022-03-03 15:30:31,547] {processor.py:171} INFO - Processing /home/airflow/.local/lib/python3.7/site-packages/airflow/example_dags/example_python_operator.py took 0.176 seconds
[2022-03-03 15:31:02,223] {processor.py:163} INFO - Started process (PID=1417) to work on /home/airflow/.local/lib/python3.7/site-packages/airflow/example_dags/example_python_operator.py
[2022-03-03 15:31:02,233] {processor.py:642} INFO - Processing file /home/airflow/.local/lib/python3.7/site-packages/airflow/example_dags/example_python_operator.py for tasks to queue
[2022-03-03 15:31:02,235] {logging_mixin.py:109} INFO - [2022-03-03 15:31:02,234] {dagbag.py:500} INFO - Filling up the DagBag from /home/airflow/.local/lib/python3.7/site-packages/airflow/example_dags/example_python_operator.py
[2022-03-03 15:31:02,300] {processor.py:654} INFO - DAG(s) dict_keys(['example_python_operator']) retrieved from /home/airflow/.local/lib/python3.7/site-packages/airflow/example_dags/example_python_operator.py
[2022-03-03 15:31:02,392] {logging_mixin.py:109} INFO - [2022-03-03 15:31:02,392] {dag.py:2396} INFO - Sync 1 DAGs
[2022-03-03 15:31:02,411] {logging_mixin.py:109} INFO - [2022-03-03 15:31:02,411] {dag.py:2935} INFO - Setting next_dagrun for example_python_operator to None
[2022-03-03 15:31:02,433] {processor.py:171} INFO - Processing /home/airflow/.local/lib/python3.7/site-packages/airflow/example_dags/example_python_operator.py took 0.213 seconds
[2022-03-03 15:31:33,306] {processor.py:163} INFO - Started process (PID=1477) to work on /home/airflow/.local/lib/python3.7/site-packages/airflow/example_dags/example_python_operator.py
[2022-03-03 15:31:33,308] {processor.py:642} INFO - Processing file /home/airflow/.local/lib/python3.7/site-packages/airflow/example_dags/example_python_operator.py for tasks to queue
[2022-03-03 15:31:33,309] {logging_mixin.py:109} INFO - [2022-03-03 15:31:33,309] {dagbag.py:500} INFO - Filling up the DagBag from /home/airflow/.local/lib/python3.7/site-packages/airflow/example_dags/example_python_operator.py
[2022-03-03 15:31:33,378] {processor.py:654} INFO - DAG(s) dict_keys(['example_python_operator']) retrieved from /home/airflow/.local/lib/python3.7/site-packages/airflow/example_dags/example_python_operator.py
[2022-03-03 15:31:33,502] {logging_mixin.py:109} INFO - [2022-03-03 15:31:33,502] {dag.py:2396} INFO - Sync 1 DAGs
[2022-03-03 15:31:33,543] {logging_mixin.py:109} INFO - [2022-03-03 15:31:33,542] {dag.py:2935} INFO - Setting next_dagrun for example_python_operator to None
[2022-03-03 15:31:33,583] {processor.py:171} INFO - Processing /home/airflow/.local/lib/python3.7/site-packages/airflow/example_dags/example_python_operator.py took 0.284 seconds
[2022-03-03 15:32:04,231] {processor.py:163} INFO - Started process (PID=1540) to work on /home/airflow/.local/lib/python3.7/site-packages/airflow/example_dags/example_python_operator.py
[2022-03-03 15:32:04,241] {processor.py:642} INFO - Processing file /home/airflow/.local/lib/python3.7/site-packages/airflow/example_dags/example_python_operator.py for tasks to queue
[2022-03-03 15:32:04,247] {logging_mixin.py:109} INFO - [2022-03-03 15:32:04,247] {dagbag.py:500} INFO - Filling up the DagBag from /home/airflow/.local/lib/python3.7/site-packages/airflow/example_dags/example_python_operator.py
[2022-03-03 15:32:04,423] {processor.py:654} INFO - DAG(s) dict_keys(['example_python_operator']) retrieved from /home/airflow/.local/lib/python3.7/site-packages/airflow/example_dags/example_python_operator.py
[2022-03-03 15:32:04,711] {logging_mixin.py:109} INFO - [2022-03-03 15:32:04,710] {dag.py:2396} INFO - Sync 1 DAGs
[2022-03-03 15:32:04,744] {logging_mixin.py:109} INFO - [2022-03-03 15:32:04,744] {dag.py:2935} INFO - Setting next_dagrun for example_python_operator to None
[2022-03-03 15:32:04,767] {processor.py:171} INFO - Processing /home/airflow/.local/lib/python3.7/site-packages/airflow/example_dags/example_python_operator.py took 0.550 seconds
[2022-03-03 15:32:34,876] {processor.py:163} INFO - Started process (PID=1595) to work on /home/airflow/.local/lib/python3.7/site-packages/airflow/example_dags/example_python_operator.py
[2022-03-03 15:32:34,884] {processor.py:642} INFO - Processing file /home/airflow/.local/lib/python3.7/site-packages/airflow/example_dags/example_python_operator.py for tasks to queue
[2022-03-03 15:32:34,894] {logging_mixin.py:109} INFO - [2022-03-03 15:32:34,893] {dagbag.py:500} INFO - Filling up the DagBag from /home/airflow/.local/lib/python3.7/site-packages/airflow/example_dags/example_python_operator.py
[2022-03-03 15:32:35,220] {processor.py:654} INFO - DAG(s) dict_keys(['example_python_operator']) retrieved from /home/airflow/.local/lib/python3.7/site-packages/airflow/example_dags/example_python_operator.py
[2022-03-03 15:32:35,242] {logging_mixin.py:109} INFO - [2022-03-03 15:32:35,242] {dag.py:2396} INFO - Sync 1 DAGs
[2022-03-03 15:32:35,278] {logging_mixin.py:109} INFO - [2022-03-03 15:32:35,278] {dag.py:2935} INFO - Setting next_dagrun for example_python_operator to None
[2022-03-03 15:32:35,298] {processor.py:171} INFO - Processing /home/airflow/.local/lib/python3.7/site-packages/airflow/example_dags/example_python_operator.py took 0.435 seconds
[2022-03-03 15:33:05,808] {processor.py:163} INFO - Started process (PID=1653) to work on /home/airflow/.local/lib/python3.7/site-packages/airflow/example_dags/example_python_operator.py
[2022-03-03 15:33:05,815] {processor.py:642} INFO - Processing file /home/airflow/.local/lib/python3.7/site-packages/airflow/example_dags/example_python_operator.py for tasks to queue
[2022-03-03 15:33:05,816] {logging_mixin.py:109} INFO - [2022-03-03 15:33:05,816] {dagbag.py:500} INFO - Filling up the DagBag from /home/airflow/.local/lib/python3.7/site-packages/airflow/example_dags/example_python_operator.py
[2022-03-03 15:33:06,018] {processor.py:654} INFO - DAG(s) dict_keys(['example_python_operator']) retrieved from /home/airflow/.local/lib/python3.7/site-packages/airflow/example_dags/example_python_operator.py
[2022-03-03 15:33:06,027] {logging_mixin.py:109} INFO - [2022-03-03 15:33:06,027] {dag.py:2396} INFO - Sync 1 DAGs
[2022-03-03 15:33:06,041] {logging_mixin.py:109} INFO - [2022-03-03 15:33:06,041] {dag.py:2935} INFO - Setting next_dagrun for example_python_operator to None
[2022-03-03 15:33:06,049] {processor.py:171} INFO - Processing /home/airflow/.local/lib/python3.7/site-packages/airflow/example_dags/example_python_operator.py took 0.244 seconds
[2022-03-03 15:33:36,129] {processor.py:163} INFO - Started process (PID=1709) to work on /home/airflow/.local/lib/python3.7/site-packages/airflow/example_dags/example_python_operator.py
[2022-03-03 15:33:36,131] {processor.py:642} INFO - Processing file /home/airflow/.local/lib/python3.7/site-packages/airflow/example_dags/example_python_operator.py for tasks to queue
[2022-03-03 15:33:36,133] {logging_mixin.py:109} INFO - [2022-03-03 15:33:36,133] {dagbag.py:500} INFO - Filling up the DagBag from /home/airflow/.local/lib/python3.7/site-packages/airflow/example_dags/example_python_operator.py
[2022-03-03 15:33:36,259] {processor.py:654} INFO - DAG(s) dict_keys(['example_python_operator']) retrieved from /home/airflow/.local/lib/python3.7/site-packages/airflow/example_dags/example_python_operator.py
[2022-03-03 15:33:36,278] {logging_mixin.py:109} INFO - [2022-03-03 15:33:36,278] {dag.py:2396} INFO - Sync 1 DAGs
[2022-03-03 15:33:36,297] {logging_mixin.py:109} INFO - [2022-03-03 15:33:36,297] {dag.py:2935} INFO - Setting next_dagrun for example_python_operator to None
[2022-03-03 15:33:36,307] {processor.py:171} INFO - Processing /home/airflow/.local/lib/python3.7/site-packages/airflow/example_dags/example_python_operator.py took 0.182 seconds
[2022-03-03 15:34:06,393] {processor.py:163} INFO - Started process (PID=1768) to work on /home/airflow/.local/lib/python3.7/site-packages/airflow/example_dags/example_python_operator.py
[2022-03-03 15:34:06,394] {processor.py:642} INFO - Processing file /home/airflow/.local/lib/python3.7/site-packages/airflow/example_dags/example_python_operator.py for tasks to queue
[2022-03-03 15:34:06,396] {logging_mixin.py:109} INFO - [2022-03-03 15:34:06,396] {dagbag.py:500} INFO - Filling up the DagBag from /home/airflow/.local/lib/python3.7/site-packages/airflow/example_dags/example_python_operator.py
[2022-03-03 15:34:06,511] {processor.py:654} INFO - DAG(s) dict_keys(['example_python_operator']) retrieved from /home/airflow/.local/lib/python3.7/site-packages/airflow/example_dags/example_python_operator.py
[2022-03-03 15:34:06,522] {logging_mixin.py:109} INFO - [2022-03-03 15:34:06,522] {dag.py:2396} INFO - Sync 1 DAGs
[2022-03-03 15:34:06,545] {logging_mixin.py:109} INFO - [2022-03-03 15:34:06,545] {dag.py:2935} INFO - Setting next_dagrun for example_python_operator to None
[2022-03-03 15:34:06,554] {processor.py:171} INFO - Processing /home/airflow/.local/lib/python3.7/site-packages/airflow/example_dags/example_python_operator.py took 0.164 seconds
[2022-03-03 15:34:37,030] {processor.py:163} INFO - Started process (PID=1823) to work on /home/airflow/.local/lib/python3.7/site-packages/airflow/example_dags/example_python_operator.py
[2022-03-03 15:34:37,032] {processor.py:642} INFO - Processing file /home/airflow/.local/lib/python3.7/site-packages/airflow/example_dags/example_python_operator.py for tasks to queue
[2022-03-03 15:34:37,034] {logging_mixin.py:109} INFO - [2022-03-03 15:34:37,034] {dagbag.py:500} INFO - Filling up the DagBag from /home/airflow/.local/lib/python3.7/site-packages/airflow/example_dags/example_python_operator.py
[2022-03-03 15:34:37,073] {processor.py:654} INFO - DAG(s) dict_keys(['example_python_operator']) retrieved from /home/airflow/.local/lib/python3.7/site-packages/airflow/example_dags/example_python_operator.py
[2022-03-03 15:34:37,089] {logging_mixin.py:109} INFO - [2022-03-03 15:34:37,089] {dag.py:2396} INFO - Sync 1 DAGs
[2022-03-03 15:34:37,111] {logging_mixin.py:109} INFO - [2022-03-03 15:34:37,111] {dag.py:2935} INFO - Setting next_dagrun for example_python_operator to None
[2022-03-03 15:34:37,125] {processor.py:171} INFO - Processing /home/airflow/.local/lib/python3.7/site-packages/airflow/example_dags/example_python_operator.py took 0.102 seconds
[2022-03-03 15:35:07,554] {processor.py:163} INFO - Started process (PID=1879) to work on /home/airflow/.local/lib/python3.7/site-packages/airflow/example_dags/example_python_operator.py
[2022-03-03 15:35:07,557] {processor.py:642} INFO - Processing file /home/airflow/.local/lib/python3.7/site-packages/airflow/example_dags/example_python_operator.py for tasks to queue
[2022-03-03 15:35:07,558] {logging_mixin.py:109} INFO - [2022-03-03 15:35:07,558] {dagbag.py:500} INFO - Filling up the DagBag from /home/airflow/.local/lib/python3.7/site-packages/airflow/example_dags/example_python_operator.py
[2022-03-03 15:35:07,617] {processor.py:654} INFO - DAG(s) dict_keys(['example_python_operator']) retrieved from /home/airflow/.local/lib/python3.7/site-packages/airflow/example_dags/example_python_operator.py
[2022-03-03 15:35:07,661] {logging_mixin.py:109} INFO - [2022-03-03 15:35:07,661] {dag.py:2396} INFO - Sync 1 DAGs
[2022-03-03 15:35:07,700] {logging_mixin.py:109} INFO - [2022-03-03 15:35:07,700] {dag.py:2935} INFO - Setting next_dagrun for example_python_operator to None
[2022-03-03 15:35:07,719] {processor.py:171} INFO - Processing /home/airflow/.local/lib/python3.7/site-packages/airflow/example_dags/example_python_operator.py took 0.169 seconds
[2022-03-03 15:35:37,984] {processor.py:163} INFO - Started process (PID=1936) to work on /home/airflow/.local/lib/python3.7/site-packages/airflow/example_dags/example_python_operator.py
[2022-03-03 15:35:37,997] {processor.py:642} INFO - Processing file /home/airflow/.local/lib/python3.7/site-packages/airflow/example_dags/example_python_operator.py for tasks to queue
[2022-03-03 15:35:38,009] {logging_mixin.py:109} INFO - [2022-03-03 15:35:38,009] {dagbag.py:500} INFO - Filling up the DagBag from /home/airflow/.local/lib/python3.7/site-packages/airflow/example_dags/example_python_operator.py
[2022-03-03 15:35:38,141] {processor.py:654} INFO - DAG(s) dict_keys(['example_python_operator']) retrieved from /home/airflow/.local/lib/python3.7/site-packages/airflow/example_dags/example_python_operator.py
[2022-03-03 15:35:38,168] {logging_mixin.py:109} INFO - [2022-03-03 15:35:38,168] {dag.py:2396} INFO - Sync 1 DAGs
[2022-03-03 15:35:38,189] {logging_mixin.py:109} INFO - [2022-03-03 15:35:38,189] {dag.py:2935} INFO - Setting next_dagrun for example_python_operator to None
[2022-03-03 15:35:38,240] {processor.py:171} INFO - Processing /home/airflow/.local/lib/python3.7/site-packages/airflow/example_dags/example_python_operator.py took 0.292 seconds
[2022-03-03 15:36:08,508] {processor.py:163} INFO - Started process (PID=2002) to work on /home/airflow/.local/lib/python3.7/site-packages/airflow/example_dags/example_python_operator.py
[2022-03-03 15:36:08,514] {processor.py:642} INFO - Processing file /home/airflow/.local/lib/python3.7/site-packages/airflow/example_dags/example_python_operator.py for tasks to queue
[2022-03-03 15:36:08,515] {logging_mixin.py:109} INFO - [2022-03-03 15:36:08,515] {dagbag.py:500} INFO - Filling up the DagBag from /home/airflow/.local/lib/python3.7/site-packages/airflow/example_dags/example_python_operator.py
[2022-03-03 15:36:08,575] {processor.py:654} INFO - DAG(s) dict_keys(['example_python_operator']) retrieved from /home/airflow/.local/lib/python3.7/site-packages/airflow/example_dags/example_python_operator.py
[2022-03-03 15:36:08,594] {logging_mixin.py:109} INFO - [2022-03-03 15:36:08,591] {dag.py:2396} INFO - Sync 1 DAGs
[2022-03-03 15:36:08,641] {logging_mixin.py:109} INFO - [2022-03-03 15:36:08,641] {dag.py:2935} INFO - Setting next_dagrun for example_python_operator to None
[2022-03-03 15:36:08,659] {processor.py:171} INFO - Processing /home/airflow/.local/lib/python3.7/site-packages/airflow/example_dags/example_python_operator.py took 0.155 seconds
[2022-03-03 15:36:38,799] {processor.py:163} INFO - Started process (PID=2057) to work on /home/airflow/.local/lib/python3.7/site-packages/airflow/example_dags/example_python_operator.py
[2022-03-03 15:36:38,803] {processor.py:642} INFO - Processing file /home/airflow/.local/lib/python3.7/site-packages/airflow/example_dags/example_python_operator.py for tasks to queue
[2022-03-03 15:36:38,805] {logging_mixin.py:109} INFO - [2022-03-03 15:36:38,805] {dagbag.py:500} INFO - Filling up the DagBag from /home/airflow/.local/lib/python3.7/site-packages/airflow/example_dags/example_python_operator.py
[2022-03-03 15:36:38,872] {processor.py:654} INFO - DAG(s) dict_keys(['example_python_operator']) retrieved from /home/airflow/.local/lib/python3.7/site-packages/airflow/example_dags/example_python_operator.py
[2022-03-03 15:36:38,893] {logging_mixin.py:109} INFO - [2022-03-03 15:36:38,893] {dag.py:2396} INFO - Sync 1 DAGs
[2022-03-03 15:36:38,911] {logging_mixin.py:109} INFO - [2022-03-03 15:36:38,911] {dag.py:2935} INFO - Setting next_dagrun for example_python_operator to None
[2022-03-03 15:36:38,926] {processor.py:171} INFO - Processing /home/airflow/.local/lib/python3.7/site-packages/airflow/example_dags/example_python_operator.py took 0.139 seconds
[2022-03-03 15:37:09,259] {processor.py:163} INFO - Started process (PID=2115) to work on /home/airflow/.local/lib/python3.7/site-packages/airflow/example_dags/example_python_operator.py
[2022-03-03 15:37:09,262] {processor.py:642} INFO - Processing file /home/airflow/.local/lib/python3.7/site-packages/airflow/example_dags/example_python_operator.py for tasks to queue
[2022-03-03 15:37:09,263] {logging_mixin.py:109} INFO - [2022-03-03 15:37:09,263] {dagbag.py:500} INFO - Filling up the DagBag from /home/airflow/.local/lib/python3.7/site-packages/airflow/example_dags/example_python_operator.py
[2022-03-03 15:37:09,305] {processor.py:654} INFO - DAG(s) dict_keys(['example_python_operator']) retrieved from /home/airflow/.local/lib/python3.7/site-packages/airflow/example_dags/example_python_operator.py
[2022-03-03 15:37:09,321] {logging_mixin.py:109} INFO - [2022-03-03 15:37:09,321] {dag.py:2396} INFO - Sync 1 DAGs
[2022-03-03 15:37:09,353] {logging_mixin.py:109} INFO - [2022-03-03 15:37:09,352] {dag.py:2935} INFO - Setting next_dagrun for example_python_operator to None
[2022-03-03 15:37:09,364] {processor.py:171} INFO - Processing /home/airflow/.local/lib/python3.7/site-packages/airflow/example_dags/example_python_operator.py took 0.111 seconds
[2022-03-03 15:37:40,116] {processor.py:163} INFO - Started process (PID=2171) to work on /home/airflow/.local/lib/python3.7/site-packages/airflow/example_dags/example_python_operator.py
[2022-03-03 15:37:40,118] {processor.py:642} INFO - Processing file /home/airflow/.local/lib/python3.7/site-packages/airflow/example_dags/example_python_operator.py for tasks to queue
[2022-03-03 15:37:40,122] {logging_mixin.py:109} INFO - [2022-03-03 15:37:40,122] {dagbag.py:500} INFO - Filling up the DagBag from /home/airflow/.local/lib/python3.7/site-packages/airflow/example_dags/example_python_operator.py
[2022-03-03 15:37:40,159] {processor.py:654} INFO - DAG(s) dict_keys(['example_python_operator']) retrieved from /home/airflow/.local/lib/python3.7/site-packages/airflow/example_dags/example_python_operator.py
[2022-03-03 15:37:40,170] {logging_mixin.py:109} INFO - [2022-03-03 15:37:40,170] {dag.py:2396} INFO - Sync 1 DAGs
[2022-03-03 15:37:40,188] {logging_mixin.py:109} INFO - [2022-03-03 15:37:40,187] {dag.py:2935} INFO - Setting next_dagrun for example_python_operator to None
[2022-03-03 15:37:40,200] {processor.py:171} INFO - Processing /home/airflow/.local/lib/python3.7/site-packages/airflow/example_dags/example_python_operator.py took 0.091 seconds
[2022-03-03 15:38:10,753] {processor.py:163} INFO - Started process (PID=2236) to work on /home/airflow/.local/lib/python3.7/site-packages/airflow/example_dags/example_python_operator.py
[2022-03-03 15:38:10,766] {processor.py:642} INFO - Processing file /home/airflow/.local/lib/python3.7/site-packages/airflow/example_dags/example_python_operator.py for tasks to queue
[2022-03-03 15:38:10,774] {logging_mixin.py:109} INFO - [2022-03-03 15:38:10,773] {dagbag.py:500} INFO - Filling up the DagBag from /home/airflow/.local/lib/python3.7/site-packages/airflow/example_dags/example_python_operator.py
[2022-03-03 15:38:10,995] {processor.py:654} INFO - DAG(s) dict_keys(['example_python_operator']) retrieved from /home/airflow/.local/lib/python3.7/site-packages/airflow/example_dags/example_python_operator.py
[2022-03-03 15:38:11,047] {logging_mixin.py:109} INFO - [2022-03-03 15:38:11,047] {dag.py:2396} INFO - Sync 1 DAGs
[2022-03-03 15:38:11,126] {logging_mixin.py:109} INFO - [2022-03-03 15:38:11,126] {dag.py:2935} INFO - Setting next_dagrun for example_python_operator to None
[2022-03-03 15:38:11,160] {processor.py:171} INFO - Processing /home/airflow/.local/lib/python3.7/site-packages/airflow/example_dags/example_python_operator.py took 0.427 seconds
[2022-03-03 15:38:41,325] {processor.py:163} INFO - Started process (PID=2290) to work on /home/airflow/.local/lib/python3.7/site-packages/airflow/example_dags/example_python_operator.py
[2022-03-03 15:38:41,328] {processor.py:642} INFO - Processing file /home/airflow/.local/lib/python3.7/site-packages/airflow/example_dags/example_python_operator.py for tasks to queue
[2022-03-03 15:38:41,330] {logging_mixin.py:109} INFO - [2022-03-03 15:38:41,330] {dagbag.py:500} INFO - Filling up the DagBag from /home/airflow/.local/lib/python3.7/site-packages/airflow/example_dags/example_python_operator.py
[2022-03-03 15:38:41,363] {processor.py:654} INFO - DAG(s) dict_keys(['example_python_operator']) retrieved from /home/airflow/.local/lib/python3.7/site-packages/airflow/example_dags/example_python_operator.py
[2022-03-03 15:38:41,378] {logging_mixin.py:109} INFO - [2022-03-03 15:38:41,378] {dag.py:2396} INFO - Sync 1 DAGs
[2022-03-03 15:38:41,397] {logging_mixin.py:109} INFO - [2022-03-03 15:38:41,397] {dag.py:2935} INFO - Setting next_dagrun for example_python_operator to None
[2022-03-03 15:38:41,408] {processor.py:171} INFO - Processing /home/airflow/.local/lib/python3.7/site-packages/airflow/example_dags/example_python_operator.py took 0.092 seconds
[2022-03-03 15:39:11,711] {processor.py:163} INFO - Started process (PID=2344) to work on /home/airflow/.local/lib/python3.7/site-packages/airflow/example_dags/example_python_operator.py
[2022-03-03 15:39:11,712] {processor.py:642} INFO - Processing file /home/airflow/.local/lib/python3.7/site-packages/airflow/example_dags/example_python_operator.py for tasks to queue
[2022-03-03 15:39:11,714] {logging_mixin.py:109} INFO - [2022-03-03 15:39:11,713] {dagbag.py:500} INFO - Filling up the DagBag from /home/airflow/.local/lib/python3.7/site-packages/airflow/example_dags/example_python_operator.py
[2022-03-03 15:39:11,751] {processor.py:654} INFO - DAG(s) dict_keys(['example_python_operator']) retrieved from /home/airflow/.local/lib/python3.7/site-packages/airflow/example_dags/example_python_operator.py
[2022-03-03 15:39:11,762] {logging_mixin.py:109} INFO - [2022-03-03 15:39:11,762] {dag.py:2396} INFO - Sync 1 DAGs
[2022-03-03 15:39:11,780] {logging_mixin.py:109} INFO - [2022-03-03 15:39:11,780] {dag.py:2935} INFO - Setting next_dagrun for example_python_operator to None
[2022-03-03 15:39:11,790] {processor.py:171} INFO - Processing /home/airflow/.local/lib/python3.7/site-packages/airflow/example_dags/example_python_operator.py took 0.087 seconds
[2022-03-03 15:39:42,589] {processor.py:163} INFO - Started process (PID=2402) to work on /home/airflow/.local/lib/python3.7/site-packages/airflow/example_dags/example_python_operator.py
[2022-03-03 15:39:42,591] {processor.py:642} INFO - Processing file /home/airflow/.local/lib/python3.7/site-packages/airflow/example_dags/example_python_operator.py for tasks to queue
[2022-03-03 15:39:42,593] {logging_mixin.py:109} INFO - [2022-03-03 15:39:42,592] {dagbag.py:500} INFO - Filling up the DagBag from /home/airflow/.local/lib/python3.7/site-packages/airflow/example_dags/example_python_operator.py
[2022-03-03 15:39:42,627] {processor.py:654} INFO - DAG(s) dict_keys(['example_python_operator']) retrieved from /home/airflow/.local/lib/python3.7/site-packages/airflow/example_dags/example_python_operator.py
[2022-03-03 15:39:42,645] {logging_mixin.py:109} INFO - [2022-03-03 15:39:42,645] {dag.py:2396} INFO - Sync 1 DAGs
[2022-03-03 15:39:42,677] {logging_mixin.py:109} INFO - [2022-03-03 15:39:42,677] {dag.py:2935} INFO - Setting next_dagrun for example_python_operator to None
[2022-03-03 15:39:42,687] {processor.py:171} INFO - Processing /home/airflow/.local/lib/python3.7/site-packages/airflow/example_dags/example_python_operator.py took 0.105 seconds
[2022-03-03 15:40:13,448] {processor.py:163} INFO - Started process (PID=2456) to work on /home/airflow/.local/lib/python3.7/site-packages/airflow/example_dags/example_python_operator.py
[2022-03-03 15:40:13,465] {processor.py:642} INFO - Processing file /home/airflow/.local/lib/python3.7/site-packages/airflow/example_dags/example_python_operator.py for tasks to queue
[2022-03-03 15:40:13,467] {logging_mixin.py:109} INFO - [2022-03-03 15:40:13,467] {dagbag.py:500} INFO - Filling up the DagBag from /home/airflow/.local/lib/python3.7/site-packages/airflow/example_dags/example_python_operator.py
[2022-03-03 15:40:13,588] {processor.py:654} INFO - DAG(s) dict_keys(['example_python_operator']) retrieved from /home/airflow/.local/lib/python3.7/site-packages/airflow/example_dags/example_python_operator.py
[2022-03-03 15:40:13,639] {logging_mixin.py:109} INFO - [2022-03-03 15:40:13,639] {dag.py:2396} INFO - Sync 1 DAGs
[2022-03-03 15:40:13,696] {logging_mixin.py:109} INFO - [2022-03-03 15:40:13,696] {dag.py:2935} INFO - Setting next_dagrun for example_python_operator to None
[2022-03-03 15:40:13,713] {processor.py:171} INFO - Processing /home/airflow/.local/lib/python3.7/site-packages/airflow/example_dags/example_python_operator.py took 0.273 seconds
[2022-03-03 15:40:43,931] {processor.py:163} INFO - Started process (PID=2520) to work on /home/airflow/.local/lib/python3.7/site-packages/airflow/example_dags/example_python_operator.py
[2022-03-03 15:40:43,934] {processor.py:642} INFO - Processing file /home/airflow/.local/lib/python3.7/site-packages/airflow/example_dags/example_python_operator.py for tasks to queue
[2022-03-03 15:40:43,939] {logging_mixin.py:109} INFO - [2022-03-03 15:40:43,939] {dagbag.py:500} INFO - Filling up the DagBag from /home/airflow/.local/lib/python3.7/site-packages/airflow/example_dags/example_python_operator.py
[2022-03-03 15:40:44,025] {processor.py:654} INFO - DAG(s) dict_keys(['example_python_operator']) retrieved from /home/airflow/.local/lib/python3.7/site-packages/airflow/example_dags/example_python_operator.py
[2022-03-03 15:40:44,049] {logging_mixin.py:109} INFO - [2022-03-03 15:40:44,049] {dag.py:2396} INFO - Sync 1 DAGs
[2022-03-03 15:40:44,086] {logging_mixin.py:109} INFO - [2022-03-03 15:40:44,086] {dag.py:2935} INFO - Setting next_dagrun for example_python_operator to None
[2022-03-03 15:40:44,121] {processor.py:171} INFO - Processing /home/airflow/.local/lib/python3.7/site-packages/airflow/example_dags/example_python_operator.py took 0.197 seconds
[2022-03-03 15:41:14,209] {processor.py:163} INFO - Started process (PID=2575) to work on /home/airflow/.local/lib/python3.7/site-packages/airflow/example_dags/example_python_operator.py
[2022-03-03 15:41:14,216] {processor.py:642} INFO - Processing file /home/airflow/.local/lib/python3.7/site-packages/airflow/example_dags/example_python_operator.py for tasks to queue
[2022-03-03 15:41:14,217] {logging_mixin.py:109} INFO - [2022-03-03 15:41:14,217] {dagbag.py:500} INFO - Filling up the DagBag from /home/airflow/.local/lib/python3.7/site-packages/airflow/example_dags/example_python_operator.py
[2022-03-03 15:41:14,268] {processor.py:654} INFO - DAG(s) dict_keys(['example_python_operator']) retrieved from /home/airflow/.local/lib/python3.7/site-packages/airflow/example_dags/example_python_operator.py
[2022-03-03 15:41:14,286] {logging_mixin.py:109} INFO - [2022-03-03 15:41:14,285] {dag.py:2396} INFO - Sync 1 DAGs
[2022-03-03 15:41:14,300] {logging_mixin.py:109} INFO - [2022-03-03 15:41:14,300] {dag.py:2935} INFO - Setting next_dagrun for example_python_operator to None
[2022-03-03 15:41:14,308] {processor.py:171} INFO - Processing /home/airflow/.local/lib/python3.7/site-packages/airflow/example_dags/example_python_operator.py took 0.103 seconds
[2022-03-03 15:41:44,772] {processor.py:163} INFO - Started process (PID=2630) to work on /home/airflow/.local/lib/python3.7/site-packages/airflow/example_dags/example_python_operator.py
[2022-03-03 15:41:44,774] {processor.py:642} INFO - Processing file /home/airflow/.local/lib/python3.7/site-packages/airflow/example_dags/example_python_operator.py for tasks to queue
[2022-03-03 15:41:44,775] {logging_mixin.py:109} INFO - [2022-03-03 15:41:44,775] {dagbag.py:500} INFO - Filling up the DagBag from /home/airflow/.local/lib/python3.7/site-packages/airflow/example_dags/example_python_operator.py
[2022-03-03 15:41:44,857] {processor.py:654} INFO - DAG(s) dict_keys(['example_python_operator']) retrieved from /home/airflow/.local/lib/python3.7/site-packages/airflow/example_dags/example_python_operator.py
[2022-03-03 15:41:44,882] {logging_mixin.py:109} INFO - [2022-03-03 15:41:44,882] {dag.py:2396} INFO - Sync 1 DAGs
[2022-03-03 15:41:44,920] {logging_mixin.py:109} INFO - [2022-03-03 15:41:44,920] {dag.py:2935} INFO - Setting next_dagrun for example_python_operator to None
[2022-03-03 15:41:44,941] {processor.py:171} INFO - Processing /home/airflow/.local/lib/python3.7/site-packages/airflow/example_dags/example_python_operator.py took 0.175 seconds
[2022-03-03 15:42:15,465] {processor.py:163} INFO - Started process (PID=2684) to work on /home/airflow/.local/lib/python3.7/site-packages/airflow/example_dags/example_python_operator.py
[2022-03-03 15:42:15,467] {processor.py:642} INFO - Processing file /home/airflow/.local/lib/python3.7/site-packages/airflow/example_dags/example_python_operator.py for tasks to queue
[2022-03-03 15:42:15,469] {logging_mixin.py:109} INFO - [2022-03-03 15:42:15,469] {dagbag.py:500} INFO - Filling up the DagBag from /home/airflow/.local/lib/python3.7/site-packages/airflow/example_dags/example_python_operator.py
[2022-03-03 15:42:15,500] {processor.py:654} INFO - DAG(s) dict_keys(['example_python_operator']) retrieved from /home/airflow/.local/lib/python3.7/site-packages/airflow/example_dags/example_python_operator.py
[2022-03-03 15:42:15,514] {logging_mixin.py:109} INFO - [2022-03-03 15:42:15,514] {dag.py:2396} INFO - Sync 1 DAGs
[2022-03-03 15:42:15,541] {logging_mixin.py:109} INFO - [2022-03-03 15:42:15,541] {dag.py:2935} INFO - Setting next_dagrun for example_python_operator to None
[2022-03-03 15:42:15,560] {processor.py:171} INFO - Processing /home/airflow/.local/lib/python3.7/site-packages/airflow/example_dags/example_python_operator.py took 0.099 seconds
[2022-03-03 15:42:45,985] {processor.py:163} INFO - Started process (PID=2743) to work on /home/airflow/.local/lib/python3.7/site-packages/airflow/example_dags/example_python_operator.py
[2022-03-03 15:42:45,986] {processor.py:642} INFO - Processing file /home/airflow/.local/lib/python3.7/site-packages/airflow/example_dags/example_python_operator.py for tasks to queue
[2022-03-03 15:42:45,998] {logging_mixin.py:109} INFO - [2022-03-03 15:42:45,998] {dagbag.py:500} INFO - Filling up the DagBag from /home/airflow/.local/lib/python3.7/site-packages/airflow/example_dags/example_python_operator.py
[2022-03-03 15:42:46,080] {processor.py:654} INFO - DAG(s) dict_keys(['example_python_operator']) retrieved from /home/airflow/.local/lib/python3.7/site-packages/airflow/example_dags/example_python_operator.py
[2022-03-03 15:42:46,117] {logging_mixin.py:109} INFO - [2022-03-03 15:42:46,117] {dag.py:2396} INFO - Sync 1 DAGs
[2022-03-03 15:42:46,177] {logging_mixin.py:109} INFO - [2022-03-03 15:42:46,177] {dag.py:2935} INFO - Setting next_dagrun for example_python_operator to None
[2022-03-03 15:42:46,210] {processor.py:171} INFO - Processing /home/airflow/.local/lib/python3.7/site-packages/airflow/example_dags/example_python_operator.py took 0.235 seconds
[2022-03-03 15:43:16,304] {processor.py:163} INFO - Started process (PID=2813) to work on /home/airflow/.local/lib/python3.7/site-packages/airflow/example_dags/example_python_operator.py
[2022-03-03 15:43:16,309] {processor.py:642} INFO - Processing file /home/airflow/.local/lib/python3.7/site-packages/airflow/example_dags/example_python_operator.py for tasks to queue
[2022-03-03 15:43:16,313] {logging_mixin.py:109} INFO - [2022-03-03 15:43:16,312] {dagbag.py:500} INFO - Filling up the DagBag from /home/airflow/.local/lib/python3.7/site-packages/airflow/example_dags/example_python_operator.py
[2022-03-03 15:43:16,414] {processor.py:654} INFO - DAG(s) dict_keys(['example_python_operator']) retrieved from /home/airflow/.local/lib/python3.7/site-packages/airflow/example_dags/example_python_operator.py
[2022-03-03 15:43:16,451] {logging_mixin.py:109} INFO - [2022-03-03 15:43:16,451] {dag.py:2396} INFO - Sync 1 DAGs
[2022-03-03 15:43:16,492] {logging_mixin.py:109} INFO - [2022-03-03 15:43:16,492] {dag.py:2935} INFO - Setting next_dagrun for example_python_operator to None
[2022-03-03 15:43:16,515] {processor.py:171} INFO - Processing /home/airflow/.local/lib/python3.7/site-packages/airflow/example_dags/example_python_operator.py took 0.221 seconds
[2022-03-03 15:43:47,210] {processor.py:163} INFO - Started process (PID=2870) to work on /home/airflow/.local/lib/python3.7/site-packages/airflow/example_dags/example_python_operator.py
[2022-03-03 15:43:47,220] {processor.py:642} INFO - Processing file /home/airflow/.local/lib/python3.7/site-packages/airflow/example_dags/example_python_operator.py for tasks to queue
[2022-03-03 15:43:47,224] {logging_mixin.py:109} INFO - [2022-03-03 15:43:47,224] {dagbag.py:500} INFO - Filling up the DagBag from /home/airflow/.local/lib/python3.7/site-packages/airflow/example_dags/example_python_operator.py
[2022-03-03 15:43:47,374] {processor.py:654} INFO - DAG(s) dict_keys(['example_python_operator']) retrieved from /home/airflow/.local/lib/python3.7/site-packages/airflow/example_dags/example_python_operator.py
[2022-03-03 15:43:47,446] {logging_mixin.py:109} INFO - [2022-03-03 15:43:47,446] {dag.py:2396} INFO - Sync 1 DAGs
[2022-03-03 15:43:47,528] {logging_mixin.py:109} INFO - [2022-03-03 15:43:47,528] {dag.py:2935} INFO - Setting next_dagrun for example_python_operator to None
[2022-03-03 15:43:47,555] {processor.py:171} INFO - Processing /home/airflow/.local/lib/python3.7/site-packages/airflow/example_dags/example_python_operator.py took 0.353 seconds
[2022-03-03 15:44:17,853] {processor.py:163} INFO - Started process (PID=2927) to work on /home/airflow/.local/lib/python3.7/site-packages/airflow/example_dags/example_python_operator.py
[2022-03-03 15:44:17,860] {processor.py:642} INFO - Processing file /home/airflow/.local/lib/python3.7/site-packages/airflow/example_dags/example_python_operator.py for tasks to queue
[2022-03-03 15:44:17,862] {logging_mixin.py:109} INFO - [2022-03-03 15:44:17,861] {dagbag.py:500} INFO - Filling up the DagBag from /home/airflow/.local/lib/python3.7/site-packages/airflow/example_dags/example_python_operator.py
[2022-03-03 15:44:17,979] {processor.py:654} INFO - DAG(s) dict_keys(['example_python_operator']) retrieved from /home/airflow/.local/lib/python3.7/site-packages/airflow/example_dags/example_python_operator.py
[2022-03-03 15:44:18,003] {logging_mixin.py:109} INFO - [2022-03-03 15:44:18,003] {dag.py:2396} INFO - Sync 1 DAGs
[2022-03-03 15:44:18,038] {logging_mixin.py:109} INFO - [2022-03-03 15:44:18,038] {dag.py:2935} INFO - Setting next_dagrun for example_python_operator to None
[2022-03-03 15:44:18,057] {processor.py:171} INFO - Processing /home/airflow/.local/lib/python3.7/site-packages/airflow/example_dags/example_python_operator.py took 0.213 seconds
[2022-03-03 15:44:48,393] {processor.py:163} INFO - Started process (PID=2985) to work on /home/airflow/.local/lib/python3.7/site-packages/airflow/example_dags/example_python_operator.py
[2022-03-03 15:44:48,394] {processor.py:642} INFO - Processing file /home/airflow/.local/lib/python3.7/site-packages/airflow/example_dags/example_python_operator.py for tasks to queue
[2022-03-03 15:44:48,396] {logging_mixin.py:109} INFO - [2022-03-03 15:44:48,396] {dagbag.py:500} INFO - Filling up the DagBag from /home/airflow/.local/lib/python3.7/site-packages/airflow/example_dags/example_python_operator.py
[2022-03-03 15:44:48,446] {processor.py:654} INFO - DAG(s) dict_keys(['example_python_operator']) retrieved from /home/airflow/.local/lib/python3.7/site-packages/airflow/example_dags/example_python_operator.py
[2022-03-03 15:44:48,465] {logging_mixin.py:109} INFO - [2022-03-03 15:44:48,465] {dag.py:2396} INFO - Sync 1 DAGs
[2022-03-03 15:44:48,490] {logging_mixin.py:109} INFO - [2022-03-03 15:44:48,490] {dag.py:2935} INFO - Setting next_dagrun for example_python_operator to None
[2022-03-03 15:44:48,499] {processor.py:171} INFO - Processing /home/airflow/.local/lib/python3.7/site-packages/airflow/example_dags/example_python_operator.py took 0.113 seconds
[2022-03-03 15:45:18,545] {processor.py:163} INFO - Started process (PID=3039) to work on /home/airflow/.local/lib/python3.7/site-packages/airflow/example_dags/example_python_operator.py
[2022-03-03 15:45:18,547] {processor.py:642} INFO - Processing file /home/airflow/.local/lib/python3.7/site-packages/airflow/example_dags/example_python_operator.py for tasks to queue
[2022-03-03 15:45:18,549] {logging_mixin.py:109} INFO - [2022-03-03 15:45:18,549] {dagbag.py:500} INFO - Filling up the DagBag from /home/airflow/.local/lib/python3.7/site-packages/airflow/example_dags/example_python_operator.py
[2022-03-03 15:45:18,588] {processor.py:654} INFO - DAG(s) dict_keys(['example_python_operator']) retrieved from /home/airflow/.local/lib/python3.7/site-packages/airflow/example_dags/example_python_operator.py
[2022-03-03 15:45:18,606] {logging_mixin.py:109} INFO - [2022-03-03 15:45:18,606] {dag.py:2396} INFO - Sync 1 DAGs
[2022-03-03 15:45:18,627] {logging_mixin.py:109} INFO - [2022-03-03 15:45:18,627] {dag.py:2935} INFO - Setting next_dagrun for example_python_operator to None
[2022-03-03 15:45:18,641] {processor.py:171} INFO - Processing /home/airflow/.local/lib/python3.7/site-packages/airflow/example_dags/example_python_operator.py took 0.101 seconds
[2022-03-03 15:45:48,961] {processor.py:163} INFO - Started process (PID=3095) to work on /home/airflow/.local/lib/python3.7/site-packages/airflow/example_dags/example_python_operator.py
[2022-03-03 15:45:48,964] {processor.py:642} INFO - Processing file /home/airflow/.local/lib/python3.7/site-packages/airflow/example_dags/example_python_operator.py for tasks to queue
[2022-03-03 15:45:48,965] {logging_mixin.py:109} INFO - [2022-03-03 15:45:48,965] {dagbag.py:500} INFO - Filling up the DagBag from /home/airflow/.local/lib/python3.7/site-packages/airflow/example_dags/example_python_operator.py
[2022-03-03 15:45:49,000] {processor.py:654} INFO - DAG(s) dict_keys(['example_python_operator']) retrieved from /home/airflow/.local/lib/python3.7/site-packages/airflow/example_dags/example_python_operator.py
[2022-03-03 15:45:49,011] {logging_mixin.py:109} INFO - [2022-03-03 15:45:49,011] {dag.py:2396} INFO - Sync 1 DAGs
[2022-03-03 15:45:49,025] {logging_mixin.py:109} INFO - [2022-03-03 15:45:49,025] {dag.py:2935} INFO - Setting next_dagrun for example_python_operator to None
[2022-03-03 15:45:49,034] {processor.py:171} INFO - Processing /home/airflow/.local/lib/python3.7/site-packages/airflow/example_dags/example_python_operator.py took 0.079 seconds
[2022-03-03 15:46:19,223] {processor.py:163} INFO - Started process (PID=3167) to work on /home/airflow/.local/lib/python3.7/site-packages/airflow/example_dags/example_python_operator.py
[2022-03-03 15:46:19,234] {processor.py:642} INFO - Processing file /home/airflow/.local/lib/python3.7/site-packages/airflow/example_dags/example_python_operator.py for tasks to queue
[2022-03-03 15:46:19,235] {logging_mixin.py:109} INFO - [2022-03-03 15:46:19,235] {dagbag.py:500} INFO - Filling up the DagBag from /home/airflow/.local/lib/python3.7/site-packages/airflow/example_dags/example_python_operator.py
[2022-03-03 15:46:19,369] {processor.py:654} INFO - DAG(s) dict_keys(['example_python_operator']) retrieved from /home/airflow/.local/lib/python3.7/site-packages/airflow/example_dags/example_python_operator.py
[2022-03-03 15:46:19,418] {logging_mixin.py:109} INFO - [2022-03-03 15:46:19,417] {dag.py:2396} INFO - Sync 1 DAGs
[2022-03-03 15:46:19,480] {logging_mixin.py:109} INFO - [2022-03-03 15:46:19,479] {dag.py:2935} INFO - Setting next_dagrun for example_python_operator to None
[2022-03-03 15:46:19,519] {processor.py:171} INFO - Processing /home/airflow/.local/lib/python3.7/site-packages/airflow/example_dags/example_python_operator.py took 0.300 seconds
[2022-03-03 15:46:49,803] {processor.py:163} INFO - Started process (PID=3224) to work on /home/airflow/.local/lib/python3.7/site-packages/airflow/example_dags/example_python_operator.py
[2022-03-03 15:46:49,811] {processor.py:642} INFO - Processing file /home/airflow/.local/lib/python3.7/site-packages/airflow/example_dags/example_python_operator.py for tasks to queue
[2022-03-03 15:46:49,815] {logging_mixin.py:109} INFO - [2022-03-03 15:46:49,815] {dagbag.py:500} INFO - Filling up the DagBag from /home/airflow/.local/lib/python3.7/site-packages/airflow/example_dags/example_python_operator.py
[2022-03-03 15:46:49,899] {processor.py:654} INFO - DAG(s) dict_keys(['example_python_operator']) retrieved from /home/airflow/.local/lib/python3.7/site-packages/airflow/example_dags/example_python_operator.py
[2022-03-03 15:46:49,924] {logging_mixin.py:109} INFO - [2022-03-03 15:46:49,923] {dag.py:2396} INFO - Sync 1 DAGs
[2022-03-03 15:46:49,944] {logging_mixin.py:109} INFO - [2022-03-03 15:46:49,943] {dag.py:2935} INFO - Setting next_dagrun for example_python_operator to None
[2022-03-03 15:46:49,954] {processor.py:171} INFO - Processing /home/airflow/.local/lib/python3.7/site-packages/airflow/example_dags/example_python_operator.py took 0.173 seconds
[2022-03-03 15:47:20,080] {processor.py:163} INFO - Started process (PID=3280) to work on /home/airflow/.local/lib/python3.7/site-packages/airflow/example_dags/example_python_operator.py
[2022-03-03 15:47:20,086] {processor.py:642} INFO - Processing file /home/airflow/.local/lib/python3.7/site-packages/airflow/example_dags/example_python_operator.py for tasks to queue
[2022-03-03 15:47:20,089] {logging_mixin.py:109} INFO - [2022-03-03 15:47:20,089] {dagbag.py:500} INFO - Filling up the DagBag from /home/airflow/.local/lib/python3.7/site-packages/airflow/example_dags/example_python_operator.py
[2022-03-03 15:47:20,194] {processor.py:654} INFO - DAG(s) dict_keys(['example_python_operator']) retrieved from /home/airflow/.local/lib/python3.7/site-packages/airflow/example_dags/example_python_operator.py
[2022-03-03 15:47:20,233] {logging_mixin.py:109} INFO - [2022-03-03 15:47:20,233] {dag.py:2396} INFO - Sync 1 DAGs
[2022-03-03 15:47:20,276] {logging_mixin.py:109} INFO - [2022-03-03 15:47:20,276] {dag.py:2935} INFO - Setting next_dagrun for example_python_operator to None
[2022-03-03 15:47:20,292] {processor.py:171} INFO - Processing /home/airflow/.local/lib/python3.7/site-packages/airflow/example_dags/example_python_operator.py took 0.218 seconds
[2022-03-03 15:47:50,666] {processor.py:163} INFO - Started process (PID=3345) to work on /home/airflow/.local/lib/python3.7/site-packages/airflow/example_dags/example_python_operator.py
[2022-03-03 15:47:50,669] {processor.py:642} INFO - Processing file /home/airflow/.local/lib/python3.7/site-packages/airflow/example_dags/example_python_operator.py for tasks to queue
[2022-03-03 15:47:50,672] {logging_mixin.py:109} INFO - [2022-03-03 15:47:50,672] {dagbag.py:500} INFO - Filling up the DagBag from /home/airflow/.local/lib/python3.7/site-packages/airflow/example_dags/example_python_operator.py
[2022-03-03 15:47:50,746] {processor.py:654} INFO - DAG(s) dict_keys(['example_python_operator']) retrieved from /home/airflow/.local/lib/python3.7/site-packages/airflow/example_dags/example_python_operator.py
[2022-03-03 15:47:50,769] {logging_mixin.py:109} INFO - [2022-03-03 15:47:50,769] {dag.py:2396} INFO - Sync 1 DAGs
[2022-03-03 15:47:50,787] {logging_mixin.py:109} INFO - [2022-03-03 15:47:50,786] {dag.py:2935} INFO - Setting next_dagrun for example_python_operator to None
[2022-03-03 15:47:50,796] {processor.py:171} INFO - Processing /home/airflow/.local/lib/python3.7/site-packages/airflow/example_dags/example_python_operator.py took 0.139 seconds
[2022-03-03 15:48:21,329] {processor.py:163} INFO - Started process (PID=3401) to work on /home/airflow/.local/lib/python3.7/site-packages/airflow/example_dags/example_python_operator.py
[2022-03-03 15:48:21,330] {processor.py:642} INFO - Processing file /home/airflow/.local/lib/python3.7/site-packages/airflow/example_dags/example_python_operator.py for tasks to queue
[2022-03-03 15:48:21,332] {logging_mixin.py:109} INFO - [2022-03-03 15:48:21,331] {dagbag.py:500} INFO - Filling up the DagBag from /home/airflow/.local/lib/python3.7/site-packages/airflow/example_dags/example_python_operator.py
[2022-03-03 15:48:21,364] {processor.py:654} INFO - DAG(s) dict_keys(['example_python_operator']) retrieved from /home/airflow/.local/lib/python3.7/site-packages/airflow/example_dags/example_python_operator.py
[2022-03-03 15:48:21,377] {logging_mixin.py:109} INFO - [2022-03-03 15:48:21,376] {dag.py:2396} INFO - Sync 1 DAGs
[2022-03-03 15:48:21,395] {logging_mixin.py:109} INFO - [2022-03-03 15:48:21,394] {dag.py:2935} INFO - Setting next_dagrun for example_python_operator to None
[2022-03-03 15:48:21,406] {processor.py:171} INFO - Processing /home/airflow/.local/lib/python3.7/site-packages/airflow/example_dags/example_python_operator.py took 0.082 seconds
[2022-03-03 15:48:52,102] {processor.py:163} INFO - Started process (PID=3457) to work on /home/airflow/.local/lib/python3.7/site-packages/airflow/example_dags/example_python_operator.py
[2022-03-03 15:48:52,105] {processor.py:642} INFO - Processing file /home/airflow/.local/lib/python3.7/site-packages/airflow/example_dags/example_python_operator.py for tasks to queue
[2022-03-03 15:48:52,107] {logging_mixin.py:109} INFO - [2022-03-03 15:48:52,107] {dagbag.py:500} INFO - Filling up the DagBag from /home/airflow/.local/lib/python3.7/site-packages/airflow/example_dags/example_python_operator.py
[2022-03-03 15:48:52,167] {processor.py:654} INFO - DAG(s) dict_keys(['example_python_operator']) retrieved from /home/airflow/.local/lib/python3.7/site-packages/airflow/example_dags/example_python_operator.py
[2022-03-03 15:48:52,190] {logging_mixin.py:109} INFO - [2022-03-03 15:48:52,189] {dag.py:2396} INFO - Sync 1 DAGs
[2022-03-03 15:48:52,221] {logging_mixin.py:109} INFO - [2022-03-03 15:48:52,221] {dag.py:2935} INFO - Setting next_dagrun for example_python_operator to None
[2022-03-03 15:48:52,244] {processor.py:171} INFO - Processing /home/airflow/.local/lib/python3.7/site-packages/airflow/example_dags/example_python_operator.py took 0.154 seconds
[2022-03-03 15:49:22,927] {processor.py:163} INFO - Started process (PID=3519) to work on /home/airflow/.local/lib/python3.7/site-packages/airflow/example_dags/example_python_operator.py
[2022-03-03 15:49:22,929] {processor.py:642} INFO - Processing file /home/airflow/.local/lib/python3.7/site-packages/airflow/example_dags/example_python_operator.py for tasks to queue
[2022-03-03 15:49:22,931] {logging_mixin.py:109} INFO - [2022-03-03 15:49:22,931] {dagbag.py:500} INFO - Filling up the DagBag from /home/airflow/.local/lib/python3.7/site-packages/airflow/example_dags/example_python_operator.py
[2022-03-03 15:49:22,971] {processor.py:654} INFO - DAG(s) dict_keys(['example_python_operator']) retrieved from /home/airflow/.local/lib/python3.7/site-packages/airflow/example_dags/example_python_operator.py
[2022-03-03 15:49:22,981] {logging_mixin.py:109} INFO - [2022-03-03 15:49:22,981] {dag.py:2396} INFO - Sync 1 DAGs
[2022-03-03 15:49:22,995] {logging_mixin.py:109} INFO - [2022-03-03 15:49:22,995] {dag.py:2935} INFO - Setting next_dagrun for example_python_operator to None
[2022-03-03 15:49:23,003] {processor.py:171} INFO - Processing /home/airflow/.local/lib/python3.7/site-packages/airflow/example_dags/example_python_operator.py took 0.081 seconds
[2022-03-03 15:49:53,184] {processor.py:163} INFO - Started process (PID=3575) to work on /home/airflow/.local/lib/python3.7/site-packages/airflow/example_dags/example_python_operator.py
[2022-03-03 15:49:53,194] {processor.py:642} INFO - Processing file /home/airflow/.local/lib/python3.7/site-packages/airflow/example_dags/example_python_operator.py for tasks to queue
[2022-03-03 15:49:53,196] {logging_mixin.py:109} INFO - [2022-03-03 15:49:53,195] {dagbag.py:500} INFO - Filling up the DagBag from /home/airflow/.local/lib/python3.7/site-packages/airflow/example_dags/example_python_operator.py
[2022-03-03 15:49:53,253] {processor.py:654} INFO - DAG(s) dict_keys(['example_python_operator']) retrieved from /home/airflow/.local/lib/python3.7/site-packages/airflow/example_dags/example_python_operator.py
[2022-03-03 15:49:53,272] {logging_mixin.py:109} INFO - [2022-03-03 15:49:53,272] {dag.py:2396} INFO - Sync 1 DAGs
[2022-03-03 15:49:53,300] {logging_mixin.py:109} INFO - [2022-03-03 15:49:53,300] {dag.py:2935} INFO - Setting next_dagrun for example_python_operator to None
[2022-03-03 15:49:53,312] {processor.py:171} INFO - Processing /home/airflow/.local/lib/python3.7/site-packages/airflow/example_dags/example_python_operator.py took 0.131 seconds
[2022-03-03 15:50:23,401] {processor.py:163} INFO - Started process (PID=3635) to work on /home/airflow/.local/lib/python3.7/site-packages/airflow/example_dags/example_python_operator.py
[2022-03-03 15:50:23,404] {processor.py:642} INFO - Processing file /home/airflow/.local/lib/python3.7/site-packages/airflow/example_dags/example_python_operator.py for tasks to queue
[2022-03-03 15:50:23,405] {logging_mixin.py:109} INFO - [2022-03-03 15:50:23,405] {dagbag.py:500} INFO - Filling up the DagBag from /home/airflow/.local/lib/python3.7/site-packages/airflow/example_dags/example_python_operator.py
[2022-03-03 15:50:23,448] {processor.py:654} INFO - DAG(s) dict_keys(['example_python_operator']) retrieved from /home/airflow/.local/lib/python3.7/site-packages/airflow/example_dags/example_python_operator.py
[2022-03-03 15:50:23,465] {logging_mixin.py:109} INFO - [2022-03-03 15:50:23,465] {dag.py:2396} INFO - Sync 1 DAGs
[2022-03-03 15:50:23,483] {logging_mixin.py:109} INFO - [2022-03-03 15:50:23,483] {dag.py:2935} INFO - Setting next_dagrun for example_python_operator to None
[2022-03-03 15:50:23,500] {processor.py:171} INFO - Processing /home/airflow/.local/lib/python3.7/site-packages/airflow/example_dags/example_python_operator.py took 0.103 seconds
[2022-03-03 15:50:53,563] {processor.py:163} INFO - Started process (PID=3702) to work on /home/airflow/.local/lib/python3.7/site-packages/airflow/example_dags/example_python_operator.py
[2022-03-03 15:50:53,572] {processor.py:642} INFO - Processing file /home/airflow/.local/lib/python3.7/site-packages/airflow/example_dags/example_python_operator.py for tasks to queue
[2022-03-03 15:50:53,576] {logging_mixin.py:109} INFO - [2022-03-03 15:50:53,575] {dagbag.py:500} INFO - Filling up the DagBag from /home/airflow/.local/lib/python3.7/site-packages/airflow/example_dags/example_python_operator.py
[2022-03-03 15:50:53,773] {processor.py:654} INFO - DAG(s) dict_keys(['example_python_operator']) retrieved from /home/airflow/.local/lib/python3.7/site-packages/airflow/example_dags/example_python_operator.py
[2022-03-03 15:50:53,801] {logging_mixin.py:109} INFO - [2022-03-03 15:50:53,801] {dag.py:2396} INFO - Sync 1 DAGs
[2022-03-03 15:50:53,830] {logging_mixin.py:109} INFO - [2022-03-03 15:50:53,830] {dag.py:2935} INFO - Setting next_dagrun for example_python_operator to None
[2022-03-03 15:50:53,872] {processor.py:171} INFO - Processing /home/airflow/.local/lib/python3.7/site-packages/airflow/example_dags/example_python_operator.py took 0.324 seconds
