[2022-03-03 15:18:41,397] {processor.py:163} INFO - Started process (PID=76) to work on /home/airflow/.local/lib/python3.7/site-packages/airflow/example_dags/example_branch_operator.py
[2022-03-03 15:18:41,402] {processor.py:642} INFO - Processing file /home/airflow/.local/lib/python3.7/site-packages/airflow/example_dags/example_branch_operator.py for tasks to queue
[2022-03-03 15:18:41,411] {logging_mixin.py:109} INFO - [2022-03-03 15:18:41,409] {dagbag.py:500} INFO - Filling up the DagBag from /home/airflow/.local/lib/python3.7/site-packages/airflow/example_dags/example_branch_operator.py
[2022-03-03 15:18:41,605] {processor.py:654} INFO - DAG(s) dict_keys(['example_branch_operator']) retrieved from /home/airflow/.local/lib/python3.7/site-packages/airflow/example_dags/example_branch_operator.py
[2022-03-03 15:18:41,676] {logging_mixin.py:109} INFO - [2022-03-03 15:18:41,676] {dag.py:2396} INFO - Sync 1 DAGs
[2022-03-03 15:18:41,809] {logging_mixin.py:109} INFO - [2022-03-03 15:18:41,808] {dag.py:2935} INFO - Setting next_dagrun for example_branch_operator to 2022-03-02 00:00:00+00:00
[2022-03-03 15:18:41,888] {processor.py:171} INFO - Processing /home/airflow/.local/lib/python3.7/site-packages/airflow/example_dags/example_branch_operator.py took 0.532 seconds
[2022-03-03 15:19:12,690] {processor.py:163} INFO - Started process (PID=120) to work on /home/airflow/.local/lib/python3.7/site-packages/airflow/example_dags/example_branch_operator.py
[2022-03-03 15:19:12,702] {processor.py:642} INFO - Processing file /home/airflow/.local/lib/python3.7/site-packages/airflow/example_dags/example_branch_operator.py for tasks to queue
[2022-03-03 15:19:12,708] {logging_mixin.py:109} INFO - [2022-03-03 15:19:12,708] {dagbag.py:500} INFO - Filling up the DagBag from /home/airflow/.local/lib/python3.7/site-packages/airflow/example_dags/example_branch_operator.py
[2022-03-03 15:19:12,906] {processor.py:654} INFO - DAG(s) dict_keys(['example_branch_operator']) retrieved from /home/airflow/.local/lib/python3.7/site-packages/airflow/example_dags/example_branch_operator.py
[2022-03-03 15:19:13,004] {logging_mixin.py:109} INFO - [2022-03-03 15:19:13,002] {dag.py:2396} INFO - Sync 1 DAGs
[2022-03-03 15:19:13,137] {logging_mixin.py:109} INFO - [2022-03-03 15:19:13,137] {dag.py:2935} INFO - Setting next_dagrun for example_branch_operator to 2022-03-02 00:00:00+00:00
[2022-03-03 15:19:13,239] {processor.py:171} INFO - Processing /home/airflow/.local/lib/python3.7/site-packages/airflow/example_dags/example_branch_operator.py took 0.557 seconds
[2022-03-03 15:19:44,063] {processor.py:163} INFO - Started process (PID=174) to work on /home/airflow/.local/lib/python3.7/site-packages/airflow/example_dags/example_branch_operator.py
[2022-03-03 15:19:44,067] {processor.py:642} INFO - Processing file /home/airflow/.local/lib/python3.7/site-packages/airflow/example_dags/example_branch_operator.py for tasks to queue
[2022-03-03 15:19:44,071] {logging_mixin.py:109} INFO - [2022-03-03 15:19:44,068] {dagbag.py:500} INFO - Filling up the DagBag from /home/airflow/.local/lib/python3.7/site-packages/airflow/example_dags/example_branch_operator.py
[2022-03-03 15:19:44,151] {processor.py:654} INFO - DAG(s) dict_keys(['example_branch_operator']) retrieved from /home/airflow/.local/lib/python3.7/site-packages/airflow/example_dags/example_branch_operator.py
[2022-03-03 15:19:44,179] {logging_mixin.py:109} INFO - [2022-03-03 15:19:44,179] {dag.py:2396} INFO - Sync 1 DAGs
[2022-03-03 15:19:44,244] {logging_mixin.py:109} INFO - [2022-03-03 15:19:44,244] {dag.py:2935} INFO - Setting next_dagrun for example_branch_operator to 2022-03-02 00:00:00+00:00
[2022-03-03 15:19:44,271] {processor.py:171} INFO - Processing /home/airflow/.local/lib/python3.7/site-packages/airflow/example_dags/example_branch_operator.py took 0.222 seconds
[2022-03-03 15:20:15,330] {processor.py:163} INFO - Started process (PID=235) to work on /home/airflow/.local/lib/python3.7/site-packages/airflow/example_dags/example_branch_operator.py
[2022-03-03 15:20:15,332] {processor.py:642} INFO - Processing file /home/airflow/.local/lib/python3.7/site-packages/airflow/example_dags/example_branch_operator.py for tasks to queue
[2022-03-03 15:20:15,334] {logging_mixin.py:109} INFO - [2022-03-03 15:20:15,334] {dagbag.py:500} INFO - Filling up the DagBag from /home/airflow/.local/lib/python3.7/site-packages/airflow/example_dags/example_branch_operator.py
[2022-03-03 15:20:15,365] {processor.py:654} INFO - DAG(s) dict_keys(['example_branch_operator']) retrieved from /home/airflow/.local/lib/python3.7/site-packages/airflow/example_dags/example_branch_operator.py
[2022-03-03 15:20:15,409] {logging_mixin.py:109} INFO - [2022-03-03 15:20:15,409] {dag.py:2396} INFO - Sync 1 DAGs
[2022-03-03 15:20:15,425] {logging_mixin.py:109} INFO - [2022-03-03 15:20:15,425] {dag.py:2935} INFO - Setting next_dagrun for example_branch_operator to 2022-03-02 00:00:00+00:00
[2022-03-03 15:20:15,438] {processor.py:171} INFO - Processing /home/airflow/.local/lib/python3.7/site-packages/airflow/example_dags/example_branch_operator.py took 0.113 seconds
[2022-03-03 15:20:45,550] {processor.py:163} INFO - Started process (PID=286) to work on /home/airflow/.local/lib/python3.7/site-packages/airflow/example_dags/example_branch_operator.py
[2022-03-03 15:20:45,551] {processor.py:642} INFO - Processing file /home/airflow/.local/lib/python3.7/site-packages/airflow/example_dags/example_branch_operator.py for tasks to queue
[2022-03-03 15:20:45,554] {logging_mixin.py:109} INFO - [2022-03-03 15:20:45,554] {dagbag.py:500} INFO - Filling up the DagBag from /home/airflow/.local/lib/python3.7/site-packages/airflow/example_dags/example_branch_operator.py
[2022-03-03 15:20:45,606] {processor.py:654} INFO - DAG(s) dict_keys(['example_branch_operator']) retrieved from /home/airflow/.local/lib/python3.7/site-packages/airflow/example_dags/example_branch_operator.py
[2022-03-03 15:20:45,625] {logging_mixin.py:109} INFO - [2022-03-03 15:20:45,625] {dag.py:2396} INFO - Sync 1 DAGs
[2022-03-03 15:20:45,678] {logging_mixin.py:109} INFO - [2022-03-03 15:20:45,677] {dag.py:2935} INFO - Setting next_dagrun for example_branch_operator to 2022-03-02 00:00:00+00:00
[2022-03-03 15:20:45,702] {processor.py:171} INFO - Processing /home/airflow/.local/lib/python3.7/site-packages/airflow/example_dags/example_branch_operator.py took 0.157 seconds
[2022-03-03 15:21:15,793] {processor.py:163} INFO - Started process (PID=341) to work on /home/airflow/.local/lib/python3.7/site-packages/airflow/example_dags/example_branch_operator.py
[2022-03-03 15:21:15,798] {processor.py:642} INFO - Processing file /home/airflow/.local/lib/python3.7/site-packages/airflow/example_dags/example_branch_operator.py for tasks to queue
[2022-03-03 15:21:15,800] {logging_mixin.py:109} INFO - [2022-03-03 15:21:15,800] {dagbag.py:500} INFO - Filling up the DagBag from /home/airflow/.local/lib/python3.7/site-packages/airflow/example_dags/example_branch_operator.py
[2022-03-03 15:21:15,839] {processor.py:654} INFO - DAG(s) dict_keys(['example_branch_operator']) retrieved from /home/airflow/.local/lib/python3.7/site-packages/airflow/example_dags/example_branch_operator.py
[2022-03-03 15:21:15,851] {logging_mixin.py:109} INFO - [2022-03-03 15:21:15,850] {dag.py:2396} INFO - Sync 1 DAGs
[2022-03-03 15:21:15,868] {logging_mixin.py:109} INFO - [2022-03-03 15:21:15,868] {dag.py:2935} INFO - Setting next_dagrun for example_branch_operator to 2022-03-02 00:00:00+00:00
[2022-03-03 15:21:15,879] {processor.py:171} INFO - Processing /home/airflow/.local/lib/python3.7/site-packages/airflow/example_dags/example_branch_operator.py took 0.091 seconds
[2022-03-03 15:21:46,402] {processor.py:163} INFO - Started process (PID=397) to work on /home/airflow/.local/lib/python3.7/site-packages/airflow/example_dags/example_branch_operator.py
[2022-03-03 15:21:46,405] {processor.py:642} INFO - Processing file /home/airflow/.local/lib/python3.7/site-packages/airflow/example_dags/example_branch_operator.py for tasks to queue
[2022-03-03 15:21:46,407] {logging_mixin.py:109} INFO - [2022-03-03 15:21:46,407] {dagbag.py:500} INFO - Filling up the DagBag from /home/airflow/.local/lib/python3.7/site-packages/airflow/example_dags/example_branch_operator.py
[2022-03-03 15:21:46,446] {processor.py:654} INFO - DAG(s) dict_keys(['example_branch_operator']) retrieved from /home/airflow/.local/lib/python3.7/site-packages/airflow/example_dags/example_branch_operator.py
[2022-03-03 15:21:46,459] {logging_mixin.py:109} INFO - [2022-03-03 15:21:46,459] {dag.py:2396} INFO - Sync 1 DAGs
[2022-03-03 15:21:46,483] {logging_mixin.py:109} INFO - [2022-03-03 15:21:46,483] {dag.py:2935} INFO - Setting next_dagrun for example_branch_operator to 2022-03-02 00:00:00+00:00
[2022-03-03 15:21:46,492] {processor.py:171} INFO - Processing /home/airflow/.local/lib/python3.7/site-packages/airflow/example_dags/example_branch_operator.py took 0.095 seconds
[2022-03-03 15:22:16,739] {processor.py:163} INFO - Started process (PID=452) to work on /home/airflow/.local/lib/python3.7/site-packages/airflow/example_dags/example_branch_operator.py
[2022-03-03 15:22:16,742] {processor.py:642} INFO - Processing file /home/airflow/.local/lib/python3.7/site-packages/airflow/example_dags/example_branch_operator.py for tasks to queue
[2022-03-03 15:22:16,744] {logging_mixin.py:109} INFO - [2022-03-03 15:22:16,744] {dagbag.py:500} INFO - Filling up the DagBag from /home/airflow/.local/lib/python3.7/site-packages/airflow/example_dags/example_branch_operator.py
[2022-03-03 15:22:16,793] {processor.py:654} INFO - DAG(s) dict_keys(['example_branch_operator']) retrieved from /home/airflow/.local/lib/python3.7/site-packages/airflow/example_dags/example_branch_operator.py
[2022-03-03 15:22:16,815] {logging_mixin.py:109} INFO - [2022-03-03 15:22:16,815] {dag.py:2396} INFO - Sync 1 DAGs
[2022-03-03 15:22:16,845] {logging_mixin.py:109} INFO - [2022-03-03 15:22:16,845] {dag.py:2935} INFO - Setting next_dagrun for example_branch_operator to 2022-03-02 00:00:00+00:00
[2022-03-03 15:22:16,862] {processor.py:171} INFO - Processing /home/airflow/.local/lib/python3.7/site-packages/airflow/example_dags/example_branch_operator.py took 0.131 seconds
[2022-03-03 15:22:47,279] {processor.py:163} INFO - Started process (PID=520) to work on /home/airflow/.local/lib/python3.7/site-packages/airflow/example_dags/example_branch_operator.py
[2022-03-03 15:22:47,281] {processor.py:642} INFO - Processing file /home/airflow/.local/lib/python3.7/site-packages/airflow/example_dags/example_branch_operator.py for tasks to queue
[2022-03-03 15:22:47,283] {logging_mixin.py:109} INFO - [2022-03-03 15:22:47,283] {dagbag.py:500} INFO - Filling up the DagBag from /home/airflow/.local/lib/python3.7/site-packages/airflow/example_dags/example_branch_operator.py
[2022-03-03 15:22:47,315] {processor.py:654} INFO - DAG(s) dict_keys(['example_branch_operator']) retrieved from /home/airflow/.local/lib/python3.7/site-packages/airflow/example_dags/example_branch_operator.py
[2022-03-03 15:22:47,326] {logging_mixin.py:109} INFO - [2022-03-03 15:22:47,326] {dag.py:2396} INFO - Sync 1 DAGs
[2022-03-03 15:22:47,346] {logging_mixin.py:109} INFO - [2022-03-03 15:22:47,346] {dag.py:2935} INFO - Setting next_dagrun for example_branch_operator to 2022-03-02 00:00:00+00:00
[2022-03-03 15:22:47,354] {processor.py:171} INFO - Processing /home/airflow/.local/lib/python3.7/site-packages/airflow/example_dags/example_branch_operator.py took 0.081 seconds
[2022-03-03 15:23:17,840] {processor.py:163} INFO - Started process (PID=574) to work on /home/airflow/.local/lib/python3.7/site-packages/airflow/example_dags/example_branch_operator.py
[2022-03-03 15:23:17,842] {processor.py:642} INFO - Processing file /home/airflow/.local/lib/python3.7/site-packages/airflow/example_dags/example_branch_operator.py for tasks to queue
[2022-03-03 15:23:17,843] {logging_mixin.py:109} INFO - [2022-03-03 15:23:17,843] {dagbag.py:500} INFO - Filling up the DagBag from /home/airflow/.local/lib/python3.7/site-packages/airflow/example_dags/example_branch_operator.py
[2022-03-03 15:23:17,876] {processor.py:654} INFO - DAG(s) dict_keys(['example_branch_operator']) retrieved from /home/airflow/.local/lib/python3.7/site-packages/airflow/example_dags/example_branch_operator.py
[2022-03-03 15:23:17,892] {logging_mixin.py:109} INFO - [2022-03-03 15:23:17,892] {dag.py:2396} INFO - Sync 1 DAGs
[2022-03-03 15:23:17,913] {logging_mixin.py:109} INFO - [2022-03-03 15:23:17,913] {dag.py:2935} INFO - Setting next_dagrun for example_branch_operator to 2022-03-02 00:00:00+00:00
[2022-03-03 15:23:17,925] {processor.py:171} INFO - Processing /home/airflow/.local/lib/python3.7/site-packages/airflow/example_dags/example_branch_operator.py took 0.088 seconds
[2022-03-03 15:23:48,281] {processor.py:163} INFO - Started process (PID=628) to work on /home/airflow/.local/lib/python3.7/site-packages/airflow/example_dags/example_branch_operator.py
[2022-03-03 15:23:48,284] {processor.py:642} INFO - Processing file /home/airflow/.local/lib/python3.7/site-packages/airflow/example_dags/example_branch_operator.py for tasks to queue
[2022-03-03 15:23:48,286] {logging_mixin.py:109} INFO - [2022-03-03 15:23:48,285] {dagbag.py:500} INFO - Filling up the DagBag from /home/airflow/.local/lib/python3.7/site-packages/airflow/example_dags/example_branch_operator.py
[2022-03-03 15:23:48,334] {processor.py:654} INFO - DAG(s) dict_keys(['example_branch_operator']) retrieved from /home/airflow/.local/lib/python3.7/site-packages/airflow/example_dags/example_branch_operator.py
[2022-03-03 15:23:48,351] {logging_mixin.py:109} INFO - [2022-03-03 15:23:48,351] {dag.py:2396} INFO - Sync 1 DAGs
[2022-03-03 15:23:48,391] {logging_mixin.py:109} INFO - [2022-03-03 15:23:48,391] {dag.py:2935} INFO - Setting next_dagrun for example_branch_operator to 2022-03-02 00:00:00+00:00
[2022-03-03 15:23:48,403] {processor.py:171} INFO - Processing /home/airflow/.local/lib/python3.7/site-packages/airflow/example_dags/example_branch_operator.py took 0.127 seconds
[2022-03-03 15:24:19,054] {processor.py:163} INFO - Started process (PID=684) to work on /home/airflow/.local/lib/python3.7/site-packages/airflow/example_dags/example_branch_operator.py
[2022-03-03 15:24:19,059] {processor.py:642} INFO - Processing file /home/airflow/.local/lib/python3.7/site-packages/airflow/example_dags/example_branch_operator.py for tasks to queue
[2022-03-03 15:24:19,060] {logging_mixin.py:109} INFO - [2022-03-03 15:24:19,060] {dagbag.py:500} INFO - Filling up the DagBag from /home/airflow/.local/lib/python3.7/site-packages/airflow/example_dags/example_branch_operator.py
[2022-03-03 15:24:19,143] {processor.py:654} INFO - DAG(s) dict_keys(['example_branch_operator']) retrieved from /home/airflow/.local/lib/python3.7/site-packages/airflow/example_dags/example_branch_operator.py
[2022-03-03 15:24:19,166] {logging_mixin.py:109} INFO - [2022-03-03 15:24:19,165] {dag.py:2396} INFO - Sync 1 DAGs
[2022-03-03 15:24:19,221] {logging_mixin.py:109} INFO - [2022-03-03 15:24:19,221] {dag.py:2935} INFO - Setting next_dagrun for example_branch_operator to 2022-03-02 00:00:00+00:00
[2022-03-03 15:24:19,245] {processor.py:171} INFO - Processing /home/airflow/.local/lib/python3.7/site-packages/airflow/example_dags/example_branch_operator.py took 0.203 seconds
[2022-03-03 15:24:49,483] {processor.py:163} INFO - Started process (PID=746) to work on /home/airflow/.local/lib/python3.7/site-packages/airflow/example_dags/example_branch_operator.py
[2022-03-03 15:24:49,488] {processor.py:642} INFO - Processing file /home/airflow/.local/lib/python3.7/site-packages/airflow/example_dags/example_branch_operator.py for tasks to queue
[2022-03-03 15:24:49,490] {logging_mixin.py:109} INFO - [2022-03-03 15:24:49,490] {dagbag.py:500} INFO - Filling up the DagBag from /home/airflow/.local/lib/python3.7/site-packages/airflow/example_dags/example_branch_operator.py
[2022-03-03 15:24:49,563] {processor.py:654} INFO - DAG(s) dict_keys(['example_branch_operator']) retrieved from /home/airflow/.local/lib/python3.7/site-packages/airflow/example_dags/example_branch_operator.py
[2022-03-03 15:24:49,583] {logging_mixin.py:109} INFO - [2022-03-03 15:24:49,583] {dag.py:2396} INFO - Sync 1 DAGs
[2022-03-03 15:24:49,609] {logging_mixin.py:109} INFO - [2022-03-03 15:24:49,609] {dag.py:2935} INFO - Setting next_dagrun for example_branch_operator to 2022-03-02 00:00:00+00:00
[2022-03-03 15:24:49,633] {processor.py:171} INFO - Processing /home/airflow/.local/lib/python3.7/site-packages/airflow/example_dags/example_branch_operator.py took 0.153 seconds
[2022-03-03 15:25:19,717] {processor.py:163} INFO - Started process (PID=801) to work on /home/airflow/.local/lib/python3.7/site-packages/airflow/example_dags/example_branch_operator.py
[2022-03-03 15:25:19,719] {processor.py:642} INFO - Processing file /home/airflow/.local/lib/python3.7/site-packages/airflow/example_dags/example_branch_operator.py for tasks to queue
[2022-03-03 15:25:19,721] {logging_mixin.py:109} INFO - [2022-03-03 15:25:19,721] {dagbag.py:500} INFO - Filling up the DagBag from /home/airflow/.local/lib/python3.7/site-packages/airflow/example_dags/example_branch_operator.py
[2022-03-03 15:25:19,762] {processor.py:654} INFO - DAG(s) dict_keys(['example_branch_operator']) retrieved from /home/airflow/.local/lib/python3.7/site-packages/airflow/example_dags/example_branch_operator.py
[2022-03-03 15:25:19,792] {logging_mixin.py:109} INFO - [2022-03-03 15:25:19,792] {dag.py:2396} INFO - Sync 1 DAGs
[2022-03-03 15:25:19,815] {logging_mixin.py:109} INFO - [2022-03-03 15:25:19,814] {dag.py:2935} INFO - Setting next_dagrun for example_branch_operator to 2022-03-02 00:00:00+00:00
[2022-03-03 15:25:19,829] {processor.py:171} INFO - Processing /home/airflow/.local/lib/python3.7/site-packages/airflow/example_dags/example_branch_operator.py took 0.116 seconds
[2022-03-03 15:25:50,456] {processor.py:163} INFO - Started process (PID=856) to work on /home/airflow/.local/lib/python3.7/site-packages/airflow/example_dags/example_branch_operator.py
[2022-03-03 15:25:50,459] {processor.py:642} INFO - Processing file /home/airflow/.local/lib/python3.7/site-packages/airflow/example_dags/example_branch_operator.py for tasks to queue
[2022-03-03 15:25:50,462] {logging_mixin.py:109} INFO - [2022-03-03 15:25:50,461] {dagbag.py:500} INFO - Filling up the DagBag from /home/airflow/.local/lib/python3.7/site-packages/airflow/example_dags/example_branch_operator.py
[2022-03-03 15:25:50,495] {processor.py:654} INFO - DAG(s) dict_keys(['example_branch_operator']) retrieved from /home/airflow/.local/lib/python3.7/site-packages/airflow/example_dags/example_branch_operator.py
[2022-03-03 15:25:50,509] {logging_mixin.py:109} INFO - [2022-03-03 15:25:50,509] {dag.py:2396} INFO - Sync 1 DAGs
[2022-03-03 15:25:50,527] {logging_mixin.py:109} INFO - [2022-03-03 15:25:50,527] {dag.py:2935} INFO - Setting next_dagrun for example_branch_operator to 2022-03-02 00:00:00+00:00
[2022-03-03 15:25:50,536] {processor.py:171} INFO - Processing /home/airflow/.local/lib/python3.7/site-packages/airflow/example_dags/example_branch_operator.py took 0.086 seconds
[2022-03-03 15:26:20,732] {processor.py:163} INFO - Started process (PID=909) to work on /home/airflow/.local/lib/python3.7/site-packages/airflow/example_dags/example_branch_operator.py
[2022-03-03 15:26:20,735] {processor.py:642} INFO - Processing file /home/airflow/.local/lib/python3.7/site-packages/airflow/example_dags/example_branch_operator.py for tasks to queue
[2022-03-03 15:26:20,737] {logging_mixin.py:109} INFO - [2022-03-03 15:26:20,736] {dagbag.py:500} INFO - Filling up the DagBag from /home/airflow/.local/lib/python3.7/site-packages/airflow/example_dags/example_branch_operator.py
[2022-03-03 15:26:20,769] {processor.py:654} INFO - DAG(s) dict_keys(['example_branch_operator']) retrieved from /home/airflow/.local/lib/python3.7/site-packages/airflow/example_dags/example_branch_operator.py
[2022-03-03 15:26:20,783] {logging_mixin.py:109} INFO - [2022-03-03 15:26:20,783] {dag.py:2396} INFO - Sync 1 DAGs
[2022-03-03 15:26:20,804] {logging_mixin.py:109} INFO - [2022-03-03 15:26:20,804] {dag.py:2935} INFO - Setting next_dagrun for example_branch_operator to 2022-03-02 00:00:00+00:00
[2022-03-03 15:26:20,815] {processor.py:171} INFO - Processing /home/airflow/.local/lib/python3.7/site-packages/airflow/example_dags/example_branch_operator.py took 0.089 seconds
[2022-03-03 15:26:51,161] {processor.py:163} INFO - Started process (PID=963) to work on /home/airflow/.local/lib/python3.7/site-packages/airflow/example_dags/example_branch_operator.py
[2022-03-03 15:26:51,163] {processor.py:642} INFO - Processing file /home/airflow/.local/lib/python3.7/site-packages/airflow/example_dags/example_branch_operator.py for tasks to queue
[2022-03-03 15:26:51,164] {logging_mixin.py:109} INFO - [2022-03-03 15:26:51,164] {dagbag.py:500} INFO - Filling up the DagBag from /home/airflow/.local/lib/python3.7/site-packages/airflow/example_dags/example_branch_operator.py
[2022-03-03 15:26:51,197] {processor.py:654} INFO - DAG(s) dict_keys(['example_branch_operator']) retrieved from /home/airflow/.local/lib/python3.7/site-packages/airflow/example_dags/example_branch_operator.py
[2022-03-03 15:26:51,209] {logging_mixin.py:109} INFO - [2022-03-03 15:26:51,209] {dag.py:2396} INFO - Sync 1 DAGs
[2022-03-03 15:26:51,228] {logging_mixin.py:109} INFO - [2022-03-03 15:26:51,228] {dag.py:2935} INFO - Setting next_dagrun for example_branch_operator to 2022-03-02 00:00:00+00:00
[2022-03-03 15:26:51,238] {processor.py:171} INFO - Processing /home/airflow/.local/lib/python3.7/site-packages/airflow/example_dags/example_branch_operator.py took 0.082 seconds
[2022-03-03 15:27:21,828] {processor.py:163} INFO - Started process (PID=1030) to work on /home/airflow/.local/lib/python3.7/site-packages/airflow/example_dags/example_branch_operator.py
[2022-03-03 15:27:21,833] {processor.py:642} INFO - Processing file /home/airflow/.local/lib/python3.7/site-packages/airflow/example_dags/example_branch_operator.py for tasks to queue
[2022-03-03 15:27:21,836] {logging_mixin.py:109} INFO - [2022-03-03 15:27:21,835] {dagbag.py:500} INFO - Filling up the DagBag from /home/airflow/.local/lib/python3.7/site-packages/airflow/example_dags/example_branch_operator.py
[2022-03-03 15:27:21,895] {processor.py:654} INFO - DAG(s) dict_keys(['example_branch_operator']) retrieved from /home/airflow/.local/lib/python3.7/site-packages/airflow/example_dags/example_branch_operator.py
[2022-03-03 15:27:21,919] {logging_mixin.py:109} INFO - [2022-03-03 15:27:21,919] {dag.py:2396} INFO - Sync 1 DAGs
[2022-03-03 15:27:21,953] {logging_mixin.py:109} INFO - [2022-03-03 15:27:21,953] {dag.py:2935} INFO - Setting next_dagrun for example_branch_operator to 2022-03-02 00:00:00+00:00
[2022-03-03 15:27:21,972] {processor.py:171} INFO - Processing /home/airflow/.local/lib/python3.7/site-packages/airflow/example_dags/example_branch_operator.py took 0.153 seconds
[2022-03-03 15:27:52,169] {processor.py:163} INFO - Started process (PID=1087) to work on /home/airflow/.local/lib/python3.7/site-packages/airflow/example_dags/example_branch_operator.py
[2022-03-03 15:27:52,180] {processor.py:642} INFO - Processing file /home/airflow/.local/lib/python3.7/site-packages/airflow/example_dags/example_branch_operator.py for tasks to queue
[2022-03-03 15:27:52,181] {logging_mixin.py:109} INFO - [2022-03-03 15:27:52,180] {dagbag.py:500} INFO - Filling up the DagBag from /home/airflow/.local/lib/python3.7/site-packages/airflow/example_dags/example_branch_operator.py
[2022-03-03 15:27:52,251] {processor.py:654} INFO - DAG(s) dict_keys(['example_branch_operator']) retrieved from /home/airflow/.local/lib/python3.7/site-packages/airflow/example_dags/example_branch_operator.py
[2022-03-03 15:27:52,274] {logging_mixin.py:109} INFO - [2022-03-03 15:27:52,274] {dag.py:2396} INFO - Sync 1 DAGs
[2022-03-03 15:27:52,316] {logging_mixin.py:109} INFO - [2022-03-03 15:27:52,315] {dag.py:2935} INFO - Setting next_dagrun for example_branch_operator to 2022-03-02 00:00:00+00:00
[2022-03-03 15:27:52,327] {processor.py:171} INFO - Processing /home/airflow/.local/lib/python3.7/site-packages/airflow/example_dags/example_branch_operator.py took 0.162 seconds
[2022-03-03 15:28:22,750] {processor.py:163} INFO - Started process (PID=1144) to work on /home/airflow/.local/lib/python3.7/site-packages/airflow/example_dags/example_branch_operator.py
[2022-03-03 15:28:22,752] {processor.py:642} INFO - Processing file /home/airflow/.local/lib/python3.7/site-packages/airflow/example_dags/example_branch_operator.py for tasks to queue
[2022-03-03 15:28:22,754] {logging_mixin.py:109} INFO - [2022-03-03 15:28:22,754] {dagbag.py:500} INFO - Filling up the DagBag from /home/airflow/.local/lib/python3.7/site-packages/airflow/example_dags/example_branch_operator.py
[2022-03-03 15:28:22,818] {processor.py:654} INFO - DAG(s) dict_keys(['example_branch_operator']) retrieved from /home/airflow/.local/lib/python3.7/site-packages/airflow/example_dags/example_branch_operator.py
[2022-03-03 15:28:22,862] {logging_mixin.py:109} INFO - [2022-03-03 15:28:22,861] {dag.py:2396} INFO - Sync 1 DAGs
[2022-03-03 15:28:22,898] {logging_mixin.py:109} INFO - [2022-03-03 15:28:22,898] {dag.py:2935} INFO - Setting next_dagrun for example_branch_operator to 2022-03-02 00:00:00+00:00
[2022-03-03 15:28:22,938] {processor.py:171} INFO - Processing /home/airflow/.local/lib/python3.7/site-packages/airflow/example_dags/example_branch_operator.py took 0.193 seconds
[2022-03-03 15:28:58,261] {processor.py:163} INFO - Started process (PID=1198) to work on /home/airflow/.local/lib/python3.7/site-packages/airflow/example_dags/example_branch_operator.py
[2022-03-03 15:28:58,275] {processor.py:642} INFO - Processing file /home/airflow/.local/lib/python3.7/site-packages/airflow/example_dags/example_branch_operator.py for tasks to queue
[2022-03-03 15:28:58,285] {logging_mixin.py:109} INFO - [2022-03-03 15:28:58,285] {dagbag.py:500} INFO - Filling up the DagBag from /home/airflow/.local/lib/python3.7/site-packages/airflow/example_dags/example_branch_operator.py
[2022-03-03 15:28:58,740] {processor.py:654} INFO - DAG(s) dict_keys(['example_branch_operator']) retrieved from /home/airflow/.local/lib/python3.7/site-packages/airflow/example_dags/example_branch_operator.py
[2022-03-03 15:28:58,963] {logging_mixin.py:109} INFO - [2022-03-03 15:28:58,963] {dag.py:2396} INFO - Sync 1 DAGs
[2022-03-03 15:28:59,150] {logging_mixin.py:109} INFO - [2022-03-03 15:28:59,150] {dag.py:2935} INFO - Setting next_dagrun for example_branch_operator to 2022-03-02 00:00:00+00:00
[2022-03-03 15:28:59,197] {processor.py:171} INFO - Processing /home/airflow/.local/lib/python3.7/site-packages/airflow/example_dags/example_branch_operator.py took 0.957 seconds
[2022-03-03 15:29:30,083] {processor.py:163} INFO - Started process (PID=1249) to work on /home/airflow/.local/lib/python3.7/site-packages/airflow/example_dags/example_branch_operator.py
[2022-03-03 15:29:30,085] {processor.py:642} INFO - Processing file /home/airflow/.local/lib/python3.7/site-packages/airflow/example_dags/example_branch_operator.py for tasks to queue
[2022-03-03 15:29:30,086] {logging_mixin.py:109} INFO - [2022-03-03 15:29:30,086] {dagbag.py:500} INFO - Filling up the DagBag from /home/airflow/.local/lib/python3.7/site-packages/airflow/example_dags/example_branch_operator.py
[2022-03-03 15:29:30,115] {processor.py:654} INFO - DAG(s) dict_keys(['example_branch_operator']) retrieved from /home/airflow/.local/lib/python3.7/site-packages/airflow/example_dags/example_branch_operator.py
[2022-03-03 15:29:30,139] {logging_mixin.py:109} INFO - [2022-03-03 15:29:30,139] {dag.py:2396} INFO - Sync 1 DAGs
[2022-03-03 15:29:30,318] {logging_mixin.py:109} INFO - [2022-03-03 15:29:30,318] {dag.py:2935} INFO - Setting next_dagrun for example_branch_operator to 2022-03-02 00:00:00+00:00
[2022-03-03 15:29:30,326] {processor.py:171} INFO - Processing /home/airflow/.local/lib/python3.7/site-packages/airflow/example_dags/example_branch_operator.py took 0.247 seconds
[2022-03-03 15:30:00,663] {processor.py:163} INFO - Started process (PID=1304) to work on /home/airflow/.local/lib/python3.7/site-packages/airflow/example_dags/example_branch_operator.py
[2022-03-03 15:30:00,668] {processor.py:642} INFO - Processing file /home/airflow/.local/lib/python3.7/site-packages/airflow/example_dags/example_branch_operator.py for tasks to queue
[2022-03-03 15:30:00,670] {logging_mixin.py:109} INFO - [2022-03-03 15:30:00,670] {dagbag.py:500} INFO - Filling up the DagBag from /home/airflow/.local/lib/python3.7/site-packages/airflow/example_dags/example_branch_operator.py
[2022-03-03 15:30:00,711] {processor.py:654} INFO - DAG(s) dict_keys(['example_branch_operator']) retrieved from /home/airflow/.local/lib/python3.7/site-packages/airflow/example_dags/example_branch_operator.py
[2022-03-03 15:30:00,727] {logging_mixin.py:109} INFO - [2022-03-03 15:30:00,727] {dag.py:2396} INFO - Sync 1 DAGs
[2022-03-03 15:30:00,847] {logging_mixin.py:109} INFO - [2022-03-03 15:30:00,847] {dag.py:2935} INFO - Setting next_dagrun for example_branch_operator to 2022-03-02 00:00:00+00:00
[2022-03-03 15:30:00,876] {processor.py:171} INFO - Processing /home/airflow/.local/lib/python3.7/site-packages/airflow/example_dags/example_branch_operator.py took 0.217 seconds
[2022-03-03 15:30:31,026] {processor.py:163} INFO - Started process (PID=1357) to work on /home/airflow/.local/lib/python3.7/site-packages/airflow/example_dags/example_branch_operator.py
[2022-03-03 15:30:31,029] {processor.py:642} INFO - Processing file /home/airflow/.local/lib/python3.7/site-packages/airflow/example_dags/example_branch_operator.py for tasks to queue
[2022-03-03 15:30:31,031] {logging_mixin.py:109} INFO - [2022-03-03 15:30:31,030] {dagbag.py:500} INFO - Filling up the DagBag from /home/airflow/.local/lib/python3.7/site-packages/airflow/example_dags/example_branch_operator.py
[2022-03-03 15:30:31,167] {processor.py:654} INFO - DAG(s) dict_keys(['example_branch_operator']) retrieved from /home/airflow/.local/lib/python3.7/site-packages/airflow/example_dags/example_branch_operator.py
[2022-03-03 15:30:31,211] {logging_mixin.py:109} INFO - [2022-03-03 15:30:31,211] {dag.py:2396} INFO - Sync 1 DAGs
[2022-03-03 15:30:31,334] {logging_mixin.py:109} INFO - [2022-03-03 15:30:31,334] {dag.py:2935} INFO - Setting next_dagrun for example_branch_operator to 2022-03-02 00:00:00+00:00
[2022-03-03 15:30:31,344] {processor.py:171} INFO - Processing /home/airflow/.local/lib/python3.7/site-packages/airflow/example_dags/example_branch_operator.py took 0.322 seconds
[2022-03-03 15:31:01,946] {processor.py:163} INFO - Started process (PID=1416) to work on /home/airflow/.local/lib/python3.7/site-packages/airflow/example_dags/example_branch_operator.py
[2022-03-03 15:31:01,948] {processor.py:642} INFO - Processing file /home/airflow/.local/lib/python3.7/site-packages/airflow/example_dags/example_branch_operator.py for tasks to queue
[2022-03-03 15:31:01,951] {logging_mixin.py:109} INFO - [2022-03-03 15:31:01,951] {dagbag.py:500} INFO - Filling up the DagBag from /home/airflow/.local/lib/python3.7/site-packages/airflow/example_dags/example_branch_operator.py
[2022-03-03 15:31:01,994] {processor.py:654} INFO - DAG(s) dict_keys(['example_branch_operator']) retrieved from /home/airflow/.local/lib/python3.7/site-packages/airflow/example_dags/example_branch_operator.py
[2022-03-03 15:31:02,021] {logging_mixin.py:109} INFO - [2022-03-03 15:31:02,021] {dag.py:2396} INFO - Sync 1 DAGs
[2022-03-03 15:31:02,159] {logging_mixin.py:109} INFO - [2022-03-03 15:31:02,159] {dag.py:2935} INFO - Setting next_dagrun for example_branch_operator to 2022-03-02 00:00:00+00:00
[2022-03-03 15:31:02,178] {processor.py:171} INFO - Processing /home/airflow/.local/lib/python3.7/site-packages/airflow/example_dags/example_branch_operator.py took 0.243 seconds
[2022-03-03 15:31:32,247] {processor.py:163} INFO - Started process (PID=1475) to work on /home/airflow/.local/lib/python3.7/site-packages/airflow/example_dags/example_branch_operator.py
[2022-03-03 15:31:32,249] {processor.py:642} INFO - Processing file /home/airflow/.local/lib/python3.7/site-packages/airflow/example_dags/example_branch_operator.py for tasks to queue
[2022-03-03 15:31:32,251] {logging_mixin.py:109} INFO - [2022-03-03 15:31:32,251] {dagbag.py:500} INFO - Filling up the DagBag from /home/airflow/.local/lib/python3.7/site-packages/airflow/example_dags/example_branch_operator.py
[2022-03-03 15:31:32,286] {processor.py:654} INFO - DAG(s) dict_keys(['example_branch_operator']) retrieved from /home/airflow/.local/lib/python3.7/site-packages/airflow/example_dags/example_branch_operator.py
[2022-03-03 15:31:32,298] {logging_mixin.py:109} INFO - [2022-03-03 15:31:32,298] {dag.py:2396} INFO - Sync 1 DAGs
[2022-03-03 15:31:32,411] {logging_mixin.py:109} INFO - [2022-03-03 15:31:32,411] {dag.py:2935} INFO - Setting next_dagrun for example_branch_operator to 2022-03-02 00:00:00+00:00
[2022-03-03 15:31:32,427] {processor.py:171} INFO - Processing /home/airflow/.local/lib/python3.7/site-packages/airflow/example_dags/example_branch_operator.py took 0.185 seconds
[2022-03-03 15:32:03,147] {processor.py:163} INFO - Started process (PID=1529) to work on /home/airflow/.local/lib/python3.7/site-packages/airflow/example_dags/example_branch_operator.py
[2022-03-03 15:32:03,150] {processor.py:642} INFO - Processing file /home/airflow/.local/lib/python3.7/site-packages/airflow/example_dags/example_branch_operator.py for tasks to queue
[2022-03-03 15:32:03,152] {logging_mixin.py:109} INFO - [2022-03-03 15:32:03,151] {dagbag.py:500} INFO - Filling up the DagBag from /home/airflow/.local/lib/python3.7/site-packages/airflow/example_dags/example_branch_operator.py
[2022-03-03 15:32:03,223] {processor.py:654} INFO - DAG(s) dict_keys(['example_branch_operator']) retrieved from /home/airflow/.local/lib/python3.7/site-packages/airflow/example_dags/example_branch_operator.py
[2022-03-03 15:32:03,316] {logging_mixin.py:109} INFO - [2022-03-03 15:32:03,316] {dag.py:2396} INFO - Sync 1 DAGs
[2022-03-03 15:32:03,334] {logging_mixin.py:109} INFO - [2022-03-03 15:32:03,333] {dag.py:2935} INFO - Setting next_dagrun for example_branch_operator to 2022-03-02 00:00:00+00:00
[2022-03-03 15:32:03,342] {processor.py:171} INFO - Processing /home/airflow/.local/lib/python3.7/site-packages/airflow/example_dags/example_branch_operator.py took 0.200 seconds
[2022-03-03 15:32:33,505] {processor.py:163} INFO - Started process (PID=1594) to work on /home/airflow/.local/lib/python3.7/site-packages/airflow/example_dags/example_branch_operator.py
[2022-03-03 15:32:33,509] {processor.py:642} INFO - Processing file /home/airflow/.local/lib/python3.7/site-packages/airflow/example_dags/example_branch_operator.py for tasks to queue
[2022-03-03 15:32:33,510] {logging_mixin.py:109} INFO - [2022-03-03 15:32:33,510] {dagbag.py:500} INFO - Filling up the DagBag from /home/airflow/.local/lib/python3.7/site-packages/airflow/example_dags/example_branch_operator.py
[2022-03-03 15:32:33,752] {processor.py:654} INFO - DAG(s) dict_keys(['example_branch_operator']) retrieved from /home/airflow/.local/lib/python3.7/site-packages/airflow/example_dags/example_branch_operator.py
[2022-03-03 15:32:33,770] {logging_mixin.py:109} INFO - [2022-03-03 15:32:33,770] {dag.py:2396} INFO - Sync 1 DAGs
[2022-03-03 15:32:33,800] {logging_mixin.py:109} INFO - [2022-03-03 15:32:33,800] {dag.py:2935} INFO - Setting next_dagrun for example_branch_operator to 2022-03-02 00:00:00+00:00
[2022-03-03 15:32:33,818] {processor.py:171} INFO - Processing /home/airflow/.local/lib/python3.7/site-packages/airflow/example_dags/example_branch_operator.py took 0.323 seconds
[2022-03-03 15:33:04,267] {processor.py:163} INFO - Started process (PID=1650) to work on /home/airflow/.local/lib/python3.7/site-packages/airflow/example_dags/example_branch_operator.py
[2022-03-03 15:33:04,269] {processor.py:642} INFO - Processing file /home/airflow/.local/lib/python3.7/site-packages/airflow/example_dags/example_branch_operator.py for tasks to queue
[2022-03-03 15:33:04,273] {logging_mixin.py:109} INFO - [2022-03-03 15:33:04,273] {dagbag.py:500} INFO - Filling up the DagBag from /home/airflow/.local/lib/python3.7/site-packages/airflow/example_dags/example_branch_operator.py
[2022-03-03 15:33:04,564] {processor.py:654} INFO - DAG(s) dict_keys(['example_branch_operator']) retrieved from /home/airflow/.local/lib/python3.7/site-packages/airflow/example_dags/example_branch_operator.py
[2022-03-03 15:33:04,618] {logging_mixin.py:109} INFO - [2022-03-03 15:33:04,617] {dag.py:2396} INFO - Sync 1 DAGs
[2022-03-03 15:33:04,683] {logging_mixin.py:109} INFO - [2022-03-03 15:33:04,682] {dag.py:2935} INFO - Setting next_dagrun for example_branch_operator to 2022-03-02 00:00:00+00:00
[2022-03-03 15:33:04,740] {processor.py:171} INFO - Processing /home/airflow/.local/lib/python3.7/site-packages/airflow/example_dags/example_branch_operator.py took 0.482 seconds
[2022-03-03 15:33:35,116] {processor.py:163} INFO - Started process (PID=1708) to work on /home/airflow/.local/lib/python3.7/site-packages/airflow/example_dags/example_branch_operator.py
[2022-03-03 15:33:35,118] {processor.py:642} INFO - Processing file /home/airflow/.local/lib/python3.7/site-packages/airflow/example_dags/example_branch_operator.py for tasks to queue
[2022-03-03 15:33:35,119] {logging_mixin.py:109} INFO - [2022-03-03 15:33:35,119] {dagbag.py:500} INFO - Filling up the DagBag from /home/airflow/.local/lib/python3.7/site-packages/airflow/example_dags/example_branch_operator.py
[2022-03-03 15:33:35,256] {processor.py:654} INFO - DAG(s) dict_keys(['example_branch_operator']) retrieved from /home/airflow/.local/lib/python3.7/site-packages/airflow/example_dags/example_branch_operator.py
[2022-03-03 15:33:35,267] {logging_mixin.py:109} INFO - [2022-03-03 15:33:35,267] {dag.py:2396} INFO - Sync 1 DAGs
[2022-03-03 15:33:35,284] {logging_mixin.py:109} INFO - [2022-03-03 15:33:35,284] {dag.py:2935} INFO - Setting next_dagrun for example_branch_operator to 2022-03-02 00:00:00+00:00
[2022-03-03 15:33:35,293] {processor.py:171} INFO - Processing /home/airflow/.local/lib/python3.7/site-packages/airflow/example_dags/example_branch_operator.py took 0.181 seconds
[2022-03-03 15:34:06,218] {processor.py:163} INFO - Started process (PID=1767) to work on /home/airflow/.local/lib/python3.7/site-packages/airflow/example_dags/example_branch_operator.py
[2022-03-03 15:34:06,220] {processor.py:642} INFO - Processing file /home/airflow/.local/lib/python3.7/site-packages/airflow/example_dags/example_branch_operator.py for tasks to queue
[2022-03-03 15:34:06,221] {logging_mixin.py:109} INFO - [2022-03-03 15:34:06,221] {dagbag.py:500} INFO - Filling up the DagBag from /home/airflow/.local/lib/python3.7/site-packages/airflow/example_dags/example_branch_operator.py
[2022-03-03 15:34:06,328] {processor.py:654} INFO - DAG(s) dict_keys(['example_branch_operator']) retrieved from /home/airflow/.local/lib/python3.7/site-packages/airflow/example_dags/example_branch_operator.py
[2022-03-03 15:34:06,337] {logging_mixin.py:109} INFO - [2022-03-03 15:34:06,337] {dag.py:2396} INFO - Sync 1 DAGs
[2022-03-03 15:34:06,354] {logging_mixin.py:109} INFO - [2022-03-03 15:34:06,354] {dag.py:2935} INFO - Setting next_dagrun for example_branch_operator to 2022-03-02 00:00:00+00:00
[2022-03-03 15:34:06,362] {processor.py:171} INFO - Processing /home/airflow/.local/lib/python3.7/site-packages/airflow/example_dags/example_branch_operator.py took 0.148 seconds
[2022-03-03 15:34:37,021] {processor.py:163} INFO - Started process (PID=1822) to work on /home/airflow/.local/lib/python3.7/site-packages/airflow/example_dags/example_branch_operator.py
[2022-03-03 15:34:37,023] {processor.py:642} INFO - Processing file /home/airflow/.local/lib/python3.7/site-packages/airflow/example_dags/example_branch_operator.py for tasks to queue
[2022-03-03 15:34:37,024] {logging_mixin.py:109} INFO - [2022-03-03 15:34:37,024] {dagbag.py:500} INFO - Filling up the DagBag from /home/airflow/.local/lib/python3.7/site-packages/airflow/example_dags/example_branch_operator.py
[2022-03-03 15:34:37,053] {processor.py:654} INFO - DAG(s) dict_keys(['example_branch_operator']) retrieved from /home/airflow/.local/lib/python3.7/site-packages/airflow/example_dags/example_branch_operator.py
[2022-03-03 15:34:37,065] {logging_mixin.py:109} INFO - [2022-03-03 15:34:37,065] {dag.py:2396} INFO - Sync 1 DAGs
[2022-03-03 15:34:37,083] {logging_mixin.py:109} INFO - [2022-03-03 15:34:37,083] {dag.py:2935} INFO - Setting next_dagrun for example_branch_operator to 2022-03-02 00:00:00+00:00
[2022-03-03 15:34:37,092] {processor.py:171} INFO - Processing /home/airflow/.local/lib/python3.7/site-packages/airflow/example_dags/example_branch_operator.py took 0.075 seconds
[2022-03-03 15:35:07,551] {processor.py:163} INFO - Started process (PID=1878) to work on /home/airflow/.local/lib/python3.7/site-packages/airflow/example_dags/example_branch_operator.py
[2022-03-03 15:35:07,552] {processor.py:642} INFO - Processing file /home/airflow/.local/lib/python3.7/site-packages/airflow/example_dags/example_branch_operator.py for tasks to queue
[2022-03-03 15:35:07,553] {logging_mixin.py:109} INFO - [2022-03-03 15:35:07,553] {dagbag.py:500} INFO - Filling up the DagBag from /home/airflow/.local/lib/python3.7/site-packages/airflow/example_dags/example_branch_operator.py
[2022-03-03 15:35:07,615] {processor.py:654} INFO - DAG(s) dict_keys(['example_branch_operator']) retrieved from /home/airflow/.local/lib/python3.7/site-packages/airflow/example_dags/example_branch_operator.py
[2022-03-03 15:35:07,642] {logging_mixin.py:109} INFO - [2022-03-03 15:35:07,642] {dag.py:2396} INFO - Sync 1 DAGs
[2022-03-03 15:35:07,675] {logging_mixin.py:109} INFO - [2022-03-03 15:35:07,674] {dag.py:2935} INFO - Setting next_dagrun for example_branch_operator to 2022-03-02 00:00:00+00:00
[2022-03-03 15:35:07,683] {processor.py:171} INFO - Processing /home/airflow/.local/lib/python3.7/site-packages/airflow/example_dags/example_branch_operator.py took 0.136 seconds
[2022-03-03 15:35:37,953] {processor.py:163} INFO - Started process (PID=1935) to work on /home/airflow/.local/lib/python3.7/site-packages/airflow/example_dags/example_branch_operator.py
[2022-03-03 15:35:37,955] {processor.py:642} INFO - Processing file /home/airflow/.local/lib/python3.7/site-packages/airflow/example_dags/example_branch_operator.py for tasks to queue
[2022-03-03 15:35:37,956] {logging_mixin.py:109} INFO - [2022-03-03 15:35:37,956] {dagbag.py:500} INFO - Filling up the DagBag from /home/airflow/.local/lib/python3.7/site-packages/airflow/example_dags/example_branch_operator.py
[2022-03-03 15:35:38,020] {processor.py:654} INFO - DAG(s) dict_keys(['example_branch_operator']) retrieved from /home/airflow/.local/lib/python3.7/site-packages/airflow/example_dags/example_branch_operator.py
[2022-03-03 15:35:38,040] {logging_mixin.py:109} INFO - [2022-03-03 15:35:38,040] {dag.py:2396} INFO - Sync 1 DAGs
[2022-03-03 15:35:38,088] {logging_mixin.py:109} INFO - [2022-03-03 15:35:38,086] {dag.py:2935} INFO - Setting next_dagrun for example_branch_operator to 2022-03-02 00:00:00+00:00
[2022-03-03 15:35:38,115] {processor.py:171} INFO - Processing /home/airflow/.local/lib/python3.7/site-packages/airflow/example_dags/example_branch_operator.py took 0.168 seconds
[2022-03-03 15:36:08,496] {processor.py:163} INFO - Started process (PID=2001) to work on /home/airflow/.local/lib/python3.7/site-packages/airflow/example_dags/example_branch_operator.py
[2022-03-03 15:36:08,498] {processor.py:642} INFO - Processing file /home/airflow/.local/lib/python3.7/site-packages/airflow/example_dags/example_branch_operator.py for tasks to queue
[2022-03-03 15:36:08,500] {logging_mixin.py:109} INFO - [2022-03-03 15:36:08,500] {dagbag.py:500} INFO - Filling up the DagBag from /home/airflow/.local/lib/python3.7/site-packages/airflow/example_dags/example_branch_operator.py
[2022-03-03 15:36:08,538] {processor.py:654} INFO - DAG(s) dict_keys(['example_branch_operator']) retrieved from /home/airflow/.local/lib/python3.7/site-packages/airflow/example_dags/example_branch_operator.py
[2022-03-03 15:36:08,553] {logging_mixin.py:109} INFO - [2022-03-03 15:36:08,553] {dag.py:2396} INFO - Sync 1 DAGs
[2022-03-03 15:36:08,577] {logging_mixin.py:109} INFO - [2022-03-03 15:36:08,577] {dag.py:2935} INFO - Setting next_dagrun for example_branch_operator to 2022-03-02 00:00:00+00:00
[2022-03-03 15:36:08,590] {processor.py:171} INFO - Processing /home/airflow/.local/lib/python3.7/site-packages/airflow/example_dags/example_branch_operator.py took 0.102 seconds
[2022-03-03 15:36:38,774] {processor.py:163} INFO - Started process (PID=2056) to work on /home/airflow/.local/lib/python3.7/site-packages/airflow/example_dags/example_branch_operator.py
[2022-03-03 15:36:38,776] {processor.py:642} INFO - Processing file /home/airflow/.local/lib/python3.7/site-packages/airflow/example_dags/example_branch_operator.py for tasks to queue
[2022-03-03 15:36:38,783] {logging_mixin.py:109} INFO - [2022-03-03 15:36:38,782] {dagbag.py:500} INFO - Filling up the DagBag from /home/airflow/.local/lib/python3.7/site-packages/airflow/example_dags/example_branch_operator.py
[2022-03-03 15:36:38,853] {processor.py:654} INFO - DAG(s) dict_keys(['example_branch_operator']) retrieved from /home/airflow/.local/lib/python3.7/site-packages/airflow/example_dags/example_branch_operator.py
[2022-03-03 15:36:38,882] {logging_mixin.py:109} INFO - [2022-03-03 15:36:38,882] {dag.py:2396} INFO - Sync 1 DAGs
[2022-03-03 15:36:38,925] {logging_mixin.py:109} INFO - [2022-03-03 15:36:38,925] {dag.py:2935} INFO - Setting next_dagrun for example_branch_operator to 2022-03-02 00:00:00+00:00
[2022-03-03 15:36:38,949] {processor.py:171} INFO - Processing /home/airflow/.local/lib/python3.7/site-packages/airflow/example_dags/example_branch_operator.py took 0.183 seconds
[2022-03-03 15:37:09,250] {processor.py:163} INFO - Started process (PID=2114) to work on /home/airflow/.local/lib/python3.7/site-packages/airflow/example_dags/example_branch_operator.py
[2022-03-03 15:37:09,252] {processor.py:642} INFO - Processing file /home/airflow/.local/lib/python3.7/site-packages/airflow/example_dags/example_branch_operator.py for tasks to queue
[2022-03-03 15:37:09,254] {logging_mixin.py:109} INFO - [2022-03-03 15:37:09,253] {dagbag.py:500} INFO - Filling up the DagBag from /home/airflow/.local/lib/python3.7/site-packages/airflow/example_dags/example_branch_operator.py
[2022-03-03 15:37:09,285] {processor.py:654} INFO - DAG(s) dict_keys(['example_branch_operator']) retrieved from /home/airflow/.local/lib/python3.7/site-packages/airflow/example_dags/example_branch_operator.py
[2022-03-03 15:37:09,301] {logging_mixin.py:109} INFO - [2022-03-03 15:37:09,301] {dag.py:2396} INFO - Sync 1 DAGs
[2022-03-03 15:37:09,331] {logging_mixin.py:109} INFO - [2022-03-03 15:37:09,331] {dag.py:2935} INFO - Setting next_dagrun for example_branch_operator to 2022-03-02 00:00:00+00:00
[2022-03-03 15:37:09,345] {processor.py:171} INFO - Processing /home/airflow/.local/lib/python3.7/site-packages/airflow/example_dags/example_branch_operator.py took 0.100 seconds
[2022-03-03 15:37:40,101] {processor.py:163} INFO - Started process (PID=2170) to work on /home/airflow/.local/lib/python3.7/site-packages/airflow/example_dags/example_branch_operator.py
[2022-03-03 15:37:40,104] {processor.py:642} INFO - Processing file /home/airflow/.local/lib/python3.7/site-packages/airflow/example_dags/example_branch_operator.py for tasks to queue
[2022-03-03 15:37:40,105] {logging_mixin.py:109} INFO - [2022-03-03 15:37:40,105] {dagbag.py:500} INFO - Filling up the DagBag from /home/airflow/.local/lib/python3.7/site-packages/airflow/example_dags/example_branch_operator.py
[2022-03-03 15:37:40,146] {processor.py:654} INFO - DAG(s) dict_keys(['example_branch_operator']) retrieved from /home/airflow/.local/lib/python3.7/site-packages/airflow/example_dags/example_branch_operator.py
[2022-03-03 15:37:40,165] {logging_mixin.py:109} INFO - [2022-03-03 15:37:40,165] {dag.py:2396} INFO - Sync 1 DAGs
[2022-03-03 15:37:40,190] {logging_mixin.py:109} INFO - [2022-03-03 15:37:40,189] {dag.py:2935} INFO - Setting next_dagrun for example_branch_operator to 2022-03-02 00:00:00+00:00
[2022-03-03 15:37:40,207] {processor.py:171} INFO - Processing /home/airflow/.local/lib/python3.7/site-packages/airflow/example_dags/example_branch_operator.py took 0.110 seconds
[2022-03-03 15:38:10,756] {processor.py:163} INFO - Started process (PID=2235) to work on /home/airflow/.local/lib/python3.7/site-packages/airflow/example_dags/example_branch_operator.py
[2022-03-03 15:38:10,766] {processor.py:642} INFO - Processing file /home/airflow/.local/lib/python3.7/site-packages/airflow/example_dags/example_branch_operator.py for tasks to queue
[2022-03-03 15:38:10,769] {logging_mixin.py:109} INFO - [2022-03-03 15:38:10,769] {dagbag.py:500} INFO - Filling up the DagBag from /home/airflow/.local/lib/python3.7/site-packages/airflow/example_dags/example_branch_operator.py
[2022-03-03 15:38:10,984] {processor.py:654} INFO - DAG(s) dict_keys(['example_branch_operator']) retrieved from /home/airflow/.local/lib/python3.7/site-packages/airflow/example_dags/example_branch_operator.py
[2022-03-03 15:38:10,999] {logging_mixin.py:109} INFO - [2022-03-03 15:38:10,999] {dag.py:2396} INFO - Sync 1 DAGs
[2022-03-03 15:38:11,029] {logging_mixin.py:109} INFO - [2022-03-03 15:38:11,029] {dag.py:2935} INFO - Setting next_dagrun for example_branch_operator to 2022-03-02 00:00:00+00:00
[2022-03-03 15:38:11,071] {processor.py:171} INFO - Processing /home/airflow/.local/lib/python3.7/site-packages/airflow/example_dags/example_branch_operator.py took 0.334 seconds
[2022-03-03 15:38:41,326] {processor.py:163} INFO - Started process (PID=2289) to work on /home/airflow/.local/lib/python3.7/site-packages/airflow/example_dags/example_branch_operator.py
[2022-03-03 15:38:41,328] {processor.py:642} INFO - Processing file /home/airflow/.local/lib/python3.7/site-packages/airflow/example_dags/example_branch_operator.py for tasks to queue
[2022-03-03 15:38:41,329] {logging_mixin.py:109} INFO - [2022-03-03 15:38:41,329] {dagbag.py:500} INFO - Filling up the DagBag from /home/airflow/.local/lib/python3.7/site-packages/airflow/example_dags/example_branch_operator.py
[2022-03-03 15:38:41,359] {processor.py:654} INFO - DAG(s) dict_keys(['example_branch_operator']) retrieved from /home/airflow/.local/lib/python3.7/site-packages/airflow/example_dags/example_branch_operator.py
[2022-03-03 15:38:41,371] {logging_mixin.py:109} INFO - [2022-03-03 15:38:41,370] {dag.py:2396} INFO - Sync 1 DAGs
[2022-03-03 15:38:41,387] {logging_mixin.py:109} INFO - [2022-03-03 15:38:41,387] {dag.py:2935} INFO - Setting next_dagrun for example_branch_operator to 2022-03-02 00:00:00+00:00
[2022-03-03 15:38:41,395] {processor.py:171} INFO - Processing /home/airflow/.local/lib/python3.7/site-packages/airflow/example_dags/example_branch_operator.py took 0.072 seconds
[2022-03-03 15:39:11,691] {processor.py:163} INFO - Started process (PID=2343) to work on /home/airflow/.local/lib/python3.7/site-packages/airflow/example_dags/example_branch_operator.py
[2022-03-03 15:39:11,693] {processor.py:642} INFO - Processing file /home/airflow/.local/lib/python3.7/site-packages/airflow/example_dags/example_branch_operator.py for tasks to queue
[2022-03-03 15:39:11,695] {logging_mixin.py:109} INFO - [2022-03-03 15:39:11,695] {dagbag.py:500} INFO - Filling up the DagBag from /home/airflow/.local/lib/python3.7/site-packages/airflow/example_dags/example_branch_operator.py
[2022-03-03 15:39:11,741] {processor.py:654} INFO - DAG(s) dict_keys(['example_branch_operator']) retrieved from /home/airflow/.local/lib/python3.7/site-packages/airflow/example_dags/example_branch_operator.py
[2022-03-03 15:39:11,756] {logging_mixin.py:109} INFO - [2022-03-03 15:39:11,756] {dag.py:2396} INFO - Sync 1 DAGs
[2022-03-03 15:39:11,778] {logging_mixin.py:109} INFO - [2022-03-03 15:39:11,778] {dag.py:2935} INFO - Setting next_dagrun for example_branch_operator to 2022-03-02 00:00:00+00:00
[2022-03-03 15:39:11,790] {processor.py:171} INFO - Processing /home/airflow/.local/lib/python3.7/site-packages/airflow/example_dags/example_branch_operator.py took 0.104 seconds
[2022-03-03 15:39:42,576] {processor.py:163} INFO - Started process (PID=2401) to work on /home/airflow/.local/lib/python3.7/site-packages/airflow/example_dags/example_branch_operator.py
[2022-03-03 15:39:42,579] {processor.py:642} INFO - Processing file /home/airflow/.local/lib/python3.7/site-packages/airflow/example_dags/example_branch_operator.py for tasks to queue
[2022-03-03 15:39:42,581] {logging_mixin.py:109} INFO - [2022-03-03 15:39:42,581] {dagbag.py:500} INFO - Filling up the DagBag from /home/airflow/.local/lib/python3.7/site-packages/airflow/example_dags/example_branch_operator.py
[2022-03-03 15:39:42,613] {processor.py:654} INFO - DAG(s) dict_keys(['example_branch_operator']) retrieved from /home/airflow/.local/lib/python3.7/site-packages/airflow/example_dags/example_branch_operator.py
[2022-03-03 15:39:42,625] {logging_mixin.py:109} INFO - [2022-03-03 15:39:42,625] {dag.py:2396} INFO - Sync 1 DAGs
[2022-03-03 15:39:42,648] {logging_mixin.py:109} INFO - [2022-03-03 15:39:42,648] {dag.py:2935} INFO - Setting next_dagrun for example_branch_operator to 2022-03-02 00:00:00+00:00
[2022-03-03 15:39:42,662] {processor.py:171} INFO - Processing /home/airflow/.local/lib/python3.7/site-packages/airflow/example_dags/example_branch_operator.py took 0.091 seconds
[2022-03-03 15:40:13,424] {processor.py:163} INFO - Started process (PID=2455) to work on /home/airflow/.local/lib/python3.7/site-packages/airflow/example_dags/example_branch_operator.py
[2022-03-03 15:40:13,427] {processor.py:642} INFO - Processing file /home/airflow/.local/lib/python3.7/site-packages/airflow/example_dags/example_branch_operator.py for tasks to queue
[2022-03-03 15:40:13,429] {logging_mixin.py:109} INFO - [2022-03-03 15:40:13,429] {dagbag.py:500} INFO - Filling up the DagBag from /home/airflow/.local/lib/python3.7/site-packages/airflow/example_dags/example_branch_operator.py
[2022-03-03 15:40:13,474] {processor.py:654} INFO - DAG(s) dict_keys(['example_branch_operator']) retrieved from /home/airflow/.local/lib/python3.7/site-packages/airflow/example_dags/example_branch_operator.py
[2022-03-03 15:40:13,484] {logging_mixin.py:109} INFO - [2022-03-03 15:40:13,484] {dag.py:2396} INFO - Sync 1 DAGs
[2022-03-03 15:40:13,529] {logging_mixin.py:109} INFO - [2022-03-03 15:40:13,529] {dag.py:2935} INFO - Setting next_dagrun for example_branch_operator to 2022-03-02 00:00:00+00:00
[2022-03-03 15:40:13,545] {processor.py:171} INFO - Processing /home/airflow/.local/lib/python3.7/site-packages/airflow/example_dags/example_branch_operator.py took 0.124 seconds
[2022-03-03 15:40:43,664] {processor.py:163} INFO - Started process (PID=2507) to work on /home/airflow/.local/lib/python3.7/site-packages/airflow/example_dags/example_branch_operator.py
[2022-03-03 15:40:43,666] {processor.py:642} INFO - Processing file /home/airflow/.local/lib/python3.7/site-packages/airflow/example_dags/example_branch_operator.py for tasks to queue
[2022-03-03 15:40:43,672] {logging_mixin.py:109} INFO - [2022-03-03 15:40:43,672] {dagbag.py:500} INFO - Filling up the DagBag from /home/airflow/.local/lib/python3.7/site-packages/airflow/example_dags/example_branch_operator.py
[2022-03-03 15:40:43,774] {processor.py:654} INFO - DAG(s) dict_keys(['example_branch_operator']) retrieved from /home/airflow/.local/lib/python3.7/site-packages/airflow/example_dags/example_branch_operator.py
[2022-03-03 15:40:43,814] {logging_mixin.py:109} INFO - [2022-03-03 15:40:43,814] {dag.py:2396} INFO - Sync 1 DAGs
[2022-03-03 15:40:43,857] {logging_mixin.py:109} INFO - [2022-03-03 15:40:43,857] {dag.py:2935} INFO - Setting next_dagrun for example_branch_operator to 2022-03-02 00:00:00+00:00
[2022-03-03 15:40:43,884] {processor.py:171} INFO - Processing /home/airflow/.local/lib/python3.7/site-packages/airflow/example_dags/example_branch_operator.py took 0.236 seconds
[2022-03-03 15:41:14,193] {processor.py:163} INFO - Started process (PID=2574) to work on /home/airflow/.local/lib/python3.7/site-packages/airflow/example_dags/example_branch_operator.py
[2022-03-03 15:41:14,196] {processor.py:642} INFO - Processing file /home/airflow/.local/lib/python3.7/site-packages/airflow/example_dags/example_branch_operator.py for tasks to queue
[2022-03-03 15:41:14,197] {logging_mixin.py:109} INFO - [2022-03-03 15:41:14,197] {dagbag.py:500} INFO - Filling up the DagBag from /home/airflow/.local/lib/python3.7/site-packages/airflow/example_dags/example_branch_operator.py
[2022-03-03 15:41:14,236] {processor.py:654} INFO - DAG(s) dict_keys(['example_branch_operator']) retrieved from /home/airflow/.local/lib/python3.7/site-packages/airflow/example_dags/example_branch_operator.py
[2022-03-03 15:41:14,248] {logging_mixin.py:109} INFO - [2022-03-03 15:41:14,247] {dag.py:2396} INFO - Sync 1 DAGs
[2022-03-03 15:41:14,269] {logging_mixin.py:109} INFO - [2022-03-03 15:41:14,269] {dag.py:2935} INFO - Setting next_dagrun for example_branch_operator to 2022-03-02 00:00:00+00:00
[2022-03-03 15:41:14,281] {processor.py:171} INFO - Processing /home/airflow/.local/lib/python3.7/site-packages/airflow/example_dags/example_branch_operator.py took 0.093 seconds
[2022-03-03 15:41:44,751] {processor.py:163} INFO - Started process (PID=2629) to work on /home/airflow/.local/lib/python3.7/site-packages/airflow/example_dags/example_branch_operator.py
[2022-03-03 15:41:44,758] {processor.py:642} INFO - Processing file /home/airflow/.local/lib/python3.7/site-packages/airflow/example_dags/example_branch_operator.py for tasks to queue
[2022-03-03 15:41:44,763] {logging_mixin.py:109} INFO - [2022-03-03 15:41:44,763] {dagbag.py:500} INFO - Filling up the DagBag from /home/airflow/.local/lib/python3.7/site-packages/airflow/example_dags/example_branch_operator.py
[2022-03-03 15:41:44,882] {processor.py:654} INFO - DAG(s) dict_keys(['example_branch_operator']) retrieved from /home/airflow/.local/lib/python3.7/site-packages/airflow/example_dags/example_branch_operator.py
[2022-03-03 15:41:44,904] {logging_mixin.py:109} INFO - [2022-03-03 15:41:44,904] {dag.py:2396} INFO - Sync 1 DAGs
[2022-03-03 15:41:44,941] {logging_mixin.py:109} INFO - [2022-03-03 15:41:44,941] {dag.py:2935} INFO - Setting next_dagrun for example_branch_operator to 2022-03-02 00:00:00+00:00
[2022-03-03 15:41:44,960] {processor.py:171} INFO - Processing /home/airflow/.local/lib/python3.7/site-packages/airflow/example_dags/example_branch_operator.py took 0.219 seconds
[2022-03-03 15:42:15,465] {processor.py:163} INFO - Started process (PID=2683) to work on /home/airflow/.local/lib/python3.7/site-packages/airflow/example_dags/example_branch_operator.py
[2022-03-03 15:42:15,468] {processor.py:642} INFO - Processing file /home/airflow/.local/lib/python3.7/site-packages/airflow/example_dags/example_branch_operator.py for tasks to queue
[2022-03-03 15:42:15,470] {logging_mixin.py:109} INFO - [2022-03-03 15:42:15,470] {dagbag.py:500} INFO - Filling up the DagBag from /home/airflow/.local/lib/python3.7/site-packages/airflow/example_dags/example_branch_operator.py
[2022-03-03 15:42:15,505] {processor.py:654} INFO - DAG(s) dict_keys(['example_branch_operator']) retrieved from /home/airflow/.local/lib/python3.7/site-packages/airflow/example_dags/example_branch_operator.py
[2022-03-03 15:42:15,528] {logging_mixin.py:109} INFO - [2022-03-03 15:42:15,527] {dag.py:2396} INFO - Sync 1 DAGs
[2022-03-03 15:42:15,547] {logging_mixin.py:109} INFO - [2022-03-03 15:42:15,547] {dag.py:2935} INFO - Setting next_dagrun for example_branch_operator to 2022-03-02 00:00:00+00:00
[2022-03-03 15:42:15,557] {processor.py:171} INFO - Processing /home/airflow/.local/lib/python3.7/site-packages/airflow/example_dags/example_branch_operator.py took 0.102 seconds
[2022-03-03 15:42:45,959] {processor.py:163} INFO - Started process (PID=2742) to work on /home/airflow/.local/lib/python3.7/site-packages/airflow/example_dags/example_branch_operator.py
[2022-03-03 15:42:45,965] {processor.py:642} INFO - Processing file /home/airflow/.local/lib/python3.7/site-packages/airflow/example_dags/example_branch_operator.py for tasks to queue
[2022-03-03 15:42:45,968] {logging_mixin.py:109} INFO - [2022-03-03 15:42:45,968] {dagbag.py:500} INFO - Filling up the DagBag from /home/airflow/.local/lib/python3.7/site-packages/airflow/example_dags/example_branch_operator.py
[2022-03-03 15:42:46,088] {processor.py:654} INFO - DAG(s) dict_keys(['example_branch_operator']) retrieved from /home/airflow/.local/lib/python3.7/site-packages/airflow/example_dags/example_branch_operator.py
[2022-03-03 15:42:46,136] {logging_mixin.py:109} INFO - [2022-03-03 15:42:46,136] {dag.py:2396} INFO - Sync 1 DAGs
[2022-03-03 15:42:46,232] {logging_mixin.py:109} INFO - [2022-03-03 15:42:46,231] {dag.py:2935} INFO - Setting next_dagrun for example_branch_operator to 2022-03-02 00:00:00+00:00
[2022-03-03 15:42:46,285] {processor.py:171} INFO - Processing /home/airflow/.local/lib/python3.7/site-packages/airflow/example_dags/example_branch_operator.py took 0.335 seconds
[2022-03-03 15:43:16,567] {processor.py:163} INFO - Started process (PID=2814) to work on /home/airflow/.local/lib/python3.7/site-packages/airflow/example_dags/example_branch_operator.py
[2022-03-03 15:43:16,573] {processor.py:642} INFO - Processing file /home/airflow/.local/lib/python3.7/site-packages/airflow/example_dags/example_branch_operator.py for tasks to queue
[2022-03-03 15:43:16,577] {logging_mixin.py:109} INFO - [2022-03-03 15:43:16,577] {dagbag.py:500} INFO - Filling up the DagBag from /home/airflow/.local/lib/python3.7/site-packages/airflow/example_dags/example_branch_operator.py
[2022-03-03 15:43:16,655] {processor.py:654} INFO - DAG(s) dict_keys(['example_branch_operator']) retrieved from /home/airflow/.local/lib/python3.7/site-packages/airflow/example_dags/example_branch_operator.py
[2022-03-03 15:43:16,690] {logging_mixin.py:109} INFO - [2022-03-03 15:43:16,690] {dag.py:2396} INFO - Sync 1 DAGs
[2022-03-03 15:43:16,765] {logging_mixin.py:109} INFO - [2022-03-03 15:43:16,765] {dag.py:2935} INFO - Setting next_dagrun for example_branch_operator to 2022-03-02 00:00:00+00:00
[2022-03-03 15:43:16,829] {processor.py:171} INFO - Processing /home/airflow/.local/lib/python3.7/site-packages/airflow/example_dags/example_branch_operator.py took 0.267 seconds
[2022-03-03 15:43:47,230] {processor.py:163} INFO - Started process (PID=2869) to work on /home/airflow/.local/lib/python3.7/site-packages/airflow/example_dags/example_branch_operator.py
[2022-03-03 15:43:47,238] {processor.py:642} INFO - Processing file /home/airflow/.local/lib/python3.7/site-packages/airflow/example_dags/example_branch_operator.py for tasks to queue
[2022-03-03 15:43:47,242] {logging_mixin.py:109} INFO - [2022-03-03 15:43:47,239] {dagbag.py:500} INFO - Filling up the DagBag from /home/airflow/.local/lib/python3.7/site-packages/airflow/example_dags/example_branch_operator.py
[2022-03-03 15:43:47,342] {processor.py:654} INFO - DAG(s) dict_keys(['example_branch_operator']) retrieved from /home/airflow/.local/lib/python3.7/site-packages/airflow/example_dags/example_branch_operator.py
[2022-03-03 15:43:47,382] {logging_mixin.py:109} INFO - [2022-03-03 15:43:47,381] {dag.py:2396} INFO - Sync 1 DAGs
[2022-03-03 15:43:47,461] {logging_mixin.py:109} INFO - [2022-03-03 15:43:47,461] {dag.py:2935} INFO - Setting next_dagrun for example_branch_operator to 2022-03-02 00:00:00+00:00
[2022-03-03 15:43:47,506] {processor.py:171} INFO - Processing /home/airflow/.local/lib/python3.7/site-packages/airflow/example_dags/example_branch_operator.py took 0.302 seconds
[2022-03-03 15:44:17,842] {processor.py:163} INFO - Started process (PID=2926) to work on /home/airflow/.local/lib/python3.7/site-packages/airflow/example_dags/example_branch_operator.py
[2022-03-03 15:44:17,846] {processor.py:642} INFO - Processing file /home/airflow/.local/lib/python3.7/site-packages/airflow/example_dags/example_branch_operator.py for tasks to queue
[2022-03-03 15:44:17,855] {logging_mixin.py:109} INFO - [2022-03-03 15:44:17,855] {dagbag.py:500} INFO - Filling up the DagBag from /home/airflow/.local/lib/python3.7/site-packages/airflow/example_dags/example_branch_operator.py
[2022-03-03 15:44:17,953] {processor.py:654} INFO - DAG(s) dict_keys(['example_branch_operator']) retrieved from /home/airflow/.local/lib/python3.7/site-packages/airflow/example_dags/example_branch_operator.py
[2022-03-03 15:44:17,983] {logging_mixin.py:109} INFO - [2022-03-03 15:44:17,983] {dag.py:2396} INFO - Sync 1 DAGs
[2022-03-03 15:44:18,018] {logging_mixin.py:109} INFO - [2022-03-03 15:44:18,018] {dag.py:2935} INFO - Setting next_dagrun for example_branch_operator to 2022-03-02 00:00:00+00:00
[2022-03-03 15:44:18,039] {processor.py:171} INFO - Processing /home/airflow/.local/lib/python3.7/site-packages/airflow/example_dags/example_branch_operator.py took 0.200 seconds
[2022-03-03 15:44:48,380] {processor.py:163} INFO - Started process (PID=2984) to work on /home/airflow/.local/lib/python3.7/site-packages/airflow/example_dags/example_branch_operator.py
[2022-03-03 15:44:48,383] {processor.py:642} INFO - Processing file /home/airflow/.local/lib/python3.7/site-packages/airflow/example_dags/example_branch_operator.py for tasks to queue
[2022-03-03 15:44:48,384] {logging_mixin.py:109} INFO - [2022-03-03 15:44:48,384] {dagbag.py:500} INFO - Filling up the DagBag from /home/airflow/.local/lib/python3.7/site-packages/airflow/example_dags/example_branch_operator.py
[2022-03-03 15:44:48,418] {processor.py:654} INFO - DAG(s) dict_keys(['example_branch_operator']) retrieved from /home/airflow/.local/lib/python3.7/site-packages/airflow/example_dags/example_branch_operator.py
[2022-03-03 15:44:48,439] {logging_mixin.py:109} INFO - [2022-03-03 15:44:48,439] {dag.py:2396} INFO - Sync 1 DAGs
[2022-03-03 15:44:48,463] {logging_mixin.py:109} INFO - [2022-03-03 15:44:48,462] {dag.py:2935} INFO - Setting next_dagrun for example_branch_operator to 2022-03-02 00:00:00+00:00
[2022-03-03 15:44:48,476] {processor.py:171} INFO - Processing /home/airflow/.local/lib/python3.7/site-packages/airflow/example_dags/example_branch_operator.py took 0.101 seconds
[2022-03-03 15:45:18,532] {processor.py:163} INFO - Started process (PID=3038) to work on /home/airflow/.local/lib/python3.7/site-packages/airflow/example_dags/example_branch_operator.py
[2022-03-03 15:45:18,534] {processor.py:642} INFO - Processing file /home/airflow/.local/lib/python3.7/site-packages/airflow/example_dags/example_branch_operator.py for tasks to queue
[2022-03-03 15:45:18,535] {logging_mixin.py:109} INFO - [2022-03-03 15:45:18,534] {dagbag.py:500} INFO - Filling up the DagBag from /home/airflow/.local/lib/python3.7/site-packages/airflow/example_dags/example_branch_operator.py
[2022-03-03 15:45:18,564] {processor.py:654} INFO - DAG(s) dict_keys(['example_branch_operator']) retrieved from /home/airflow/.local/lib/python3.7/site-packages/airflow/example_dags/example_branch_operator.py
[2022-03-03 15:45:18,575] {logging_mixin.py:109} INFO - [2022-03-03 15:45:18,575] {dag.py:2396} INFO - Sync 1 DAGs
[2022-03-03 15:45:18,602] {logging_mixin.py:109} INFO - [2022-03-03 15:45:18,602] {dag.py:2935} INFO - Setting next_dagrun for example_branch_operator to 2022-03-02 00:00:00+00:00
[2022-03-03 15:45:18,611] {processor.py:171} INFO - Processing /home/airflow/.local/lib/python3.7/site-packages/airflow/example_dags/example_branch_operator.py took 0.087 seconds
[2022-03-03 15:45:48,946] {processor.py:163} INFO - Started process (PID=3094) to work on /home/airflow/.local/lib/python3.7/site-packages/airflow/example_dags/example_branch_operator.py
[2022-03-03 15:45:48,948] {processor.py:642} INFO - Processing file /home/airflow/.local/lib/python3.7/site-packages/airflow/example_dags/example_branch_operator.py for tasks to queue
[2022-03-03 15:45:48,949] {logging_mixin.py:109} INFO - [2022-03-03 15:45:48,949] {dagbag.py:500} INFO - Filling up the DagBag from /home/airflow/.local/lib/python3.7/site-packages/airflow/example_dags/example_branch_operator.py
[2022-03-03 15:45:48,981] {processor.py:654} INFO - DAG(s) dict_keys(['example_branch_operator']) retrieved from /home/airflow/.local/lib/python3.7/site-packages/airflow/example_dags/example_branch_operator.py
[2022-03-03 15:45:48,996] {logging_mixin.py:109} INFO - [2022-03-03 15:45:48,996] {dag.py:2396} INFO - Sync 1 DAGs
[2022-03-03 15:45:49,019] {logging_mixin.py:109} INFO - [2022-03-03 15:45:49,018] {dag.py:2935} INFO - Setting next_dagrun for example_branch_operator to 2022-03-02 00:00:00+00:00
[2022-03-03 15:45:49,031] {processor.py:171} INFO - Processing /home/airflow/.local/lib/python3.7/site-packages/airflow/example_dags/example_branch_operator.py took 0.090 seconds
[2022-03-03 15:46:19,195] {processor.py:163} INFO - Started process (PID=3166) to work on /home/airflow/.local/lib/python3.7/site-packages/airflow/example_dags/example_branch_operator.py
[2022-03-03 15:46:19,199] {processor.py:642} INFO - Processing file /home/airflow/.local/lib/python3.7/site-packages/airflow/example_dags/example_branch_operator.py for tasks to queue
[2022-03-03 15:46:19,201] {logging_mixin.py:109} INFO - [2022-03-03 15:46:19,201] {dagbag.py:500} INFO - Filling up the DagBag from /home/airflow/.local/lib/python3.7/site-packages/airflow/example_dags/example_branch_operator.py
[2022-03-03 15:46:19,279] {processor.py:654} INFO - DAG(s) dict_keys(['example_branch_operator']) retrieved from /home/airflow/.local/lib/python3.7/site-packages/airflow/example_dags/example_branch_operator.py
[2022-03-03 15:46:19,321] {logging_mixin.py:109} INFO - [2022-03-03 15:46:19,321] {dag.py:2396} INFO - Sync 1 DAGs
[2022-03-03 15:46:19,356] {logging_mixin.py:109} INFO - [2022-03-03 15:46:19,356] {dag.py:2935} INFO - Setting next_dagrun for example_branch_operator to 2022-03-02 00:00:00+00:00
[2022-03-03 15:46:19,379] {processor.py:171} INFO - Processing /home/airflow/.local/lib/python3.7/site-packages/airflow/example_dags/example_branch_operator.py took 0.193 seconds
[2022-03-03 15:46:49,617] {processor.py:163} INFO - Started process (PID=3223) to work on /home/airflow/.local/lib/python3.7/site-packages/airflow/example_dags/example_branch_operator.py
[2022-03-03 15:46:49,627] {processor.py:642} INFO - Processing file /home/airflow/.local/lib/python3.7/site-packages/airflow/example_dags/example_branch_operator.py for tasks to queue
[2022-03-03 15:46:49,629] {logging_mixin.py:109} INFO - [2022-03-03 15:46:49,628] {dagbag.py:500} INFO - Filling up the DagBag from /home/airflow/.local/lib/python3.7/site-packages/airflow/example_dags/example_branch_operator.py
[2022-03-03 15:46:49,688] {processor.py:654} INFO - DAG(s) dict_keys(['example_branch_operator']) retrieved from /home/airflow/.local/lib/python3.7/site-packages/airflow/example_dags/example_branch_operator.py
[2022-03-03 15:46:49,732] {logging_mixin.py:109} INFO - [2022-03-03 15:46:49,731] {dag.py:2396} INFO - Sync 1 DAGs
[2022-03-03 15:46:49,779] {logging_mixin.py:109} INFO - [2022-03-03 15:46:49,778] {dag.py:2935} INFO - Setting next_dagrun for example_branch_operator to 2022-03-02 00:00:00+00:00
[2022-03-03 15:46:49,819] {processor.py:171} INFO - Processing /home/airflow/.local/lib/python3.7/site-packages/airflow/example_dags/example_branch_operator.py took 0.229 seconds
[2022-03-03 15:47:20,056] {processor.py:163} INFO - Started process (PID=3279) to work on /home/airflow/.local/lib/python3.7/site-packages/airflow/example_dags/example_branch_operator.py
[2022-03-03 15:47:20,057] {processor.py:642} INFO - Processing file /home/airflow/.local/lib/python3.7/site-packages/airflow/example_dags/example_branch_operator.py for tasks to queue
[2022-03-03 15:47:20,060] {logging_mixin.py:109} INFO - [2022-03-03 15:47:20,059] {dagbag.py:500} INFO - Filling up the DagBag from /home/airflow/.local/lib/python3.7/site-packages/airflow/example_dags/example_branch_operator.py
[2022-03-03 15:47:20,139] {processor.py:654} INFO - DAG(s) dict_keys(['example_branch_operator']) retrieved from /home/airflow/.local/lib/python3.7/site-packages/airflow/example_dags/example_branch_operator.py
[2022-03-03 15:47:20,192] {logging_mixin.py:109} INFO - [2022-03-03 15:47:20,192] {dag.py:2396} INFO - Sync 1 DAGs
[2022-03-03 15:47:20,245] {logging_mixin.py:109} INFO - [2022-03-03 15:47:20,245] {dag.py:2935} INFO - Setting next_dagrun for example_branch_operator to 2022-03-02 00:00:00+00:00
[2022-03-03 15:47:20,268] {processor.py:171} INFO - Processing /home/airflow/.local/lib/python3.7/site-packages/airflow/example_dags/example_branch_operator.py took 0.216 seconds
[2022-03-03 15:47:50,653] {processor.py:163} INFO - Started process (PID=3344) to work on /home/airflow/.local/lib/python3.7/site-packages/airflow/example_dags/example_branch_operator.py
[2022-03-03 15:47:50,660] {processor.py:642} INFO - Processing file /home/airflow/.local/lib/python3.7/site-packages/airflow/example_dags/example_branch_operator.py for tasks to queue
[2022-03-03 15:47:50,661] {logging_mixin.py:109} INFO - [2022-03-03 15:47:50,661] {dagbag.py:500} INFO - Filling up the DagBag from /home/airflow/.local/lib/python3.7/site-packages/airflow/example_dags/example_branch_operator.py
[2022-03-03 15:47:50,724] {processor.py:654} INFO - DAG(s) dict_keys(['example_branch_operator']) retrieved from /home/airflow/.local/lib/python3.7/site-packages/airflow/example_dags/example_branch_operator.py
[2022-03-03 15:47:50,758] {logging_mixin.py:109} INFO - [2022-03-03 15:47:50,758] {dag.py:2396} INFO - Sync 1 DAGs
[2022-03-03 15:47:50,804] {logging_mixin.py:109} INFO - [2022-03-03 15:47:50,804] {dag.py:2935} INFO - Setting next_dagrun for example_branch_operator to 2022-03-02 00:00:00+00:00
[2022-03-03 15:47:50,827] {processor.py:171} INFO - Processing /home/airflow/.local/lib/python3.7/site-packages/airflow/example_dags/example_branch_operator.py took 0.182 seconds
[2022-03-03 15:48:21,304] {processor.py:163} INFO - Started process (PID=3400) to work on /home/airflow/.local/lib/python3.7/site-packages/airflow/example_dags/example_branch_operator.py
[2022-03-03 15:48:21,309] {processor.py:642} INFO - Processing file /home/airflow/.local/lib/python3.7/site-packages/airflow/example_dags/example_branch_operator.py for tasks to queue
[2022-03-03 15:48:21,324] {logging_mixin.py:109} INFO - [2022-03-03 15:48:21,322] {dagbag.py:500} INFO - Filling up the DagBag from /home/airflow/.local/lib/python3.7/site-packages/airflow/example_dags/example_branch_operator.py
[2022-03-03 15:48:21,416] {processor.py:654} INFO - DAG(s) dict_keys(['example_branch_operator']) retrieved from /home/airflow/.local/lib/python3.7/site-packages/airflow/example_dags/example_branch_operator.py
[2022-03-03 15:48:21,445] {logging_mixin.py:109} INFO - [2022-03-03 15:48:21,445] {dag.py:2396} INFO - Sync 1 DAGs
[2022-03-03 15:48:21,494] {logging_mixin.py:109} INFO - [2022-03-03 15:48:21,494] {dag.py:2935} INFO - Setting next_dagrun for example_branch_operator to 2022-03-02 00:00:00+00:00
[2022-03-03 15:48:21,534] {processor.py:171} INFO - Processing /home/airflow/.local/lib/python3.7/site-packages/airflow/example_dags/example_branch_operator.py took 0.233 seconds
[2022-03-03 15:48:52,101] {processor.py:163} INFO - Started process (PID=3456) to work on /home/airflow/.local/lib/python3.7/site-packages/airflow/example_dags/example_branch_operator.py
[2022-03-03 15:48:52,105] {processor.py:642} INFO - Processing file /home/airflow/.local/lib/python3.7/site-packages/airflow/example_dags/example_branch_operator.py for tasks to queue
[2022-03-03 15:48:52,108] {logging_mixin.py:109} INFO - [2022-03-03 15:48:52,108] {dagbag.py:500} INFO - Filling up the DagBag from /home/airflow/.local/lib/python3.7/site-packages/airflow/example_dags/example_branch_operator.py
[2022-03-03 15:48:52,165] {processor.py:654} INFO - DAG(s) dict_keys(['example_branch_operator']) retrieved from /home/airflow/.local/lib/python3.7/site-packages/airflow/example_dags/example_branch_operator.py
[2022-03-03 15:48:52,188] {logging_mixin.py:109} INFO - [2022-03-03 15:48:52,188] {dag.py:2396} INFO - Sync 1 DAGs
[2022-03-03 15:48:52,226] {logging_mixin.py:109} INFO - [2022-03-03 15:48:52,226] {dag.py:2935} INFO - Setting next_dagrun for example_branch_operator to 2022-03-02 00:00:00+00:00
[2022-03-03 15:48:52,246] {processor.py:171} INFO - Processing /home/airflow/.local/lib/python3.7/site-packages/airflow/example_dags/example_branch_operator.py took 0.152 seconds
[2022-03-03 15:49:22,925] {processor.py:163} INFO - Started process (PID=3518) to work on /home/airflow/.local/lib/python3.7/site-packages/airflow/example_dags/example_branch_operator.py
[2022-03-03 15:49:22,928] {processor.py:642} INFO - Processing file /home/airflow/.local/lib/python3.7/site-packages/airflow/example_dags/example_branch_operator.py for tasks to queue
[2022-03-03 15:49:22,930] {logging_mixin.py:109} INFO - [2022-03-03 15:49:22,930] {dagbag.py:500} INFO - Filling up the DagBag from /home/airflow/.local/lib/python3.7/site-packages/airflow/example_dags/example_branch_operator.py
[2022-03-03 15:49:22,966] {processor.py:654} INFO - DAG(s) dict_keys(['example_branch_operator']) retrieved from /home/airflow/.local/lib/python3.7/site-packages/airflow/example_dags/example_branch_operator.py
[2022-03-03 15:49:22,979] {logging_mixin.py:109} INFO - [2022-03-03 15:49:22,979] {dag.py:2396} INFO - Sync 1 DAGs
[2022-03-03 15:49:23,000] {logging_mixin.py:109} INFO - [2022-03-03 15:49:23,000] {dag.py:2935} INFO - Setting next_dagrun for example_branch_operator to 2022-03-02 00:00:00+00:00
[2022-03-03 15:49:23,014] {processor.py:171} INFO - Processing /home/airflow/.local/lib/python3.7/site-packages/airflow/example_dags/example_branch_operator.py took 0.098 seconds
[2022-03-03 15:49:53,179] {processor.py:163} INFO - Started process (PID=3574) to work on /home/airflow/.local/lib/python3.7/site-packages/airflow/example_dags/example_branch_operator.py
[2022-03-03 15:49:53,185] {processor.py:642} INFO - Processing file /home/airflow/.local/lib/python3.7/site-packages/airflow/example_dags/example_branch_operator.py for tasks to queue
[2022-03-03 15:49:53,187] {logging_mixin.py:109} INFO - [2022-03-03 15:49:53,186] {dagbag.py:500} INFO - Filling up the DagBag from /home/airflow/.local/lib/python3.7/site-packages/airflow/example_dags/example_branch_operator.py
[2022-03-03 15:49:53,238] {processor.py:654} INFO - DAG(s) dict_keys(['example_branch_operator']) retrieved from /home/airflow/.local/lib/python3.7/site-packages/airflow/example_dags/example_branch_operator.py
[2022-03-03 15:49:53,258] {logging_mixin.py:109} INFO - [2022-03-03 15:49:53,258] {dag.py:2396} INFO - Sync 1 DAGs
[2022-03-03 15:49:53,293] {logging_mixin.py:109} INFO - [2022-03-03 15:49:53,293] {dag.py:2935} INFO - Setting next_dagrun for example_branch_operator to 2022-03-02 00:00:00+00:00
[2022-03-03 15:49:53,326] {processor.py:171} INFO - Processing /home/airflow/.local/lib/python3.7/site-packages/airflow/example_dags/example_branch_operator.py took 0.151 seconds
[2022-03-03 15:50:23,392] {processor.py:163} INFO - Started process (PID=3634) to work on /home/airflow/.local/lib/python3.7/site-packages/airflow/example_dags/example_branch_operator.py
[2022-03-03 15:50:23,396] {processor.py:642} INFO - Processing file /home/airflow/.local/lib/python3.7/site-packages/airflow/example_dags/example_branch_operator.py for tasks to queue
[2022-03-03 15:50:23,398] {logging_mixin.py:109} INFO - [2022-03-03 15:50:23,398] {dagbag.py:500} INFO - Filling up the DagBag from /home/airflow/.local/lib/python3.7/site-packages/airflow/example_dags/example_branch_operator.py
[2022-03-03 15:50:23,441] {processor.py:654} INFO - DAG(s) dict_keys(['example_branch_operator']) retrieved from /home/airflow/.local/lib/python3.7/site-packages/airflow/example_dags/example_branch_operator.py
[2022-03-03 15:50:23,464] {logging_mixin.py:109} INFO - [2022-03-03 15:50:23,464] {dag.py:2396} INFO - Sync 1 DAGs
[2022-03-03 15:50:23,491] {logging_mixin.py:109} INFO - [2022-03-03 15:50:23,490] {dag.py:2935} INFO - Setting next_dagrun for example_branch_operator to 2022-03-02 00:00:00+00:00
[2022-03-03 15:50:23,510] {processor.py:171} INFO - Processing /home/airflow/.local/lib/python3.7/site-packages/airflow/example_dags/example_branch_operator.py took 0.123 seconds
[2022-03-03 15:50:53,985] {processor.py:163} INFO - Started process (PID=3703) to work on /home/airflow/.local/lib/python3.7/site-packages/airflow/example_dags/example_branch_operator.py
[2022-03-03 15:50:53,989] {processor.py:642} INFO - Processing file /home/airflow/.local/lib/python3.7/site-packages/airflow/example_dags/example_branch_operator.py for tasks to queue
[2022-03-03 15:50:53,992] {logging_mixin.py:109} INFO - [2022-03-03 15:50:53,992] {dagbag.py:500} INFO - Filling up the DagBag from /home/airflow/.local/lib/python3.7/site-packages/airflow/example_dags/example_branch_operator.py
[2022-03-03 15:50:54,073] {processor.py:654} INFO - DAG(s) dict_keys(['example_branch_operator']) retrieved from /home/airflow/.local/lib/python3.7/site-packages/airflow/example_dags/example_branch_operator.py
[2022-03-03 15:50:54,101] {logging_mixin.py:109} INFO - [2022-03-03 15:50:54,101] {dag.py:2396} INFO - Sync 1 DAGs
[2022-03-03 15:50:54,133] {logging_mixin.py:109} INFO - [2022-03-03 15:50:54,133] {dag.py:2935} INFO - Setting next_dagrun for example_branch_operator to 2022-03-02 00:00:00+00:00
[2022-03-03 15:50:54,158] {processor.py:171} INFO - Processing /home/airflow/.local/lib/python3.7/site-packages/airflow/example_dags/example_branch_operator.py took 0.182 seconds
