[2022-03-03 15:18:30,115] {processor.py:163} INFO - Started process (PID=50) to work on /home/airflow/.local/lib/python3.7/site-packages/airflow/example_dags/example_complex.py
[2022-03-03 15:18:30,128] {processor.py:642} INFO - Processing file /home/airflow/.local/lib/python3.7/site-packages/airflow/example_dags/example_complex.py for tasks to queue
[2022-03-03 15:18:30,137] {logging_mixin.py:109} INFO - [2022-03-03 15:18:30,136] {dagbag.py:500} INFO - Filling up the DagBag from /home/airflow/.local/lib/python3.7/site-packages/airflow/example_dags/example_complex.py
[2022-03-03 15:18:30,275] {processor.py:654} INFO - DAG(s) dict_keys(['example_complex']) retrieved from /home/airflow/.local/lib/python3.7/site-packages/airflow/example_dags/example_complex.py
[2022-03-03 15:18:30,344] {logging_mixin.py:109} INFO - [2022-03-03 15:18:30,344] {dag.py:2396} INFO - Sync 1 DAGs
[2022-03-03 15:18:30,409] {logging_mixin.py:109} INFO - [2022-03-03 15:18:30,409] {dag.py:2935} INFO - Setting next_dagrun for example_complex to None
[2022-03-03 15:18:30,451] {processor.py:171} INFO - Processing /home/airflow/.local/lib/python3.7/site-packages/airflow/example_dags/example_complex.py took 0.348 seconds
[2022-03-03 15:19:01,218] {processor.py:163} INFO - Started process (PID=103) to work on /home/airflow/.local/lib/python3.7/site-packages/airflow/example_dags/example_complex.py
[2022-03-03 15:19:01,232] {processor.py:642} INFO - Processing file /home/airflow/.local/lib/python3.7/site-packages/airflow/example_dags/example_complex.py for tasks to queue
[2022-03-03 15:19:01,239] {logging_mixin.py:109} INFO - [2022-03-03 15:19:01,239] {dagbag.py:500} INFO - Filling up the DagBag from /home/airflow/.local/lib/python3.7/site-packages/airflow/example_dags/example_complex.py
[2022-03-03 15:19:01,455] {processor.py:654} INFO - DAG(s) dict_keys(['example_complex']) retrieved from /home/airflow/.local/lib/python3.7/site-packages/airflow/example_dags/example_complex.py
[2022-03-03 15:19:01,599] {logging_mixin.py:109} INFO - [2022-03-03 15:19:01,598] {dag.py:2396} INFO - Sync 1 DAGs
[2022-03-03 15:19:01,848] {logging_mixin.py:109} INFO - [2022-03-03 15:19:01,848] {dag.py:2935} INFO - Setting next_dagrun for example_complex to None
[2022-03-03 15:19:01,931] {processor.py:171} INFO - Processing /home/airflow/.local/lib/python3.7/site-packages/airflow/example_dags/example_complex.py took 0.753 seconds
[2022-03-03 15:19:32,402] {processor.py:163} INFO - Started process (PID=157) to work on /home/airflow/.local/lib/python3.7/site-packages/airflow/example_dags/example_complex.py
[2022-03-03 15:19:32,404] {processor.py:642} INFO - Processing file /home/airflow/.local/lib/python3.7/site-packages/airflow/example_dags/example_complex.py for tasks to queue
[2022-03-03 15:19:32,409] {logging_mixin.py:109} INFO - [2022-03-03 15:19:32,408] {dagbag.py:500} INFO - Filling up the DagBag from /home/airflow/.local/lib/python3.7/site-packages/airflow/example_dags/example_complex.py
[2022-03-03 15:19:32,551] {processor.py:654} INFO - DAG(s) dict_keys(['example_complex']) retrieved from /home/airflow/.local/lib/python3.7/site-packages/airflow/example_dags/example_complex.py
[2022-03-03 15:19:32,614] {logging_mixin.py:109} INFO - [2022-03-03 15:19:32,614] {dag.py:2396} INFO - Sync 1 DAGs
[2022-03-03 15:19:32,664] {logging_mixin.py:109} INFO - [2022-03-03 15:19:32,664] {dag.py:2935} INFO - Setting next_dagrun for example_complex to None
[2022-03-03 15:19:32,683] {processor.py:171} INFO - Processing /home/airflow/.local/lib/python3.7/site-packages/airflow/example_dags/example_complex.py took 0.289 seconds
[2022-03-03 15:20:02,780] {processor.py:163} INFO - Started process (PID=211) to work on /home/airflow/.local/lib/python3.7/site-packages/airflow/example_dags/example_complex.py
[2022-03-03 15:20:02,783] {processor.py:642} INFO - Processing file /home/airflow/.local/lib/python3.7/site-packages/airflow/example_dags/example_complex.py for tasks to queue
[2022-03-03 15:20:02,784] {logging_mixin.py:109} INFO - [2022-03-03 15:20:02,784] {dagbag.py:500} INFO - Filling up the DagBag from /home/airflow/.local/lib/python3.7/site-packages/airflow/example_dags/example_complex.py
[2022-03-03 15:20:02,825] {processor.py:654} INFO - DAG(s) dict_keys(['example_complex']) retrieved from /home/airflow/.local/lib/python3.7/site-packages/airflow/example_dags/example_complex.py
[2022-03-03 15:20:02,848] {logging_mixin.py:109} INFO - [2022-03-03 15:20:02,848] {dag.py:2396} INFO - Sync 1 DAGs
[2022-03-03 15:20:02,870] {logging_mixin.py:109} INFO - [2022-03-03 15:20:02,870] {dag.py:2935} INFO - Setting next_dagrun for example_complex to None
[2022-03-03 15:20:02,887] {processor.py:171} INFO - Processing /home/airflow/.local/lib/python3.7/site-packages/airflow/example_dags/example_complex.py took 0.112 seconds
[2022-03-03 15:20:33,287] {processor.py:163} INFO - Started process (PID=264) to work on /home/airflow/.local/lib/python3.7/site-packages/airflow/example_dags/example_complex.py
[2022-03-03 15:20:33,295] {processor.py:642} INFO - Processing file /home/airflow/.local/lib/python3.7/site-packages/airflow/example_dags/example_complex.py for tasks to queue
[2022-03-03 15:20:33,301] {logging_mixin.py:109} INFO - [2022-03-03 15:20:33,301] {dagbag.py:500} INFO - Filling up the DagBag from /home/airflow/.local/lib/python3.7/site-packages/airflow/example_dags/example_complex.py
[2022-03-03 15:20:33,399] {processor.py:654} INFO - DAG(s) dict_keys(['example_complex']) retrieved from /home/airflow/.local/lib/python3.7/site-packages/airflow/example_dags/example_complex.py
[2022-03-03 15:20:33,421] {logging_mixin.py:109} INFO - [2022-03-03 15:20:33,421] {dag.py:2396} INFO - Sync 1 DAGs
[2022-03-03 15:20:33,441] {logging_mixin.py:109} INFO - [2022-03-03 15:20:33,441] {dag.py:2935} INFO - Setting next_dagrun for example_complex to None
[2022-03-03 15:20:33,454] {processor.py:171} INFO - Processing /home/airflow/.local/lib/python3.7/site-packages/airflow/example_dags/example_complex.py took 0.170 seconds
[2022-03-03 15:21:03,953] {processor.py:163} INFO - Started process (PID=319) to work on /home/airflow/.local/lib/python3.7/site-packages/airflow/example_dags/example_complex.py
[2022-03-03 15:21:03,957] {processor.py:642} INFO - Processing file /home/airflow/.local/lib/python3.7/site-packages/airflow/example_dags/example_complex.py for tasks to queue
[2022-03-03 15:21:03,960] {logging_mixin.py:109} INFO - [2022-03-03 15:21:03,959] {dagbag.py:500} INFO - Filling up the DagBag from /home/airflow/.local/lib/python3.7/site-packages/airflow/example_dags/example_complex.py
[2022-03-03 15:21:04,034] {processor.py:654} INFO - DAG(s) dict_keys(['example_complex']) retrieved from /home/airflow/.local/lib/python3.7/site-packages/airflow/example_dags/example_complex.py
[2022-03-03 15:21:04,065] {logging_mixin.py:109} INFO - [2022-03-03 15:21:04,065] {dag.py:2396} INFO - Sync 1 DAGs
[2022-03-03 15:21:04,094] {logging_mixin.py:109} INFO - [2022-03-03 15:21:04,094] {dag.py:2935} INFO - Setting next_dagrun for example_complex to None
[2022-03-03 15:21:04,113] {processor.py:171} INFO - Processing /home/airflow/.local/lib/python3.7/site-packages/airflow/example_dags/example_complex.py took 0.166 seconds
[2022-03-03 15:21:34,241] {processor.py:163} INFO - Started process (PID=374) to work on /home/airflow/.local/lib/python3.7/site-packages/airflow/example_dags/example_complex.py
[2022-03-03 15:21:34,252] {processor.py:642} INFO - Processing file /home/airflow/.local/lib/python3.7/site-packages/airflow/example_dags/example_complex.py for tasks to queue
[2022-03-03 15:21:34,254] {logging_mixin.py:109} INFO - [2022-03-03 15:21:34,254] {dagbag.py:500} INFO - Filling up the DagBag from /home/airflow/.local/lib/python3.7/site-packages/airflow/example_dags/example_complex.py
[2022-03-03 15:21:34,370] {processor.py:654} INFO - DAG(s) dict_keys(['example_complex']) retrieved from /home/airflow/.local/lib/python3.7/site-packages/airflow/example_dags/example_complex.py
[2022-03-03 15:21:34,441] {logging_mixin.py:109} INFO - [2022-03-03 15:21:34,441] {dag.py:2396} INFO - Sync 1 DAGs
[2022-03-03 15:21:34,533] {logging_mixin.py:109} INFO - [2022-03-03 15:21:34,532] {dag.py:2935} INFO - Setting next_dagrun for example_complex to None
[2022-03-03 15:21:34,569] {processor.py:171} INFO - Processing /home/airflow/.local/lib/python3.7/site-packages/airflow/example_dags/example_complex.py took 0.337 seconds
[2022-03-03 15:22:04,829] {processor.py:163} INFO - Started process (PID=430) to work on /home/airflow/.local/lib/python3.7/site-packages/airflow/example_dags/example_complex.py
[2022-03-03 15:22:04,833] {processor.py:642} INFO - Processing file /home/airflow/.local/lib/python3.7/site-packages/airflow/example_dags/example_complex.py for tasks to queue
[2022-03-03 15:22:04,835] {logging_mixin.py:109} INFO - [2022-03-03 15:22:04,835] {dagbag.py:500} INFO - Filling up the DagBag from /home/airflow/.local/lib/python3.7/site-packages/airflow/example_dags/example_complex.py
[2022-03-03 15:22:04,875] {processor.py:654} INFO - DAG(s) dict_keys(['example_complex']) retrieved from /home/airflow/.local/lib/python3.7/site-packages/airflow/example_dags/example_complex.py
[2022-03-03 15:22:04,893] {logging_mixin.py:109} INFO - [2022-03-03 15:22:04,893] {dag.py:2396} INFO - Sync 1 DAGs
[2022-03-03 15:22:04,919] {logging_mixin.py:109} INFO - [2022-03-03 15:22:04,919] {dag.py:2935} INFO - Setting next_dagrun for example_complex to None
[2022-03-03 15:22:04,929] {processor.py:171} INFO - Processing /home/airflow/.local/lib/python3.7/site-packages/airflow/example_dags/example_complex.py took 0.109 seconds
[2022-03-03 15:22:35,114] {processor.py:163} INFO - Started process (PID=497) to work on /home/airflow/.local/lib/python3.7/site-packages/airflow/example_dags/example_complex.py
[2022-03-03 15:22:35,117] {processor.py:642} INFO - Processing file /home/airflow/.local/lib/python3.7/site-packages/airflow/example_dags/example_complex.py for tasks to queue
[2022-03-03 15:22:35,121] {logging_mixin.py:109} INFO - [2022-03-03 15:22:35,120] {dagbag.py:500} INFO - Filling up the DagBag from /home/airflow/.local/lib/python3.7/site-packages/airflow/example_dags/example_complex.py
[2022-03-03 15:22:35,180] {processor.py:654} INFO - DAG(s) dict_keys(['example_complex']) retrieved from /home/airflow/.local/lib/python3.7/site-packages/airflow/example_dags/example_complex.py
[2022-03-03 15:22:35,202] {logging_mixin.py:109} INFO - [2022-03-03 15:22:35,202] {dag.py:2396} INFO - Sync 1 DAGs
[2022-03-03 15:22:35,225] {logging_mixin.py:109} INFO - [2022-03-03 15:22:35,225] {dag.py:2935} INFO - Setting next_dagrun for example_complex to None
[2022-03-03 15:22:35,236] {processor.py:171} INFO - Processing /home/airflow/.local/lib/python3.7/site-packages/airflow/example_dags/example_complex.py took 0.139 seconds
[2022-03-03 15:23:05,552] {processor.py:163} INFO - Started process (PID=553) to work on /home/airflow/.local/lib/python3.7/site-packages/airflow/example_dags/example_complex.py
[2022-03-03 15:23:05,554] {processor.py:642} INFO - Processing file /home/airflow/.local/lib/python3.7/site-packages/airflow/example_dags/example_complex.py for tasks to queue
[2022-03-03 15:23:05,556] {logging_mixin.py:109} INFO - [2022-03-03 15:23:05,556] {dagbag.py:500} INFO - Filling up the DagBag from /home/airflow/.local/lib/python3.7/site-packages/airflow/example_dags/example_complex.py
[2022-03-03 15:23:05,603] {processor.py:654} INFO - DAG(s) dict_keys(['example_complex']) retrieved from /home/airflow/.local/lib/python3.7/site-packages/airflow/example_dags/example_complex.py
[2022-03-03 15:23:05,623] {logging_mixin.py:109} INFO - [2022-03-03 15:23:05,623] {dag.py:2396} INFO - Sync 1 DAGs
[2022-03-03 15:23:05,647] {logging_mixin.py:109} INFO - [2022-03-03 15:23:05,647] {dag.py:2935} INFO - Setting next_dagrun for example_complex to None
[2022-03-03 15:23:05,660] {processor.py:171} INFO - Processing /home/airflow/.local/lib/python3.7/site-packages/airflow/example_dags/example_complex.py took 0.117 seconds
[2022-03-03 15:23:36,229] {processor.py:163} INFO - Started process (PID=607) to work on /home/airflow/.local/lib/python3.7/site-packages/airflow/example_dags/example_complex.py
[2022-03-03 15:23:36,232] {processor.py:642} INFO - Processing file /home/airflow/.local/lib/python3.7/site-packages/airflow/example_dags/example_complex.py for tasks to queue
[2022-03-03 15:23:36,236] {logging_mixin.py:109} INFO - [2022-03-03 15:23:36,235] {dagbag.py:500} INFO - Filling up the DagBag from /home/airflow/.local/lib/python3.7/site-packages/airflow/example_dags/example_complex.py
[2022-03-03 15:23:36,367] {processor.py:654} INFO - DAG(s) dict_keys(['example_complex']) retrieved from /home/airflow/.local/lib/python3.7/site-packages/airflow/example_dags/example_complex.py
[2022-03-03 15:23:36,408] {logging_mixin.py:109} INFO - [2022-03-03 15:23:36,408] {dag.py:2396} INFO - Sync 1 DAGs
[2022-03-03 15:23:36,451] {logging_mixin.py:109} INFO - [2022-03-03 15:23:36,451] {dag.py:2935} INFO - Setting next_dagrun for example_complex to None
[2022-03-03 15:23:36,471] {processor.py:171} INFO - Processing /home/airflow/.local/lib/python3.7/site-packages/airflow/example_dags/example_complex.py took 0.246 seconds
[2022-03-03 15:24:06,971] {processor.py:163} INFO - Started process (PID=670) to work on /home/airflow/.local/lib/python3.7/site-packages/airflow/example_dags/example_complex.py
[2022-03-03 15:24:06,991] {processor.py:642} INFO - Processing file /home/airflow/.local/lib/python3.7/site-packages/airflow/example_dags/example_complex.py for tasks to queue
[2022-03-03 15:24:06,992] {logging_mixin.py:109} INFO - [2022-03-03 15:24:06,992] {dagbag.py:500} INFO - Filling up the DagBag from /home/airflow/.local/lib/python3.7/site-packages/airflow/example_dags/example_complex.py
[2022-03-03 15:24:07,154] {processor.py:654} INFO - DAG(s) dict_keys(['example_complex']) retrieved from /home/airflow/.local/lib/python3.7/site-packages/airflow/example_dags/example_complex.py
[2022-03-03 15:24:07,207] {logging_mixin.py:109} INFO - [2022-03-03 15:24:07,207] {dag.py:2396} INFO - Sync 1 DAGs
[2022-03-03 15:24:07,248] {logging_mixin.py:109} INFO - [2022-03-03 15:24:07,248] {dag.py:2935} INFO - Setting next_dagrun for example_complex to None
[2022-03-03 15:24:07,270] {processor.py:171} INFO - Processing /home/airflow/.local/lib/python3.7/site-packages/airflow/example_dags/example_complex.py took 0.308 seconds
[2022-03-03 15:24:37,387] {processor.py:163} INFO - Started process (PID=727) to work on /home/airflow/.local/lib/python3.7/site-packages/airflow/example_dags/example_complex.py
[2022-03-03 15:24:37,388] {processor.py:642} INFO - Processing file /home/airflow/.local/lib/python3.7/site-packages/airflow/example_dags/example_complex.py for tasks to queue
[2022-03-03 15:24:37,390] {logging_mixin.py:109} INFO - [2022-03-03 15:24:37,390] {dagbag.py:500} INFO - Filling up the DagBag from /home/airflow/.local/lib/python3.7/site-packages/airflow/example_dags/example_complex.py
[2022-03-03 15:24:37,434] {processor.py:654} INFO - DAG(s) dict_keys(['example_complex']) retrieved from /home/airflow/.local/lib/python3.7/site-packages/airflow/example_dags/example_complex.py
[2022-03-03 15:24:37,450] {logging_mixin.py:109} INFO - [2022-03-03 15:24:37,450] {dag.py:2396} INFO - Sync 1 DAGs
[2022-03-03 15:24:37,469] {logging_mixin.py:109} INFO - [2022-03-03 15:24:37,469] {dag.py:2935} INFO - Setting next_dagrun for example_complex to None
[2022-03-03 15:24:37,480] {processor.py:171} INFO - Processing /home/airflow/.local/lib/python3.7/site-packages/airflow/example_dags/example_complex.py took 0.097 seconds
[2022-03-03 15:25:07,827] {processor.py:163} INFO - Started process (PID=779) to work on /home/airflow/.local/lib/python3.7/site-packages/airflow/example_dags/example_complex.py
[2022-03-03 15:25:07,829] {processor.py:642} INFO - Processing file /home/airflow/.local/lib/python3.7/site-packages/airflow/example_dags/example_complex.py for tasks to queue
[2022-03-03 15:25:07,830] {logging_mixin.py:109} INFO - [2022-03-03 15:25:07,830] {dagbag.py:500} INFO - Filling up the DagBag from /home/airflow/.local/lib/python3.7/site-packages/airflow/example_dags/example_complex.py
[2022-03-03 15:25:07,868] {processor.py:654} INFO - DAG(s) dict_keys(['example_complex']) retrieved from /home/airflow/.local/lib/python3.7/site-packages/airflow/example_dags/example_complex.py
[2022-03-03 15:25:07,884] {logging_mixin.py:109} INFO - [2022-03-03 15:25:07,884] {dag.py:2396} INFO - Sync 1 DAGs
[2022-03-03 15:25:07,900] {logging_mixin.py:109} INFO - [2022-03-03 15:25:07,899] {dag.py:2935} INFO - Setting next_dagrun for example_complex to None
[2022-03-03 15:25:07,909] {processor.py:171} INFO - Processing /home/airflow/.local/lib/python3.7/site-packages/airflow/example_dags/example_complex.py took 0.086 seconds
[2022-03-03 15:25:38,107] {processor.py:163} INFO - Started process (PID=834) to work on /home/airflow/.local/lib/python3.7/site-packages/airflow/example_dags/example_complex.py
[2022-03-03 15:25:38,110] {processor.py:642} INFO - Processing file /home/airflow/.local/lib/python3.7/site-packages/airflow/example_dags/example_complex.py for tasks to queue
[2022-03-03 15:25:38,112] {logging_mixin.py:109} INFO - [2022-03-03 15:25:38,112] {dagbag.py:500} INFO - Filling up the DagBag from /home/airflow/.local/lib/python3.7/site-packages/airflow/example_dags/example_complex.py
[2022-03-03 15:25:38,150] {processor.py:654} INFO - DAG(s) dict_keys(['example_complex']) retrieved from /home/airflow/.local/lib/python3.7/site-packages/airflow/example_dags/example_complex.py
[2022-03-03 15:25:38,169] {logging_mixin.py:109} INFO - [2022-03-03 15:25:38,169] {dag.py:2396} INFO - Sync 1 DAGs
[2022-03-03 15:25:38,189] {logging_mixin.py:109} INFO - [2022-03-03 15:25:38,189] {dag.py:2935} INFO - Setting next_dagrun for example_complex to None
[2022-03-03 15:25:38,201] {processor.py:171} INFO - Processing /home/airflow/.local/lib/python3.7/site-packages/airflow/example_dags/example_complex.py took 0.099 seconds
[2022-03-03 15:26:08,586] {processor.py:163} INFO - Started process (PID=884) to work on /home/airflow/.local/lib/python3.7/site-packages/airflow/example_dags/example_complex.py
[2022-03-03 15:26:08,592] {processor.py:642} INFO - Processing file /home/airflow/.local/lib/python3.7/site-packages/airflow/example_dags/example_complex.py for tasks to queue
[2022-03-03 15:26:08,593] {logging_mixin.py:109} INFO - [2022-03-03 15:26:08,593] {dagbag.py:500} INFO - Filling up the DagBag from /home/airflow/.local/lib/python3.7/site-packages/airflow/example_dags/example_complex.py
[2022-03-03 15:26:08,666] {processor.py:654} INFO - DAG(s) dict_keys(['example_complex']) retrieved from /home/airflow/.local/lib/python3.7/site-packages/airflow/example_dags/example_complex.py
[2022-03-03 15:26:08,692] {logging_mixin.py:109} INFO - [2022-03-03 15:26:08,692] {dag.py:2396} INFO - Sync 1 DAGs
[2022-03-03 15:26:08,723] {logging_mixin.py:109} INFO - [2022-03-03 15:26:08,723] {dag.py:2935} INFO - Setting next_dagrun for example_complex to None
[2022-03-03 15:26:08,742] {processor.py:171} INFO - Processing /home/airflow/.local/lib/python3.7/site-packages/airflow/example_dags/example_complex.py took 0.159 seconds
[2022-03-03 15:26:39,132] {processor.py:163} INFO - Started process (PID=947) to work on /home/airflow/.local/lib/python3.7/site-packages/airflow/example_dags/example_complex.py
[2022-03-03 15:26:39,141] {processor.py:642} INFO - Processing file /home/airflow/.local/lib/python3.7/site-packages/airflow/example_dags/example_complex.py for tasks to queue
[2022-03-03 15:26:39,143] {logging_mixin.py:109} INFO - [2022-03-03 15:26:39,143] {dagbag.py:500} INFO - Filling up the DagBag from /home/airflow/.local/lib/python3.7/site-packages/airflow/example_dags/example_complex.py
[2022-03-03 15:26:39,324] {processor.py:654} INFO - DAG(s) dict_keys(['example_complex']) retrieved from /home/airflow/.local/lib/python3.7/site-packages/airflow/example_dags/example_complex.py
[2022-03-03 15:26:39,416] {logging_mixin.py:109} INFO - [2022-03-03 15:26:39,416] {dag.py:2396} INFO - Sync 1 DAGs
[2022-03-03 15:26:39,500] {logging_mixin.py:109} INFO - [2022-03-03 15:26:39,500] {dag.py:2935} INFO - Setting next_dagrun for example_complex to None
[2022-03-03 15:26:39,519] {processor.py:171} INFO - Processing /home/airflow/.local/lib/python3.7/site-packages/airflow/example_dags/example_complex.py took 0.409 seconds
[2022-03-03 15:27:09,846] {processor.py:163} INFO - Started process (PID=1002) to work on /home/airflow/.local/lib/python3.7/site-packages/airflow/example_dags/example_complex.py
[2022-03-03 15:27:09,848] {processor.py:642} INFO - Processing file /home/airflow/.local/lib/python3.7/site-packages/airflow/example_dags/example_complex.py for tasks to queue
[2022-03-03 15:27:09,850] {logging_mixin.py:109} INFO - [2022-03-03 15:27:09,850] {dagbag.py:500} INFO - Filling up the DagBag from /home/airflow/.local/lib/python3.7/site-packages/airflow/example_dags/example_complex.py
[2022-03-03 15:27:09,890] {processor.py:654} INFO - DAG(s) dict_keys(['example_complex']) retrieved from /home/airflow/.local/lib/python3.7/site-packages/airflow/example_dags/example_complex.py
[2022-03-03 15:27:09,918] {logging_mixin.py:109} INFO - [2022-03-03 15:27:09,918] {dag.py:2396} INFO - Sync 1 DAGs
[2022-03-03 15:27:09,936] {logging_mixin.py:109} INFO - [2022-03-03 15:27:09,936] {dag.py:2935} INFO - Setting next_dagrun for example_complex to None
[2022-03-03 15:27:09,949] {processor.py:171} INFO - Processing /home/airflow/.local/lib/python3.7/site-packages/airflow/example_dags/example_complex.py took 0.108 seconds
[2022-03-03 15:27:40,407] {processor.py:163} INFO - Started process (PID=1060) to work on /home/airflow/.local/lib/python3.7/site-packages/airflow/example_dags/example_complex.py
[2022-03-03 15:27:40,414] {processor.py:642} INFO - Processing file /home/airflow/.local/lib/python3.7/site-packages/airflow/example_dags/example_complex.py for tasks to queue
[2022-03-03 15:27:40,415] {logging_mixin.py:109} INFO - [2022-03-03 15:27:40,415] {dagbag.py:500} INFO - Filling up the DagBag from /home/airflow/.local/lib/python3.7/site-packages/airflow/example_dags/example_complex.py
[2022-03-03 15:27:40,464] {processor.py:654} INFO - DAG(s) dict_keys(['example_complex']) retrieved from /home/airflow/.local/lib/python3.7/site-packages/airflow/example_dags/example_complex.py
[2022-03-03 15:27:40,486] {logging_mixin.py:109} INFO - [2022-03-03 15:27:40,486] {dag.py:2396} INFO - Sync 1 DAGs
[2022-03-03 15:27:40,510] {logging_mixin.py:109} INFO - [2022-03-03 15:27:40,509] {dag.py:2935} INFO - Setting next_dagrun for example_complex to None
[2022-03-03 15:27:40,525] {processor.py:171} INFO - Processing /home/airflow/.local/lib/python3.7/site-packages/airflow/example_dags/example_complex.py took 0.123 seconds
[2022-03-03 15:28:10,960] {processor.py:163} INFO - Started process (PID=1118) to work on /home/airflow/.local/lib/python3.7/site-packages/airflow/example_dags/example_complex.py
[2022-03-03 15:28:10,962] {processor.py:642} INFO - Processing file /home/airflow/.local/lib/python3.7/site-packages/airflow/example_dags/example_complex.py for tasks to queue
[2022-03-03 15:28:10,963] {logging_mixin.py:109} INFO - [2022-03-03 15:28:10,963] {dagbag.py:500} INFO - Filling up the DagBag from /home/airflow/.local/lib/python3.7/site-packages/airflow/example_dags/example_complex.py
[2022-03-03 15:28:11,006] {processor.py:654} INFO - DAG(s) dict_keys(['example_complex']) retrieved from /home/airflow/.local/lib/python3.7/site-packages/airflow/example_dags/example_complex.py
[2022-03-03 15:28:11,029] {logging_mixin.py:109} INFO - [2022-03-03 15:28:11,029] {dag.py:2396} INFO - Sync 1 DAGs
[2022-03-03 15:28:11,049] {logging_mixin.py:109} INFO - [2022-03-03 15:28:11,049] {dag.py:2935} INFO - Setting next_dagrun for example_complex to None
[2022-03-03 15:28:11,059] {processor.py:171} INFO - Processing /home/airflow/.local/lib/python3.7/site-packages/airflow/example_dags/example_complex.py took 0.103 seconds
[2022-03-03 15:28:42,278] {processor.py:163} INFO - Started process (PID=1173) to work on /home/airflow/.local/lib/python3.7/site-packages/airflow/example_dags/example_complex.py
[2022-03-03 15:28:42,286] {processor.py:642} INFO - Processing file /home/airflow/.local/lib/python3.7/site-packages/airflow/example_dags/example_complex.py for tasks to queue
[2022-03-03 15:28:42,297] {logging_mixin.py:109} INFO - [2022-03-03 15:28:42,297] {dagbag.py:500} INFO - Filling up the DagBag from /home/airflow/.local/lib/python3.7/site-packages/airflow/example_dags/example_complex.py
[2022-03-03 15:28:42,486] {processor.py:654} INFO - DAG(s) dict_keys(['example_complex']) retrieved from /home/airflow/.local/lib/python3.7/site-packages/airflow/example_dags/example_complex.py
[2022-03-03 15:28:42,509] {logging_mixin.py:109} INFO - [2022-03-03 15:28:42,508] {dag.py:2396} INFO - Sync 1 DAGs
[2022-03-03 15:28:42,720] {logging_mixin.py:109} INFO - [2022-03-03 15:28:42,720] {dag.py:2935} INFO - Setting next_dagrun for example_complex to None
[2022-03-03 15:28:42,748] {processor.py:171} INFO - Processing /home/airflow/.local/lib/python3.7/site-packages/airflow/example_dags/example_complex.py took 0.503 seconds
[2022-03-03 15:29:14,046] {processor.py:163} INFO - Started process (PID=1225) to work on /home/airflow/.local/lib/python3.7/site-packages/airflow/example_dags/example_complex.py
[2022-03-03 15:29:14,048] {processor.py:642} INFO - Processing file /home/airflow/.local/lib/python3.7/site-packages/airflow/example_dags/example_complex.py for tasks to queue
[2022-03-03 15:29:14,049] {logging_mixin.py:109} INFO - [2022-03-03 15:29:14,049] {dagbag.py:500} INFO - Filling up the DagBag from /home/airflow/.local/lib/python3.7/site-packages/airflow/example_dags/example_complex.py
[2022-03-03 15:29:14,208] {processor.py:654} INFO - DAG(s) dict_keys(['example_complex']) retrieved from /home/airflow/.local/lib/python3.7/site-packages/airflow/example_dags/example_complex.py
[2022-03-03 15:29:14,279] {logging_mixin.py:109} INFO - [2022-03-03 15:29:14,279] {dag.py:2396} INFO - Sync 1 DAGs
[2022-03-03 15:29:14,780] {logging_mixin.py:109} INFO - [2022-03-03 15:29:14,780] {dag.py:2935} INFO - Setting next_dagrun for example_complex to None
[2022-03-03 15:29:14,824] {processor.py:171} INFO - Processing /home/airflow/.local/lib/python3.7/site-packages/airflow/example_dags/example_complex.py took 0.789 seconds
[2022-03-03 15:29:45,244] {processor.py:163} INFO - Started process (PID=1282) to work on /home/airflow/.local/lib/python3.7/site-packages/airflow/example_dags/example_complex.py
[2022-03-03 15:29:45,248] {processor.py:642} INFO - Processing file /home/airflow/.local/lib/python3.7/site-packages/airflow/example_dags/example_complex.py for tasks to queue
[2022-03-03 15:29:45,249] {logging_mixin.py:109} INFO - [2022-03-03 15:29:45,249] {dagbag.py:500} INFO - Filling up the DagBag from /home/airflow/.local/lib/python3.7/site-packages/airflow/example_dags/example_complex.py
[2022-03-03 15:29:45,313] {processor.py:654} INFO - DAG(s) dict_keys(['example_complex']) retrieved from /home/airflow/.local/lib/python3.7/site-packages/airflow/example_dags/example_complex.py
[2022-03-03 15:29:45,342] {logging_mixin.py:109} INFO - [2022-03-03 15:29:45,342] {dag.py:2396} INFO - Sync 1 DAGs
[2022-03-03 15:29:45,517] {logging_mixin.py:109} INFO - [2022-03-03 15:29:45,517] {dag.py:2935} INFO - Setting next_dagrun for example_complex to None
[2022-03-03 15:29:45,529] {processor.py:171} INFO - Processing /home/airflow/.local/lib/python3.7/site-packages/airflow/example_dags/example_complex.py took 0.290 seconds
[2022-03-03 15:30:15,740] {processor.py:163} INFO - Started process (PID=1336) to work on /home/airflow/.local/lib/python3.7/site-packages/airflow/example_dags/example_complex.py
[2022-03-03 15:30:15,743] {processor.py:642} INFO - Processing file /home/airflow/.local/lib/python3.7/site-packages/airflow/example_dags/example_complex.py for tasks to queue
[2022-03-03 15:30:15,745] {logging_mixin.py:109} INFO - [2022-03-03 15:30:15,745] {dagbag.py:500} INFO - Filling up the DagBag from /home/airflow/.local/lib/python3.7/site-packages/airflow/example_dags/example_complex.py
[2022-03-03 15:30:15,786] {processor.py:654} INFO - DAG(s) dict_keys(['example_complex']) retrieved from /home/airflow/.local/lib/python3.7/site-packages/airflow/example_dags/example_complex.py
[2022-03-03 15:30:15,892] {logging_mixin.py:109} INFO - [2022-03-03 15:30:15,891] {dag.py:2396} INFO - Sync 1 DAGs
[2022-03-03 15:30:15,912] {logging_mixin.py:109} INFO - [2022-03-03 15:30:15,912] {dag.py:2935} INFO - Setting next_dagrun for example_complex to None
[2022-03-03 15:30:15,925] {processor.py:171} INFO - Processing /home/airflow/.local/lib/python3.7/site-packages/airflow/example_dags/example_complex.py took 0.192 seconds
[2022-03-03 15:30:46,246] {processor.py:163} INFO - Started process (PID=1391) to work on /home/airflow/.local/lib/python3.7/site-packages/airflow/example_dags/example_complex.py
[2022-03-03 15:30:46,249] {processor.py:642} INFO - Processing file /home/airflow/.local/lib/python3.7/site-packages/airflow/example_dags/example_complex.py for tasks to queue
[2022-03-03 15:30:46,252] {logging_mixin.py:109} INFO - [2022-03-03 15:30:46,252] {dagbag.py:500} INFO - Filling up the DagBag from /home/airflow/.local/lib/python3.7/site-packages/airflow/example_dags/example_complex.py
[2022-03-03 15:30:46,300] {processor.py:654} INFO - DAG(s) dict_keys(['example_complex']) retrieved from /home/airflow/.local/lib/python3.7/site-packages/airflow/example_dags/example_complex.py
[2022-03-03 15:30:46,417] {logging_mixin.py:109} INFO - [2022-03-03 15:30:46,417] {dag.py:2396} INFO - Sync 1 DAGs
[2022-03-03 15:30:46,434] {logging_mixin.py:109} INFO - [2022-03-03 15:30:46,434] {dag.py:2935} INFO - Setting next_dagrun for example_complex to None
[2022-03-03 15:30:46,444] {processor.py:171} INFO - Processing /home/airflow/.local/lib/python3.7/site-packages/airflow/example_dags/example_complex.py took 0.204 seconds
[2022-03-03 15:31:16,948] {processor.py:163} INFO - Started process (PID=1448) to work on /home/airflow/.local/lib/python3.7/site-packages/airflow/example_dags/example_complex.py
[2022-03-03 15:31:16,951] {processor.py:642} INFO - Processing file /home/airflow/.local/lib/python3.7/site-packages/airflow/example_dags/example_complex.py for tasks to queue
[2022-03-03 15:31:16,955] {logging_mixin.py:109} INFO - [2022-03-03 15:31:16,955] {dagbag.py:500} INFO - Filling up the DagBag from /home/airflow/.local/lib/python3.7/site-packages/airflow/example_dags/example_complex.py
[2022-03-03 15:31:17,200] {processor.py:654} INFO - DAG(s) dict_keys(['example_complex']) retrieved from /home/airflow/.local/lib/python3.7/site-packages/airflow/example_dags/example_complex.py
[2022-03-03 15:31:17,216] {logging_mixin.py:109} INFO - [2022-03-03 15:31:17,216] {dag.py:2396} INFO - Sync 1 DAGs
[2022-03-03 15:31:17,233] {logging_mixin.py:109} INFO - [2022-03-03 15:31:17,233] {dag.py:2935} INFO - Setting next_dagrun for example_complex to None
[2022-03-03 15:31:17,253] {processor.py:171} INFO - Processing /home/airflow/.local/lib/python3.7/site-packages/airflow/example_dags/example_complex.py took 0.317 seconds
[2022-03-03 15:31:47,941] {processor.py:163} INFO - Started process (PID=1507) to work on /home/airflow/.local/lib/python3.7/site-packages/airflow/example_dags/example_complex.py
[2022-03-03 15:31:47,950] {processor.py:642} INFO - Processing file /home/airflow/.local/lib/python3.7/site-packages/airflow/example_dags/example_complex.py for tasks to queue
[2022-03-03 15:31:47,952] {logging_mixin.py:109} INFO - [2022-03-03 15:31:47,952] {dagbag.py:500} INFO - Filling up the DagBag from /home/airflow/.local/lib/python3.7/site-packages/airflow/example_dags/example_complex.py
[2022-03-03 15:31:48,291] {processor.py:654} INFO - DAG(s) dict_keys(['example_complex']) retrieved from /home/airflow/.local/lib/python3.7/site-packages/airflow/example_dags/example_complex.py
[2022-03-03 15:31:48,319] {logging_mixin.py:109} INFO - [2022-03-03 15:31:48,319] {dag.py:2396} INFO - Sync 1 DAGs
[2022-03-03 15:31:48,353] {logging_mixin.py:109} INFO - [2022-03-03 15:31:48,353] {dag.py:2935} INFO - Setting next_dagrun for example_complex to None
[2022-03-03 15:31:48,372] {processor.py:171} INFO - Processing /home/airflow/.local/lib/python3.7/site-packages/airflow/example_dags/example_complex.py took 0.434 seconds
[2022-03-03 15:32:18,845] {processor.py:163} INFO - Started process (PID=1570) to work on /home/airflow/.local/lib/python3.7/site-packages/airflow/example_dags/example_complex.py
[2022-03-03 15:32:18,852] {processor.py:642} INFO - Processing file /home/airflow/.local/lib/python3.7/site-packages/airflow/example_dags/example_complex.py for tasks to queue
[2022-03-03 15:32:18,857] {logging_mixin.py:109} INFO - [2022-03-03 15:32:18,855] {dagbag.py:500} INFO - Filling up the DagBag from /home/airflow/.local/lib/python3.7/site-packages/airflow/example_dags/example_complex.py
[2022-03-03 15:32:19,121] {processor.py:654} INFO - DAG(s) dict_keys(['example_complex']) retrieved from /home/airflow/.local/lib/python3.7/site-packages/airflow/example_dags/example_complex.py
[2022-03-03 15:32:19,138] {logging_mixin.py:109} INFO - [2022-03-03 15:32:19,138] {dag.py:2396} INFO - Sync 1 DAGs
[2022-03-03 15:32:19,153] {logging_mixin.py:109} INFO - [2022-03-03 15:32:19,153] {dag.py:2935} INFO - Setting next_dagrun for example_complex to None
[2022-03-03 15:32:19,168] {processor.py:171} INFO - Processing /home/airflow/.local/lib/python3.7/site-packages/airflow/example_dags/example_complex.py took 0.347 seconds
[2022-03-03 15:32:50,407] {processor.py:163} INFO - Started process (PID=1626) to work on /home/airflow/.local/lib/python3.7/site-packages/airflow/example_dags/example_complex.py
[2022-03-03 15:32:50,411] {processor.py:642} INFO - Processing file /home/airflow/.local/lib/python3.7/site-packages/airflow/example_dags/example_complex.py for tasks to queue
[2022-03-03 15:32:50,417] {logging_mixin.py:109} INFO - [2022-03-03 15:32:50,417] {dagbag.py:500} INFO - Filling up the DagBag from /home/airflow/.local/lib/python3.7/site-packages/airflow/example_dags/example_complex.py
[2022-03-03 15:32:50,756] {processor.py:654} INFO - DAG(s) dict_keys(['example_complex']) retrieved from /home/airflow/.local/lib/python3.7/site-packages/airflow/example_dags/example_complex.py
[2022-03-03 15:32:50,797] {logging_mixin.py:109} INFO - [2022-03-03 15:32:50,797] {dag.py:2396} INFO - Sync 1 DAGs
[2022-03-03 15:32:50,852] {logging_mixin.py:109} INFO - [2022-03-03 15:32:50,852] {dag.py:2935} INFO - Setting next_dagrun for example_complex to None
[2022-03-03 15:32:50,868] {processor.py:171} INFO - Processing /home/airflow/.local/lib/python3.7/site-packages/airflow/example_dags/example_complex.py took 0.475 seconds
[2022-03-03 15:33:20,979] {processor.py:163} INFO - Started process (PID=1683) to work on /home/airflow/.local/lib/python3.7/site-packages/airflow/example_dags/example_complex.py
[2022-03-03 15:33:20,983] {processor.py:642} INFO - Processing file /home/airflow/.local/lib/python3.7/site-packages/airflow/example_dags/example_complex.py for tasks to queue
[2022-03-03 15:33:20,985] {logging_mixin.py:109} INFO - [2022-03-03 15:33:20,984] {dagbag.py:500} INFO - Filling up the DagBag from /home/airflow/.local/lib/python3.7/site-packages/airflow/example_dags/example_complex.py
[2022-03-03 15:33:21,121] {processor.py:654} INFO - DAG(s) dict_keys(['example_complex']) retrieved from /home/airflow/.local/lib/python3.7/site-packages/airflow/example_dags/example_complex.py
[2022-03-03 15:33:21,143] {logging_mixin.py:109} INFO - [2022-03-03 15:33:21,143] {dag.py:2396} INFO - Sync 1 DAGs
[2022-03-03 15:33:21,158] {logging_mixin.py:109} INFO - [2022-03-03 15:33:21,158] {dag.py:2935} INFO - Setting next_dagrun for example_complex to None
[2022-03-03 15:33:21,166] {processor.py:171} INFO - Processing /home/airflow/.local/lib/python3.7/site-packages/airflow/example_dags/example_complex.py took 0.196 seconds
[2022-03-03 15:33:51,865] {processor.py:163} INFO - Started process (PID=1739) to work on /home/airflow/.local/lib/python3.7/site-packages/airflow/example_dags/example_complex.py
[2022-03-03 15:33:51,870] {processor.py:642} INFO - Processing file /home/airflow/.local/lib/python3.7/site-packages/airflow/example_dags/example_complex.py for tasks to queue
[2022-03-03 15:33:51,872] {logging_mixin.py:109} INFO - [2022-03-03 15:33:51,871] {dagbag.py:500} INFO - Filling up the DagBag from /home/airflow/.local/lib/python3.7/site-packages/airflow/example_dags/example_complex.py
[2022-03-03 15:33:51,999] {processor.py:654} INFO - DAG(s) dict_keys(['example_complex']) retrieved from /home/airflow/.local/lib/python3.7/site-packages/airflow/example_dags/example_complex.py
[2022-03-03 15:33:52,018] {logging_mixin.py:109} INFO - [2022-03-03 15:33:52,018] {dag.py:2396} INFO - Sync 1 DAGs
[2022-03-03 15:33:52,041] {logging_mixin.py:109} INFO - [2022-03-03 15:33:52,041] {dag.py:2935} INFO - Setting next_dagrun for example_complex to None
[2022-03-03 15:33:52,052] {processor.py:171} INFO - Processing /home/airflow/.local/lib/python3.7/site-packages/airflow/example_dags/example_complex.py took 0.196 seconds
[2022-03-03 15:34:22,143] {processor.py:163} INFO - Started process (PID=1798) to work on /home/airflow/.local/lib/python3.7/site-packages/airflow/example_dags/example_complex.py
[2022-03-03 15:34:22,146] {processor.py:642} INFO - Processing file /home/airflow/.local/lib/python3.7/site-packages/airflow/example_dags/example_complex.py for tasks to queue
[2022-03-03 15:34:22,148] {logging_mixin.py:109} INFO - [2022-03-03 15:34:22,147] {dagbag.py:500} INFO - Filling up the DagBag from /home/airflow/.local/lib/python3.7/site-packages/airflow/example_dags/example_complex.py
[2022-03-03 15:34:22,287] {processor.py:654} INFO - DAG(s) dict_keys(['example_complex']) retrieved from /home/airflow/.local/lib/python3.7/site-packages/airflow/example_dags/example_complex.py
[2022-03-03 15:34:22,300] {logging_mixin.py:109} INFO - [2022-03-03 15:34:22,300] {dag.py:2396} INFO - Sync 1 DAGs
[2022-03-03 15:34:22,314] {logging_mixin.py:109} INFO - [2022-03-03 15:34:22,314] {dag.py:2935} INFO - Setting next_dagrun for example_complex to None
[2022-03-03 15:34:22,325] {processor.py:171} INFO - Processing /home/airflow/.local/lib/python3.7/site-packages/airflow/example_dags/example_complex.py took 0.189 seconds
[2022-03-03 15:34:52,630] {processor.py:163} INFO - Started process (PID=1854) to work on /home/airflow/.local/lib/python3.7/site-packages/airflow/example_dags/example_complex.py
[2022-03-03 15:34:52,633] {processor.py:642} INFO - Processing file /home/airflow/.local/lib/python3.7/site-packages/airflow/example_dags/example_complex.py for tasks to queue
[2022-03-03 15:34:52,635] {logging_mixin.py:109} INFO - [2022-03-03 15:34:52,635] {dagbag.py:500} INFO - Filling up the DagBag from /home/airflow/.local/lib/python3.7/site-packages/airflow/example_dags/example_complex.py
[2022-03-03 15:34:52,687] {processor.py:654} INFO - DAG(s) dict_keys(['example_complex']) retrieved from /home/airflow/.local/lib/python3.7/site-packages/airflow/example_dags/example_complex.py
[2022-03-03 15:34:52,710] {logging_mixin.py:109} INFO - [2022-03-03 15:34:52,709] {dag.py:2396} INFO - Sync 1 DAGs
[2022-03-03 15:34:52,729] {logging_mixin.py:109} INFO - [2022-03-03 15:34:52,729] {dag.py:2935} INFO - Setting next_dagrun for example_complex to None
[2022-03-03 15:34:52,739] {processor.py:171} INFO - Processing /home/airflow/.local/lib/python3.7/site-packages/airflow/example_dags/example_complex.py took 0.119 seconds
[2022-03-03 15:35:23,091] {processor.py:163} INFO - Started process (PID=1910) to work on /home/airflow/.local/lib/python3.7/site-packages/airflow/example_dags/example_complex.py
[2022-03-03 15:35:23,096] {processor.py:642} INFO - Processing file /home/airflow/.local/lib/python3.7/site-packages/airflow/example_dags/example_complex.py for tasks to queue
[2022-03-03 15:35:23,104] {logging_mixin.py:109} INFO - [2022-03-03 15:35:23,104] {dagbag.py:500} INFO - Filling up the DagBag from /home/airflow/.local/lib/python3.7/site-packages/airflow/example_dags/example_complex.py
[2022-03-03 15:35:23,217] {processor.py:654} INFO - DAG(s) dict_keys(['example_complex']) retrieved from /home/airflow/.local/lib/python3.7/site-packages/airflow/example_dags/example_complex.py
[2022-03-03 15:35:23,235] {logging_mixin.py:109} INFO - [2022-03-03 15:35:23,235] {dag.py:2396} INFO - Sync 1 DAGs
[2022-03-03 15:35:23,251] {logging_mixin.py:109} INFO - [2022-03-03 15:35:23,251] {dag.py:2935} INFO - Setting next_dagrun for example_complex to None
[2022-03-03 15:35:23,267] {processor.py:171} INFO - Processing /home/airflow/.local/lib/python3.7/site-packages/airflow/example_dags/example_complex.py took 0.187 seconds
[2022-03-03 15:35:53,675] {processor.py:163} INFO - Started process (PID=1975) to work on /home/airflow/.local/lib/python3.7/site-packages/airflow/example_dags/example_complex.py
[2022-03-03 15:35:53,686] {processor.py:642} INFO - Processing file /home/airflow/.local/lib/python3.7/site-packages/airflow/example_dags/example_complex.py for tasks to queue
[2022-03-03 15:35:53,696] {logging_mixin.py:109} INFO - [2022-03-03 15:35:53,696] {dagbag.py:500} INFO - Filling up the DagBag from /home/airflow/.local/lib/python3.7/site-packages/airflow/example_dags/example_complex.py
[2022-03-03 15:35:53,888] {processor.py:654} INFO - DAG(s) dict_keys(['example_complex']) retrieved from /home/airflow/.local/lib/python3.7/site-packages/airflow/example_dags/example_complex.py
[2022-03-03 15:35:53,970] {logging_mixin.py:109} INFO - [2022-03-03 15:35:53,970] {dag.py:2396} INFO - Sync 1 DAGs
[2022-03-03 15:35:54,015] {logging_mixin.py:109} INFO - [2022-03-03 15:35:54,015] {dag.py:2935} INFO - Setting next_dagrun for example_complex to None
[2022-03-03 15:35:54,028] {processor.py:171} INFO - Processing /home/airflow/.local/lib/python3.7/site-packages/airflow/example_dags/example_complex.py took 0.375 seconds
[2022-03-03 15:36:24,170] {processor.py:163} INFO - Started process (PID=2029) to work on /home/airflow/.local/lib/python3.7/site-packages/airflow/example_dags/example_complex.py
[2022-03-03 15:36:24,172] {processor.py:642} INFO - Processing file /home/airflow/.local/lib/python3.7/site-packages/airflow/example_dags/example_complex.py for tasks to queue
[2022-03-03 15:36:24,173] {logging_mixin.py:109} INFO - [2022-03-03 15:36:24,173] {dagbag.py:500} INFO - Filling up the DagBag from /home/airflow/.local/lib/python3.7/site-packages/airflow/example_dags/example_complex.py
[2022-03-03 15:36:24,206] {processor.py:654} INFO - DAG(s) dict_keys(['example_complex']) retrieved from /home/airflow/.local/lib/python3.7/site-packages/airflow/example_dags/example_complex.py
[2022-03-03 15:36:24,221] {logging_mixin.py:109} INFO - [2022-03-03 15:36:24,221] {dag.py:2396} INFO - Sync 1 DAGs
[2022-03-03 15:36:24,239] {logging_mixin.py:109} INFO - [2022-03-03 15:36:24,239] {dag.py:2935} INFO - Setting next_dagrun for example_complex to None
[2022-03-03 15:36:24,249] {processor.py:171} INFO - Processing /home/airflow/.local/lib/python3.7/site-packages/airflow/example_dags/example_complex.py took 0.082 seconds
[2022-03-03 15:36:54,845] {processor.py:163} INFO - Started process (PID=2084) to work on /home/airflow/.local/lib/python3.7/site-packages/airflow/example_dags/example_complex.py
[2022-03-03 15:36:54,846] {processor.py:642} INFO - Processing file /home/airflow/.local/lib/python3.7/site-packages/airflow/example_dags/example_complex.py for tasks to queue
[2022-03-03 15:36:54,848] {logging_mixin.py:109} INFO - [2022-03-03 15:36:54,848] {dagbag.py:500} INFO - Filling up the DagBag from /home/airflow/.local/lib/python3.7/site-packages/airflow/example_dags/example_complex.py
[2022-03-03 15:36:54,883] {processor.py:654} INFO - DAG(s) dict_keys(['example_complex']) retrieved from /home/airflow/.local/lib/python3.7/site-packages/airflow/example_dags/example_complex.py
[2022-03-03 15:36:54,899] {logging_mixin.py:109} INFO - [2022-03-03 15:36:54,899] {dag.py:2396} INFO - Sync 1 DAGs
[2022-03-03 15:36:54,914] {logging_mixin.py:109} INFO - [2022-03-03 15:36:54,914] {dag.py:2935} INFO - Setting next_dagrun for example_complex to None
[2022-03-03 15:36:54,923] {processor.py:171} INFO - Processing /home/airflow/.local/lib/python3.7/site-packages/airflow/example_dags/example_complex.py took 0.083 seconds
[2022-03-03 15:37:25,009] {processor.py:163} INFO - Started process (PID=2142) to work on /home/airflow/.local/lib/python3.7/site-packages/airflow/example_dags/example_complex.py
[2022-03-03 15:37:25,011] {processor.py:642} INFO - Processing file /home/airflow/.local/lib/python3.7/site-packages/airflow/example_dags/example_complex.py for tasks to queue
[2022-03-03 15:37:25,013] {logging_mixin.py:109} INFO - [2022-03-03 15:37:25,013] {dagbag.py:500} INFO - Filling up the DagBag from /home/airflow/.local/lib/python3.7/site-packages/airflow/example_dags/example_complex.py
[2022-03-03 15:37:25,050] {processor.py:654} INFO - DAG(s) dict_keys(['example_complex']) retrieved from /home/airflow/.local/lib/python3.7/site-packages/airflow/example_dags/example_complex.py
[2022-03-03 15:37:25,065] {logging_mixin.py:109} INFO - [2022-03-03 15:37:25,065] {dag.py:2396} INFO - Sync 1 DAGs
[2022-03-03 15:37:25,082] {logging_mixin.py:109} INFO - [2022-03-03 15:37:25,082] {dag.py:2935} INFO - Setting next_dagrun for example_complex to None
[2022-03-03 15:37:25,091] {processor.py:171} INFO - Processing /home/airflow/.local/lib/python3.7/site-packages/airflow/example_dags/example_complex.py took 0.087 seconds
[2022-03-03 15:37:55,314] {processor.py:163} INFO - Started process (PID=2197) to work on /home/airflow/.local/lib/python3.7/site-packages/airflow/example_dags/example_complex.py
[2022-03-03 15:37:55,316] {processor.py:642} INFO - Processing file /home/airflow/.local/lib/python3.7/site-packages/airflow/example_dags/example_complex.py for tasks to queue
[2022-03-03 15:37:55,318] {logging_mixin.py:109} INFO - [2022-03-03 15:37:55,318] {dagbag.py:500} INFO - Filling up the DagBag from /home/airflow/.local/lib/python3.7/site-packages/airflow/example_dags/example_complex.py
[2022-03-03 15:37:55,352] {processor.py:654} INFO - DAG(s) dict_keys(['example_complex']) retrieved from /home/airflow/.local/lib/python3.7/site-packages/airflow/example_dags/example_complex.py
[2022-03-03 15:37:55,367] {logging_mixin.py:109} INFO - [2022-03-03 15:37:55,367] {dag.py:2396} INFO - Sync 1 DAGs
[2022-03-03 15:37:55,384] {logging_mixin.py:109} INFO - [2022-03-03 15:37:55,384] {dag.py:2935} INFO - Setting next_dagrun for example_complex to None
[2022-03-03 15:37:55,393] {processor.py:171} INFO - Processing /home/airflow/.local/lib/python3.7/site-packages/airflow/example_dags/example_complex.py took 0.085 seconds
[2022-03-03 15:38:26,216] {processor.py:163} INFO - Started process (PID=2260) to work on /home/airflow/.local/lib/python3.7/site-packages/airflow/example_dags/example_complex.py
[2022-03-03 15:38:26,219] {processor.py:642} INFO - Processing file /home/airflow/.local/lib/python3.7/site-packages/airflow/example_dags/example_complex.py for tasks to queue
[2022-03-03 15:38:26,222] {logging_mixin.py:109} INFO - [2022-03-03 15:38:26,221] {dagbag.py:500} INFO - Filling up the DagBag from /home/airflow/.local/lib/python3.7/site-packages/airflow/example_dags/example_complex.py
[2022-03-03 15:38:26,293] {processor.py:654} INFO - DAG(s) dict_keys(['example_complex']) retrieved from /home/airflow/.local/lib/python3.7/site-packages/airflow/example_dags/example_complex.py
[2022-03-03 15:38:26,326] {logging_mixin.py:109} INFO - [2022-03-03 15:38:26,326] {dag.py:2396} INFO - Sync 1 DAGs
[2022-03-03 15:38:26,355] {logging_mixin.py:109} INFO - [2022-03-03 15:38:26,355] {dag.py:2935} INFO - Setting next_dagrun for example_complex to None
[2022-03-03 15:38:26,373] {processor.py:171} INFO - Processing /home/airflow/.local/lib/python3.7/site-packages/airflow/example_dags/example_complex.py took 0.167 seconds
[2022-03-03 15:38:56,497] {processor.py:163} INFO - Started process (PID=2315) to work on /home/airflow/.local/lib/python3.7/site-packages/airflow/example_dags/example_complex.py
[2022-03-03 15:38:56,499] {processor.py:642} INFO - Processing file /home/airflow/.local/lib/python3.7/site-packages/airflow/example_dags/example_complex.py for tasks to queue
[2022-03-03 15:38:56,500] {logging_mixin.py:109} INFO - [2022-03-03 15:38:56,500] {dagbag.py:500} INFO - Filling up the DagBag from /home/airflow/.local/lib/python3.7/site-packages/airflow/example_dags/example_complex.py
[2022-03-03 15:38:56,536] {processor.py:654} INFO - DAG(s) dict_keys(['example_complex']) retrieved from /home/airflow/.local/lib/python3.7/site-packages/airflow/example_dags/example_complex.py
[2022-03-03 15:38:56,552] {logging_mixin.py:109} INFO - [2022-03-03 15:38:56,552] {dag.py:2396} INFO - Sync 1 DAGs
[2022-03-03 15:38:56,567] {logging_mixin.py:109} INFO - [2022-03-03 15:38:56,567] {dag.py:2935} INFO - Setting next_dagrun for example_complex to None
[2022-03-03 15:38:56,576] {processor.py:171} INFO - Processing /home/airflow/.local/lib/python3.7/site-packages/airflow/example_dags/example_complex.py took 0.084 seconds
[2022-03-03 15:39:26,643] {processor.py:163} INFO - Started process (PID=2372) to work on /home/airflow/.local/lib/python3.7/site-packages/airflow/example_dags/example_complex.py
[2022-03-03 15:39:26,645] {processor.py:642} INFO - Processing file /home/airflow/.local/lib/python3.7/site-packages/airflow/example_dags/example_complex.py for tasks to queue
[2022-03-03 15:39:26,647] {logging_mixin.py:109} INFO - [2022-03-03 15:39:26,647] {dagbag.py:500} INFO - Filling up the DagBag from /home/airflow/.local/lib/python3.7/site-packages/airflow/example_dags/example_complex.py
[2022-03-03 15:39:26,681] {processor.py:654} INFO - DAG(s) dict_keys(['example_complex']) retrieved from /home/airflow/.local/lib/python3.7/site-packages/airflow/example_dags/example_complex.py
[2022-03-03 15:39:26,699] {logging_mixin.py:109} INFO - [2022-03-03 15:39:26,699] {dag.py:2396} INFO - Sync 1 DAGs
[2022-03-03 15:39:26,714] {logging_mixin.py:109} INFO - [2022-03-03 15:39:26,714] {dag.py:2935} INFO - Setting next_dagrun for example_complex to None
[2022-03-03 15:39:26,722] {processor.py:171} INFO - Processing /home/airflow/.local/lib/python3.7/site-packages/airflow/example_dags/example_complex.py took 0.084 seconds
[2022-03-03 15:39:56,947] {processor.py:163} INFO - Started process (PID=2427) to work on /home/airflow/.local/lib/python3.7/site-packages/airflow/example_dags/example_complex.py
[2022-03-03 15:39:56,949] {processor.py:642} INFO - Processing file /home/airflow/.local/lib/python3.7/site-packages/airflow/example_dags/example_complex.py for tasks to queue
[2022-03-03 15:39:56,951] {logging_mixin.py:109} INFO - [2022-03-03 15:39:56,950] {dagbag.py:500} INFO - Filling up the DagBag from /home/airflow/.local/lib/python3.7/site-packages/airflow/example_dags/example_complex.py
[2022-03-03 15:39:56,988] {processor.py:654} INFO - DAG(s) dict_keys(['example_complex']) retrieved from /home/airflow/.local/lib/python3.7/site-packages/airflow/example_dags/example_complex.py
[2022-03-03 15:39:57,016] {logging_mixin.py:109} INFO - [2022-03-03 15:39:57,016] {dag.py:2396} INFO - Sync 1 DAGs
[2022-03-03 15:39:57,031] {logging_mixin.py:109} INFO - [2022-03-03 15:39:57,030] {dag.py:2935} INFO - Setting next_dagrun for example_complex to None
[2022-03-03 15:39:57,042] {processor.py:171} INFO - Processing /home/airflow/.local/lib/python3.7/site-packages/airflow/example_dags/example_complex.py took 0.099 seconds
[2022-03-03 15:40:27,663] {processor.py:163} INFO - Started process (PID=2480) to work on /home/airflow/.local/lib/python3.7/site-packages/airflow/example_dags/example_complex.py
[2022-03-03 15:40:27,665] {processor.py:642} INFO - Processing file /home/airflow/.local/lib/python3.7/site-packages/airflow/example_dags/example_complex.py for tasks to queue
[2022-03-03 15:40:27,666] {logging_mixin.py:109} INFO - [2022-03-03 15:40:27,666] {dagbag.py:500} INFO - Filling up the DagBag from /home/airflow/.local/lib/python3.7/site-packages/airflow/example_dags/example_complex.py
[2022-03-03 15:40:27,699] {processor.py:654} INFO - DAG(s) dict_keys(['example_complex']) retrieved from /home/airflow/.local/lib/python3.7/site-packages/airflow/example_dags/example_complex.py
[2022-03-03 15:40:27,715] {logging_mixin.py:109} INFO - [2022-03-03 15:40:27,715] {dag.py:2396} INFO - Sync 1 DAGs
[2022-03-03 15:40:27,731] {logging_mixin.py:109} INFO - [2022-03-03 15:40:27,731] {dag.py:2935} INFO - Setting next_dagrun for example_complex to None
[2022-03-03 15:40:27,740] {processor.py:171} INFO - Processing /home/airflow/.local/lib/python3.7/site-packages/airflow/example_dags/example_complex.py took 0.081 seconds
[2022-03-03 15:40:57,870] {processor.py:163} INFO - Started process (PID=2548) to work on /home/airflow/.local/lib/python3.7/site-packages/airflow/example_dags/example_complex.py
[2022-03-03 15:40:57,872] {processor.py:642} INFO - Processing file /home/airflow/.local/lib/python3.7/site-packages/airflow/example_dags/example_complex.py for tasks to queue
[2022-03-03 15:40:57,873] {logging_mixin.py:109} INFO - [2022-03-03 15:40:57,873] {dagbag.py:500} INFO - Filling up the DagBag from /home/airflow/.local/lib/python3.7/site-packages/airflow/example_dags/example_complex.py
[2022-03-03 15:40:57,930] {processor.py:654} INFO - DAG(s) dict_keys(['example_complex']) retrieved from /home/airflow/.local/lib/python3.7/site-packages/airflow/example_dags/example_complex.py
[2022-03-03 15:40:57,957] {logging_mixin.py:109} INFO - [2022-03-03 15:40:57,956] {dag.py:2396} INFO - Sync 1 DAGs
[2022-03-03 15:40:57,987] {logging_mixin.py:109} INFO - [2022-03-03 15:40:57,987] {dag.py:2935} INFO - Setting next_dagrun for example_complex to None
[2022-03-03 15:40:58,001] {processor.py:171} INFO - Processing /home/airflow/.local/lib/python3.7/site-packages/airflow/example_dags/example_complex.py took 0.134 seconds
[2022-03-03 15:41:28,300] {processor.py:163} INFO - Started process (PID=2605) to work on /home/airflow/.local/lib/python3.7/site-packages/airflow/example_dags/example_complex.py
[2022-03-03 15:41:28,303] {processor.py:642} INFO - Processing file /home/airflow/.local/lib/python3.7/site-packages/airflow/example_dags/example_complex.py for tasks to queue
[2022-03-03 15:41:28,307] {logging_mixin.py:109} INFO - [2022-03-03 15:41:28,306] {dagbag.py:500} INFO - Filling up the DagBag from /home/airflow/.local/lib/python3.7/site-packages/airflow/example_dags/example_complex.py
[2022-03-03 15:41:28,347] {processor.py:654} INFO - DAG(s) dict_keys(['example_complex']) retrieved from /home/airflow/.local/lib/python3.7/site-packages/airflow/example_dags/example_complex.py
[2022-03-03 15:41:28,370] {logging_mixin.py:109} INFO - [2022-03-03 15:41:28,370] {dag.py:2396} INFO - Sync 1 DAGs
[2022-03-03 15:41:28,394] {logging_mixin.py:109} INFO - [2022-03-03 15:41:28,394] {dag.py:2935} INFO - Setting next_dagrun for example_complex to None
[2022-03-03 15:41:28,407] {processor.py:171} INFO - Processing /home/airflow/.local/lib/python3.7/site-packages/airflow/example_dags/example_complex.py took 0.115 seconds
[2022-03-03 15:41:58,471] {processor.py:163} INFO - Started process (PID=2658) to work on /home/airflow/.local/lib/python3.7/site-packages/airflow/example_dags/example_complex.py
[2022-03-03 15:41:58,474] {processor.py:642} INFO - Processing file /home/airflow/.local/lib/python3.7/site-packages/airflow/example_dags/example_complex.py for tasks to queue
[2022-03-03 15:41:58,475] {logging_mixin.py:109} INFO - [2022-03-03 15:41:58,475] {dagbag.py:500} INFO - Filling up the DagBag from /home/airflow/.local/lib/python3.7/site-packages/airflow/example_dags/example_complex.py
[2022-03-03 15:41:58,512] {processor.py:654} INFO - DAG(s) dict_keys(['example_complex']) retrieved from /home/airflow/.local/lib/python3.7/site-packages/airflow/example_dags/example_complex.py
[2022-03-03 15:41:58,528] {logging_mixin.py:109} INFO - [2022-03-03 15:41:58,528] {dag.py:2396} INFO - Sync 1 DAGs
[2022-03-03 15:41:58,546] {logging_mixin.py:109} INFO - [2022-03-03 15:41:58,546] {dag.py:2935} INFO - Setting next_dagrun for example_complex to None
[2022-03-03 15:41:58,558] {processor.py:171} INFO - Processing /home/airflow/.local/lib/python3.7/site-packages/airflow/example_dags/example_complex.py took 0.092 seconds
[2022-03-03 15:42:28,711] {processor.py:163} INFO - Started process (PID=2713) to work on /home/airflow/.local/lib/python3.7/site-packages/airflow/example_dags/example_complex.py
[2022-03-03 15:42:28,713] {processor.py:642} INFO - Processing file /home/airflow/.local/lib/python3.7/site-packages/airflow/example_dags/example_complex.py for tasks to queue
[2022-03-03 15:42:28,715] {logging_mixin.py:109} INFO - [2022-03-03 15:42:28,715] {dagbag.py:500} INFO - Filling up the DagBag from /home/airflow/.local/lib/python3.7/site-packages/airflow/example_dags/example_complex.py
[2022-03-03 15:42:28,752] {processor.py:654} INFO - DAG(s) dict_keys(['example_complex']) retrieved from /home/airflow/.local/lib/python3.7/site-packages/airflow/example_dags/example_complex.py
[2022-03-03 15:42:28,771] {logging_mixin.py:109} INFO - [2022-03-03 15:42:28,771] {dag.py:2396} INFO - Sync 1 DAGs
[2022-03-03 15:42:28,855] {logging_mixin.py:109} INFO - [2022-03-03 15:42:28,855] {dag.py:2935} INFO - Setting next_dagrun for example_complex to None
[2022-03-03 15:42:28,878] {processor.py:171} INFO - Processing /home/airflow/.local/lib/python3.7/site-packages/airflow/example_dags/example_complex.py took 0.171 seconds
[2022-03-03 15:42:59,201] {processor.py:163} INFO - Started process (PID=2778) to work on /home/airflow/.local/lib/python3.7/site-packages/airflow/example_dags/example_complex.py
[2022-03-03 15:42:59,203] {processor.py:642} INFO - Processing file /home/airflow/.local/lib/python3.7/site-packages/airflow/example_dags/example_complex.py for tasks to queue
[2022-03-03 15:42:59,204] {logging_mixin.py:109} INFO - [2022-03-03 15:42:59,204] {dagbag.py:500} INFO - Filling up the DagBag from /home/airflow/.local/lib/python3.7/site-packages/airflow/example_dags/example_complex.py
[2022-03-03 15:42:59,241] {processor.py:654} INFO - DAG(s) dict_keys(['example_complex']) retrieved from /home/airflow/.local/lib/python3.7/site-packages/airflow/example_dags/example_complex.py
[2022-03-03 15:42:59,256] {logging_mixin.py:109} INFO - [2022-03-03 15:42:59,256] {dag.py:2396} INFO - Sync 1 DAGs
[2022-03-03 15:42:59,272] {logging_mixin.py:109} INFO - [2022-03-03 15:42:59,272] {dag.py:2935} INFO - Setting next_dagrun for example_complex to None
[2022-03-03 15:42:59,282] {processor.py:171} INFO - Processing /home/airflow/.local/lib/python3.7/site-packages/airflow/example_dags/example_complex.py took 0.086 seconds
[2022-03-03 15:43:29,990] {processor.py:163} INFO - Started process (PID=2845) to work on /home/airflow/.local/lib/python3.7/site-packages/airflow/example_dags/example_complex.py
[2022-03-03 15:43:29,992] {processor.py:642} INFO - Processing file /home/airflow/.local/lib/python3.7/site-packages/airflow/example_dags/example_complex.py for tasks to queue
[2022-03-03 15:43:29,993] {logging_mixin.py:109} INFO - [2022-03-03 15:43:29,993] {dagbag.py:500} INFO - Filling up the DagBag from /home/airflow/.local/lib/python3.7/site-packages/airflow/example_dags/example_complex.py
[2022-03-03 15:43:30,026] {processor.py:654} INFO - DAG(s) dict_keys(['example_complex']) retrieved from /home/airflow/.local/lib/python3.7/site-packages/airflow/example_dags/example_complex.py
[2022-03-03 15:43:30,043] {logging_mixin.py:109} INFO - [2022-03-03 15:43:30,043] {dag.py:2396} INFO - Sync 1 DAGs
[2022-03-03 15:43:30,059] {logging_mixin.py:109} INFO - [2022-03-03 15:43:30,059] {dag.py:2935} INFO - Setting next_dagrun for example_complex to None
[2022-03-03 15:43:30,069] {processor.py:171} INFO - Processing /home/airflow/.local/lib/python3.7/site-packages/airflow/example_dags/example_complex.py took 0.082 seconds
[2022-03-03 15:44:00,492] {processor.py:163} INFO - Started process (PID=2900) to work on /home/airflow/.local/lib/python3.7/site-packages/airflow/example_dags/example_complex.py
[2022-03-03 15:44:00,498] {processor.py:642} INFO - Processing file /home/airflow/.local/lib/python3.7/site-packages/airflow/example_dags/example_complex.py for tasks to queue
[2022-03-03 15:44:00,501] {logging_mixin.py:109} INFO - [2022-03-03 15:44:00,501] {dagbag.py:500} INFO - Filling up the DagBag from /home/airflow/.local/lib/python3.7/site-packages/airflow/example_dags/example_complex.py
[2022-03-03 15:44:00,589] {processor.py:654} INFO - DAG(s) dict_keys(['example_complex']) retrieved from /home/airflow/.local/lib/python3.7/site-packages/airflow/example_dags/example_complex.py
[2022-03-03 15:44:00,631] {logging_mixin.py:109} INFO - [2022-03-03 15:44:00,631] {dag.py:2396} INFO - Sync 1 DAGs
[2022-03-03 15:44:00,688] {logging_mixin.py:109} INFO - [2022-03-03 15:44:00,688] {dag.py:2935} INFO - Setting next_dagrun for example_complex to None
[2022-03-03 15:44:00,733] {processor.py:171} INFO - Processing /home/airflow/.local/lib/python3.7/site-packages/airflow/example_dags/example_complex.py took 0.249 seconds
[2022-03-03 15:44:31,249] {processor.py:163} INFO - Started process (PID=2955) to work on /home/airflow/.local/lib/python3.7/site-packages/airflow/example_dags/example_complex.py
[2022-03-03 15:44:31,263] {processor.py:642} INFO - Processing file /home/airflow/.local/lib/python3.7/site-packages/airflow/example_dags/example_complex.py for tasks to queue
[2022-03-03 15:44:31,281] {logging_mixin.py:109} INFO - [2022-03-03 15:44:31,268] {dagbag.py:500} INFO - Filling up the DagBag from /home/airflow/.local/lib/python3.7/site-packages/airflow/example_dags/example_complex.py
[2022-03-03 15:44:31,390] {processor.py:654} INFO - DAG(s) dict_keys(['example_complex']) retrieved from /home/airflow/.local/lib/python3.7/site-packages/airflow/example_dags/example_complex.py
[2022-03-03 15:44:31,437] {logging_mixin.py:109} INFO - [2022-03-03 15:44:31,437] {dag.py:2396} INFO - Sync 1 DAGs
[2022-03-03 15:44:31,478] {logging_mixin.py:109} INFO - [2022-03-03 15:44:31,478] {dag.py:2935} INFO - Setting next_dagrun for example_complex to None
[2022-03-03 15:44:31,517] {processor.py:171} INFO - Processing /home/airflow/.local/lib/python3.7/site-packages/airflow/example_dags/example_complex.py took 0.282 seconds
[2022-03-03 15:45:01,787] {processor.py:163} INFO - Started process (PID=3014) to work on /home/airflow/.local/lib/python3.7/site-packages/airflow/example_dags/example_complex.py
[2022-03-03 15:45:01,796] {processor.py:642} INFO - Processing file /home/airflow/.local/lib/python3.7/site-packages/airflow/example_dags/example_complex.py for tasks to queue
[2022-03-03 15:45:01,797] {logging_mixin.py:109} INFO - [2022-03-03 15:45:01,797] {dagbag.py:500} INFO - Filling up the DagBag from /home/airflow/.local/lib/python3.7/site-packages/airflow/example_dags/example_complex.py
[2022-03-03 15:45:01,849] {processor.py:654} INFO - DAG(s) dict_keys(['example_complex']) retrieved from /home/airflow/.local/lib/python3.7/site-packages/airflow/example_dags/example_complex.py
[2022-03-03 15:45:01,898] {logging_mixin.py:109} INFO - [2022-03-03 15:45:01,898] {dag.py:2396} INFO - Sync 1 DAGs
[2022-03-03 15:45:01,926] {logging_mixin.py:109} INFO - [2022-03-03 15:45:01,925] {dag.py:2935} INFO - Setting next_dagrun for example_complex to None
[2022-03-03 15:45:01,948] {processor.py:171} INFO - Processing /home/airflow/.local/lib/python3.7/site-packages/airflow/example_dags/example_complex.py took 0.164 seconds
[2022-03-03 15:45:32,607] {processor.py:163} INFO - Started process (PID=3065) to work on /home/airflow/.local/lib/python3.7/site-packages/airflow/example_dags/example_complex.py
[2022-03-03 15:45:32,611] {processor.py:642} INFO - Processing file /home/airflow/.local/lib/python3.7/site-packages/airflow/example_dags/example_complex.py for tasks to queue
[2022-03-03 15:45:32,613] {logging_mixin.py:109} INFO - [2022-03-03 15:45:32,613] {dagbag.py:500} INFO - Filling up the DagBag from /home/airflow/.local/lib/python3.7/site-packages/airflow/example_dags/example_complex.py
[2022-03-03 15:45:32,677] {processor.py:654} INFO - DAG(s) dict_keys(['example_complex']) retrieved from /home/airflow/.local/lib/python3.7/site-packages/airflow/example_dags/example_complex.py
[2022-03-03 15:45:32,703] {logging_mixin.py:109} INFO - [2022-03-03 15:45:32,703] {dag.py:2396} INFO - Sync 1 DAGs
[2022-03-03 15:45:32,727] {logging_mixin.py:109} INFO - [2022-03-03 15:45:32,727] {dag.py:2935} INFO - Setting next_dagrun for example_complex to None
[2022-03-03 15:45:32,743] {processor.py:171} INFO - Processing /home/airflow/.local/lib/python3.7/site-packages/airflow/example_dags/example_complex.py took 0.141 seconds
[2022-03-03 15:46:02,924] {processor.py:163} INFO - Started process (PID=3128) to work on /home/airflow/.local/lib/python3.7/site-packages/airflow/example_dags/example_complex.py
[2022-03-03 15:46:02,926] {processor.py:642} INFO - Processing file /home/airflow/.local/lib/python3.7/site-packages/airflow/example_dags/example_complex.py for tasks to queue
[2022-03-03 15:46:02,926] {logging_mixin.py:109} INFO - [2022-03-03 15:46:02,926] {dagbag.py:500} INFO - Filling up the DagBag from /home/airflow/.local/lib/python3.7/site-packages/airflow/example_dags/example_complex.py
[2022-03-03 15:46:02,962] {processor.py:654} INFO - DAG(s) dict_keys(['example_complex']) retrieved from /home/airflow/.local/lib/python3.7/site-packages/airflow/example_dags/example_complex.py
[2022-03-03 15:46:02,977] {logging_mixin.py:109} INFO - [2022-03-03 15:46:02,977] {dag.py:2396} INFO - Sync 1 DAGs
[2022-03-03 15:46:02,993] {logging_mixin.py:109} INFO - [2022-03-03 15:46:02,993] {dag.py:2935} INFO - Setting next_dagrun for example_complex to None
[2022-03-03 15:46:03,004] {processor.py:171} INFO - Processing /home/airflow/.local/lib/python3.7/site-packages/airflow/example_dags/example_complex.py took 0.084 seconds
[2022-03-03 15:46:33,060] {processor.py:163} INFO - Started process (PID=3194) to work on /home/airflow/.local/lib/python3.7/site-packages/airflow/example_dags/example_complex.py
[2022-03-03 15:46:33,063] {processor.py:642} INFO - Processing file /home/airflow/.local/lib/python3.7/site-packages/airflow/example_dags/example_complex.py for tasks to queue
[2022-03-03 15:46:33,064] {logging_mixin.py:109} INFO - [2022-03-03 15:46:33,064] {dagbag.py:500} INFO - Filling up the DagBag from /home/airflow/.local/lib/python3.7/site-packages/airflow/example_dags/example_complex.py
[2022-03-03 15:46:33,099] {processor.py:654} INFO - DAG(s) dict_keys(['example_complex']) retrieved from /home/airflow/.local/lib/python3.7/site-packages/airflow/example_dags/example_complex.py
[2022-03-03 15:46:33,117] {logging_mixin.py:109} INFO - [2022-03-03 15:46:33,117] {dag.py:2396} INFO - Sync 1 DAGs
[2022-03-03 15:46:33,135] {logging_mixin.py:109} INFO - [2022-03-03 15:46:33,135] {dag.py:2935} INFO - Setting next_dagrun for example_complex to None
[2022-03-03 15:46:33,146] {processor.py:171} INFO - Processing /home/airflow/.local/lib/python3.7/site-packages/airflow/example_dags/example_complex.py took 0.091 seconds
[2022-03-03 15:47:03,285] {processor.py:163} INFO - Started process (PID=3252) to work on /home/airflow/.local/lib/python3.7/site-packages/airflow/example_dags/example_complex.py
[2022-03-03 15:47:03,288] {processor.py:642} INFO - Processing file /home/airflow/.local/lib/python3.7/site-packages/airflow/example_dags/example_complex.py for tasks to queue
[2022-03-03 15:47:03,289] {logging_mixin.py:109} INFO - [2022-03-03 15:47:03,289] {dagbag.py:500} INFO - Filling up the DagBag from /home/airflow/.local/lib/python3.7/site-packages/airflow/example_dags/example_complex.py
[2022-03-03 15:47:03,325] {processor.py:654} INFO - DAG(s) dict_keys(['example_complex']) retrieved from /home/airflow/.local/lib/python3.7/site-packages/airflow/example_dags/example_complex.py
[2022-03-03 15:47:03,346] {logging_mixin.py:109} INFO - [2022-03-03 15:47:03,345] {dag.py:2396} INFO - Sync 1 DAGs
[2022-03-03 15:47:03,363] {logging_mixin.py:109} INFO - [2022-03-03 15:47:03,363] {dag.py:2935} INFO - Setting next_dagrun for example_complex to None
[2022-03-03 15:47:03,374] {processor.py:171} INFO - Processing /home/airflow/.local/lib/python3.7/site-packages/airflow/example_dags/example_complex.py took 0.094 seconds
[2022-03-03 15:47:33,994] {processor.py:163} INFO - Started process (PID=3309) to work on /home/airflow/.local/lib/python3.7/site-packages/airflow/example_dags/example_complex.py
[2022-03-03 15:47:33,997] {processor.py:642} INFO - Processing file /home/airflow/.local/lib/python3.7/site-packages/airflow/example_dags/example_complex.py for tasks to queue
[2022-03-03 15:47:33,999] {logging_mixin.py:109} INFO - [2022-03-03 15:47:33,998] {dagbag.py:500} INFO - Filling up the DagBag from /home/airflow/.local/lib/python3.7/site-packages/airflow/example_dags/example_complex.py
[2022-03-03 15:47:34,039] {processor.py:654} INFO - DAG(s) dict_keys(['example_complex']) retrieved from /home/airflow/.local/lib/python3.7/site-packages/airflow/example_dags/example_complex.py
[2022-03-03 15:47:34,060] {logging_mixin.py:109} INFO - [2022-03-03 15:47:34,059] {dag.py:2396} INFO - Sync 1 DAGs
[2022-03-03 15:47:34,075] {logging_mixin.py:109} INFO - [2022-03-03 15:47:34,075] {dag.py:2935} INFO - Setting next_dagrun for example_complex to None
[2022-03-03 15:47:34,084] {processor.py:171} INFO - Processing /home/airflow/.local/lib/python3.7/site-packages/airflow/example_dags/example_complex.py took 0.098 seconds
[2022-03-03 15:48:04,651] {processor.py:163} INFO - Started process (PID=3374) to work on /home/airflow/.local/lib/python3.7/site-packages/airflow/example_dags/example_complex.py
[2022-03-03 15:48:04,654] {processor.py:642} INFO - Processing file /home/airflow/.local/lib/python3.7/site-packages/airflow/example_dags/example_complex.py for tasks to queue
[2022-03-03 15:48:04,655] {logging_mixin.py:109} INFO - [2022-03-03 15:48:04,655] {dagbag.py:500} INFO - Filling up the DagBag from /home/airflow/.local/lib/python3.7/site-packages/airflow/example_dags/example_complex.py
[2022-03-03 15:48:04,692] {processor.py:654} INFO - DAG(s) dict_keys(['example_complex']) retrieved from /home/airflow/.local/lib/python3.7/site-packages/airflow/example_dags/example_complex.py
[2022-03-03 15:48:04,710] {logging_mixin.py:109} INFO - [2022-03-03 15:48:04,710] {dag.py:2396} INFO - Sync 1 DAGs
[2022-03-03 15:48:04,731] {logging_mixin.py:109} INFO - [2022-03-03 15:48:04,731] {dag.py:2935} INFO - Setting next_dagrun for example_complex to None
[2022-03-03 15:48:04,747] {processor.py:171} INFO - Processing /home/airflow/.local/lib/python3.7/site-packages/airflow/example_dags/example_complex.py took 0.100 seconds
[2022-03-03 15:48:34,892] {processor.py:163} INFO - Started process (PID=3431) to work on /home/airflow/.local/lib/python3.7/site-packages/airflow/example_dags/example_complex.py
[2022-03-03 15:48:34,894] {processor.py:642} INFO - Processing file /home/airflow/.local/lib/python3.7/site-packages/airflow/example_dags/example_complex.py for tasks to queue
[2022-03-03 15:48:34,895] {logging_mixin.py:109} INFO - [2022-03-03 15:48:34,895] {dagbag.py:500} INFO - Filling up the DagBag from /home/airflow/.local/lib/python3.7/site-packages/airflow/example_dags/example_complex.py
[2022-03-03 15:48:34,928] {processor.py:654} INFO - DAG(s) dict_keys(['example_complex']) retrieved from /home/airflow/.local/lib/python3.7/site-packages/airflow/example_dags/example_complex.py
[2022-03-03 15:48:34,943] {logging_mixin.py:109} INFO - [2022-03-03 15:48:34,942] {dag.py:2396} INFO - Sync 1 DAGs
[2022-03-03 15:48:34,959] {logging_mixin.py:109} INFO - [2022-03-03 15:48:34,959] {dag.py:2935} INFO - Setting next_dagrun for example_complex to None
[2022-03-03 15:48:34,968] {processor.py:171} INFO - Processing /home/airflow/.local/lib/python3.7/site-packages/airflow/example_dags/example_complex.py took 0.079 seconds
[2022-03-03 15:49:05,778] {processor.py:163} INFO - Started process (PID=3491) to work on /home/airflow/.local/lib/python3.7/site-packages/airflow/example_dags/example_complex.py
[2022-03-03 15:49:05,779] {processor.py:642} INFO - Processing file /home/airflow/.local/lib/python3.7/site-packages/airflow/example_dags/example_complex.py for tasks to queue
[2022-03-03 15:49:05,780] {logging_mixin.py:109} INFO - [2022-03-03 15:49:05,780] {dagbag.py:500} INFO - Filling up the DagBag from /home/airflow/.local/lib/python3.7/site-packages/airflow/example_dags/example_complex.py
[2022-03-03 15:49:05,842] {processor.py:654} INFO - DAG(s) dict_keys(['example_complex']) retrieved from /home/airflow/.local/lib/python3.7/site-packages/airflow/example_dags/example_complex.py
[2022-03-03 15:49:05,859] {logging_mixin.py:109} INFO - [2022-03-03 15:49:05,859] {dag.py:2396} INFO - Sync 1 DAGs
[2022-03-03 15:49:05,875] {logging_mixin.py:109} INFO - [2022-03-03 15:49:05,875] {dag.py:2935} INFO - Setting next_dagrun for example_complex to None
[2022-03-03 15:49:05,884] {processor.py:171} INFO - Processing /home/airflow/.local/lib/python3.7/site-packages/airflow/example_dags/example_complex.py took 0.110 seconds
[2022-03-03 15:49:36,358] {processor.py:163} INFO - Started process (PID=3549) to work on /home/airflow/.local/lib/python3.7/site-packages/airflow/example_dags/example_complex.py
[2022-03-03 15:49:36,362] {processor.py:642} INFO - Processing file /home/airflow/.local/lib/python3.7/site-packages/airflow/example_dags/example_complex.py for tasks to queue
[2022-03-03 15:49:36,364] {logging_mixin.py:109} INFO - [2022-03-03 15:49:36,363] {dagbag.py:500} INFO - Filling up the DagBag from /home/airflow/.local/lib/python3.7/site-packages/airflow/example_dags/example_complex.py
[2022-03-03 15:49:36,402] {processor.py:654} INFO - DAG(s) dict_keys(['example_complex']) retrieved from /home/airflow/.local/lib/python3.7/site-packages/airflow/example_dags/example_complex.py
[2022-03-03 15:49:36,421] {logging_mixin.py:109} INFO - [2022-03-03 15:49:36,421] {dag.py:2396} INFO - Sync 1 DAGs
[2022-03-03 15:49:36,441] {logging_mixin.py:109} INFO - [2022-03-03 15:49:36,440] {dag.py:2935} INFO - Setting next_dagrun for example_complex to None
[2022-03-03 15:49:36,453] {processor.py:171} INFO - Processing /home/airflow/.local/lib/python3.7/site-packages/airflow/example_dags/example_complex.py took 0.103 seconds
[2022-03-03 15:50:07,192] {processor.py:163} INFO - Started process (PID=3605) to work on /home/airflow/.local/lib/python3.7/site-packages/airflow/example_dags/example_complex.py
[2022-03-03 15:50:07,194] {processor.py:642} INFO - Processing file /home/airflow/.local/lib/python3.7/site-packages/airflow/example_dags/example_complex.py for tasks to queue
[2022-03-03 15:50:07,195] {logging_mixin.py:109} INFO - [2022-03-03 15:50:07,195] {dagbag.py:500} INFO - Filling up the DagBag from /home/airflow/.local/lib/python3.7/site-packages/airflow/example_dags/example_complex.py
[2022-03-03 15:50:07,228] {processor.py:654} INFO - DAG(s) dict_keys(['example_complex']) retrieved from /home/airflow/.local/lib/python3.7/site-packages/airflow/example_dags/example_complex.py
[2022-03-03 15:50:07,247] {logging_mixin.py:109} INFO - [2022-03-03 15:50:07,247] {dag.py:2396} INFO - Sync 1 DAGs
[2022-03-03 15:50:07,266] {logging_mixin.py:109} INFO - [2022-03-03 15:50:07,266] {dag.py:2935} INFO - Setting next_dagrun for example_complex to None
[2022-03-03 15:50:07,278] {processor.py:171} INFO - Processing /home/airflow/.local/lib/python3.7/site-packages/airflow/example_dags/example_complex.py took 0.092 seconds
[2022-03-03 15:50:37,594] {processor.py:163} INFO - Started process (PID=3665) to work on /home/airflow/.local/lib/python3.7/site-packages/airflow/example_dags/example_complex.py
[2022-03-03 15:50:37,596] {processor.py:642} INFO - Processing file /home/airflow/.local/lib/python3.7/site-packages/airflow/example_dags/example_complex.py for tasks to queue
[2022-03-03 15:50:37,597] {logging_mixin.py:109} INFO - [2022-03-03 15:50:37,597] {dagbag.py:500} INFO - Filling up the DagBag from /home/airflow/.local/lib/python3.7/site-packages/airflow/example_dags/example_complex.py
[2022-03-03 15:50:37,637] {processor.py:654} INFO - DAG(s) dict_keys(['example_complex']) retrieved from /home/airflow/.local/lib/python3.7/site-packages/airflow/example_dags/example_complex.py
[2022-03-03 15:50:37,654] {logging_mixin.py:109} INFO - [2022-03-03 15:50:37,654] {dag.py:2396} INFO - Sync 1 DAGs
[2022-03-03 15:50:37,669] {logging_mixin.py:109} INFO - [2022-03-03 15:50:37,669] {dag.py:2935} INFO - Setting next_dagrun for example_complex to None
[2022-03-03 15:50:37,677] {processor.py:171} INFO - Processing /home/airflow/.local/lib/python3.7/site-packages/airflow/example_dags/example_complex.py took 0.087 seconds
