[2022-03-03 15:18:39,601] {processor.py:163} INFO - Started process (PID=74) to work on /home/airflow/.local/lib/python3.7/site-packages/airflow/example_dags/example_kubernetes_executor.py
[2022-03-03 15:18:39,644] {processor.py:642} INFO - Processing file /home/airflow/.local/lib/python3.7/site-packages/airflow/example_dags/example_kubernetes_executor.py for tasks to queue
[2022-03-03 15:18:39,648] {logging_mixin.py:109} INFO - [2022-03-03 15:18:39,648] {dagbag.py:500} INFO - Filling up the DagBag from /home/airflow/.local/lib/python3.7/site-packages/airflow/example_dags/example_kubernetes_executor.py
[2022-03-03 15:18:39,949] {processor.py:654} INFO - DAG(s) dict_keys(['example_kubernetes_executor']) retrieved from /home/airflow/.local/lib/python3.7/site-packages/airflow/example_dags/example_kubernetes_executor.py
[2022-03-03 15:18:40,064] {logging_mixin.py:109} INFO - [2022-03-03 15:18:40,064] {dag.py:2396} INFO - Sync 1 DAGs
[2022-03-03 15:18:40,202] {logging_mixin.py:109} INFO - [2022-03-03 15:18:40,202] {dag.py:2935} INFO - Setting next_dagrun for example_kubernetes_executor to None
[2022-03-03 15:18:40,267] {processor.py:171} INFO - Processing /home/airflow/.local/lib/python3.7/site-packages/airflow/example_dags/example_kubernetes_executor.py took 0.688 seconds
[2022-03-03 15:19:10,640] {processor.py:163} INFO - Started process (PID=117) to work on /home/airflow/.local/lib/python3.7/site-packages/airflow/example_dags/example_kubernetes_executor.py
[2022-03-03 15:19:10,644] {processor.py:642} INFO - Processing file /home/airflow/.local/lib/python3.7/site-packages/airflow/example_dags/example_kubernetes_executor.py for tasks to queue
[2022-03-03 15:19:10,647] {logging_mixin.py:109} INFO - [2022-03-03 15:19:10,647] {dagbag.py:500} INFO - Filling up the DagBag from /home/airflow/.local/lib/python3.7/site-packages/airflow/example_dags/example_kubernetes_executor.py
[2022-03-03 15:19:10,790] {processor.py:654} INFO - DAG(s) dict_keys(['example_kubernetes_executor']) retrieved from /home/airflow/.local/lib/python3.7/site-packages/airflow/example_dags/example_kubernetes_executor.py
[2022-03-03 15:19:10,848] {logging_mixin.py:109} INFO - [2022-03-03 15:19:10,848] {dag.py:2396} INFO - Sync 1 DAGs
[2022-03-03 15:19:10,895] {logging_mixin.py:109} INFO - [2022-03-03 15:19:10,895] {dag.py:2935} INFO - Setting next_dagrun for example_kubernetes_executor to None
[2022-03-03 15:19:10,924] {processor.py:171} INFO - Processing /home/airflow/.local/lib/python3.7/site-packages/airflow/example_dags/example_kubernetes_executor.py took 0.293 seconds
[2022-03-03 15:19:41,359] {processor.py:163} INFO - Started process (PID=168) to work on /home/airflow/.local/lib/python3.7/site-packages/airflow/example_dags/example_kubernetes_executor.py
[2022-03-03 15:19:41,362] {processor.py:642} INFO - Processing file /home/airflow/.local/lib/python3.7/site-packages/airflow/example_dags/example_kubernetes_executor.py for tasks to queue
[2022-03-03 15:19:41,366] {logging_mixin.py:109} INFO - [2022-03-03 15:19:41,366] {dagbag.py:500} INFO - Filling up the DagBag from /home/airflow/.local/lib/python3.7/site-packages/airflow/example_dags/example_kubernetes_executor.py
[2022-03-03 15:19:41,435] {processor.py:654} INFO - DAG(s) dict_keys(['example_kubernetes_executor']) retrieved from /home/airflow/.local/lib/python3.7/site-packages/airflow/example_dags/example_kubernetes_executor.py
[2022-03-03 15:19:41,463] {logging_mixin.py:109} INFO - [2022-03-03 15:19:41,463] {dag.py:2396} INFO - Sync 1 DAGs
[2022-03-03 15:19:41,496] {logging_mixin.py:109} INFO - [2022-03-03 15:19:41,496] {dag.py:2935} INFO - Setting next_dagrun for example_kubernetes_executor to None
[2022-03-03 15:19:41,514] {processor.py:171} INFO - Processing /home/airflow/.local/lib/python3.7/site-packages/airflow/example_dags/example_kubernetes_executor.py took 0.166 seconds
[2022-03-03 15:20:11,784] {processor.py:163} INFO - Started process (PID=231) to work on /home/airflow/.local/lib/python3.7/site-packages/airflow/example_dags/example_kubernetes_executor.py
[2022-03-03 15:20:11,793] {processor.py:642} INFO - Processing file /home/airflow/.local/lib/python3.7/site-packages/airflow/example_dags/example_kubernetes_executor.py for tasks to queue
[2022-03-03 15:20:11,796] {logging_mixin.py:109} INFO - [2022-03-03 15:20:11,795] {dagbag.py:500} INFO - Filling up the DagBag from /home/airflow/.local/lib/python3.7/site-packages/airflow/example_dags/example_kubernetes_executor.py
[2022-03-03 15:20:11,840] {processor.py:654} INFO - DAG(s) dict_keys(['example_kubernetes_executor']) retrieved from /home/airflow/.local/lib/python3.7/site-packages/airflow/example_dags/example_kubernetes_executor.py
[2022-03-03 15:20:11,859] {logging_mixin.py:109} INFO - [2022-03-03 15:20:11,859] {dag.py:2396} INFO - Sync 1 DAGs
[2022-03-03 15:20:11,898] {logging_mixin.py:109} INFO - [2022-03-03 15:20:11,898] {dag.py:2935} INFO - Setting next_dagrun for example_kubernetes_executor to None
[2022-03-03 15:20:11,921] {processor.py:171} INFO - Processing /home/airflow/.local/lib/python3.7/site-packages/airflow/example_dags/example_kubernetes_executor.py took 0.145 seconds
[2022-03-03 15:20:42,409] {processor.py:163} INFO - Started process (PID=284) to work on /home/airflow/.local/lib/python3.7/site-packages/airflow/example_dags/example_kubernetes_executor.py
[2022-03-03 15:20:42,413] {processor.py:642} INFO - Processing file /home/airflow/.local/lib/python3.7/site-packages/airflow/example_dags/example_kubernetes_executor.py for tasks to queue
[2022-03-03 15:20:42,415] {logging_mixin.py:109} INFO - [2022-03-03 15:20:42,414] {dagbag.py:500} INFO - Filling up the DagBag from /home/airflow/.local/lib/python3.7/site-packages/airflow/example_dags/example_kubernetes_executor.py
[2022-03-03 15:20:42,464] {processor.py:654} INFO - DAG(s) dict_keys(['example_kubernetes_executor']) retrieved from /home/airflow/.local/lib/python3.7/site-packages/airflow/example_dags/example_kubernetes_executor.py
[2022-03-03 15:20:42,481] {logging_mixin.py:109} INFO - [2022-03-03 15:20:42,481] {dag.py:2396} INFO - Sync 1 DAGs
[2022-03-03 15:20:42,501] {logging_mixin.py:109} INFO - [2022-03-03 15:20:42,501] {dag.py:2935} INFO - Setting next_dagrun for example_kubernetes_executor to None
[2022-03-03 15:20:42,514] {processor.py:171} INFO - Processing /home/airflow/.local/lib/python3.7/site-packages/airflow/example_dags/example_kubernetes_executor.py took 0.117 seconds
[2022-03-03 15:21:12,673] {processor.py:163} INFO - Started process (PID=340) to work on /home/airflow/.local/lib/python3.7/site-packages/airflow/example_dags/example_kubernetes_executor.py
[2022-03-03 15:21:12,674] {processor.py:642} INFO - Processing file /home/airflow/.local/lib/python3.7/site-packages/airflow/example_dags/example_kubernetes_executor.py for tasks to queue
[2022-03-03 15:21:12,676] {logging_mixin.py:109} INFO - [2022-03-03 15:21:12,676] {dagbag.py:500} INFO - Filling up the DagBag from /home/airflow/.local/lib/python3.7/site-packages/airflow/example_dags/example_kubernetes_executor.py
[2022-03-03 15:21:12,709] {processor.py:654} INFO - DAG(s) dict_keys(['example_kubernetes_executor']) retrieved from /home/airflow/.local/lib/python3.7/site-packages/airflow/example_dags/example_kubernetes_executor.py
[2022-03-03 15:21:12,722] {logging_mixin.py:109} INFO - [2022-03-03 15:21:12,722] {dag.py:2396} INFO - Sync 1 DAGs
[2022-03-03 15:21:12,738] {logging_mixin.py:109} INFO - [2022-03-03 15:21:12,738] {dag.py:2935} INFO - Setting next_dagrun for example_kubernetes_executor to None
[2022-03-03 15:21:12,747] {processor.py:171} INFO - Processing /home/airflow/.local/lib/python3.7/site-packages/airflow/example_dags/example_kubernetes_executor.py took 0.078 seconds
[2022-03-03 15:21:43,357] {processor.py:163} INFO - Started process (PID=396) to work on /home/airflow/.local/lib/python3.7/site-packages/airflow/example_dags/example_kubernetes_executor.py
[2022-03-03 15:21:43,359] {processor.py:642} INFO - Processing file /home/airflow/.local/lib/python3.7/site-packages/airflow/example_dags/example_kubernetes_executor.py for tasks to queue
[2022-03-03 15:21:43,361] {logging_mixin.py:109} INFO - [2022-03-03 15:21:43,361] {dagbag.py:500} INFO - Filling up the DagBag from /home/airflow/.local/lib/python3.7/site-packages/airflow/example_dags/example_kubernetes_executor.py
[2022-03-03 15:21:43,397] {processor.py:654} INFO - DAG(s) dict_keys(['example_kubernetes_executor']) retrieved from /home/airflow/.local/lib/python3.7/site-packages/airflow/example_dags/example_kubernetes_executor.py
[2022-03-03 15:21:43,412] {logging_mixin.py:109} INFO - [2022-03-03 15:21:43,412] {dag.py:2396} INFO - Sync 1 DAGs
[2022-03-03 15:21:43,431] {logging_mixin.py:109} INFO - [2022-03-03 15:21:43,431] {dag.py:2935} INFO - Setting next_dagrun for example_kubernetes_executor to None
[2022-03-03 15:21:43,442] {processor.py:171} INFO - Processing /home/airflow/.local/lib/python3.7/site-packages/airflow/example_dags/example_kubernetes_executor.py took 0.092 seconds
[2022-03-03 15:22:13,715] {processor.py:163} INFO - Started process (PID=451) to work on /home/airflow/.local/lib/python3.7/site-packages/airflow/example_dags/example_kubernetes_executor.py
[2022-03-03 15:22:13,717] {processor.py:642} INFO - Processing file /home/airflow/.local/lib/python3.7/site-packages/airflow/example_dags/example_kubernetes_executor.py for tasks to queue
[2022-03-03 15:22:13,718] {logging_mixin.py:109} INFO - [2022-03-03 15:22:13,718] {dagbag.py:500} INFO - Filling up the DagBag from /home/airflow/.local/lib/python3.7/site-packages/airflow/example_dags/example_kubernetes_executor.py
[2022-03-03 15:22:13,752] {processor.py:654} INFO - DAG(s) dict_keys(['example_kubernetes_executor']) retrieved from /home/airflow/.local/lib/python3.7/site-packages/airflow/example_dags/example_kubernetes_executor.py
[2022-03-03 15:22:13,765] {logging_mixin.py:109} INFO - [2022-03-03 15:22:13,765] {dag.py:2396} INFO - Sync 1 DAGs
[2022-03-03 15:22:13,781] {logging_mixin.py:109} INFO - [2022-03-03 15:22:13,781] {dag.py:2935} INFO - Setting next_dagrun for example_kubernetes_executor to None
[2022-03-03 15:22:13,790] {processor.py:171} INFO - Processing /home/airflow/.local/lib/python3.7/site-packages/airflow/example_dags/example_kubernetes_executor.py took 0.078 seconds
[2022-03-03 15:22:44,265] {processor.py:163} INFO - Started process (PID=508) to work on /home/airflow/.local/lib/python3.7/site-packages/airflow/example_dags/example_kubernetes_executor.py
[2022-03-03 15:22:44,267] {processor.py:642} INFO - Processing file /home/airflow/.local/lib/python3.7/site-packages/airflow/example_dags/example_kubernetes_executor.py for tasks to queue
[2022-03-03 15:22:44,269] {logging_mixin.py:109} INFO - [2022-03-03 15:22:44,269] {dagbag.py:500} INFO - Filling up the DagBag from /home/airflow/.local/lib/python3.7/site-packages/airflow/example_dags/example_kubernetes_executor.py
[2022-03-03 15:22:44,303] {processor.py:654} INFO - DAG(s) dict_keys(['example_kubernetes_executor']) retrieved from /home/airflow/.local/lib/python3.7/site-packages/airflow/example_dags/example_kubernetes_executor.py
[2022-03-03 15:22:44,317] {logging_mixin.py:109} INFO - [2022-03-03 15:22:44,317] {dag.py:2396} INFO - Sync 1 DAGs
[2022-03-03 15:22:44,340] {logging_mixin.py:109} INFO - [2022-03-03 15:22:44,340] {dag.py:2935} INFO - Setting next_dagrun for example_kubernetes_executor to None
[2022-03-03 15:22:44,352] {processor.py:171} INFO - Processing /home/airflow/.local/lib/python3.7/site-packages/airflow/example_dags/example_kubernetes_executor.py took 0.091 seconds
[2022-03-03 15:23:14,732] {processor.py:163} INFO - Started process (PID=573) to work on /home/airflow/.local/lib/python3.7/site-packages/airflow/example_dags/example_kubernetes_executor.py
[2022-03-03 15:23:14,747] {processor.py:642} INFO - Processing file /home/airflow/.local/lib/python3.7/site-packages/airflow/example_dags/example_kubernetes_executor.py for tasks to queue
[2022-03-03 15:23:14,758] {logging_mixin.py:109} INFO - [2022-03-03 15:23:14,758] {dagbag.py:500} INFO - Filling up the DagBag from /home/airflow/.local/lib/python3.7/site-packages/airflow/example_dags/example_kubernetes_executor.py
[2022-03-03 15:23:14,823] {processor.py:654} INFO - DAG(s) dict_keys(['example_kubernetes_executor']) retrieved from /home/airflow/.local/lib/python3.7/site-packages/airflow/example_dags/example_kubernetes_executor.py
[2022-03-03 15:23:14,842] {logging_mixin.py:109} INFO - [2022-03-03 15:23:14,841] {dag.py:2396} INFO - Sync 1 DAGs
[2022-03-03 15:23:14,874] {logging_mixin.py:109} INFO - [2022-03-03 15:23:14,874] {dag.py:2935} INFO - Setting next_dagrun for example_kubernetes_executor to None
[2022-03-03 15:23:14,896] {processor.py:171} INFO - Processing /home/airflow/.local/lib/python3.7/site-packages/airflow/example_dags/example_kubernetes_executor.py took 0.167 seconds
[2022-03-03 15:23:45,264] {processor.py:163} INFO - Started process (PID=627) to work on /home/airflow/.local/lib/python3.7/site-packages/airflow/example_dags/example_kubernetes_executor.py
[2022-03-03 15:23:45,266] {processor.py:642} INFO - Processing file /home/airflow/.local/lib/python3.7/site-packages/airflow/example_dags/example_kubernetes_executor.py for tasks to queue
[2022-03-03 15:23:45,268] {logging_mixin.py:109} INFO - [2022-03-03 15:23:45,268] {dagbag.py:500} INFO - Filling up the DagBag from /home/airflow/.local/lib/python3.7/site-packages/airflow/example_dags/example_kubernetes_executor.py
[2022-03-03 15:23:45,309] {processor.py:654} INFO - DAG(s) dict_keys(['example_kubernetes_executor']) retrieved from /home/airflow/.local/lib/python3.7/site-packages/airflow/example_dags/example_kubernetes_executor.py
[2022-03-03 15:23:45,325] {logging_mixin.py:109} INFO - [2022-03-03 15:23:45,325] {dag.py:2396} INFO - Sync 1 DAGs
[2022-03-03 15:23:45,345] {logging_mixin.py:109} INFO - [2022-03-03 15:23:45,345] {dag.py:2935} INFO - Setting next_dagrun for example_kubernetes_executor to None
[2022-03-03 15:23:45,356] {processor.py:171} INFO - Processing /home/airflow/.local/lib/python3.7/site-packages/airflow/example_dags/example_kubernetes_executor.py took 0.099 seconds
[2022-03-03 15:24:16,019] {processor.py:163} INFO - Started process (PID=683) to work on /home/airflow/.local/lib/python3.7/site-packages/airflow/example_dags/example_kubernetes_executor.py
[2022-03-03 15:24:16,023] {processor.py:642} INFO - Processing file /home/airflow/.local/lib/python3.7/site-packages/airflow/example_dags/example_kubernetes_executor.py for tasks to queue
[2022-03-03 15:24:16,026] {logging_mixin.py:109} INFO - [2022-03-03 15:24:16,026] {dagbag.py:500} INFO - Filling up the DagBag from /home/airflow/.local/lib/python3.7/site-packages/airflow/example_dags/example_kubernetes_executor.py
[2022-03-03 15:24:16,063] {processor.py:654} INFO - DAG(s) dict_keys(['example_kubernetes_executor']) retrieved from /home/airflow/.local/lib/python3.7/site-packages/airflow/example_dags/example_kubernetes_executor.py
[2022-03-03 15:24:16,077] {logging_mixin.py:109} INFO - [2022-03-03 15:24:16,077] {dag.py:2396} INFO - Sync 1 DAGs
[2022-03-03 15:24:16,095] {logging_mixin.py:109} INFO - [2022-03-03 15:24:16,095] {dag.py:2935} INFO - Setting next_dagrun for example_kubernetes_executor to None
[2022-03-03 15:24:16,106] {processor.py:171} INFO - Processing /home/airflow/.local/lib/python3.7/site-packages/airflow/example_dags/example_kubernetes_executor.py took 0.104 seconds
[2022-03-03 15:24:46,235] {processor.py:163} INFO - Started process (PID=737) to work on /home/airflow/.local/lib/python3.7/site-packages/airflow/example_dags/example_kubernetes_executor.py
[2022-03-03 15:24:46,240] {processor.py:642} INFO - Processing file /home/airflow/.local/lib/python3.7/site-packages/airflow/example_dags/example_kubernetes_executor.py for tasks to queue
[2022-03-03 15:24:46,242] {logging_mixin.py:109} INFO - [2022-03-03 15:24:46,242] {dagbag.py:500} INFO - Filling up the DagBag from /home/airflow/.local/lib/python3.7/site-packages/airflow/example_dags/example_kubernetes_executor.py
[2022-03-03 15:24:46,338] {processor.py:654} INFO - DAG(s) dict_keys(['example_kubernetes_executor']) retrieved from /home/airflow/.local/lib/python3.7/site-packages/airflow/example_dags/example_kubernetes_executor.py
[2022-03-03 15:24:46,375] {logging_mixin.py:109} INFO - [2022-03-03 15:24:46,375] {dag.py:2396} INFO - Sync 1 DAGs
[2022-03-03 15:24:46,464] {logging_mixin.py:109} INFO - [2022-03-03 15:24:46,464] {dag.py:2935} INFO - Setting next_dagrun for example_kubernetes_executor to None
[2022-03-03 15:24:46,514] {processor.py:171} INFO - Processing /home/airflow/.local/lib/python3.7/site-packages/airflow/example_dags/example_kubernetes_executor.py took 0.286 seconds
[2022-03-03 15:25:17,368] {processor.py:163} INFO - Started process (PID=800) to work on /home/airflow/.local/lib/python3.7/site-packages/airflow/example_dags/example_kubernetes_executor.py
[2022-03-03 15:25:17,392] {processor.py:642} INFO - Processing file /home/airflow/.local/lib/python3.7/site-packages/airflow/example_dags/example_kubernetes_executor.py for tasks to queue
[2022-03-03 15:25:17,399] {logging_mixin.py:109} INFO - [2022-03-03 15:25:17,398] {dagbag.py:500} INFO - Filling up the DagBag from /home/airflow/.local/lib/python3.7/site-packages/airflow/example_dags/example_kubernetes_executor.py
[2022-03-03 15:25:17,574] {processor.py:654} INFO - DAG(s) dict_keys(['example_kubernetes_executor']) retrieved from /home/airflow/.local/lib/python3.7/site-packages/airflow/example_dags/example_kubernetes_executor.py
[2022-03-03 15:25:17,624] {logging_mixin.py:109} INFO - [2022-03-03 15:25:17,624] {dag.py:2396} INFO - Sync 1 DAGs
[2022-03-03 15:25:17,668] {logging_mixin.py:109} INFO - [2022-03-03 15:25:17,668] {dag.py:2935} INFO - Setting next_dagrun for example_kubernetes_executor to None
[2022-03-03 15:25:17,696] {processor.py:171} INFO - Processing /home/airflow/.local/lib/python3.7/site-packages/airflow/example_dags/example_kubernetes_executor.py took 0.343 seconds
[2022-03-03 15:25:48,337] {processor.py:163} INFO - Started process (PID=855) to work on /home/airflow/.local/lib/python3.7/site-packages/airflow/example_dags/example_kubernetes_executor.py
[2022-03-03 15:25:48,338] {processor.py:642} INFO - Processing file /home/airflow/.local/lib/python3.7/site-packages/airflow/example_dags/example_kubernetes_executor.py for tasks to queue
[2022-03-03 15:25:48,340] {logging_mixin.py:109} INFO - [2022-03-03 15:25:48,340] {dagbag.py:500} INFO - Filling up the DagBag from /home/airflow/.local/lib/python3.7/site-packages/airflow/example_dags/example_kubernetes_executor.py
[2022-03-03 15:25:48,373] {processor.py:654} INFO - DAG(s) dict_keys(['example_kubernetes_executor']) retrieved from /home/airflow/.local/lib/python3.7/site-packages/airflow/example_dags/example_kubernetes_executor.py
[2022-03-03 15:25:48,389] {logging_mixin.py:109} INFO - [2022-03-03 15:25:48,389] {dag.py:2396} INFO - Sync 1 DAGs
[2022-03-03 15:25:48,408] {logging_mixin.py:109} INFO - [2022-03-03 15:25:48,408] {dag.py:2935} INFO - Setting next_dagrun for example_kubernetes_executor to None
[2022-03-03 15:25:48,418] {processor.py:171} INFO - Processing /home/airflow/.local/lib/python3.7/site-packages/airflow/example_dags/example_kubernetes_executor.py took 0.084 seconds
[2022-03-03 15:26:18,535] {processor.py:163} INFO - Started process (PID=907) to work on /home/airflow/.local/lib/python3.7/site-packages/airflow/example_dags/example_kubernetes_executor.py
[2022-03-03 15:26:18,537] {processor.py:642} INFO - Processing file /home/airflow/.local/lib/python3.7/site-packages/airflow/example_dags/example_kubernetes_executor.py for tasks to queue
[2022-03-03 15:26:18,538] {logging_mixin.py:109} INFO - [2022-03-03 15:26:18,538] {dagbag.py:500} INFO - Filling up the DagBag from /home/airflow/.local/lib/python3.7/site-packages/airflow/example_dags/example_kubernetes_executor.py
[2022-03-03 15:26:18,591] {processor.py:654} INFO - DAG(s) dict_keys(['example_kubernetes_executor']) retrieved from /home/airflow/.local/lib/python3.7/site-packages/airflow/example_dags/example_kubernetes_executor.py
[2022-03-03 15:26:18,630] {logging_mixin.py:109} INFO - [2022-03-03 15:26:18,630] {dag.py:2396} INFO - Sync 1 DAGs
[2022-03-03 15:26:18,660] {logging_mixin.py:109} INFO - [2022-03-03 15:26:18,660] {dag.py:2935} INFO - Setting next_dagrun for example_kubernetes_executor to None
[2022-03-03 15:26:18,691] {processor.py:171} INFO - Processing /home/airflow/.local/lib/python3.7/site-packages/airflow/example_dags/example_kubernetes_executor.py took 0.161 seconds
[2022-03-03 15:26:49,023] {processor.py:163} INFO - Started process (PID=961) to work on /home/airflow/.local/lib/python3.7/site-packages/airflow/example_dags/example_kubernetes_executor.py
[2022-03-03 15:26:49,024] {processor.py:642} INFO - Processing file /home/airflow/.local/lib/python3.7/site-packages/airflow/example_dags/example_kubernetes_executor.py for tasks to queue
[2022-03-03 15:26:49,026] {logging_mixin.py:109} INFO - [2022-03-03 15:26:49,026] {dagbag.py:500} INFO - Filling up the DagBag from /home/airflow/.local/lib/python3.7/site-packages/airflow/example_dags/example_kubernetes_executor.py
[2022-03-03 15:26:49,070] {processor.py:654} INFO - DAG(s) dict_keys(['example_kubernetes_executor']) retrieved from /home/airflow/.local/lib/python3.7/site-packages/airflow/example_dags/example_kubernetes_executor.py
[2022-03-03 15:26:49,089] {logging_mixin.py:109} INFO - [2022-03-03 15:26:49,089] {dag.py:2396} INFO - Sync 1 DAGs
[2022-03-03 15:26:49,111] {logging_mixin.py:109} INFO - [2022-03-03 15:26:49,110] {dag.py:2935} INFO - Setting next_dagrun for example_kubernetes_executor to None
[2022-03-03 15:26:49,120] {processor.py:171} INFO - Processing /home/airflow/.local/lib/python3.7/site-packages/airflow/example_dags/example_kubernetes_executor.py took 0.104 seconds
[2022-03-03 15:27:19,823] {processor.py:163} INFO - Started process (PID=1029) to work on /home/airflow/.local/lib/python3.7/site-packages/airflow/example_dags/example_kubernetes_executor.py
[2022-03-03 15:27:19,827] {processor.py:642} INFO - Processing file /home/airflow/.local/lib/python3.7/site-packages/airflow/example_dags/example_kubernetes_executor.py for tasks to queue
[2022-03-03 15:27:19,828] {logging_mixin.py:109} INFO - [2022-03-03 15:27:19,828] {dagbag.py:500} INFO - Filling up the DagBag from /home/airflow/.local/lib/python3.7/site-packages/airflow/example_dags/example_kubernetes_executor.py
[2022-03-03 15:27:19,889] {processor.py:654} INFO - DAG(s) dict_keys(['example_kubernetes_executor']) retrieved from /home/airflow/.local/lib/python3.7/site-packages/airflow/example_dags/example_kubernetes_executor.py
[2022-03-03 15:27:19,917] {logging_mixin.py:109} INFO - [2022-03-03 15:27:19,916] {dag.py:2396} INFO - Sync 1 DAGs
[2022-03-03 15:27:19,952] {logging_mixin.py:109} INFO - [2022-03-03 15:27:19,952] {dag.py:2935} INFO - Setting next_dagrun for example_kubernetes_executor to None
[2022-03-03 15:27:19,967] {processor.py:171} INFO - Processing /home/airflow/.local/lib/python3.7/site-packages/airflow/example_dags/example_kubernetes_executor.py took 0.150 seconds
[2022-03-03 15:27:50,383] {processor.py:163} INFO - Started process (PID=1085) to work on /home/airflow/.local/lib/python3.7/site-packages/airflow/example_dags/example_kubernetes_executor.py
[2022-03-03 15:27:50,386] {processor.py:642} INFO - Processing file /home/airflow/.local/lib/python3.7/site-packages/airflow/example_dags/example_kubernetes_executor.py for tasks to queue
[2022-03-03 15:27:50,397] {logging_mixin.py:109} INFO - [2022-03-03 15:27:50,397] {dagbag.py:500} INFO - Filling up the DagBag from /home/airflow/.local/lib/python3.7/site-packages/airflow/example_dags/example_kubernetes_executor.py
[2022-03-03 15:27:50,592] {processor.py:654} INFO - DAG(s) dict_keys(['example_kubernetes_executor']) retrieved from /home/airflow/.local/lib/python3.7/site-packages/airflow/example_dags/example_kubernetes_executor.py
[2022-03-03 15:27:50,648] {logging_mixin.py:109} INFO - [2022-03-03 15:27:50,647] {dag.py:2396} INFO - Sync 1 DAGs
[2022-03-03 15:27:50,730] {logging_mixin.py:109} INFO - [2022-03-03 15:27:50,730] {dag.py:2935} INFO - Setting next_dagrun for example_kubernetes_executor to None
[2022-03-03 15:27:50,765] {processor.py:171} INFO - Processing /home/airflow/.local/lib/python3.7/site-packages/airflow/example_dags/example_kubernetes_executor.py took 0.410 seconds
[2022-03-03 15:28:21,581] {processor.py:163} INFO - Started process (PID=1142) to work on /home/airflow/.local/lib/python3.7/site-packages/airflow/example_dags/example_kubernetes_executor.py
[2022-03-03 15:28:21,587] {processor.py:642} INFO - Processing file /home/airflow/.local/lib/python3.7/site-packages/airflow/example_dags/example_kubernetes_executor.py for tasks to queue
[2022-03-03 15:28:21,590] {logging_mixin.py:109} INFO - [2022-03-03 15:28:21,590] {dagbag.py:500} INFO - Filling up the DagBag from /home/airflow/.local/lib/python3.7/site-packages/airflow/example_dags/example_kubernetes_executor.py
[2022-03-03 15:28:21,649] {processor.py:654} INFO - DAG(s) dict_keys(['example_kubernetes_executor']) retrieved from /home/airflow/.local/lib/python3.7/site-packages/airflow/example_dags/example_kubernetes_executor.py
[2022-03-03 15:28:21,672] {logging_mixin.py:109} INFO - [2022-03-03 15:28:21,672] {dag.py:2396} INFO - Sync 1 DAGs
[2022-03-03 15:28:21,715] {logging_mixin.py:109} INFO - [2022-03-03 15:28:21,715] {dag.py:2935} INFO - Setting next_dagrun for example_kubernetes_executor to None
[2022-03-03 15:28:21,725] {processor.py:171} INFO - Processing /home/airflow/.local/lib/python3.7/site-packages/airflow/example_dags/example_kubernetes_executor.py took 0.146 seconds
[2022-03-03 15:28:53,566] {processor.py:163} INFO - Started process (PID=1193) to work on /home/airflow/.local/lib/python3.7/site-packages/airflow/example_dags/example_kubernetes_executor.py
[2022-03-03 15:28:53,586] {processor.py:642} INFO - Processing file /home/airflow/.local/lib/python3.7/site-packages/airflow/example_dags/example_kubernetes_executor.py for tasks to queue
[2022-03-03 15:28:53,593] {logging_mixin.py:109} INFO - [2022-03-03 15:28:53,592] {dagbag.py:500} INFO - Filling up the DagBag from /home/airflow/.local/lib/python3.7/site-packages/airflow/example_dags/example_kubernetes_executor.py
[2022-03-03 15:28:53,846] {processor.py:654} INFO - DAG(s) dict_keys(['example_kubernetes_executor']) retrieved from /home/airflow/.local/lib/python3.7/site-packages/airflow/example_dags/example_kubernetes_executor.py
[2022-03-03 15:28:53,957] {logging_mixin.py:109} INFO - [2022-03-03 15:28:53,952] {dag.py:2396} INFO - Sync 1 DAGs
[2022-03-03 15:28:54,719] {logging_mixin.py:109} INFO - [2022-03-03 15:28:54,719] {dag.py:2935} INFO - Setting next_dagrun for example_kubernetes_executor to None
[2022-03-03 15:28:54,804] {processor.py:171} INFO - Processing /home/airflow/.local/lib/python3.7/site-packages/airflow/example_dags/example_kubernetes_executor.py took 1.304 seconds
[2022-03-03 15:29:25,093] {processor.py:163} INFO - Started process (PID=1236) to work on /home/airflow/.local/lib/python3.7/site-packages/airflow/example_dags/example_kubernetes_executor.py
[2022-03-03 15:29:25,096] {processor.py:642} INFO - Processing file /home/airflow/.local/lib/python3.7/site-packages/airflow/example_dags/example_kubernetes_executor.py for tasks to queue
[2022-03-03 15:29:25,098] {logging_mixin.py:109} INFO - [2022-03-03 15:29:25,097] {dagbag.py:500} INFO - Filling up the DagBag from /home/airflow/.local/lib/python3.7/site-packages/airflow/example_dags/example_kubernetes_executor.py
[2022-03-03 15:29:25,134] {processor.py:654} INFO - DAG(s) dict_keys(['example_kubernetes_executor']) retrieved from /home/airflow/.local/lib/python3.7/site-packages/airflow/example_dags/example_kubernetes_executor.py
[2022-03-03 15:29:25,152] {logging_mixin.py:109} INFO - [2022-03-03 15:29:25,152] {dag.py:2396} INFO - Sync 1 DAGs
[2022-03-03 15:29:25,259] {logging_mixin.py:109} INFO - [2022-03-03 15:29:25,259] {dag.py:2935} INFO - Setting next_dagrun for example_kubernetes_executor to None
[2022-03-03 15:29:25,273] {processor.py:171} INFO - Processing /home/airflow/.local/lib/python3.7/site-packages/airflow/example_dags/example_kubernetes_executor.py took 0.184 seconds
[2022-03-03 15:29:55,495] {processor.py:163} INFO - Started process (PID=1292) to work on /home/airflow/.local/lib/python3.7/site-packages/airflow/example_dags/example_kubernetes_executor.py
[2022-03-03 15:29:55,498] {processor.py:642} INFO - Processing file /home/airflow/.local/lib/python3.7/site-packages/airflow/example_dags/example_kubernetes_executor.py for tasks to queue
[2022-03-03 15:29:55,502] {logging_mixin.py:109} INFO - [2022-03-03 15:29:55,501] {dagbag.py:500} INFO - Filling up the DagBag from /home/airflow/.local/lib/python3.7/site-packages/airflow/example_dags/example_kubernetes_executor.py
[2022-03-03 15:29:55,568] {processor.py:654} INFO - DAG(s) dict_keys(['example_kubernetes_executor']) retrieved from /home/airflow/.local/lib/python3.7/site-packages/airflow/example_dags/example_kubernetes_executor.py
[2022-03-03 15:29:55,587] {logging_mixin.py:109} INFO - [2022-03-03 15:29:55,587] {dag.py:2396} INFO - Sync 1 DAGs
[2022-03-03 15:29:55,726] {logging_mixin.py:109} INFO - [2022-03-03 15:29:55,726] {dag.py:2935} INFO - Setting next_dagrun for example_kubernetes_executor to None
[2022-03-03 15:29:55,736] {processor.py:171} INFO - Processing /home/airflow/.local/lib/python3.7/site-packages/airflow/example_dags/example_kubernetes_executor.py took 0.254 seconds
[2022-03-03 15:30:26,218] {processor.py:163} INFO - Started process (PID=1355) to work on /home/airflow/.local/lib/python3.7/site-packages/airflow/example_dags/example_kubernetes_executor.py
[2022-03-03 15:30:26,224] {processor.py:642} INFO - Processing file /home/airflow/.local/lib/python3.7/site-packages/airflow/example_dags/example_kubernetes_executor.py for tasks to queue
[2022-03-03 15:30:26,229] {logging_mixin.py:109} INFO - [2022-03-03 15:30:26,229] {dagbag.py:500} INFO - Filling up the DagBag from /home/airflow/.local/lib/python3.7/site-packages/airflow/example_dags/example_kubernetes_executor.py
[2022-03-03 15:30:26,335] {processor.py:654} INFO - DAG(s) dict_keys(['example_kubernetes_executor']) retrieved from /home/airflow/.local/lib/python3.7/site-packages/airflow/example_dags/example_kubernetes_executor.py
[2022-03-03 15:30:26,375] {logging_mixin.py:109} INFO - [2022-03-03 15:30:26,375] {dag.py:2396} INFO - Sync 1 DAGs
[2022-03-03 15:30:26,933] {logging_mixin.py:109} INFO - [2022-03-03 15:30:26,933] {dag.py:2935} INFO - Setting next_dagrun for example_kubernetes_executor to None
[2022-03-03 15:30:26,955] {processor.py:171} INFO - Processing /home/airflow/.local/lib/python3.7/site-packages/airflow/example_dags/example_kubernetes_executor.py took 0.745 seconds
[2022-03-03 15:30:57,718] {processor.py:163} INFO - Started process (PID=1414) to work on /home/airflow/.local/lib/python3.7/site-packages/airflow/example_dags/example_kubernetes_executor.py
[2022-03-03 15:30:57,720] {processor.py:642} INFO - Processing file /home/airflow/.local/lib/python3.7/site-packages/airflow/example_dags/example_kubernetes_executor.py for tasks to queue
[2022-03-03 15:30:57,722] {logging_mixin.py:109} INFO - [2022-03-03 15:30:57,721] {dagbag.py:500} INFO - Filling up the DagBag from /home/airflow/.local/lib/python3.7/site-packages/airflow/example_dags/example_kubernetes_executor.py
[2022-03-03 15:30:57,759] {processor.py:654} INFO - DAG(s) dict_keys(['example_kubernetes_executor']) retrieved from /home/airflow/.local/lib/python3.7/site-packages/airflow/example_dags/example_kubernetes_executor.py
[2022-03-03 15:30:57,860] {logging_mixin.py:109} INFO - [2022-03-03 15:30:57,860] {dag.py:2396} INFO - Sync 1 DAGs
[2022-03-03 15:30:57,879] {logging_mixin.py:109} INFO - [2022-03-03 15:30:57,879] {dag.py:2935} INFO - Setting next_dagrun for example_kubernetes_executor to None
[2022-03-03 15:30:57,892] {processor.py:171} INFO - Processing /home/airflow/.local/lib/python3.7/site-packages/airflow/example_dags/example_kubernetes_executor.py took 0.178 seconds
[2022-03-03 15:31:28,046] {processor.py:163} INFO - Started process (PID=1474) to work on /home/airflow/.local/lib/python3.7/site-packages/airflow/example_dags/example_kubernetes_executor.py
[2022-03-03 15:31:28,048] {processor.py:642} INFO - Processing file /home/airflow/.local/lib/python3.7/site-packages/airflow/example_dags/example_kubernetes_executor.py for tasks to queue
[2022-03-03 15:31:28,050] {logging_mixin.py:109} INFO - [2022-03-03 15:31:28,050] {dagbag.py:500} INFO - Filling up the DagBag from /home/airflow/.local/lib/python3.7/site-packages/airflow/example_dags/example_kubernetes_executor.py
[2022-03-03 15:31:28,088] {processor.py:654} INFO - DAG(s) dict_keys(['example_kubernetes_executor']) retrieved from /home/airflow/.local/lib/python3.7/site-packages/airflow/example_dags/example_kubernetes_executor.py
[2022-03-03 15:31:28,196] {logging_mixin.py:109} INFO - [2022-03-03 15:31:28,195] {dag.py:2396} INFO - Sync 1 DAGs
[2022-03-03 15:31:28,216] {logging_mixin.py:109} INFO - [2022-03-03 15:31:28,216] {dag.py:2935} INFO - Setting next_dagrun for example_kubernetes_executor to None
[2022-03-03 15:31:28,226] {processor.py:171} INFO - Processing /home/airflow/.local/lib/python3.7/site-packages/airflow/example_dags/example_kubernetes_executor.py took 0.184 seconds
[2022-03-03 15:31:58,977] {processor.py:163} INFO - Started process (PID=1528) to work on /home/airflow/.local/lib/python3.7/site-packages/airflow/example_dags/example_kubernetes_executor.py
[2022-03-03 15:31:58,979] {processor.py:642} INFO - Processing file /home/airflow/.local/lib/python3.7/site-packages/airflow/example_dags/example_kubernetes_executor.py for tasks to queue
[2022-03-03 15:31:58,981] {logging_mixin.py:109} INFO - [2022-03-03 15:31:58,981] {dagbag.py:500} INFO - Filling up the DagBag from /home/airflow/.local/lib/python3.7/site-packages/airflow/example_dags/example_kubernetes_executor.py
[2022-03-03 15:31:59,116] {processor.py:654} INFO - DAG(s) dict_keys(['example_kubernetes_executor']) retrieved from /home/airflow/.local/lib/python3.7/site-packages/airflow/example_dags/example_kubernetes_executor.py
[2022-03-03 15:31:59,133] {logging_mixin.py:109} INFO - [2022-03-03 15:31:59,133] {dag.py:2396} INFO - Sync 1 DAGs
[2022-03-03 15:31:59,152] {logging_mixin.py:109} INFO - [2022-03-03 15:31:59,152] {dag.py:2935} INFO - Setting next_dagrun for example_kubernetes_executor to None
[2022-03-03 15:31:59,163] {processor.py:171} INFO - Processing /home/airflow/.local/lib/python3.7/site-packages/airflow/example_dags/example_kubernetes_executor.py took 0.193 seconds
[2022-03-03 15:32:29,470] {processor.py:163} INFO - Started process (PID=1582) to work on /home/airflow/.local/lib/python3.7/site-packages/airflow/example_dags/example_kubernetes_executor.py
[2022-03-03 15:32:29,472] {processor.py:642} INFO - Processing file /home/airflow/.local/lib/python3.7/site-packages/airflow/example_dags/example_kubernetes_executor.py for tasks to queue
[2022-03-03 15:32:29,474] {logging_mixin.py:109} INFO - [2022-03-03 15:32:29,474] {dagbag.py:500} INFO - Filling up the DagBag from /home/airflow/.local/lib/python3.7/site-packages/airflow/example_dags/example_kubernetes_executor.py
[2022-03-03 15:32:29,588] {processor.py:654} INFO - DAG(s) dict_keys(['example_kubernetes_executor']) retrieved from /home/airflow/.local/lib/python3.7/site-packages/airflow/example_dags/example_kubernetes_executor.py
[2022-03-03 15:32:29,598] {logging_mixin.py:109} INFO - [2022-03-03 15:32:29,598] {dag.py:2396} INFO - Sync 1 DAGs
[2022-03-03 15:32:29,611] {logging_mixin.py:109} INFO - [2022-03-03 15:32:29,611] {dag.py:2935} INFO - Setting next_dagrun for example_kubernetes_executor to None
[2022-03-03 15:32:29,620] {processor.py:171} INFO - Processing /home/airflow/.local/lib/python3.7/site-packages/airflow/example_dags/example_kubernetes_executor.py took 0.154 seconds
[2022-03-03 15:33:00,025] {processor.py:163} INFO - Started process (PID=1639) to work on /home/airflow/.local/lib/python3.7/site-packages/airflow/example_dags/example_kubernetes_executor.py
[2022-03-03 15:33:00,028] {processor.py:642} INFO - Processing file /home/airflow/.local/lib/python3.7/site-packages/airflow/example_dags/example_kubernetes_executor.py for tasks to queue
[2022-03-03 15:33:00,029] {logging_mixin.py:109} INFO - [2022-03-03 15:33:00,029] {dagbag.py:500} INFO - Filling up the DagBag from /home/airflow/.local/lib/python3.7/site-packages/airflow/example_dags/example_kubernetes_executor.py
[2022-03-03 15:33:00,151] {processor.py:654} INFO - DAG(s) dict_keys(['example_kubernetes_executor']) retrieved from /home/airflow/.local/lib/python3.7/site-packages/airflow/example_dags/example_kubernetes_executor.py
[2022-03-03 15:33:00,166] {logging_mixin.py:109} INFO - [2022-03-03 15:33:00,166] {dag.py:2396} INFO - Sync 1 DAGs
[2022-03-03 15:33:00,184] {logging_mixin.py:109} INFO - [2022-03-03 15:33:00,184] {dag.py:2935} INFO - Setting next_dagrun for example_kubernetes_executor to None
[2022-03-03 15:33:00,199] {processor.py:171} INFO - Processing /home/airflow/.local/lib/python3.7/site-packages/airflow/example_dags/example_kubernetes_executor.py took 0.180 seconds
[2022-03-03 15:33:30,721] {processor.py:163} INFO - Started process (PID=1707) to work on /home/airflow/.local/lib/python3.7/site-packages/airflow/example_dags/example_kubernetes_executor.py
[2022-03-03 15:33:30,725] {processor.py:642} INFO - Processing file /home/airflow/.local/lib/python3.7/site-packages/airflow/example_dags/example_kubernetes_executor.py for tasks to queue
[2022-03-03 15:33:30,736] {logging_mixin.py:109} INFO - [2022-03-03 15:33:30,736] {dagbag.py:500} INFO - Filling up the DagBag from /home/airflow/.local/lib/python3.7/site-packages/airflow/example_dags/example_kubernetes_executor.py
[2022-03-03 15:33:30,982] {processor.py:654} INFO - DAG(s) dict_keys(['example_kubernetes_executor']) retrieved from /home/airflow/.local/lib/python3.7/site-packages/airflow/example_dags/example_kubernetes_executor.py
[2022-03-03 15:33:31,003] {logging_mixin.py:109} INFO - [2022-03-03 15:33:31,003] {dag.py:2396} INFO - Sync 1 DAGs
[2022-03-03 15:33:31,035] {logging_mixin.py:109} INFO - [2022-03-03 15:33:31,034] {dag.py:2935} INFO - Setting next_dagrun for example_kubernetes_executor to None
[2022-03-03 15:33:31,054] {processor.py:171} INFO - Processing /home/airflow/.local/lib/python3.7/site-packages/airflow/example_dags/example_kubernetes_executor.py took 0.339 seconds
[2022-03-03 15:34:01,123] {processor.py:163} INFO - Started process (PID=1766) to work on /home/airflow/.local/lib/python3.7/site-packages/airflow/example_dags/example_kubernetes_executor.py
[2022-03-03 15:34:01,125] {processor.py:642} INFO - Processing file /home/airflow/.local/lib/python3.7/site-packages/airflow/example_dags/example_kubernetes_executor.py for tasks to queue
[2022-03-03 15:34:01,126] {logging_mixin.py:109} INFO - [2022-03-03 15:34:01,126] {dagbag.py:500} INFO - Filling up the DagBag from /home/airflow/.local/lib/python3.7/site-packages/airflow/example_dags/example_kubernetes_executor.py
[2022-03-03 15:34:01,241] {processor.py:654} INFO - DAG(s) dict_keys(['example_kubernetes_executor']) retrieved from /home/airflow/.local/lib/python3.7/site-packages/airflow/example_dags/example_kubernetes_executor.py
[2022-03-03 15:34:01,251] {logging_mixin.py:109} INFO - [2022-03-03 15:34:01,251] {dag.py:2396} INFO - Sync 1 DAGs
[2022-03-03 15:34:01,264] {logging_mixin.py:109} INFO - [2022-03-03 15:34:01,264] {dag.py:2935} INFO - Setting next_dagrun for example_kubernetes_executor to None
[2022-03-03 15:34:01,273] {processor.py:171} INFO - Processing /home/airflow/.local/lib/python3.7/site-packages/airflow/example_dags/example_kubernetes_executor.py took 0.154 seconds
[2022-03-03 15:34:31,984] {processor.py:163} INFO - Started process (PID=1821) to work on /home/airflow/.local/lib/python3.7/site-packages/airflow/example_dags/example_kubernetes_executor.py
[2022-03-03 15:34:31,986] {processor.py:642} INFO - Processing file /home/airflow/.local/lib/python3.7/site-packages/airflow/example_dags/example_kubernetes_executor.py for tasks to queue
[2022-03-03 15:34:31,987] {logging_mixin.py:109} INFO - [2022-03-03 15:34:31,987] {dagbag.py:500} INFO - Filling up the DagBag from /home/airflow/.local/lib/python3.7/site-packages/airflow/example_dags/example_kubernetes_executor.py
[2022-03-03 15:34:32,023] {processor.py:654} INFO - DAG(s) dict_keys(['example_kubernetes_executor']) retrieved from /home/airflow/.local/lib/python3.7/site-packages/airflow/example_dags/example_kubernetes_executor.py
[2022-03-03 15:34:32,040] {logging_mixin.py:109} INFO - [2022-03-03 15:34:32,040] {dag.py:2396} INFO - Sync 1 DAGs
[2022-03-03 15:34:32,058] {logging_mixin.py:109} INFO - [2022-03-03 15:34:32,058] {dag.py:2935} INFO - Setting next_dagrun for example_kubernetes_executor to None
[2022-03-03 15:34:32,067] {processor.py:171} INFO - Processing /home/airflow/.local/lib/python3.7/site-packages/airflow/example_dags/example_kubernetes_executor.py took 0.087 seconds
[2022-03-03 15:35:02,422] {processor.py:163} INFO - Started process (PID=1877) to work on /home/airflow/.local/lib/python3.7/site-packages/airflow/example_dags/example_kubernetes_executor.py
[2022-03-03 15:35:02,424] {processor.py:642} INFO - Processing file /home/airflow/.local/lib/python3.7/site-packages/airflow/example_dags/example_kubernetes_executor.py for tasks to queue
[2022-03-03 15:35:02,425] {logging_mixin.py:109} INFO - [2022-03-03 15:35:02,425] {dagbag.py:500} INFO - Filling up the DagBag from /home/airflow/.local/lib/python3.7/site-packages/airflow/example_dags/example_kubernetes_executor.py
[2022-03-03 15:35:02,465] {processor.py:654} INFO - DAG(s) dict_keys(['example_kubernetes_executor']) retrieved from /home/airflow/.local/lib/python3.7/site-packages/airflow/example_dags/example_kubernetes_executor.py
[2022-03-03 15:35:02,478] {logging_mixin.py:109} INFO - [2022-03-03 15:35:02,478] {dag.py:2396} INFO - Sync 1 DAGs
[2022-03-03 15:35:02,507] {logging_mixin.py:109} INFO - [2022-03-03 15:35:02,507] {dag.py:2935} INFO - Setting next_dagrun for example_kubernetes_executor to None
[2022-03-03 15:35:02,515] {processor.py:171} INFO - Processing /home/airflow/.local/lib/python3.7/site-packages/airflow/example_dags/example_kubernetes_executor.py took 0.097 seconds
[2022-03-03 15:35:32,906] {processor.py:163} INFO - Started process (PID=1934) to work on /home/airflow/.local/lib/python3.7/site-packages/airflow/example_dags/example_kubernetes_executor.py
[2022-03-03 15:35:32,907] {processor.py:642} INFO - Processing file /home/airflow/.local/lib/python3.7/site-packages/airflow/example_dags/example_kubernetes_executor.py for tasks to queue
[2022-03-03 15:35:32,908] {logging_mixin.py:109} INFO - [2022-03-03 15:35:32,908] {dagbag.py:500} INFO - Filling up the DagBag from /home/airflow/.local/lib/python3.7/site-packages/airflow/example_dags/example_kubernetes_executor.py
[2022-03-03 15:35:32,942] {processor.py:654} INFO - DAG(s) dict_keys(['example_kubernetes_executor']) retrieved from /home/airflow/.local/lib/python3.7/site-packages/airflow/example_dags/example_kubernetes_executor.py
[2022-03-03 15:35:32,955] {logging_mixin.py:109} INFO - [2022-03-03 15:35:32,955] {dag.py:2396} INFO - Sync 1 DAGs
[2022-03-03 15:35:32,970] {logging_mixin.py:109} INFO - [2022-03-03 15:35:32,970] {dag.py:2935} INFO - Setting next_dagrun for example_kubernetes_executor to None
[2022-03-03 15:35:32,978] {processor.py:171} INFO - Processing /home/airflow/.local/lib/python3.7/site-packages/airflow/example_dags/example_kubernetes_executor.py took 0.076 seconds
[2022-03-03 15:36:03,477] {processor.py:163} INFO - Started process (PID=1989) to work on /home/airflow/.local/lib/python3.7/site-packages/airflow/example_dags/example_kubernetes_executor.py
[2022-03-03 15:36:03,480] {processor.py:642} INFO - Processing file /home/airflow/.local/lib/python3.7/site-packages/airflow/example_dags/example_kubernetes_executor.py for tasks to queue
[2022-03-03 15:36:03,481] {logging_mixin.py:109} INFO - [2022-03-03 15:36:03,481] {dagbag.py:500} INFO - Filling up the DagBag from /home/airflow/.local/lib/python3.7/site-packages/airflow/example_dags/example_kubernetes_executor.py
[2022-03-03 15:36:03,516] {processor.py:654} INFO - DAG(s) dict_keys(['example_kubernetes_executor']) retrieved from /home/airflow/.local/lib/python3.7/site-packages/airflow/example_dags/example_kubernetes_executor.py
[2022-03-03 15:36:03,530] {logging_mixin.py:109} INFO - [2022-03-03 15:36:03,530] {dag.py:2396} INFO - Sync 1 DAGs
[2022-03-03 15:36:03,547] {logging_mixin.py:109} INFO - [2022-03-03 15:36:03,547] {dag.py:2935} INFO - Setting next_dagrun for example_kubernetes_executor to None
[2022-03-03 15:36:03,556] {processor.py:171} INFO - Processing /home/airflow/.local/lib/python3.7/site-packages/airflow/example_dags/example_kubernetes_executor.py took 0.084 seconds
[2022-03-03 15:36:33,705] {processor.py:163} INFO - Started process (PID=2055) to work on /home/airflow/.local/lib/python3.7/site-packages/airflow/example_dags/example_kubernetes_executor.py
[2022-03-03 15:36:33,710] {processor.py:642} INFO - Processing file /home/airflow/.local/lib/python3.7/site-packages/airflow/example_dags/example_kubernetes_executor.py for tasks to queue
[2022-03-03 15:36:33,712] {logging_mixin.py:109} INFO - [2022-03-03 15:36:33,712] {dagbag.py:500} INFO - Filling up the DagBag from /home/airflow/.local/lib/python3.7/site-packages/airflow/example_dags/example_kubernetes_executor.py
[2022-03-03 15:36:33,930] {processor.py:654} INFO - DAG(s) dict_keys(['example_kubernetes_executor']) retrieved from /home/airflow/.local/lib/python3.7/site-packages/airflow/example_dags/example_kubernetes_executor.py
[2022-03-03 15:36:33,982] {logging_mixin.py:109} INFO - [2022-03-03 15:36:33,982] {dag.py:2396} INFO - Sync 1 DAGs
[2022-03-03 15:36:34,071] {logging_mixin.py:109} INFO - [2022-03-03 15:36:34,071] {dag.py:2935} INFO - Setting next_dagrun for example_kubernetes_executor to None
[2022-03-03 15:36:34,086] {processor.py:171} INFO - Processing /home/airflow/.local/lib/python3.7/site-packages/airflow/example_dags/example_kubernetes_executor.py took 0.390 seconds
[2022-03-03 15:37:04,224] {processor.py:163} INFO - Started process (PID=2113) to work on /home/airflow/.local/lib/python3.7/site-packages/airflow/example_dags/example_kubernetes_executor.py
[2022-03-03 15:37:04,226] {processor.py:642} INFO - Processing file /home/airflow/.local/lib/python3.7/site-packages/airflow/example_dags/example_kubernetes_executor.py for tasks to queue
[2022-03-03 15:37:04,228] {logging_mixin.py:109} INFO - [2022-03-03 15:37:04,228] {dagbag.py:500} INFO - Filling up the DagBag from /home/airflow/.local/lib/python3.7/site-packages/airflow/example_dags/example_kubernetes_executor.py
[2022-03-03 15:37:04,263] {processor.py:654} INFO - DAG(s) dict_keys(['example_kubernetes_executor']) retrieved from /home/airflow/.local/lib/python3.7/site-packages/airflow/example_dags/example_kubernetes_executor.py
[2022-03-03 15:37:04,278] {logging_mixin.py:109} INFO - [2022-03-03 15:37:04,278] {dag.py:2396} INFO - Sync 1 DAGs
[2022-03-03 15:37:04,295] {logging_mixin.py:109} INFO - [2022-03-03 15:37:04,295] {dag.py:2935} INFO - Setting next_dagrun for example_kubernetes_executor to None
[2022-03-03 15:37:04,306] {processor.py:171} INFO - Processing /home/airflow/.local/lib/python3.7/site-packages/airflow/example_dags/example_kubernetes_executor.py took 0.087 seconds
[2022-03-03 15:37:34,999] {processor.py:163} INFO - Started process (PID=2169) to work on /home/airflow/.local/lib/python3.7/site-packages/airflow/example_dags/example_kubernetes_executor.py
[2022-03-03 15:37:35,003] {processor.py:642} INFO - Processing file /home/airflow/.local/lib/python3.7/site-packages/airflow/example_dags/example_kubernetes_executor.py for tasks to queue
[2022-03-03 15:37:35,004] {logging_mixin.py:109} INFO - [2022-03-03 15:37:35,004] {dagbag.py:500} INFO - Filling up the DagBag from /home/airflow/.local/lib/python3.7/site-packages/airflow/example_dags/example_kubernetes_executor.py
[2022-03-03 15:37:35,037] {processor.py:654} INFO - DAG(s) dict_keys(['example_kubernetes_executor']) retrieved from /home/airflow/.local/lib/python3.7/site-packages/airflow/example_dags/example_kubernetes_executor.py
[2022-03-03 15:37:35,049] {logging_mixin.py:109} INFO - [2022-03-03 15:37:35,049] {dag.py:2396} INFO - Sync 1 DAGs
[2022-03-03 15:37:35,065] {logging_mixin.py:109} INFO - [2022-03-03 15:37:35,065] {dag.py:2935} INFO - Setting next_dagrun for example_kubernetes_executor to None
[2022-03-03 15:37:35,073] {processor.py:171} INFO - Processing /home/airflow/.local/lib/python3.7/site-packages/airflow/example_dags/example_kubernetes_executor.py took 0.079 seconds
[2022-03-03 15:38:05,685] {processor.py:163} INFO - Started process (PID=2223) to work on /home/airflow/.local/lib/python3.7/site-packages/airflow/example_dags/example_kubernetes_executor.py
[2022-03-03 15:38:05,687] {processor.py:642} INFO - Processing file /home/airflow/.local/lib/python3.7/site-packages/airflow/example_dags/example_kubernetes_executor.py for tasks to queue
[2022-03-03 15:38:05,689] {logging_mixin.py:109} INFO - [2022-03-03 15:38:05,688] {dagbag.py:500} INFO - Filling up the DagBag from /home/airflow/.local/lib/python3.7/site-packages/airflow/example_dags/example_kubernetes_executor.py
[2022-03-03 15:38:05,723] {processor.py:654} INFO - DAG(s) dict_keys(['example_kubernetes_executor']) retrieved from /home/airflow/.local/lib/python3.7/site-packages/airflow/example_dags/example_kubernetes_executor.py
[2022-03-03 15:38:05,737] {logging_mixin.py:109} INFO - [2022-03-03 15:38:05,737] {dag.py:2396} INFO - Sync 1 DAGs
[2022-03-03 15:38:05,751] {logging_mixin.py:109} INFO - [2022-03-03 15:38:05,751] {dag.py:2935} INFO - Setting next_dagrun for example_kubernetes_executor to None
[2022-03-03 15:38:05,760] {processor.py:171} INFO - Processing /home/airflow/.local/lib/python3.7/site-packages/airflow/example_dags/example_kubernetes_executor.py took 0.080 seconds
[2022-03-03 15:38:35,818] {processor.py:163} INFO - Started process (PID=2277) to work on /home/airflow/.local/lib/python3.7/site-packages/airflow/example_dags/example_kubernetes_executor.py
[2022-03-03 15:38:35,840] {processor.py:642} INFO - Processing file /home/airflow/.local/lib/python3.7/site-packages/airflow/example_dags/example_kubernetes_executor.py for tasks to queue
[2022-03-03 15:38:35,846] {logging_mixin.py:109} INFO - [2022-03-03 15:38:35,846] {dagbag.py:500} INFO - Filling up the DagBag from /home/airflow/.local/lib/python3.7/site-packages/airflow/example_dags/example_kubernetes_executor.py
[2022-03-03 15:38:36,076] {processor.py:654} INFO - DAG(s) dict_keys(['example_kubernetes_executor']) retrieved from /home/airflow/.local/lib/python3.7/site-packages/airflow/example_dags/example_kubernetes_executor.py
[2022-03-03 15:38:36,156] {logging_mixin.py:109} INFO - [2022-03-03 15:38:36,156] {dag.py:2396} INFO - Sync 1 DAGs
[2022-03-03 15:38:36,237] {logging_mixin.py:109} INFO - [2022-03-03 15:38:36,237] {dag.py:2935} INFO - Setting next_dagrun for example_kubernetes_executor to None
[2022-03-03 15:38:36,249] {processor.py:171} INFO - Processing /home/airflow/.local/lib/python3.7/site-packages/airflow/example_dags/example_kubernetes_executor.py took 0.439 seconds
[2022-03-03 15:39:06,925] {processor.py:163} INFO - Started process (PID=2338) to work on /home/airflow/.local/lib/python3.7/site-packages/airflow/example_dags/example_kubernetes_executor.py
[2022-03-03 15:39:06,933] {processor.py:642} INFO - Processing file /home/airflow/.local/lib/python3.7/site-packages/airflow/example_dags/example_kubernetes_executor.py for tasks to queue
[2022-03-03 15:39:06,940] {logging_mixin.py:109} INFO - [2022-03-03 15:39:06,939] {dagbag.py:500} INFO - Filling up the DagBag from /home/airflow/.local/lib/python3.7/site-packages/airflow/example_dags/example_kubernetes_executor.py
[2022-03-03 15:39:07,067] {processor.py:654} INFO - DAG(s) dict_keys(['example_kubernetes_executor']) retrieved from /home/airflow/.local/lib/python3.7/site-packages/airflow/example_dags/example_kubernetes_executor.py
[2022-03-03 15:39:07,128] {logging_mixin.py:109} INFO - [2022-03-03 15:39:07,127] {dag.py:2396} INFO - Sync 1 DAGs
[2022-03-03 15:39:07,214] {logging_mixin.py:109} INFO - [2022-03-03 15:39:07,214] {dag.py:2935} INFO - Setting next_dagrun for example_kubernetes_executor to None
[2022-03-03 15:39:07,257] {processor.py:171} INFO - Processing /home/airflow/.local/lib/python3.7/site-packages/airflow/example_dags/example_kubernetes_executor.py took 0.348 seconds
[2022-03-03 15:39:37,445] {processor.py:163} INFO - Started process (PID=2395) to work on /home/airflow/.local/lib/python3.7/site-packages/airflow/example_dags/example_kubernetes_executor.py
[2022-03-03 15:39:37,447] {processor.py:642} INFO - Processing file /home/airflow/.local/lib/python3.7/site-packages/airflow/example_dags/example_kubernetes_executor.py for tasks to queue
[2022-03-03 15:39:37,448] {logging_mixin.py:109} INFO - [2022-03-03 15:39:37,448] {dagbag.py:500} INFO - Filling up the DagBag from /home/airflow/.local/lib/python3.7/site-packages/airflow/example_dags/example_kubernetes_executor.py
[2022-03-03 15:39:37,480] {processor.py:654} INFO - DAG(s) dict_keys(['example_kubernetes_executor']) retrieved from /home/airflow/.local/lib/python3.7/site-packages/airflow/example_dags/example_kubernetes_executor.py
[2022-03-03 15:39:37,493] {logging_mixin.py:109} INFO - [2022-03-03 15:39:37,493] {dag.py:2396} INFO - Sync 1 DAGs
[2022-03-03 15:39:37,510] {logging_mixin.py:109} INFO - [2022-03-03 15:39:37,510] {dag.py:2935} INFO - Setting next_dagrun for example_kubernetes_executor to None
[2022-03-03 15:39:37,520] {processor.py:171} INFO - Processing /home/airflow/.local/lib/python3.7/site-packages/airflow/example_dags/example_kubernetes_executor.py took 0.077 seconds
[2022-03-03 15:40:08,113] {processor.py:163} INFO - Started process (PID=2448) to work on /home/airflow/.local/lib/python3.7/site-packages/airflow/example_dags/example_kubernetes_executor.py
[2022-03-03 15:40:08,115] {processor.py:642} INFO - Processing file /home/airflow/.local/lib/python3.7/site-packages/airflow/example_dags/example_kubernetes_executor.py for tasks to queue
[2022-03-03 15:40:08,119] {logging_mixin.py:109} INFO - [2022-03-03 15:40:08,119] {dagbag.py:500} INFO - Filling up the DagBag from /home/airflow/.local/lib/python3.7/site-packages/airflow/example_dags/example_kubernetes_executor.py
[2022-03-03 15:40:08,153] {processor.py:654} INFO - DAG(s) dict_keys(['example_kubernetes_executor']) retrieved from /home/airflow/.local/lib/python3.7/site-packages/airflow/example_dags/example_kubernetes_executor.py
[2022-03-03 15:40:08,165] {logging_mixin.py:109} INFO - [2022-03-03 15:40:08,165] {dag.py:2396} INFO - Sync 1 DAGs
[2022-03-03 15:40:08,180] {logging_mixin.py:109} INFO - [2022-03-03 15:40:08,180] {dag.py:2935} INFO - Setting next_dagrun for example_kubernetes_executor to None
[2022-03-03 15:40:08,188] {processor.py:171} INFO - Processing /home/airflow/.local/lib/python3.7/site-packages/airflow/example_dags/example_kubernetes_executor.py took 0.082 seconds
[2022-03-03 15:40:38,218] {processor.py:163} INFO - Started process (PID=2501) to work on /home/airflow/.local/lib/python3.7/site-packages/airflow/example_dags/example_kubernetes_executor.py
[2022-03-03 15:40:38,220] {processor.py:642} INFO - Processing file /home/airflow/.local/lib/python3.7/site-packages/airflow/example_dags/example_kubernetes_executor.py for tasks to queue
[2022-03-03 15:40:38,221] {logging_mixin.py:109} INFO - [2022-03-03 15:40:38,221] {dagbag.py:500} INFO - Filling up the DagBag from /home/airflow/.local/lib/python3.7/site-packages/airflow/example_dags/example_kubernetes_executor.py
[2022-03-03 15:40:38,253] {processor.py:654} INFO - DAG(s) dict_keys(['example_kubernetes_executor']) retrieved from /home/airflow/.local/lib/python3.7/site-packages/airflow/example_dags/example_kubernetes_executor.py
[2022-03-03 15:40:38,266] {logging_mixin.py:109} INFO - [2022-03-03 15:40:38,266] {dag.py:2396} INFO - Sync 1 DAGs
[2022-03-03 15:40:38,283] {logging_mixin.py:109} INFO - [2022-03-03 15:40:38,283] {dag.py:2935} INFO - Setting next_dagrun for example_kubernetes_executor to None
[2022-03-03 15:40:38,292] {processor.py:171} INFO - Processing /home/airflow/.local/lib/python3.7/site-packages/airflow/example_dags/example_kubernetes_executor.py took 0.077 seconds
[2022-03-03 15:41:09,078] {processor.py:163} INFO - Started process (PID=2559) to work on /home/airflow/.local/lib/python3.7/site-packages/airflow/example_dags/example_kubernetes_executor.py
[2022-03-03 15:41:09,080] {processor.py:642} INFO - Processing file /home/airflow/.local/lib/python3.7/site-packages/airflow/example_dags/example_kubernetes_executor.py for tasks to queue
[2022-03-03 15:41:09,082] {logging_mixin.py:109} INFO - [2022-03-03 15:41:09,082] {dagbag.py:500} INFO - Filling up the DagBag from /home/airflow/.local/lib/python3.7/site-packages/airflow/example_dags/example_kubernetes_executor.py
[2022-03-03 15:41:09,124] {processor.py:654} INFO - DAG(s) dict_keys(['example_kubernetes_executor']) retrieved from /home/airflow/.local/lib/python3.7/site-packages/airflow/example_dags/example_kubernetes_executor.py
[2022-03-03 15:41:09,151] {logging_mixin.py:109} INFO - [2022-03-03 15:41:09,151] {dag.py:2396} INFO - Sync 1 DAGs
[2022-03-03 15:41:09,170] {logging_mixin.py:109} INFO - [2022-03-03 15:41:09,170] {dag.py:2935} INFO - Setting next_dagrun for example_kubernetes_executor to None
[2022-03-03 15:41:09,182] {processor.py:171} INFO - Processing /home/airflow/.local/lib/python3.7/site-packages/airflow/example_dags/example_kubernetes_executor.py took 0.108 seconds
[2022-03-03 15:41:39,292] {processor.py:163} INFO - Started process (PID=2625) to work on /home/airflow/.local/lib/python3.7/site-packages/airflow/example_dags/example_kubernetes_executor.py
[2022-03-03 15:41:39,303] {processor.py:642} INFO - Processing file /home/airflow/.local/lib/python3.7/site-packages/airflow/example_dags/example_kubernetes_executor.py for tasks to queue
[2022-03-03 15:41:39,304] {logging_mixin.py:109} INFO - [2022-03-03 15:41:39,304] {dagbag.py:500} INFO - Filling up the DagBag from /home/airflow/.local/lib/python3.7/site-packages/airflow/example_dags/example_kubernetes_executor.py
[2022-03-03 15:41:39,371] {processor.py:654} INFO - DAG(s) dict_keys(['example_kubernetes_executor']) retrieved from /home/airflow/.local/lib/python3.7/site-packages/airflow/example_dags/example_kubernetes_executor.py
[2022-03-03 15:41:39,410] {logging_mixin.py:109} INFO - [2022-03-03 15:41:39,410] {dag.py:2396} INFO - Sync 1 DAGs
[2022-03-03 15:41:39,447] {logging_mixin.py:109} INFO - [2022-03-03 15:41:39,447] {dag.py:2935} INFO - Setting next_dagrun for example_kubernetes_executor to None
[2022-03-03 15:41:39,464] {processor.py:171} INFO - Processing /home/airflow/.local/lib/python3.7/site-packages/airflow/example_dags/example_kubernetes_executor.py took 0.175 seconds
[2022-03-03 15:42:10,008] {processor.py:163} INFO - Started process (PID=2679) to work on /home/airflow/.local/lib/python3.7/site-packages/airflow/example_dags/example_kubernetes_executor.py
[2022-03-03 15:42:10,010] {processor.py:642} INFO - Processing file /home/airflow/.local/lib/python3.7/site-packages/airflow/example_dags/example_kubernetes_executor.py for tasks to queue
[2022-03-03 15:42:10,012] {logging_mixin.py:109} INFO - [2022-03-03 15:42:10,011] {dagbag.py:500} INFO - Filling up the DagBag from /home/airflow/.local/lib/python3.7/site-packages/airflow/example_dags/example_kubernetes_executor.py
[2022-03-03 15:42:10,047] {processor.py:654} INFO - DAG(s) dict_keys(['example_kubernetes_executor']) retrieved from /home/airflow/.local/lib/python3.7/site-packages/airflow/example_dags/example_kubernetes_executor.py
[2022-03-03 15:42:10,063] {logging_mixin.py:109} INFO - [2022-03-03 15:42:10,063] {dag.py:2396} INFO - Sync 1 DAGs
[2022-03-03 15:42:10,082] {logging_mixin.py:109} INFO - [2022-03-03 15:42:10,082] {dag.py:2935} INFO - Setting next_dagrun for example_kubernetes_executor to None
[2022-03-03 15:42:10,096] {processor.py:171} INFO - Processing /home/airflow/.local/lib/python3.7/site-packages/airflow/example_dags/example_kubernetes_executor.py took 0.093 seconds
[2022-03-03 15:42:40,407] {processor.py:163} INFO - Started process (PID=2738) to work on /home/airflow/.local/lib/python3.7/site-packages/airflow/example_dags/example_kubernetes_executor.py
[2022-03-03 15:42:40,409] {processor.py:642} INFO - Processing file /home/airflow/.local/lib/python3.7/site-packages/airflow/example_dags/example_kubernetes_executor.py for tasks to queue
[2022-03-03 15:42:40,411] {logging_mixin.py:109} INFO - [2022-03-03 15:42:40,411] {dagbag.py:500} INFO - Filling up the DagBag from /home/airflow/.local/lib/python3.7/site-packages/airflow/example_dags/example_kubernetes_executor.py
[2022-03-03 15:42:40,445] {processor.py:654} INFO - DAG(s) dict_keys(['example_kubernetes_executor']) retrieved from /home/airflow/.local/lib/python3.7/site-packages/airflow/example_dags/example_kubernetes_executor.py
[2022-03-03 15:42:40,458] {logging_mixin.py:109} INFO - [2022-03-03 15:42:40,458] {dag.py:2396} INFO - Sync 1 DAGs
[2022-03-03 15:42:40,474] {logging_mixin.py:109} INFO - [2022-03-03 15:42:40,473] {dag.py:2935} INFO - Setting next_dagrun for example_kubernetes_executor to None
[2022-03-03 15:42:40,482] {processor.py:171} INFO - Processing /home/airflow/.local/lib/python3.7/site-packages/airflow/example_dags/example_kubernetes_executor.py took 0.080 seconds
[2022-03-03 15:43:10,521] {processor.py:163} INFO - Started process (PID=2798) to work on /home/airflow/.local/lib/python3.7/site-packages/airflow/example_dags/example_kubernetes_executor.py
[2022-03-03 15:43:10,523] {processor.py:642} INFO - Processing file /home/airflow/.local/lib/python3.7/site-packages/airflow/example_dags/example_kubernetes_executor.py for tasks to queue
[2022-03-03 15:43:10,525] {logging_mixin.py:109} INFO - [2022-03-03 15:43:10,524] {dagbag.py:500} INFO - Filling up the DagBag from /home/airflow/.local/lib/python3.7/site-packages/airflow/example_dags/example_kubernetes_executor.py
[2022-03-03 15:43:10,560] {processor.py:654} INFO - DAG(s) dict_keys(['example_kubernetes_executor']) retrieved from /home/airflow/.local/lib/python3.7/site-packages/airflow/example_dags/example_kubernetes_executor.py
[2022-03-03 15:43:10,573] {logging_mixin.py:109} INFO - [2022-03-03 15:43:10,573] {dag.py:2396} INFO - Sync 1 DAGs
[2022-03-03 15:43:10,588] {logging_mixin.py:109} INFO - [2022-03-03 15:43:10,588] {dag.py:2935} INFO - Setting next_dagrun for example_kubernetes_executor to None
[2022-03-03 15:43:10,597] {processor.py:171} INFO - Processing /home/airflow/.local/lib/python3.7/site-packages/airflow/example_dags/example_kubernetes_executor.py took 0.081 seconds
[2022-03-03 15:43:40,846] {processor.py:163} INFO - Started process (PID=2856) to work on /home/airflow/.local/lib/python3.7/site-packages/airflow/example_dags/example_kubernetes_executor.py
[2022-03-03 15:43:40,848] {processor.py:642} INFO - Processing file /home/airflow/.local/lib/python3.7/site-packages/airflow/example_dags/example_kubernetes_executor.py for tasks to queue
[2022-03-03 15:43:40,850] {logging_mixin.py:109} INFO - [2022-03-03 15:43:40,849] {dagbag.py:500} INFO - Filling up the DagBag from /home/airflow/.local/lib/python3.7/site-packages/airflow/example_dags/example_kubernetes_executor.py
[2022-03-03 15:43:40,884] {processor.py:654} INFO - DAG(s) dict_keys(['example_kubernetes_executor']) retrieved from /home/airflow/.local/lib/python3.7/site-packages/airflow/example_dags/example_kubernetes_executor.py
[2022-03-03 15:43:40,896] {logging_mixin.py:109} INFO - [2022-03-03 15:43:40,896] {dag.py:2396} INFO - Sync 1 DAGs
[2022-03-03 15:43:40,911] {logging_mixin.py:109} INFO - [2022-03-03 15:43:40,911] {dag.py:2935} INFO - Setting next_dagrun for example_kubernetes_executor to None
[2022-03-03 15:43:40,920] {processor.py:171} INFO - Processing /home/airflow/.local/lib/python3.7/site-packages/airflow/example_dags/example_kubernetes_executor.py took 0.081 seconds
[2022-03-03 15:44:11,317] {processor.py:163} INFO - Started process (PID=2911) to work on /home/airflow/.local/lib/python3.7/site-packages/airflow/example_dags/example_kubernetes_executor.py
[2022-03-03 15:44:11,319] {processor.py:642} INFO - Processing file /home/airflow/.local/lib/python3.7/site-packages/airflow/example_dags/example_kubernetes_executor.py for tasks to queue
[2022-03-03 15:44:11,320] {logging_mixin.py:109} INFO - [2022-03-03 15:44:11,320] {dagbag.py:500} INFO - Filling up the DagBag from /home/airflow/.local/lib/python3.7/site-packages/airflow/example_dags/example_kubernetes_executor.py
[2022-03-03 15:44:11,354] {processor.py:654} INFO - DAG(s) dict_keys(['example_kubernetes_executor']) retrieved from /home/airflow/.local/lib/python3.7/site-packages/airflow/example_dags/example_kubernetes_executor.py
[2022-03-03 15:44:11,367] {logging_mixin.py:109} INFO - [2022-03-03 15:44:11,367] {dag.py:2396} INFO - Sync 1 DAGs
[2022-03-03 15:44:11,383] {logging_mixin.py:109} INFO - [2022-03-03 15:44:11,383] {dag.py:2935} INFO - Setting next_dagrun for example_kubernetes_executor to None
[2022-03-03 15:44:11,391] {processor.py:171} INFO - Processing /home/airflow/.local/lib/python3.7/site-packages/airflow/example_dags/example_kubernetes_executor.py took 0.079 seconds
[2022-03-03 15:44:41,745] {processor.py:163} INFO - Started process (PID=2966) to work on /home/airflow/.local/lib/python3.7/site-packages/airflow/example_dags/example_kubernetes_executor.py
[2022-03-03 15:44:41,748] {processor.py:642} INFO - Processing file /home/airflow/.local/lib/python3.7/site-packages/airflow/example_dags/example_kubernetes_executor.py for tasks to queue
[2022-03-03 15:44:41,749] {logging_mixin.py:109} INFO - [2022-03-03 15:44:41,749] {dagbag.py:500} INFO - Filling up the DagBag from /home/airflow/.local/lib/python3.7/site-packages/airflow/example_dags/example_kubernetes_executor.py
[2022-03-03 15:44:41,784] {processor.py:654} INFO - DAG(s) dict_keys(['example_kubernetes_executor']) retrieved from /home/airflow/.local/lib/python3.7/site-packages/airflow/example_dags/example_kubernetes_executor.py
[2022-03-03 15:44:41,800] {logging_mixin.py:109} INFO - [2022-03-03 15:44:41,800] {dag.py:2396} INFO - Sync 1 DAGs
[2022-03-03 15:44:41,817] {logging_mixin.py:109} INFO - [2022-03-03 15:44:41,817] {dag.py:2935} INFO - Setting next_dagrun for example_kubernetes_executor to None
[2022-03-03 15:44:41,830] {processor.py:171} INFO - Processing /home/airflow/.local/lib/python3.7/site-packages/airflow/example_dags/example_kubernetes_executor.py took 0.091 seconds
[2022-03-03 15:45:12,005] {processor.py:163} INFO - Started process (PID=3034) to work on /home/airflow/.local/lib/python3.7/site-packages/airflow/example_dags/example_kubernetes_executor.py
[2022-03-03 15:45:12,011] {processor.py:642} INFO - Processing file /home/airflow/.local/lib/python3.7/site-packages/airflow/example_dags/example_kubernetes_executor.py for tasks to queue
[2022-03-03 15:45:12,016] {logging_mixin.py:109} INFO - [2022-03-03 15:45:12,015] {dagbag.py:500} INFO - Filling up the DagBag from /home/airflow/.local/lib/python3.7/site-packages/airflow/example_dags/example_kubernetes_executor.py
[2022-03-03 15:45:12,086] {processor.py:654} INFO - DAG(s) dict_keys(['example_kubernetes_executor']) retrieved from /home/airflow/.local/lib/python3.7/site-packages/airflow/example_dags/example_kubernetes_executor.py
[2022-03-03 15:45:12,109] {logging_mixin.py:109} INFO - [2022-03-03 15:45:12,109] {dag.py:2396} INFO - Sync 1 DAGs
[2022-03-03 15:45:12,137] {logging_mixin.py:109} INFO - [2022-03-03 15:45:12,137] {dag.py:2935} INFO - Setting next_dagrun for example_kubernetes_executor to None
[2022-03-03 15:45:12,158] {processor.py:171} INFO - Processing /home/airflow/.local/lib/python3.7/site-packages/airflow/example_dags/example_kubernetes_executor.py took 0.166 seconds
[2022-03-03 15:45:42,827] {processor.py:163} INFO - Started process (PID=3092) to work on /home/airflow/.local/lib/python3.7/site-packages/airflow/example_dags/example_kubernetes_executor.py
[2022-03-03 15:45:42,829] {processor.py:642} INFO - Processing file /home/airflow/.local/lib/python3.7/site-packages/airflow/example_dags/example_kubernetes_executor.py for tasks to queue
[2022-03-03 15:45:42,830] {logging_mixin.py:109} INFO - [2022-03-03 15:45:42,830] {dagbag.py:500} INFO - Filling up the DagBag from /home/airflow/.local/lib/python3.7/site-packages/airflow/example_dags/example_kubernetes_executor.py
[2022-03-03 15:45:42,863] {processor.py:654} INFO - DAG(s) dict_keys(['example_kubernetes_executor']) retrieved from /home/airflow/.local/lib/python3.7/site-packages/airflow/example_dags/example_kubernetes_executor.py
[2022-03-03 15:45:42,876] {logging_mixin.py:109} INFO - [2022-03-03 15:45:42,876] {dag.py:2396} INFO - Sync 1 DAGs
[2022-03-03 15:45:42,892] {logging_mixin.py:109} INFO - [2022-03-03 15:45:42,891] {dag.py:2935} INFO - Setting next_dagrun for example_kubernetes_executor to None
[2022-03-03 15:45:42,901] {processor.py:171} INFO - Processing /home/airflow/.local/lib/python3.7/site-packages/airflow/example_dags/example_kubernetes_executor.py took 0.079 seconds
[2022-03-03 15:46:13,029] {processor.py:163} INFO - Started process (PID=3154) to work on /home/airflow/.local/lib/python3.7/site-packages/airflow/example_dags/example_kubernetes_executor.py
[2022-03-03 15:46:13,031] {processor.py:642} INFO - Processing file /home/airflow/.local/lib/python3.7/site-packages/airflow/example_dags/example_kubernetes_executor.py for tasks to queue
[2022-03-03 15:46:13,032] {logging_mixin.py:109} INFO - [2022-03-03 15:46:13,032] {dagbag.py:500} INFO - Filling up the DagBag from /home/airflow/.local/lib/python3.7/site-packages/airflow/example_dags/example_kubernetes_executor.py
[2022-03-03 15:46:13,068] {processor.py:654} INFO - DAG(s) dict_keys(['example_kubernetes_executor']) retrieved from /home/airflow/.local/lib/python3.7/site-packages/airflow/example_dags/example_kubernetes_executor.py
[2022-03-03 15:46:13,081] {logging_mixin.py:109} INFO - [2022-03-03 15:46:13,081] {dag.py:2396} INFO - Sync 1 DAGs
[2022-03-03 15:46:13,096] {logging_mixin.py:109} INFO - [2022-03-03 15:46:13,096] {dag.py:2935} INFO - Setting next_dagrun for example_kubernetes_executor to None
[2022-03-03 15:46:13,116] {processor.py:171} INFO - Processing /home/airflow/.local/lib/python3.7/site-packages/airflow/example_dags/example_kubernetes_executor.py took 0.092 seconds
[2022-03-03 15:46:43,264] {processor.py:163} INFO - Started process (PID=3208) to work on /home/airflow/.local/lib/python3.7/site-packages/airflow/example_dags/example_kubernetes_executor.py
[2022-03-03 15:46:43,267] {processor.py:642} INFO - Processing file /home/airflow/.local/lib/python3.7/site-packages/airflow/example_dags/example_kubernetes_executor.py for tasks to queue
[2022-03-03 15:46:43,269] {logging_mixin.py:109} INFO - [2022-03-03 15:46:43,268] {dagbag.py:500} INFO - Filling up the DagBag from /home/airflow/.local/lib/python3.7/site-packages/airflow/example_dags/example_kubernetes_executor.py
[2022-03-03 15:46:43,305] {processor.py:654} INFO - DAG(s) dict_keys(['example_kubernetes_executor']) retrieved from /home/airflow/.local/lib/python3.7/site-packages/airflow/example_dags/example_kubernetes_executor.py
[2022-03-03 15:46:43,325] {logging_mixin.py:109} INFO - [2022-03-03 15:46:43,325] {dag.py:2396} INFO - Sync 1 DAGs
[2022-03-03 15:46:43,344] {logging_mixin.py:109} INFO - [2022-03-03 15:46:43,344] {dag.py:2935} INFO - Setting next_dagrun for example_kubernetes_executor to None
[2022-03-03 15:46:43,360] {processor.py:171} INFO - Processing /home/airflow/.local/lib/python3.7/site-packages/airflow/example_dags/example_kubernetes_executor.py took 0.106 seconds
[2022-03-03 15:47:13,495] {processor.py:163} INFO - Started process (PID=3277) to work on /home/airflow/.local/lib/python3.7/site-packages/airflow/example_dags/example_kubernetes_executor.py
[2022-03-03 15:47:13,497] {processor.py:642} INFO - Processing file /home/airflow/.local/lib/python3.7/site-packages/airflow/example_dags/example_kubernetes_executor.py for tasks to queue
[2022-03-03 15:47:13,498] {logging_mixin.py:109} INFO - [2022-03-03 15:47:13,498] {dagbag.py:500} INFO - Filling up the DagBag from /home/airflow/.local/lib/python3.7/site-packages/airflow/example_dags/example_kubernetes_executor.py
[2022-03-03 15:47:13,532] {processor.py:654} INFO - DAG(s) dict_keys(['example_kubernetes_executor']) retrieved from /home/airflow/.local/lib/python3.7/site-packages/airflow/example_dags/example_kubernetes_executor.py
[2022-03-03 15:47:13,545] {logging_mixin.py:109} INFO - [2022-03-03 15:47:13,545] {dag.py:2396} INFO - Sync 1 DAGs
[2022-03-03 15:47:13,561] {logging_mixin.py:109} INFO - [2022-03-03 15:47:13,561] {dag.py:2935} INFO - Setting next_dagrun for example_kubernetes_executor to None
[2022-03-03 15:47:13,571] {processor.py:171} INFO - Processing /home/airflow/.local/lib/python3.7/site-packages/airflow/example_dags/example_kubernetes_executor.py took 0.080 seconds
[2022-03-03 15:47:44,368] {processor.py:163} INFO - Started process (PID=3332) to work on /home/airflow/.local/lib/python3.7/site-packages/airflow/example_dags/example_kubernetes_executor.py
[2022-03-03 15:47:44,377] {processor.py:642} INFO - Processing file /home/airflow/.local/lib/python3.7/site-packages/airflow/example_dags/example_kubernetes_executor.py for tasks to queue
[2022-03-03 15:47:44,386] {logging_mixin.py:109} INFO - [2022-03-03 15:47:44,386] {dagbag.py:500} INFO - Filling up the DagBag from /home/airflow/.local/lib/python3.7/site-packages/airflow/example_dags/example_kubernetes_executor.py
[2022-03-03 15:47:44,479] {processor.py:654} INFO - DAG(s) dict_keys(['example_kubernetes_executor']) retrieved from /home/airflow/.local/lib/python3.7/site-packages/airflow/example_dags/example_kubernetes_executor.py
[2022-03-03 15:47:44,523] {logging_mixin.py:109} INFO - [2022-03-03 15:47:44,523] {dag.py:2396} INFO - Sync 1 DAGs
[2022-03-03 15:47:44,566] {logging_mixin.py:109} INFO - [2022-03-03 15:47:44,566] {dag.py:2935} INFO - Setting next_dagrun for example_kubernetes_executor to None
[2022-03-03 15:47:44,592] {processor.py:171} INFO - Processing /home/airflow/.local/lib/python3.7/site-packages/airflow/example_dags/example_kubernetes_executor.py took 0.244 seconds
[2022-03-03 15:48:14,670] {processor.py:163} INFO - Started process (PID=3398) to work on /home/airflow/.local/lib/python3.7/site-packages/airflow/example_dags/example_kubernetes_executor.py
[2022-03-03 15:48:14,677] {processor.py:642} INFO - Processing file /home/airflow/.local/lib/python3.7/site-packages/airflow/example_dags/example_kubernetes_executor.py for tasks to queue
[2022-03-03 15:48:14,686] {logging_mixin.py:109} INFO - [2022-03-03 15:48:14,686] {dagbag.py:500} INFO - Filling up the DagBag from /home/airflow/.local/lib/python3.7/site-packages/airflow/example_dags/example_kubernetes_executor.py
[2022-03-03 15:48:14,797] {processor.py:654} INFO - DAG(s) dict_keys(['example_kubernetes_executor']) retrieved from /home/airflow/.local/lib/python3.7/site-packages/airflow/example_dags/example_kubernetes_executor.py
[2022-03-03 15:48:14,846] {logging_mixin.py:109} INFO - [2022-03-03 15:48:14,846] {dag.py:2396} INFO - Sync 1 DAGs
[2022-03-03 15:48:14,878] {logging_mixin.py:109} INFO - [2022-03-03 15:48:14,878] {dag.py:2935} INFO - Setting next_dagrun for example_kubernetes_executor to None
[2022-03-03 15:48:14,902] {processor.py:171} INFO - Processing /home/airflow/.local/lib/python3.7/site-packages/airflow/example_dags/example_kubernetes_executor.py took 0.239 seconds
[2022-03-03 15:48:44,994] {processor.py:163} INFO - Started process (PID=3450) to work on /home/airflow/.local/lib/python3.7/site-packages/airflow/example_dags/example_kubernetes_executor.py
[2022-03-03 15:48:44,995] {processor.py:642} INFO - Processing file /home/airflow/.local/lib/python3.7/site-packages/airflow/example_dags/example_kubernetes_executor.py for tasks to queue
[2022-03-03 15:48:44,996] {logging_mixin.py:109} INFO - [2022-03-03 15:48:44,996] {dagbag.py:500} INFO - Filling up the DagBag from /home/airflow/.local/lib/python3.7/site-packages/airflow/example_dags/example_kubernetes_executor.py
[2022-03-03 15:48:45,029] {processor.py:654} INFO - DAG(s) dict_keys(['example_kubernetes_executor']) retrieved from /home/airflow/.local/lib/python3.7/site-packages/airflow/example_dags/example_kubernetes_executor.py
[2022-03-03 15:48:45,042] {logging_mixin.py:109} INFO - [2022-03-03 15:48:45,042] {dag.py:2396} INFO - Sync 1 DAGs
[2022-03-03 15:48:45,057] {logging_mixin.py:109} INFO - [2022-03-03 15:48:45,057] {dag.py:2935} INFO - Setting next_dagrun for example_kubernetes_executor to None
[2022-03-03 15:48:45,067] {processor.py:171} INFO - Processing /home/airflow/.local/lib/python3.7/site-packages/airflow/example_dags/example_kubernetes_executor.py took 0.076 seconds
[2022-03-03 15:49:15,867] {processor.py:163} INFO - Started process (PID=3503) to work on /home/airflow/.local/lib/python3.7/site-packages/airflow/example_dags/example_kubernetes_executor.py
[2022-03-03 15:49:15,870] {processor.py:642} INFO - Processing file /home/airflow/.local/lib/python3.7/site-packages/airflow/example_dags/example_kubernetes_executor.py for tasks to queue
[2022-03-03 15:49:15,872] {logging_mixin.py:109} INFO - [2022-03-03 15:49:15,872] {dagbag.py:500} INFO - Filling up the DagBag from /home/airflow/.local/lib/python3.7/site-packages/airflow/example_dags/example_kubernetes_executor.py
[2022-03-03 15:49:15,908] {processor.py:654} INFO - DAG(s) dict_keys(['example_kubernetes_executor']) retrieved from /home/airflow/.local/lib/python3.7/site-packages/airflow/example_dags/example_kubernetes_executor.py
[2022-03-03 15:49:15,924] {logging_mixin.py:109} INFO - [2022-03-03 15:49:15,924] {dag.py:2396} INFO - Sync 1 DAGs
[2022-03-03 15:49:15,942] {logging_mixin.py:109} INFO - [2022-03-03 15:49:15,941] {dag.py:2935} INFO - Setting next_dagrun for example_kubernetes_executor to None
[2022-03-03 15:49:15,950] {processor.py:171} INFO - Processing /home/airflow/.local/lib/python3.7/site-packages/airflow/example_dags/example_kubernetes_executor.py took 0.089 seconds
[2022-03-03 15:49:46,619] {processor.py:163} INFO - Started process (PID=3568) to work on /home/airflow/.local/lib/python3.7/site-packages/airflow/example_dags/example_kubernetes_executor.py
[2022-03-03 15:49:46,621] {processor.py:642} INFO - Processing file /home/airflow/.local/lib/python3.7/site-packages/airflow/example_dags/example_kubernetes_executor.py for tasks to queue
[2022-03-03 15:49:46,622] {logging_mixin.py:109} INFO - [2022-03-03 15:49:46,622] {dagbag.py:500} INFO - Filling up the DagBag from /home/airflow/.local/lib/python3.7/site-packages/airflow/example_dags/example_kubernetes_executor.py
[2022-03-03 15:49:46,732] {processor.py:654} INFO - DAG(s) dict_keys(['example_kubernetes_executor']) retrieved from /home/airflow/.local/lib/python3.7/site-packages/airflow/example_dags/example_kubernetes_executor.py
[2022-03-03 15:49:46,789] {logging_mixin.py:109} INFO - [2022-03-03 15:49:46,789] {dag.py:2396} INFO - Sync 1 DAGs
[2022-03-03 15:49:46,842] {logging_mixin.py:109} INFO - [2022-03-03 15:49:46,842] {dag.py:2935} INFO - Setting next_dagrun for example_kubernetes_executor to None
[2022-03-03 15:49:46,881] {processor.py:171} INFO - Processing /home/airflow/.local/lib/python3.7/site-packages/airflow/example_dags/example_kubernetes_executor.py took 0.275 seconds
[2022-03-03 15:50:17,012] {processor.py:163} INFO - Started process (PID=3628) to work on /home/airflow/.local/lib/python3.7/site-packages/airflow/example_dags/example_kubernetes_executor.py
[2022-03-03 15:50:17,015] {processor.py:642} INFO - Processing file /home/airflow/.local/lib/python3.7/site-packages/airflow/example_dags/example_kubernetes_executor.py for tasks to queue
[2022-03-03 15:50:17,017] {logging_mixin.py:109} INFO - [2022-03-03 15:50:17,017] {dagbag.py:500} INFO - Filling up the DagBag from /home/airflow/.local/lib/python3.7/site-packages/airflow/example_dags/example_kubernetes_executor.py
[2022-03-03 15:50:17,057] {processor.py:654} INFO - DAG(s) dict_keys(['example_kubernetes_executor']) retrieved from /home/airflow/.local/lib/python3.7/site-packages/airflow/example_dags/example_kubernetes_executor.py
[2022-03-03 15:50:17,070] {logging_mixin.py:109} INFO - [2022-03-03 15:50:17,070] {dag.py:2396} INFO - Sync 1 DAGs
[2022-03-03 15:50:17,091] {logging_mixin.py:109} INFO - [2022-03-03 15:50:17,091] {dag.py:2935} INFO - Setting next_dagrun for example_kubernetes_executor to None
[2022-03-03 15:50:17,103] {processor.py:171} INFO - Processing /home/airflow/.local/lib/python3.7/site-packages/airflow/example_dags/example_kubernetes_executor.py took 0.098 seconds
[2022-03-03 15:50:47,391] {processor.py:163} INFO - Started process (PID=3685) to work on /home/airflow/.local/lib/python3.7/site-packages/airflow/example_dags/example_kubernetes_executor.py
[2022-03-03 15:50:47,398] {processor.py:642} INFO - Processing file /home/airflow/.local/lib/python3.7/site-packages/airflow/example_dags/example_kubernetes_executor.py for tasks to queue
[2022-03-03 15:50:47,400] {logging_mixin.py:109} INFO - [2022-03-03 15:50:47,399] {dagbag.py:500} INFO - Filling up the DagBag from /home/airflow/.local/lib/python3.7/site-packages/airflow/example_dags/example_kubernetes_executor.py
[2022-03-03 15:50:47,441] {processor.py:654} INFO - DAG(s) dict_keys(['example_kubernetes_executor']) retrieved from /home/airflow/.local/lib/python3.7/site-packages/airflow/example_dags/example_kubernetes_executor.py
[2022-03-03 15:50:47,460] {logging_mixin.py:109} INFO - [2022-03-03 15:50:47,460] {dag.py:2396} INFO - Sync 1 DAGs
[2022-03-03 15:50:47,478] {logging_mixin.py:109} INFO - [2022-03-03 15:50:47,478] {dag.py:2935} INFO - Setting next_dagrun for example_kubernetes_executor to None
[2022-03-03 15:50:47,487] {processor.py:171} INFO - Processing /home/airflow/.local/lib/python3.7/site-packages/airflow/example_dags/example_kubernetes_executor.py took 0.105 seconds
