[2022-03-03 15:18:44,072] {processor.py:163} INFO - Started process (PID=81) to work on /home/airflow/.local/lib/python3.7/site-packages/airflow/example_dags/example_dag_decorator.py
[2022-03-03 15:18:44,085] {processor.py:642} INFO - Processing file /home/airflow/.local/lib/python3.7/site-packages/airflow/example_dags/example_dag_decorator.py for tasks to queue
[2022-03-03 15:18:44,087] {logging_mixin.py:109} INFO - [2022-03-03 15:18:44,087] {dagbag.py:500} INFO - Filling up the DagBag from /home/airflow/.local/lib/python3.7/site-packages/airflow/example_dags/example_dag_decorator.py
[2022-03-03 15:18:44,276] {processor.py:654} INFO - DAG(s) dict_keys(['example_dag_decorator']) retrieved from /home/airflow/.local/lib/python3.7/site-packages/airflow/example_dags/example_dag_decorator.py
[2022-03-03 15:18:46,455] {logging_mixin.py:109} INFO - [2022-03-03 15:18:46,454] {dag.py:2396} INFO - Sync 1 DAGs
[2022-03-03 15:18:46,564] {logging_mixin.py:109} INFO - [2022-03-03 15:18:46,564] {dag.py:2935} INFO - Setting next_dagrun for example_dag_decorator to None
[2022-03-03 15:18:46,638] {processor.py:171} INFO - Processing /home/airflow/.local/lib/python3.7/site-packages/airflow/example_dags/example_dag_decorator.py took 2.577 seconds
[2022-03-03 15:19:17,229] {processor.py:163} INFO - Started process (PID=137) to work on /home/airflow/.local/lib/python3.7/site-packages/airflow/example_dags/example_dag_decorator.py
[2022-03-03 15:19:17,234] {processor.py:642} INFO - Processing file /home/airflow/.local/lib/python3.7/site-packages/airflow/example_dags/example_dag_decorator.py for tasks to queue
[2022-03-03 15:19:17,243] {logging_mixin.py:109} INFO - [2022-03-03 15:19:17,243] {dagbag.py:500} INFO - Filling up the DagBag from /home/airflow/.local/lib/python3.7/site-packages/airflow/example_dags/example_dag_decorator.py
[2022-03-03 15:19:17,435] {processor.py:654} INFO - DAG(s) dict_keys(['example_dag_decorator']) retrieved from /home/airflow/.local/lib/python3.7/site-packages/airflow/example_dags/example_dag_decorator.py
[2022-03-03 15:19:18,193] {logging_mixin.py:109} INFO - [2022-03-03 15:19:18,193] {dag.py:2396} INFO - Sync 1 DAGs
[2022-03-03 15:19:18,246] {logging_mixin.py:109} INFO - [2022-03-03 15:19:18,246] {dag.py:2935} INFO - Setting next_dagrun for example_dag_decorator to None
[2022-03-03 15:19:18,276] {processor.py:171} INFO - Processing /home/airflow/.local/lib/python3.7/site-packages/airflow/example_dags/example_dag_decorator.py took 1.071 seconds
[2022-03-03 15:19:48,376] {processor.py:163} INFO - Started process (PID=192) to work on /home/airflow/.local/lib/python3.7/site-packages/airflow/example_dags/example_dag_decorator.py
[2022-03-03 15:19:48,378] {processor.py:642} INFO - Processing file /home/airflow/.local/lib/python3.7/site-packages/airflow/example_dags/example_dag_decorator.py for tasks to queue
[2022-03-03 15:19:48,380] {logging_mixin.py:109} INFO - [2022-03-03 15:19:48,380] {dagbag.py:500} INFO - Filling up the DagBag from /home/airflow/.local/lib/python3.7/site-packages/airflow/example_dags/example_dag_decorator.py
[2022-03-03 15:19:48,452] {processor.py:654} INFO - DAG(s) dict_keys(['example_dag_decorator']) retrieved from /home/airflow/.local/lib/python3.7/site-packages/airflow/example_dags/example_dag_decorator.py
[2022-03-03 15:19:48,757] {logging_mixin.py:109} INFO - [2022-03-03 15:19:48,756] {dag.py:2396} INFO - Sync 1 DAGs
[2022-03-03 15:19:48,772] {logging_mixin.py:109} INFO - [2022-03-03 15:19:48,772] {dag.py:2935} INFO - Setting next_dagrun for example_dag_decorator to None
[2022-03-03 15:19:48,782] {processor.py:171} INFO - Processing /home/airflow/.local/lib/python3.7/site-packages/airflow/example_dags/example_dag_decorator.py took 0.409 seconds
[2022-03-03 15:20:19,173] {processor.py:163} INFO - Started process (PID=245) to work on /home/airflow/.local/lib/python3.7/site-packages/airflow/example_dags/example_dag_decorator.py
[2022-03-03 15:20:19,175] {processor.py:642} INFO - Processing file /home/airflow/.local/lib/python3.7/site-packages/airflow/example_dags/example_dag_decorator.py for tasks to queue
[2022-03-03 15:20:19,178] {logging_mixin.py:109} INFO - [2022-03-03 15:20:19,178] {dagbag.py:500} INFO - Filling up the DagBag from /home/airflow/.local/lib/python3.7/site-packages/airflow/example_dags/example_dag_decorator.py
[2022-03-03 15:20:19,276] {processor.py:654} INFO - DAG(s) dict_keys(['example_dag_decorator']) retrieved from /home/airflow/.local/lib/python3.7/site-packages/airflow/example_dags/example_dag_decorator.py
[2022-03-03 15:20:19,957] {logging_mixin.py:109} INFO - [2022-03-03 15:20:19,957] {dag.py:2396} INFO - Sync 1 DAGs
[2022-03-03 15:20:19,974] {logging_mixin.py:109} INFO - [2022-03-03 15:20:19,974] {dag.py:2935} INFO - Setting next_dagrun for example_dag_decorator to None
[2022-03-03 15:20:19,987] {processor.py:171} INFO - Processing /home/airflow/.local/lib/python3.7/site-packages/airflow/example_dags/example_dag_decorator.py took 0.828 seconds
[2022-03-03 15:20:50,349] {processor.py:163} INFO - Started process (PID=306) to work on /home/airflow/.local/lib/python3.7/site-packages/airflow/example_dags/example_dag_decorator.py
[2022-03-03 15:20:50,359] {processor.py:642} INFO - Processing file /home/airflow/.local/lib/python3.7/site-packages/airflow/example_dags/example_dag_decorator.py for tasks to queue
[2022-03-03 15:20:50,360] {logging_mixin.py:109} INFO - [2022-03-03 15:20:50,360] {dagbag.py:500} INFO - Filling up the DagBag from /home/airflow/.local/lib/python3.7/site-packages/airflow/example_dags/example_dag_decorator.py
[2022-03-03 15:20:50,508] {processor.py:654} INFO - DAG(s) dict_keys(['example_dag_decorator']) retrieved from /home/airflow/.local/lib/python3.7/site-packages/airflow/example_dags/example_dag_decorator.py
[2022-03-03 15:20:51,244] {logging_mixin.py:109} INFO - [2022-03-03 15:20:51,244] {dag.py:2396} INFO - Sync 1 DAGs
[2022-03-03 15:20:51,298] {logging_mixin.py:109} INFO - [2022-03-03 15:20:51,298] {dag.py:2935} INFO - Setting next_dagrun for example_dag_decorator to None
[2022-03-03 15:20:51,335] {processor.py:171} INFO - Processing /home/airflow/.local/lib/python3.7/site-packages/airflow/example_dags/example_dag_decorator.py took 1.006 seconds
[2022-03-03 15:21:22,499] {processor.py:163} INFO - Started process (PID=364) to work on /home/airflow/.local/lib/python3.7/site-packages/airflow/example_dags/example_dag_decorator.py
[2022-03-03 15:21:22,511] {processor.py:642} INFO - Processing file /home/airflow/.local/lib/python3.7/site-packages/airflow/example_dags/example_dag_decorator.py for tasks to queue
[2022-03-03 15:21:22,524] {logging_mixin.py:109} INFO - [2022-03-03 15:21:22,520] {dagbag.py:500} INFO - Filling up the DagBag from /home/airflow/.local/lib/python3.7/site-packages/airflow/example_dags/example_dag_decorator.py
[2022-03-03 15:21:22,652] {processor.py:654} INFO - DAG(s) dict_keys(['example_dag_decorator']) retrieved from /home/airflow/.local/lib/python3.7/site-packages/airflow/example_dags/example_dag_decorator.py
[2022-03-03 15:21:24,587] {logging_mixin.py:109} INFO - [2022-03-03 15:21:24,587] {dag.py:2396} INFO - Sync 1 DAGs
[2022-03-03 15:21:24,660] {logging_mixin.py:109} INFO - [2022-03-03 15:21:24,660] {dag.py:2935} INFO - Setting next_dagrun for example_dag_decorator to None
[2022-03-03 15:21:24,692] {processor.py:171} INFO - Processing /home/airflow/.local/lib/python3.7/site-packages/airflow/example_dags/example_dag_decorator.py took 2.206 seconds
[2022-03-03 15:21:54,853] {processor.py:163} INFO - Started process (PID=420) to work on /home/airflow/.local/lib/python3.7/site-packages/airflow/example_dags/example_dag_decorator.py
[2022-03-03 15:21:54,857] {processor.py:642} INFO - Processing file /home/airflow/.local/lib/python3.7/site-packages/airflow/example_dags/example_dag_decorator.py for tasks to queue
[2022-03-03 15:21:54,860] {logging_mixin.py:109} INFO - [2022-03-03 15:21:54,860] {dagbag.py:500} INFO - Filling up the DagBag from /home/airflow/.local/lib/python3.7/site-packages/airflow/example_dags/example_dag_decorator.py
[2022-03-03 15:21:55,096] {processor.py:654} INFO - DAG(s) dict_keys(['example_dag_decorator']) retrieved from /home/airflow/.local/lib/python3.7/site-packages/airflow/example_dags/example_dag_decorator.py
[2022-03-03 15:21:55,867] {logging_mixin.py:109} INFO - [2022-03-03 15:21:55,867] {dag.py:2396} INFO - Sync 1 DAGs
[2022-03-03 15:21:55,896] {logging_mixin.py:109} INFO - [2022-03-03 15:21:55,896] {dag.py:2935} INFO - Setting next_dagrun for example_dag_decorator to None
[2022-03-03 15:21:55,917] {processor.py:171} INFO - Processing /home/airflow/.local/lib/python3.7/site-packages/airflow/example_dags/example_dag_decorator.py took 1.073 seconds
[2022-03-03 15:22:25,987] {processor.py:163} INFO - Started process (PID=474) to work on /home/airflow/.local/lib/python3.7/site-packages/airflow/example_dags/example_dag_decorator.py
[2022-03-03 15:22:25,992] {processor.py:642} INFO - Processing file /home/airflow/.local/lib/python3.7/site-packages/airflow/example_dags/example_dag_decorator.py for tasks to queue
[2022-03-03 15:22:25,993] {logging_mixin.py:109} INFO - [2022-03-03 15:22:25,993] {dagbag.py:500} INFO - Filling up the DagBag from /home/airflow/.local/lib/python3.7/site-packages/airflow/example_dags/example_dag_decorator.py
[2022-03-03 15:22:26,127] {processor.py:654} INFO - DAG(s) dict_keys(['example_dag_decorator']) retrieved from /home/airflow/.local/lib/python3.7/site-packages/airflow/example_dags/example_dag_decorator.py
[2022-03-03 15:22:26,522] {logging_mixin.py:109} INFO - [2022-03-03 15:22:26,522] {dag.py:2396} INFO - Sync 1 DAGs
[2022-03-03 15:22:26,535] {logging_mixin.py:109} INFO - [2022-03-03 15:22:26,534] {dag.py:2935} INFO - Setting next_dagrun for example_dag_decorator to None
[2022-03-03 15:22:26,544] {processor.py:171} INFO - Processing /home/airflow/.local/lib/python3.7/site-packages/airflow/example_dags/example_dag_decorator.py took 0.560 seconds
[2022-03-03 15:22:57,467] {processor.py:163} INFO - Started process (PID=533) to work on /home/airflow/.local/lib/python3.7/site-packages/airflow/example_dags/example_dag_decorator.py
[2022-03-03 15:22:57,470] {processor.py:642} INFO - Processing file /home/airflow/.local/lib/python3.7/site-packages/airflow/example_dags/example_dag_decorator.py for tasks to queue
[2022-03-03 15:22:57,472] {logging_mixin.py:109} INFO - [2022-03-03 15:22:57,472] {dagbag.py:500} INFO - Filling up the DagBag from /home/airflow/.local/lib/python3.7/site-packages/airflow/example_dags/example_dag_decorator.py
[2022-03-03 15:22:57,614] {processor.py:654} INFO - DAG(s) dict_keys(['example_dag_decorator']) retrieved from /home/airflow/.local/lib/python3.7/site-packages/airflow/example_dags/example_dag_decorator.py
[2022-03-03 15:22:58,078] {logging_mixin.py:109} INFO - [2022-03-03 15:22:58,078] {dag.py:2396} INFO - Sync 1 DAGs
[2022-03-03 15:22:58,095] {logging_mixin.py:109} INFO - [2022-03-03 15:22:58,095] {dag.py:2935} INFO - Setting next_dagrun for example_dag_decorator to None
[2022-03-03 15:22:58,109] {processor.py:171} INFO - Processing /home/airflow/.local/lib/python3.7/site-packages/airflow/example_dags/example_dag_decorator.py took 0.647 seconds
[2022-03-03 15:23:28,278] {processor.py:163} INFO - Started process (PID=596) to work on /home/airflow/.local/lib/python3.7/site-packages/airflow/example_dags/example_dag_decorator.py
[2022-03-03 15:23:28,281] {processor.py:642} INFO - Processing file /home/airflow/.local/lib/python3.7/site-packages/airflow/example_dags/example_dag_decorator.py for tasks to queue
[2022-03-03 15:23:28,284] {logging_mixin.py:109} INFO - [2022-03-03 15:23:28,284] {dagbag.py:500} INFO - Filling up the DagBag from /home/airflow/.local/lib/python3.7/site-packages/airflow/example_dags/example_dag_decorator.py
[2022-03-03 15:23:28,361] {processor.py:654} INFO - DAG(s) dict_keys(['example_dag_decorator']) retrieved from /home/airflow/.local/lib/python3.7/site-packages/airflow/example_dags/example_dag_decorator.py
[2022-03-03 15:23:28,751] {logging_mixin.py:109} INFO - [2022-03-03 15:23:28,751] {dag.py:2396} INFO - Sync 1 DAGs
[2022-03-03 15:23:28,769] {logging_mixin.py:109} INFO - [2022-03-03 15:23:28,769] {dag.py:2935} INFO - Setting next_dagrun for example_dag_decorator to None
[2022-03-03 15:23:28,799] {processor.py:171} INFO - Processing /home/airflow/.local/lib/python3.7/site-packages/airflow/example_dags/example_dag_decorator.py took 0.530 seconds
[2022-03-03 15:23:58,898] {processor.py:163} INFO - Started process (PID=655) to work on /home/airflow/.local/lib/python3.7/site-packages/airflow/example_dags/example_dag_decorator.py
[2022-03-03 15:23:58,901] {processor.py:642} INFO - Processing file /home/airflow/.local/lib/python3.7/site-packages/airflow/example_dags/example_dag_decorator.py for tasks to queue
[2022-03-03 15:23:58,904] {logging_mixin.py:109} INFO - [2022-03-03 15:23:58,903] {dagbag.py:500} INFO - Filling up the DagBag from /home/airflow/.local/lib/python3.7/site-packages/airflow/example_dags/example_dag_decorator.py
[2022-03-03 15:23:58,971] {processor.py:654} INFO - DAG(s) dict_keys(['example_dag_decorator']) retrieved from /home/airflow/.local/lib/python3.7/site-packages/airflow/example_dags/example_dag_decorator.py
[2022-03-03 15:23:59,262] {logging_mixin.py:109} INFO - [2022-03-03 15:23:59,262] {dag.py:2396} INFO - Sync 1 DAGs
[2022-03-03 15:23:59,275] {logging_mixin.py:109} INFO - [2022-03-03 15:23:59,274] {dag.py:2935} INFO - Setting next_dagrun for example_dag_decorator to None
[2022-03-03 15:23:59,285] {processor.py:171} INFO - Processing /home/airflow/.local/lib/python3.7/site-packages/airflow/example_dags/example_dag_decorator.py took 0.394 seconds
[2022-03-03 15:24:29,702] {processor.py:163} INFO - Started process (PID=707) to work on /home/airflow/.local/lib/python3.7/site-packages/airflow/example_dags/example_dag_decorator.py
[2022-03-03 15:24:29,707] {processor.py:642} INFO - Processing file /home/airflow/.local/lib/python3.7/site-packages/airflow/example_dags/example_dag_decorator.py for tasks to queue
[2022-03-03 15:24:29,711] {logging_mixin.py:109} INFO - [2022-03-03 15:24:29,710] {dagbag.py:500} INFO - Filling up the DagBag from /home/airflow/.local/lib/python3.7/site-packages/airflow/example_dags/example_dag_decorator.py
[2022-03-03 15:24:29,786] {processor.py:654} INFO - DAG(s) dict_keys(['example_dag_decorator']) retrieved from /home/airflow/.local/lib/python3.7/site-packages/airflow/example_dags/example_dag_decorator.py
[2022-03-03 15:24:30,201] {logging_mixin.py:109} INFO - [2022-03-03 15:24:30,200] {dag.py:2396} INFO - Sync 1 DAGs
[2022-03-03 15:24:30,228] {logging_mixin.py:109} INFO - [2022-03-03 15:24:30,228] {dag.py:2935} INFO - Setting next_dagrun for example_dag_decorator to None
[2022-03-03 15:24:30,241] {processor.py:171} INFO - Processing /home/airflow/.local/lib/python3.7/site-packages/airflow/example_dags/example_dag_decorator.py took 0.553 seconds
[2022-03-03 15:25:00,419] {processor.py:163} INFO - Started process (PID=760) to work on /home/airflow/.local/lib/python3.7/site-packages/airflow/example_dags/example_dag_decorator.py
[2022-03-03 15:25:00,445] {processor.py:642} INFO - Processing file /home/airflow/.local/lib/python3.7/site-packages/airflow/example_dags/example_dag_decorator.py for tasks to queue
[2022-03-03 15:25:00,449] {logging_mixin.py:109} INFO - [2022-03-03 15:25:00,448] {dagbag.py:500} INFO - Filling up the DagBag from /home/airflow/.local/lib/python3.7/site-packages/airflow/example_dags/example_dag_decorator.py
[2022-03-03 15:25:00,582] {processor.py:654} INFO - DAG(s) dict_keys(['example_dag_decorator']) retrieved from /home/airflow/.local/lib/python3.7/site-packages/airflow/example_dags/example_dag_decorator.py
[2022-03-03 15:25:02,012] {logging_mixin.py:109} INFO - [2022-03-03 15:25:02,012] {dag.py:2396} INFO - Sync 1 DAGs
[2022-03-03 15:25:02,058] {logging_mixin.py:109} INFO - [2022-03-03 15:25:02,058] {dag.py:2935} INFO - Setting next_dagrun for example_dag_decorator to None
[2022-03-03 15:25:02,094] {processor.py:171} INFO - Processing /home/airflow/.local/lib/python3.7/site-packages/airflow/example_dags/example_dag_decorator.py took 1.678 seconds
[2022-03-03 15:25:32,670] {processor.py:163} INFO - Started process (PID=829) to work on /home/airflow/.local/lib/python3.7/site-packages/airflow/example_dags/example_dag_decorator.py
[2022-03-03 15:25:32,673] {processor.py:642} INFO - Processing file /home/airflow/.local/lib/python3.7/site-packages/airflow/example_dags/example_dag_decorator.py for tasks to queue
[2022-03-03 15:25:32,674] {logging_mixin.py:109} INFO - [2022-03-03 15:25:32,674] {dagbag.py:500} INFO - Filling up the DagBag from /home/airflow/.local/lib/python3.7/site-packages/airflow/example_dags/example_dag_decorator.py
[2022-03-03 15:25:32,715] {processor.py:654} INFO - DAG(s) dict_keys(['example_dag_decorator']) retrieved from /home/airflow/.local/lib/python3.7/site-packages/airflow/example_dags/example_dag_decorator.py
[2022-03-03 15:25:32,996] {logging_mixin.py:109} INFO - [2022-03-03 15:25:32,996] {dag.py:2396} INFO - Sync 1 DAGs
[2022-03-03 15:25:33,014] {logging_mixin.py:109} INFO - [2022-03-03 15:25:33,014] {dag.py:2935} INFO - Setting next_dagrun for example_dag_decorator to None
[2022-03-03 15:25:33,027] {processor.py:171} INFO - Processing /home/airflow/.local/lib/python3.7/site-packages/airflow/example_dags/example_dag_decorator.py took 0.362 seconds
[2022-03-03 15:26:03,193] {processor.py:163} INFO - Started process (PID=882) to work on /home/airflow/.local/lib/python3.7/site-packages/airflow/example_dags/example_dag_decorator.py
[2022-03-03 15:26:03,195] {processor.py:642} INFO - Processing file /home/airflow/.local/lib/python3.7/site-packages/airflow/example_dags/example_dag_decorator.py for tasks to queue
[2022-03-03 15:26:03,197] {logging_mixin.py:109} INFO - [2022-03-03 15:26:03,197] {dagbag.py:500} INFO - Filling up the DagBag from /home/airflow/.local/lib/python3.7/site-packages/airflow/example_dags/example_dag_decorator.py
[2022-03-03 15:26:03,232] {processor.py:654} INFO - DAG(s) dict_keys(['example_dag_decorator']) retrieved from /home/airflow/.local/lib/python3.7/site-packages/airflow/example_dags/example_dag_decorator.py
[2022-03-03 15:26:03,507] {logging_mixin.py:109} INFO - [2022-03-03 15:26:03,507] {dag.py:2396} INFO - Sync 1 DAGs
[2022-03-03 15:26:03,521] {logging_mixin.py:109} INFO - [2022-03-03 15:26:03,521] {dag.py:2935} INFO - Setting next_dagrun for example_dag_decorator to None
[2022-03-03 15:26:03,530] {processor.py:171} INFO - Processing /home/airflow/.local/lib/python3.7/site-packages/airflow/example_dags/example_dag_decorator.py took 0.341 seconds
[2022-03-03 15:26:33,682] {processor.py:163} INFO - Started process (PID=937) to work on /home/airflow/.local/lib/python3.7/site-packages/airflow/example_dags/example_dag_decorator.py
[2022-03-03 15:26:33,684] {processor.py:642} INFO - Processing file /home/airflow/.local/lib/python3.7/site-packages/airflow/example_dags/example_dag_decorator.py for tasks to queue
[2022-03-03 15:26:33,686] {logging_mixin.py:109} INFO - [2022-03-03 15:26:33,686] {dagbag.py:500} INFO - Filling up the DagBag from /home/airflow/.local/lib/python3.7/site-packages/airflow/example_dags/example_dag_decorator.py
[2022-03-03 15:26:33,726] {processor.py:654} INFO - DAG(s) dict_keys(['example_dag_decorator']) retrieved from /home/airflow/.local/lib/python3.7/site-packages/airflow/example_dags/example_dag_decorator.py
[2022-03-03 15:26:34,014] {logging_mixin.py:109} INFO - [2022-03-03 15:26:34,013] {dag.py:2396} INFO - Sync 1 DAGs
[2022-03-03 15:26:34,032] {logging_mixin.py:109} INFO - [2022-03-03 15:26:34,032] {dag.py:2935} INFO - Setting next_dagrun for example_dag_decorator to None
[2022-03-03 15:26:34,045] {processor.py:171} INFO - Processing /home/airflow/.local/lib/python3.7/site-packages/airflow/example_dags/example_dag_decorator.py took 0.368 seconds
[2022-03-03 15:27:04,508] {processor.py:163} INFO - Started process (PID=989) to work on /home/airflow/.local/lib/python3.7/site-packages/airflow/example_dags/example_dag_decorator.py
[2022-03-03 15:27:04,510] {processor.py:642} INFO - Processing file /home/airflow/.local/lib/python3.7/site-packages/airflow/example_dags/example_dag_decorator.py for tasks to queue
[2022-03-03 15:27:04,512] {logging_mixin.py:109} INFO - [2022-03-03 15:27:04,512] {dagbag.py:500} INFO - Filling up the DagBag from /home/airflow/.local/lib/python3.7/site-packages/airflow/example_dags/example_dag_decorator.py
[2022-03-03 15:27:04,554] {processor.py:654} INFO - DAG(s) dict_keys(['example_dag_decorator']) retrieved from /home/airflow/.local/lib/python3.7/site-packages/airflow/example_dags/example_dag_decorator.py
[2022-03-03 15:27:04,895] {logging_mixin.py:109} INFO - [2022-03-03 15:27:04,894] {dag.py:2396} INFO - Sync 1 DAGs
[2022-03-03 15:27:04,927] {logging_mixin.py:109} INFO - [2022-03-03 15:27:04,927] {dag.py:2935} INFO - Setting next_dagrun for example_dag_decorator to None
[2022-03-03 15:27:04,943] {processor.py:171} INFO - Processing /home/airflow/.local/lib/python3.7/site-packages/airflow/example_dags/example_dag_decorator.py took 0.444 seconds
[2022-03-03 15:27:35,692] {processor.py:163} INFO - Started process (PID=1058) to work on /home/airflow/.local/lib/python3.7/site-packages/airflow/example_dags/example_dag_decorator.py
[2022-03-03 15:27:35,701] {processor.py:642} INFO - Processing file /home/airflow/.local/lib/python3.7/site-packages/airflow/example_dags/example_dag_decorator.py for tasks to queue
[2022-03-03 15:27:35,703] {logging_mixin.py:109} INFO - [2022-03-03 15:27:35,703] {dagbag.py:500} INFO - Filling up the DagBag from /home/airflow/.local/lib/python3.7/site-packages/airflow/example_dags/example_dag_decorator.py
[2022-03-03 15:27:35,792] {processor.py:654} INFO - DAG(s) dict_keys(['example_dag_decorator']) retrieved from /home/airflow/.local/lib/python3.7/site-packages/airflow/example_dags/example_dag_decorator.py
[2022-03-03 15:27:36,702] {logging_mixin.py:109} INFO - [2022-03-03 15:27:36,702] {dag.py:2396} INFO - Sync 1 DAGs
[2022-03-03 15:27:36,723] {logging_mixin.py:109} INFO - [2022-03-03 15:27:36,722] {dag.py:2935} INFO - Setting next_dagrun for example_dag_decorator to None
[2022-03-03 15:27:36,738] {processor.py:171} INFO - Processing /home/airflow/.local/lib/python3.7/site-packages/airflow/example_dags/example_dag_decorator.py took 1.057 seconds
[2022-03-03 15:28:07,519] {processor.py:163} INFO - Started process (PID=1116) to work on /home/airflow/.local/lib/python3.7/site-packages/airflow/example_dags/example_dag_decorator.py
[2022-03-03 15:28:07,521] {processor.py:642} INFO - Processing file /home/airflow/.local/lib/python3.7/site-packages/airflow/example_dags/example_dag_decorator.py for tasks to queue
[2022-03-03 15:28:07,522] {logging_mixin.py:109} INFO - [2022-03-03 15:28:07,522] {dagbag.py:500} INFO - Filling up the DagBag from /home/airflow/.local/lib/python3.7/site-packages/airflow/example_dags/example_dag_decorator.py
[2022-03-03 15:28:07,565] {processor.py:654} INFO - DAG(s) dict_keys(['example_dag_decorator']) retrieved from /home/airflow/.local/lib/python3.7/site-packages/airflow/example_dags/example_dag_decorator.py
[2022-03-03 15:28:07,847] {logging_mixin.py:109} INFO - [2022-03-03 15:28:07,847] {dag.py:2396} INFO - Sync 1 DAGs
[2022-03-03 15:28:07,868] {logging_mixin.py:109} INFO - [2022-03-03 15:28:07,868] {dag.py:2935} INFO - Setting next_dagrun for example_dag_decorator to None
[2022-03-03 15:28:07,886] {processor.py:171} INFO - Processing /home/airflow/.local/lib/python3.7/site-packages/airflow/example_dags/example_dag_decorator.py took 0.370 seconds
[2022-03-03 15:28:38,294] {processor.py:163} INFO - Started process (PID=1171) to work on /home/airflow/.local/lib/python3.7/site-packages/airflow/example_dags/example_dag_decorator.py
[2022-03-03 15:28:38,308] {processor.py:642} INFO - Processing file /home/airflow/.local/lib/python3.7/site-packages/airflow/example_dags/example_dag_decorator.py for tasks to queue
[2022-03-03 15:28:38,317] {logging_mixin.py:109} INFO - [2022-03-03 15:28:38,317] {dagbag.py:500} INFO - Filling up the DagBag from /home/airflow/.local/lib/python3.7/site-packages/airflow/example_dags/example_dag_decorator.py
[2022-03-03 15:28:38,671] {processor.py:654} INFO - DAG(s) dict_keys(['example_dag_decorator']) retrieved from /home/airflow/.local/lib/python3.7/site-packages/airflow/example_dags/example_dag_decorator.py
[2022-03-03 15:28:41,546] {logging_mixin.py:109} INFO - [2022-03-03 15:28:41,546] {dag.py:2396} INFO - Sync 1 DAGs
[2022-03-03 15:28:41,619] {logging_mixin.py:109} INFO - [2022-03-03 15:28:41,619] {dag.py:2935} INFO - Setting next_dagrun for example_dag_decorator to None
[2022-03-03 15:28:41,649] {processor.py:171} INFO - Processing /home/airflow/.local/lib/python3.7/site-packages/airflow/example_dags/example_dag_decorator.py took 3.497 seconds
[2022-03-03 15:29:12,358] {processor.py:163} INFO - Started process (PID=1222) to work on /home/airflow/.local/lib/python3.7/site-packages/airflow/example_dags/example_dag_decorator.py
[2022-03-03 15:29:12,372] {processor.py:642} INFO - Processing file /home/airflow/.local/lib/python3.7/site-packages/airflow/example_dags/example_dag_decorator.py for tasks to queue
[2022-03-03 15:29:12,374] {logging_mixin.py:109} INFO - [2022-03-03 15:29:12,373] {dagbag.py:500} INFO - Filling up the DagBag from /home/airflow/.local/lib/python3.7/site-packages/airflow/example_dags/example_dag_decorator.py
[2022-03-03 15:29:12,477] {processor.py:654} INFO - DAG(s) dict_keys(['example_dag_decorator']) retrieved from /home/airflow/.local/lib/python3.7/site-packages/airflow/example_dags/example_dag_decorator.py
[2022-03-03 15:29:13,871] {logging_mixin.py:109} INFO - [2022-03-03 15:29:13,870] {dag.py:2396} INFO - Sync 1 DAGs
[2022-03-03 15:29:13,918] {logging_mixin.py:109} INFO - [2022-03-03 15:29:13,918] {dag.py:2935} INFO - Setting next_dagrun for example_dag_decorator to None
[2022-03-03 15:29:13,970] {processor.py:171} INFO - Processing /home/airflow/.local/lib/python3.7/site-packages/airflow/example_dags/example_dag_decorator.py took 1.622 seconds
[2022-03-03 15:29:44,842] {processor.py:163} INFO - Started process (PID=1281) to work on /home/airflow/.local/lib/python3.7/site-packages/airflow/example_dags/example_dag_decorator.py
[2022-03-03 15:29:44,844] {processor.py:642} INFO - Processing file /home/airflow/.local/lib/python3.7/site-packages/airflow/example_dags/example_dag_decorator.py for tasks to queue
[2022-03-03 15:29:44,846] {logging_mixin.py:109} INFO - [2022-03-03 15:29:44,846] {dagbag.py:500} INFO - Filling up the DagBag from /home/airflow/.local/lib/python3.7/site-packages/airflow/example_dags/example_dag_decorator.py
[2022-03-03 15:29:44,919] {processor.py:654} INFO - DAG(s) dict_keys(['example_dag_decorator']) retrieved from /home/airflow/.local/lib/python3.7/site-packages/airflow/example_dags/example_dag_decorator.py
[2022-03-03 15:29:45,459] {logging_mixin.py:109} INFO - [2022-03-03 15:29:45,459] {dag.py:2396} INFO - Sync 1 DAGs
[2022-03-03 15:29:45,483] {logging_mixin.py:109} INFO - [2022-03-03 15:29:45,483] {dag.py:2935} INFO - Setting next_dagrun for example_dag_decorator to None
[2022-03-03 15:29:45,505] {processor.py:171} INFO - Processing /home/airflow/.local/lib/python3.7/site-packages/airflow/example_dags/example_dag_decorator.py took 0.673 seconds
[2022-03-03 15:30:15,743] {processor.py:163} INFO - Started process (PID=1337) to work on /home/airflow/.local/lib/python3.7/site-packages/airflow/example_dags/example_dag_decorator.py
[2022-03-03 15:30:15,745] {processor.py:642} INFO - Processing file /home/airflow/.local/lib/python3.7/site-packages/airflow/example_dags/example_dag_decorator.py for tasks to queue
[2022-03-03 15:30:15,747] {logging_mixin.py:109} INFO - [2022-03-03 15:30:15,747] {dagbag.py:500} INFO - Filling up the DagBag from /home/airflow/.local/lib/python3.7/site-packages/airflow/example_dags/example_dag_decorator.py
[2022-03-03 15:30:15,786] {processor.py:654} INFO - DAG(s) dict_keys(['example_dag_decorator']) retrieved from /home/airflow/.local/lib/python3.7/site-packages/airflow/example_dags/example_dag_decorator.py
[2022-03-03 15:30:16,093] {logging_mixin.py:109} INFO - [2022-03-03 15:30:16,093] {dag.py:2396} INFO - Sync 1 DAGs
[2022-03-03 15:30:16,108] {logging_mixin.py:109} INFO - [2022-03-03 15:30:16,108] {dag.py:2935} INFO - Setting next_dagrun for example_dag_decorator to None
[2022-03-03 15:30:16,119] {processor.py:171} INFO - Processing /home/airflow/.local/lib/python3.7/site-packages/airflow/example_dags/example_dag_decorator.py took 0.380 seconds
[2022-03-03 15:30:46,482] {processor.py:163} INFO - Started process (PID=1393) to work on /home/airflow/.local/lib/python3.7/site-packages/airflow/example_dags/example_dag_decorator.py
[2022-03-03 15:30:46,484] {processor.py:642} INFO - Processing file /home/airflow/.local/lib/python3.7/site-packages/airflow/example_dags/example_dag_decorator.py for tasks to queue
[2022-03-03 15:30:46,485] {logging_mixin.py:109} INFO - [2022-03-03 15:30:46,485] {dagbag.py:500} INFO - Filling up the DagBag from /home/airflow/.local/lib/python3.7/site-packages/airflow/example_dags/example_dag_decorator.py
[2022-03-03 15:30:46,521] {processor.py:654} INFO - DAG(s) dict_keys(['example_dag_decorator']) retrieved from /home/airflow/.local/lib/python3.7/site-packages/airflow/example_dags/example_dag_decorator.py
[2022-03-03 15:30:46,782] {logging_mixin.py:109} INFO - [2022-03-03 15:30:46,782] {dag.py:2396} INFO - Sync 1 DAGs
[2022-03-03 15:30:46,796] {logging_mixin.py:109} INFO - [2022-03-03 15:30:46,796] {dag.py:2935} INFO - Setting next_dagrun for example_dag_decorator to None
[2022-03-03 15:30:46,807] {processor.py:171} INFO - Processing /home/airflow/.local/lib/python3.7/site-packages/airflow/example_dags/example_dag_decorator.py took 0.329 seconds
[2022-03-03 15:31:17,307] {processor.py:163} INFO - Started process (PID=1450) to work on /home/airflow/.local/lib/python3.7/site-packages/airflow/example_dags/example_dag_decorator.py
[2022-03-03 15:31:17,313] {processor.py:642} INFO - Processing file /home/airflow/.local/lib/python3.7/site-packages/airflow/example_dags/example_dag_decorator.py for tasks to queue
[2022-03-03 15:31:17,315] {logging_mixin.py:109} INFO - [2022-03-03 15:31:17,315] {dagbag.py:500} INFO - Filling up the DagBag from /home/airflow/.local/lib/python3.7/site-packages/airflow/example_dags/example_dag_decorator.py
[2022-03-03 15:31:17,564] {processor.py:654} INFO - DAG(s) dict_keys(['example_dag_decorator']) retrieved from /home/airflow/.local/lib/python3.7/site-packages/airflow/example_dags/example_dag_decorator.py
[2022-03-03 15:31:17,760] {logging_mixin.py:109} INFO - [2022-03-03 15:31:17,759] {dag.py:2396} INFO - Sync 1 DAGs
[2022-03-03 15:31:17,774] {logging_mixin.py:109} INFO - [2022-03-03 15:31:17,774] {dag.py:2935} INFO - Setting next_dagrun for example_dag_decorator to None
[2022-03-03 15:31:17,786] {processor.py:171} INFO - Processing /home/airflow/.local/lib/python3.7/site-packages/airflow/example_dags/example_dag_decorator.py took 0.514 seconds
[2022-03-03 15:31:48,780] {processor.py:163} INFO - Started process (PID=1510) to work on /home/airflow/.local/lib/python3.7/site-packages/airflow/example_dags/example_dag_decorator.py
[2022-03-03 15:31:48,782] {processor.py:642} INFO - Processing file /home/airflow/.local/lib/python3.7/site-packages/airflow/example_dags/example_dag_decorator.py for tasks to queue
[2022-03-03 15:31:48,784] {logging_mixin.py:109} INFO - [2022-03-03 15:31:48,783] {dagbag.py:500} INFO - Filling up the DagBag from /home/airflow/.local/lib/python3.7/site-packages/airflow/example_dags/example_dag_decorator.py
[2022-03-03 15:31:48,939] {processor.py:654} INFO - DAG(s) dict_keys(['example_dag_decorator']) retrieved from /home/airflow/.local/lib/python3.7/site-packages/airflow/example_dags/example_dag_decorator.py
[2022-03-03 15:31:49,119] {logging_mixin.py:109} INFO - [2022-03-03 15:31:49,119] {dag.py:2396} INFO - Sync 1 DAGs
[2022-03-03 15:31:49,134] {logging_mixin.py:109} INFO - [2022-03-03 15:31:49,134] {dag.py:2935} INFO - Setting next_dagrun for example_dag_decorator to None
[2022-03-03 15:31:49,146] {processor.py:171} INFO - Processing /home/airflow/.local/lib/python3.7/site-packages/airflow/example_dags/example_dag_decorator.py took 0.372 seconds
[2022-03-03 15:32:19,290] {processor.py:163} INFO - Started process (PID=1573) to work on /home/airflow/.local/lib/python3.7/site-packages/airflow/example_dags/example_dag_decorator.py
[2022-03-03 15:32:19,291] {processor.py:642} INFO - Processing file /home/airflow/.local/lib/python3.7/site-packages/airflow/example_dags/example_dag_decorator.py for tasks to queue
[2022-03-03 15:32:19,292] {logging_mixin.py:109} INFO - [2022-03-03 15:32:19,292] {dagbag.py:500} INFO - Filling up the DagBag from /home/airflow/.local/lib/python3.7/site-packages/airflow/example_dags/example_dag_decorator.py
[2022-03-03 15:32:19,413] {processor.py:654} INFO - DAG(s) dict_keys(['example_dag_decorator']) retrieved from /home/airflow/.local/lib/python3.7/site-packages/airflow/example_dags/example_dag_decorator.py
[2022-03-03 15:32:19,614] {logging_mixin.py:109} INFO - [2022-03-03 15:32:19,614] {dag.py:2396} INFO - Sync 1 DAGs
[2022-03-03 15:32:19,630] {logging_mixin.py:109} INFO - [2022-03-03 15:32:19,630] {dag.py:2935} INFO - Setting next_dagrun for example_dag_decorator to None
[2022-03-03 15:32:19,653] {processor.py:171} INFO - Processing /home/airflow/.local/lib/python3.7/site-packages/airflow/example_dags/example_dag_decorator.py took 0.371 seconds
[2022-03-03 15:32:51,740] {processor.py:163} INFO - Started process (PID=1631) to work on /home/airflow/.local/lib/python3.7/site-packages/airflow/example_dags/example_dag_decorator.py
[2022-03-03 15:32:51,753] {processor.py:642} INFO - Processing file /home/airflow/.local/lib/python3.7/site-packages/airflow/example_dags/example_dag_decorator.py for tasks to queue
[2022-03-03 15:32:51,759] {logging_mixin.py:109} INFO - [2022-03-03 15:32:51,759] {dagbag.py:500} INFO - Filling up the DagBag from /home/airflow/.local/lib/python3.7/site-packages/airflow/example_dags/example_dag_decorator.py
[2022-03-03 15:32:52,228] {processor.py:654} INFO - DAG(s) dict_keys(['example_dag_decorator']) retrieved from /home/airflow/.local/lib/python3.7/site-packages/airflow/example_dags/example_dag_decorator.py
[2022-03-03 15:32:52,697] {logging_mixin.py:109} INFO - [2022-03-03 15:32:52,697] {dag.py:2396} INFO - Sync 1 DAGs
[2022-03-03 15:32:52,720] {logging_mixin.py:109} INFO - [2022-03-03 15:32:52,720] {dag.py:2935} INFO - Setting next_dagrun for example_dag_decorator to None
[2022-03-03 15:32:52,736] {processor.py:171} INFO - Processing /home/airflow/.local/lib/python3.7/site-packages/airflow/example_dags/example_dag_decorator.py took 1.007 seconds
[2022-03-03 15:33:23,964] {processor.py:163} INFO - Started process (PID=1691) to work on /home/airflow/.local/lib/python3.7/site-packages/airflow/example_dags/example_dag_decorator.py
[2022-03-03 15:33:23,966] {processor.py:642} INFO - Processing file /home/airflow/.local/lib/python3.7/site-packages/airflow/example_dags/example_dag_decorator.py for tasks to queue
[2022-03-03 15:33:23,968] {logging_mixin.py:109} INFO - [2022-03-03 15:33:23,968] {dagbag.py:500} INFO - Filling up the DagBag from /home/airflow/.local/lib/python3.7/site-packages/airflow/example_dags/example_dag_decorator.py
[2022-03-03 15:33:24,083] {processor.py:654} INFO - DAG(s) dict_keys(['example_dag_decorator']) retrieved from /home/airflow/.local/lib/python3.7/site-packages/airflow/example_dags/example_dag_decorator.py
[2022-03-03 15:33:24,305] {logging_mixin.py:109} INFO - [2022-03-03 15:33:24,305] {dag.py:2396} INFO - Sync 1 DAGs
[2022-03-03 15:33:24,318] {logging_mixin.py:109} INFO - [2022-03-03 15:33:24,318] {dag.py:2935} INFO - Setting next_dagrun for example_dag_decorator to None
[2022-03-03 15:33:24,327] {processor.py:171} INFO - Processing /home/airflow/.local/lib/python3.7/site-packages/airflow/example_dags/example_dag_decorator.py took 0.368 seconds
[2022-03-03 15:33:54,857] {processor.py:163} INFO - Started process (PID=1747) to work on /home/airflow/.local/lib/python3.7/site-packages/airflow/example_dags/example_dag_decorator.py
[2022-03-03 15:33:54,859] {processor.py:642} INFO - Processing file /home/airflow/.local/lib/python3.7/site-packages/airflow/example_dags/example_dag_decorator.py for tasks to queue
[2022-03-03 15:33:54,860] {logging_mixin.py:109} INFO - [2022-03-03 15:33:54,860] {dagbag.py:500} INFO - Filling up the DagBag from /home/airflow/.local/lib/python3.7/site-packages/airflow/example_dags/example_dag_decorator.py
[2022-03-03 15:33:54,969] {processor.py:654} INFO - DAG(s) dict_keys(['example_dag_decorator']) retrieved from /home/airflow/.local/lib/python3.7/site-packages/airflow/example_dags/example_dag_decorator.py
[2022-03-03 15:33:55,309] {logging_mixin.py:109} INFO - [2022-03-03 15:33:55,309] {dag.py:2396} INFO - Sync 1 DAGs
[2022-03-03 15:33:55,337] {logging_mixin.py:109} INFO - [2022-03-03 15:33:55,337] {dag.py:2935} INFO - Setting next_dagrun for example_dag_decorator to None
[2022-03-03 15:33:55,357] {processor.py:171} INFO - Processing /home/airflow/.local/lib/python3.7/site-packages/airflow/example_dags/example_dag_decorator.py took 0.504 seconds
[2022-03-03 15:34:25,589] {processor.py:163} INFO - Started process (PID=1807) to work on /home/airflow/.local/lib/python3.7/site-packages/airflow/example_dags/example_dag_decorator.py
[2022-03-03 15:34:25,592] {processor.py:642} INFO - Processing file /home/airflow/.local/lib/python3.7/site-packages/airflow/example_dags/example_dag_decorator.py for tasks to queue
[2022-03-03 15:34:25,605] {logging_mixin.py:109} INFO - [2022-03-03 15:34:25,604] {dagbag.py:500} INFO - Filling up the DagBag from /home/airflow/.local/lib/python3.7/site-packages/airflow/example_dags/example_dag_decorator.py
[2022-03-03 15:34:25,707] {processor.py:654} INFO - DAG(s) dict_keys(['example_dag_decorator']) retrieved from /home/airflow/.local/lib/python3.7/site-packages/airflow/example_dags/example_dag_decorator.py
[2022-03-03 15:34:26,090] {logging_mixin.py:109} INFO - [2022-03-03 15:34:26,090] {dag.py:2396} INFO - Sync 1 DAGs
[2022-03-03 15:34:26,110] {logging_mixin.py:109} INFO - [2022-03-03 15:34:26,109] {dag.py:2935} INFO - Setting next_dagrun for example_dag_decorator to None
[2022-03-03 15:34:26,155] {processor.py:171} INFO - Processing /home/airflow/.local/lib/python3.7/site-packages/airflow/example_dags/example_dag_decorator.py took 0.571 seconds
[2022-03-03 15:34:57,132] {processor.py:163} INFO - Started process (PID=1871) to work on /home/airflow/.local/lib/python3.7/site-packages/airflow/example_dags/example_dag_decorator.py
[2022-03-03 15:34:57,137] {processor.py:642} INFO - Processing file /home/airflow/.local/lib/python3.7/site-packages/airflow/example_dags/example_dag_decorator.py for tasks to queue
[2022-03-03 15:34:57,142] {logging_mixin.py:109} INFO - [2022-03-03 15:34:57,142] {dagbag.py:500} INFO - Filling up the DagBag from /home/airflow/.local/lib/python3.7/site-packages/airflow/example_dags/example_dag_decorator.py
[2022-03-03 15:34:57,315] {processor.py:654} INFO - DAG(s) dict_keys(['example_dag_decorator']) retrieved from /home/airflow/.local/lib/python3.7/site-packages/airflow/example_dags/example_dag_decorator.py
[2022-03-03 15:34:58,219] {logging_mixin.py:109} INFO - [2022-03-03 15:34:58,219] {dag.py:2396} INFO - Sync 1 DAGs
[2022-03-03 15:34:58,259] {logging_mixin.py:109} INFO - [2022-03-03 15:34:58,259] {dag.py:2935} INFO - Setting next_dagrun for example_dag_decorator to None
[2022-03-03 15:34:58,290] {processor.py:171} INFO - Processing /home/airflow/.local/lib/python3.7/site-packages/airflow/example_dags/example_dag_decorator.py took 1.168 seconds
[2022-03-03 15:35:28,474] {processor.py:163} INFO - Started process (PID=1930) to work on /home/airflow/.local/lib/python3.7/site-packages/airflow/example_dags/example_dag_decorator.py
[2022-03-03 15:35:28,478] {processor.py:642} INFO - Processing file /home/airflow/.local/lib/python3.7/site-packages/airflow/example_dags/example_dag_decorator.py for tasks to queue
[2022-03-03 15:35:28,480] {logging_mixin.py:109} INFO - [2022-03-03 15:35:28,479] {dagbag.py:500} INFO - Filling up the DagBag from /home/airflow/.local/lib/python3.7/site-packages/airflow/example_dags/example_dag_decorator.py
[2022-03-03 15:35:28,520] {processor.py:654} INFO - DAG(s) dict_keys(['example_dag_decorator']) retrieved from /home/airflow/.local/lib/python3.7/site-packages/airflow/example_dags/example_dag_decorator.py
[2022-03-03 15:35:28,730] {logging_mixin.py:109} INFO - [2022-03-03 15:35:28,730] {dag.py:2396} INFO - Sync 1 DAGs
[2022-03-03 15:35:28,748] {logging_mixin.py:109} INFO - [2022-03-03 15:35:28,748] {dag.py:2935} INFO - Setting next_dagrun for example_dag_decorator to None
[2022-03-03 15:35:28,764] {processor.py:171} INFO - Processing /home/airflow/.local/lib/python3.7/site-packages/airflow/example_dags/example_dag_decorator.py took 0.299 seconds
[2022-03-03 15:35:59,014] {processor.py:163} INFO - Started process (PID=1986) to work on /home/airflow/.local/lib/python3.7/site-packages/airflow/example_dags/example_dag_decorator.py
[2022-03-03 15:35:59,017] {processor.py:642} INFO - Processing file /home/airflow/.local/lib/python3.7/site-packages/airflow/example_dags/example_dag_decorator.py for tasks to queue
[2022-03-03 15:35:59,019] {logging_mixin.py:109} INFO - [2022-03-03 15:35:59,019] {dagbag.py:500} INFO - Filling up the DagBag from /home/airflow/.local/lib/python3.7/site-packages/airflow/example_dags/example_dag_decorator.py
[2022-03-03 15:35:59,111] {processor.py:654} INFO - DAG(s) dict_keys(['example_dag_decorator']) retrieved from /home/airflow/.local/lib/python3.7/site-packages/airflow/example_dags/example_dag_decorator.py
[2022-03-03 15:35:59,385] {logging_mixin.py:109} INFO - [2022-03-03 15:35:59,385] {dag.py:2396} INFO - Sync 1 DAGs
[2022-03-03 15:35:59,410] {logging_mixin.py:109} INFO - [2022-03-03 15:35:59,410] {dag.py:2935} INFO - Setting next_dagrun for example_dag_decorator to None
[2022-03-03 15:35:59,421] {processor.py:171} INFO - Processing /home/airflow/.local/lib/python3.7/site-packages/airflow/example_dags/example_dag_decorator.py took 0.411 seconds
[2022-03-03 15:36:30,326] {processor.py:163} INFO - Started process (PID=2043) to work on /home/airflow/.local/lib/python3.7/site-packages/airflow/example_dags/example_dag_decorator.py
[2022-03-03 15:36:30,329] {processor.py:642} INFO - Processing file /home/airflow/.local/lib/python3.7/site-packages/airflow/example_dags/example_dag_decorator.py for tasks to queue
[2022-03-03 15:36:30,330] {logging_mixin.py:109} INFO - [2022-03-03 15:36:30,330] {dagbag.py:500} INFO - Filling up the DagBag from /home/airflow/.local/lib/python3.7/site-packages/airflow/example_dags/example_dag_decorator.py
[2022-03-03 15:36:30,375] {processor.py:654} INFO - DAG(s) dict_keys(['example_dag_decorator']) retrieved from /home/airflow/.local/lib/python3.7/site-packages/airflow/example_dags/example_dag_decorator.py
[2022-03-03 15:36:30,587] {logging_mixin.py:109} INFO - [2022-03-03 15:36:30,587] {dag.py:2396} INFO - Sync 1 DAGs
[2022-03-03 15:36:30,604] {logging_mixin.py:109} INFO - [2022-03-03 15:36:30,604] {dag.py:2935} INFO - Setting next_dagrun for example_dag_decorator to None
[2022-03-03 15:36:30,616] {processor.py:171} INFO - Processing /home/airflow/.local/lib/python3.7/site-packages/airflow/example_dags/example_dag_decorator.py took 0.294 seconds
[2022-03-03 15:37:01,176] {processor.py:163} INFO - Started process (PID=2110) to work on /home/airflow/.local/lib/python3.7/site-packages/airflow/example_dags/example_dag_decorator.py
[2022-03-03 15:37:01,184] {processor.py:642} INFO - Processing file /home/airflow/.local/lib/python3.7/site-packages/airflow/example_dags/example_dag_decorator.py for tasks to queue
[2022-03-03 15:37:01,189] {logging_mixin.py:109} INFO - [2022-03-03 15:37:01,189] {dagbag.py:500} INFO - Filling up the DagBag from /home/airflow/.local/lib/python3.7/site-packages/airflow/example_dags/example_dag_decorator.py
[2022-03-03 15:37:01,312] {processor.py:654} INFO - DAG(s) dict_keys(['example_dag_decorator']) retrieved from /home/airflow/.local/lib/python3.7/site-packages/airflow/example_dags/example_dag_decorator.py
[2022-03-03 15:37:01,869] {logging_mixin.py:109} INFO - [2022-03-03 15:37:01,869] {dag.py:2396} INFO - Sync 1 DAGs
[2022-03-03 15:37:01,905] {logging_mixin.py:109} INFO - [2022-03-03 15:37:01,905] {dag.py:2935} INFO - Setting next_dagrun for example_dag_decorator to None
[2022-03-03 15:37:01,938] {processor.py:171} INFO - Processing /home/airflow/.local/lib/python3.7/site-packages/airflow/example_dags/example_dag_decorator.py took 0.772 seconds
[2022-03-03 15:37:32,223] {processor.py:163} INFO - Started process (PID=2166) to work on /home/airflow/.local/lib/python3.7/site-packages/airflow/example_dags/example_dag_decorator.py
[2022-03-03 15:37:32,227] {processor.py:642} INFO - Processing file /home/airflow/.local/lib/python3.7/site-packages/airflow/example_dags/example_dag_decorator.py for tasks to queue
[2022-03-03 15:37:32,236] {logging_mixin.py:109} INFO - [2022-03-03 15:37:32,236] {dagbag.py:500} INFO - Filling up the DagBag from /home/airflow/.local/lib/python3.7/site-packages/airflow/example_dags/example_dag_decorator.py
[2022-03-03 15:37:32,334] {processor.py:654} INFO - DAG(s) dict_keys(['example_dag_decorator']) retrieved from /home/airflow/.local/lib/python3.7/site-packages/airflow/example_dags/example_dag_decorator.py
[2022-03-03 15:37:32,921] {logging_mixin.py:109} INFO - [2022-03-03 15:37:32,920] {dag.py:2396} INFO - Sync 1 DAGs
[2022-03-03 15:37:32,935] {logging_mixin.py:109} INFO - [2022-03-03 15:37:32,935] {dag.py:2935} INFO - Setting next_dagrun for example_dag_decorator to None
[2022-03-03 15:37:32,947] {processor.py:171} INFO - Processing /home/airflow/.local/lib/python3.7/site-packages/airflow/example_dags/example_dag_decorator.py took 0.733 seconds
[2022-03-03 15:38:03,314] {processor.py:163} INFO - Started process (PID=2221) to work on /home/airflow/.local/lib/python3.7/site-packages/airflow/example_dags/example_dag_decorator.py
[2022-03-03 15:38:03,315] {processor.py:642} INFO - Processing file /home/airflow/.local/lib/python3.7/site-packages/airflow/example_dags/example_dag_decorator.py for tasks to queue
[2022-03-03 15:38:03,317] {logging_mixin.py:109} INFO - [2022-03-03 15:38:03,316] {dagbag.py:500} INFO - Filling up the DagBag from /home/airflow/.local/lib/python3.7/site-packages/airflow/example_dags/example_dag_decorator.py
[2022-03-03 15:38:03,352] {processor.py:654} INFO - DAG(s) dict_keys(['example_dag_decorator']) retrieved from /home/airflow/.local/lib/python3.7/site-packages/airflow/example_dags/example_dag_decorator.py
[2022-03-03 15:38:03,590] {logging_mixin.py:109} INFO - [2022-03-03 15:38:03,590] {dag.py:2396} INFO - Sync 1 DAGs
[2022-03-03 15:38:03,606] {logging_mixin.py:109} INFO - [2022-03-03 15:38:03,606] {dag.py:2935} INFO - Setting next_dagrun for example_dag_decorator to None
[2022-03-03 15:38:03,616] {processor.py:171} INFO - Processing /home/airflow/.local/lib/python3.7/site-packages/airflow/example_dags/example_dag_decorator.py took 0.306 seconds
[2022-03-03 15:38:34,496] {processor.py:163} INFO - Started process (PID=2273) to work on /home/airflow/.local/lib/python3.7/site-packages/airflow/example_dags/example_dag_decorator.py
[2022-03-03 15:38:34,499] {processor.py:642} INFO - Processing file /home/airflow/.local/lib/python3.7/site-packages/airflow/example_dags/example_dag_decorator.py for tasks to queue
[2022-03-03 15:38:34,500] {logging_mixin.py:109} INFO - [2022-03-03 15:38:34,500] {dagbag.py:500} INFO - Filling up the DagBag from /home/airflow/.local/lib/python3.7/site-packages/airflow/example_dags/example_dag_decorator.py
[2022-03-03 15:38:34,627] {processor.py:654} INFO - DAG(s) dict_keys(['example_dag_decorator']) retrieved from /home/airflow/.local/lib/python3.7/site-packages/airflow/example_dags/example_dag_decorator.py
[2022-03-03 15:38:35,066] {logging_mixin.py:109} INFO - [2022-03-03 15:38:35,066] {dag.py:2396} INFO - Sync 1 DAGs
[2022-03-03 15:38:35,101] {logging_mixin.py:109} INFO - [2022-03-03 15:38:35,101] {dag.py:2935} INFO - Setting next_dagrun for example_dag_decorator to None
[2022-03-03 15:38:35,124] {processor.py:171} INFO - Processing /home/airflow/.local/lib/python3.7/site-packages/airflow/example_dags/example_dag_decorator.py took 0.641 seconds
[2022-03-03 15:39:05,606] {processor.py:163} INFO - Started process (PID=2336) to work on /home/airflow/.local/lib/python3.7/site-packages/airflow/example_dags/example_dag_decorator.py
[2022-03-03 15:39:05,608] {processor.py:642} INFO - Processing file /home/airflow/.local/lib/python3.7/site-packages/airflow/example_dags/example_dag_decorator.py for tasks to queue
[2022-03-03 15:39:05,609] {logging_mixin.py:109} INFO - [2022-03-03 15:39:05,609] {dagbag.py:500} INFO - Filling up the DagBag from /home/airflow/.local/lib/python3.7/site-packages/airflow/example_dags/example_dag_decorator.py
[2022-03-03 15:39:05,713] {processor.py:654} INFO - DAG(s) dict_keys(['example_dag_decorator']) retrieved from /home/airflow/.local/lib/python3.7/site-packages/airflow/example_dags/example_dag_decorator.py
[2022-03-03 15:39:06,724] {logging_mixin.py:109} INFO - [2022-03-03 15:39:06,724] {dag.py:2396} INFO - Sync 1 DAGs
[2022-03-03 15:39:06,773] {logging_mixin.py:109} INFO - [2022-03-03 15:39:06,773] {dag.py:2935} INFO - Setting next_dagrun for example_dag_decorator to None
[2022-03-03 15:39:06,820] {processor.py:171} INFO - Processing /home/airflow/.local/lib/python3.7/site-packages/airflow/example_dags/example_dag_decorator.py took 1.225 seconds
[2022-03-03 15:39:37,167] {processor.py:163} INFO - Started process (PID=2394) to work on /home/airflow/.local/lib/python3.7/site-packages/airflow/example_dags/example_dag_decorator.py
[2022-03-03 15:39:37,169] {processor.py:642} INFO - Processing file /home/airflow/.local/lib/python3.7/site-packages/airflow/example_dags/example_dag_decorator.py for tasks to queue
[2022-03-03 15:39:37,170] {logging_mixin.py:109} INFO - [2022-03-03 15:39:37,170] {dagbag.py:500} INFO - Filling up the DagBag from /home/airflow/.local/lib/python3.7/site-packages/airflow/example_dags/example_dag_decorator.py
[2022-03-03 15:39:37,205] {processor.py:654} INFO - DAG(s) dict_keys(['example_dag_decorator']) retrieved from /home/airflow/.local/lib/python3.7/site-packages/airflow/example_dags/example_dag_decorator.py
[2022-03-03 15:39:37,396] {logging_mixin.py:109} INFO - [2022-03-03 15:39:37,396] {dag.py:2396} INFO - Sync 1 DAGs
[2022-03-03 15:39:37,410] {logging_mixin.py:109} INFO - [2022-03-03 15:39:37,410] {dag.py:2935} INFO - Setting next_dagrun for example_dag_decorator to None
[2022-03-03 15:39:37,419] {processor.py:171} INFO - Processing /home/airflow/.local/lib/python3.7/site-packages/airflow/example_dags/example_dag_decorator.py took 0.256 seconds
[2022-03-03 15:40:08,115] {processor.py:163} INFO - Started process (PID=2449) to work on /home/airflow/.local/lib/python3.7/site-packages/airflow/example_dags/example_dag_decorator.py
[2022-03-03 15:40:08,117] {processor.py:642} INFO - Processing file /home/airflow/.local/lib/python3.7/site-packages/airflow/example_dags/example_dag_decorator.py for tasks to queue
[2022-03-03 15:40:08,118] {logging_mixin.py:109} INFO - [2022-03-03 15:40:08,118] {dagbag.py:500} INFO - Filling up the DagBag from /home/airflow/.local/lib/python3.7/site-packages/airflow/example_dags/example_dag_decorator.py
[2022-03-03 15:40:08,153] {processor.py:654} INFO - DAG(s) dict_keys(['example_dag_decorator']) retrieved from /home/airflow/.local/lib/python3.7/site-packages/airflow/example_dags/example_dag_decorator.py
[2022-03-03 15:40:08,352] {logging_mixin.py:109} INFO - [2022-03-03 15:40:08,352] {dag.py:2396} INFO - Sync 1 DAGs
[2022-03-03 15:40:08,370] {logging_mixin.py:109} INFO - [2022-03-03 15:40:08,370] {dag.py:2935} INFO - Setting next_dagrun for example_dag_decorator to None
[2022-03-03 15:40:08,382] {processor.py:171} INFO - Processing /home/airflow/.local/lib/python3.7/site-packages/airflow/example_dags/example_dag_decorator.py took 0.271 seconds
[2022-03-03 15:40:39,225] {processor.py:163} INFO - Started process (PID=2502) to work on /home/airflow/.local/lib/python3.7/site-packages/airflow/example_dags/example_dag_decorator.py
[2022-03-03 15:40:39,227] {processor.py:642} INFO - Processing file /home/airflow/.local/lib/python3.7/site-packages/airflow/example_dags/example_dag_decorator.py for tasks to queue
[2022-03-03 15:40:39,228] {logging_mixin.py:109} INFO - [2022-03-03 15:40:39,228] {dagbag.py:500} INFO - Filling up the DagBag from /home/airflow/.local/lib/python3.7/site-packages/airflow/example_dags/example_dag_decorator.py
[2022-03-03 15:40:39,265] {processor.py:654} INFO - DAG(s) dict_keys(['example_dag_decorator']) retrieved from /home/airflow/.local/lib/python3.7/site-packages/airflow/example_dags/example_dag_decorator.py
[2022-03-03 15:40:39,507] {logging_mixin.py:109} INFO - [2022-03-03 15:40:39,507] {dag.py:2396} INFO - Sync 1 DAGs
[2022-03-03 15:40:39,523] {logging_mixin.py:109} INFO - [2022-03-03 15:40:39,522] {dag.py:2935} INFO - Setting next_dagrun for example_dag_decorator to None
[2022-03-03 15:40:39,533] {processor.py:171} INFO - Processing /home/airflow/.local/lib/python3.7/site-packages/airflow/example_dags/example_dag_decorator.py took 0.311 seconds
[2022-03-03 15:41:10,213] {processor.py:163} INFO - Started process (PID=2570) to work on /home/airflow/.local/lib/python3.7/site-packages/airflow/example_dags/example_dag_decorator.py
[2022-03-03 15:41:10,216] {processor.py:642} INFO - Processing file /home/airflow/.local/lib/python3.7/site-packages/airflow/example_dags/example_dag_decorator.py for tasks to queue
[2022-03-03 15:41:10,218] {logging_mixin.py:109} INFO - [2022-03-03 15:41:10,217] {dagbag.py:500} INFO - Filling up the DagBag from /home/airflow/.local/lib/python3.7/site-packages/airflow/example_dags/example_dag_decorator.py
[2022-03-03 15:41:10,308] {processor.py:654} INFO - DAG(s) dict_keys(['example_dag_decorator']) retrieved from /home/airflow/.local/lib/python3.7/site-packages/airflow/example_dags/example_dag_decorator.py
[2022-03-03 15:41:11,037] {logging_mixin.py:109} INFO - [2022-03-03 15:41:11,037] {dag.py:2396} INFO - Sync 1 DAGs
[2022-03-03 15:41:11,079] {logging_mixin.py:109} INFO - [2022-03-03 15:41:11,079] {dag.py:2935} INFO - Setting next_dagrun for example_dag_decorator to None
[2022-03-03 15:41:11,104] {processor.py:171} INFO - Processing /home/airflow/.local/lib/python3.7/site-packages/airflow/example_dags/example_dag_decorator.py took 0.894 seconds
[2022-03-03 15:41:41,379] {processor.py:163} INFO - Started process (PID=2627) to work on /home/airflow/.local/lib/python3.7/site-packages/airflow/example_dags/example_dag_decorator.py
[2022-03-03 15:41:41,382] {processor.py:642} INFO - Processing file /home/airflow/.local/lib/python3.7/site-packages/airflow/example_dags/example_dag_decorator.py for tasks to queue
[2022-03-03 15:41:41,383] {logging_mixin.py:109} INFO - [2022-03-03 15:41:41,383] {dagbag.py:500} INFO - Filling up the DagBag from /home/airflow/.local/lib/python3.7/site-packages/airflow/example_dags/example_dag_decorator.py
[2022-03-03 15:41:41,440] {processor.py:654} INFO - DAG(s) dict_keys(['example_dag_decorator']) retrieved from /home/airflow/.local/lib/python3.7/site-packages/airflow/example_dags/example_dag_decorator.py
[2022-03-03 15:41:41,643] {logging_mixin.py:109} INFO - [2022-03-03 15:41:41,643] {dag.py:2396} INFO - Sync 1 DAGs
[2022-03-03 15:41:41,663] {logging_mixin.py:109} INFO - [2022-03-03 15:41:41,663] {dag.py:2935} INFO - Setting next_dagrun for example_dag_decorator to None
[2022-03-03 15:41:41,675] {processor.py:171} INFO - Processing /home/airflow/.local/lib/python3.7/site-packages/airflow/example_dags/example_dag_decorator.py took 0.300 seconds
[2022-03-03 15:42:12,136] {processor.py:163} INFO - Started process (PID=2681) to work on /home/airflow/.local/lib/python3.7/site-packages/airflow/example_dags/example_dag_decorator.py
[2022-03-03 15:42:12,139] {processor.py:642} INFO - Processing file /home/airflow/.local/lib/python3.7/site-packages/airflow/example_dags/example_dag_decorator.py for tasks to queue
[2022-03-03 15:42:12,141] {logging_mixin.py:109} INFO - [2022-03-03 15:42:12,140] {dagbag.py:500} INFO - Filling up the DagBag from /home/airflow/.local/lib/python3.7/site-packages/airflow/example_dags/example_dag_decorator.py
[2022-03-03 15:42:12,177] {processor.py:654} INFO - DAG(s) dict_keys(['example_dag_decorator']) retrieved from /home/airflow/.local/lib/python3.7/site-packages/airflow/example_dags/example_dag_decorator.py
[2022-03-03 15:42:12,368] {logging_mixin.py:109} INFO - [2022-03-03 15:42:12,368] {dag.py:2396} INFO - Sync 1 DAGs
[2022-03-03 15:42:12,381] {logging_mixin.py:109} INFO - [2022-03-03 15:42:12,380] {dag.py:2935} INFO - Setting next_dagrun for example_dag_decorator to None
[2022-03-03 15:42:12,390] {processor.py:171} INFO - Processing /home/airflow/.local/lib/python3.7/site-packages/airflow/example_dags/example_dag_decorator.py took 0.258 seconds
[2022-03-03 15:42:42,536] {processor.py:163} INFO - Started process (PID=2740) to work on /home/airflow/.local/lib/python3.7/site-packages/airflow/example_dags/example_dag_decorator.py
[2022-03-03 15:42:42,539] {processor.py:642} INFO - Processing file /home/airflow/.local/lib/python3.7/site-packages/airflow/example_dags/example_dag_decorator.py for tasks to queue
[2022-03-03 15:42:42,542] {logging_mixin.py:109} INFO - [2022-03-03 15:42:42,541] {dagbag.py:500} INFO - Filling up the DagBag from /home/airflow/.local/lib/python3.7/site-packages/airflow/example_dags/example_dag_decorator.py
[2022-03-03 15:42:42,585] {processor.py:654} INFO - DAG(s) dict_keys(['example_dag_decorator']) retrieved from /home/airflow/.local/lib/python3.7/site-packages/airflow/example_dags/example_dag_decorator.py
[2022-03-03 15:42:42,829] {logging_mixin.py:109} INFO - [2022-03-03 15:42:42,829] {dag.py:2396} INFO - Sync 1 DAGs
[2022-03-03 15:42:42,850] {logging_mixin.py:109} INFO - [2022-03-03 15:42:42,850] {dag.py:2935} INFO - Setting next_dagrun for example_dag_decorator to None
[2022-03-03 15:42:42,880] {processor.py:171} INFO - Processing /home/airflow/.local/lib/python3.7/site-packages/airflow/example_dags/example_dag_decorator.py took 0.353 seconds
[2022-03-03 15:43:12,982] {processor.py:163} INFO - Started process (PID=2800) to work on /home/airflow/.local/lib/python3.7/site-packages/airflow/example_dags/example_dag_decorator.py
[2022-03-03 15:43:12,984] {processor.py:642} INFO - Processing file /home/airflow/.local/lib/python3.7/site-packages/airflow/example_dags/example_dag_decorator.py for tasks to queue
[2022-03-03 15:43:12,990] {logging_mixin.py:109} INFO - [2022-03-03 15:43:12,990] {dagbag.py:500} INFO - Filling up the DagBag from /home/airflow/.local/lib/python3.7/site-packages/airflow/example_dags/example_dag_decorator.py
[2022-03-03 15:43:13,025] {processor.py:654} INFO - DAG(s) dict_keys(['example_dag_decorator']) retrieved from /home/airflow/.local/lib/python3.7/site-packages/airflow/example_dags/example_dag_decorator.py
[2022-03-03 15:43:13,223] {logging_mixin.py:109} INFO - [2022-03-03 15:43:13,222] {dag.py:2396} INFO - Sync 1 DAGs
[2022-03-03 15:43:13,236] {logging_mixin.py:109} INFO - [2022-03-03 15:43:13,236] {dag.py:2935} INFO - Setting next_dagrun for example_dag_decorator to None
[2022-03-03 15:43:13,248] {processor.py:171} INFO - Processing /home/airflow/.local/lib/python3.7/site-packages/airflow/example_dags/example_dag_decorator.py took 0.269 seconds
[2022-03-03 15:43:43,967] {processor.py:163} INFO - Started process (PID=2865) to work on /home/airflow/.local/lib/python3.7/site-packages/airflow/example_dags/example_dag_decorator.py
[2022-03-03 15:43:43,972] {processor.py:642} INFO - Processing file /home/airflow/.local/lib/python3.7/site-packages/airflow/example_dags/example_dag_decorator.py for tasks to queue
[2022-03-03 15:43:43,975] {logging_mixin.py:109} INFO - [2022-03-03 15:43:43,975] {dagbag.py:500} INFO - Filling up the DagBag from /home/airflow/.local/lib/python3.7/site-packages/airflow/example_dags/example_dag_decorator.py
[2022-03-03 15:43:44,052] {processor.py:654} INFO - DAG(s) dict_keys(['example_dag_decorator']) retrieved from /home/airflow/.local/lib/python3.7/site-packages/airflow/example_dags/example_dag_decorator.py
[2022-03-03 15:43:44,403] {logging_mixin.py:109} INFO - [2022-03-03 15:43:44,402] {dag.py:2396} INFO - Sync 1 DAGs
[2022-03-03 15:43:44,420] {logging_mixin.py:109} INFO - [2022-03-03 15:43:44,420] {dag.py:2935} INFO - Setting next_dagrun for example_dag_decorator to None
[2022-03-03 15:43:44,442] {processor.py:171} INFO - Processing /home/airflow/.local/lib/python3.7/site-packages/airflow/example_dags/example_dag_decorator.py took 0.488 seconds
[2022-03-03 15:44:15,369] {processor.py:163} INFO - Started process (PID=2924) to work on /home/airflow/.local/lib/python3.7/site-packages/airflow/example_dags/example_dag_decorator.py
[2022-03-03 15:44:15,379] {processor.py:642} INFO - Processing file /home/airflow/.local/lib/python3.7/site-packages/airflow/example_dags/example_dag_decorator.py for tasks to queue
[2022-03-03 15:44:15,384] {logging_mixin.py:109} INFO - [2022-03-03 15:44:15,384] {dagbag.py:500} INFO - Filling up the DagBag from /home/airflow/.local/lib/python3.7/site-packages/airflow/example_dags/example_dag_decorator.py
[2022-03-03 15:44:15,527] {processor.py:654} INFO - DAG(s) dict_keys(['example_dag_decorator']) retrieved from /home/airflow/.local/lib/python3.7/site-packages/airflow/example_dags/example_dag_decorator.py
[2022-03-03 15:44:16,727] {logging_mixin.py:109} INFO - [2022-03-03 15:44:16,726] {dag.py:2396} INFO - Sync 1 DAGs
[2022-03-03 15:44:16,748] {logging_mixin.py:109} INFO - [2022-03-03 15:44:16,748] {dag.py:2935} INFO - Setting next_dagrun for example_dag_decorator to None
[2022-03-03 15:44:16,786] {processor.py:171} INFO - Processing /home/airflow/.local/lib/python3.7/site-packages/airflow/example_dags/example_dag_decorator.py took 1.428 seconds
[2022-03-03 15:44:46,882] {processor.py:163} INFO - Started process (PID=2982) to work on /home/airflow/.local/lib/python3.7/site-packages/airflow/example_dags/example_dag_decorator.py
[2022-03-03 15:44:46,891] {processor.py:642} INFO - Processing file /home/airflow/.local/lib/python3.7/site-packages/airflow/example_dags/example_dag_decorator.py for tasks to queue
[2022-03-03 15:44:46,905] {logging_mixin.py:109} INFO - [2022-03-03 15:44:46,904] {dagbag.py:500} INFO - Filling up the DagBag from /home/airflow/.local/lib/python3.7/site-packages/airflow/example_dags/example_dag_decorator.py
[2022-03-03 15:44:47,009] {processor.py:654} INFO - DAG(s) dict_keys(['example_dag_decorator']) retrieved from /home/airflow/.local/lib/python3.7/site-packages/airflow/example_dags/example_dag_decorator.py
[2022-03-03 15:44:47,314] {logging_mixin.py:109} INFO - [2022-03-03 15:44:47,314] {dag.py:2396} INFO - Sync 1 DAGs
[2022-03-03 15:44:47,330] {logging_mixin.py:109} INFO - [2022-03-03 15:44:47,330] {dag.py:2935} INFO - Setting next_dagrun for example_dag_decorator to None
[2022-03-03 15:44:47,342] {processor.py:171} INFO - Processing /home/airflow/.local/lib/python3.7/site-packages/airflow/example_dags/example_dag_decorator.py took 0.464 seconds
[2022-03-03 15:45:18,223] {processor.py:163} INFO - Started process (PID=3036) to work on /home/airflow/.local/lib/python3.7/site-packages/airflow/example_dags/example_dag_decorator.py
[2022-03-03 15:45:18,227] {processor.py:642} INFO - Processing file /home/airflow/.local/lib/python3.7/site-packages/airflow/example_dags/example_dag_decorator.py for tasks to queue
[2022-03-03 15:45:18,229] {logging_mixin.py:109} INFO - [2022-03-03 15:45:18,229] {dagbag.py:500} INFO - Filling up the DagBag from /home/airflow/.local/lib/python3.7/site-packages/airflow/example_dags/example_dag_decorator.py
[2022-03-03 15:45:18,278] {processor.py:654} INFO - DAG(s) dict_keys(['example_dag_decorator']) retrieved from /home/airflow/.local/lib/python3.7/site-packages/airflow/example_dags/example_dag_decorator.py
[2022-03-03 15:45:18,470] {logging_mixin.py:109} INFO - [2022-03-03 15:45:18,470] {dag.py:2396} INFO - Sync 1 DAGs
[2022-03-03 15:45:18,489] {logging_mixin.py:109} INFO - [2022-03-03 15:45:18,489] {dag.py:2935} INFO - Setting next_dagrun for example_dag_decorator to None
[2022-03-03 15:45:18,511] {processor.py:171} INFO - Processing /home/airflow/.local/lib/python3.7/site-packages/airflow/example_dags/example_dag_decorator.py took 0.298 seconds
[2022-03-03 15:45:49,058] {processor.py:163} INFO - Started process (PID=3096) to work on /home/airflow/.local/lib/python3.7/site-packages/airflow/example_dags/example_dag_decorator.py
[2022-03-03 15:45:49,060] {processor.py:642} INFO - Processing file /home/airflow/.local/lib/python3.7/site-packages/airflow/example_dags/example_dag_decorator.py for tasks to queue
[2022-03-03 15:45:49,061] {logging_mixin.py:109} INFO - [2022-03-03 15:45:49,060] {dagbag.py:500} INFO - Filling up the DagBag from /home/airflow/.local/lib/python3.7/site-packages/airflow/example_dags/example_dag_decorator.py
[2022-03-03 15:45:49,097] {processor.py:654} INFO - DAG(s) dict_keys(['example_dag_decorator']) retrieved from /home/airflow/.local/lib/python3.7/site-packages/airflow/example_dags/example_dag_decorator.py
[2022-03-03 15:45:49,290] {logging_mixin.py:109} INFO - [2022-03-03 15:45:49,289] {dag.py:2396} INFO - Sync 1 DAGs
[2022-03-03 15:45:49,306] {logging_mixin.py:109} INFO - [2022-03-03 15:45:49,306] {dag.py:2935} INFO - Setting next_dagrun for example_dag_decorator to None
[2022-03-03 15:45:49,318] {processor.py:171} INFO - Processing /home/airflow/.local/lib/python3.7/site-packages/airflow/example_dags/example_dag_decorator.py took 0.265 seconds
[2022-03-03 15:46:19,430] {processor.py:163} INFO - Started process (PID=3168) to work on /home/airflow/.local/lib/python3.7/site-packages/airflow/example_dags/example_dag_decorator.py
[2022-03-03 15:46:19,435] {processor.py:642} INFO - Processing file /home/airflow/.local/lib/python3.7/site-packages/airflow/example_dags/example_dag_decorator.py for tasks to queue
[2022-03-03 15:46:19,437] {logging_mixin.py:109} INFO - [2022-03-03 15:46:19,437] {dagbag.py:500} INFO - Filling up the DagBag from /home/airflow/.local/lib/python3.7/site-packages/airflow/example_dags/example_dag_decorator.py
[2022-03-03 15:46:19,508] {processor.py:654} INFO - DAG(s) dict_keys(['example_dag_decorator']) retrieved from /home/airflow/.local/lib/python3.7/site-packages/airflow/example_dags/example_dag_decorator.py
[2022-03-03 15:46:20,098] {logging_mixin.py:109} INFO - [2022-03-03 15:46:20,097] {dag.py:2396} INFO - Sync 1 DAGs
[2022-03-03 15:46:20,146] {logging_mixin.py:109} INFO - [2022-03-03 15:46:20,146] {dag.py:2935} INFO - Setting next_dagrun for example_dag_decorator to None
[2022-03-03 15:46:20,166] {processor.py:171} INFO - Processing /home/airflow/.local/lib/python3.7/site-packages/airflow/example_dags/example_dag_decorator.py took 0.768 seconds
[2022-03-03 15:46:50,873] {processor.py:163} INFO - Started process (PID=3226) to work on /home/airflow/.local/lib/python3.7/site-packages/airflow/example_dags/example_dag_decorator.py
[2022-03-03 15:46:50,877] {processor.py:642} INFO - Processing file /home/airflow/.local/lib/python3.7/site-packages/airflow/example_dags/example_dag_decorator.py for tasks to queue
[2022-03-03 15:46:50,878] {logging_mixin.py:109} INFO - [2022-03-03 15:46:50,878] {dagbag.py:500} INFO - Filling up the DagBag from /home/airflow/.local/lib/python3.7/site-packages/airflow/example_dags/example_dag_decorator.py
[2022-03-03 15:46:50,957] {processor.py:654} INFO - DAG(s) dict_keys(['example_dag_decorator']) retrieved from /home/airflow/.local/lib/python3.7/site-packages/airflow/example_dags/example_dag_decorator.py
[2022-03-03 15:46:51,341] {logging_mixin.py:109} INFO - [2022-03-03 15:46:51,341] {dag.py:2396} INFO - Sync 1 DAGs
[2022-03-03 15:46:51,367] {logging_mixin.py:109} INFO - [2022-03-03 15:46:51,367] {dag.py:2935} INFO - Setting next_dagrun for example_dag_decorator to None
[2022-03-03 15:46:51,391] {processor.py:171} INFO - Processing /home/airflow/.local/lib/python3.7/site-packages/airflow/example_dags/example_dag_decorator.py took 0.526 seconds
[2022-03-03 15:47:22,342] {processor.py:163} INFO - Started process (PID=3293) to work on /home/airflow/.local/lib/python3.7/site-packages/airflow/example_dags/example_dag_decorator.py
[2022-03-03 15:47:22,344] {processor.py:642} INFO - Processing file /home/airflow/.local/lib/python3.7/site-packages/airflow/example_dags/example_dag_decorator.py for tasks to queue
[2022-03-03 15:47:22,353] {logging_mixin.py:109} INFO - [2022-03-03 15:47:22,346] {dagbag.py:500} INFO - Filling up the DagBag from /home/airflow/.local/lib/python3.7/site-packages/airflow/example_dags/example_dag_decorator.py
[2022-03-03 15:47:22,412] {processor.py:654} INFO - DAG(s) dict_keys(['example_dag_decorator']) retrieved from /home/airflow/.local/lib/python3.7/site-packages/airflow/example_dags/example_dag_decorator.py
[2022-03-03 15:47:22,773] {logging_mixin.py:109} INFO - [2022-03-03 15:47:22,773] {dag.py:2396} INFO - Sync 1 DAGs
[2022-03-03 15:47:22,805] {logging_mixin.py:109} INFO - [2022-03-03 15:47:22,805] {dag.py:2935} INFO - Setting next_dagrun for example_dag_decorator to None
[2022-03-03 15:47:22,829] {processor.py:171} INFO - Processing /home/airflow/.local/lib/python3.7/site-packages/airflow/example_dags/example_dag_decorator.py took 0.490 seconds
[2022-03-03 15:47:52,898] {processor.py:163} INFO - Started process (PID=3348) to work on /home/airflow/.local/lib/python3.7/site-packages/airflow/example_dags/example_dag_decorator.py
[2022-03-03 15:47:52,899] {processor.py:642} INFO - Processing file /home/airflow/.local/lib/python3.7/site-packages/airflow/example_dags/example_dag_decorator.py for tasks to queue
[2022-03-03 15:47:52,901] {logging_mixin.py:109} INFO - [2022-03-03 15:47:52,901] {dagbag.py:500} INFO - Filling up the DagBag from /home/airflow/.local/lib/python3.7/site-packages/airflow/example_dags/example_dag_decorator.py
[2022-03-03 15:47:52,941] {processor.py:654} INFO - DAG(s) dict_keys(['example_dag_decorator']) retrieved from /home/airflow/.local/lib/python3.7/site-packages/airflow/example_dags/example_dag_decorator.py
[2022-03-03 15:47:53,153] {logging_mixin.py:109} INFO - [2022-03-03 15:47:53,153] {dag.py:2396} INFO - Sync 1 DAGs
[2022-03-03 15:47:53,175] {logging_mixin.py:109} INFO - [2022-03-03 15:47:53,175] {dag.py:2935} INFO - Setting next_dagrun for example_dag_decorator to None
[2022-03-03 15:47:53,190] {processor.py:171} INFO - Processing /home/airflow/.local/lib/python3.7/site-packages/airflow/example_dags/example_dag_decorator.py took 0.300 seconds
[2022-03-03 15:48:23,571] {processor.py:163} INFO - Started process (PID=3404) to work on /home/airflow/.local/lib/python3.7/site-packages/airflow/example_dags/example_dag_decorator.py
[2022-03-03 15:48:23,580] {processor.py:642} INFO - Processing file /home/airflow/.local/lib/python3.7/site-packages/airflow/example_dags/example_dag_decorator.py for tasks to queue
[2022-03-03 15:48:23,581] {logging_mixin.py:109} INFO - [2022-03-03 15:48:23,581] {dagbag.py:500} INFO - Filling up the DagBag from /home/airflow/.local/lib/python3.7/site-packages/airflow/example_dags/example_dag_decorator.py
[2022-03-03 15:48:23,700] {processor.py:654} INFO - DAG(s) dict_keys(['example_dag_decorator']) retrieved from /home/airflow/.local/lib/python3.7/site-packages/airflow/example_dags/example_dag_decorator.py
[2022-03-03 15:48:24,599] {logging_mixin.py:109} INFO - [2022-03-03 15:48:24,599] {dag.py:2396} INFO - Sync 1 DAGs
[2022-03-03 15:48:24,619] {logging_mixin.py:109} INFO - [2022-03-03 15:48:24,619] {dag.py:2935} INFO - Setting next_dagrun for example_dag_decorator to None
[2022-03-03 15:48:24,630] {processor.py:171} INFO - Processing /home/airflow/.local/lib/python3.7/site-packages/airflow/example_dags/example_dag_decorator.py took 1.062 seconds
[2022-03-03 15:48:54,843] {processor.py:163} INFO - Started process (PID=3468) to work on /home/airflow/.local/lib/python3.7/site-packages/airflow/example_dags/example_dag_decorator.py
[2022-03-03 15:48:54,847] {processor.py:642} INFO - Processing file /home/airflow/.local/lib/python3.7/site-packages/airflow/example_dags/example_dag_decorator.py for tasks to queue
[2022-03-03 15:48:54,849] {logging_mixin.py:109} INFO - [2022-03-03 15:48:54,849] {dagbag.py:500} INFO - Filling up the DagBag from /home/airflow/.local/lib/python3.7/site-packages/airflow/example_dags/example_dag_decorator.py
[2022-03-03 15:48:54,954] {processor.py:654} INFO - DAG(s) dict_keys(['example_dag_decorator']) retrieved from /home/airflow/.local/lib/python3.7/site-packages/airflow/example_dags/example_dag_decorator.py
[2022-03-03 15:48:55,363] {logging_mixin.py:109} INFO - [2022-03-03 15:48:55,363] {dag.py:2396} INFO - Sync 1 DAGs
[2022-03-03 15:48:55,390] {logging_mixin.py:109} INFO - [2022-03-03 15:48:55,390] {dag.py:2935} INFO - Setting next_dagrun for example_dag_decorator to None
[2022-03-03 15:48:55,406] {processor.py:171} INFO - Processing /home/airflow/.local/lib/python3.7/site-packages/airflow/example_dags/example_dag_decorator.py took 0.566 seconds
[2022-03-03 15:49:26,175] {processor.py:163} INFO - Started process (PID=3523) to work on /home/airflow/.local/lib/python3.7/site-packages/airflow/example_dags/example_dag_decorator.py
[2022-03-03 15:49:26,178] {processor.py:642} INFO - Processing file /home/airflow/.local/lib/python3.7/site-packages/airflow/example_dags/example_dag_decorator.py for tasks to queue
[2022-03-03 15:49:26,188] {logging_mixin.py:109} INFO - [2022-03-03 15:49:26,187] {dagbag.py:500} INFO - Filling up the DagBag from /home/airflow/.local/lib/python3.7/site-packages/airflow/example_dags/example_dag_decorator.py
[2022-03-03 15:49:26,287] {processor.py:654} INFO - DAG(s) dict_keys(['example_dag_decorator']) retrieved from /home/airflow/.local/lib/python3.7/site-packages/airflow/example_dags/example_dag_decorator.py
[2022-03-03 15:49:26,901] {logging_mixin.py:109} INFO - [2022-03-03 15:49:26,900] {dag.py:2396} INFO - Sync 1 DAGs
[2022-03-03 15:49:26,922] {logging_mixin.py:109} INFO - [2022-03-03 15:49:26,922] {dag.py:2935} INFO - Setting next_dagrun for example_dag_decorator to None
[2022-03-03 15:49:26,934] {processor.py:171} INFO - Processing /home/airflow/.local/lib/python3.7/site-packages/airflow/example_dags/example_dag_decorator.py took 0.772 seconds
[2022-03-03 15:49:57,658] {processor.py:163} INFO - Started process (PID=3580) to work on /home/airflow/.local/lib/python3.7/site-packages/airflow/example_dags/example_dag_decorator.py
[2022-03-03 15:49:57,661] {processor.py:642} INFO - Processing file /home/airflow/.local/lib/python3.7/site-packages/airflow/example_dags/example_dag_decorator.py for tasks to queue
[2022-03-03 15:49:57,663] {logging_mixin.py:109} INFO - [2022-03-03 15:49:57,663] {dagbag.py:500} INFO - Filling up the DagBag from /home/airflow/.local/lib/python3.7/site-packages/airflow/example_dags/example_dag_decorator.py
[2022-03-03 15:49:57,748] {processor.py:654} INFO - DAG(s) dict_keys(['example_dag_decorator']) retrieved from /home/airflow/.local/lib/python3.7/site-packages/airflow/example_dags/example_dag_decorator.py
[2022-03-03 15:49:58,173] {logging_mixin.py:109} INFO - [2022-03-03 15:49:58,173] {dag.py:2396} INFO - Sync 1 DAGs
[2022-03-03 15:49:58,203] {logging_mixin.py:109} INFO - [2022-03-03 15:49:58,203] {dag.py:2935} INFO - Setting next_dagrun for example_dag_decorator to None
[2022-03-03 15:49:58,224] {processor.py:171} INFO - Processing /home/airflow/.local/lib/python3.7/site-packages/airflow/example_dags/example_dag_decorator.py took 0.575 seconds
[2022-03-03 15:50:29,050] {processor.py:163} INFO - Started process (PID=3651) to work on /home/airflow/.local/lib/python3.7/site-packages/airflow/example_dags/example_dag_decorator.py
[2022-03-03 15:50:29,051] {processor.py:642} INFO - Processing file /home/airflow/.local/lib/python3.7/site-packages/airflow/example_dags/example_dag_decorator.py for tasks to queue
[2022-03-03 15:50:29,053] {logging_mixin.py:109} INFO - [2022-03-03 15:50:29,053] {dagbag.py:500} INFO - Filling up the DagBag from /home/airflow/.local/lib/python3.7/site-packages/airflow/example_dags/example_dag_decorator.py
[2022-03-03 15:50:29,089] {processor.py:654} INFO - DAG(s) dict_keys(['example_dag_decorator']) retrieved from /home/airflow/.local/lib/python3.7/site-packages/airflow/example_dags/example_dag_decorator.py
[2022-03-03 15:50:29,297] {logging_mixin.py:109} INFO - [2022-03-03 15:50:29,296] {dag.py:2396} INFO - Sync 1 DAGs
[2022-03-03 15:50:29,311] {logging_mixin.py:109} INFO - [2022-03-03 15:50:29,311] {dag.py:2935} INFO - Setting next_dagrun for example_dag_decorator to None
[2022-03-03 15:50:29,322] {processor.py:171} INFO - Processing /home/airflow/.local/lib/python3.7/site-packages/airflow/example_dags/example_dag_decorator.py took 0.276 seconds
[2022-03-03 15:50:59,531] {processor.py:163} INFO - Started process (PID=3708) to work on /home/airflow/.local/lib/python3.7/site-packages/airflow/example_dags/example_dag_decorator.py
[2022-03-03 15:50:59,534] {processor.py:642} INFO - Processing file /home/airflow/.local/lib/python3.7/site-packages/airflow/example_dags/example_dag_decorator.py for tasks to queue
[2022-03-03 15:50:59,536] {logging_mixin.py:109} INFO - [2022-03-03 15:50:59,536] {dagbag.py:500} INFO - Filling up the DagBag from /home/airflow/.local/lib/python3.7/site-packages/airflow/example_dags/example_dag_decorator.py
[2022-03-03 15:50:59,580] {processor.py:654} INFO - DAG(s) dict_keys(['example_dag_decorator']) retrieved from /home/airflow/.local/lib/python3.7/site-packages/airflow/example_dags/example_dag_decorator.py
[2022-03-03 15:50:59,840] {logging_mixin.py:109} INFO - [2022-03-03 15:50:59,840] {dag.py:2396} INFO - Sync 1 DAGs
[2022-03-03 15:50:59,859] {logging_mixin.py:109} INFO - [2022-03-03 15:50:59,859] {dag.py:2935} INFO - Setting next_dagrun for example_dag_decorator to None
[2022-03-03 15:50:59,875] {processor.py:171} INFO - Processing /home/airflow/.local/lib/python3.7/site-packages/airflow/example_dags/example_dag_decorator.py took 0.354 seconds
