[2022-03-03 15:18:48,442] {processor.py:163} INFO - Started process (PID=88) to work on /home/airflow/.local/lib/python3.7/site-packages/airflow/example_dags/example_short_circuit_operator.py
[2022-03-03 15:18:48,449] {processor.py:642} INFO - Processing file /home/airflow/.local/lib/python3.7/site-packages/airflow/example_dags/example_short_circuit_operator.py for tasks to queue
[2022-03-03 15:18:48,461] {logging_mixin.py:109} INFO - [2022-03-03 15:18:48,461] {dagbag.py:500} INFO - Filling up the DagBag from /home/airflow/.local/lib/python3.7/site-packages/airflow/example_dags/example_short_circuit_operator.py
[2022-03-03 15:18:48,634] {processor.py:654} INFO - DAG(s) dict_keys(['example_short_circuit_operator']) retrieved from /home/airflow/.local/lib/python3.7/site-packages/airflow/example_dags/example_short_circuit_operator.py
[2022-03-03 15:18:48,720] {logging_mixin.py:109} INFO - [2022-03-03 15:18:48,720] {dag.py:2396} INFO - Sync 1 DAGs
[2022-03-03 15:18:48,867] {logging_mixin.py:109} INFO - [2022-03-03 15:18:48,867] {dag.py:2935} INFO - Setting next_dagrun for example_short_circuit_operator to 2022-03-02T15:18:48.860846+00:00
[2022-03-03 15:18:48,953] {processor.py:171} INFO - Processing /home/airflow/.local/lib/python3.7/site-packages/airflow/example_dags/example_short_circuit_operator.py took 0.528 seconds
[2022-03-03 15:19:19,058] {processor.py:163} INFO - Started process (PID=142) to work on /home/airflow/.local/lib/python3.7/site-packages/airflow/example_dags/example_short_circuit_operator.py
[2022-03-03 15:19:19,064] {processor.py:642} INFO - Processing file /home/airflow/.local/lib/python3.7/site-packages/airflow/example_dags/example_short_circuit_operator.py for tasks to queue
[2022-03-03 15:19:19,069] {logging_mixin.py:109} INFO - [2022-03-03 15:19:19,069] {dagbag.py:500} INFO - Filling up the DagBag from /home/airflow/.local/lib/python3.7/site-packages/airflow/example_dags/example_short_circuit_operator.py
[2022-03-03 15:19:19,178] {processor.py:654} INFO - DAG(s) dict_keys(['example_short_circuit_operator']) retrieved from /home/airflow/.local/lib/python3.7/site-packages/airflow/example_dags/example_short_circuit_operator.py
[2022-03-03 15:19:19,266] {logging_mixin.py:109} INFO - [2022-03-03 15:19:19,266] {dag.py:2396} INFO - Sync 1 DAGs
[2022-03-03 15:19:19,388] {logging_mixin.py:109} INFO - [2022-03-03 15:19:19,388] {dag.py:2935} INFO - Setting next_dagrun for example_short_circuit_operator to 2022-03-02T15:19:19.377797+00:00
[2022-03-03 15:19:19,452] {processor.py:171} INFO - Processing /home/airflow/.local/lib/python3.7/site-packages/airflow/example_dags/example_short_circuit_operator.py took 0.406 seconds
[2022-03-03 15:19:49,854] {processor.py:163} INFO - Started process (PID=195) to work on /home/airflow/.local/lib/python3.7/site-packages/airflow/example_dags/example_short_circuit_operator.py
[2022-03-03 15:19:49,856] {processor.py:642} INFO - Processing file /home/airflow/.local/lib/python3.7/site-packages/airflow/example_dags/example_short_circuit_operator.py for tasks to queue
[2022-03-03 15:19:49,858] {logging_mixin.py:109} INFO - [2022-03-03 15:19:49,858] {dagbag.py:500} INFO - Filling up the DagBag from /home/airflow/.local/lib/python3.7/site-packages/airflow/example_dags/example_short_circuit_operator.py
[2022-03-03 15:19:49,888] {processor.py:654} INFO - DAG(s) dict_keys(['example_short_circuit_operator']) retrieved from /home/airflow/.local/lib/python3.7/site-packages/airflow/example_dags/example_short_circuit_operator.py
[2022-03-03 15:19:49,903] {logging_mixin.py:109} INFO - [2022-03-03 15:19:49,903] {dag.py:2396} INFO - Sync 1 DAGs
[2022-03-03 15:19:49,924] {logging_mixin.py:109} INFO - [2022-03-03 15:19:49,924] {dag.py:2935} INFO - Setting next_dagrun for example_short_circuit_operator to 2022-03-02T15:19:49.923720+00:00
[2022-03-03 15:19:49,939] {processor.py:171} INFO - Processing /home/airflow/.local/lib/python3.7/site-packages/airflow/example_dags/example_short_circuit_operator.py took 0.088 seconds
[2022-03-03 15:20:20,046] {processor.py:163} INFO - Started process (PID=249) to work on /home/airflow/.local/lib/python3.7/site-packages/airflow/example_dags/example_short_circuit_operator.py
[2022-03-03 15:20:20,048] {processor.py:642} INFO - Processing file /home/airflow/.local/lib/python3.7/site-packages/airflow/example_dags/example_short_circuit_operator.py for tasks to queue
[2022-03-03 15:20:20,049] {logging_mixin.py:109} INFO - [2022-03-03 15:20:20,049] {dagbag.py:500} INFO - Filling up the DagBag from /home/airflow/.local/lib/python3.7/site-packages/airflow/example_dags/example_short_circuit_operator.py
[2022-03-03 15:20:20,102] {processor.py:654} INFO - DAG(s) dict_keys(['example_short_circuit_operator']) retrieved from /home/airflow/.local/lib/python3.7/site-packages/airflow/example_dags/example_short_circuit_operator.py
[2022-03-03 15:20:20,126] {logging_mixin.py:109} INFO - [2022-03-03 15:20:20,126] {dag.py:2396} INFO - Sync 1 DAGs
[2022-03-03 15:20:20,220] {logging_mixin.py:109} INFO - [2022-03-03 15:20:20,220] {dag.py:2935} INFO - Setting next_dagrun for example_short_circuit_operator to 2022-03-02T15:20:20.219765+00:00
[2022-03-03 15:20:20,243] {processor.py:171} INFO - Processing /home/airflow/.local/lib/python3.7/site-packages/airflow/example_dags/example_short_circuit_operator.py took 0.200 seconds
[2022-03-03 15:20:51,016] {processor.py:163} INFO - Started process (PID=310) to work on /home/airflow/.local/lib/python3.7/site-packages/airflow/example_dags/example_short_circuit_operator.py
[2022-03-03 15:20:51,018] {processor.py:642} INFO - Processing file /home/airflow/.local/lib/python3.7/site-packages/airflow/example_dags/example_short_circuit_operator.py for tasks to queue
[2022-03-03 15:20:51,019] {logging_mixin.py:109} INFO - [2022-03-03 15:20:51,019] {dagbag.py:500} INFO - Filling up the DagBag from /home/airflow/.local/lib/python3.7/site-packages/airflow/example_dags/example_short_circuit_operator.py
[2022-03-03 15:20:51,092] {processor.py:654} INFO - DAG(s) dict_keys(['example_short_circuit_operator']) retrieved from /home/airflow/.local/lib/python3.7/site-packages/airflow/example_dags/example_short_circuit_operator.py
[2022-03-03 15:20:51,109] {logging_mixin.py:109} INFO - [2022-03-03 15:20:51,109] {dag.py:2396} INFO - Sync 1 DAGs
[2022-03-03 15:20:51,132] {logging_mixin.py:109} INFO - [2022-03-03 15:20:51,132] {dag.py:2935} INFO - Setting next_dagrun for example_short_circuit_operator to 2022-03-02T15:20:51.132328+00:00
[2022-03-03 15:20:51,156] {processor.py:171} INFO - Processing /home/airflow/.local/lib/python3.7/site-packages/airflow/example_dags/example_short_circuit_operator.py took 0.159 seconds
[2022-03-03 15:21:24,720] {processor.py:163} INFO - Started process (PID=367) to work on /home/airflow/.local/lib/python3.7/site-packages/airflow/example_dags/example_short_circuit_operator.py
[2022-03-03 15:21:24,723] {processor.py:642} INFO - Processing file /home/airflow/.local/lib/python3.7/site-packages/airflow/example_dags/example_short_circuit_operator.py for tasks to queue
[2022-03-03 15:21:24,729] {logging_mixin.py:109} INFO - [2022-03-03 15:21:24,725] {dagbag.py:500} INFO - Filling up the DagBag from /home/airflow/.local/lib/python3.7/site-packages/airflow/example_dags/example_short_circuit_operator.py
[2022-03-03 15:21:24,815] {processor.py:654} INFO - DAG(s) dict_keys(['example_short_circuit_operator']) retrieved from /home/airflow/.local/lib/python3.7/site-packages/airflow/example_dags/example_short_circuit_operator.py
[2022-03-03 15:21:24,859] {logging_mixin.py:109} INFO - [2022-03-03 15:21:24,859] {dag.py:2396} INFO - Sync 1 DAGs
[2022-03-03 15:21:24,916] {logging_mixin.py:109} INFO - [2022-03-03 15:21:24,915] {dag.py:2935} INFO - Setting next_dagrun for example_short_circuit_operator to 2022-03-02T15:21:24.915382+00:00
[2022-03-03 15:21:24,935] {processor.py:171} INFO - Processing /home/airflow/.local/lib/python3.7/site-packages/airflow/example_dags/example_short_circuit_operator.py took 0.224 seconds
[2022-03-03 15:21:56,081] {processor.py:163} INFO - Started process (PID=423) to work on /home/airflow/.local/lib/python3.7/site-packages/airflow/example_dags/example_short_circuit_operator.py
[2022-03-03 15:21:56,084] {processor.py:642} INFO - Processing file /home/airflow/.local/lib/python3.7/site-packages/airflow/example_dags/example_short_circuit_operator.py for tasks to queue
[2022-03-03 15:21:56,085] {logging_mixin.py:109} INFO - [2022-03-03 15:21:56,085] {dagbag.py:500} INFO - Filling up the DagBag from /home/airflow/.local/lib/python3.7/site-packages/airflow/example_dags/example_short_circuit_operator.py
[2022-03-03 15:21:56,125] {processor.py:654} INFO - DAG(s) dict_keys(['example_short_circuit_operator']) retrieved from /home/airflow/.local/lib/python3.7/site-packages/airflow/example_dags/example_short_circuit_operator.py
[2022-03-03 15:21:56,148] {logging_mixin.py:109} INFO - [2022-03-03 15:21:56,147] {dag.py:2396} INFO - Sync 1 DAGs
[2022-03-03 15:21:56,183] {logging_mixin.py:109} INFO - [2022-03-03 15:21:56,183] {dag.py:2935} INFO - Setting next_dagrun for example_short_circuit_operator to 2022-03-02T15:21:56.182957+00:00
[2022-03-03 15:21:56,204] {processor.py:171} INFO - Processing /home/airflow/.local/lib/python3.7/site-packages/airflow/example_dags/example_short_circuit_operator.py took 0.129 seconds
[2022-03-03 15:22:26,331] {processor.py:163} INFO - Started process (PID=476) to work on /home/airflow/.local/lib/python3.7/site-packages/airflow/example_dags/example_short_circuit_operator.py
[2022-03-03 15:22:26,333] {processor.py:642} INFO - Processing file /home/airflow/.local/lib/python3.7/site-packages/airflow/example_dags/example_short_circuit_operator.py for tasks to queue
[2022-03-03 15:22:26,335] {logging_mixin.py:109} INFO - [2022-03-03 15:22:26,334] {dagbag.py:500} INFO - Filling up the DagBag from /home/airflow/.local/lib/python3.7/site-packages/airflow/example_dags/example_short_circuit_operator.py
[2022-03-03 15:22:26,368] {processor.py:654} INFO - DAG(s) dict_keys(['example_short_circuit_operator']) retrieved from /home/airflow/.local/lib/python3.7/site-packages/airflow/example_dags/example_short_circuit_operator.py
[2022-03-03 15:22:26,384] {logging_mixin.py:109} INFO - [2022-03-03 15:22:26,384] {dag.py:2396} INFO - Sync 1 DAGs
[2022-03-03 15:22:26,405] {logging_mixin.py:109} INFO - [2022-03-03 15:22:26,405] {dag.py:2935} INFO - Setting next_dagrun for example_short_circuit_operator to 2022-03-02T15:22:26.404839+00:00
[2022-03-03 15:22:26,413] {processor.py:171} INFO - Processing /home/airflow/.local/lib/python3.7/site-packages/airflow/example_dags/example_short_circuit_operator.py took 0.088 seconds
[2022-03-03 15:22:56,459] {processor.py:163} INFO - Started process (PID=532) to work on /home/airflow/.local/lib/python3.7/site-packages/airflow/example_dags/example_short_circuit_operator.py
[2022-03-03 15:22:56,461] {processor.py:642} INFO - Processing file /home/airflow/.local/lib/python3.7/site-packages/airflow/example_dags/example_short_circuit_operator.py for tasks to queue
[2022-03-03 15:22:56,463] {logging_mixin.py:109} INFO - [2022-03-03 15:22:56,462] {dagbag.py:500} INFO - Filling up the DagBag from /home/airflow/.local/lib/python3.7/site-packages/airflow/example_dags/example_short_circuit_operator.py
[2022-03-03 15:22:56,492] {processor.py:654} INFO - DAG(s) dict_keys(['example_short_circuit_operator']) retrieved from /home/airflow/.local/lib/python3.7/site-packages/airflow/example_dags/example_short_circuit_operator.py
[2022-03-03 15:22:56,506] {logging_mixin.py:109} INFO - [2022-03-03 15:22:56,506] {dag.py:2396} INFO - Sync 1 DAGs
[2022-03-03 15:22:56,523] {logging_mixin.py:109} INFO - [2022-03-03 15:22:56,523] {dag.py:2935} INFO - Setting next_dagrun for example_short_circuit_operator to 2022-03-02T15:22:56.522940+00:00
[2022-03-03 15:22:56,532] {processor.py:171} INFO - Processing /home/airflow/.local/lib/python3.7/site-packages/airflow/example_dags/example_short_circuit_operator.py took 0.077 seconds
[2022-03-03 15:23:26,995] {processor.py:163} INFO - Started process (PID=595) to work on /home/airflow/.local/lib/python3.7/site-packages/airflow/example_dags/example_short_circuit_operator.py
[2022-03-03 15:23:26,999] {processor.py:642} INFO - Processing file /home/airflow/.local/lib/python3.7/site-packages/airflow/example_dags/example_short_circuit_operator.py for tasks to queue
[2022-03-03 15:23:27,001] {logging_mixin.py:109} INFO - [2022-03-03 15:23:27,001] {dagbag.py:500} INFO - Filling up the DagBag from /home/airflow/.local/lib/python3.7/site-packages/airflow/example_dags/example_short_circuit_operator.py
[2022-03-03 15:23:27,077] {processor.py:654} INFO - DAG(s) dict_keys(['example_short_circuit_operator']) retrieved from /home/airflow/.local/lib/python3.7/site-packages/airflow/example_dags/example_short_circuit_operator.py
[2022-03-03 15:23:27,104] {logging_mixin.py:109} INFO - [2022-03-03 15:23:27,104] {dag.py:2396} INFO - Sync 1 DAGs
[2022-03-03 15:23:27,159] {logging_mixin.py:109} INFO - [2022-03-03 15:23:27,158] {dag.py:2935} INFO - Setting next_dagrun for example_short_circuit_operator to 2022-03-02T15:23:27.158042+00:00
[2022-03-03 15:23:27,234] {processor.py:171} INFO - Processing /home/airflow/.local/lib/python3.7/site-packages/airflow/example_dags/example_short_circuit_operator.py took 0.245 seconds
[2022-03-03 15:23:57,419] {processor.py:163} INFO - Started process (PID=651) to work on /home/airflow/.local/lib/python3.7/site-packages/airflow/example_dags/example_short_circuit_operator.py
[2022-03-03 15:23:57,421] {processor.py:642} INFO - Processing file /home/airflow/.local/lib/python3.7/site-packages/airflow/example_dags/example_short_circuit_operator.py for tasks to queue
[2022-03-03 15:23:57,422] {logging_mixin.py:109} INFO - [2022-03-03 15:23:57,422] {dagbag.py:500} INFO - Filling up the DagBag from /home/airflow/.local/lib/python3.7/site-packages/airflow/example_dags/example_short_circuit_operator.py
[2022-03-03 15:23:57,453] {processor.py:654} INFO - DAG(s) dict_keys(['example_short_circuit_operator']) retrieved from /home/airflow/.local/lib/python3.7/site-packages/airflow/example_dags/example_short_circuit_operator.py
[2022-03-03 15:23:57,469] {logging_mixin.py:109} INFO - [2022-03-03 15:23:57,469] {dag.py:2396} INFO - Sync 1 DAGs
[2022-03-03 15:23:57,488] {logging_mixin.py:109} INFO - [2022-03-03 15:23:57,488] {dag.py:2935} INFO - Setting next_dagrun for example_short_circuit_operator to 2022-03-02T15:23:57.488236+00:00
[2022-03-03 15:23:57,506] {processor.py:171} INFO - Processing /home/airflow/.local/lib/python3.7/site-packages/airflow/example_dags/example_short_circuit_operator.py took 0.091 seconds
[2022-03-03 15:24:28,341] {processor.py:163} INFO - Started process (PID=705) to work on /home/airflow/.local/lib/python3.7/site-packages/airflow/example_dags/example_short_circuit_operator.py
[2022-03-03 15:24:28,342] {processor.py:642} INFO - Processing file /home/airflow/.local/lib/python3.7/site-packages/airflow/example_dags/example_short_circuit_operator.py for tasks to queue
[2022-03-03 15:24:28,344] {logging_mixin.py:109} INFO - [2022-03-03 15:24:28,344] {dagbag.py:500} INFO - Filling up the DagBag from /home/airflow/.local/lib/python3.7/site-packages/airflow/example_dags/example_short_circuit_operator.py
[2022-03-03 15:24:28,372] {processor.py:654} INFO - DAG(s) dict_keys(['example_short_circuit_operator']) retrieved from /home/airflow/.local/lib/python3.7/site-packages/airflow/example_dags/example_short_circuit_operator.py
[2022-03-03 15:24:28,382] {logging_mixin.py:109} INFO - [2022-03-03 15:24:28,382] {dag.py:2396} INFO - Sync 1 DAGs
[2022-03-03 15:24:28,400] {logging_mixin.py:109} INFO - [2022-03-03 15:24:28,400] {dag.py:2935} INFO - Setting next_dagrun for example_short_circuit_operator to 2022-03-02T15:24:28.400100+00:00
[2022-03-03 15:24:28,413] {processor.py:171} INFO - Processing /home/airflow/.local/lib/python3.7/site-packages/airflow/example_dags/example_short_circuit_operator.py took 0.075 seconds
[2022-03-03 15:24:58,582] {processor.py:163} INFO - Started process (PID=757) to work on /home/airflow/.local/lib/python3.7/site-packages/airflow/example_dags/example_short_circuit_operator.py
[2022-03-03 15:24:58,585] {processor.py:642} INFO - Processing file /home/airflow/.local/lib/python3.7/site-packages/airflow/example_dags/example_short_circuit_operator.py for tasks to queue
[2022-03-03 15:24:58,586] {logging_mixin.py:109} INFO - [2022-03-03 15:24:58,586] {dagbag.py:500} INFO - Filling up the DagBag from /home/airflow/.local/lib/python3.7/site-packages/airflow/example_dags/example_short_circuit_operator.py
[2022-03-03 15:24:58,617] {processor.py:654} INFO - DAG(s) dict_keys(['example_short_circuit_operator']) retrieved from /home/airflow/.local/lib/python3.7/site-packages/airflow/example_dags/example_short_circuit_operator.py
[2022-03-03 15:24:58,628] {logging_mixin.py:109} INFO - [2022-03-03 15:24:58,628] {dag.py:2396} INFO - Sync 1 DAGs
[2022-03-03 15:24:58,644] {logging_mixin.py:109} INFO - [2022-03-03 15:24:58,644] {dag.py:2935} INFO - Setting next_dagrun for example_short_circuit_operator to 2022-03-02T15:24:58.644073+00:00
[2022-03-03 15:24:58,655] {processor.py:171} INFO - Processing /home/airflow/.local/lib/python3.7/site-packages/airflow/example_dags/example_short_circuit_operator.py took 0.077 seconds
[2022-03-03 15:25:28,787] {processor.py:163} INFO - Started process (PID=812) to work on /home/airflow/.local/lib/python3.7/site-packages/airflow/example_dags/example_short_circuit_operator.py
[2022-03-03 15:25:28,791] {processor.py:642} INFO - Processing file /home/airflow/.local/lib/python3.7/site-packages/airflow/example_dags/example_short_circuit_operator.py for tasks to queue
[2022-03-03 15:25:28,794] {logging_mixin.py:109} INFO - [2022-03-03 15:25:28,793] {dagbag.py:500} INFO - Filling up the DagBag from /home/airflow/.local/lib/python3.7/site-packages/airflow/example_dags/example_short_circuit_operator.py
[2022-03-03 15:25:28,868] {processor.py:654} INFO - DAG(s) dict_keys(['example_short_circuit_operator']) retrieved from /home/airflow/.local/lib/python3.7/site-packages/airflow/example_dags/example_short_circuit_operator.py
[2022-03-03 15:25:28,906] {logging_mixin.py:109} INFO - [2022-03-03 15:25:28,906] {dag.py:2396} INFO - Sync 1 DAGs
[2022-03-03 15:25:28,951] {logging_mixin.py:109} INFO - [2022-03-03 15:25:28,951] {dag.py:2935} INFO - Setting next_dagrun for example_short_circuit_operator to 2022-03-02T15:25:28.951062+00:00
[2022-03-03 15:25:28,977] {processor.py:171} INFO - Processing /home/airflow/.local/lib/python3.7/site-packages/airflow/example_dags/example_short_circuit_operator.py took 0.199 seconds
[2022-03-03 15:25:59,448] {processor.py:163} INFO - Started process (PID=875) to work on /home/airflow/.local/lib/python3.7/site-packages/airflow/example_dags/example_short_circuit_operator.py
[2022-03-03 15:25:59,450] {processor.py:642} INFO - Processing file /home/airflow/.local/lib/python3.7/site-packages/airflow/example_dags/example_short_circuit_operator.py for tasks to queue
[2022-03-03 15:25:59,451] {logging_mixin.py:109} INFO - [2022-03-03 15:25:59,451] {dagbag.py:500} INFO - Filling up the DagBag from /home/airflow/.local/lib/python3.7/site-packages/airflow/example_dags/example_short_circuit_operator.py
[2022-03-03 15:25:59,542] {processor.py:654} INFO - DAG(s) dict_keys(['example_short_circuit_operator']) retrieved from /home/airflow/.local/lib/python3.7/site-packages/airflow/example_dags/example_short_circuit_operator.py
[2022-03-03 15:25:59,584] {logging_mixin.py:109} INFO - [2022-03-03 15:25:59,584] {dag.py:2396} INFO - Sync 1 DAGs
[2022-03-03 15:25:59,657] {logging_mixin.py:109} INFO - [2022-03-03 15:25:59,657] {dag.py:2935} INFO - Setting next_dagrun for example_short_circuit_operator to 2022-03-02T15:25:59.657453+00:00
[2022-03-03 15:25:59,698] {processor.py:171} INFO - Processing /home/airflow/.local/lib/python3.7/site-packages/airflow/example_dags/example_short_circuit_operator.py took 0.263 seconds
[2022-03-03 15:26:29,785] {processor.py:163} INFO - Started process (PID=929) to work on /home/airflow/.local/lib/python3.7/site-packages/airflow/example_dags/example_short_circuit_operator.py
[2022-03-03 15:26:29,787] {processor.py:642} INFO - Processing file /home/airflow/.local/lib/python3.7/site-packages/airflow/example_dags/example_short_circuit_operator.py for tasks to queue
[2022-03-03 15:26:29,789] {logging_mixin.py:109} INFO - [2022-03-03 15:26:29,789] {dagbag.py:500} INFO - Filling up the DagBag from /home/airflow/.local/lib/python3.7/site-packages/airflow/example_dags/example_short_circuit_operator.py
[2022-03-03 15:26:29,818] {processor.py:654} INFO - DAG(s) dict_keys(['example_short_circuit_operator']) retrieved from /home/airflow/.local/lib/python3.7/site-packages/airflow/example_dags/example_short_circuit_operator.py
[2022-03-03 15:26:29,831] {logging_mixin.py:109} INFO - [2022-03-03 15:26:29,831] {dag.py:2396} INFO - Sync 1 DAGs
[2022-03-03 15:26:29,847] {logging_mixin.py:109} INFO - [2022-03-03 15:26:29,847] {dag.py:2935} INFO - Setting next_dagrun for example_short_circuit_operator to 2022-03-02T15:26:29.847094+00:00
[2022-03-03 15:26:29,858] {processor.py:171} INFO - Processing /home/airflow/.local/lib/python3.7/site-packages/airflow/example_dags/example_short_circuit_operator.py took 0.078 seconds
[2022-03-03 15:27:00,065] {processor.py:163} INFO - Started process (PID=982) to work on /home/airflow/.local/lib/python3.7/site-packages/airflow/example_dags/example_short_circuit_operator.py
[2022-03-03 15:27:00,068] {processor.py:642} INFO - Processing file /home/airflow/.local/lib/python3.7/site-packages/airflow/example_dags/example_short_circuit_operator.py for tasks to queue
[2022-03-03 15:27:00,072] {logging_mixin.py:109} INFO - [2022-03-03 15:27:00,072] {dagbag.py:500} INFO - Filling up the DagBag from /home/airflow/.local/lib/python3.7/site-packages/airflow/example_dags/example_short_circuit_operator.py
[2022-03-03 15:27:00,135] {processor.py:654} INFO - DAG(s) dict_keys(['example_short_circuit_operator']) retrieved from /home/airflow/.local/lib/python3.7/site-packages/airflow/example_dags/example_short_circuit_operator.py
[2022-03-03 15:27:00,161] {logging_mixin.py:109} INFO - [2022-03-03 15:27:00,161] {dag.py:2396} INFO - Sync 1 DAGs
[2022-03-03 15:27:00,194] {logging_mixin.py:109} INFO - [2022-03-03 15:27:00,194] {dag.py:2935} INFO - Setting next_dagrun for example_short_circuit_operator to 2022-03-02T15:27:00.194514+00:00
[2022-03-03 15:27:00,215] {processor.py:171} INFO - Processing /home/airflow/.local/lib/python3.7/site-packages/airflow/example_dags/example_short_circuit_operator.py took 0.159 seconds
[2022-03-03 15:27:30,922] {processor.py:163} INFO - Started process (PID=1041) to work on /home/airflow/.local/lib/python3.7/site-packages/airflow/example_dags/example_short_circuit_operator.py
[2022-03-03 15:27:30,923] {processor.py:642} INFO - Processing file /home/airflow/.local/lib/python3.7/site-packages/airflow/example_dags/example_short_circuit_operator.py for tasks to queue
[2022-03-03 15:27:30,925] {logging_mixin.py:109} INFO - [2022-03-03 15:27:30,925] {dagbag.py:500} INFO - Filling up the DagBag from /home/airflow/.local/lib/python3.7/site-packages/airflow/example_dags/example_short_circuit_operator.py
[2022-03-03 15:27:30,980] {processor.py:654} INFO - DAG(s) dict_keys(['example_short_circuit_operator']) retrieved from /home/airflow/.local/lib/python3.7/site-packages/airflow/example_dags/example_short_circuit_operator.py
[2022-03-03 15:27:31,010] {logging_mixin.py:109} INFO - [2022-03-03 15:27:31,010] {dag.py:2396} INFO - Sync 1 DAGs
[2022-03-03 15:27:31,053] {logging_mixin.py:109} INFO - [2022-03-03 15:27:31,053] {dag.py:2935} INFO - Setting next_dagrun for example_short_circuit_operator to 2022-03-02T15:27:31.053344+00:00
[2022-03-03 15:27:31,077] {processor.py:171} INFO - Processing /home/airflow/.local/lib/python3.7/site-packages/airflow/example_dags/example_short_circuit_operator.py took 0.161 seconds
[2022-03-03 15:28:01,597] {processor.py:163} INFO - Started process (PID=1107) to work on /home/airflow/.local/lib/python3.7/site-packages/airflow/example_dags/example_short_circuit_operator.py
[2022-03-03 15:28:01,605] {processor.py:642} INFO - Processing file /home/airflow/.local/lib/python3.7/site-packages/airflow/example_dags/example_short_circuit_operator.py for tasks to queue
[2022-03-03 15:28:01,609] {logging_mixin.py:109} INFO - [2022-03-03 15:28:01,609] {dagbag.py:500} INFO - Filling up the DagBag from /home/airflow/.local/lib/python3.7/site-packages/airflow/example_dags/example_short_circuit_operator.py
[2022-03-03 15:28:01,687] {processor.py:654} INFO - DAG(s) dict_keys(['example_short_circuit_operator']) retrieved from /home/airflow/.local/lib/python3.7/site-packages/airflow/example_dags/example_short_circuit_operator.py
[2022-03-03 15:28:01,721] {logging_mixin.py:109} INFO - [2022-03-03 15:28:01,721] {dag.py:2396} INFO - Sync 1 DAGs
[2022-03-03 15:28:01,772] {logging_mixin.py:109} INFO - [2022-03-03 15:28:01,772] {dag.py:2935} INFO - Setting next_dagrun for example_short_circuit_operator to 2022-03-02T15:28:01.771991+00:00
[2022-03-03 15:28:01,808] {processor.py:171} INFO - Processing /home/airflow/.local/lib/python3.7/site-packages/airflow/example_dags/example_short_circuit_operator.py took 0.222 seconds
[2022-03-03 15:28:33,030] {processor.py:163} INFO - Started process (PID=1162) to work on /home/airflow/.local/lib/python3.7/site-packages/airflow/example_dags/example_short_circuit_operator.py
[2022-03-03 15:28:33,051] {processor.py:642} INFO - Processing file /home/airflow/.local/lib/python3.7/site-packages/airflow/example_dags/example_short_circuit_operator.py for tasks to queue
[2022-03-03 15:28:33,064] {logging_mixin.py:109} INFO - [2022-03-03 15:28:33,062] {dagbag.py:500} INFO - Filling up the DagBag from /home/airflow/.local/lib/python3.7/site-packages/airflow/example_dags/example_short_circuit_operator.py
[2022-03-03 15:28:33,227] {processor.py:654} INFO - DAG(s) dict_keys(['example_short_circuit_operator']) retrieved from /home/airflow/.local/lib/python3.7/site-packages/airflow/example_dags/example_short_circuit_operator.py
[2022-03-03 15:28:33,385] {logging_mixin.py:109} INFO - [2022-03-03 15:28:33,383] {dag.py:2396} INFO - Sync 1 DAGs
[2022-03-03 15:28:33,583] {logging_mixin.py:109} INFO - [2022-03-03 15:28:33,583] {dag.py:2935} INFO - Setting next_dagrun for example_short_circuit_operator to 2022-03-02T15:28:33.583015+00:00
[2022-03-03 15:28:33,771] {processor.py:171} INFO - Processing /home/airflow/.local/lib/python3.7/site-packages/airflow/example_dags/example_short_circuit_operator.py took 0.764 seconds
[2022-03-03 15:29:04,695] {processor.py:163} INFO - Started process (PID=1208) to work on /home/airflow/.local/lib/python3.7/site-packages/airflow/example_dags/example_short_circuit_operator.py
[2022-03-03 15:29:04,700] {processor.py:642} INFO - Processing file /home/airflow/.local/lib/python3.7/site-packages/airflow/example_dags/example_short_circuit_operator.py for tasks to queue
[2022-03-03 15:29:04,703] {logging_mixin.py:109} INFO - [2022-03-03 15:29:04,703] {dagbag.py:500} INFO - Filling up the DagBag from /home/airflow/.local/lib/python3.7/site-packages/airflow/example_dags/example_short_circuit_operator.py
[2022-03-03 15:29:04,769] {processor.py:654} INFO - DAG(s) dict_keys(['example_short_circuit_operator']) retrieved from /home/airflow/.local/lib/python3.7/site-packages/airflow/example_dags/example_short_circuit_operator.py
[2022-03-03 15:29:04,796] {logging_mixin.py:109} INFO - [2022-03-03 15:29:04,795] {dag.py:2396} INFO - Sync 1 DAGs
[2022-03-03 15:29:04,837] {logging_mixin.py:109} INFO - [2022-03-03 15:29:04,836] {dag.py:2935} INFO - Setting next_dagrun for example_short_circuit_operator to 2022-03-02T15:29:04.836595+00:00
[2022-03-03 15:29:04,860] {processor.py:171} INFO - Processing /home/airflow/.local/lib/python3.7/site-packages/airflow/example_dags/example_short_circuit_operator.py took 0.180 seconds
[2022-03-03 15:29:34,959] {processor.py:163} INFO - Started process (PID=1261) to work on /home/airflow/.local/lib/python3.7/site-packages/airflow/example_dags/example_short_circuit_operator.py
[2022-03-03 15:29:34,961] {processor.py:642} INFO - Processing file /home/airflow/.local/lib/python3.7/site-packages/airflow/example_dags/example_short_circuit_operator.py for tasks to queue
[2022-03-03 15:29:34,963] {logging_mixin.py:109} INFO - [2022-03-03 15:29:34,963] {dagbag.py:500} INFO - Filling up the DagBag from /home/airflow/.local/lib/python3.7/site-packages/airflow/example_dags/example_short_circuit_operator.py
[2022-03-03 15:29:34,998] {processor.py:654} INFO - DAG(s) dict_keys(['example_short_circuit_operator']) retrieved from /home/airflow/.local/lib/python3.7/site-packages/airflow/example_dags/example_short_circuit_operator.py
[2022-03-03 15:29:35,010] {logging_mixin.py:109} INFO - [2022-03-03 15:29:35,010] {dag.py:2396} INFO - Sync 1 DAGs
[2022-03-03 15:29:35,029] {logging_mixin.py:109} INFO - [2022-03-03 15:29:35,029] {dag.py:2935} INFO - Setting next_dagrun for example_short_circuit_operator to 2022-03-02T15:29:35.029135+00:00
[2022-03-03 15:29:35,124] {processor.py:171} INFO - Processing /home/airflow/.local/lib/python3.7/site-packages/airflow/example_dags/example_short_circuit_operator.py took 0.170 seconds
[2022-03-03 15:30:05,390] {processor.py:163} INFO - Started process (PID=1318) to work on /home/airflow/.local/lib/python3.7/site-packages/airflow/example_dags/example_short_circuit_operator.py
[2022-03-03 15:30:05,392] {processor.py:642} INFO - Processing file /home/airflow/.local/lib/python3.7/site-packages/airflow/example_dags/example_short_circuit_operator.py for tasks to queue
[2022-03-03 15:30:05,393] {logging_mixin.py:109} INFO - [2022-03-03 15:30:05,393] {dagbag.py:500} INFO - Filling up the DagBag from /home/airflow/.local/lib/python3.7/site-packages/airflow/example_dags/example_short_circuit_operator.py
[2022-03-03 15:30:05,422] {processor.py:654} INFO - DAG(s) dict_keys(['example_short_circuit_operator']) retrieved from /home/airflow/.local/lib/python3.7/site-packages/airflow/example_dags/example_short_circuit_operator.py
[2022-03-03 15:30:05,434] {logging_mixin.py:109} INFO - [2022-03-03 15:30:05,434] {dag.py:2396} INFO - Sync 1 DAGs
[2022-03-03 15:30:05,536] {logging_mixin.py:109} INFO - [2022-03-03 15:30:05,536] {dag.py:2935} INFO - Setting next_dagrun for example_short_circuit_operator to 2022-03-02T15:30:05.535782+00:00
[2022-03-03 15:30:05,546] {processor.py:171} INFO - Processing /home/airflow/.local/lib/python3.7/site-packages/airflow/example_dags/example_short_circuit_operator.py took 0.160 seconds
[2022-03-03 15:30:35,837] {processor.py:163} INFO - Started process (PID=1371) to work on /home/airflow/.local/lib/python3.7/site-packages/airflow/example_dags/example_short_circuit_operator.py
[2022-03-03 15:30:35,839] {processor.py:642} INFO - Processing file /home/airflow/.local/lib/python3.7/site-packages/airflow/example_dags/example_short_circuit_operator.py for tasks to queue
[2022-03-03 15:30:35,840] {logging_mixin.py:109} INFO - [2022-03-03 15:30:35,840] {dagbag.py:500} INFO - Filling up the DagBag from /home/airflow/.local/lib/python3.7/site-packages/airflow/example_dags/example_short_circuit_operator.py
[2022-03-03 15:30:35,870] {processor.py:654} INFO - DAG(s) dict_keys(['example_short_circuit_operator']) retrieved from /home/airflow/.local/lib/python3.7/site-packages/airflow/example_dags/example_short_circuit_operator.py
[2022-03-03 15:30:35,881] {logging_mixin.py:109} INFO - [2022-03-03 15:30:35,881] {dag.py:2396} INFO - Sync 1 DAGs
[2022-03-03 15:30:35,985] {logging_mixin.py:109} INFO - [2022-03-03 15:30:35,985] {dag.py:2935} INFO - Setting next_dagrun for example_short_circuit_operator to 2022-03-02T15:30:35.984943+00:00
[2022-03-03 15:30:35,995] {processor.py:171} INFO - Processing /home/airflow/.local/lib/python3.7/site-packages/airflow/example_dags/example_short_circuit_operator.py took 0.162 seconds
[2022-03-03 15:31:06,072] {processor.py:163} INFO - Started process (PID=1430) to work on /home/airflow/.local/lib/python3.7/site-packages/airflow/example_dags/example_short_circuit_operator.py
[2022-03-03 15:31:06,080] {processor.py:642} INFO - Processing file /home/airflow/.local/lib/python3.7/site-packages/airflow/example_dags/example_short_circuit_operator.py for tasks to queue
[2022-03-03 15:31:06,082] {logging_mixin.py:109} INFO - [2022-03-03 15:31:06,082] {dagbag.py:500} INFO - Filling up the DagBag from /home/airflow/.local/lib/python3.7/site-packages/airflow/example_dags/example_short_circuit_operator.py
[2022-03-03 15:31:06,135] {processor.py:654} INFO - DAG(s) dict_keys(['example_short_circuit_operator']) retrieved from /home/airflow/.local/lib/python3.7/site-packages/airflow/example_dags/example_short_circuit_operator.py
[2022-03-03 15:31:06,161] {logging_mixin.py:109} INFO - [2022-03-03 15:31:06,161] {dag.py:2396} INFO - Sync 1 DAGs
[2022-03-03 15:31:06,302] {logging_mixin.py:109} INFO - [2022-03-03 15:31:06,302] {dag.py:2935} INFO - Setting next_dagrun for example_short_circuit_operator to 2022-03-02T15:31:06.302521+00:00
[2022-03-03 15:31:06,321] {processor.py:171} INFO - Processing /home/airflow/.local/lib/python3.7/site-packages/airflow/example_dags/example_short_circuit_operator.py took 0.252 seconds
[2022-03-03 15:31:36,509] {processor.py:163} INFO - Started process (PID=1496) to work on /home/airflow/.local/lib/python3.7/site-packages/airflow/example_dags/example_short_circuit_operator.py
[2022-03-03 15:31:36,515] {processor.py:642} INFO - Processing file /home/airflow/.local/lib/python3.7/site-packages/airflow/example_dags/example_short_circuit_operator.py for tasks to queue
[2022-03-03 15:31:36,519] {logging_mixin.py:109} INFO - [2022-03-03 15:31:36,518] {dagbag.py:500} INFO - Filling up the DagBag from /home/airflow/.local/lib/python3.7/site-packages/airflow/example_dags/example_short_circuit_operator.py
[2022-03-03 15:31:36,576] {processor.py:654} INFO - DAG(s) dict_keys(['example_short_circuit_operator']) retrieved from /home/airflow/.local/lib/python3.7/site-packages/airflow/example_dags/example_short_circuit_operator.py
[2022-03-03 15:31:36,594] {logging_mixin.py:109} INFO - [2022-03-03 15:31:36,594] {dag.py:2396} INFO - Sync 1 DAGs
[2022-03-03 15:31:36,860] {logging_mixin.py:109} INFO - [2022-03-03 15:31:36,860] {dag.py:2935} INFO - Setting next_dagrun for example_short_circuit_operator to 2022-03-02T15:31:36.859984+00:00
[2022-03-03 15:31:36,895] {processor.py:171} INFO - Processing /home/airflow/.local/lib/python3.7/site-packages/airflow/example_dags/example_short_circuit_operator.py took 0.390 seconds
[2022-03-03 15:32:07,231] {processor.py:163} INFO - Started process (PID=1550) to work on /home/airflow/.local/lib/python3.7/site-packages/airflow/example_dags/example_short_circuit_operator.py
[2022-03-03 15:32:07,235] {processor.py:642} INFO - Processing file /home/airflow/.local/lib/python3.7/site-packages/airflow/example_dags/example_short_circuit_operator.py for tasks to queue
[2022-03-03 15:32:07,243] {logging_mixin.py:109} INFO - [2022-03-03 15:32:07,243] {dagbag.py:500} INFO - Filling up the DagBag from /home/airflow/.local/lib/python3.7/site-packages/airflow/example_dags/example_short_circuit_operator.py
[2022-03-03 15:32:07,350] {processor.py:654} INFO - DAG(s) dict_keys(['example_short_circuit_operator']) retrieved from /home/airflow/.local/lib/python3.7/site-packages/airflow/example_dags/example_short_circuit_operator.py
[2022-03-03 15:32:07,375] {logging_mixin.py:109} INFO - [2022-03-03 15:32:07,374] {dag.py:2396} INFO - Sync 1 DAGs
[2022-03-03 15:32:07,598] {logging_mixin.py:109} INFO - [2022-03-03 15:32:07,598] {dag.py:2935} INFO - Setting next_dagrun for example_short_circuit_operator to 2022-03-02T15:32:07.598203+00:00
[2022-03-03 15:32:07,614] {processor.py:171} INFO - Processing /home/airflow/.local/lib/python3.7/site-packages/airflow/example_dags/example_short_circuit_operator.py took 0.392 seconds
[2022-03-03 15:32:37,810] {processor.py:163} INFO - Started process (PID=1605) to work on /home/airflow/.local/lib/python3.7/site-packages/airflow/example_dags/example_short_circuit_operator.py
[2022-03-03 15:32:37,812] {processor.py:642} INFO - Processing file /home/airflow/.local/lib/python3.7/site-packages/airflow/example_dags/example_short_circuit_operator.py for tasks to queue
[2022-03-03 15:32:37,813] {logging_mixin.py:109} INFO - [2022-03-03 15:32:37,813] {dagbag.py:500} INFO - Filling up the DagBag from /home/airflow/.local/lib/python3.7/site-packages/airflow/example_dags/example_short_circuit_operator.py
[2022-03-03 15:32:37,925] {processor.py:654} INFO - DAG(s) dict_keys(['example_short_circuit_operator']) retrieved from /home/airflow/.local/lib/python3.7/site-packages/airflow/example_dags/example_short_circuit_operator.py
[2022-03-03 15:32:37,937] {logging_mixin.py:109} INFO - [2022-03-03 15:32:37,936] {dag.py:2396} INFO - Sync 1 DAGs
[2022-03-03 15:32:37,952] {logging_mixin.py:109} INFO - [2022-03-03 15:32:37,952] {dag.py:2935} INFO - Setting next_dagrun for example_short_circuit_operator to 2022-03-02T15:32:37.952377+00:00
[2022-03-03 15:32:37,961] {processor.py:171} INFO - Processing /home/airflow/.local/lib/python3.7/site-packages/airflow/example_dags/example_short_circuit_operator.py took 0.163 seconds
[2022-03-03 15:33:08,370] {processor.py:163} INFO - Started process (PID=1663) to work on /home/airflow/.local/lib/python3.7/site-packages/airflow/example_dags/example_short_circuit_operator.py
[2022-03-03 15:33:08,372] {processor.py:642} INFO - Processing file /home/airflow/.local/lib/python3.7/site-packages/airflow/example_dags/example_short_circuit_operator.py for tasks to queue
[2022-03-03 15:33:08,374] {logging_mixin.py:109} INFO - [2022-03-03 15:33:08,373] {dagbag.py:500} INFO - Filling up the DagBag from /home/airflow/.local/lib/python3.7/site-packages/airflow/example_dags/example_short_circuit_operator.py
[2022-03-03 15:33:08,491] {processor.py:654} INFO - DAG(s) dict_keys(['example_short_circuit_operator']) retrieved from /home/airflow/.local/lib/python3.7/site-packages/airflow/example_dags/example_short_circuit_operator.py
[2022-03-03 15:33:08,501] {logging_mixin.py:109} INFO - [2022-03-03 15:33:08,501] {dag.py:2396} INFO - Sync 1 DAGs
[2022-03-03 15:33:08,515] {logging_mixin.py:109} INFO - [2022-03-03 15:33:08,515] {dag.py:2935} INFO - Setting next_dagrun for example_short_circuit_operator to 2022-03-02T15:33:08.514982+00:00
[2022-03-03 15:33:08,523] {processor.py:171} INFO - Processing /home/airflow/.local/lib/python3.7/site-packages/airflow/example_dags/example_short_circuit_operator.py took 0.159 seconds
[2022-03-03 15:33:41,041] {processor.py:163} INFO - Started process (PID=1719) to work on /home/airflow/.local/lib/python3.7/site-packages/airflow/example_dags/example_short_circuit_operator.py
[2022-03-03 15:33:41,046] {processor.py:642} INFO - Processing file /home/airflow/.local/lib/python3.7/site-packages/airflow/example_dags/example_short_circuit_operator.py for tasks to queue
[2022-03-03 15:33:41,051] {logging_mixin.py:109} INFO - [2022-03-03 15:33:41,051] {dagbag.py:500} INFO - Filling up the DagBag from /home/airflow/.local/lib/python3.7/site-packages/airflow/example_dags/example_short_circuit_operator.py
[2022-03-03 15:33:42,281] {processor.py:654} INFO - DAG(s) dict_keys(['example_short_circuit_operator']) retrieved from /home/airflow/.local/lib/python3.7/site-packages/airflow/example_dags/example_short_circuit_operator.py
[2022-03-03 15:33:42,342] {logging_mixin.py:109} INFO - [2022-03-03 15:33:42,342] {dag.py:2396} INFO - Sync 1 DAGs
[2022-03-03 15:33:42,395] {logging_mixin.py:109} INFO - [2022-03-03 15:33:42,395] {dag.py:2935} INFO - Setting next_dagrun for example_short_circuit_operator to 2022-03-02T15:33:42.395275+00:00
[2022-03-03 15:33:42,433] {processor.py:171} INFO - Processing /home/airflow/.local/lib/python3.7/site-packages/airflow/example_dags/example_short_circuit_operator.py took 1.415 seconds
[2022-03-03 15:34:12,945] {processor.py:163} INFO - Started process (PID=1778) to work on /home/airflow/.local/lib/python3.7/site-packages/airflow/example_dags/example_short_circuit_operator.py
[2022-03-03 15:34:12,949] {processor.py:642} INFO - Processing file /home/airflow/.local/lib/python3.7/site-packages/airflow/example_dags/example_short_circuit_operator.py for tasks to queue
[2022-03-03 15:34:12,956] {logging_mixin.py:109} INFO - [2022-03-03 15:34:12,955] {dagbag.py:500} INFO - Filling up the DagBag from /home/airflow/.local/lib/python3.7/site-packages/airflow/example_dags/example_short_circuit_operator.py
[2022-03-03 15:34:13,564] {processor.py:654} INFO - DAG(s) dict_keys(['example_short_circuit_operator']) retrieved from /home/airflow/.local/lib/python3.7/site-packages/airflow/example_dags/example_short_circuit_operator.py
[2022-03-03 15:34:13,613] {logging_mixin.py:109} INFO - [2022-03-03 15:34:13,613] {dag.py:2396} INFO - Sync 1 DAGs
[2022-03-03 15:34:13,678] {logging_mixin.py:109} INFO - [2022-03-03 15:34:13,677] {dag.py:2935} INFO - Setting next_dagrun for example_short_circuit_operator to 2022-03-02T15:34:13.677782+00:00
[2022-03-03 15:34:13,744] {processor.py:171} INFO - Processing /home/airflow/.local/lib/python3.7/site-packages/airflow/example_dags/example_short_circuit_operator.py took 0.808 seconds
[2022-03-03 15:34:44,089] {processor.py:163} INFO - Started process (PID=1843) to work on /home/airflow/.local/lib/python3.7/site-packages/airflow/example_dags/example_short_circuit_operator.py
[2022-03-03 15:34:44,093] {processor.py:642} INFO - Processing file /home/airflow/.local/lib/python3.7/site-packages/airflow/example_dags/example_short_circuit_operator.py for tasks to queue
[2022-03-03 15:34:44,094] {logging_mixin.py:109} INFO - [2022-03-03 15:34:44,094] {dagbag.py:500} INFO - Filling up the DagBag from /home/airflow/.local/lib/python3.7/site-packages/airflow/example_dags/example_short_circuit_operator.py
[2022-03-03 15:34:44,149] {processor.py:654} INFO - DAG(s) dict_keys(['example_short_circuit_operator']) retrieved from /home/airflow/.local/lib/python3.7/site-packages/airflow/example_dags/example_short_circuit_operator.py
[2022-03-03 15:34:44,175] {logging_mixin.py:109} INFO - [2022-03-03 15:34:44,174] {dag.py:2396} INFO - Sync 1 DAGs
[2022-03-03 15:34:44,232] {logging_mixin.py:109} INFO - [2022-03-03 15:34:44,231] {dag.py:2935} INFO - Setting next_dagrun for example_short_circuit_operator to 2022-03-02T15:34:44.231661+00:00
[2022-03-03 15:34:44,255] {processor.py:171} INFO - Processing /home/airflow/.local/lib/python3.7/site-packages/airflow/example_dags/example_short_circuit_operator.py took 0.171 seconds
[2022-03-03 15:35:14,427] {processor.py:163} INFO - Started process (PID=1899) to work on /home/airflow/.local/lib/python3.7/site-packages/airflow/example_dags/example_short_circuit_operator.py
[2022-03-03 15:35:14,428] {processor.py:642} INFO - Processing file /home/airflow/.local/lib/python3.7/site-packages/airflow/example_dags/example_short_circuit_operator.py for tasks to queue
[2022-03-03 15:35:14,429] {logging_mixin.py:109} INFO - [2022-03-03 15:35:14,429] {dagbag.py:500} INFO - Filling up the DagBag from /home/airflow/.local/lib/python3.7/site-packages/airflow/example_dags/example_short_circuit_operator.py
[2022-03-03 15:35:14,456] {processor.py:654} INFO - DAG(s) dict_keys(['example_short_circuit_operator']) retrieved from /home/airflow/.local/lib/python3.7/site-packages/airflow/example_dags/example_short_circuit_operator.py
[2022-03-03 15:35:14,467] {logging_mixin.py:109} INFO - [2022-03-03 15:35:14,466] {dag.py:2396} INFO - Sync 1 DAGs
[2022-03-03 15:35:14,482] {logging_mixin.py:109} INFO - [2022-03-03 15:35:14,482] {dag.py:2935} INFO - Setting next_dagrun for example_short_circuit_operator to 2022-03-02T15:35:14.482073+00:00
[2022-03-03 15:35:14,492] {processor.py:171} INFO - Processing /home/airflow/.local/lib/python3.7/site-packages/airflow/example_dags/example_short_circuit_operator.py took 0.069 seconds
[2022-03-03 15:35:44,999] {processor.py:163} INFO - Started process (PID=1955) to work on /home/airflow/.local/lib/python3.7/site-packages/airflow/example_dags/example_short_circuit_operator.py
[2022-03-03 15:35:45,002] {processor.py:642} INFO - Processing file /home/airflow/.local/lib/python3.7/site-packages/airflow/example_dags/example_short_circuit_operator.py for tasks to queue
[2022-03-03 15:35:45,003] {logging_mixin.py:109} INFO - [2022-03-03 15:35:45,003] {dagbag.py:500} INFO - Filling up the DagBag from /home/airflow/.local/lib/python3.7/site-packages/airflow/example_dags/example_short_circuit_operator.py
[2022-03-03 15:35:45,034] {processor.py:654} INFO - DAG(s) dict_keys(['example_short_circuit_operator']) retrieved from /home/airflow/.local/lib/python3.7/site-packages/airflow/example_dags/example_short_circuit_operator.py
[2022-03-03 15:35:45,044] {logging_mixin.py:109} INFO - [2022-03-03 15:35:45,044] {dag.py:2396} INFO - Sync 1 DAGs
[2022-03-03 15:35:45,063] {logging_mixin.py:109} INFO - [2022-03-03 15:35:45,063] {dag.py:2935} INFO - Setting next_dagrun for example_short_circuit_operator to 2022-03-02T15:35:45.062859+00:00
[2022-03-03 15:35:45,074] {processor.py:171} INFO - Processing /home/airflow/.local/lib/python3.7/site-packages/airflow/example_dags/example_short_circuit_operator.py took 0.079 seconds
[2022-03-03 15:36:15,160] {processor.py:163} INFO - Started process (PID=2011) to work on /home/airflow/.local/lib/python3.7/site-packages/airflow/example_dags/example_short_circuit_operator.py
[2022-03-03 15:36:15,161] {processor.py:642} INFO - Processing file /home/airflow/.local/lib/python3.7/site-packages/airflow/example_dags/example_short_circuit_operator.py for tasks to queue
[2022-03-03 15:36:15,162] {logging_mixin.py:109} INFO - [2022-03-03 15:36:15,162] {dagbag.py:500} INFO - Filling up the DagBag from /home/airflow/.local/lib/python3.7/site-packages/airflow/example_dags/example_short_circuit_operator.py
[2022-03-03 15:36:15,190] {processor.py:654} INFO - DAG(s) dict_keys(['example_short_circuit_operator']) retrieved from /home/airflow/.local/lib/python3.7/site-packages/airflow/example_dags/example_short_circuit_operator.py
[2022-03-03 15:36:15,205] {logging_mixin.py:109} INFO - [2022-03-03 15:36:15,205] {dag.py:2396} INFO - Sync 1 DAGs
[2022-03-03 15:36:15,220] {logging_mixin.py:109} INFO - [2022-03-03 15:36:15,220] {dag.py:2935} INFO - Setting next_dagrun for example_short_circuit_operator to 2022-03-02T15:36:15.220182+00:00
[2022-03-03 15:36:15,228] {processor.py:171} INFO - Processing /home/airflow/.local/lib/python3.7/site-packages/airflow/example_dags/example_short_circuit_operator.py took 0.072 seconds
[2022-03-03 15:36:45,322] {processor.py:163} INFO - Started process (PID=2066) to work on /home/airflow/.local/lib/python3.7/site-packages/airflow/example_dags/example_short_circuit_operator.py
[2022-03-03 15:36:45,331] {processor.py:642} INFO - Processing file /home/airflow/.local/lib/python3.7/site-packages/airflow/example_dags/example_short_circuit_operator.py for tasks to queue
[2022-03-03 15:36:45,334] {logging_mixin.py:109} INFO - [2022-03-03 15:36:45,334] {dagbag.py:500} INFO - Filling up the DagBag from /home/airflow/.local/lib/python3.7/site-packages/airflow/example_dags/example_short_circuit_operator.py
[2022-03-03 15:36:45,437] {processor.py:654} INFO - DAG(s) dict_keys(['example_short_circuit_operator']) retrieved from /home/airflow/.local/lib/python3.7/site-packages/airflow/example_dags/example_short_circuit_operator.py
[2022-03-03 15:36:45,458] {logging_mixin.py:109} INFO - [2022-03-03 15:36:45,458] {dag.py:2396} INFO - Sync 1 DAGs
[2022-03-03 15:36:45,488] {logging_mixin.py:109} INFO - [2022-03-03 15:36:45,488] {dag.py:2935} INFO - Setting next_dagrun for example_short_circuit_operator to 2022-03-02T15:36:45.487830+00:00
[2022-03-03 15:36:45,508] {processor.py:171} INFO - Processing /home/airflow/.local/lib/python3.7/site-packages/airflow/example_dags/example_short_circuit_operator.py took 0.196 seconds
[2022-03-03 15:37:15,862] {processor.py:163} INFO - Started process (PID=2134) to work on /home/airflow/.local/lib/python3.7/site-packages/airflow/example_dags/example_short_circuit_operator.py
[2022-03-03 15:37:15,864] {processor.py:642} INFO - Processing file /home/airflow/.local/lib/python3.7/site-packages/airflow/example_dags/example_short_circuit_operator.py for tasks to queue
[2022-03-03 15:37:15,872] {logging_mixin.py:109} INFO - [2022-03-03 15:37:15,872] {dagbag.py:500} INFO - Filling up the DagBag from /home/airflow/.local/lib/python3.7/site-packages/airflow/example_dags/example_short_circuit_operator.py
[2022-03-03 15:37:15,993] {processor.py:654} INFO - DAG(s) dict_keys(['example_short_circuit_operator']) retrieved from /home/airflow/.local/lib/python3.7/site-packages/airflow/example_dags/example_short_circuit_operator.py
[2022-03-03 15:37:16,037] {logging_mixin.py:109} INFO - [2022-03-03 15:37:16,037] {dag.py:2396} INFO - Sync 1 DAGs
[2022-03-03 15:37:16,113] {logging_mixin.py:109} INFO - [2022-03-03 15:37:16,113] {dag.py:2935} INFO - Setting next_dagrun for example_short_circuit_operator to 2022-03-02T15:37:16.111664+00:00
[2022-03-03 15:37:16,153] {processor.py:171} INFO - Processing /home/airflow/.local/lib/python3.7/site-packages/airflow/example_dags/example_short_circuit_operator.py took 0.295 seconds
[2022-03-03 15:37:46,553] {processor.py:163} INFO - Started process (PID=2189) to work on /home/airflow/.local/lib/python3.7/site-packages/airflow/example_dags/example_short_circuit_operator.py
[2022-03-03 15:37:46,556] {processor.py:642} INFO - Processing file /home/airflow/.local/lib/python3.7/site-packages/airflow/example_dags/example_short_circuit_operator.py for tasks to queue
[2022-03-03 15:37:46,562] {logging_mixin.py:109} INFO - [2022-03-03 15:37:46,561] {dagbag.py:500} INFO - Filling up the DagBag from /home/airflow/.local/lib/python3.7/site-packages/airflow/example_dags/example_short_circuit_operator.py
[2022-03-03 15:37:46,622] {processor.py:654} INFO - DAG(s) dict_keys(['example_short_circuit_operator']) retrieved from /home/airflow/.local/lib/python3.7/site-packages/airflow/example_dags/example_short_circuit_operator.py
[2022-03-03 15:37:46,637] {logging_mixin.py:109} INFO - [2022-03-03 15:37:46,636] {dag.py:2396} INFO - Sync 1 DAGs
[2022-03-03 15:37:46,655] {logging_mixin.py:109} INFO - [2022-03-03 15:37:46,655] {dag.py:2935} INFO - Setting next_dagrun for example_short_circuit_operator to 2022-03-02T15:37:46.654978+00:00
[2022-03-03 15:37:46,666] {processor.py:171} INFO - Processing /home/airflow/.local/lib/python3.7/site-packages/airflow/example_dags/example_short_circuit_operator.py took 0.120 seconds
[2022-03-03 15:38:17,670] {processor.py:163} INFO - Started process (PID=2245) to work on /home/airflow/.local/lib/python3.7/site-packages/airflow/example_dags/example_short_circuit_operator.py
[2022-03-03 15:38:17,673] {processor.py:642} INFO - Processing file /home/airflow/.local/lib/python3.7/site-packages/airflow/example_dags/example_short_circuit_operator.py for tasks to queue
[2022-03-03 15:38:17,675] {logging_mixin.py:109} INFO - [2022-03-03 15:38:17,675] {dagbag.py:500} INFO - Filling up the DagBag from /home/airflow/.local/lib/python3.7/site-packages/airflow/example_dags/example_short_circuit_operator.py
[2022-03-03 15:38:17,708] {processor.py:654} INFO - DAG(s) dict_keys(['example_short_circuit_operator']) retrieved from /home/airflow/.local/lib/python3.7/site-packages/airflow/example_dags/example_short_circuit_operator.py
[2022-03-03 15:38:17,728] {logging_mixin.py:109} INFO - [2022-03-03 15:38:17,728] {dag.py:2396} INFO - Sync 1 DAGs
[2022-03-03 15:38:17,754] {logging_mixin.py:109} INFO - [2022-03-03 15:38:17,754] {dag.py:2935} INFO - Setting next_dagrun for example_short_circuit_operator to 2022-03-02T15:38:17.754327+00:00
[2022-03-03 15:38:17,771] {processor.py:171} INFO - Processing /home/airflow/.local/lib/python3.7/site-packages/airflow/example_dags/example_short_circuit_operator.py took 0.107 seconds
[2022-03-03 15:38:47,821] {processor.py:163} INFO - Started process (PID=2298) to work on /home/airflow/.local/lib/python3.7/site-packages/airflow/example_dags/example_short_circuit_operator.py
[2022-03-03 15:38:47,823] {processor.py:642} INFO - Processing file /home/airflow/.local/lib/python3.7/site-packages/airflow/example_dags/example_short_circuit_operator.py for tasks to queue
[2022-03-03 15:38:47,824] {logging_mixin.py:109} INFO - [2022-03-03 15:38:47,824] {dagbag.py:500} INFO - Filling up the DagBag from /home/airflow/.local/lib/python3.7/site-packages/airflow/example_dags/example_short_circuit_operator.py
[2022-03-03 15:38:47,855] {processor.py:654} INFO - DAG(s) dict_keys(['example_short_circuit_operator']) retrieved from /home/airflow/.local/lib/python3.7/site-packages/airflow/example_dags/example_short_circuit_operator.py
[2022-03-03 15:38:47,879] {logging_mixin.py:109} INFO - [2022-03-03 15:38:47,879] {dag.py:2396} INFO - Sync 1 DAGs
[2022-03-03 15:38:47,904] {logging_mixin.py:109} INFO - [2022-03-03 15:38:47,904] {dag.py:2935} INFO - Setting next_dagrun for example_short_circuit_operator to 2022-03-02T15:38:47.904055+00:00
[2022-03-03 15:38:47,932] {processor.py:171} INFO - Processing /home/airflow/.local/lib/python3.7/site-packages/airflow/example_dags/example_short_circuit_operator.py took 0.114 seconds
[2022-03-03 15:39:18,272] {processor.py:163} INFO - Started process (PID=2352) to work on /home/airflow/.local/lib/python3.7/site-packages/airflow/example_dags/example_short_circuit_operator.py
[2022-03-03 15:39:18,275] {processor.py:642} INFO - Processing file /home/airflow/.local/lib/python3.7/site-packages/airflow/example_dags/example_short_circuit_operator.py for tasks to queue
[2022-03-03 15:39:18,277] {logging_mixin.py:109} INFO - [2022-03-03 15:39:18,277] {dagbag.py:500} INFO - Filling up the DagBag from /home/airflow/.local/lib/python3.7/site-packages/airflow/example_dags/example_short_circuit_operator.py
[2022-03-03 15:39:18,349] {processor.py:654} INFO - DAG(s) dict_keys(['example_short_circuit_operator']) retrieved from /home/airflow/.local/lib/python3.7/site-packages/airflow/example_dags/example_short_circuit_operator.py
[2022-03-03 15:39:18,375] {logging_mixin.py:109} INFO - [2022-03-03 15:39:18,375] {dag.py:2396} INFO - Sync 1 DAGs
[2022-03-03 15:39:18,415] {logging_mixin.py:109} INFO - [2022-03-03 15:39:18,415] {dag.py:2935} INFO - Setting next_dagrun for example_short_circuit_operator to 2022-03-02T15:39:18.415166+00:00
[2022-03-03 15:39:18,452] {processor.py:171} INFO - Processing /home/airflow/.local/lib/python3.7/site-packages/airflow/example_dags/example_short_circuit_operator.py took 0.197 seconds
[2022-03-03 15:39:49,401] {processor.py:163} INFO - Started process (PID=2419) to work on /home/airflow/.local/lib/python3.7/site-packages/airflow/example_dags/example_short_circuit_operator.py
[2022-03-03 15:39:49,406] {processor.py:642} INFO - Processing file /home/airflow/.local/lib/python3.7/site-packages/airflow/example_dags/example_short_circuit_operator.py for tasks to queue
[2022-03-03 15:39:49,410] {logging_mixin.py:109} INFO - [2022-03-03 15:39:49,409] {dagbag.py:500} INFO - Filling up the DagBag from /home/airflow/.local/lib/python3.7/site-packages/airflow/example_dags/example_short_circuit_operator.py
[2022-03-03 15:39:49,517] {processor.py:654} INFO - DAG(s) dict_keys(['example_short_circuit_operator']) retrieved from /home/airflow/.local/lib/python3.7/site-packages/airflow/example_dags/example_short_circuit_operator.py
[2022-03-03 15:39:49,566] {logging_mixin.py:109} INFO - [2022-03-03 15:39:49,566] {dag.py:2396} INFO - Sync 1 DAGs
[2022-03-03 15:39:49,657] {logging_mixin.py:109} INFO - [2022-03-03 15:39:49,657] {dag.py:2935} INFO - Setting next_dagrun for example_short_circuit_operator to 2022-03-02T15:39:49.647041+00:00
[2022-03-03 15:39:49,707] {processor.py:171} INFO - Processing /home/airflow/.local/lib/python3.7/site-packages/airflow/example_dags/example_short_circuit_operator.py took 0.320 seconds
[2022-03-03 15:40:19,852] {processor.py:163} INFO - Started process (PID=2472) to work on /home/airflow/.local/lib/python3.7/site-packages/airflow/example_dags/example_short_circuit_operator.py
[2022-03-03 15:40:19,854] {processor.py:642} INFO - Processing file /home/airflow/.local/lib/python3.7/site-packages/airflow/example_dags/example_short_circuit_operator.py for tasks to queue
[2022-03-03 15:40:19,856] {logging_mixin.py:109} INFO - [2022-03-03 15:40:19,856] {dagbag.py:500} INFO - Filling up the DagBag from /home/airflow/.local/lib/python3.7/site-packages/airflow/example_dags/example_short_circuit_operator.py
[2022-03-03 15:40:19,889] {processor.py:654} INFO - DAG(s) dict_keys(['example_short_circuit_operator']) retrieved from /home/airflow/.local/lib/python3.7/site-packages/airflow/example_dags/example_short_circuit_operator.py
[2022-03-03 15:40:19,905] {logging_mixin.py:109} INFO - [2022-03-03 15:40:19,905] {dag.py:2396} INFO - Sync 1 DAGs
[2022-03-03 15:40:19,927] {logging_mixin.py:109} INFO - [2022-03-03 15:40:19,927] {dag.py:2935} INFO - Setting next_dagrun for example_short_circuit_operator to 2022-03-02T15:40:19.927023+00:00
[2022-03-03 15:40:19,936] {processor.py:171} INFO - Processing /home/airflow/.local/lib/python3.7/site-packages/airflow/example_dags/example_short_circuit_operator.py took 0.089 seconds
[2022-03-03 15:40:49,961] {processor.py:163} INFO - Started process (PID=2530) to work on /home/airflow/.local/lib/python3.7/site-packages/airflow/example_dags/example_short_circuit_operator.py
[2022-03-03 15:40:49,966] {processor.py:642} INFO - Processing file /home/airflow/.local/lib/python3.7/site-packages/airflow/example_dags/example_short_circuit_operator.py for tasks to queue
[2022-03-03 15:40:49,967] {logging_mixin.py:109} INFO - [2022-03-03 15:40:49,967] {dagbag.py:500} INFO - Filling up the DagBag from /home/airflow/.local/lib/python3.7/site-packages/airflow/example_dags/example_short_circuit_operator.py
[2022-03-03 15:40:50,002] {processor.py:654} INFO - DAG(s) dict_keys(['example_short_circuit_operator']) retrieved from /home/airflow/.local/lib/python3.7/site-packages/airflow/example_dags/example_short_circuit_operator.py
[2022-03-03 15:40:50,019] {logging_mixin.py:109} INFO - [2022-03-03 15:40:50,019] {dag.py:2396} INFO - Sync 1 DAGs
[2022-03-03 15:40:50,040] {logging_mixin.py:109} INFO - [2022-03-03 15:40:50,040] {dag.py:2935} INFO - Setting next_dagrun for example_short_circuit_operator to 2022-03-02T15:40:50.040062+00:00
[2022-03-03 15:40:50,055] {processor.py:171} INFO - Processing /home/airflow/.local/lib/python3.7/site-packages/airflow/example_dags/example_short_circuit_operator.py took 0.099 seconds
[2022-03-03 15:41:20,647] {processor.py:163} INFO - Started process (PID=2587) to work on /home/airflow/.local/lib/python3.7/site-packages/airflow/example_dags/example_short_circuit_operator.py
[2022-03-03 15:41:20,651] {processor.py:642} INFO - Processing file /home/airflow/.local/lib/python3.7/site-packages/airflow/example_dags/example_short_circuit_operator.py for tasks to queue
[2022-03-03 15:41:20,654] {logging_mixin.py:109} INFO - [2022-03-03 15:41:20,653] {dagbag.py:500} INFO - Filling up the DagBag from /home/airflow/.local/lib/python3.7/site-packages/airflow/example_dags/example_short_circuit_operator.py
[2022-03-03 15:41:20,709] {processor.py:654} INFO - DAG(s) dict_keys(['example_short_circuit_operator']) retrieved from /home/airflow/.local/lib/python3.7/site-packages/airflow/example_dags/example_short_circuit_operator.py
[2022-03-03 15:41:20,742] {logging_mixin.py:109} INFO - [2022-03-03 15:41:20,742] {dag.py:2396} INFO - Sync 1 DAGs
[2022-03-03 15:41:20,775] {logging_mixin.py:109} INFO - [2022-03-03 15:41:20,775] {dag.py:2935} INFO - Setting next_dagrun for example_short_circuit_operator to 2022-03-02T15:41:20.774892+00:00
[2022-03-03 15:41:20,790] {processor.py:171} INFO - Processing /home/airflow/.local/lib/python3.7/site-packages/airflow/example_dags/example_short_circuit_operator.py took 0.156 seconds
[2022-03-03 15:41:51,373] {processor.py:163} INFO - Started process (PID=2650) to work on /home/airflow/.local/lib/python3.7/site-packages/airflow/example_dags/example_short_circuit_operator.py
[2022-03-03 15:41:51,390] {processor.py:642} INFO - Processing file /home/airflow/.local/lib/python3.7/site-packages/airflow/example_dags/example_short_circuit_operator.py for tasks to queue
[2022-03-03 15:41:51,391] {logging_mixin.py:109} INFO - [2022-03-03 15:41:51,391] {dagbag.py:500} INFO - Filling up the DagBag from /home/airflow/.local/lib/python3.7/site-packages/airflow/example_dags/example_short_circuit_operator.py
[2022-03-03 15:41:51,464] {processor.py:654} INFO - DAG(s) dict_keys(['example_short_circuit_operator']) retrieved from /home/airflow/.local/lib/python3.7/site-packages/airflow/example_dags/example_short_circuit_operator.py
[2022-03-03 15:41:51,487] {logging_mixin.py:109} INFO - [2022-03-03 15:41:51,487] {dag.py:2396} INFO - Sync 1 DAGs
[2022-03-03 15:41:51,538] {logging_mixin.py:109} INFO - [2022-03-03 15:41:51,538] {dag.py:2935} INFO - Setting next_dagrun for example_short_circuit_operator to 2022-03-02T15:41:51.537672+00:00
[2022-03-03 15:41:51,569] {processor.py:171} INFO - Processing /home/airflow/.local/lib/python3.7/site-packages/airflow/example_dags/example_short_circuit_operator.py took 0.214 seconds
[2022-03-03 15:42:21,950] {processor.py:163} INFO - Started process (PID=2705) to work on /home/airflow/.local/lib/python3.7/site-packages/airflow/example_dags/example_short_circuit_operator.py
[2022-03-03 15:42:21,953] {processor.py:642} INFO - Processing file /home/airflow/.local/lib/python3.7/site-packages/airflow/example_dags/example_short_circuit_operator.py for tasks to queue
[2022-03-03 15:42:21,955] {logging_mixin.py:109} INFO - [2022-03-03 15:42:21,954] {dagbag.py:500} INFO - Filling up the DagBag from /home/airflow/.local/lib/python3.7/site-packages/airflow/example_dags/example_short_circuit_operator.py
[2022-03-03 15:42:21,998] {processor.py:654} INFO - DAG(s) dict_keys(['example_short_circuit_operator']) retrieved from /home/airflow/.local/lib/python3.7/site-packages/airflow/example_dags/example_short_circuit_operator.py
[2022-03-03 15:42:22,017] {logging_mixin.py:109} INFO - [2022-03-03 15:42:22,017] {dag.py:2396} INFO - Sync 1 DAGs
[2022-03-03 15:42:22,048] {logging_mixin.py:109} INFO - [2022-03-03 15:42:22,048] {dag.py:2935} INFO - Setting next_dagrun for example_short_circuit_operator to 2022-03-02T15:42:22.047836+00:00
[2022-03-03 15:42:22,064] {processor.py:171} INFO - Processing /home/airflow/.local/lib/python3.7/site-packages/airflow/example_dags/example_short_circuit_operator.py took 0.121 seconds
[2022-03-03 15:42:52,452] {processor.py:163} INFO - Started process (PID=2770) to work on /home/airflow/.local/lib/python3.7/site-packages/airflow/example_dags/example_short_circuit_operator.py
[2022-03-03 15:42:52,454] {processor.py:642} INFO - Processing file /home/airflow/.local/lib/python3.7/site-packages/airflow/example_dags/example_short_circuit_operator.py for tasks to queue
[2022-03-03 15:42:52,456] {logging_mixin.py:109} INFO - [2022-03-03 15:42:52,455] {dagbag.py:500} INFO - Filling up the DagBag from /home/airflow/.local/lib/python3.7/site-packages/airflow/example_dags/example_short_circuit_operator.py
[2022-03-03 15:42:52,485] {processor.py:654} INFO - DAG(s) dict_keys(['example_short_circuit_operator']) retrieved from /home/airflow/.local/lib/python3.7/site-packages/airflow/example_dags/example_short_circuit_operator.py
[2022-03-03 15:42:52,507] {logging_mixin.py:109} INFO - [2022-03-03 15:42:52,506] {dag.py:2396} INFO - Sync 1 DAGs
[2022-03-03 15:42:52,525] {logging_mixin.py:109} INFO - [2022-03-03 15:42:52,525] {dag.py:2935} INFO - Setting next_dagrun for example_short_circuit_operator to 2022-03-02T15:42:52.525343+00:00
[2022-03-03 15:42:52,536] {processor.py:171} INFO - Processing /home/airflow/.local/lib/python3.7/site-packages/airflow/example_dags/example_short_circuit_operator.py took 0.088 seconds
[2022-03-03 15:43:23,416] {processor.py:163} INFO - Started process (PID=2824) to work on /home/airflow/.local/lib/python3.7/site-packages/airflow/example_dags/example_short_circuit_operator.py
[2022-03-03 15:43:23,418] {processor.py:642} INFO - Processing file /home/airflow/.local/lib/python3.7/site-packages/airflow/example_dags/example_short_circuit_operator.py for tasks to queue
[2022-03-03 15:43:23,419] {logging_mixin.py:109} INFO - [2022-03-03 15:43:23,418] {dagbag.py:500} INFO - Filling up the DagBag from /home/airflow/.local/lib/python3.7/site-packages/airflow/example_dags/example_short_circuit_operator.py
[2022-03-03 15:43:23,463] {processor.py:654} INFO - DAG(s) dict_keys(['example_short_circuit_operator']) retrieved from /home/airflow/.local/lib/python3.7/site-packages/airflow/example_dags/example_short_circuit_operator.py
[2022-03-03 15:43:23,481] {logging_mixin.py:109} INFO - [2022-03-03 15:43:23,481] {dag.py:2396} INFO - Sync 1 DAGs
[2022-03-03 15:43:23,507] {logging_mixin.py:109} INFO - [2022-03-03 15:43:23,507] {dag.py:2935} INFO - Setting next_dagrun for example_short_circuit_operator to 2022-03-02T15:43:23.506954+00:00
[2022-03-03 15:43:23,521] {processor.py:171} INFO - Processing /home/airflow/.local/lib/python3.7/site-packages/airflow/example_dags/example_short_circuit_operator.py took 0.108 seconds
[2022-03-03 15:43:53,925] {processor.py:163} INFO - Started process (PID=2878) to work on /home/airflow/.local/lib/python3.7/site-packages/airflow/example_dags/example_short_circuit_operator.py
[2022-03-03 15:43:53,932] {processor.py:642} INFO - Processing file /home/airflow/.local/lib/python3.7/site-packages/airflow/example_dags/example_short_circuit_operator.py for tasks to queue
[2022-03-03 15:43:53,935] {logging_mixin.py:109} INFO - [2022-03-03 15:43:53,934] {dagbag.py:500} INFO - Filling up the DagBag from /home/airflow/.local/lib/python3.7/site-packages/airflow/example_dags/example_short_circuit_operator.py
[2022-03-03 15:43:53,990] {processor.py:654} INFO - DAG(s) dict_keys(['example_short_circuit_operator']) retrieved from /home/airflow/.local/lib/python3.7/site-packages/airflow/example_dags/example_short_circuit_operator.py
[2022-03-03 15:43:54,003] {logging_mixin.py:109} INFO - [2022-03-03 15:43:54,002] {dag.py:2396} INFO - Sync 1 DAGs
[2022-03-03 15:43:54,026] {logging_mixin.py:109} INFO - [2022-03-03 15:43:54,026] {dag.py:2935} INFO - Setting next_dagrun for example_short_circuit_operator to 2022-03-02T15:43:54.026488+00:00
[2022-03-03 15:43:54,044] {processor.py:171} INFO - Processing /home/airflow/.local/lib/python3.7/site-packages/airflow/example_dags/example_short_circuit_operator.py took 0.122 seconds
[2022-03-03 15:44:24,403] {processor.py:163} INFO - Started process (PID=2935) to work on /home/airflow/.local/lib/python3.7/site-packages/airflow/example_dags/example_short_circuit_operator.py
[2022-03-03 15:44:24,405] {processor.py:642} INFO - Processing file /home/airflow/.local/lib/python3.7/site-packages/airflow/example_dags/example_short_circuit_operator.py for tasks to queue
[2022-03-03 15:44:24,406] {logging_mixin.py:109} INFO - [2022-03-03 15:44:24,406] {dagbag.py:500} INFO - Filling up the DagBag from /home/airflow/.local/lib/python3.7/site-packages/airflow/example_dags/example_short_circuit_operator.py
[2022-03-03 15:44:24,482] {processor.py:654} INFO - DAG(s) dict_keys(['example_short_circuit_operator']) retrieved from /home/airflow/.local/lib/python3.7/site-packages/airflow/example_dags/example_short_circuit_operator.py
[2022-03-03 15:44:24,521] {logging_mixin.py:109} INFO - [2022-03-03 15:44:24,520] {dag.py:2396} INFO - Sync 1 DAGs
[2022-03-03 15:44:24,536] {logging_mixin.py:109} INFO - [2022-03-03 15:44:24,536] {dag.py:2935} INFO - Setting next_dagrun for example_short_circuit_operator to 2022-03-02T15:44:24.535957+00:00
[2022-03-03 15:44:24,556] {processor.py:171} INFO - Processing /home/airflow/.local/lib/python3.7/site-packages/airflow/example_dags/example_short_circuit_operator.py took 0.160 seconds
[2022-03-03 15:44:54,782] {processor.py:163} INFO - Started process (PID=2993) to work on /home/airflow/.local/lib/python3.7/site-packages/airflow/example_dags/example_short_circuit_operator.py
[2022-03-03 15:44:54,785] {processor.py:642} INFO - Processing file /home/airflow/.local/lib/python3.7/site-packages/airflow/example_dags/example_short_circuit_operator.py for tasks to queue
[2022-03-03 15:44:54,787] {logging_mixin.py:109} INFO - [2022-03-03 15:44:54,787] {dagbag.py:500} INFO - Filling up the DagBag from /home/airflow/.local/lib/python3.7/site-packages/airflow/example_dags/example_short_circuit_operator.py
[2022-03-03 15:44:54,834] {processor.py:654} INFO - DAG(s) dict_keys(['example_short_circuit_operator']) retrieved from /home/airflow/.local/lib/python3.7/site-packages/airflow/example_dags/example_short_circuit_operator.py
[2022-03-03 15:44:54,853] {logging_mixin.py:109} INFO - [2022-03-03 15:44:54,853] {dag.py:2396} INFO - Sync 1 DAGs
[2022-03-03 15:44:54,897] {logging_mixin.py:109} INFO - [2022-03-03 15:44:54,897] {dag.py:2935} INFO - Setting next_dagrun for example_short_circuit_operator to 2022-03-02T15:44:54.896818+00:00
[2022-03-03 15:44:54,916] {processor.py:171} INFO - Processing /home/airflow/.local/lib/python3.7/site-packages/airflow/example_dags/example_short_circuit_operator.py took 0.147 seconds
[2022-03-03 15:45:24,967] {processor.py:163} INFO - Started process (PID=3055) to work on /home/airflow/.local/lib/python3.7/site-packages/airflow/example_dags/example_short_circuit_operator.py
[2022-03-03 15:45:24,974] {processor.py:642} INFO - Processing file /home/airflow/.local/lib/python3.7/site-packages/airflow/example_dags/example_short_circuit_operator.py for tasks to queue
[2022-03-03 15:45:24,977] {logging_mixin.py:109} INFO - [2022-03-03 15:45:24,977] {dagbag.py:500} INFO - Filling up the DagBag from /home/airflow/.local/lib/python3.7/site-packages/airflow/example_dags/example_short_circuit_operator.py
[2022-03-03 15:45:25,012] {processor.py:654} INFO - DAG(s) dict_keys(['example_short_circuit_operator']) retrieved from /home/airflow/.local/lib/python3.7/site-packages/airflow/example_dags/example_short_circuit_operator.py
[2022-03-03 15:45:25,022] {logging_mixin.py:109} INFO - [2022-03-03 15:45:25,022] {dag.py:2396} INFO - Sync 1 DAGs
[2022-03-03 15:45:25,061] {logging_mixin.py:109} INFO - [2022-03-03 15:45:25,061] {dag.py:2935} INFO - Setting next_dagrun for example_short_circuit_operator to 2022-03-02T15:45:25.061068+00:00
[2022-03-03 15:45:25,086] {processor.py:171} INFO - Processing /home/airflow/.local/lib/python3.7/site-packages/airflow/example_dags/example_short_circuit_operator.py took 0.131 seconds
[2022-03-03 15:45:56,040] {processor.py:163} INFO - Started process (PID=3120) to work on /home/airflow/.local/lib/python3.7/site-packages/airflow/example_dags/example_short_circuit_operator.py
[2022-03-03 15:45:56,041] {processor.py:642} INFO - Processing file /home/airflow/.local/lib/python3.7/site-packages/airflow/example_dags/example_short_circuit_operator.py for tasks to queue
[2022-03-03 15:45:56,043] {logging_mixin.py:109} INFO - [2022-03-03 15:45:56,042] {dagbag.py:500} INFO - Filling up the DagBag from /home/airflow/.local/lib/python3.7/site-packages/airflow/example_dags/example_short_circuit_operator.py
[2022-03-03 15:45:56,091] {processor.py:654} INFO - DAG(s) dict_keys(['example_short_circuit_operator']) retrieved from /home/airflow/.local/lib/python3.7/site-packages/airflow/example_dags/example_short_circuit_operator.py
[2022-03-03 15:45:56,110] {logging_mixin.py:109} INFO - [2022-03-03 15:45:56,109] {dag.py:2396} INFO - Sync 1 DAGs
[2022-03-03 15:45:56,144] {logging_mixin.py:109} INFO - [2022-03-03 15:45:56,144] {dag.py:2935} INFO - Setting next_dagrun for example_short_circuit_operator to 2022-03-02T15:45:56.144552+00:00
[2022-03-03 15:45:56,169] {processor.py:171} INFO - Processing /home/airflow/.local/lib/python3.7/site-packages/airflow/example_dags/example_short_circuit_operator.py took 0.133 seconds
[2022-03-03 15:46:26,311] {processor.py:163} INFO - Started process (PID=3177) to work on /home/airflow/.local/lib/python3.7/site-packages/airflow/example_dags/example_short_circuit_operator.py
[2022-03-03 15:46:26,313] {processor.py:642} INFO - Processing file /home/airflow/.local/lib/python3.7/site-packages/airflow/example_dags/example_short_circuit_operator.py for tasks to queue
[2022-03-03 15:46:26,315] {logging_mixin.py:109} INFO - [2022-03-03 15:46:26,315] {dagbag.py:500} INFO - Filling up the DagBag from /home/airflow/.local/lib/python3.7/site-packages/airflow/example_dags/example_short_circuit_operator.py
[2022-03-03 15:46:26,343] {processor.py:654} INFO - DAG(s) dict_keys(['example_short_circuit_operator']) retrieved from /home/airflow/.local/lib/python3.7/site-packages/airflow/example_dags/example_short_circuit_operator.py
[2022-03-03 15:46:26,354] {logging_mixin.py:109} INFO - [2022-03-03 15:46:26,354] {dag.py:2396} INFO - Sync 1 DAGs
[2022-03-03 15:46:26,369] {logging_mixin.py:109} INFO - [2022-03-03 15:46:26,369] {dag.py:2935} INFO - Setting next_dagrun for example_short_circuit_operator to 2022-03-02T15:46:26.368924+00:00
[2022-03-03 15:46:26,379] {processor.py:171} INFO - Processing /home/airflow/.local/lib/python3.7/site-packages/airflow/example_dags/example_short_circuit_operator.py took 0.072 seconds
[2022-03-03 15:46:56,756] {processor.py:163} INFO - Started process (PID=3244) to work on /home/airflow/.local/lib/python3.7/site-packages/airflow/example_dags/example_short_circuit_operator.py
[2022-03-03 15:46:56,759] {processor.py:642} INFO - Processing file /home/airflow/.local/lib/python3.7/site-packages/airflow/example_dags/example_short_circuit_operator.py for tasks to queue
[2022-03-03 15:46:56,761] {logging_mixin.py:109} INFO - [2022-03-03 15:46:56,760] {dagbag.py:500} INFO - Filling up the DagBag from /home/airflow/.local/lib/python3.7/site-packages/airflow/example_dags/example_short_circuit_operator.py
[2022-03-03 15:46:56,812] {processor.py:654} INFO - DAG(s) dict_keys(['example_short_circuit_operator']) retrieved from /home/airflow/.local/lib/python3.7/site-packages/airflow/example_dags/example_short_circuit_operator.py
[2022-03-03 15:46:56,846] {logging_mixin.py:109} INFO - [2022-03-03 15:46:56,846] {dag.py:2396} INFO - Sync 1 DAGs
[2022-03-03 15:46:56,901] {logging_mixin.py:109} INFO - [2022-03-03 15:46:56,901] {dag.py:2935} INFO - Setting next_dagrun for example_short_circuit_operator to 2022-03-02T15:46:56.901257+00:00
[2022-03-03 15:46:56,930] {processor.py:171} INFO - Processing /home/airflow/.local/lib/python3.7/site-packages/airflow/example_dags/example_short_circuit_operator.py took 0.177 seconds
[2022-03-03 15:47:27,354] {processor.py:163} INFO - Started process (PID=3301) to work on /home/airflow/.local/lib/python3.7/site-packages/airflow/example_dags/example_short_circuit_operator.py
[2022-03-03 15:47:27,357] {processor.py:642} INFO - Processing file /home/airflow/.local/lib/python3.7/site-packages/airflow/example_dags/example_short_circuit_operator.py for tasks to queue
[2022-03-03 15:47:27,368] {logging_mixin.py:109} INFO - [2022-03-03 15:47:27,368] {dagbag.py:500} INFO - Filling up the DagBag from /home/airflow/.local/lib/python3.7/site-packages/airflow/example_dags/example_short_circuit_operator.py
[2022-03-03 15:47:27,501] {processor.py:654} INFO - DAG(s) dict_keys(['example_short_circuit_operator']) retrieved from /home/airflow/.local/lib/python3.7/site-packages/airflow/example_dags/example_short_circuit_operator.py
[2022-03-03 15:47:27,555] {logging_mixin.py:109} INFO - [2022-03-03 15:47:27,554] {dag.py:2396} INFO - Sync 1 DAGs
[2022-03-03 15:47:27,657] {logging_mixin.py:109} INFO - [2022-03-03 15:47:27,657] {dag.py:2935} INFO - Setting next_dagrun for example_short_circuit_operator to 2022-03-02T15:47:27.656798+00:00
[2022-03-03 15:47:27,696] {processor.py:171} INFO - Processing /home/airflow/.local/lib/python3.7/site-packages/airflow/example_dags/example_short_circuit_operator.py took 0.356 seconds
[2022-03-03 15:47:57,853] {processor.py:163} INFO - Started process (PID=3356) to work on /home/airflow/.local/lib/python3.7/site-packages/airflow/example_dags/example_short_circuit_operator.py
[2022-03-03 15:47:57,857] {processor.py:642} INFO - Processing file /home/airflow/.local/lib/python3.7/site-packages/airflow/example_dags/example_short_circuit_operator.py for tasks to queue
[2022-03-03 15:47:57,862] {logging_mixin.py:109} INFO - [2022-03-03 15:47:57,862] {dagbag.py:500} INFO - Filling up the DagBag from /home/airflow/.local/lib/python3.7/site-packages/airflow/example_dags/example_short_circuit_operator.py
[2022-03-03 15:47:57,963] {processor.py:654} INFO - DAG(s) dict_keys(['example_short_circuit_operator']) retrieved from /home/airflow/.local/lib/python3.7/site-packages/airflow/example_dags/example_short_circuit_operator.py
[2022-03-03 15:47:57,981] {logging_mixin.py:109} INFO - [2022-03-03 15:47:57,981] {dag.py:2396} INFO - Sync 1 DAGs
[2022-03-03 15:47:58,013] {logging_mixin.py:109} INFO - [2022-03-03 15:47:58,012] {dag.py:2935} INFO - Setting next_dagrun for example_short_circuit_operator to 2022-03-02T15:47:58.012597+00:00
[2022-03-03 15:47:58,025] {processor.py:171} INFO - Processing /home/airflow/.local/lib/python3.7/site-packages/airflow/example_dags/example_short_circuit_operator.py took 0.187 seconds
[2022-03-03 15:48:28,138] {processor.py:163} INFO - Started process (PID=3423) to work on /home/airflow/.local/lib/python3.7/site-packages/airflow/example_dags/example_short_circuit_operator.py
[2022-03-03 15:48:28,140] {processor.py:642} INFO - Processing file /home/airflow/.local/lib/python3.7/site-packages/airflow/example_dags/example_short_circuit_operator.py for tasks to queue
[2022-03-03 15:48:28,142] {logging_mixin.py:109} INFO - [2022-03-03 15:48:28,141] {dagbag.py:500} INFO - Filling up the DagBag from /home/airflow/.local/lib/python3.7/site-packages/airflow/example_dags/example_short_circuit_operator.py
[2022-03-03 15:48:28,170] {processor.py:654} INFO - DAG(s) dict_keys(['example_short_circuit_operator']) retrieved from /home/airflow/.local/lib/python3.7/site-packages/airflow/example_dags/example_short_circuit_operator.py
[2022-03-03 15:48:28,187] {logging_mixin.py:109} INFO - [2022-03-03 15:48:28,187] {dag.py:2396} INFO - Sync 1 DAGs
[2022-03-03 15:48:28,206] {logging_mixin.py:109} INFO - [2022-03-03 15:48:28,206] {dag.py:2935} INFO - Setting next_dagrun for example_short_circuit_operator to 2022-03-02T15:48:28.206420+00:00
[2022-03-03 15:48:28,218] {processor.py:171} INFO - Processing /home/airflow/.local/lib/python3.7/site-packages/airflow/example_dags/example_short_circuit_operator.py took 0.085 seconds
[2022-03-03 15:48:58,702] {processor.py:163} INFO - Started process (PID=3476) to work on /home/airflow/.local/lib/python3.7/site-packages/airflow/example_dags/example_short_circuit_operator.py
[2022-03-03 15:48:58,709] {processor.py:642} INFO - Processing file /home/airflow/.local/lib/python3.7/site-packages/airflow/example_dags/example_short_circuit_operator.py for tasks to queue
[2022-03-03 15:48:58,710] {logging_mixin.py:109} INFO - [2022-03-03 15:48:58,710] {dagbag.py:500} INFO - Filling up the DagBag from /home/airflow/.local/lib/python3.7/site-packages/airflow/example_dags/example_short_circuit_operator.py
[2022-03-03 15:48:58,760] {processor.py:654} INFO - DAG(s) dict_keys(['example_short_circuit_operator']) retrieved from /home/airflow/.local/lib/python3.7/site-packages/airflow/example_dags/example_short_circuit_operator.py
[2022-03-03 15:48:58,779] {logging_mixin.py:109} INFO - [2022-03-03 15:48:58,779] {dag.py:2396} INFO - Sync 1 DAGs
[2022-03-03 15:48:58,837] {logging_mixin.py:109} INFO - [2022-03-03 15:48:58,837] {dag.py:2935} INFO - Setting next_dagrun for example_short_circuit_operator to 2022-03-02T15:48:58.837485+00:00
[2022-03-03 15:48:58,903] {processor.py:171} INFO - Processing /home/airflow/.local/lib/python3.7/site-packages/airflow/example_dags/example_short_circuit_operator.py took 0.204 seconds
[2022-03-03 15:49:29,209] {processor.py:163} INFO - Started process (PID=3530) to work on /home/airflow/.local/lib/python3.7/site-packages/airflow/example_dags/example_short_circuit_operator.py
[2022-03-03 15:49:29,211] {processor.py:642} INFO - Processing file /home/airflow/.local/lib/python3.7/site-packages/airflow/example_dags/example_short_circuit_operator.py for tasks to queue
[2022-03-03 15:49:29,212] {logging_mixin.py:109} INFO - [2022-03-03 15:49:29,212] {dagbag.py:500} INFO - Filling up the DagBag from /home/airflow/.local/lib/python3.7/site-packages/airflow/example_dags/example_short_circuit_operator.py
[2022-03-03 15:49:29,258] {processor.py:654} INFO - DAG(s) dict_keys(['example_short_circuit_operator']) retrieved from /home/airflow/.local/lib/python3.7/site-packages/airflow/example_dags/example_short_circuit_operator.py
[2022-03-03 15:49:29,277] {logging_mixin.py:109} INFO - [2022-03-03 15:49:29,276] {dag.py:2396} INFO - Sync 1 DAGs
[2022-03-03 15:49:29,303] {logging_mixin.py:109} INFO - [2022-03-03 15:49:29,303] {dag.py:2935} INFO - Setting next_dagrun for example_short_circuit_operator to 2022-03-02T15:49:29.302726+00:00
[2022-03-03 15:49:29,319] {processor.py:171} INFO - Processing /home/airflow/.local/lib/python3.7/site-packages/airflow/example_dags/example_short_circuit_operator.py took 0.117 seconds
[2022-03-03 15:49:59,716] {processor.py:163} INFO - Started process (PID=3597) to work on /home/airflow/.local/lib/python3.7/site-packages/airflow/example_dags/example_short_circuit_operator.py
[2022-03-03 15:49:59,733] {processor.py:642} INFO - Processing file /home/airflow/.local/lib/python3.7/site-packages/airflow/example_dags/example_short_circuit_operator.py for tasks to queue
[2022-03-03 15:49:59,736] {logging_mixin.py:109} INFO - [2022-03-03 15:49:59,735] {dagbag.py:500} INFO - Filling up the DagBag from /home/airflow/.local/lib/python3.7/site-packages/airflow/example_dags/example_short_circuit_operator.py
[2022-03-03 15:49:59,795] {processor.py:654} INFO - DAG(s) dict_keys(['example_short_circuit_operator']) retrieved from /home/airflow/.local/lib/python3.7/site-packages/airflow/example_dags/example_short_circuit_operator.py
[2022-03-03 15:49:59,828] {logging_mixin.py:109} INFO - [2022-03-03 15:49:59,828] {dag.py:2396} INFO - Sync 1 DAGs
[2022-03-03 15:49:59,860] {logging_mixin.py:109} INFO - [2022-03-03 15:49:59,860] {dag.py:2935} INFO - Setting next_dagrun for example_short_circuit_operator to 2022-03-02T15:49:59.860538+00:00
[2022-03-03 15:49:59,958] {processor.py:171} INFO - Processing /home/airflow/.local/lib/python3.7/site-packages/airflow/example_dags/example_short_circuit_operator.py took 0.245 seconds
[2022-03-03 15:50:30,576] {processor.py:163} INFO - Started process (PID=3657) to work on /home/airflow/.local/lib/python3.7/site-packages/airflow/example_dags/example_short_circuit_operator.py
[2022-03-03 15:50:30,586] {processor.py:642} INFO - Processing file /home/airflow/.local/lib/python3.7/site-packages/airflow/example_dags/example_short_circuit_operator.py for tasks to queue
[2022-03-03 15:50:30,588] {logging_mixin.py:109} INFO - [2022-03-03 15:50:30,588] {dagbag.py:500} INFO - Filling up the DagBag from /home/airflow/.local/lib/python3.7/site-packages/airflow/example_dags/example_short_circuit_operator.py
[2022-03-03 15:50:30,679] {processor.py:654} INFO - DAG(s) dict_keys(['example_short_circuit_operator']) retrieved from /home/airflow/.local/lib/python3.7/site-packages/airflow/example_dags/example_short_circuit_operator.py
[2022-03-03 15:50:30,720] {logging_mixin.py:109} INFO - [2022-03-03 15:50:30,720] {dag.py:2396} INFO - Sync 1 DAGs
[2022-03-03 15:50:30,736] {logging_mixin.py:109} INFO - [2022-03-03 15:50:30,736] {dag.py:2935} INFO - Setting next_dagrun for example_short_circuit_operator to 2022-03-02T15:50:30.735867+00:00
[2022-03-03 15:50:30,746] {processor.py:171} INFO - Processing /home/airflow/.local/lib/python3.7/site-packages/airflow/example_dags/example_short_circuit_operator.py took 0.184 seconds
[2022-03-03 15:51:01,036] {processor.py:163} INFO - Started process (PID=3714) to work on /home/airflow/.local/lib/python3.7/site-packages/airflow/example_dags/example_short_circuit_operator.py
[2022-03-03 15:51:01,039] {processor.py:642} INFO - Processing file /home/airflow/.local/lib/python3.7/site-packages/airflow/example_dags/example_short_circuit_operator.py for tasks to queue
[2022-03-03 15:51:01,052] {logging_mixin.py:109} INFO - [2022-03-03 15:51:01,052] {dagbag.py:500} INFO - Filling up the DagBag from /home/airflow/.local/lib/python3.7/site-packages/airflow/example_dags/example_short_circuit_operator.py
[2022-03-03 15:51:01,087] {processor.py:654} INFO - DAG(s) dict_keys(['example_short_circuit_operator']) retrieved from /home/airflow/.local/lib/python3.7/site-packages/airflow/example_dags/example_short_circuit_operator.py
[2022-03-03 15:51:01,106] {logging_mixin.py:109} INFO - [2022-03-03 15:51:01,106] {dag.py:2396} INFO - Sync 1 DAGs
[2022-03-03 15:51:01,127] {logging_mixin.py:109} INFO - [2022-03-03 15:51:01,127] {dag.py:2935} INFO - Setting next_dagrun for example_short_circuit_operator to 2022-03-02T15:51:01.127366+00:00
[2022-03-03 15:51:01,140] {processor.py:171} INFO - Processing /home/airflow/.local/lib/python3.7/site-packages/airflow/example_dags/example_short_circuit_operator.py took 0.111 seconds
