[2022-03-03 15:18:46,778] {processor.py:163} INFO - Started process (PID=85) to work on /home/airflow/.local/lib/python3.7/site-packages/airflow/example_dags/example_time_delta_sensor_async.py
[2022-03-03 15:18:46,781] {processor.py:642} INFO - Processing file /home/airflow/.local/lib/python3.7/site-packages/airflow/example_dags/example_time_delta_sensor_async.py for tasks to queue
[2022-03-03 15:18:46,785] {logging_mixin.py:109} INFO - [2022-03-03 15:18:46,785] {dagbag.py:500} INFO - Filling up the DagBag from /home/airflow/.local/lib/python3.7/site-packages/airflow/example_dags/example_time_delta_sensor_async.py
[2022-03-03 15:18:46,920] {processor.py:654} INFO - DAG(s) dict_keys(['example_time_delta_sensor_async']) retrieved from /home/airflow/.local/lib/python3.7/site-packages/airflow/example_dags/example_time_delta_sensor_async.py
[2022-03-03 15:18:46,989] {logging_mixin.py:109} INFO - [2022-03-03 15:18:46,989] {dag.py:2396} INFO - Sync 1 DAGs
[2022-03-03 15:18:47,067] {logging_mixin.py:109} INFO - [2022-03-03 15:18:47,067] {dag.py:2935} INFO - Setting next_dagrun for example_time_delta_sensor_async to None
[2022-03-03 15:18:47,121] {processor.py:171} INFO - Processing /home/airflow/.local/lib/python3.7/site-packages/airflow/example_dags/example_time_delta_sensor_async.py took 0.356 seconds
[2022-03-03 15:19:17,236] {processor.py:163} INFO - Started process (PID=138) to work on /home/airflow/.local/lib/python3.7/site-packages/airflow/example_dags/example_time_delta_sensor_async.py
[2022-03-03 15:19:17,244] {processor.py:642} INFO - Processing file /home/airflow/.local/lib/python3.7/site-packages/airflow/example_dags/example_time_delta_sensor_async.py for tasks to queue
[2022-03-03 15:19:17,252] {logging_mixin.py:109} INFO - [2022-03-03 15:19:17,251] {dagbag.py:500} INFO - Filling up the DagBag from /home/airflow/.local/lib/python3.7/site-packages/airflow/example_dags/example_time_delta_sensor_async.py
[2022-03-03 15:19:17,458] {processor.py:654} INFO - DAG(s) dict_keys(['example_time_delta_sensor_async']) retrieved from /home/airflow/.local/lib/python3.7/site-packages/airflow/example_dags/example_time_delta_sensor_async.py
[2022-03-03 15:19:17,492] {logging_mixin.py:109} INFO - [2022-03-03 15:19:17,492] {dag.py:2396} INFO - Sync 1 DAGs
[2022-03-03 15:19:17,522] {logging_mixin.py:109} INFO - [2022-03-03 15:19:17,522] {dag.py:2935} INFO - Setting next_dagrun for example_time_delta_sensor_async to None
[2022-03-03 15:19:17,540] {processor.py:171} INFO - Processing /home/airflow/.local/lib/python3.7/site-packages/airflow/example_dags/example_time_delta_sensor_async.py took 0.338 seconds
[2022-03-03 15:19:48,264] {processor.py:163} INFO - Started process (PID=191) to work on /home/airflow/.local/lib/python3.7/site-packages/airflow/example_dags/example_time_delta_sensor_async.py
[2022-03-03 15:19:48,245] {processor.py:642} INFO - Processing file /home/airflow/.local/lib/python3.7/site-packages/airflow/example_dags/example_time_delta_sensor_async.py for tasks to queue
[2022-03-03 15:19:48,247] {logging_mixin.py:109} INFO - [2022-03-03 15:19:48,247] {dagbag.py:500} INFO - Filling up the DagBag from /home/airflow/.local/lib/python3.7/site-packages/airflow/example_dags/example_time_delta_sensor_async.py
[2022-03-03 15:19:48,297] {processor.py:654} INFO - DAG(s) dict_keys(['example_time_delta_sensor_async']) retrieved from /home/airflow/.local/lib/python3.7/site-packages/airflow/example_dags/example_time_delta_sensor_async.py
[2022-03-03 15:19:48,313] {logging_mixin.py:109} INFO - [2022-03-03 15:19:48,313] {dag.py:2396} INFO - Sync 1 DAGs
[2022-03-03 15:19:48,331] {logging_mixin.py:109} INFO - [2022-03-03 15:19:48,331] {dag.py:2935} INFO - Setting next_dagrun for example_time_delta_sensor_async to None
[2022-03-03 15:19:48,341] {processor.py:171} INFO - Processing /home/airflow/.local/lib/python3.7/site-packages/airflow/example_dags/example_time_delta_sensor_async.py took 0.105 seconds
[2022-03-03 15:20:19,180] {processor.py:163} INFO - Started process (PID=246) to work on /home/airflow/.local/lib/python3.7/site-packages/airflow/example_dags/example_time_delta_sensor_async.py
[2022-03-03 15:20:19,184] {processor.py:642} INFO - Processing file /home/airflow/.local/lib/python3.7/site-packages/airflow/example_dags/example_time_delta_sensor_async.py for tasks to queue
[2022-03-03 15:20:19,185] {logging_mixin.py:109} INFO - [2022-03-03 15:20:19,185] {dagbag.py:500} INFO - Filling up the DagBag from /home/airflow/.local/lib/python3.7/site-packages/airflow/example_dags/example_time_delta_sensor_async.py
[2022-03-03 15:20:19,267] {processor.py:654} INFO - DAG(s) dict_keys(['example_time_delta_sensor_async']) retrieved from /home/airflow/.local/lib/python3.7/site-packages/airflow/example_dags/example_time_delta_sensor_async.py
[2022-03-03 15:20:19,292] {logging_mixin.py:109} INFO - [2022-03-03 15:20:19,292] {dag.py:2396} INFO - Sync 1 DAGs
[2022-03-03 15:20:19,358] {logging_mixin.py:109} INFO - [2022-03-03 15:20:19,358] {dag.py:2935} INFO - Setting next_dagrun for example_time_delta_sensor_async to None
[2022-03-03 15:20:19,410] {processor.py:171} INFO - Processing /home/airflow/.local/lib/python3.7/site-packages/airflow/example_dags/example_time_delta_sensor_async.py took 0.243 seconds
[2022-03-03 15:20:50,345] {processor.py:163} INFO - Started process (PID=307) to work on /home/airflow/.local/lib/python3.7/site-packages/airflow/example_dags/example_time_delta_sensor_async.py
[2022-03-03 15:20:50,347] {processor.py:642} INFO - Processing file /home/airflow/.local/lib/python3.7/site-packages/airflow/example_dags/example_time_delta_sensor_async.py for tasks to queue
[2022-03-03 15:20:50,350] {logging_mixin.py:109} INFO - [2022-03-03 15:20:50,350] {dagbag.py:500} INFO - Filling up the DagBag from /home/airflow/.local/lib/python3.7/site-packages/airflow/example_dags/example_time_delta_sensor_async.py
[2022-03-03 15:20:50,448] {processor.py:654} INFO - DAG(s) dict_keys(['example_time_delta_sensor_async']) retrieved from /home/airflow/.local/lib/python3.7/site-packages/airflow/example_dags/example_time_delta_sensor_async.py
[2022-03-03 15:20:50,459] {logging_mixin.py:109} INFO - [2022-03-03 15:20:50,459] {dag.py:2396} INFO - Sync 1 DAGs
[2022-03-03 15:20:50,477] {logging_mixin.py:109} INFO - [2022-03-03 15:20:50,477] {dag.py:2935} INFO - Setting next_dagrun for example_time_delta_sensor_async to None
[2022-03-03 15:20:50,496] {processor.py:171} INFO - Processing /home/airflow/.local/lib/python3.7/site-packages/airflow/example_dags/example_time_delta_sensor_async.py took 0.155 seconds
[2022-03-03 15:21:22,115] {processor.py:163} INFO - Started process (PID=363) to work on /home/airflow/.local/lib/python3.7/site-packages/airflow/example_dags/example_time_delta_sensor_async.py
[2022-03-03 15:21:22,117] {processor.py:642} INFO - Processing file /home/airflow/.local/lib/python3.7/site-packages/airflow/example_dags/example_time_delta_sensor_async.py for tasks to queue
[2022-03-03 15:21:22,119] {logging_mixin.py:109} INFO - [2022-03-03 15:21:22,119] {dagbag.py:500} INFO - Filling up the DagBag from /home/airflow/.local/lib/python3.7/site-packages/airflow/example_dags/example_time_delta_sensor_async.py
[2022-03-03 15:21:22,191] {processor.py:654} INFO - DAG(s) dict_keys(['example_time_delta_sensor_async']) retrieved from /home/airflow/.local/lib/python3.7/site-packages/airflow/example_dags/example_time_delta_sensor_async.py
[2022-03-03 15:21:22,233] {logging_mixin.py:109} INFO - [2022-03-03 15:21:22,233] {dag.py:2396} INFO - Sync 1 DAGs
[2022-03-03 15:21:22,346] {logging_mixin.py:109} INFO - [2022-03-03 15:21:22,346] {dag.py:2935} INFO - Setting next_dagrun for example_time_delta_sensor_async to None
[2022-03-03 15:21:22,402] {processor.py:171} INFO - Processing /home/airflow/.local/lib/python3.7/site-packages/airflow/example_dags/example_time_delta_sensor_async.py took 0.298 seconds
[2022-03-03 15:21:52,620] {processor.py:163} INFO - Started process (PID=413) to work on /home/airflow/.local/lib/python3.7/site-packages/airflow/example_dags/example_time_delta_sensor_async.py
[2022-03-03 15:21:52,623] {processor.py:642} INFO - Processing file /home/airflow/.local/lib/python3.7/site-packages/airflow/example_dags/example_time_delta_sensor_async.py for tasks to queue
[2022-03-03 15:21:52,626] {logging_mixin.py:109} INFO - [2022-03-03 15:21:52,625] {dagbag.py:500} INFO - Filling up the DagBag from /home/airflow/.local/lib/python3.7/site-packages/airflow/example_dags/example_time_delta_sensor_async.py
[2022-03-03 15:21:52,677] {processor.py:654} INFO - DAG(s) dict_keys(['example_time_delta_sensor_async']) retrieved from /home/airflow/.local/lib/python3.7/site-packages/airflow/example_dags/example_time_delta_sensor_async.py
[2022-03-03 15:21:52,701] {logging_mixin.py:109} INFO - [2022-03-03 15:21:52,701] {dag.py:2396} INFO - Sync 1 DAGs
[2022-03-03 15:21:52,735] {logging_mixin.py:109} INFO - [2022-03-03 15:21:52,735] {dag.py:2935} INFO - Setting next_dagrun for example_time_delta_sensor_async to None
[2022-03-03 15:21:52,751] {processor.py:171} INFO - Processing /home/airflow/.local/lib/python3.7/site-packages/airflow/example_dags/example_time_delta_sensor_async.py took 0.143 seconds
[2022-03-03 15:22:23,496] {processor.py:163} INFO - Started process (PID=472) to work on /home/airflow/.local/lib/python3.7/site-packages/airflow/example_dags/example_time_delta_sensor_async.py
[2022-03-03 15:22:23,498] {processor.py:642} INFO - Processing file /home/airflow/.local/lib/python3.7/site-packages/airflow/example_dags/example_time_delta_sensor_async.py for tasks to queue
[2022-03-03 15:22:23,500] {logging_mixin.py:109} INFO - [2022-03-03 15:22:23,500] {dagbag.py:500} INFO - Filling up the DagBag from /home/airflow/.local/lib/python3.7/site-packages/airflow/example_dags/example_time_delta_sensor_async.py
[2022-03-03 15:22:23,532] {processor.py:654} INFO - DAG(s) dict_keys(['example_time_delta_sensor_async']) retrieved from /home/airflow/.local/lib/python3.7/site-packages/airflow/example_dags/example_time_delta_sensor_async.py
[2022-03-03 15:22:23,541] {logging_mixin.py:109} INFO - [2022-03-03 15:22:23,540] {dag.py:2396} INFO - Sync 1 DAGs
[2022-03-03 15:22:23,565] {logging_mixin.py:109} INFO - [2022-03-03 15:22:23,565] {dag.py:2935} INFO - Setting next_dagrun for example_time_delta_sensor_async to None
[2022-03-03 15:22:23,577] {processor.py:171} INFO - Processing /home/airflow/.local/lib/python3.7/site-packages/airflow/example_dags/example_time_delta_sensor_async.py took 0.087 seconds
[2022-03-03 15:22:53,820] {processor.py:163} INFO - Started process (PID=528) to work on /home/airflow/.local/lib/python3.7/site-packages/airflow/example_dags/example_time_delta_sensor_async.py
[2022-03-03 15:22:53,823] {processor.py:642} INFO - Processing file /home/airflow/.local/lib/python3.7/site-packages/airflow/example_dags/example_time_delta_sensor_async.py for tasks to queue
[2022-03-03 15:22:53,825] {logging_mixin.py:109} INFO - [2022-03-03 15:22:53,825] {dagbag.py:500} INFO - Filling up the DagBag from /home/airflow/.local/lib/python3.7/site-packages/airflow/example_dags/example_time_delta_sensor_async.py
[2022-03-03 15:22:53,852] {processor.py:654} INFO - DAG(s) dict_keys(['example_time_delta_sensor_async']) retrieved from /home/airflow/.local/lib/python3.7/site-packages/airflow/example_dags/example_time_delta_sensor_async.py
[2022-03-03 15:22:53,866] {logging_mixin.py:109} INFO - [2022-03-03 15:22:53,866] {dag.py:2396} INFO - Sync 1 DAGs
[2022-03-03 15:22:53,883] {logging_mixin.py:109} INFO - [2022-03-03 15:22:53,883] {dag.py:2935} INFO - Setting next_dagrun for example_time_delta_sensor_async to None
[2022-03-03 15:22:53,908] {processor.py:171} INFO - Processing /home/airflow/.local/lib/python3.7/site-packages/airflow/example_dags/example_time_delta_sensor_async.py took 0.093 seconds
[2022-03-03 15:23:24,642] {processor.py:163} INFO - Started process (PID=582) to work on /home/airflow/.local/lib/python3.7/site-packages/airflow/example_dags/example_time_delta_sensor_async.py
[2022-03-03 15:23:24,649] {processor.py:642} INFO - Processing file /home/airflow/.local/lib/python3.7/site-packages/airflow/example_dags/example_time_delta_sensor_async.py for tasks to queue
[2022-03-03 15:23:24,652] {logging_mixin.py:109} INFO - [2022-03-03 15:23:24,652] {dagbag.py:500} INFO - Filling up the DagBag from /home/airflow/.local/lib/python3.7/site-packages/airflow/example_dags/example_time_delta_sensor_async.py
[2022-03-03 15:23:24,751] {processor.py:654} INFO - DAG(s) dict_keys(['example_time_delta_sensor_async']) retrieved from /home/airflow/.local/lib/python3.7/site-packages/airflow/example_dags/example_time_delta_sensor_async.py
[2022-03-03 15:23:24,775] {logging_mixin.py:109} INFO - [2022-03-03 15:23:24,775] {dag.py:2396} INFO - Sync 1 DAGs
[2022-03-03 15:23:24,813] {logging_mixin.py:109} INFO - [2022-03-03 15:23:24,813] {dag.py:2935} INFO - Setting next_dagrun for example_time_delta_sensor_async to None
[2022-03-03 15:23:24,834] {processor.py:171} INFO - Processing /home/airflow/.local/lib/python3.7/site-packages/airflow/example_dags/example_time_delta_sensor_async.py took 0.198 seconds
[2022-03-03 15:23:54,911] {processor.py:163} INFO - Started process (PID=647) to work on /home/airflow/.local/lib/python3.7/site-packages/airflow/example_dags/example_time_delta_sensor_async.py
[2022-03-03 15:23:54,912] {processor.py:642} INFO - Processing file /home/airflow/.local/lib/python3.7/site-packages/airflow/example_dags/example_time_delta_sensor_async.py for tasks to queue
[2022-03-03 15:23:54,914] {logging_mixin.py:109} INFO - [2022-03-03 15:23:54,914] {dagbag.py:500} INFO - Filling up the DagBag from /home/airflow/.local/lib/python3.7/site-packages/airflow/example_dags/example_time_delta_sensor_async.py
[2022-03-03 15:23:54,939] {processor.py:654} INFO - DAG(s) dict_keys(['example_time_delta_sensor_async']) retrieved from /home/airflow/.local/lib/python3.7/site-packages/airflow/example_dags/example_time_delta_sensor_async.py
[2022-03-03 15:23:54,949] {logging_mixin.py:109} INFO - [2022-03-03 15:23:54,949] {dag.py:2396} INFO - Sync 1 DAGs
[2022-03-03 15:23:54,964] {logging_mixin.py:109} INFO - [2022-03-03 15:23:54,964] {dag.py:2935} INFO - Setting next_dagrun for example_time_delta_sensor_async to None
[2022-03-03 15:23:54,974] {processor.py:171} INFO - Processing /home/airflow/.local/lib/python3.7/site-packages/airflow/example_dags/example_time_delta_sensor_async.py took 0.067 seconds
[2022-03-03 15:24:25,071] {processor.py:163} INFO - Started process (PID=701) to work on /home/airflow/.local/lib/python3.7/site-packages/airflow/example_dags/example_time_delta_sensor_async.py
[2022-03-03 15:24:25,073] {processor.py:642} INFO - Processing file /home/airflow/.local/lib/python3.7/site-packages/airflow/example_dags/example_time_delta_sensor_async.py for tasks to queue
[2022-03-03 15:24:25,074] {logging_mixin.py:109} INFO - [2022-03-03 15:24:25,074] {dagbag.py:500} INFO - Filling up the DagBag from /home/airflow/.local/lib/python3.7/site-packages/airflow/example_dags/example_time_delta_sensor_async.py
[2022-03-03 15:24:25,113] {processor.py:654} INFO - DAG(s) dict_keys(['example_time_delta_sensor_async']) retrieved from /home/airflow/.local/lib/python3.7/site-packages/airflow/example_dags/example_time_delta_sensor_async.py
[2022-03-03 15:24:25,125] {logging_mixin.py:109} INFO - [2022-03-03 15:24:25,125] {dag.py:2396} INFO - Sync 1 DAGs
[2022-03-03 15:24:25,144] {logging_mixin.py:109} INFO - [2022-03-03 15:24:25,143] {dag.py:2935} INFO - Setting next_dagrun for example_time_delta_sensor_async to None
[2022-03-03 15:24:25,170] {processor.py:171} INFO - Processing /home/airflow/.local/lib/python3.7/site-packages/airflow/example_dags/example_time_delta_sensor_async.py took 0.103 seconds
[2022-03-03 15:24:55,419] {processor.py:163} INFO - Started process (PID=753) to work on /home/airflow/.local/lib/python3.7/site-packages/airflow/example_dags/example_time_delta_sensor_async.py
[2022-03-03 15:24:55,420] {processor.py:642} INFO - Processing file /home/airflow/.local/lib/python3.7/site-packages/airflow/example_dags/example_time_delta_sensor_async.py for tasks to queue
[2022-03-03 15:24:55,422] {logging_mixin.py:109} INFO - [2022-03-03 15:24:55,422] {dagbag.py:500} INFO - Filling up the DagBag from /home/airflow/.local/lib/python3.7/site-packages/airflow/example_dags/example_time_delta_sensor_async.py
[2022-03-03 15:24:55,456] {processor.py:654} INFO - DAG(s) dict_keys(['example_time_delta_sensor_async']) retrieved from /home/airflow/.local/lib/python3.7/site-packages/airflow/example_dags/example_time_delta_sensor_async.py
[2022-03-03 15:24:55,472] {logging_mixin.py:109} INFO - [2022-03-03 15:24:55,472] {dag.py:2396} INFO - Sync 1 DAGs
[2022-03-03 15:24:55,508] {logging_mixin.py:109} INFO - [2022-03-03 15:24:55,508] {dag.py:2935} INFO - Setting next_dagrun for example_time_delta_sensor_async to None
[2022-03-03 15:24:55,520] {processor.py:171} INFO - Processing /home/airflow/.local/lib/python3.7/site-packages/airflow/example_dags/example_time_delta_sensor_async.py took 0.104 seconds
[2022-03-03 15:25:26,262] {processor.py:163} INFO - Started process (PID=809) to work on /home/airflow/.local/lib/python3.7/site-packages/airflow/example_dags/example_time_delta_sensor_async.py
[2022-03-03 15:25:26,266] {processor.py:642} INFO - Processing file /home/airflow/.local/lib/python3.7/site-packages/airflow/example_dags/example_time_delta_sensor_async.py for tasks to queue
[2022-03-03 15:25:26,273] {logging_mixin.py:109} INFO - [2022-03-03 15:25:26,268] {dagbag.py:500} INFO - Filling up the DagBag from /home/airflow/.local/lib/python3.7/site-packages/airflow/example_dags/example_time_delta_sensor_async.py
[2022-03-03 15:25:26,328] {processor.py:654} INFO - DAG(s) dict_keys(['example_time_delta_sensor_async']) retrieved from /home/airflow/.local/lib/python3.7/site-packages/airflow/example_dags/example_time_delta_sensor_async.py
[2022-03-03 15:25:26,351] {logging_mixin.py:109} INFO - [2022-03-03 15:25:26,351] {dag.py:2396} INFO - Sync 1 DAGs
[2022-03-03 15:25:26,384] {logging_mixin.py:109} INFO - [2022-03-03 15:25:26,384] {dag.py:2935} INFO - Setting next_dagrun for example_time_delta_sensor_async to None
[2022-03-03 15:25:26,406] {processor.py:171} INFO - Processing /home/airflow/.local/lib/python3.7/site-packages/airflow/example_dags/example_time_delta_sensor_async.py took 0.147 seconds
[2022-03-03 15:25:57,091] {processor.py:163} INFO - Started process (PID=864) to work on /home/airflow/.local/lib/python3.7/site-packages/airflow/example_dags/example_time_delta_sensor_async.py
[2022-03-03 15:25:57,094] {processor.py:642} INFO - Processing file /home/airflow/.local/lib/python3.7/site-packages/airflow/example_dags/example_time_delta_sensor_async.py for tasks to queue
[2022-03-03 15:25:57,097] {logging_mixin.py:109} INFO - [2022-03-03 15:25:57,097] {dagbag.py:500} INFO - Filling up the DagBag from /home/airflow/.local/lib/python3.7/site-packages/airflow/example_dags/example_time_delta_sensor_async.py
[2022-03-03 15:25:57,148] {processor.py:654} INFO - DAG(s) dict_keys(['example_time_delta_sensor_async']) retrieved from /home/airflow/.local/lib/python3.7/site-packages/airflow/example_dags/example_time_delta_sensor_async.py
[2022-03-03 15:25:57,173] {logging_mixin.py:109} INFO - [2022-03-03 15:25:57,172] {dag.py:2396} INFO - Sync 1 DAGs
[2022-03-03 15:25:57,204] {logging_mixin.py:109} INFO - [2022-03-03 15:25:57,204] {dag.py:2935} INFO - Setting next_dagrun for example_time_delta_sensor_async to None
[2022-03-03 15:25:57,222] {processor.py:171} INFO - Processing /home/airflow/.local/lib/python3.7/site-packages/airflow/example_dags/example_time_delta_sensor_async.py took 0.142 seconds
[2022-03-03 15:26:27,372] {processor.py:163} INFO - Started process (PID=926) to work on /home/airflow/.local/lib/python3.7/site-packages/airflow/example_dags/example_time_delta_sensor_async.py
[2022-03-03 15:26:27,377] {processor.py:642} INFO - Processing file /home/airflow/.local/lib/python3.7/site-packages/airflow/example_dags/example_time_delta_sensor_async.py for tasks to queue
[2022-03-03 15:26:27,379] {logging_mixin.py:109} INFO - [2022-03-03 15:26:27,378] {dagbag.py:500} INFO - Filling up the DagBag from /home/airflow/.local/lib/python3.7/site-packages/airflow/example_dags/example_time_delta_sensor_async.py
[2022-03-03 15:26:27,476] {processor.py:654} INFO - DAG(s) dict_keys(['example_time_delta_sensor_async']) retrieved from /home/airflow/.local/lib/python3.7/site-packages/airflow/example_dags/example_time_delta_sensor_async.py
[2022-03-03 15:26:27,520] {logging_mixin.py:109} INFO - [2022-03-03 15:26:27,520] {dag.py:2396} INFO - Sync 1 DAGs
[2022-03-03 15:26:27,552] {logging_mixin.py:109} INFO - [2022-03-03 15:26:27,552] {dag.py:2935} INFO - Setting next_dagrun for example_time_delta_sensor_async to None
[2022-03-03 15:26:27,566] {processor.py:171} INFO - Processing /home/airflow/.local/lib/python3.7/site-packages/airflow/example_dags/example_time_delta_sensor_async.py took 0.198 seconds
[2022-03-03 15:26:57,888] {processor.py:163} INFO - Started process (PID=978) to work on /home/airflow/.local/lib/python3.7/site-packages/airflow/example_dags/example_time_delta_sensor_async.py
[2022-03-03 15:26:57,890] {processor.py:642} INFO - Processing file /home/airflow/.local/lib/python3.7/site-packages/airflow/example_dags/example_time_delta_sensor_async.py for tasks to queue
[2022-03-03 15:26:57,891] {logging_mixin.py:109} INFO - [2022-03-03 15:26:57,891] {dagbag.py:500} INFO - Filling up the DagBag from /home/airflow/.local/lib/python3.7/site-packages/airflow/example_dags/example_time_delta_sensor_async.py
[2022-03-03 15:26:57,918] {processor.py:654} INFO - DAG(s) dict_keys(['example_time_delta_sensor_async']) retrieved from /home/airflow/.local/lib/python3.7/site-packages/airflow/example_dags/example_time_delta_sensor_async.py
[2022-03-03 15:26:57,928] {logging_mixin.py:109} INFO - [2022-03-03 15:26:57,928] {dag.py:2396} INFO - Sync 1 DAGs
[2022-03-03 15:26:57,945] {logging_mixin.py:109} INFO - [2022-03-03 15:26:57,945] {dag.py:2935} INFO - Setting next_dagrun for example_time_delta_sensor_async to None
[2022-03-03 15:26:57,953] {processor.py:171} INFO - Processing /home/airflow/.local/lib/python3.7/site-packages/airflow/example_dags/example_time_delta_sensor_async.py took 0.068 seconds
[2022-03-03 15:27:28,499] {processor.py:163} INFO - Started process (PID=1037) to work on /home/airflow/.local/lib/python3.7/site-packages/airflow/example_dags/example_time_delta_sensor_async.py
[2022-03-03 15:27:28,502] {processor.py:642} INFO - Processing file /home/airflow/.local/lib/python3.7/site-packages/airflow/example_dags/example_time_delta_sensor_async.py for tasks to queue
[2022-03-03 15:27:28,504] {logging_mixin.py:109} INFO - [2022-03-03 15:27:28,503] {dagbag.py:500} INFO - Filling up the DagBag from /home/airflow/.local/lib/python3.7/site-packages/airflow/example_dags/example_time_delta_sensor_async.py
[2022-03-03 15:27:28,539] {processor.py:654} INFO - DAG(s) dict_keys(['example_time_delta_sensor_async']) retrieved from /home/airflow/.local/lib/python3.7/site-packages/airflow/example_dags/example_time_delta_sensor_async.py
[2022-03-03 15:27:28,553] {logging_mixin.py:109} INFO - [2022-03-03 15:27:28,552] {dag.py:2396} INFO - Sync 1 DAGs
[2022-03-03 15:27:28,572] {logging_mixin.py:109} INFO - [2022-03-03 15:27:28,572] {dag.py:2935} INFO - Setting next_dagrun for example_time_delta_sensor_async to None
[2022-03-03 15:27:28,586] {processor.py:171} INFO - Processing /home/airflow/.local/lib/python3.7/site-packages/airflow/example_dags/example_time_delta_sensor_async.py took 0.094 seconds
[2022-03-03 15:27:59,527] {processor.py:163} INFO - Started process (PID=1094) to work on /home/airflow/.local/lib/python3.7/site-packages/airflow/example_dags/example_time_delta_sensor_async.py
[2022-03-03 15:27:59,530] {processor.py:642} INFO - Processing file /home/airflow/.local/lib/python3.7/site-packages/airflow/example_dags/example_time_delta_sensor_async.py for tasks to queue
[2022-03-03 15:27:59,533] {logging_mixin.py:109} INFO - [2022-03-03 15:27:59,533] {dagbag.py:500} INFO - Filling up the DagBag from /home/airflow/.local/lib/python3.7/site-packages/airflow/example_dags/example_time_delta_sensor_async.py
[2022-03-03 15:27:59,592] {processor.py:654} INFO - DAG(s) dict_keys(['example_time_delta_sensor_async']) retrieved from /home/airflow/.local/lib/python3.7/site-packages/airflow/example_dags/example_time_delta_sensor_async.py
[2022-03-03 15:27:59,624] {logging_mixin.py:109} INFO - [2022-03-03 15:27:59,624] {dag.py:2396} INFO - Sync 1 DAGs
[2022-03-03 15:27:59,676] {logging_mixin.py:109} INFO - [2022-03-03 15:27:59,675] {dag.py:2935} INFO - Setting next_dagrun for example_time_delta_sensor_async to None
[2022-03-03 15:27:59,710] {processor.py:171} INFO - Processing /home/airflow/.local/lib/python3.7/site-packages/airflow/example_dags/example_time_delta_sensor_async.py took 0.190 seconds
[2022-03-03 15:28:29,818] {processor.py:163} INFO - Started process (PID=1150) to work on /home/airflow/.local/lib/python3.7/site-packages/airflow/example_dags/example_time_delta_sensor_async.py
[2022-03-03 15:28:29,829] {processor.py:642} INFO - Processing file /home/airflow/.local/lib/python3.7/site-packages/airflow/example_dags/example_time_delta_sensor_async.py for tasks to queue
[2022-03-03 15:28:29,830] {logging_mixin.py:109} INFO - [2022-03-03 15:28:29,830] {dagbag.py:500} INFO - Filling up the DagBag from /home/airflow/.local/lib/python3.7/site-packages/airflow/example_dags/example_time_delta_sensor_async.py
[2022-03-03 15:28:29,914] {processor.py:654} INFO - DAG(s) dict_keys(['example_time_delta_sensor_async']) retrieved from /home/airflow/.local/lib/python3.7/site-packages/airflow/example_dags/example_time_delta_sensor_async.py
[2022-03-03 15:28:29,962] {logging_mixin.py:109} INFO - [2022-03-03 15:28:29,962] {dag.py:2396} INFO - Sync 1 DAGs
[2022-03-03 15:28:30,057] {logging_mixin.py:109} INFO - [2022-03-03 15:28:30,057] {dag.py:2935} INFO - Setting next_dagrun for example_time_delta_sensor_async to None
[2022-03-03 15:28:30,089] {processor.py:171} INFO - Processing /home/airflow/.local/lib/python3.7/site-packages/airflow/example_dags/example_time_delta_sensor_async.py took 0.277 seconds
[2022-03-03 15:29:01,153] {processor.py:163} INFO - Started process (PID=1204) to work on /home/airflow/.local/lib/python3.7/site-packages/airflow/example_dags/example_time_delta_sensor_async.py
[2022-03-03 15:29:01,162] {processor.py:642} INFO - Processing file /home/airflow/.local/lib/python3.7/site-packages/airflow/example_dags/example_time_delta_sensor_async.py for tasks to queue
[2022-03-03 15:29:01,165] {logging_mixin.py:109} INFO - [2022-03-03 15:29:01,164] {dagbag.py:500} INFO - Filling up the DagBag from /home/airflow/.local/lib/python3.7/site-packages/airflow/example_dags/example_time_delta_sensor_async.py
[2022-03-03 15:29:01,278] {processor.py:654} INFO - DAG(s) dict_keys(['example_time_delta_sensor_async']) retrieved from /home/airflow/.local/lib/python3.7/site-packages/airflow/example_dags/example_time_delta_sensor_async.py
[2022-03-03 15:29:01,312] {logging_mixin.py:109} INFO - [2022-03-03 15:29:01,312] {dag.py:2396} INFO - Sync 1 DAGs
[2022-03-03 15:29:01,360] {logging_mixin.py:109} INFO - [2022-03-03 15:29:01,360] {dag.py:2935} INFO - Setting next_dagrun for example_time_delta_sensor_async to None
[2022-03-03 15:29:01,376] {processor.py:171} INFO - Processing /home/airflow/.local/lib/python3.7/site-packages/airflow/example_dags/example_time_delta_sensor_async.py took 0.247 seconds
[2022-03-03 15:29:32,248] {processor.py:163} INFO - Started process (PID=1257) to work on /home/airflow/.local/lib/python3.7/site-packages/airflow/example_dags/example_time_delta_sensor_async.py
[2022-03-03 15:29:32,250] {processor.py:642} INFO - Processing file /home/airflow/.local/lib/python3.7/site-packages/airflow/example_dags/example_time_delta_sensor_async.py for tasks to queue
[2022-03-03 15:29:32,252] {logging_mixin.py:109} INFO - [2022-03-03 15:29:32,252] {dagbag.py:500} INFO - Filling up the DagBag from /home/airflow/.local/lib/python3.7/site-packages/airflow/example_dags/example_time_delta_sensor_async.py
[2022-03-03 15:29:32,284] {processor.py:654} INFO - DAG(s) dict_keys(['example_time_delta_sensor_async']) retrieved from /home/airflow/.local/lib/python3.7/site-packages/airflow/example_dags/example_time_delta_sensor_async.py
[2022-03-03 15:29:32,297] {logging_mixin.py:109} INFO - [2022-03-03 15:29:32,297] {dag.py:2396} INFO - Sync 1 DAGs
[2022-03-03 15:29:32,328] {logging_mixin.py:109} INFO - [2022-03-03 15:29:32,327] {dag.py:2935} INFO - Setting next_dagrun for example_time_delta_sensor_async to None
[2022-03-03 15:29:32,339] {processor.py:171} INFO - Processing /home/airflow/.local/lib/python3.7/site-packages/airflow/example_dags/example_time_delta_sensor_async.py took 0.097 seconds
[2022-03-03 15:30:02,434] {processor.py:163} INFO - Started process (PID=1313) to work on /home/airflow/.local/lib/python3.7/site-packages/airflow/example_dags/example_time_delta_sensor_async.py
[2022-03-03 15:30:02,437] {processor.py:642} INFO - Processing file /home/airflow/.local/lib/python3.7/site-packages/airflow/example_dags/example_time_delta_sensor_async.py for tasks to queue
[2022-03-03 15:30:02,441] {logging_mixin.py:109} INFO - [2022-03-03 15:30:02,441] {dagbag.py:500} INFO - Filling up the DagBag from /home/airflow/.local/lib/python3.7/site-packages/airflow/example_dags/example_time_delta_sensor_async.py
[2022-03-03 15:30:02,487] {processor.py:654} INFO - DAG(s) dict_keys(['example_time_delta_sensor_async']) retrieved from /home/airflow/.local/lib/python3.7/site-packages/airflow/example_dags/example_time_delta_sensor_async.py
[2022-03-03 15:30:02,503] {logging_mixin.py:109} INFO - [2022-03-03 15:30:02,502] {dag.py:2396} INFO - Sync 1 DAGs
[2022-03-03 15:30:02,532] {logging_mixin.py:109} INFO - [2022-03-03 15:30:02,532] {dag.py:2935} INFO - Setting next_dagrun for example_time_delta_sensor_async to None
[2022-03-03 15:30:02,547] {processor.py:171} INFO - Processing /home/airflow/.local/lib/python3.7/site-packages/airflow/example_dags/example_time_delta_sensor_async.py took 0.122 seconds
[2022-03-03 15:30:33,035] {processor.py:163} INFO - Started process (PID=1364) to work on /home/airflow/.local/lib/python3.7/site-packages/airflow/example_dags/example_time_delta_sensor_async.py
[2022-03-03 15:30:33,040] {processor.py:642} INFO - Processing file /home/airflow/.local/lib/python3.7/site-packages/airflow/example_dags/example_time_delta_sensor_async.py for tasks to queue
[2022-03-03 15:30:33,044] {logging_mixin.py:109} INFO - [2022-03-03 15:30:33,043] {dagbag.py:500} INFO - Filling up the DagBag from /home/airflow/.local/lib/python3.7/site-packages/airflow/example_dags/example_time_delta_sensor_async.py
[2022-03-03 15:30:33,099] {processor.py:654} INFO - DAG(s) dict_keys(['example_time_delta_sensor_async']) retrieved from /home/airflow/.local/lib/python3.7/site-packages/airflow/example_dags/example_time_delta_sensor_async.py
[2022-03-03 15:30:33,119] {logging_mixin.py:109} INFO - [2022-03-03 15:30:33,119] {dag.py:2396} INFO - Sync 1 DAGs
[2022-03-03 15:30:33,174] {logging_mixin.py:109} INFO - [2022-03-03 15:30:33,174] {dag.py:2935} INFO - Setting next_dagrun for example_time_delta_sensor_async to None
[2022-03-03 15:30:33,361] {processor.py:171} INFO - Processing /home/airflow/.local/lib/python3.7/site-packages/airflow/example_dags/example_time_delta_sensor_async.py took 0.338 seconds
[2022-03-03 15:31:04,254] {processor.py:163} INFO - Started process (PID=1422) to work on /home/airflow/.local/lib/python3.7/site-packages/airflow/example_dags/example_time_delta_sensor_async.py
[2022-03-03 15:31:04,257] {processor.py:642} INFO - Processing file /home/airflow/.local/lib/python3.7/site-packages/airflow/example_dags/example_time_delta_sensor_async.py for tasks to queue
[2022-03-03 15:31:04,263] {logging_mixin.py:109} INFO - [2022-03-03 15:31:04,263] {dagbag.py:500} INFO - Filling up the DagBag from /home/airflow/.local/lib/python3.7/site-packages/airflow/example_dags/example_time_delta_sensor_async.py
[2022-03-03 15:31:04,305] {processor.py:654} INFO - DAG(s) dict_keys(['example_time_delta_sensor_async']) retrieved from /home/airflow/.local/lib/python3.7/site-packages/airflow/example_dags/example_time_delta_sensor_async.py
[2022-03-03 15:31:04,318] {logging_mixin.py:109} INFO - [2022-03-03 15:31:04,318] {dag.py:2396} INFO - Sync 1 DAGs
[2022-03-03 15:31:04,468] {logging_mixin.py:109} INFO - [2022-03-03 15:31:04,468] {dag.py:2935} INFO - Setting next_dagrun for example_time_delta_sensor_async to None
[2022-03-03 15:31:04,480] {processor.py:171} INFO - Processing /home/airflow/.local/lib/python3.7/site-packages/airflow/example_dags/example_time_delta_sensor_async.py took 0.239 seconds
[2022-03-03 15:31:35,055] {processor.py:163} INFO - Started process (PID=1491) to work on /home/airflow/.local/lib/python3.7/site-packages/airflow/example_dags/example_time_delta_sensor_async.py
[2022-03-03 15:31:35,062] {processor.py:642} INFO - Processing file /home/airflow/.local/lib/python3.7/site-packages/airflow/example_dags/example_time_delta_sensor_async.py for tasks to queue
[2022-03-03 15:31:35,063] {logging_mixin.py:109} INFO - [2022-03-03 15:31:35,063] {dagbag.py:500} INFO - Filling up the DagBag from /home/airflow/.local/lib/python3.7/site-packages/airflow/example_dags/example_time_delta_sensor_async.py
[2022-03-03 15:31:35,125] {processor.py:654} INFO - DAG(s) dict_keys(['example_time_delta_sensor_async']) retrieved from /home/airflow/.local/lib/python3.7/site-packages/airflow/example_dags/example_time_delta_sensor_async.py
[2022-03-03 15:31:35,154] {logging_mixin.py:109} INFO - [2022-03-03 15:31:35,154] {dag.py:2396} INFO - Sync 1 DAGs
[2022-03-03 15:31:35,580] {logging_mixin.py:109} INFO - [2022-03-03 15:31:35,579] {dag.py:2935} INFO - Setting next_dagrun for example_time_delta_sensor_async to None
[2022-03-03 15:31:35,591] {processor.py:171} INFO - Processing /home/airflow/.local/lib/python3.7/site-packages/airflow/example_dags/example_time_delta_sensor_async.py took 0.539 seconds
[2022-03-03 15:32:05,901] {processor.py:163} INFO - Started process (PID=1546) to work on /home/airflow/.local/lib/python3.7/site-packages/airflow/example_dags/example_time_delta_sensor_async.py
[2022-03-03 15:32:05,905] {processor.py:642} INFO - Processing file /home/airflow/.local/lib/python3.7/site-packages/airflow/example_dags/example_time_delta_sensor_async.py for tasks to queue
[2022-03-03 15:32:05,906] {logging_mixin.py:109} INFO - [2022-03-03 15:32:05,906] {dagbag.py:500} INFO - Filling up the DagBag from /home/airflow/.local/lib/python3.7/site-packages/airflow/example_dags/example_time_delta_sensor_async.py
[2022-03-03 15:32:05,957] {processor.py:654} INFO - DAG(s) dict_keys(['example_time_delta_sensor_async']) retrieved from /home/airflow/.local/lib/python3.7/site-packages/airflow/example_dags/example_time_delta_sensor_async.py
[2022-03-03 15:32:05,973] {logging_mixin.py:109} INFO - [2022-03-03 15:32:05,973] {dag.py:2396} INFO - Sync 1 DAGs
[2022-03-03 15:32:06,215] {logging_mixin.py:109} INFO - [2022-03-03 15:32:06,215] {dag.py:2935} INFO - Setting next_dagrun for example_time_delta_sensor_async to None
[2022-03-03 15:32:06,234] {processor.py:171} INFO - Processing /home/airflow/.local/lib/python3.7/site-packages/airflow/example_dags/example_time_delta_sensor_async.py took 0.338 seconds
[2022-03-03 15:32:36,872] {processor.py:163} INFO - Started process (PID=1601) to work on /home/airflow/.local/lib/python3.7/site-packages/airflow/example_dags/example_time_delta_sensor_async.py
[2022-03-03 15:32:36,874] {processor.py:642} INFO - Processing file /home/airflow/.local/lib/python3.7/site-packages/airflow/example_dags/example_time_delta_sensor_async.py for tasks to queue
[2022-03-03 15:32:36,875] {logging_mixin.py:109} INFO - [2022-03-03 15:32:36,875] {dagbag.py:500} INFO - Filling up the DagBag from /home/airflow/.local/lib/python3.7/site-packages/airflow/example_dags/example_time_delta_sensor_async.py
[2022-03-03 15:32:36,905] {processor.py:654} INFO - DAG(s) dict_keys(['example_time_delta_sensor_async']) retrieved from /home/airflow/.local/lib/python3.7/site-packages/airflow/example_dags/example_time_delta_sensor_async.py
[2022-03-03 15:32:37,008] {logging_mixin.py:109} INFO - [2022-03-03 15:32:37,008] {dag.py:2396} INFO - Sync 1 DAGs
[2022-03-03 15:32:37,030] {logging_mixin.py:109} INFO - [2022-03-03 15:32:37,030] {dag.py:2935} INFO - Setting next_dagrun for example_time_delta_sensor_async to None
[2022-03-03 15:32:37,044] {processor.py:171} INFO - Processing /home/airflow/.local/lib/python3.7/site-packages/airflow/example_dags/example_time_delta_sensor_async.py took 0.178 seconds
[2022-03-03 15:33:07,652] {processor.py:163} INFO - Started process (PID=1659) to work on /home/airflow/.local/lib/python3.7/site-packages/airflow/example_dags/example_time_delta_sensor_async.py
[2022-03-03 15:33:07,654] {processor.py:642} INFO - Processing file /home/airflow/.local/lib/python3.7/site-packages/airflow/example_dags/example_time_delta_sensor_async.py for tasks to queue
[2022-03-03 15:33:07,655] {logging_mixin.py:109} INFO - [2022-03-03 15:33:07,655] {dagbag.py:500} INFO - Filling up the DagBag from /home/airflow/.local/lib/python3.7/site-packages/airflow/example_dags/example_time_delta_sensor_async.py
[2022-03-03 15:33:07,688] {processor.py:654} INFO - DAG(s) dict_keys(['example_time_delta_sensor_async']) retrieved from /home/airflow/.local/lib/python3.7/site-packages/airflow/example_dags/example_time_delta_sensor_async.py
[2022-03-03 15:33:07,823] {logging_mixin.py:109} INFO - [2022-03-03 15:33:07,823] {dag.py:2396} INFO - Sync 1 DAGs
[2022-03-03 15:33:07,842] {logging_mixin.py:109} INFO - [2022-03-03 15:33:07,842] {dag.py:2935} INFO - Setting next_dagrun for example_time_delta_sensor_async to None
[2022-03-03 15:33:07,854] {processor.py:171} INFO - Processing /home/airflow/.local/lib/python3.7/site-packages/airflow/example_dags/example_time_delta_sensor_async.py took 0.207 seconds
[2022-03-03 15:33:39,041] {processor.py:163} INFO - Started process (PID=1715) to work on /home/airflow/.local/lib/python3.7/site-packages/airflow/example_dags/example_time_delta_sensor_async.py
[2022-03-03 15:33:39,046] {processor.py:642} INFO - Processing file /home/airflow/.local/lib/python3.7/site-packages/airflow/example_dags/example_time_delta_sensor_async.py for tasks to queue
[2022-03-03 15:33:39,048] {logging_mixin.py:109} INFO - [2022-03-03 15:33:39,048] {dagbag.py:500} INFO - Filling up the DagBag from /home/airflow/.local/lib/python3.7/site-packages/airflow/example_dags/example_time_delta_sensor_async.py
[2022-03-03 15:33:39,410] {processor.py:654} INFO - DAG(s) dict_keys(['example_time_delta_sensor_async']) retrieved from /home/airflow/.local/lib/python3.7/site-packages/airflow/example_dags/example_time_delta_sensor_async.py
[2022-03-03 15:33:39,442] {logging_mixin.py:109} INFO - [2022-03-03 15:33:39,442] {dag.py:2396} INFO - Sync 1 DAGs
[2022-03-03 15:33:39,470] {logging_mixin.py:109} INFO - [2022-03-03 15:33:39,470] {dag.py:2935} INFO - Setting next_dagrun for example_time_delta_sensor_async to None
[2022-03-03 15:33:39,481] {processor.py:171} INFO - Processing /home/airflow/.local/lib/python3.7/site-packages/airflow/example_dags/example_time_delta_sensor_async.py took 0.443 seconds
[2022-03-03 15:34:10,173] {processor.py:163} INFO - Started process (PID=1774) to work on /home/airflow/.local/lib/python3.7/site-packages/airflow/example_dags/example_time_delta_sensor_async.py
[2022-03-03 15:34:10,177] {processor.py:642} INFO - Processing file /home/airflow/.local/lib/python3.7/site-packages/airflow/example_dags/example_time_delta_sensor_async.py for tasks to queue
[2022-03-03 15:34:10,180] {logging_mixin.py:109} INFO - [2022-03-03 15:34:10,180] {dagbag.py:500} INFO - Filling up the DagBag from /home/airflow/.local/lib/python3.7/site-packages/airflow/example_dags/example_time_delta_sensor_async.py
[2022-03-03 15:34:10,293] {processor.py:654} INFO - DAG(s) dict_keys(['example_time_delta_sensor_async']) retrieved from /home/airflow/.local/lib/python3.7/site-packages/airflow/example_dags/example_time_delta_sensor_async.py
[2022-03-03 15:34:10,302] {logging_mixin.py:109} INFO - [2022-03-03 15:34:10,302] {dag.py:2396} INFO - Sync 1 DAGs
[2022-03-03 15:34:10,319] {logging_mixin.py:109} INFO - [2022-03-03 15:34:10,318] {dag.py:2935} INFO - Setting next_dagrun for example_time_delta_sensor_async to None
[2022-03-03 15:34:10,337] {processor.py:171} INFO - Processing /home/airflow/.local/lib/python3.7/site-packages/airflow/example_dags/example_time_delta_sensor_async.py took 0.168 seconds
[2022-03-03 15:34:40,644] {processor.py:163} INFO - Started process (PID=1829) to work on /home/airflow/.local/lib/python3.7/site-packages/airflow/example_dags/example_time_delta_sensor_async.py
[2022-03-03 15:34:40,647] {processor.py:642} INFO - Processing file /home/airflow/.local/lib/python3.7/site-packages/airflow/example_dags/example_time_delta_sensor_async.py for tasks to queue
[2022-03-03 15:34:40,648] {logging_mixin.py:109} INFO - [2022-03-03 15:34:40,648] {dagbag.py:500} INFO - Filling up the DagBag from /home/airflow/.local/lib/python3.7/site-packages/airflow/example_dags/example_time_delta_sensor_async.py
[2022-03-03 15:34:40,748] {processor.py:654} INFO - DAG(s) dict_keys(['example_time_delta_sensor_async']) retrieved from /home/airflow/.local/lib/python3.7/site-packages/airflow/example_dags/example_time_delta_sensor_async.py
[2022-03-03 15:34:40,772] {logging_mixin.py:109} INFO - [2022-03-03 15:34:40,772] {dag.py:2396} INFO - Sync 1 DAGs
[2022-03-03 15:34:40,813] {logging_mixin.py:109} INFO - [2022-03-03 15:34:40,813] {dag.py:2935} INFO - Setting next_dagrun for example_time_delta_sensor_async to None
[2022-03-03 15:34:40,841] {processor.py:171} INFO - Processing /home/airflow/.local/lib/python3.7/site-packages/airflow/example_dags/example_time_delta_sensor_async.py took 0.205 seconds
[2022-03-03 15:35:11,487] {processor.py:163} INFO - Started process (PID=1893) to work on /home/airflow/.local/lib/python3.7/site-packages/airflow/example_dags/example_time_delta_sensor_async.py
[2022-03-03 15:35:11,492] {processor.py:642} INFO - Processing file /home/airflow/.local/lib/python3.7/site-packages/airflow/example_dags/example_time_delta_sensor_async.py for tasks to queue
[2022-03-03 15:35:11,495] {logging_mixin.py:109} INFO - [2022-03-03 15:35:11,494] {dagbag.py:500} INFO - Filling up the DagBag from /home/airflow/.local/lib/python3.7/site-packages/airflow/example_dags/example_time_delta_sensor_async.py
[2022-03-03 15:35:11,582] {processor.py:654} INFO - DAG(s) dict_keys(['example_time_delta_sensor_async']) retrieved from /home/airflow/.local/lib/python3.7/site-packages/airflow/example_dags/example_time_delta_sensor_async.py
[2022-03-03 15:35:11,607] {logging_mixin.py:109} INFO - [2022-03-03 15:35:11,607] {dag.py:2396} INFO - Sync 1 DAGs
[2022-03-03 15:35:11,635] {logging_mixin.py:109} INFO - [2022-03-03 15:35:11,634] {dag.py:2935} INFO - Setting next_dagrun for example_time_delta_sensor_async to None
[2022-03-03 15:35:11,652] {processor.py:171} INFO - Processing /home/airflow/.local/lib/python3.7/site-packages/airflow/example_dags/example_time_delta_sensor_async.py took 0.176 seconds
[2022-03-03 15:35:42,539] {processor.py:163} INFO - Started process (PID=1951) to work on /home/airflow/.local/lib/python3.7/site-packages/airflow/example_dags/example_time_delta_sensor_async.py
[2022-03-03 15:35:42,541] {processor.py:642} INFO - Processing file /home/airflow/.local/lib/python3.7/site-packages/airflow/example_dags/example_time_delta_sensor_async.py for tasks to queue
[2022-03-03 15:35:42,543] {logging_mixin.py:109} INFO - [2022-03-03 15:35:42,542] {dagbag.py:500} INFO - Filling up the DagBag from /home/airflow/.local/lib/python3.7/site-packages/airflow/example_dags/example_time_delta_sensor_async.py
[2022-03-03 15:35:42,580] {processor.py:654} INFO - DAG(s) dict_keys(['example_time_delta_sensor_async']) retrieved from /home/airflow/.local/lib/python3.7/site-packages/airflow/example_dags/example_time_delta_sensor_async.py
[2022-03-03 15:35:42,588] {logging_mixin.py:109} INFO - [2022-03-03 15:35:42,588] {dag.py:2396} INFO - Sync 1 DAGs
[2022-03-03 15:35:42,607] {logging_mixin.py:109} INFO - [2022-03-03 15:35:42,607] {dag.py:2935} INFO - Setting next_dagrun for example_time_delta_sensor_async to None
[2022-03-03 15:35:42,615] {processor.py:171} INFO - Processing /home/airflow/.local/lib/python3.7/site-packages/airflow/example_dags/example_time_delta_sensor_async.py took 0.083 seconds
[2022-03-03 15:36:12,869] {processor.py:163} INFO - Started process (PID=2007) to work on /home/airflow/.local/lib/python3.7/site-packages/airflow/example_dags/example_time_delta_sensor_async.py
[2022-03-03 15:36:12,874] {processor.py:642} INFO - Processing file /home/airflow/.local/lib/python3.7/site-packages/airflow/example_dags/example_time_delta_sensor_async.py for tasks to queue
[2022-03-03 15:36:12,879] {logging_mixin.py:109} INFO - [2022-03-03 15:36:12,879] {dagbag.py:500} INFO - Filling up the DagBag from /home/airflow/.local/lib/python3.7/site-packages/airflow/example_dags/example_time_delta_sensor_async.py
[2022-03-03 15:36:12,940] {processor.py:654} INFO - DAG(s) dict_keys(['example_time_delta_sensor_async']) retrieved from /home/airflow/.local/lib/python3.7/site-packages/airflow/example_dags/example_time_delta_sensor_async.py
[2022-03-03 15:36:12,965] {logging_mixin.py:109} INFO - [2022-03-03 15:36:12,965] {dag.py:2396} INFO - Sync 1 DAGs
[2022-03-03 15:36:13,001] {logging_mixin.py:109} INFO - [2022-03-03 15:36:13,001] {dag.py:2935} INFO - Setting next_dagrun for example_time_delta_sensor_async to None
[2022-03-03 15:36:13,010] {processor.py:171} INFO - Processing /home/airflow/.local/lib/python3.7/site-packages/airflow/example_dags/example_time_delta_sensor_async.py took 0.145 seconds
[2022-03-03 15:36:43,164] {processor.py:163} INFO - Started process (PID=2062) to work on /home/airflow/.local/lib/python3.7/site-packages/airflow/example_dags/example_time_delta_sensor_async.py
[2022-03-03 15:36:43,166] {processor.py:642} INFO - Processing file /home/airflow/.local/lib/python3.7/site-packages/airflow/example_dags/example_time_delta_sensor_async.py for tasks to queue
[2022-03-03 15:36:43,168] {logging_mixin.py:109} INFO - [2022-03-03 15:36:43,168] {dagbag.py:500} INFO - Filling up the DagBag from /home/airflow/.local/lib/python3.7/site-packages/airflow/example_dags/example_time_delta_sensor_async.py
[2022-03-03 15:36:43,195] {processor.py:654} INFO - DAG(s) dict_keys(['example_time_delta_sensor_async']) retrieved from /home/airflow/.local/lib/python3.7/site-packages/airflow/example_dags/example_time_delta_sensor_async.py
[2022-03-03 15:36:43,206] {logging_mixin.py:109} INFO - [2022-03-03 15:36:43,206] {dag.py:2396} INFO - Sync 1 DAGs
[2022-03-03 15:36:43,237] {logging_mixin.py:109} INFO - [2022-03-03 15:36:43,237] {dag.py:2935} INFO - Setting next_dagrun for example_time_delta_sensor_async to None
[2022-03-03 15:36:43,247] {processor.py:171} INFO - Processing /home/airflow/.local/lib/python3.7/site-packages/airflow/example_dags/example_time_delta_sensor_async.py took 0.086 seconds
[2022-03-03 15:37:13,635] {processor.py:163} INFO - Started process (PID=2130) to work on /home/airflow/.local/lib/python3.7/site-packages/airflow/example_dags/example_time_delta_sensor_async.py
[2022-03-03 15:37:13,643] {processor.py:642} INFO - Processing file /home/airflow/.local/lib/python3.7/site-packages/airflow/example_dags/example_time_delta_sensor_async.py for tasks to queue
[2022-03-03 15:37:13,648] {logging_mixin.py:109} INFO - [2022-03-03 15:37:13,647] {dagbag.py:500} INFO - Filling up the DagBag from /home/airflow/.local/lib/python3.7/site-packages/airflow/example_dags/example_time_delta_sensor_async.py
[2022-03-03 15:37:13,743] {processor.py:654} INFO - DAG(s) dict_keys(['example_time_delta_sensor_async']) retrieved from /home/airflow/.local/lib/python3.7/site-packages/airflow/example_dags/example_time_delta_sensor_async.py
[2022-03-03 15:37:13,780] {logging_mixin.py:109} INFO - [2022-03-03 15:37:13,780] {dag.py:2396} INFO - Sync 1 DAGs
[2022-03-03 15:37:13,838] {logging_mixin.py:109} INFO - [2022-03-03 15:37:13,838] {dag.py:2935} INFO - Setting next_dagrun for example_time_delta_sensor_async to None
[2022-03-03 15:37:13,875] {processor.py:171} INFO - Processing /home/airflow/.local/lib/python3.7/site-packages/airflow/example_dags/example_time_delta_sensor_async.py took 0.266 seconds
[2022-03-03 15:37:44,763] {processor.py:163} INFO - Started process (PID=2185) to work on /home/airflow/.local/lib/python3.7/site-packages/airflow/example_dags/example_time_delta_sensor_async.py
[2022-03-03 15:37:44,773] {processor.py:642} INFO - Processing file /home/airflow/.local/lib/python3.7/site-packages/airflow/example_dags/example_time_delta_sensor_async.py for tasks to queue
[2022-03-03 15:37:44,779] {logging_mixin.py:109} INFO - [2022-03-03 15:37:44,779] {dagbag.py:500} INFO - Filling up the DagBag from /home/airflow/.local/lib/python3.7/site-packages/airflow/example_dags/example_time_delta_sensor_async.py
[2022-03-03 15:37:44,854] {processor.py:654} INFO - DAG(s) dict_keys(['example_time_delta_sensor_async']) retrieved from /home/airflow/.local/lib/python3.7/site-packages/airflow/example_dags/example_time_delta_sensor_async.py
[2022-03-03 15:37:44,891] {logging_mixin.py:109} INFO - [2022-03-03 15:37:44,890] {dag.py:2396} INFO - Sync 1 DAGs
[2022-03-03 15:37:44,949] {logging_mixin.py:109} INFO - [2022-03-03 15:37:44,948] {dag.py:2935} INFO - Setting next_dagrun for example_time_delta_sensor_async to None
[2022-03-03 15:37:45,007] {processor.py:171} INFO - Processing /home/airflow/.local/lib/python3.7/site-packages/airflow/example_dags/example_time_delta_sensor_async.py took 0.272 seconds
[2022-03-03 15:38:15,381] {processor.py:163} INFO - Started process (PID=2241) to work on /home/airflow/.local/lib/python3.7/site-packages/airflow/example_dags/example_time_delta_sensor_async.py
[2022-03-03 15:38:15,384] {processor.py:642} INFO - Processing file /home/airflow/.local/lib/python3.7/site-packages/airflow/example_dags/example_time_delta_sensor_async.py for tasks to queue
[2022-03-03 15:38:15,385] {logging_mixin.py:109} INFO - [2022-03-03 15:38:15,385] {dagbag.py:500} INFO - Filling up the DagBag from /home/airflow/.local/lib/python3.7/site-packages/airflow/example_dags/example_time_delta_sensor_async.py
[2022-03-03 15:38:15,419] {processor.py:654} INFO - DAG(s) dict_keys(['example_time_delta_sensor_async']) retrieved from /home/airflow/.local/lib/python3.7/site-packages/airflow/example_dags/example_time_delta_sensor_async.py
[2022-03-03 15:38:15,445] {logging_mixin.py:109} INFO - [2022-03-03 15:38:15,445] {dag.py:2396} INFO - Sync 1 DAGs
[2022-03-03 15:38:15,467] {logging_mixin.py:109} INFO - [2022-03-03 15:38:15,467] {dag.py:2935} INFO - Setting next_dagrun for example_time_delta_sensor_async to None
[2022-03-03 15:38:15,479] {processor.py:171} INFO - Processing /home/airflow/.local/lib/python3.7/site-packages/airflow/example_dags/example_time_delta_sensor_async.py took 0.105 seconds
[2022-03-03 15:38:45,653] {processor.py:163} INFO - Started process (PID=2295) to work on /home/airflow/.local/lib/python3.7/site-packages/airflow/example_dags/example_time_delta_sensor_async.py
[2022-03-03 15:38:45,655] {processor.py:642} INFO - Processing file /home/airflow/.local/lib/python3.7/site-packages/airflow/example_dags/example_time_delta_sensor_async.py for tasks to queue
[2022-03-03 15:38:45,657] {logging_mixin.py:109} INFO - [2022-03-03 15:38:45,657] {dagbag.py:500} INFO - Filling up the DagBag from /home/airflow/.local/lib/python3.7/site-packages/airflow/example_dags/example_time_delta_sensor_async.py
[2022-03-03 15:38:45,690] {processor.py:654} INFO - DAG(s) dict_keys(['example_time_delta_sensor_async']) retrieved from /home/airflow/.local/lib/python3.7/site-packages/airflow/example_dags/example_time_delta_sensor_async.py
[2022-03-03 15:38:45,702] {logging_mixin.py:109} INFO - [2022-03-03 15:38:45,702] {dag.py:2396} INFO - Sync 1 DAGs
[2022-03-03 15:38:45,721] {logging_mixin.py:109} INFO - [2022-03-03 15:38:45,721] {dag.py:2935} INFO - Setting next_dagrun for example_time_delta_sensor_async to None
[2022-03-03 15:38:45,734] {processor.py:171} INFO - Processing /home/airflow/.local/lib/python3.7/site-packages/airflow/example_dags/example_time_delta_sensor_async.py took 0.088 seconds
[2022-03-03 15:39:16,118] {processor.py:163} INFO - Started process (PID=2349) to work on /home/airflow/.local/lib/python3.7/site-packages/airflow/example_dags/example_time_delta_sensor_async.py
[2022-03-03 15:39:16,120] {processor.py:642} INFO - Processing file /home/airflow/.local/lib/python3.7/site-packages/airflow/example_dags/example_time_delta_sensor_async.py for tasks to queue
[2022-03-03 15:39:16,122] {logging_mixin.py:109} INFO - [2022-03-03 15:39:16,122] {dagbag.py:500} INFO - Filling up the DagBag from /home/airflow/.local/lib/python3.7/site-packages/airflow/example_dags/example_time_delta_sensor_async.py
[2022-03-03 15:39:16,150] {processor.py:654} INFO - DAG(s) dict_keys(['example_time_delta_sensor_async']) retrieved from /home/airflow/.local/lib/python3.7/site-packages/airflow/example_dags/example_time_delta_sensor_async.py
[2022-03-03 15:39:16,159] {logging_mixin.py:109} INFO - [2022-03-03 15:39:16,158] {dag.py:2396} INFO - Sync 1 DAGs
[2022-03-03 15:39:16,178] {logging_mixin.py:109} INFO - [2022-03-03 15:39:16,178] {dag.py:2935} INFO - Setting next_dagrun for example_time_delta_sensor_async to None
[2022-03-03 15:39:16,188] {processor.py:171} INFO - Processing /home/airflow/.local/lib/python3.7/site-packages/airflow/example_dags/example_time_delta_sensor_async.py took 0.075 seconds
[2022-03-03 15:39:47,067] {processor.py:163} INFO - Started process (PID=2407) to work on /home/airflow/.local/lib/python3.7/site-packages/airflow/example_dags/example_time_delta_sensor_async.py
[2022-03-03 15:39:47,072] {processor.py:642} INFO - Processing file /home/airflow/.local/lib/python3.7/site-packages/airflow/example_dags/example_time_delta_sensor_async.py for tasks to queue
[2022-03-03 15:39:47,076] {logging_mixin.py:109} INFO - [2022-03-03 15:39:47,075] {dagbag.py:500} INFO - Filling up the DagBag from /home/airflow/.local/lib/python3.7/site-packages/airflow/example_dags/example_time_delta_sensor_async.py
[2022-03-03 15:39:47,152] {processor.py:654} INFO - DAG(s) dict_keys(['example_time_delta_sensor_async']) retrieved from /home/airflow/.local/lib/python3.7/site-packages/airflow/example_dags/example_time_delta_sensor_async.py
[2022-03-03 15:39:47,183] {logging_mixin.py:109} INFO - [2022-03-03 15:39:47,182] {dag.py:2396} INFO - Sync 1 DAGs
[2022-03-03 15:39:47,228] {logging_mixin.py:109} INFO - [2022-03-03 15:39:47,227] {dag.py:2935} INFO - Setting next_dagrun for example_time_delta_sensor_async to None
[2022-03-03 15:39:47,255] {processor.py:171} INFO - Processing /home/airflow/.local/lib/python3.7/site-packages/airflow/example_dags/example_time_delta_sensor_async.py took 0.199 seconds
[2022-03-03 15:40:17,551] {processor.py:163} INFO - Started process (PID=2469) to work on /home/airflow/.local/lib/python3.7/site-packages/airflow/example_dags/example_time_delta_sensor_async.py
[2022-03-03 15:40:17,558] {processor.py:642} INFO - Processing file /home/airflow/.local/lib/python3.7/site-packages/airflow/example_dags/example_time_delta_sensor_async.py for tasks to queue
[2022-03-03 15:40:17,562] {logging_mixin.py:109} INFO - [2022-03-03 15:40:17,562] {dagbag.py:500} INFO - Filling up the DagBag from /home/airflow/.local/lib/python3.7/site-packages/airflow/example_dags/example_time_delta_sensor_async.py
[2022-03-03 15:40:17,637] {processor.py:654} INFO - DAG(s) dict_keys(['example_time_delta_sensor_async']) retrieved from /home/airflow/.local/lib/python3.7/site-packages/airflow/example_dags/example_time_delta_sensor_async.py
[2022-03-03 15:40:17,666] {logging_mixin.py:109} INFO - [2022-03-03 15:40:17,666] {dag.py:2396} INFO - Sync 1 DAGs
[2022-03-03 15:40:17,714] {logging_mixin.py:109} INFO - [2022-03-03 15:40:17,714] {dag.py:2935} INFO - Setting next_dagrun for example_time_delta_sensor_async to None
[2022-03-03 15:40:17,742] {processor.py:171} INFO - Processing /home/airflow/.local/lib/python3.7/site-packages/airflow/example_dags/example_time_delta_sensor_async.py took 0.203 seconds
[2022-03-03 15:40:47,854] {processor.py:163} INFO - Started process (PID=2527) to work on /home/airflow/.local/lib/python3.7/site-packages/airflow/example_dags/example_time_delta_sensor_async.py
[2022-03-03 15:40:47,856] {processor.py:642} INFO - Processing file /home/airflow/.local/lib/python3.7/site-packages/airflow/example_dags/example_time_delta_sensor_async.py for tasks to queue
[2022-03-03 15:40:47,858] {logging_mixin.py:109} INFO - [2022-03-03 15:40:47,858] {dagbag.py:500} INFO - Filling up the DagBag from /home/airflow/.local/lib/python3.7/site-packages/airflow/example_dags/example_time_delta_sensor_async.py
[2022-03-03 15:40:47,886] {processor.py:654} INFO - DAG(s) dict_keys(['example_time_delta_sensor_async']) retrieved from /home/airflow/.local/lib/python3.7/site-packages/airflow/example_dags/example_time_delta_sensor_async.py
[2022-03-03 15:40:47,895] {logging_mixin.py:109} INFO - [2022-03-03 15:40:47,895] {dag.py:2396} INFO - Sync 1 DAGs
[2022-03-03 15:40:47,911] {logging_mixin.py:109} INFO - [2022-03-03 15:40:47,911] {dag.py:2935} INFO - Setting next_dagrun for example_time_delta_sensor_async to None
[2022-03-03 15:40:47,920] {processor.py:171} INFO - Processing /home/airflow/.local/lib/python3.7/site-packages/airflow/example_dags/example_time_delta_sensor_async.py took 0.070 seconds
[2022-03-03 15:41:18,481] {processor.py:163} INFO - Started process (PID=2584) to work on /home/airflow/.local/lib/python3.7/site-packages/airflow/example_dags/example_time_delta_sensor_async.py
[2022-03-03 15:41:18,486] {processor.py:642} INFO - Processing file /home/airflow/.local/lib/python3.7/site-packages/airflow/example_dags/example_time_delta_sensor_async.py for tasks to queue
[2022-03-03 15:41:18,488] {logging_mixin.py:109} INFO - [2022-03-03 15:41:18,488] {dagbag.py:500} INFO - Filling up the DagBag from /home/airflow/.local/lib/python3.7/site-packages/airflow/example_dags/example_time_delta_sensor_async.py
[2022-03-03 15:41:18,522] {processor.py:654} INFO - DAG(s) dict_keys(['example_time_delta_sensor_async']) retrieved from /home/airflow/.local/lib/python3.7/site-packages/airflow/example_dags/example_time_delta_sensor_async.py
[2022-03-03 15:41:18,548] {logging_mixin.py:109} INFO - [2022-03-03 15:41:18,547] {dag.py:2396} INFO - Sync 1 DAGs
[2022-03-03 15:41:18,584] {logging_mixin.py:109} INFO - [2022-03-03 15:41:18,584] {dag.py:2935} INFO - Setting next_dagrun for example_time_delta_sensor_async to None
[2022-03-03 15:41:18,611] {processor.py:171} INFO - Processing /home/airflow/.local/lib/python3.7/site-packages/airflow/example_dags/example_time_delta_sensor_async.py took 0.133 seconds
[2022-03-03 15:41:49,139] {processor.py:163} INFO - Started process (PID=2639) to work on /home/airflow/.local/lib/python3.7/site-packages/airflow/example_dags/example_time_delta_sensor_async.py
[2022-03-03 15:41:49,142] {processor.py:642} INFO - Processing file /home/airflow/.local/lib/python3.7/site-packages/airflow/example_dags/example_time_delta_sensor_async.py for tasks to queue
[2022-03-03 15:41:49,144] {logging_mixin.py:109} INFO - [2022-03-03 15:41:49,144] {dagbag.py:500} INFO - Filling up the DagBag from /home/airflow/.local/lib/python3.7/site-packages/airflow/example_dags/example_time_delta_sensor_async.py
[2022-03-03 15:41:49,219] {processor.py:654} INFO - DAG(s) dict_keys(['example_time_delta_sensor_async']) retrieved from /home/airflow/.local/lib/python3.7/site-packages/airflow/example_dags/example_time_delta_sensor_async.py
[2022-03-03 15:41:49,247] {logging_mixin.py:109} INFO - [2022-03-03 15:41:49,247] {dag.py:2396} INFO - Sync 1 DAGs
[2022-03-03 15:41:49,281] {logging_mixin.py:109} INFO - [2022-03-03 15:41:49,281] {dag.py:2935} INFO - Setting next_dagrun for example_time_delta_sensor_async to None
[2022-03-03 15:41:49,307] {processor.py:171} INFO - Processing /home/airflow/.local/lib/python3.7/site-packages/airflow/example_dags/example_time_delta_sensor_async.py took 0.173 seconds
[2022-03-03 15:42:19,514] {processor.py:163} INFO - Started process (PID=2700) to work on /home/airflow/.local/lib/python3.7/site-packages/airflow/example_dags/example_time_delta_sensor_async.py
[2022-03-03 15:42:19,517] {processor.py:642} INFO - Processing file /home/airflow/.local/lib/python3.7/site-packages/airflow/example_dags/example_time_delta_sensor_async.py for tasks to queue
[2022-03-03 15:42:19,520] {logging_mixin.py:109} INFO - [2022-03-03 15:42:19,520] {dagbag.py:500} INFO - Filling up the DagBag from /home/airflow/.local/lib/python3.7/site-packages/airflow/example_dags/example_time_delta_sensor_async.py
[2022-03-03 15:42:19,584] {processor.py:654} INFO - DAG(s) dict_keys(['example_time_delta_sensor_async']) retrieved from /home/airflow/.local/lib/python3.7/site-packages/airflow/example_dags/example_time_delta_sensor_async.py
[2022-03-03 15:42:19,615] {logging_mixin.py:109} INFO - [2022-03-03 15:42:19,615] {dag.py:2396} INFO - Sync 1 DAGs
[2022-03-03 15:42:19,676] {logging_mixin.py:109} INFO - [2022-03-03 15:42:19,676] {dag.py:2935} INFO - Setting next_dagrun for example_time_delta_sensor_async to None
[2022-03-03 15:42:19,721] {processor.py:171} INFO - Processing /home/airflow/.local/lib/python3.7/site-packages/airflow/example_dags/example_time_delta_sensor_async.py took 0.218 seconds
[2022-03-03 15:42:49,811] {processor.py:163} INFO - Started process (PID=2763) to work on /home/airflow/.local/lib/python3.7/site-packages/airflow/example_dags/example_time_delta_sensor_async.py
[2022-03-03 15:42:49,825] {processor.py:642} INFO - Processing file /home/airflow/.local/lib/python3.7/site-packages/airflow/example_dags/example_time_delta_sensor_async.py for tasks to queue
[2022-03-03 15:42:49,834] {logging_mixin.py:109} INFO - [2022-03-03 15:42:49,834] {dagbag.py:500} INFO - Filling up the DagBag from /home/airflow/.local/lib/python3.7/site-packages/airflow/example_dags/example_time_delta_sensor_async.py
[2022-03-03 15:42:49,949] {processor.py:654} INFO - DAG(s) dict_keys(['example_time_delta_sensor_async']) retrieved from /home/airflow/.local/lib/python3.7/site-packages/airflow/example_dags/example_time_delta_sensor_async.py
[2022-03-03 15:42:49,997] {logging_mixin.py:109} INFO - [2022-03-03 15:42:49,997] {dag.py:2396} INFO - Sync 1 DAGs
[2022-03-03 15:42:50,085] {logging_mixin.py:109} INFO - [2022-03-03 15:42:50,085] {dag.py:2935} INFO - Setting next_dagrun for example_time_delta_sensor_async to None
[2022-03-03 15:42:50,153] {processor.py:171} INFO - Processing /home/airflow/.local/lib/python3.7/site-packages/airflow/example_dags/example_time_delta_sensor_async.py took 0.345 seconds
[2022-03-03 15:43:21,175] {processor.py:163} INFO - Started process (PID=2819) to work on /home/airflow/.local/lib/python3.7/site-packages/airflow/example_dags/example_time_delta_sensor_async.py
[2022-03-03 15:43:21,176] {processor.py:642} INFO - Processing file /home/airflow/.local/lib/python3.7/site-packages/airflow/example_dags/example_time_delta_sensor_async.py for tasks to queue
[2022-03-03 15:43:21,178] {logging_mixin.py:109} INFO - [2022-03-03 15:43:21,178] {dagbag.py:500} INFO - Filling up the DagBag from /home/airflow/.local/lib/python3.7/site-packages/airflow/example_dags/example_time_delta_sensor_async.py
[2022-03-03 15:43:21,205] {processor.py:654} INFO - DAG(s) dict_keys(['example_time_delta_sensor_async']) retrieved from /home/airflow/.local/lib/python3.7/site-packages/airflow/example_dags/example_time_delta_sensor_async.py
[2022-03-03 15:43:21,217] {logging_mixin.py:109} INFO - [2022-03-03 15:43:21,216] {dag.py:2396} INFO - Sync 1 DAGs
[2022-03-03 15:43:21,239] {logging_mixin.py:109} INFO - [2022-03-03 15:43:21,239] {dag.py:2935} INFO - Setting next_dagrun for example_time_delta_sensor_async to None
[2022-03-03 15:43:21,249] {processor.py:171} INFO - Processing /home/airflow/.local/lib/python3.7/site-packages/airflow/example_dags/example_time_delta_sensor_async.py took 0.081 seconds
[2022-03-03 15:43:51,767] {processor.py:163} INFO - Started process (PID=2875) to work on /home/airflow/.local/lib/python3.7/site-packages/airflow/example_dags/example_time_delta_sensor_async.py
[2022-03-03 15:43:51,769] {processor.py:642} INFO - Processing file /home/airflow/.local/lib/python3.7/site-packages/airflow/example_dags/example_time_delta_sensor_async.py for tasks to queue
[2022-03-03 15:43:51,770] {logging_mixin.py:109} INFO - [2022-03-03 15:43:51,770] {dagbag.py:500} INFO - Filling up the DagBag from /home/airflow/.local/lib/python3.7/site-packages/airflow/example_dags/example_time_delta_sensor_async.py
[2022-03-03 15:43:51,796] {processor.py:654} INFO - DAG(s) dict_keys(['example_time_delta_sensor_async']) retrieved from /home/airflow/.local/lib/python3.7/site-packages/airflow/example_dags/example_time_delta_sensor_async.py
[2022-03-03 15:43:51,805] {logging_mixin.py:109} INFO - [2022-03-03 15:43:51,805] {dag.py:2396} INFO - Sync 1 DAGs
[2022-03-03 15:43:51,822] {logging_mixin.py:109} INFO - [2022-03-03 15:43:51,822] {dag.py:2935} INFO - Setting next_dagrun for example_time_delta_sensor_async to None
[2022-03-03 15:43:51,840] {processor.py:171} INFO - Processing /home/airflow/.local/lib/python3.7/site-packages/airflow/example_dags/example_time_delta_sensor_async.py took 0.076 seconds
[2022-03-03 15:44:22,262] {processor.py:163} INFO - Started process (PID=2932) to work on /home/airflow/.local/lib/python3.7/site-packages/airflow/example_dags/example_time_delta_sensor_async.py
[2022-03-03 15:44:22,264] {processor.py:642} INFO - Processing file /home/airflow/.local/lib/python3.7/site-packages/airflow/example_dags/example_time_delta_sensor_async.py for tasks to queue
[2022-03-03 15:44:22,265] {logging_mixin.py:109} INFO - [2022-03-03 15:44:22,265] {dagbag.py:500} INFO - Filling up the DagBag from /home/airflow/.local/lib/python3.7/site-packages/airflow/example_dags/example_time_delta_sensor_async.py
[2022-03-03 15:44:22,291] {processor.py:654} INFO - DAG(s) dict_keys(['example_time_delta_sensor_async']) retrieved from /home/airflow/.local/lib/python3.7/site-packages/airflow/example_dags/example_time_delta_sensor_async.py
[2022-03-03 15:44:22,306] {logging_mixin.py:109} INFO - [2022-03-03 15:44:22,306] {dag.py:2396} INFO - Sync 1 DAGs
[2022-03-03 15:44:22,328] {logging_mixin.py:109} INFO - [2022-03-03 15:44:22,328] {dag.py:2935} INFO - Setting next_dagrun for example_time_delta_sensor_async to None
[2022-03-03 15:44:22,342] {processor.py:171} INFO - Processing /home/airflow/.local/lib/python3.7/site-packages/airflow/example_dags/example_time_delta_sensor_async.py took 0.083 seconds
[2022-03-03 15:44:52,636] {processor.py:163} INFO - Started process (PID=2990) to work on /home/airflow/.local/lib/python3.7/site-packages/airflow/example_dags/example_time_delta_sensor_async.py
[2022-03-03 15:44:52,638] {processor.py:642} INFO - Processing file /home/airflow/.local/lib/python3.7/site-packages/airflow/example_dags/example_time_delta_sensor_async.py for tasks to queue
[2022-03-03 15:44:52,640] {logging_mixin.py:109} INFO - [2022-03-03 15:44:52,640] {dagbag.py:500} INFO - Filling up the DagBag from /home/airflow/.local/lib/python3.7/site-packages/airflow/example_dags/example_time_delta_sensor_async.py
[2022-03-03 15:44:52,676] {processor.py:654} INFO - DAG(s) dict_keys(['example_time_delta_sensor_async']) retrieved from /home/airflow/.local/lib/python3.7/site-packages/airflow/example_dags/example_time_delta_sensor_async.py
[2022-03-03 15:44:52,692] {logging_mixin.py:109} INFO - [2022-03-03 15:44:52,691] {dag.py:2396} INFO - Sync 1 DAGs
[2022-03-03 15:44:52,715] {logging_mixin.py:109} INFO - [2022-03-03 15:44:52,715] {dag.py:2935} INFO - Setting next_dagrun for example_time_delta_sensor_async to None
[2022-03-03 15:44:52,727] {processor.py:171} INFO - Processing /home/airflow/.local/lib/python3.7/site-packages/airflow/example_dags/example_time_delta_sensor_async.py took 0.096 seconds
[2022-03-03 15:45:22,851] {processor.py:163} INFO - Started process (PID=3044) to work on /home/airflow/.local/lib/python3.7/site-packages/airflow/example_dags/example_time_delta_sensor_async.py
[2022-03-03 15:45:22,853] {processor.py:642} INFO - Processing file /home/airflow/.local/lib/python3.7/site-packages/airflow/example_dags/example_time_delta_sensor_async.py for tasks to queue
[2022-03-03 15:45:22,854] {logging_mixin.py:109} INFO - [2022-03-03 15:45:22,854] {dagbag.py:500} INFO - Filling up the DagBag from /home/airflow/.local/lib/python3.7/site-packages/airflow/example_dags/example_time_delta_sensor_async.py
[2022-03-03 15:45:22,884] {processor.py:654} INFO - DAG(s) dict_keys(['example_time_delta_sensor_async']) retrieved from /home/airflow/.local/lib/python3.7/site-packages/airflow/example_dags/example_time_delta_sensor_async.py
[2022-03-03 15:45:22,896] {logging_mixin.py:109} INFO - [2022-03-03 15:45:22,896] {dag.py:2396} INFO - Sync 1 DAGs
[2022-03-03 15:45:22,911] {logging_mixin.py:109} INFO - [2022-03-03 15:45:22,911] {dag.py:2935} INFO - Setting next_dagrun for example_time_delta_sensor_async to None
[2022-03-03 15:45:22,920] {processor.py:171} INFO - Processing /home/airflow/.local/lib/python3.7/site-packages/airflow/example_dags/example_time_delta_sensor_async.py took 0.076 seconds
[2022-03-03 15:45:53,726] {processor.py:163} INFO - Started process (PID=3117) to work on /home/airflow/.local/lib/python3.7/site-packages/airflow/example_dags/example_time_delta_sensor_async.py
[2022-03-03 15:45:53,728] {processor.py:642} INFO - Processing file /home/airflow/.local/lib/python3.7/site-packages/airflow/example_dags/example_time_delta_sensor_async.py for tasks to queue
[2022-03-03 15:45:53,729] {logging_mixin.py:109} INFO - [2022-03-03 15:45:53,729] {dagbag.py:500} INFO - Filling up the DagBag from /home/airflow/.local/lib/python3.7/site-packages/airflow/example_dags/example_time_delta_sensor_async.py
[2022-03-03 15:45:53,795] {processor.py:654} INFO - DAG(s) dict_keys(['example_time_delta_sensor_async']) retrieved from /home/airflow/.local/lib/python3.7/site-packages/airflow/example_dags/example_time_delta_sensor_async.py
[2022-03-03 15:45:53,821] {logging_mixin.py:109} INFO - [2022-03-03 15:45:53,821] {dag.py:2396} INFO - Sync 1 DAGs
[2022-03-03 15:45:53,864] {logging_mixin.py:109} INFO - [2022-03-03 15:45:53,864] {dag.py:2935} INFO - Setting next_dagrun for example_time_delta_sensor_async to None
[2022-03-03 15:45:53,883] {processor.py:171} INFO - Processing /home/airflow/.local/lib/python3.7/site-packages/airflow/example_dags/example_time_delta_sensor_async.py took 0.170 seconds
[2022-03-03 15:46:24,907] {processor.py:163} INFO - Started process (PID=3174) to work on /home/airflow/.local/lib/python3.7/site-packages/airflow/example_dags/example_time_delta_sensor_async.py
[2022-03-03 15:46:24,910] {processor.py:642} INFO - Processing file /home/airflow/.local/lib/python3.7/site-packages/airflow/example_dags/example_time_delta_sensor_async.py for tasks to queue
[2022-03-03 15:46:24,913] {logging_mixin.py:109} INFO - [2022-03-03 15:46:24,913] {dagbag.py:500} INFO - Filling up the DagBag from /home/airflow/.local/lib/python3.7/site-packages/airflow/example_dags/example_time_delta_sensor_async.py
[2022-03-03 15:46:24,959] {processor.py:654} INFO - DAG(s) dict_keys(['example_time_delta_sensor_async']) retrieved from /home/airflow/.local/lib/python3.7/site-packages/airflow/example_dags/example_time_delta_sensor_async.py
[2022-03-03 15:46:24,974] {logging_mixin.py:109} INFO - [2022-03-03 15:46:24,974] {dag.py:2396} INFO - Sync 1 DAGs
[2022-03-03 15:46:25,026] {logging_mixin.py:109} INFO - [2022-03-03 15:46:25,026] {dag.py:2935} INFO - Setting next_dagrun for example_time_delta_sensor_async to None
[2022-03-03 15:46:25,077] {processor.py:171} INFO - Processing /home/airflow/.local/lib/python3.7/site-packages/airflow/example_dags/example_time_delta_sensor_async.py took 0.174 seconds
[2022-03-03 15:46:55,605] {processor.py:163} INFO - Started process (PID=3231) to work on /home/airflow/.local/lib/python3.7/site-packages/airflow/example_dags/example_time_delta_sensor_async.py
[2022-03-03 15:46:55,606] {processor.py:642} INFO - Processing file /home/airflow/.local/lib/python3.7/site-packages/airflow/example_dags/example_time_delta_sensor_async.py for tasks to queue
[2022-03-03 15:46:55,607] {logging_mixin.py:109} INFO - [2022-03-03 15:46:55,607] {dagbag.py:500} INFO - Filling up the DagBag from /home/airflow/.local/lib/python3.7/site-packages/airflow/example_dags/example_time_delta_sensor_async.py
[2022-03-03 15:46:55,634] {processor.py:654} INFO - DAG(s) dict_keys(['example_time_delta_sensor_async']) retrieved from /home/airflow/.local/lib/python3.7/site-packages/airflow/example_dags/example_time_delta_sensor_async.py
[2022-03-03 15:46:55,643] {logging_mixin.py:109} INFO - [2022-03-03 15:46:55,643] {dag.py:2396} INFO - Sync 1 DAGs
[2022-03-03 15:46:55,664] {logging_mixin.py:109} INFO - [2022-03-03 15:46:55,664] {dag.py:2935} INFO - Setting next_dagrun for example_time_delta_sensor_async to None
[2022-03-03 15:46:55,677] {processor.py:171} INFO - Processing /home/airflow/.local/lib/python3.7/site-packages/airflow/example_dags/example_time_delta_sensor_async.py took 0.076 seconds
[2022-03-03 15:47:26,073] {processor.py:163} INFO - Started process (PID=3298) to work on /home/airflow/.local/lib/python3.7/site-packages/airflow/example_dags/example_time_delta_sensor_async.py
[2022-03-03 15:47:26,075] {processor.py:642} INFO - Processing file /home/airflow/.local/lib/python3.7/site-packages/airflow/example_dags/example_time_delta_sensor_async.py for tasks to queue
[2022-03-03 15:47:26,081] {logging_mixin.py:109} INFO - [2022-03-03 15:47:26,081] {dagbag.py:500} INFO - Filling up the DagBag from /home/airflow/.local/lib/python3.7/site-packages/airflow/example_dags/example_time_delta_sensor_async.py
[2022-03-03 15:47:26,154] {processor.py:654} INFO - DAG(s) dict_keys(['example_time_delta_sensor_async']) retrieved from /home/airflow/.local/lib/python3.7/site-packages/airflow/example_dags/example_time_delta_sensor_async.py
[2022-03-03 15:47:26,172] {logging_mixin.py:109} INFO - [2022-03-03 15:47:26,172] {dag.py:2396} INFO - Sync 1 DAGs
[2022-03-03 15:47:26,197] {logging_mixin.py:109} INFO - [2022-03-03 15:47:26,197] {dag.py:2935} INFO - Setting next_dagrun for example_time_delta_sensor_async to None
[2022-03-03 15:47:26,214] {processor.py:171} INFO - Processing /home/airflow/.local/lib/python3.7/site-packages/airflow/example_dags/example_time_delta_sensor_async.py took 0.153 seconds
[2022-03-03 15:47:56,410] {processor.py:163} INFO - Started process (PID=3353) to work on /home/airflow/.local/lib/python3.7/site-packages/airflow/example_dags/example_time_delta_sensor_async.py
[2022-03-03 15:47:56,416] {processor.py:642} INFO - Processing file /home/airflow/.local/lib/python3.7/site-packages/airflow/example_dags/example_time_delta_sensor_async.py for tasks to queue
[2022-03-03 15:47:56,420] {logging_mixin.py:109} INFO - [2022-03-03 15:47:56,419] {dagbag.py:500} INFO - Filling up the DagBag from /home/airflow/.local/lib/python3.7/site-packages/airflow/example_dags/example_time_delta_sensor_async.py
[2022-03-03 15:47:56,574] {processor.py:654} INFO - DAG(s) dict_keys(['example_time_delta_sensor_async']) retrieved from /home/airflow/.local/lib/python3.7/site-packages/airflow/example_dags/example_time_delta_sensor_async.py
[2022-03-03 15:47:56,626] {logging_mixin.py:109} INFO - [2022-03-03 15:47:56,626] {dag.py:2396} INFO - Sync 1 DAGs
[2022-03-03 15:47:56,692] {logging_mixin.py:109} INFO - [2022-03-03 15:47:56,692] {dag.py:2935} INFO - Setting next_dagrun for example_time_delta_sensor_async to None
[2022-03-03 15:47:56,739] {processor.py:171} INFO - Processing /home/airflow/.local/lib/python3.7/site-packages/airflow/example_dags/example_time_delta_sensor_async.py took 0.342 seconds
[2022-03-03 15:48:26,932] {processor.py:163} INFO - Started process (PID=3410) to work on /home/airflow/.local/lib/python3.7/site-packages/airflow/example_dags/example_time_delta_sensor_async.py
[2022-03-03 15:48:26,933] {processor.py:642} INFO - Processing file /home/airflow/.local/lib/python3.7/site-packages/airflow/example_dags/example_time_delta_sensor_async.py for tasks to queue
[2022-03-03 15:48:26,934] {logging_mixin.py:109} INFO - [2022-03-03 15:48:26,934] {dagbag.py:500} INFO - Filling up the DagBag from /home/airflow/.local/lib/python3.7/site-packages/airflow/example_dags/example_time_delta_sensor_async.py
[2022-03-03 15:48:27,000] {processor.py:654} INFO - DAG(s) dict_keys(['example_time_delta_sensor_async']) retrieved from /home/airflow/.local/lib/python3.7/site-packages/airflow/example_dags/example_time_delta_sensor_async.py
[2022-03-03 15:48:27,024] {logging_mixin.py:109} INFO - [2022-03-03 15:48:27,024] {dag.py:2396} INFO - Sync 1 DAGs
[2022-03-03 15:48:27,070] {logging_mixin.py:109} INFO - [2022-03-03 15:48:27,070] {dag.py:2935} INFO - Setting next_dagrun for example_time_delta_sensor_async to None
[2022-03-03 15:48:27,083] {processor.py:171} INFO - Processing /home/airflow/.local/lib/python3.7/site-packages/airflow/example_dags/example_time_delta_sensor_async.py took 0.163 seconds
[2022-03-03 15:48:57,568] {processor.py:163} INFO - Started process (PID=3473) to work on /home/airflow/.local/lib/python3.7/site-packages/airflow/example_dags/example_time_delta_sensor_async.py
[2022-03-03 15:48:57,571] {processor.py:642} INFO - Processing file /home/airflow/.local/lib/python3.7/site-packages/airflow/example_dags/example_time_delta_sensor_async.py for tasks to queue
[2022-03-03 15:48:57,573] {logging_mixin.py:109} INFO - [2022-03-03 15:48:57,573] {dagbag.py:500} INFO - Filling up the DagBag from /home/airflow/.local/lib/python3.7/site-packages/airflow/example_dags/example_time_delta_sensor_async.py
[2022-03-03 15:48:57,616] {processor.py:654} INFO - DAG(s) dict_keys(['example_time_delta_sensor_async']) retrieved from /home/airflow/.local/lib/python3.7/site-packages/airflow/example_dags/example_time_delta_sensor_async.py
[2022-03-03 15:48:57,625] {logging_mixin.py:109} INFO - [2022-03-03 15:48:57,625] {dag.py:2396} INFO - Sync 1 DAGs
[2022-03-03 15:48:57,640] {logging_mixin.py:109} INFO - [2022-03-03 15:48:57,640] {dag.py:2935} INFO - Setting next_dagrun for example_time_delta_sensor_async to None
[2022-03-03 15:48:57,649] {processor.py:171} INFO - Processing /home/airflow/.local/lib/python3.7/site-packages/airflow/example_dags/example_time_delta_sensor_async.py took 0.087 seconds
[2022-03-03 15:49:28,000] {processor.py:163} INFO - Started process (PID=3527) to work on /home/airflow/.local/lib/python3.7/site-packages/airflow/example_dags/example_time_delta_sensor_async.py
[2022-03-03 15:49:28,003] {processor.py:642} INFO - Processing file /home/airflow/.local/lib/python3.7/site-packages/airflow/example_dags/example_time_delta_sensor_async.py for tasks to queue
[2022-03-03 15:49:28,006] {logging_mixin.py:109} INFO - [2022-03-03 15:49:28,006] {dagbag.py:500} INFO - Filling up the DagBag from /home/airflow/.local/lib/python3.7/site-packages/airflow/example_dags/example_time_delta_sensor_async.py
[2022-03-03 15:49:28,058] {processor.py:654} INFO - DAG(s) dict_keys(['example_time_delta_sensor_async']) retrieved from /home/airflow/.local/lib/python3.7/site-packages/airflow/example_dags/example_time_delta_sensor_async.py
[2022-03-03 15:49:28,082] {logging_mixin.py:109} INFO - [2022-03-03 15:49:28,082] {dag.py:2396} INFO - Sync 1 DAGs
[2022-03-03 15:49:28,118] {logging_mixin.py:109} INFO - [2022-03-03 15:49:28,118] {dag.py:2935} INFO - Setting next_dagrun for example_time_delta_sensor_async to None
[2022-03-03 15:49:28,135] {processor.py:171} INFO - Processing /home/airflow/.local/lib/python3.7/site-packages/airflow/example_dags/example_time_delta_sensor_async.py took 0.144 seconds
[2022-03-03 15:49:58,510] {processor.py:163} INFO - Started process (PID=3592) to work on /home/airflow/.local/lib/python3.7/site-packages/airflow/example_dags/example_time_delta_sensor_async.py
[2022-03-03 15:49:58,519] {processor.py:642} INFO - Processing file /home/airflow/.local/lib/python3.7/site-packages/airflow/example_dags/example_time_delta_sensor_async.py for tasks to queue
[2022-03-03 15:49:58,524] {logging_mixin.py:109} INFO - [2022-03-03 15:49:58,523] {dagbag.py:500} INFO - Filling up the DagBag from /home/airflow/.local/lib/python3.7/site-packages/airflow/example_dags/example_time_delta_sensor_async.py
[2022-03-03 15:49:58,600] {processor.py:654} INFO - DAG(s) dict_keys(['example_time_delta_sensor_async']) retrieved from /home/airflow/.local/lib/python3.7/site-packages/airflow/example_dags/example_time_delta_sensor_async.py
[2022-03-03 15:49:58,623] {logging_mixin.py:109} INFO - [2022-03-03 15:49:58,623] {dag.py:2396} INFO - Sync 1 DAGs
[2022-03-03 15:49:58,678] {logging_mixin.py:109} INFO - [2022-03-03 15:49:58,678] {dag.py:2935} INFO - Setting next_dagrun for example_time_delta_sensor_async to None
[2022-03-03 15:49:58,699] {processor.py:171} INFO - Processing /home/airflow/.local/lib/python3.7/site-packages/airflow/example_dags/example_time_delta_sensor_async.py took 0.217 seconds
[2022-03-03 15:50:29,357] {processor.py:163} INFO - Started process (PID=3654) to work on /home/airflow/.local/lib/python3.7/site-packages/airflow/example_dags/example_time_delta_sensor_async.py
[2022-03-03 15:50:29,360] {processor.py:642} INFO - Processing file /home/airflow/.local/lib/python3.7/site-packages/airflow/example_dags/example_time_delta_sensor_async.py for tasks to queue
[2022-03-03 15:50:29,362] {logging_mixin.py:109} INFO - [2022-03-03 15:50:29,362] {dagbag.py:500} INFO - Filling up the DagBag from /home/airflow/.local/lib/python3.7/site-packages/airflow/example_dags/example_time_delta_sensor_async.py
[2022-03-03 15:50:29,400] {processor.py:654} INFO - DAG(s) dict_keys(['example_time_delta_sensor_async']) retrieved from /home/airflow/.local/lib/python3.7/site-packages/airflow/example_dags/example_time_delta_sensor_async.py
[2022-03-03 15:50:29,413] {logging_mixin.py:109} INFO - [2022-03-03 15:50:29,413] {dag.py:2396} INFO - Sync 1 DAGs
[2022-03-03 15:50:29,433] {logging_mixin.py:109} INFO - [2022-03-03 15:50:29,433] {dag.py:2935} INFO - Setting next_dagrun for example_time_delta_sensor_async to None
[2022-03-03 15:50:29,445] {processor.py:171} INFO - Processing /home/airflow/.local/lib/python3.7/site-packages/airflow/example_dags/example_time_delta_sensor_async.py took 0.093 seconds
[2022-03-03 15:50:59,664] {processor.py:163} INFO - Started process (PID=3710) to work on /home/airflow/.local/lib/python3.7/site-packages/airflow/example_dags/example_time_delta_sensor_async.py
[2022-03-03 15:50:59,666] {processor.py:642} INFO - Processing file /home/airflow/.local/lib/python3.7/site-packages/airflow/example_dags/example_time_delta_sensor_async.py for tasks to queue
[2022-03-03 15:50:59,668] {logging_mixin.py:109} INFO - [2022-03-03 15:50:59,668] {dagbag.py:500} INFO - Filling up the DagBag from /home/airflow/.local/lib/python3.7/site-packages/airflow/example_dags/example_time_delta_sensor_async.py
[2022-03-03 15:50:59,695] {processor.py:654} INFO - DAG(s) dict_keys(['example_time_delta_sensor_async']) retrieved from /home/airflow/.local/lib/python3.7/site-packages/airflow/example_dags/example_time_delta_sensor_async.py
[2022-03-03 15:50:59,705] {logging_mixin.py:109} INFO - [2022-03-03 15:50:59,705] {dag.py:2396} INFO - Sync 1 DAGs
[2022-03-03 15:50:59,720] {logging_mixin.py:109} INFO - [2022-03-03 15:50:59,720] {dag.py:2935} INFO - Setting next_dagrun for example_time_delta_sensor_async to None
[2022-03-03 15:50:59,729] {processor.py:171} INFO - Processing /home/airflow/.local/lib/python3.7/site-packages/airflow/example_dags/example_time_delta_sensor_async.py took 0.068 seconds
