[2022-03-03 15:18:45,777] {processor.py:163} INFO - Started process (PID=84) to work on /home/airflow/.local/lib/python3.7/site-packages/airflow/example_dags/example_task_group_decorator.py
[2022-03-03 15:18:45,781] {processor.py:642} INFO - Processing file /home/airflow/.local/lib/python3.7/site-packages/airflow/example_dags/example_task_group_decorator.py for tasks to queue
[2022-03-03 15:18:45,789] {logging_mixin.py:109} INFO - [2022-03-03 15:18:45,789] {dagbag.py:500} INFO - Filling up the DagBag from /home/airflow/.local/lib/python3.7/site-packages/airflow/example_dags/example_task_group_decorator.py
[2022-03-03 15:18:46,058] {processor.py:654} INFO - DAG(s) dict_keys(['example_task_group_decorator']) retrieved from /home/airflow/.local/lib/python3.7/site-packages/airflow/example_dags/example_task_group_decorator.py
[2022-03-03 15:18:48,565] {logging_mixin.py:109} INFO - [2022-03-03 15:18:48,561] {dag.py:2396} INFO - Sync 1 DAGs
[2022-03-03 15:18:48,643] {logging_mixin.py:109} INFO - [2022-03-03 15:18:48,643] {dag.py:2935} INFO - Setting next_dagrun for example_task_group_decorator to 2022-03-02T15:18:48.640126+00:00
[2022-03-03 15:18:48,690] {processor.py:171} INFO - Processing /home/airflow/.local/lib/python3.7/site-packages/airflow/example_dags/example_task_group_decorator.py took 2.951 seconds
[2022-03-03 15:19:18,809] {processor.py:163} INFO - Started process (PID=141) to work on /home/airflow/.local/lib/python3.7/site-packages/airflow/example_dags/example_task_group_decorator.py
[2022-03-03 15:19:18,815] {processor.py:642} INFO - Processing file /home/airflow/.local/lib/python3.7/site-packages/airflow/example_dags/example_task_group_decorator.py for tasks to queue
[2022-03-03 15:19:18,818] {logging_mixin.py:109} INFO - [2022-03-03 15:19:18,817] {dagbag.py:500} INFO - Filling up the DagBag from /home/airflow/.local/lib/python3.7/site-packages/airflow/example_dags/example_task_group_decorator.py
[2022-03-03 15:19:18,908] {processor.py:654} INFO - DAG(s) dict_keys(['example_task_group_decorator']) retrieved from /home/airflow/.local/lib/python3.7/site-packages/airflow/example_dags/example_task_group_decorator.py
[2022-03-03 15:19:20,042] {logging_mixin.py:109} INFO - [2022-03-03 15:19:20,040] {dag.py:2396} INFO - Sync 1 DAGs
[2022-03-03 15:19:20,081] {logging_mixin.py:109} INFO - [2022-03-03 15:19:20,081] {dag.py:2935} INFO - Setting next_dagrun for example_task_group_decorator to 2022-03-02T15:19:20.080787+00:00
[2022-03-03 15:19:20,109] {processor.py:171} INFO - Processing /home/airflow/.local/lib/python3.7/site-packages/airflow/example_dags/example_task_group_decorator.py took 1.312 seconds
[2022-03-03 15:19:50,201] {processor.py:163} INFO - Started process (PID=198) to work on /home/airflow/.local/lib/python3.7/site-packages/airflow/example_dags/example_task_group_decorator.py
[2022-03-03 15:19:50,206] {processor.py:642} INFO - Processing file /home/airflow/.local/lib/python3.7/site-packages/airflow/example_dags/example_task_group_decorator.py for tasks to queue
[2022-03-03 15:19:50,208] {logging_mixin.py:109} INFO - [2022-03-03 15:19:50,208] {dagbag.py:500} INFO - Filling up the DagBag from /home/airflow/.local/lib/python3.7/site-packages/airflow/example_dags/example_task_group_decorator.py
[2022-03-03 15:19:50,295] {processor.py:654} INFO - DAG(s) dict_keys(['example_task_group_decorator']) retrieved from /home/airflow/.local/lib/python3.7/site-packages/airflow/example_dags/example_task_group_decorator.py
[2022-03-03 15:19:50,621] {logging_mixin.py:109} INFO - [2022-03-03 15:19:50,621] {dag.py:2396} INFO - Sync 1 DAGs
[2022-03-03 15:19:50,659] {logging_mixin.py:109} INFO - [2022-03-03 15:19:50,659] {dag.py:2935} INFO - Setting next_dagrun for example_task_group_decorator to 2022-03-02T15:19:50.659252+00:00
[2022-03-03 15:19:50,682] {processor.py:171} INFO - Processing /home/airflow/.local/lib/python3.7/site-packages/airflow/example_dags/example_task_group_decorator.py took 0.489 seconds
[2022-03-03 15:20:20,757] {processor.py:163} INFO - Started process (PID=255) to work on /home/airflow/.local/lib/python3.7/site-packages/airflow/example_dags/example_task_group_decorator.py
[2022-03-03 15:20:20,760] {processor.py:642} INFO - Processing file /home/airflow/.local/lib/python3.7/site-packages/airflow/example_dags/example_task_group_decorator.py for tasks to queue
[2022-03-03 15:20:20,763] {logging_mixin.py:109} INFO - [2022-03-03 15:20:20,762] {dagbag.py:500} INFO - Filling up the DagBag from /home/airflow/.local/lib/python3.7/site-packages/airflow/example_dags/example_task_group_decorator.py
[2022-03-03 15:20:20,820] {processor.py:654} INFO - DAG(s) dict_keys(['example_task_group_decorator']) retrieved from /home/airflow/.local/lib/python3.7/site-packages/airflow/example_dags/example_task_group_decorator.py
[2022-03-03 15:20:21,135] {logging_mixin.py:109} INFO - [2022-03-03 15:20:21,135] {dag.py:2396} INFO - Sync 1 DAGs
[2022-03-03 15:20:21,152] {logging_mixin.py:109} INFO - [2022-03-03 15:20:21,152] {dag.py:2935} INFO - Setting next_dagrun for example_task_group_decorator to 2022-03-02T15:20:21.152065+00:00
[2022-03-03 15:20:21,165] {processor.py:171} INFO - Processing /home/airflow/.local/lib/python3.7/site-packages/airflow/example_dags/example_task_group_decorator.py took 0.416 seconds
[2022-03-03 15:20:51,860] {processor.py:163} INFO - Started process (PID=318) to work on /home/airflow/.local/lib/python3.7/site-packages/airflow/example_dags/example_task_group_decorator.py
[2022-03-03 15:20:51,868] {processor.py:642} INFO - Processing file /home/airflow/.local/lib/python3.7/site-packages/airflow/example_dags/example_task_group_decorator.py for tasks to queue
[2022-03-03 15:20:51,872] {logging_mixin.py:109} INFO - [2022-03-03 15:20:51,872] {dagbag.py:500} INFO - Filling up the DagBag from /home/airflow/.local/lib/python3.7/site-packages/airflow/example_dags/example_task_group_decorator.py
[2022-03-03 15:20:52,000] {processor.py:654} INFO - DAG(s) dict_keys(['example_task_group_decorator']) retrieved from /home/airflow/.local/lib/python3.7/site-packages/airflow/example_dags/example_task_group_decorator.py
[2022-03-03 15:20:52,692] {logging_mixin.py:109} INFO - [2022-03-03 15:20:52,692] {dag.py:2396} INFO - Sync 1 DAGs
[2022-03-03 15:20:52,734] {logging_mixin.py:109} INFO - [2022-03-03 15:20:52,734] {dag.py:2935} INFO - Setting next_dagrun for example_task_group_decorator to 2022-03-02T15:20:52.734433+00:00
[2022-03-03 15:20:52,775] {processor.py:171} INFO - Processing /home/airflow/.local/lib/python3.7/site-packages/airflow/example_dags/example_task_group_decorator.py took 0.919 seconds
[2022-03-03 15:21:26,030] {processor.py:163} INFO - Started process (PID=373) to work on /home/airflow/.local/lib/python3.7/site-packages/airflow/example_dags/example_task_group_decorator.py
[2022-03-03 15:21:26,035] {processor.py:642} INFO - Processing file /home/airflow/.local/lib/python3.7/site-packages/airflow/example_dags/example_task_group_decorator.py for tasks to queue
[2022-03-03 15:21:26,037] {logging_mixin.py:109} INFO - [2022-03-03 15:21:26,036] {dagbag.py:500} INFO - Filling up the DagBag from /home/airflow/.local/lib/python3.7/site-packages/airflow/example_dags/example_task_group_decorator.py
[2022-03-03 15:21:26,184] {processor.py:654} INFO - DAG(s) dict_keys(['example_task_group_decorator']) retrieved from /home/airflow/.local/lib/python3.7/site-packages/airflow/example_dags/example_task_group_decorator.py
[2022-03-03 15:21:27,132] {logging_mixin.py:109} INFO - [2022-03-03 15:21:27,132] {dag.py:2396} INFO - Sync 1 DAGs
[2022-03-03 15:21:27,148] {logging_mixin.py:109} INFO - [2022-03-03 15:21:27,148] {dag.py:2935} INFO - Setting next_dagrun for example_task_group_decorator to 2022-03-02T15:21:27.148468+00:00
[2022-03-03 15:21:27,166] {processor.py:171} INFO - Processing /home/airflow/.local/lib/python3.7/site-packages/airflow/example_dags/example_task_group_decorator.py took 1.145 seconds
[2022-03-03 15:21:57,799] {processor.py:163} INFO - Started process (PID=429) to work on /home/airflow/.local/lib/python3.7/site-packages/airflow/example_dags/example_task_group_decorator.py
[2022-03-03 15:21:57,803] {processor.py:642} INFO - Processing file /home/airflow/.local/lib/python3.7/site-packages/airflow/example_dags/example_task_group_decorator.py for tasks to queue
[2022-03-03 15:21:57,805] {logging_mixin.py:109} INFO - [2022-03-03 15:21:57,805] {dagbag.py:500} INFO - Filling up the DagBag from /home/airflow/.local/lib/python3.7/site-packages/airflow/example_dags/example_task_group_decorator.py
[2022-03-03 15:21:57,844] {processor.py:654} INFO - DAG(s) dict_keys(['example_task_group_decorator']) retrieved from /home/airflow/.local/lib/python3.7/site-packages/airflow/example_dags/example_task_group_decorator.py
[2022-03-03 15:21:58,131] {logging_mixin.py:109} INFO - [2022-03-03 15:21:58,131] {dag.py:2396} INFO - Sync 1 DAGs
[2022-03-03 15:21:58,146] {logging_mixin.py:109} INFO - [2022-03-03 15:21:58,146] {dag.py:2935} INFO - Setting next_dagrun for example_task_group_decorator to 2022-03-02T15:21:58.146497+00:00
[2022-03-03 15:21:58,158] {processor.py:171} INFO - Processing /home/airflow/.local/lib/python3.7/site-packages/airflow/example_dags/example_task_group_decorator.py took 0.365 seconds
[2022-03-03 15:22:28,809] {processor.py:163} INFO - Started process (PID=486) to work on /home/airflow/.local/lib/python3.7/site-packages/airflow/example_dags/example_task_group_decorator.py
[2022-03-03 15:22:28,811] {processor.py:642} INFO - Processing file /home/airflow/.local/lib/python3.7/site-packages/airflow/example_dags/example_task_group_decorator.py for tasks to queue
[2022-03-03 15:22:28,813] {logging_mixin.py:109} INFO - [2022-03-03 15:22:28,813] {dagbag.py:500} INFO - Filling up the DagBag from /home/airflow/.local/lib/python3.7/site-packages/airflow/example_dags/example_task_group_decorator.py
[2022-03-03 15:22:28,853] {processor.py:654} INFO - DAG(s) dict_keys(['example_task_group_decorator']) retrieved from /home/airflow/.local/lib/python3.7/site-packages/airflow/example_dags/example_task_group_decorator.py
[2022-03-03 15:22:29,159] {logging_mixin.py:109} INFO - [2022-03-03 15:22:29,158] {dag.py:2396} INFO - Sync 1 DAGs
[2022-03-03 15:22:29,177] {logging_mixin.py:109} INFO - [2022-03-03 15:22:29,177] {dag.py:2935} INFO - Setting next_dagrun for example_task_group_decorator to 2022-03-02T15:22:29.177684+00:00
[2022-03-03 15:22:29,206] {processor.py:171} INFO - Processing /home/airflow/.local/lib/python3.7/site-packages/airflow/example_dags/example_task_group_decorator.py took 0.402 seconds
[2022-03-03 15:22:59,572] {processor.py:163} INFO - Started process (PID=543) to work on /home/airflow/.local/lib/python3.7/site-packages/airflow/example_dags/example_task_group_decorator.py
[2022-03-03 15:22:59,574] {processor.py:642} INFO - Processing file /home/airflow/.local/lib/python3.7/site-packages/airflow/example_dags/example_task_group_decorator.py for tasks to queue
[2022-03-03 15:22:59,583] {logging_mixin.py:109} INFO - [2022-03-03 15:22:59,583] {dagbag.py:500} INFO - Filling up the DagBag from /home/airflow/.local/lib/python3.7/site-packages/airflow/example_dags/example_task_group_decorator.py
[2022-03-03 15:22:59,709] {processor.py:654} INFO - DAG(s) dict_keys(['example_task_group_decorator']) retrieved from /home/airflow/.local/lib/python3.7/site-packages/airflow/example_dags/example_task_group_decorator.py
[2022-03-03 15:23:00,470] {logging_mixin.py:109} INFO - [2022-03-03 15:23:00,470] {dag.py:2396} INFO - Sync 1 DAGs
[2022-03-03 15:23:00,483] {logging_mixin.py:109} INFO - [2022-03-03 15:23:00,483] {dag.py:2935} INFO - Setting next_dagrun for example_task_group_decorator to 2022-03-02T15:23:00.483524+00:00
[2022-03-03 15:23:00,494] {processor.py:171} INFO - Processing /home/airflow/.local/lib/python3.7/site-packages/airflow/example_dags/example_task_group_decorator.py took 0.926 seconds
[2022-03-03 15:23:30,937] {processor.py:163} INFO - Started process (PID=606) to work on /home/airflow/.local/lib/python3.7/site-packages/airflow/example_dags/example_task_group_decorator.py
[2022-03-03 15:23:30,939] {processor.py:642} INFO - Processing file /home/airflow/.local/lib/python3.7/site-packages/airflow/example_dags/example_task_group_decorator.py for tasks to queue
[2022-03-03 15:23:30,940] {logging_mixin.py:109} INFO - [2022-03-03 15:23:30,940] {dagbag.py:500} INFO - Filling up the DagBag from /home/airflow/.local/lib/python3.7/site-packages/airflow/example_dags/example_task_group_decorator.py
[2022-03-03 15:23:30,977] {processor.py:654} INFO - DAG(s) dict_keys(['example_task_group_decorator']) retrieved from /home/airflow/.local/lib/python3.7/site-packages/airflow/example_dags/example_task_group_decorator.py
[2022-03-03 15:23:31,300] {logging_mixin.py:109} INFO - [2022-03-03 15:23:31,300] {dag.py:2396} INFO - Sync 1 DAGs
[2022-03-03 15:23:31,313] {logging_mixin.py:109} INFO - [2022-03-03 15:23:31,313] {dag.py:2935} INFO - Setting next_dagrun for example_task_group_decorator to 2022-03-02T15:23:31.313658+00:00
[2022-03-03 15:23:31,324] {processor.py:171} INFO - Processing /home/airflow/.local/lib/python3.7/site-packages/airflow/example_dags/example_task_group_decorator.py took 0.391 seconds
[2022-03-03 15:24:02,061] {processor.py:163} INFO - Started process (PID=661) to work on /home/airflow/.local/lib/python3.7/site-packages/airflow/example_dags/example_task_group_decorator.py
[2022-03-03 15:24:02,066] {processor.py:642} INFO - Processing file /home/airflow/.local/lib/python3.7/site-packages/airflow/example_dags/example_task_group_decorator.py for tasks to queue
[2022-03-03 15:24:02,072] {logging_mixin.py:109} INFO - [2022-03-03 15:24:02,072] {dagbag.py:500} INFO - Filling up the DagBag from /home/airflow/.local/lib/python3.7/site-packages/airflow/example_dags/example_task_group_decorator.py
[2022-03-03 15:24:02,152] {processor.py:654} INFO - DAG(s) dict_keys(['example_task_group_decorator']) retrieved from /home/airflow/.local/lib/python3.7/site-packages/airflow/example_dags/example_task_group_decorator.py
[2022-03-03 15:24:02,869] {logging_mixin.py:109} INFO - [2022-03-03 15:24:02,869] {dag.py:2396} INFO - Sync 1 DAGs
[2022-03-03 15:24:02,893] {logging_mixin.py:109} INFO - [2022-03-03 15:24:02,893] {dag.py:2935} INFO - Setting next_dagrun for example_task_group_decorator to 2022-03-02T15:24:02.893266+00:00
[2022-03-03 15:24:02,907] {processor.py:171} INFO - Processing /home/airflow/.local/lib/python3.7/site-packages/airflow/example_dags/example_task_group_decorator.py took 0.851 seconds
[2022-03-03 15:24:33,158] {processor.py:163} INFO - Started process (PID=713) to work on /home/airflow/.local/lib/python3.7/site-packages/airflow/example_dags/example_task_group_decorator.py
[2022-03-03 15:24:33,169] {processor.py:642} INFO - Processing file /home/airflow/.local/lib/python3.7/site-packages/airflow/example_dags/example_task_group_decorator.py for tasks to queue
[2022-03-03 15:24:33,172] {logging_mixin.py:109} INFO - [2022-03-03 15:24:33,172] {dagbag.py:500} INFO - Filling up the DagBag from /home/airflow/.local/lib/python3.7/site-packages/airflow/example_dags/example_task_group_decorator.py
[2022-03-03 15:24:33,349] {processor.py:654} INFO - DAG(s) dict_keys(['example_task_group_decorator']) retrieved from /home/airflow/.local/lib/python3.7/site-packages/airflow/example_dags/example_task_group_decorator.py
[2022-03-03 15:24:34,592] {logging_mixin.py:109} INFO - [2022-03-03 15:24:34,592] {dag.py:2396} INFO - Sync 1 DAGs
[2022-03-03 15:24:34,633] {logging_mixin.py:109} INFO - [2022-03-03 15:24:34,632] {dag.py:2935} INFO - Setting next_dagrun for example_task_group_decorator to 2022-03-02T15:24:34.632649+00:00
[2022-03-03 15:24:34,667] {processor.py:171} INFO - Processing /home/airflow/.local/lib/python3.7/site-packages/airflow/example_dags/example_task_group_decorator.py took 1.512 seconds
[2022-03-03 15:25:05,251] {processor.py:163} INFO - Started process (PID=774) to work on /home/airflow/.local/lib/python3.7/site-packages/airflow/example_dags/example_task_group_decorator.py
[2022-03-03 15:25:05,255] {processor.py:642} INFO - Processing file /home/airflow/.local/lib/python3.7/site-packages/airflow/example_dags/example_task_group_decorator.py for tasks to queue
[2022-03-03 15:25:05,258] {logging_mixin.py:109} INFO - [2022-03-03 15:25:05,258] {dagbag.py:500} INFO - Filling up the DagBag from /home/airflow/.local/lib/python3.7/site-packages/airflow/example_dags/example_task_group_decorator.py
[2022-03-03 15:25:05,435] {processor.py:654} INFO - DAG(s) dict_keys(['example_task_group_decorator']) retrieved from /home/airflow/.local/lib/python3.7/site-packages/airflow/example_dags/example_task_group_decorator.py
[2022-03-03 15:25:05,728] {logging_mixin.py:109} INFO - [2022-03-03 15:25:05,728] {dag.py:2396} INFO - Sync 1 DAGs
[2022-03-03 15:25:05,744] {logging_mixin.py:109} INFO - [2022-03-03 15:25:05,744] {dag.py:2935} INFO - Setting next_dagrun for example_task_group_decorator to 2022-03-02T15:25:05.743935+00:00
[2022-03-03 15:25:05,756] {processor.py:171} INFO - Processing /home/airflow/.local/lib/python3.7/site-packages/airflow/example_dags/example_task_group_decorator.py took 0.516 seconds
[2022-03-03 15:25:36,098] {processor.py:163} INFO - Started process (PID=830) to work on /home/airflow/.local/lib/python3.7/site-packages/airflow/example_dags/example_task_group_decorator.py
[2022-03-03 15:25:36,100] {processor.py:642} INFO - Processing file /home/airflow/.local/lib/python3.7/site-packages/airflow/example_dags/example_task_group_decorator.py for tasks to queue
[2022-03-03 15:25:36,102] {logging_mixin.py:109} INFO - [2022-03-03 15:25:36,102] {dagbag.py:500} INFO - Filling up the DagBag from /home/airflow/.local/lib/python3.7/site-packages/airflow/example_dags/example_task_group_decorator.py
[2022-03-03 15:25:36,144] {processor.py:654} INFO - DAG(s) dict_keys(['example_task_group_decorator']) retrieved from /home/airflow/.local/lib/python3.7/site-packages/airflow/example_dags/example_task_group_decorator.py
[2022-03-03 15:25:36,462] {logging_mixin.py:109} INFO - [2022-03-03 15:25:36,462] {dag.py:2396} INFO - Sync 1 DAGs
[2022-03-03 15:25:36,478] {logging_mixin.py:109} INFO - [2022-03-03 15:25:36,478] {dag.py:2935} INFO - Setting next_dagrun for example_task_group_decorator to 2022-03-02T15:25:36.478660+00:00
[2022-03-03 15:25:36,489] {processor.py:171} INFO - Processing /home/airflow/.local/lib/python3.7/site-packages/airflow/example_dags/example_task_group_decorator.py took 0.396 seconds
[2022-03-03 15:26:06,571] {processor.py:163} INFO - Started process (PID=883) to work on /home/airflow/.local/lib/python3.7/site-packages/airflow/example_dags/example_task_group_decorator.py
[2022-03-03 15:26:06,574] {processor.py:642} INFO - Processing file /home/airflow/.local/lib/python3.7/site-packages/airflow/example_dags/example_task_group_decorator.py for tasks to queue
[2022-03-03 15:26:06,579] {logging_mixin.py:109} INFO - [2022-03-03 15:26:06,579] {dagbag.py:500} INFO - Filling up the DagBag from /home/airflow/.local/lib/python3.7/site-packages/airflow/example_dags/example_task_group_decorator.py
[2022-03-03 15:26:06,657] {processor.py:654} INFO - DAG(s) dict_keys(['example_task_group_decorator']) retrieved from /home/airflow/.local/lib/python3.7/site-packages/airflow/example_dags/example_task_group_decorator.py
[2022-03-03 15:26:06,967] {logging_mixin.py:109} INFO - [2022-03-03 15:26:06,967] {dag.py:2396} INFO - Sync 1 DAGs
[2022-03-03 15:26:06,983] {logging_mixin.py:109} INFO - [2022-03-03 15:26:06,983] {dag.py:2935} INFO - Setting next_dagrun for example_task_group_decorator to 2022-03-02T15:26:06.983122+00:00
[2022-03-03 15:26:06,996] {processor.py:171} INFO - Processing /home/airflow/.local/lib/python3.7/site-packages/airflow/example_dags/example_task_group_decorator.py took 0.429 seconds
[2022-03-03 15:26:37,105] {processor.py:163} INFO - Started process (PID=938) to work on /home/airflow/.local/lib/python3.7/site-packages/airflow/example_dags/example_task_group_decorator.py
[2022-03-03 15:26:37,107] {processor.py:642} INFO - Processing file /home/airflow/.local/lib/python3.7/site-packages/airflow/example_dags/example_task_group_decorator.py for tasks to queue
[2022-03-03 15:26:37,109] {logging_mixin.py:109} INFO - [2022-03-03 15:26:37,109] {dagbag.py:500} INFO - Filling up the DagBag from /home/airflow/.local/lib/python3.7/site-packages/airflow/example_dags/example_task_group_decorator.py
[2022-03-03 15:26:37,150] {processor.py:654} INFO - DAG(s) dict_keys(['example_task_group_decorator']) retrieved from /home/airflow/.local/lib/python3.7/site-packages/airflow/example_dags/example_task_group_decorator.py
[2022-03-03 15:26:37,447] {logging_mixin.py:109} INFO - [2022-03-03 15:26:37,447] {dag.py:2396} INFO - Sync 1 DAGs
[2022-03-03 15:26:37,464] {logging_mixin.py:109} INFO - [2022-03-03 15:26:37,464] {dag.py:2935} INFO - Setting next_dagrun for example_task_group_decorator to 2022-03-02T15:26:37.464062+00:00
[2022-03-03 15:26:37,478] {processor.py:171} INFO - Processing /home/airflow/.local/lib/python3.7/site-packages/airflow/example_dags/example_task_group_decorator.py took 0.377 seconds
[2022-03-03 15:27:07,966] {processor.py:163} INFO - Started process (PID=1001) to work on /home/airflow/.local/lib/python3.7/site-packages/airflow/example_dags/example_task_group_decorator.py
[2022-03-03 15:27:07,969] {processor.py:642} INFO - Processing file /home/airflow/.local/lib/python3.7/site-packages/airflow/example_dags/example_task_group_decorator.py for tasks to queue
[2022-03-03 15:27:07,974] {logging_mixin.py:109} INFO - [2022-03-03 15:27:07,974] {dagbag.py:500} INFO - Filling up the DagBag from /home/airflow/.local/lib/python3.7/site-packages/airflow/example_dags/example_task_group_decorator.py
[2022-03-03 15:27:08,082] {processor.py:654} INFO - DAG(s) dict_keys(['example_task_group_decorator']) retrieved from /home/airflow/.local/lib/python3.7/site-packages/airflow/example_dags/example_task_group_decorator.py
[2022-03-03 15:27:08,715] {logging_mixin.py:109} INFO - [2022-03-03 15:27:08,715] {dag.py:2396} INFO - Sync 1 DAGs
[2022-03-03 15:27:08,738] {logging_mixin.py:109} INFO - [2022-03-03 15:27:08,738] {dag.py:2935} INFO - Setting next_dagrun for example_task_group_decorator to 2022-03-02T15:27:08.738637+00:00
[2022-03-03 15:27:08,756] {processor.py:171} INFO - Processing /home/airflow/.local/lib/python3.7/site-packages/airflow/example_dags/example_task_group_decorator.py took 0.802 seconds
[2022-03-03 15:27:38,906] {processor.py:163} INFO - Started process (PID=1059) to work on /home/airflow/.local/lib/python3.7/site-packages/airflow/example_dags/example_task_group_decorator.py
[2022-03-03 15:27:38,908] {processor.py:642} INFO - Processing file /home/airflow/.local/lib/python3.7/site-packages/airflow/example_dags/example_task_group_decorator.py for tasks to queue
[2022-03-03 15:27:38,910] {logging_mixin.py:109} INFO - [2022-03-03 15:27:38,910] {dagbag.py:500} INFO - Filling up the DagBag from /home/airflow/.local/lib/python3.7/site-packages/airflow/example_dags/example_task_group_decorator.py
[2022-03-03 15:27:38,952] {processor.py:654} INFO - DAG(s) dict_keys(['example_task_group_decorator']) retrieved from /home/airflow/.local/lib/python3.7/site-packages/airflow/example_dags/example_task_group_decorator.py
[2022-03-03 15:27:39,236] {logging_mixin.py:109} INFO - [2022-03-03 15:27:39,236] {dag.py:2396} INFO - Sync 1 DAGs
[2022-03-03 15:27:39,273] {logging_mixin.py:109} INFO - [2022-03-03 15:27:39,273] {dag.py:2935} INFO - Setting next_dagrun for example_task_group_decorator to 2022-03-02T15:27:39.273539+00:00
[2022-03-03 15:27:39,324] {processor.py:171} INFO - Processing /home/airflow/.local/lib/python3.7/site-packages/airflow/example_dags/example_task_group_decorator.py took 0.424 seconds
[2022-03-03 15:28:09,933] {processor.py:163} INFO - Started process (PID=1117) to work on /home/airflow/.local/lib/python3.7/site-packages/airflow/example_dags/example_task_group_decorator.py
[2022-03-03 15:28:09,935] {processor.py:642} INFO - Processing file /home/airflow/.local/lib/python3.7/site-packages/airflow/example_dags/example_task_group_decorator.py for tasks to queue
[2022-03-03 15:28:09,936] {logging_mixin.py:109} INFO - [2022-03-03 15:28:09,936] {dagbag.py:500} INFO - Filling up the DagBag from /home/airflow/.local/lib/python3.7/site-packages/airflow/example_dags/example_task_group_decorator.py
[2022-03-03 15:28:09,977] {processor.py:654} INFO - DAG(s) dict_keys(['example_task_group_decorator']) retrieved from /home/airflow/.local/lib/python3.7/site-packages/airflow/example_dags/example_task_group_decorator.py
[2022-03-03 15:28:10,276] {logging_mixin.py:109} INFO - [2022-03-03 15:28:10,276] {dag.py:2396} INFO - Sync 1 DAGs
[2022-03-03 15:28:10,293] {logging_mixin.py:109} INFO - [2022-03-03 15:28:10,293] {dag.py:2935} INFO - Setting next_dagrun for example_task_group_decorator to 2022-03-02T15:28:10.293170+00:00
[2022-03-03 15:28:10,304] {processor.py:171} INFO - Processing /home/airflow/.local/lib/python3.7/site-packages/airflow/example_dags/example_task_group_decorator.py took 0.374 seconds
[2022-03-03 15:28:41,856] {processor.py:163} INFO - Started process (PID=1172) to work on /home/airflow/.local/lib/python3.7/site-packages/airflow/example_dags/example_task_group_decorator.py
[2022-03-03 15:28:41,868] {processor.py:642} INFO - Processing file /home/airflow/.local/lib/python3.7/site-packages/airflow/example_dags/example_task_group_decorator.py for tasks to queue
[2022-03-03 15:28:41,877] {logging_mixin.py:109} INFO - [2022-03-03 15:28:41,877] {dagbag.py:500} INFO - Filling up the DagBag from /home/airflow/.local/lib/python3.7/site-packages/airflow/example_dags/example_task_group_decorator.py
[2022-03-03 15:28:42,299] {processor.py:654} INFO - DAG(s) dict_keys(['example_task_group_decorator']) retrieved from /home/airflow/.local/lib/python3.7/site-packages/airflow/example_dags/example_task_group_decorator.py
[2022-03-03 15:28:44,145] {logging_mixin.py:109} INFO - [2022-03-03 15:28:44,145] {dag.py:2396} INFO - Sync 1 DAGs
[2022-03-03 15:28:44,171] {logging_mixin.py:109} INFO - [2022-03-03 15:28:44,171] {dag.py:2935} INFO - Setting next_dagrun for example_task_group_decorator to 2022-03-02T15:28:44.170391+00:00
[2022-03-03 15:28:44,193] {processor.py:171} INFO - Processing /home/airflow/.local/lib/python3.7/site-packages/airflow/example_dags/example_task_group_decorator.py took 2.377 seconds
[2022-03-03 15:29:14,929] {processor.py:163} INFO - Started process (PID=1228) to work on /home/airflow/.local/lib/python3.7/site-packages/airflow/example_dags/example_task_group_decorator.py
[2022-03-03 15:29:14,944] {processor.py:642} INFO - Processing file /home/airflow/.local/lib/python3.7/site-packages/airflow/example_dags/example_task_group_decorator.py for tasks to queue
[2022-03-03 15:29:14,945] {logging_mixin.py:109} INFO - [2022-03-03 15:29:14,945] {dagbag.py:500} INFO - Filling up the DagBag from /home/airflow/.local/lib/python3.7/site-packages/airflow/example_dags/example_task_group_decorator.py
[2022-03-03 15:29:15,112] {processor.py:654} INFO - DAG(s) dict_keys(['example_task_group_decorator']) retrieved from /home/airflow/.local/lib/python3.7/site-packages/airflow/example_dags/example_task_group_decorator.py
[2022-03-03 15:29:16,057] {logging_mixin.py:109} INFO - [2022-03-03 15:29:16,057] {dag.py:2396} INFO - Sync 1 DAGs
[2022-03-03 15:29:16,139] {logging_mixin.py:109} INFO - [2022-03-03 15:29:16,139] {dag.py:2935} INFO - Setting next_dagrun for example_task_group_decorator to 2022-03-02T15:29:16.136527+00:00
[2022-03-03 15:29:16,227] {processor.py:171} INFO - Processing /home/airflow/.local/lib/python3.7/site-packages/airflow/example_dags/example_task_group_decorator.py took 1.315 seconds
[2022-03-03 15:29:46,588] {processor.py:163} INFO - Started process (PID=1284) to work on /home/airflow/.local/lib/python3.7/site-packages/airflow/example_dags/example_task_group_decorator.py
[2022-03-03 15:29:46,590] {processor.py:642} INFO - Processing file /home/airflow/.local/lib/python3.7/site-packages/airflow/example_dags/example_task_group_decorator.py for tasks to queue
[2022-03-03 15:29:46,592] {logging_mixin.py:109} INFO - [2022-03-03 15:29:46,592] {dagbag.py:500} INFO - Filling up the DagBag from /home/airflow/.local/lib/python3.7/site-packages/airflow/example_dags/example_task_group_decorator.py
[2022-03-03 15:29:46,638] {processor.py:654} INFO - DAG(s) dict_keys(['example_task_group_decorator']) retrieved from /home/airflow/.local/lib/python3.7/site-packages/airflow/example_dags/example_task_group_decorator.py
[2022-03-03 15:29:46,917] {logging_mixin.py:109} INFO - [2022-03-03 15:29:46,917] {dag.py:2396} INFO - Sync 1 DAGs
[2022-03-03 15:29:46,931] {logging_mixin.py:109} INFO - [2022-03-03 15:29:46,931] {dag.py:2935} INFO - Setting next_dagrun for example_task_group_decorator to 2022-03-02T15:29:46.931064+00:00
[2022-03-03 15:29:46,943] {processor.py:171} INFO - Processing /home/airflow/.local/lib/python3.7/site-packages/airflow/example_dags/example_task_group_decorator.py took 0.360 seconds
[2022-03-03 15:30:17,193] {processor.py:163} INFO - Started process (PID=1340) to work on /home/airflow/.local/lib/python3.7/site-packages/airflow/example_dags/example_task_group_decorator.py
[2022-03-03 15:30:17,196] {processor.py:642} INFO - Processing file /home/airflow/.local/lib/python3.7/site-packages/airflow/example_dags/example_task_group_decorator.py for tasks to queue
[2022-03-03 15:30:17,199] {logging_mixin.py:109} INFO - [2022-03-03 15:30:17,198] {dagbag.py:500} INFO - Filling up the DagBag from /home/airflow/.local/lib/python3.7/site-packages/airflow/example_dags/example_task_group_decorator.py
[2022-03-03 15:30:17,249] {processor.py:654} INFO - DAG(s) dict_keys(['example_task_group_decorator']) retrieved from /home/airflow/.local/lib/python3.7/site-packages/airflow/example_dags/example_task_group_decorator.py
[2022-03-03 15:30:17,751] {logging_mixin.py:109} INFO - [2022-03-03 15:30:17,751] {dag.py:2396} INFO - Sync 1 DAGs
[2022-03-03 15:30:17,771] {logging_mixin.py:109} INFO - [2022-03-03 15:30:17,771] {dag.py:2935} INFO - Setting next_dagrun for example_task_group_decorator to 2022-03-02T15:30:17.771261+00:00
[2022-03-03 15:30:17,783] {processor.py:171} INFO - Processing /home/airflow/.local/lib/python3.7/site-packages/airflow/example_dags/example_task_group_decorator.py took 0.597 seconds
[2022-03-03 15:30:47,976] {processor.py:163} INFO - Started process (PID=1396) to work on /home/airflow/.local/lib/python3.7/site-packages/airflow/example_dags/example_task_group_decorator.py
[2022-03-03 15:30:47,978] {processor.py:642} INFO - Processing file /home/airflow/.local/lib/python3.7/site-packages/airflow/example_dags/example_task_group_decorator.py for tasks to queue
[2022-03-03 15:30:47,980] {logging_mixin.py:109} INFO - [2022-03-03 15:30:47,980] {dagbag.py:500} INFO - Filling up the DagBag from /home/airflow/.local/lib/python3.7/site-packages/airflow/example_dags/example_task_group_decorator.py
[2022-03-03 15:30:48,123] {processor.py:654} INFO - DAG(s) dict_keys(['example_task_group_decorator']) retrieved from /home/airflow/.local/lib/python3.7/site-packages/airflow/example_dags/example_task_group_decorator.py
[2022-03-03 15:30:48,401] {logging_mixin.py:109} INFO - [2022-03-03 15:30:48,401] {dag.py:2396} INFO - Sync 1 DAGs
[2022-03-03 15:30:48,442] {logging_mixin.py:109} INFO - [2022-03-03 15:30:48,442] {dag.py:2935} INFO - Setting next_dagrun for example_task_group_decorator to 2022-03-02T15:30:48.442080+00:00
[2022-03-03 15:30:48,462] {processor.py:171} INFO - Processing /home/airflow/.local/lib/python3.7/site-packages/airflow/example_dags/example_task_group_decorator.py took 0.490 seconds
[2022-03-03 15:31:19,069] {processor.py:163} INFO - Started process (PID=1453) to work on /home/airflow/.local/lib/python3.7/site-packages/airflow/example_dags/example_task_group_decorator.py
[2022-03-03 15:31:19,072] {processor.py:642} INFO - Processing file /home/airflow/.local/lib/python3.7/site-packages/airflow/example_dags/example_task_group_decorator.py for tasks to queue
[2022-03-03 15:31:19,073] {logging_mixin.py:109} INFO - [2022-03-03 15:31:19,073] {dagbag.py:500} INFO - Filling up the DagBag from /home/airflow/.local/lib/python3.7/site-packages/airflow/example_dags/example_task_group_decorator.py
[2022-03-03 15:31:19,219] {processor.py:654} INFO - DAG(s) dict_keys(['example_task_group_decorator']) retrieved from /home/airflow/.local/lib/python3.7/site-packages/airflow/example_dags/example_task_group_decorator.py
[2022-03-03 15:31:19,616] {logging_mixin.py:109} INFO - [2022-03-03 15:31:19,616] {dag.py:2396} INFO - Sync 1 DAGs
[2022-03-03 15:31:19,644] {logging_mixin.py:109} INFO - [2022-03-03 15:31:19,644] {dag.py:2935} INFO - Setting next_dagrun for example_task_group_decorator to 2022-03-02T15:31:19.643968+00:00
[2022-03-03 15:31:19,657] {processor.py:171} INFO - Processing /home/airflow/.local/lib/python3.7/site-packages/airflow/example_dags/example_task_group_decorator.py took 0.595 seconds
[2022-03-03 15:31:49,739] {processor.py:163} INFO - Started process (PID=1519) to work on /home/airflow/.local/lib/python3.7/site-packages/airflow/example_dags/example_task_group_decorator.py
[2022-03-03 15:31:49,775] {processor.py:642} INFO - Processing file /home/airflow/.local/lib/python3.7/site-packages/airflow/example_dags/example_task_group_decorator.py for tasks to queue
[2022-03-03 15:31:49,779] {logging_mixin.py:109} INFO - [2022-03-03 15:31:49,778] {dagbag.py:500} INFO - Filling up the DagBag from /home/airflow/.local/lib/python3.7/site-packages/airflow/example_dags/example_task_group_decorator.py
[2022-03-03 15:31:50,189] {processor.py:654} INFO - DAG(s) dict_keys(['example_task_group_decorator']) retrieved from /home/airflow/.local/lib/python3.7/site-packages/airflow/example_dags/example_task_group_decorator.py
[2022-03-03 15:31:50,628] {logging_mixin.py:109} INFO - [2022-03-03 15:31:50,628] {dag.py:2396} INFO - Sync 1 DAGs
[2022-03-03 15:31:50,649] {logging_mixin.py:109} INFO - [2022-03-03 15:31:50,649] {dag.py:2935} INFO - Setting next_dagrun for example_task_group_decorator to 2022-03-02T15:31:50.649029+00:00
[2022-03-03 15:31:50,665] {processor.py:171} INFO - Processing /home/airflow/.local/lib/python3.7/site-packages/airflow/example_dags/example_task_group_decorator.py took 0.946 seconds
[2022-03-03 15:32:20,988] {processor.py:163} INFO - Started process (PID=1577) to work on /home/airflow/.local/lib/python3.7/site-packages/airflow/example_dags/example_task_group_decorator.py
[2022-03-03 15:32:20,991] {processor.py:642} INFO - Processing file /home/airflow/.local/lib/python3.7/site-packages/airflow/example_dags/example_task_group_decorator.py for tasks to queue
[2022-03-03 15:32:20,994] {logging_mixin.py:109} INFO - [2022-03-03 15:32:20,993] {dagbag.py:500} INFO - Filling up the DagBag from /home/airflow/.local/lib/python3.7/site-packages/airflow/example_dags/example_task_group_decorator.py
[2022-03-03 15:32:21,168] {processor.py:654} INFO - DAG(s) dict_keys(['example_task_group_decorator']) retrieved from /home/airflow/.local/lib/python3.7/site-packages/airflow/example_dags/example_task_group_decorator.py
[2022-03-03 15:32:21,916] {logging_mixin.py:109} INFO - [2022-03-03 15:32:21,916] {dag.py:2396} INFO - Sync 1 DAGs
[2022-03-03 15:32:21,942] {logging_mixin.py:109} INFO - [2022-03-03 15:32:21,942] {dag.py:2935} INFO - Setting next_dagrun for example_task_group_decorator to 2022-03-02T15:32:21.941840+00:00
[2022-03-03 15:32:21,955] {processor.py:171} INFO - Processing /home/airflow/.local/lib/python3.7/site-packages/airflow/example_dags/example_task_group_decorator.py took 0.973 seconds
[2022-03-03 15:32:53,150] {processor.py:163} INFO - Started process (PID=1635) to work on /home/airflow/.local/lib/python3.7/site-packages/airflow/example_dags/example_task_group_decorator.py
[2022-03-03 15:32:53,152] {processor.py:642} INFO - Processing file /home/airflow/.local/lib/python3.7/site-packages/airflow/example_dags/example_task_group_decorator.py for tasks to queue
[2022-03-03 15:32:53,153] {logging_mixin.py:109} INFO - [2022-03-03 15:32:53,153] {dagbag.py:500} INFO - Filling up the DagBag from /home/airflow/.local/lib/python3.7/site-packages/airflow/example_dags/example_task_group_decorator.py
[2022-03-03 15:32:53,340] {processor.py:654} INFO - DAG(s) dict_keys(['example_task_group_decorator']) retrieved from /home/airflow/.local/lib/python3.7/site-packages/airflow/example_dags/example_task_group_decorator.py
[2022-03-03 15:32:53,806] {logging_mixin.py:109} INFO - [2022-03-03 15:32:53,806] {dag.py:2396} INFO - Sync 1 DAGs
[2022-03-03 15:32:53,824] {logging_mixin.py:109} INFO - [2022-03-03 15:32:53,824] {dag.py:2935} INFO - Setting next_dagrun for example_task_group_decorator to 2022-03-02T15:32:53.824151+00:00
[2022-03-03 15:32:53,835] {processor.py:171} INFO - Processing /home/airflow/.local/lib/python3.7/site-packages/airflow/example_dags/example_task_group_decorator.py took 0.689 seconds
[2022-03-03 15:33:24,372] {processor.py:163} INFO - Started process (PID=1693) to work on /home/airflow/.local/lib/python3.7/site-packages/airflow/example_dags/example_task_group_decorator.py
[2022-03-03 15:33:24,374] {processor.py:642} INFO - Processing file /home/airflow/.local/lib/python3.7/site-packages/airflow/example_dags/example_task_group_decorator.py for tasks to queue
[2022-03-03 15:33:24,376] {logging_mixin.py:109} INFO - [2022-03-03 15:33:24,376] {dagbag.py:500} INFO - Filling up the DagBag from /home/airflow/.local/lib/python3.7/site-packages/airflow/example_dags/example_task_group_decorator.py
[2022-03-03 15:33:24,532] {processor.py:654} INFO - DAG(s) dict_keys(['example_task_group_decorator']) retrieved from /home/airflow/.local/lib/python3.7/site-packages/airflow/example_dags/example_task_group_decorator.py
[2022-03-03 15:33:24,783] {logging_mixin.py:109} INFO - [2022-03-03 15:33:24,783] {dag.py:2396} INFO - Sync 1 DAGs
[2022-03-03 15:33:24,795] {logging_mixin.py:109} INFO - [2022-03-03 15:33:24,795] {dag.py:2935} INFO - Setting next_dagrun for example_task_group_decorator to 2022-03-02T15:33:24.795331+00:00
[2022-03-03 15:33:24,805] {processor.py:171} INFO - Processing /home/airflow/.local/lib/python3.7/site-packages/airflow/example_dags/example_task_group_decorator.py took 0.441 seconds
[2022-03-03 15:33:55,476] {processor.py:163} INFO - Started process (PID=1749) to work on /home/airflow/.local/lib/python3.7/site-packages/airflow/example_dags/example_task_group_decorator.py
[2022-03-03 15:33:55,480] {processor.py:642} INFO - Processing file /home/airflow/.local/lib/python3.7/site-packages/airflow/example_dags/example_task_group_decorator.py for tasks to queue
[2022-03-03 15:33:55,483] {logging_mixin.py:109} INFO - [2022-03-03 15:33:55,482] {dagbag.py:500} INFO - Filling up the DagBag from /home/airflow/.local/lib/python3.7/site-packages/airflow/example_dags/example_task_group_decorator.py
[2022-03-03 15:33:55,667] {processor.py:654} INFO - DAG(s) dict_keys(['example_task_group_decorator']) retrieved from /home/airflow/.local/lib/python3.7/site-packages/airflow/example_dags/example_task_group_decorator.py
[2022-03-03 15:33:55,853] {logging_mixin.py:109} INFO - [2022-03-03 15:33:55,853] {dag.py:2396} INFO - Sync 1 DAGs
[2022-03-03 15:33:55,865] {logging_mixin.py:109} INFO - [2022-03-03 15:33:55,865] {dag.py:2935} INFO - Setting next_dagrun for example_task_group_decorator to 2022-03-02T15:33:55.865449+00:00
[2022-03-03 15:33:55,875] {processor.py:171} INFO - Processing /home/airflow/.local/lib/python3.7/site-packages/airflow/example_dags/example_task_group_decorator.py took 0.408 seconds
[2022-03-03 15:34:26,206] {processor.py:163} INFO - Started process (PID=1808) to work on /home/airflow/.local/lib/python3.7/site-packages/airflow/example_dags/example_task_group_decorator.py
[2022-03-03 15:34:26,208] {processor.py:642} INFO - Processing file /home/airflow/.local/lib/python3.7/site-packages/airflow/example_dags/example_task_group_decorator.py for tasks to queue
[2022-03-03 15:34:26,210] {logging_mixin.py:109} INFO - [2022-03-03 15:34:26,210] {dagbag.py:500} INFO - Filling up the DagBag from /home/airflow/.local/lib/python3.7/site-packages/airflow/example_dags/example_task_group_decorator.py
[2022-03-03 15:34:26,261] {processor.py:654} INFO - DAG(s) dict_keys(['example_task_group_decorator']) retrieved from /home/airflow/.local/lib/python3.7/site-packages/airflow/example_dags/example_task_group_decorator.py
[2022-03-03 15:34:26,843] {logging_mixin.py:109} INFO - [2022-03-03 15:34:26,843] {dag.py:2396} INFO - Sync 1 DAGs
[2022-03-03 15:34:26,873] {logging_mixin.py:109} INFO - [2022-03-03 15:34:26,872] {dag.py:2935} INFO - Setting next_dagrun for example_task_group_decorator to 2022-03-02T15:34:26.872661+00:00
[2022-03-03 15:34:26,901] {processor.py:171} INFO - Processing /home/airflow/.local/lib/python3.7/site-packages/airflow/example_dags/example_task_group_decorator.py took 0.702 seconds
[2022-03-03 15:34:57,199] {processor.py:163} INFO - Started process (PID=1872) to work on /home/airflow/.local/lib/python3.7/site-packages/airflow/example_dags/example_task_group_decorator.py
[2022-03-03 15:34:57,202] {processor.py:642} INFO - Processing file /home/airflow/.local/lib/python3.7/site-packages/airflow/example_dags/example_task_group_decorator.py for tasks to queue
[2022-03-03 15:34:57,206] {logging_mixin.py:109} INFO - [2022-03-03 15:34:57,205] {dagbag.py:500} INFO - Filling up the DagBag from /home/airflow/.local/lib/python3.7/site-packages/airflow/example_dags/example_task_group_decorator.py
[2022-03-03 15:34:57,442] {processor.py:654} INFO - DAG(s) dict_keys(['example_task_group_decorator']) retrieved from /home/airflow/.local/lib/python3.7/site-packages/airflow/example_dags/example_task_group_decorator.py
[2022-03-03 15:34:58,283] {logging_mixin.py:109} INFO - [2022-03-03 15:34:58,283] {dag.py:2396} INFO - Sync 1 DAGs
[2022-03-03 15:34:58,334] {logging_mixin.py:109} INFO - [2022-03-03 15:34:58,334] {dag.py:2935} INFO - Setting next_dagrun for example_task_group_decorator to 2022-03-02T15:34:58.334179+00:00
[2022-03-03 15:34:58,356] {processor.py:171} INFO - Processing /home/airflow/.local/lib/python3.7/site-packages/airflow/example_dags/example_task_group_decorator.py took 1.179 seconds
[2022-03-03 15:35:28,476] {processor.py:163} INFO - Started process (PID=1931) to work on /home/airflow/.local/lib/python3.7/site-packages/airflow/example_dags/example_task_group_decorator.py
[2022-03-03 15:35:28,478] {processor.py:642} INFO - Processing file /home/airflow/.local/lib/python3.7/site-packages/airflow/example_dags/example_task_group_decorator.py for tasks to queue
[2022-03-03 15:35:28,479] {logging_mixin.py:109} INFO - [2022-03-03 15:35:28,479] {dagbag.py:500} INFO - Filling up the DagBag from /home/airflow/.local/lib/python3.7/site-packages/airflow/example_dags/example_task_group_decorator.py
[2022-03-03 15:35:28,516] {processor.py:654} INFO - DAG(s) dict_keys(['example_task_group_decorator']) retrieved from /home/airflow/.local/lib/python3.7/site-packages/airflow/example_dags/example_task_group_decorator.py
[2022-03-03 15:35:28,708] {logging_mixin.py:109} INFO - [2022-03-03 15:35:28,708] {dag.py:2396} INFO - Sync 1 DAGs
[2022-03-03 15:35:28,722] {logging_mixin.py:109} INFO - [2022-03-03 15:35:28,721] {dag.py:2935} INFO - Setting next_dagrun for example_task_group_decorator to 2022-03-02T15:35:28.721678+00:00
[2022-03-03 15:35:28,755] {processor.py:171} INFO - Processing /home/airflow/.local/lib/python3.7/site-packages/airflow/example_dags/example_task_group_decorator.py took 0.284 seconds
[2022-03-03 15:35:59,219] {processor.py:163} INFO - Started process (PID=1987) to work on /home/airflow/.local/lib/python3.7/site-packages/airflow/example_dags/example_task_group_decorator.py
[2022-03-03 15:35:59,228] {processor.py:642} INFO - Processing file /home/airflow/.local/lib/python3.7/site-packages/airflow/example_dags/example_task_group_decorator.py for tasks to queue
[2022-03-03 15:35:59,232] {logging_mixin.py:109} INFO - [2022-03-03 15:35:59,231] {dagbag.py:500} INFO - Filling up the DagBag from /home/airflow/.local/lib/python3.7/site-packages/airflow/example_dags/example_task_group_decorator.py
[2022-03-03 15:35:59,340] {processor.py:654} INFO - DAG(s) dict_keys(['example_task_group_decorator']) retrieved from /home/airflow/.local/lib/python3.7/site-packages/airflow/example_dags/example_task_group_decorator.py
[2022-03-03 15:35:59,654] {logging_mixin.py:109} INFO - [2022-03-03 15:35:59,653] {dag.py:2396} INFO - Sync 1 DAGs
[2022-03-03 15:35:59,680] {logging_mixin.py:109} INFO - [2022-03-03 15:35:59,680] {dag.py:2935} INFO - Setting next_dagrun for example_task_group_decorator to 2022-03-02T15:35:59.680389+00:00
[2022-03-03 15:35:59,706] {processor.py:171} INFO - Processing /home/airflow/.local/lib/python3.7/site-packages/airflow/example_dags/example_task_group_decorator.py took 0.491 seconds
[2022-03-03 15:36:30,341] {processor.py:163} INFO - Started process (PID=2044) to work on /home/airflow/.local/lib/python3.7/site-packages/airflow/example_dags/example_task_group_decorator.py
[2022-03-03 15:36:30,344] {processor.py:642} INFO - Processing file /home/airflow/.local/lib/python3.7/site-packages/airflow/example_dags/example_task_group_decorator.py for tasks to queue
[2022-03-03 15:36:30,345] {logging_mixin.py:109} INFO - [2022-03-03 15:36:30,345] {dagbag.py:500} INFO - Filling up the DagBag from /home/airflow/.local/lib/python3.7/site-packages/airflow/example_dags/example_task_group_decorator.py
[2022-03-03 15:36:30,402] {processor.py:654} INFO - DAG(s) dict_keys(['example_task_group_decorator']) retrieved from /home/airflow/.local/lib/python3.7/site-packages/airflow/example_dags/example_task_group_decorator.py
[2022-03-03 15:36:30,620] {logging_mixin.py:109} INFO - [2022-03-03 15:36:30,620] {dag.py:2396} INFO - Sync 1 DAGs
[2022-03-03 15:36:30,635] {logging_mixin.py:109} INFO - [2022-03-03 15:36:30,635] {dag.py:2935} INFO - Setting next_dagrun for example_task_group_decorator to 2022-03-02T15:36:30.635044+00:00
[2022-03-03 15:36:30,645] {processor.py:171} INFO - Processing /home/airflow/.local/lib/python3.7/site-packages/airflow/example_dags/example_task_group_decorator.py took 0.310 seconds
[2022-03-03 15:37:01,190] {processor.py:163} INFO - Started process (PID=2111) to work on /home/airflow/.local/lib/python3.7/site-packages/airflow/example_dags/example_task_group_decorator.py
[2022-03-03 15:37:01,194] {processor.py:642} INFO - Processing file /home/airflow/.local/lib/python3.7/site-packages/airflow/example_dags/example_task_group_decorator.py for tasks to queue
[2022-03-03 15:37:01,196] {logging_mixin.py:109} INFO - [2022-03-03 15:37:01,195] {dagbag.py:500} INFO - Filling up the DagBag from /home/airflow/.local/lib/python3.7/site-packages/airflow/example_dags/example_task_group_decorator.py
[2022-03-03 15:37:01,286] {processor.py:654} INFO - DAG(s) dict_keys(['example_task_group_decorator']) retrieved from /home/airflow/.local/lib/python3.7/site-packages/airflow/example_dags/example_task_group_decorator.py
[2022-03-03 15:37:01,848] {logging_mixin.py:109} INFO - [2022-03-03 15:37:01,848] {dag.py:2396} INFO - Sync 1 DAGs
[2022-03-03 15:37:01,879] {logging_mixin.py:109} INFO - [2022-03-03 15:37:01,879] {dag.py:2935} INFO - Setting next_dagrun for example_task_group_decorator to 2022-03-02T15:37:01.877799+00:00
[2022-03-03 15:37:01,909] {processor.py:171} INFO - Processing /home/airflow/.local/lib/python3.7/site-packages/airflow/example_dags/example_task_group_decorator.py took 0.730 seconds
[2022-03-03 15:37:32,234] {processor.py:163} INFO - Started process (PID=2167) to work on /home/airflow/.local/lib/python3.7/site-packages/airflow/example_dags/example_task_group_decorator.py
[2022-03-03 15:37:32,238] {processor.py:642} INFO - Processing file /home/airflow/.local/lib/python3.7/site-packages/airflow/example_dags/example_task_group_decorator.py for tasks to queue
[2022-03-03 15:37:32,240] {logging_mixin.py:109} INFO - [2022-03-03 15:37:32,239] {dagbag.py:500} INFO - Filling up the DagBag from /home/airflow/.local/lib/python3.7/site-packages/airflow/example_dags/example_task_group_decorator.py
[2022-03-03 15:37:32,345] {processor.py:654} INFO - DAG(s) dict_keys(['example_task_group_decorator']) retrieved from /home/airflow/.local/lib/python3.7/site-packages/airflow/example_dags/example_task_group_decorator.py
[2022-03-03 15:37:32,869] {logging_mixin.py:109} INFO - [2022-03-03 15:37:32,868] {dag.py:2396} INFO - Sync 1 DAGs
[2022-03-03 15:37:32,895] {logging_mixin.py:109} INFO - [2022-03-03 15:37:32,895] {dag.py:2935} INFO - Setting next_dagrun for example_task_group_decorator to 2022-03-02T15:37:32.895393+00:00
[2022-03-03 15:37:32,917] {processor.py:171} INFO - Processing /home/airflow/.local/lib/python3.7/site-packages/airflow/example_dags/example_task_group_decorator.py took 0.694 seconds
[2022-03-03 15:38:03,609] {processor.py:163} INFO - Started process (PID=2222) to work on /home/airflow/.local/lib/python3.7/site-packages/airflow/example_dags/example_task_group_decorator.py
[2022-03-03 15:38:03,610] {processor.py:642} INFO - Processing file /home/airflow/.local/lib/python3.7/site-packages/airflow/example_dags/example_task_group_decorator.py for tasks to queue
[2022-03-03 15:38:03,611] {logging_mixin.py:109} INFO - [2022-03-03 15:38:03,611] {dagbag.py:500} INFO - Filling up the DagBag from /home/airflow/.local/lib/python3.7/site-packages/airflow/example_dags/example_task_group_decorator.py
[2022-03-03 15:38:03,659] {processor.py:654} INFO - DAG(s) dict_keys(['example_task_group_decorator']) retrieved from /home/airflow/.local/lib/python3.7/site-packages/airflow/example_dags/example_task_group_decorator.py
[2022-03-03 15:38:03,860] {logging_mixin.py:109} INFO - [2022-03-03 15:38:03,860] {dag.py:2396} INFO - Sync 1 DAGs
[2022-03-03 15:38:03,877] {logging_mixin.py:109} INFO - [2022-03-03 15:38:03,877] {dag.py:2935} INFO - Setting next_dagrun for example_task_group_decorator to 2022-03-02T15:38:03.877305+00:00
[2022-03-03 15:38:03,890] {processor.py:171} INFO - Processing /home/airflow/.local/lib/python3.7/site-packages/airflow/example_dags/example_task_group_decorator.py took 0.285 seconds
[2022-03-03 15:38:35,168] {processor.py:163} INFO - Started process (PID=2275) to work on /home/airflow/.local/lib/python3.7/site-packages/airflow/example_dags/example_task_group_decorator.py
[2022-03-03 15:38:35,175] {processor.py:642} INFO - Processing file /home/airflow/.local/lib/python3.7/site-packages/airflow/example_dags/example_task_group_decorator.py for tasks to queue
[2022-03-03 15:38:35,179] {logging_mixin.py:109} INFO - [2022-03-03 15:38:35,179] {dagbag.py:500} INFO - Filling up the DagBag from /home/airflow/.local/lib/python3.7/site-packages/airflow/example_dags/example_task_group_decorator.py
[2022-03-03 15:38:35,265] {processor.py:654} INFO - DAG(s) dict_keys(['example_task_group_decorator']) retrieved from /home/airflow/.local/lib/python3.7/site-packages/airflow/example_dags/example_task_group_decorator.py
[2022-03-03 15:38:35,694] {logging_mixin.py:109} INFO - [2022-03-03 15:38:35,694] {dag.py:2396} INFO - Sync 1 DAGs
[2022-03-03 15:38:35,736] {logging_mixin.py:109} INFO - [2022-03-03 15:38:35,736] {dag.py:2935} INFO - Setting next_dagrun for example_task_group_decorator to 2022-03-02T15:38:35.735810+00:00
[2022-03-03 15:38:35,768] {processor.py:171} INFO - Processing /home/airflow/.local/lib/python3.7/site-packages/airflow/example_dags/example_task_group_decorator.py took 0.611 seconds
[2022-03-03 15:39:06,051] {processor.py:163} INFO - Started process (PID=2337) to work on /home/airflow/.local/lib/python3.7/site-packages/airflow/example_dags/example_task_group_decorator.py
[2022-03-03 15:39:06,060] {processor.py:642} INFO - Processing file /home/airflow/.local/lib/python3.7/site-packages/airflow/example_dags/example_task_group_decorator.py for tasks to queue
[2022-03-03 15:39:06,082] {logging_mixin.py:109} INFO - [2022-03-03 15:39:06,066] {dagbag.py:500} INFO - Filling up the DagBag from /home/airflow/.local/lib/python3.7/site-packages/airflow/example_dags/example_task_group_decorator.py
[2022-03-03 15:39:06,283] {processor.py:654} INFO - DAG(s) dict_keys(['example_task_group_decorator']) retrieved from /home/airflow/.local/lib/python3.7/site-packages/airflow/example_dags/example_task_group_decorator.py
[2022-03-03 15:39:07,350] {logging_mixin.py:109} INFO - [2022-03-03 15:39:07,349] {dag.py:2396} INFO - Sync 1 DAGs
[2022-03-03 15:39:07,427] {logging_mixin.py:109} INFO - [2022-03-03 15:39:07,427] {dag.py:2935} INFO - Setting next_dagrun for example_task_group_decorator to 2022-03-02T15:39:07.427036+00:00
[2022-03-03 15:39:07,540] {processor.py:171} INFO - Processing /home/airflow/.local/lib/python3.7/site-packages/airflow/example_dags/example_task_group_decorator.py took 1.503 seconds
[2022-03-03 15:39:38,462] {processor.py:163} INFO - Started process (PID=2396) to work on /home/airflow/.local/lib/python3.7/site-packages/airflow/example_dags/example_task_group_decorator.py
[2022-03-03 15:39:38,466] {processor.py:642} INFO - Processing file /home/airflow/.local/lib/python3.7/site-packages/airflow/example_dags/example_task_group_decorator.py for tasks to queue
[2022-03-03 15:39:38,468] {logging_mixin.py:109} INFO - [2022-03-03 15:39:38,468] {dagbag.py:500} INFO - Filling up the DagBag from /home/airflow/.local/lib/python3.7/site-packages/airflow/example_dags/example_task_group_decorator.py
[2022-03-03 15:39:38,511] {processor.py:654} INFO - DAG(s) dict_keys(['example_task_group_decorator']) retrieved from /home/airflow/.local/lib/python3.7/site-packages/airflow/example_dags/example_task_group_decorator.py
[2022-03-03 15:39:38,755] {logging_mixin.py:109} INFO - [2022-03-03 15:39:38,755] {dag.py:2396} INFO - Sync 1 DAGs
[2022-03-03 15:39:38,769] {logging_mixin.py:109} INFO - [2022-03-03 15:39:38,769] {dag.py:2935} INFO - Setting next_dagrun for example_task_group_decorator to 2022-03-02T15:39:38.769303+00:00
[2022-03-03 15:39:38,782] {processor.py:171} INFO - Processing /home/airflow/.local/lib/python3.7/site-packages/airflow/example_dags/example_task_group_decorator.py took 0.326 seconds
[2022-03-03 15:40:09,228] {processor.py:163} INFO - Started process (PID=2450) to work on /home/airflow/.local/lib/python3.7/site-packages/airflow/example_dags/example_task_group_decorator.py
[2022-03-03 15:40:09,230] {processor.py:642} INFO - Processing file /home/airflow/.local/lib/python3.7/site-packages/airflow/example_dags/example_task_group_decorator.py for tasks to queue
[2022-03-03 15:40:09,231] {logging_mixin.py:109} INFO - [2022-03-03 15:40:09,231] {dagbag.py:500} INFO - Filling up the DagBag from /home/airflow/.local/lib/python3.7/site-packages/airflow/example_dags/example_task_group_decorator.py
[2022-03-03 15:40:09,273] {processor.py:654} INFO - DAG(s) dict_keys(['example_task_group_decorator']) retrieved from /home/airflow/.local/lib/python3.7/site-packages/airflow/example_dags/example_task_group_decorator.py
[2022-03-03 15:40:09,467] {logging_mixin.py:109} INFO - [2022-03-03 15:40:09,467] {dag.py:2396} INFO - Sync 1 DAGs
[2022-03-03 15:40:09,482] {logging_mixin.py:109} INFO - [2022-03-03 15:40:09,482] {dag.py:2935} INFO - Setting next_dagrun for example_task_group_decorator to 2022-03-02T15:40:09.482343+00:00
[2022-03-03 15:40:09,495] {processor.py:171} INFO - Processing /home/airflow/.local/lib/python3.7/site-packages/airflow/example_dags/example_task_group_decorator.py took 0.274 seconds
[2022-03-03 15:40:39,563] {processor.py:163} INFO - Started process (PID=2503) to work on /home/airflow/.local/lib/python3.7/site-packages/airflow/example_dags/example_task_group_decorator.py
[2022-03-03 15:40:39,565] {processor.py:642} INFO - Processing file /home/airflow/.local/lib/python3.7/site-packages/airflow/example_dags/example_task_group_decorator.py for tasks to queue
[2022-03-03 15:40:39,566] {logging_mixin.py:109} INFO - [2022-03-03 15:40:39,566] {dagbag.py:500} INFO - Filling up the DagBag from /home/airflow/.local/lib/python3.7/site-packages/airflow/example_dags/example_task_group_decorator.py
[2022-03-03 15:40:39,609] {processor.py:654} INFO - DAG(s) dict_keys(['example_task_group_decorator']) retrieved from /home/airflow/.local/lib/python3.7/site-packages/airflow/example_dags/example_task_group_decorator.py
[2022-03-03 15:40:39,813] {logging_mixin.py:109} INFO - [2022-03-03 15:40:39,813] {dag.py:2396} INFO - Sync 1 DAGs
[2022-03-03 15:40:39,830] {logging_mixin.py:109} INFO - [2022-03-03 15:40:39,830] {dag.py:2935} INFO - Setting next_dagrun for example_task_group_decorator to 2022-03-02T15:40:39.829821+00:00
[2022-03-03 15:40:39,843] {processor.py:171} INFO - Processing /home/airflow/.local/lib/python3.7/site-packages/airflow/example_dags/example_task_group_decorator.py took 0.283 seconds
[2022-03-03 15:41:10,249] {processor.py:163} INFO - Started process (PID=2571) to work on /home/airflow/.local/lib/python3.7/site-packages/airflow/example_dags/example_task_group_decorator.py
[2022-03-03 15:41:10,254] {processor.py:642} INFO - Processing file /home/airflow/.local/lib/python3.7/site-packages/airflow/example_dags/example_task_group_decorator.py for tasks to queue
[2022-03-03 15:41:10,255] {logging_mixin.py:109} INFO - [2022-03-03 15:41:10,255] {dagbag.py:500} INFO - Filling up the DagBag from /home/airflow/.local/lib/python3.7/site-packages/airflow/example_dags/example_task_group_decorator.py
[2022-03-03 15:41:10,363] {processor.py:654} INFO - DAG(s) dict_keys(['example_task_group_decorator']) retrieved from /home/airflow/.local/lib/python3.7/site-packages/airflow/example_dags/example_task_group_decorator.py
[2022-03-03 15:41:11,108] {logging_mixin.py:109} INFO - [2022-03-03 15:41:11,108] {dag.py:2396} INFO - Sync 1 DAGs
[2022-03-03 15:41:11,139] {logging_mixin.py:109} INFO - [2022-03-03 15:41:11,139] {dag.py:2935} INFO - Setting next_dagrun for example_task_group_decorator to 2022-03-02T15:41:11.139176+00:00
[2022-03-03 15:41:11,156] {processor.py:171} INFO - Processing /home/airflow/.local/lib/python3.7/site-packages/airflow/example_dags/example_task_group_decorator.py took 0.915 seconds
[2022-03-03 15:41:41,397] {processor.py:163} INFO - Started process (PID=2628) to work on /home/airflow/.local/lib/python3.7/site-packages/airflow/example_dags/example_task_group_decorator.py
[2022-03-03 15:41:41,401] {processor.py:642} INFO - Processing file /home/airflow/.local/lib/python3.7/site-packages/airflow/example_dags/example_task_group_decorator.py for tasks to queue
[2022-03-03 15:41:41,403] {logging_mixin.py:109} INFO - [2022-03-03 15:41:41,403] {dagbag.py:500} INFO - Filling up the DagBag from /home/airflow/.local/lib/python3.7/site-packages/airflow/example_dags/example_task_group_decorator.py
[2022-03-03 15:41:41,452] {processor.py:654} INFO - DAG(s) dict_keys(['example_task_group_decorator']) retrieved from /home/airflow/.local/lib/python3.7/site-packages/airflow/example_dags/example_task_group_decorator.py
[2022-03-03 15:41:41,657] {logging_mixin.py:109} INFO - [2022-03-03 15:41:41,656] {dag.py:2396} INFO - Sync 1 DAGs
[2022-03-03 15:41:41,671] {logging_mixin.py:109} INFO - [2022-03-03 15:41:41,671] {dag.py:2935} INFO - Setting next_dagrun for example_task_group_decorator to 2022-03-02T15:41:41.671507+00:00
[2022-03-03 15:41:41,682] {processor.py:171} INFO - Processing /home/airflow/.local/lib/python3.7/site-packages/airflow/example_dags/example_task_group_decorator.py took 0.290 seconds
[2022-03-03 15:42:12,151] {processor.py:163} INFO - Started process (PID=2682) to work on /home/airflow/.local/lib/python3.7/site-packages/airflow/example_dags/example_task_group_decorator.py
[2022-03-03 15:42:12,153] {processor.py:642} INFO - Processing file /home/airflow/.local/lib/python3.7/site-packages/airflow/example_dags/example_task_group_decorator.py for tasks to queue
[2022-03-03 15:42:12,155] {logging_mixin.py:109} INFO - [2022-03-03 15:42:12,154] {dagbag.py:500} INFO - Filling up the DagBag from /home/airflow/.local/lib/python3.7/site-packages/airflow/example_dags/example_task_group_decorator.py
[2022-03-03 15:42:12,202] {processor.py:654} INFO - DAG(s) dict_keys(['example_task_group_decorator']) retrieved from /home/airflow/.local/lib/python3.7/site-packages/airflow/example_dags/example_task_group_decorator.py
[2022-03-03 15:42:12,407] {logging_mixin.py:109} INFO - [2022-03-03 15:42:12,407] {dag.py:2396} INFO - Sync 1 DAGs
[2022-03-03 15:42:12,421] {logging_mixin.py:109} INFO - [2022-03-03 15:42:12,421] {dag.py:2935} INFO - Setting next_dagrun for example_task_group_decorator to 2022-03-02T15:42:12.421120+00:00
[2022-03-03 15:42:12,431] {processor.py:171} INFO - Processing /home/airflow/.local/lib/python3.7/site-packages/airflow/example_dags/example_task_group_decorator.py took 0.287 seconds
[2022-03-03 15:42:42,538] {processor.py:163} INFO - Started process (PID=2741) to work on /home/airflow/.local/lib/python3.7/site-packages/airflow/example_dags/example_task_group_decorator.py
[2022-03-03 15:42:42,540] {processor.py:642} INFO - Processing file /home/airflow/.local/lib/python3.7/site-packages/airflow/example_dags/example_task_group_decorator.py for tasks to queue
[2022-03-03 15:42:42,541] {logging_mixin.py:109} INFO - [2022-03-03 15:42:42,541] {dagbag.py:500} INFO - Filling up the DagBag from /home/airflow/.local/lib/python3.7/site-packages/airflow/example_dags/example_task_group_decorator.py
[2022-03-03 15:42:42,590] {processor.py:654} INFO - DAG(s) dict_keys(['example_task_group_decorator']) retrieved from /home/airflow/.local/lib/python3.7/site-packages/airflow/example_dags/example_task_group_decorator.py
[2022-03-03 15:42:42,895] {logging_mixin.py:109} INFO - [2022-03-03 15:42:42,895] {dag.py:2396} INFO - Sync 1 DAGs
[2022-03-03 15:42:42,916] {logging_mixin.py:109} INFO - [2022-03-03 15:42:42,916] {dag.py:2935} INFO - Setting next_dagrun for example_task_group_decorator to 2022-03-02T15:42:42.916128+00:00
[2022-03-03 15:42:42,936] {processor.py:171} INFO - Processing /home/airflow/.local/lib/python3.7/site-packages/airflow/example_dags/example_task_group_decorator.py took 0.403 seconds
[2022-03-03 15:43:12,988] {processor.py:163} INFO - Started process (PID=2801) to work on /home/airflow/.local/lib/python3.7/site-packages/airflow/example_dags/example_task_group_decorator.py
[2022-03-03 15:43:12,989] {processor.py:642} INFO - Processing file /home/airflow/.local/lib/python3.7/site-packages/airflow/example_dags/example_task_group_decorator.py for tasks to queue
[2022-03-03 15:43:13,001] {logging_mixin.py:109} INFO - [2022-03-03 15:43:13,001] {dagbag.py:500} INFO - Filling up the DagBag from /home/airflow/.local/lib/python3.7/site-packages/airflow/example_dags/example_task_group_decorator.py
[2022-03-03 15:43:13,053] {processor.py:654} INFO - DAG(s) dict_keys(['example_task_group_decorator']) retrieved from /home/airflow/.local/lib/python3.7/site-packages/airflow/example_dags/example_task_group_decorator.py
[2022-03-03 15:43:13,262] {logging_mixin.py:109} INFO - [2022-03-03 15:43:13,262] {dag.py:2396} INFO - Sync 1 DAGs
[2022-03-03 15:43:13,276] {logging_mixin.py:109} INFO - [2022-03-03 15:43:13,276] {dag.py:2935} INFO - Setting next_dagrun for example_task_group_decorator to 2022-03-02T15:43:13.275845+00:00
[2022-03-03 15:43:13,288] {processor.py:171} INFO - Processing /home/airflow/.local/lib/python3.7/site-packages/airflow/example_dags/example_task_group_decorator.py took 0.304 seconds
[2022-03-03 15:43:44,430] {processor.py:163} INFO - Started process (PID=2868) to work on /home/airflow/.local/lib/python3.7/site-packages/airflow/example_dags/example_task_group_decorator.py
[2022-03-03 15:43:44,433] {processor.py:642} INFO - Processing file /home/airflow/.local/lib/python3.7/site-packages/airflow/example_dags/example_task_group_decorator.py for tasks to queue
[2022-03-03 15:43:44,435] {logging_mixin.py:109} INFO - [2022-03-03 15:43:44,435] {dagbag.py:500} INFO - Filling up the DagBag from /home/airflow/.local/lib/python3.7/site-packages/airflow/example_dags/example_task_group_decorator.py
[2022-03-03 15:43:44,505] {processor.py:654} INFO - DAG(s) dict_keys(['example_task_group_decorator']) retrieved from /home/airflow/.local/lib/python3.7/site-packages/airflow/example_dags/example_task_group_decorator.py
[2022-03-03 15:43:45,080] {logging_mixin.py:109} INFO - [2022-03-03 15:43:45,079] {dag.py:2396} INFO - Sync 1 DAGs
[2022-03-03 15:43:45,107] {logging_mixin.py:109} INFO - [2022-03-03 15:43:45,107] {dag.py:2935} INFO - Setting next_dagrun for example_task_group_decorator to 2022-03-02T15:43:45.107348+00:00
[2022-03-03 15:43:45,130] {processor.py:171} INFO - Processing /home/airflow/.local/lib/python3.7/site-packages/airflow/example_dags/example_task_group_decorator.py took 0.706 seconds
[2022-03-03 15:44:15,724] {processor.py:163} INFO - Started process (PID=2925) to work on /home/airflow/.local/lib/python3.7/site-packages/airflow/example_dags/example_task_group_decorator.py
[2022-03-03 15:44:15,739] {processor.py:642} INFO - Processing file /home/airflow/.local/lib/python3.7/site-packages/airflow/example_dags/example_task_group_decorator.py for tasks to queue
[2022-03-03 15:44:15,745] {logging_mixin.py:109} INFO - [2022-03-03 15:44:15,745] {dagbag.py:500} INFO - Filling up the DagBag from /home/airflow/.local/lib/python3.7/site-packages/airflow/example_dags/example_task_group_decorator.py
[2022-03-03 15:44:16,009] {processor.py:654} INFO - DAG(s) dict_keys(['example_task_group_decorator']) retrieved from /home/airflow/.local/lib/python3.7/site-packages/airflow/example_dags/example_task_group_decorator.py
[2022-03-03 15:44:17,017] {logging_mixin.py:109} INFO - [2022-03-03 15:44:17,017] {dag.py:2396} INFO - Sync 1 DAGs
[2022-03-03 15:44:17,031] {logging_mixin.py:109} INFO - [2022-03-03 15:44:17,031] {dag.py:2935} INFO - Setting next_dagrun for example_task_group_decorator to 2022-03-02T15:44:17.031138+00:00
[2022-03-03 15:44:17,041] {processor.py:171} INFO - Processing /home/airflow/.local/lib/python3.7/site-packages/airflow/example_dags/example_task_group_decorator.py took 1.333 seconds
[2022-03-03 15:44:47,368] {processor.py:163} INFO - Started process (PID=2983) to work on /home/airflow/.local/lib/python3.7/site-packages/airflow/example_dags/example_task_group_decorator.py
[2022-03-03 15:44:47,369] {processor.py:642} INFO - Processing file /home/airflow/.local/lib/python3.7/site-packages/airflow/example_dags/example_task_group_decorator.py for tasks to queue
[2022-03-03 15:44:47,370] {logging_mixin.py:109} INFO - [2022-03-03 15:44:47,370] {dagbag.py:500} INFO - Filling up the DagBag from /home/airflow/.local/lib/python3.7/site-packages/airflow/example_dags/example_task_group_decorator.py
[2022-03-03 15:44:47,409] {processor.py:654} INFO - DAG(s) dict_keys(['example_task_group_decorator']) retrieved from /home/airflow/.local/lib/python3.7/site-packages/airflow/example_dags/example_task_group_decorator.py
[2022-03-03 15:44:47,603] {logging_mixin.py:109} INFO - [2022-03-03 15:44:47,603] {dag.py:2396} INFO - Sync 1 DAGs
[2022-03-03 15:44:47,617] {logging_mixin.py:109} INFO - [2022-03-03 15:44:47,617] {dag.py:2935} INFO - Setting next_dagrun for example_task_group_decorator to 2022-03-02T15:44:47.617429+00:00
[2022-03-03 15:44:47,628] {processor.py:171} INFO - Processing /home/airflow/.local/lib/python3.7/site-packages/airflow/example_dags/example_task_group_decorator.py took 0.264 seconds
[2022-03-03 15:45:18,223] {processor.py:163} INFO - Started process (PID=3037) to work on /home/airflow/.local/lib/python3.7/site-packages/airflow/example_dags/example_task_group_decorator.py
[2022-03-03 15:45:18,225] {processor.py:642} INFO - Processing file /home/airflow/.local/lib/python3.7/site-packages/airflow/example_dags/example_task_group_decorator.py for tasks to queue
[2022-03-03 15:45:18,227] {logging_mixin.py:109} INFO - [2022-03-03 15:45:18,227] {dagbag.py:500} INFO - Filling up the DagBag from /home/airflow/.local/lib/python3.7/site-packages/airflow/example_dags/example_task_group_decorator.py
[2022-03-03 15:45:18,269] {processor.py:654} INFO - DAG(s) dict_keys(['example_task_group_decorator']) retrieved from /home/airflow/.local/lib/python3.7/site-packages/airflow/example_dags/example_task_group_decorator.py
[2022-03-03 15:45:18,470] {logging_mixin.py:109} INFO - [2022-03-03 15:45:18,470] {dag.py:2396} INFO - Sync 1 DAGs
[2022-03-03 15:45:18,487] {logging_mixin.py:109} INFO - [2022-03-03 15:45:18,487] {dag.py:2935} INFO - Setting next_dagrun for example_task_group_decorator to 2022-03-02T15:45:18.487538+00:00
[2022-03-03 15:45:18,503] {processor.py:171} INFO - Processing /home/airflow/.local/lib/python3.7/site-packages/airflow/example_dags/example_task_group_decorator.py took 0.284 seconds
[2022-03-03 15:45:49,341] {processor.py:163} INFO - Started process (PID=3097) to work on /home/airflow/.local/lib/python3.7/site-packages/airflow/example_dags/example_task_group_decorator.py
[2022-03-03 15:45:49,343] {processor.py:642} INFO - Processing file /home/airflow/.local/lib/python3.7/site-packages/airflow/example_dags/example_task_group_decorator.py for tasks to queue
[2022-03-03 15:45:49,344] {logging_mixin.py:109} INFO - [2022-03-03 15:45:49,344] {dagbag.py:500} INFO - Filling up the DagBag from /home/airflow/.local/lib/python3.7/site-packages/airflow/example_dags/example_task_group_decorator.py
[2022-03-03 15:45:49,384] {processor.py:654} INFO - DAG(s) dict_keys(['example_task_group_decorator']) retrieved from /home/airflow/.local/lib/python3.7/site-packages/airflow/example_dags/example_task_group_decorator.py
[2022-03-03 15:45:49,578] {logging_mixin.py:109} INFO - [2022-03-03 15:45:49,577] {dag.py:2396} INFO - Sync 1 DAGs
[2022-03-03 15:45:49,592] {logging_mixin.py:109} INFO - [2022-03-03 15:45:49,592] {dag.py:2935} INFO - Setting next_dagrun for example_task_group_decorator to 2022-03-02T15:45:49.591992+00:00
[2022-03-03 15:45:49,603] {processor.py:171} INFO - Processing /home/airflow/.local/lib/python3.7/site-packages/airflow/example_dags/example_task_group_decorator.py took 0.265 seconds
[2022-03-03 15:46:20,208] {processor.py:163} INFO - Started process (PID=3169) to work on /home/airflow/.local/lib/python3.7/site-packages/airflow/example_dags/example_task_group_decorator.py
[2022-03-03 15:46:20,210] {processor.py:642} INFO - Processing file /home/airflow/.local/lib/python3.7/site-packages/airflow/example_dags/example_task_group_decorator.py for tasks to queue
[2022-03-03 15:46:20,211] {logging_mixin.py:109} INFO - [2022-03-03 15:46:20,211] {dagbag.py:500} INFO - Filling up the DagBag from /home/airflow/.local/lib/python3.7/site-packages/airflow/example_dags/example_task_group_decorator.py
[2022-03-03 15:46:20,312] {processor.py:654} INFO - DAG(s) dict_keys(['example_task_group_decorator']) retrieved from /home/airflow/.local/lib/python3.7/site-packages/airflow/example_dags/example_task_group_decorator.py
[2022-03-03 15:46:20,672] {logging_mixin.py:109} INFO - [2022-03-03 15:46:20,671] {dag.py:2396} INFO - Sync 1 DAGs
[2022-03-03 15:46:20,686] {logging_mixin.py:109} INFO - [2022-03-03 15:46:20,686] {dag.py:2935} INFO - Setting next_dagrun for example_task_group_decorator to 2022-03-02T15:46:20.686397+00:00
[2022-03-03 15:46:20,699] {processor.py:171} INFO - Processing /home/airflow/.local/lib/python3.7/site-packages/airflow/example_dags/example_task_group_decorator.py took 0.499 seconds
[2022-03-03 15:46:51,067] {processor.py:163} INFO - Started process (PID=3227) to work on /home/airflow/.local/lib/python3.7/site-packages/airflow/example_dags/example_task_group_decorator.py
[2022-03-03 15:46:51,069] {processor.py:642} INFO - Processing file /home/airflow/.local/lib/python3.7/site-packages/airflow/example_dags/example_task_group_decorator.py for tasks to queue
[2022-03-03 15:46:51,070] {logging_mixin.py:109} INFO - [2022-03-03 15:46:51,070] {dagbag.py:500} INFO - Filling up the DagBag from /home/airflow/.local/lib/python3.7/site-packages/airflow/example_dags/example_task_group_decorator.py
[2022-03-03 15:46:51,158] {processor.py:654} INFO - DAG(s) dict_keys(['example_task_group_decorator']) retrieved from /home/airflow/.local/lib/python3.7/site-packages/airflow/example_dags/example_task_group_decorator.py
[2022-03-03 15:46:51,457] {logging_mixin.py:109} INFO - [2022-03-03 15:46:51,457] {dag.py:2396} INFO - Sync 1 DAGs
[2022-03-03 15:46:51,471] {logging_mixin.py:109} INFO - [2022-03-03 15:46:51,471] {dag.py:2935} INFO - Setting next_dagrun for example_task_group_decorator to 2022-03-02T15:46:51.471023+00:00
[2022-03-03 15:46:51,481] {processor.py:171} INFO - Processing /home/airflow/.local/lib/python3.7/site-packages/airflow/example_dags/example_task_group_decorator.py took 0.428 seconds
[2022-03-03 15:47:22,337] {processor.py:163} INFO - Started process (PID=3294) to work on /home/airflow/.local/lib/python3.7/site-packages/airflow/example_dags/example_task_group_decorator.py
[2022-03-03 15:47:22,344] {processor.py:642} INFO - Processing file /home/airflow/.local/lib/python3.7/site-packages/airflow/example_dags/example_task_group_decorator.py for tasks to queue
[2022-03-03 15:47:22,346] {logging_mixin.py:109} INFO - [2022-03-03 15:47:22,345] {dagbag.py:500} INFO - Filling up the DagBag from /home/airflow/.local/lib/python3.7/site-packages/airflow/example_dags/example_task_group_decorator.py
[2022-03-03 15:47:22,417] {processor.py:654} INFO - DAG(s) dict_keys(['example_task_group_decorator']) retrieved from /home/airflow/.local/lib/python3.7/site-packages/airflow/example_dags/example_task_group_decorator.py
[2022-03-03 15:47:22,793] {logging_mixin.py:109} INFO - [2022-03-03 15:47:22,793] {dag.py:2396} INFO - Sync 1 DAGs
[2022-03-03 15:47:22,838] {logging_mixin.py:109} INFO - [2022-03-03 15:47:22,838] {dag.py:2935} INFO - Setting next_dagrun for example_task_group_decorator to 2022-03-02T15:47:22.837820+00:00
[2022-03-03 15:47:22,866] {processor.py:171} INFO - Processing /home/airflow/.local/lib/python3.7/site-packages/airflow/example_dags/example_task_group_decorator.py took 0.532 seconds
[2022-03-03 15:47:52,971] {processor.py:163} INFO - Started process (PID=3349) to work on /home/airflow/.local/lib/python3.7/site-packages/airflow/example_dags/example_task_group_decorator.py
[2022-03-03 15:47:52,973] {processor.py:642} INFO - Processing file /home/airflow/.local/lib/python3.7/site-packages/airflow/example_dags/example_task_group_decorator.py for tasks to queue
[2022-03-03 15:47:52,974] {logging_mixin.py:109} INFO - [2022-03-03 15:47:52,974] {dagbag.py:500} INFO - Filling up the DagBag from /home/airflow/.local/lib/python3.7/site-packages/airflow/example_dags/example_task_group_decorator.py
[2022-03-03 15:47:53,010] {processor.py:654} INFO - DAG(s) dict_keys(['example_task_group_decorator']) retrieved from /home/airflow/.local/lib/python3.7/site-packages/airflow/example_dags/example_task_group_decorator.py
[2022-03-03 15:47:53,238] {logging_mixin.py:109} INFO - [2022-03-03 15:47:53,238] {dag.py:2396} INFO - Sync 1 DAGs
[2022-03-03 15:47:53,255] {logging_mixin.py:109} INFO - [2022-03-03 15:47:53,255] {dag.py:2935} INFO - Setting next_dagrun for example_task_group_decorator to 2022-03-02T15:47:53.255373+00:00
[2022-03-03 15:47:53,267] {processor.py:171} INFO - Processing /home/airflow/.local/lib/python3.7/site-packages/airflow/example_dags/example_task_group_decorator.py took 0.299 seconds
[2022-03-03 15:48:23,637] {processor.py:163} INFO - Started process (PID=3405) to work on /home/airflow/.local/lib/python3.7/site-packages/airflow/example_dags/example_task_group_decorator.py
[2022-03-03 15:48:23,646] {processor.py:642} INFO - Processing file /home/airflow/.local/lib/python3.7/site-packages/airflow/example_dags/example_task_group_decorator.py for tasks to queue
[2022-03-03 15:48:23,648] {logging_mixin.py:109} INFO - [2022-03-03 15:48:23,648] {dagbag.py:500} INFO - Filling up the DagBag from /home/airflow/.local/lib/python3.7/site-packages/airflow/example_dags/example_task_group_decorator.py
[2022-03-03 15:48:23,782] {processor.py:654} INFO - DAG(s) dict_keys(['example_task_group_decorator']) retrieved from /home/airflow/.local/lib/python3.7/site-packages/airflow/example_dags/example_task_group_decorator.py
[2022-03-03 15:48:24,619] {logging_mixin.py:109} INFO - [2022-03-03 15:48:24,618] {dag.py:2396} INFO - Sync 1 DAGs
[2022-03-03 15:48:24,690] {logging_mixin.py:109} INFO - [2022-03-03 15:48:24,690] {dag.py:2935} INFO - Setting next_dagrun for example_task_group_decorator to 2022-03-02T15:48:24.690233+00:00
[2022-03-03 15:48:24,734] {processor.py:171} INFO - Processing /home/airflow/.local/lib/python3.7/site-packages/airflow/example_dags/example_task_group_decorator.py took 1.114 seconds
[2022-03-03 15:48:54,845] {processor.py:163} INFO - Started process (PID=3469) to work on /home/airflow/.local/lib/python3.7/site-packages/airflow/example_dags/example_task_group_decorator.py
[2022-03-03 15:48:54,846] {processor.py:642} INFO - Processing file /home/airflow/.local/lib/python3.7/site-packages/airflow/example_dags/example_task_group_decorator.py for tasks to queue
[2022-03-03 15:48:54,848] {logging_mixin.py:109} INFO - [2022-03-03 15:48:54,848] {dagbag.py:500} INFO - Filling up the DagBag from /home/airflow/.local/lib/python3.7/site-packages/airflow/example_dags/example_task_group_decorator.py
[2022-03-03 15:48:54,951] {processor.py:654} INFO - DAG(s) dict_keys(['example_task_group_decorator']) retrieved from /home/airflow/.local/lib/python3.7/site-packages/airflow/example_dags/example_task_group_decorator.py
[2022-03-03 15:48:55,360] {logging_mixin.py:109} INFO - [2022-03-03 15:48:55,360] {dag.py:2396} INFO - Sync 1 DAGs
[2022-03-03 15:48:55,380] {logging_mixin.py:109} INFO - [2022-03-03 15:48:55,380] {dag.py:2935} INFO - Setting next_dagrun for example_task_group_decorator to 2022-03-02T15:48:55.380106+00:00
[2022-03-03 15:48:55,399] {processor.py:171} INFO - Processing /home/airflow/.local/lib/python3.7/site-packages/airflow/example_dags/example_task_group_decorator.py took 0.564 seconds
[2022-03-03 15:49:26,395] {processor.py:163} INFO - Started process (PID=3525) to work on /home/airflow/.local/lib/python3.7/site-packages/airflow/example_dags/example_task_group_decorator.py
[2022-03-03 15:49:26,397] {processor.py:642} INFO - Processing file /home/airflow/.local/lib/python3.7/site-packages/airflow/example_dags/example_task_group_decorator.py for tasks to queue
[2022-03-03 15:49:26,399] {logging_mixin.py:109} INFO - [2022-03-03 15:49:26,399] {dagbag.py:500} INFO - Filling up the DagBag from /home/airflow/.local/lib/python3.7/site-packages/airflow/example_dags/example_task_group_decorator.py
[2022-03-03 15:49:26,446] {processor.py:654} INFO - DAG(s) dict_keys(['example_task_group_decorator']) retrieved from /home/airflow/.local/lib/python3.7/site-packages/airflow/example_dags/example_task_group_decorator.py
[2022-03-03 15:49:26,921] {logging_mixin.py:109} INFO - [2022-03-03 15:49:26,921] {dag.py:2396} INFO - Sync 1 DAGs
[2022-03-03 15:49:26,956] {logging_mixin.py:109} INFO - [2022-03-03 15:49:26,956] {dag.py:2935} INFO - Setting next_dagrun for example_task_group_decorator to 2022-03-02T15:49:26.956404+00:00
[2022-03-03 15:49:26,973] {processor.py:171} INFO - Processing /home/airflow/.local/lib/python3.7/site-packages/airflow/example_dags/example_task_group_decorator.py took 0.584 seconds
[2022-03-03 15:49:57,658] {processor.py:163} INFO - Started process (PID=3581) to work on /home/airflow/.local/lib/python3.7/site-packages/airflow/example_dags/example_task_group_decorator.py
[2022-03-03 15:49:57,660] {processor.py:642} INFO - Processing file /home/airflow/.local/lib/python3.7/site-packages/airflow/example_dags/example_task_group_decorator.py for tasks to queue
[2022-03-03 15:49:57,662] {logging_mixin.py:109} INFO - [2022-03-03 15:49:57,662] {dagbag.py:500} INFO - Filling up the DagBag from /home/airflow/.local/lib/python3.7/site-packages/airflow/example_dags/example_task_group_decorator.py
[2022-03-03 15:49:57,738] {processor.py:654} INFO - DAG(s) dict_keys(['example_task_group_decorator']) retrieved from /home/airflow/.local/lib/python3.7/site-packages/airflow/example_dags/example_task_group_decorator.py
[2022-03-03 15:49:58,169] {logging_mixin.py:109} INFO - [2022-03-03 15:49:58,169] {dag.py:2396} INFO - Sync 1 DAGs
[2022-03-03 15:49:58,187] {logging_mixin.py:109} INFO - [2022-03-03 15:49:58,187] {dag.py:2935} INFO - Setting next_dagrun for example_task_group_decorator to 2022-03-02T15:49:58.187365+00:00
[2022-03-03 15:49:58,224] {processor.py:171} INFO - Processing /home/airflow/.local/lib/python3.7/site-packages/airflow/example_dags/example_task_group_decorator.py took 0.580 seconds
[2022-03-03 15:50:29,194] {processor.py:163} INFO - Started process (PID=3653) to work on /home/airflow/.local/lib/python3.7/site-packages/airflow/example_dags/example_task_group_decorator.py
[2022-03-03 15:50:29,199] {processor.py:642} INFO - Processing file /home/airflow/.local/lib/python3.7/site-packages/airflow/example_dags/example_task_group_decorator.py for tasks to queue
[2022-03-03 15:50:29,202] {logging_mixin.py:109} INFO - [2022-03-03 15:50:29,201] {dagbag.py:500} INFO - Filling up the DagBag from /home/airflow/.local/lib/python3.7/site-packages/airflow/example_dags/example_task_group_decorator.py
[2022-03-03 15:50:29,258] {processor.py:654} INFO - DAG(s) dict_keys(['example_task_group_decorator']) retrieved from /home/airflow/.local/lib/python3.7/site-packages/airflow/example_dags/example_task_group_decorator.py
[2022-03-03 15:50:29,489] {logging_mixin.py:109} INFO - [2022-03-03 15:50:29,489] {dag.py:2396} INFO - Sync 1 DAGs
[2022-03-03 15:50:29,503] {logging_mixin.py:109} INFO - [2022-03-03 15:50:29,503] {dag.py:2935} INFO - Setting next_dagrun for example_task_group_decorator to 2022-03-02T15:50:29.503384+00:00
[2022-03-03 15:50:29,515] {processor.py:171} INFO - Processing /home/airflow/.local/lib/python3.7/site-packages/airflow/example_dags/example_task_group_decorator.py took 0.331 seconds
[2022-03-03 15:50:59,754] {processor.py:163} INFO - Started process (PID=3711) to work on /home/airflow/.local/lib/python3.7/site-packages/airflow/example_dags/example_task_group_decorator.py
[2022-03-03 15:50:59,756] {processor.py:642} INFO - Processing file /home/airflow/.local/lib/python3.7/site-packages/airflow/example_dags/example_task_group_decorator.py for tasks to queue
[2022-03-03 15:50:59,757] {logging_mixin.py:109} INFO - [2022-03-03 15:50:59,757] {dagbag.py:500} INFO - Filling up the DagBag from /home/airflow/.local/lib/python3.7/site-packages/airflow/example_dags/example_task_group_decorator.py
[2022-03-03 15:50:59,794] {processor.py:654} INFO - DAG(s) dict_keys(['example_task_group_decorator']) retrieved from /home/airflow/.local/lib/python3.7/site-packages/airflow/example_dags/example_task_group_decorator.py
[2022-03-03 15:51:00,027] {logging_mixin.py:109} INFO - [2022-03-03 15:51:00,027] {dag.py:2396} INFO - Sync 1 DAGs
[2022-03-03 15:51:00,042] {logging_mixin.py:109} INFO - [2022-03-03 15:51:00,042] {dag.py:2935} INFO - Setting next_dagrun for example_task_group_decorator to 2022-03-02T15:51:00.042354+00:00
[2022-03-03 15:51:00,052] {processor.py:171} INFO - Processing /home/airflow/.local/lib/python3.7/site-packages/airflow/example_dags/example_task_group_decorator.py took 0.302 seconds
