[2022-03-03 15:18:30,885] {processor.py:163} INFO - Started process (PID=53) to work on /home/airflow/.local/lib/python3.7/site-packages/airflow/example_dags/example_xcomargs.py
[2022-03-03 15:18:30,895] {processor.py:642} INFO - Processing file /home/airflow/.local/lib/python3.7/site-packages/airflow/example_dags/example_xcomargs.py for tasks to queue
[2022-03-03 15:18:30,901] {logging_mixin.py:109} INFO - [2022-03-03 15:18:30,900] {dagbag.py:500} INFO - Filling up the DagBag from /home/airflow/.local/lib/python3.7/site-packages/airflow/example_dags/example_xcomargs.py
[2022-03-03 15:18:31,011] {processor.py:654} INFO - DAG(s) dict_keys(['example_xcom_args', 'example_xcom_args_with_operators']) retrieved from /home/airflow/.local/lib/python3.7/site-packages/airflow/example_dags/example_xcomargs.py
[2022-03-03 15:18:32,335] {logging_mixin.py:109} INFO - [2022-03-03 15:18:32,335] {dag.py:2396} INFO - Sync 2 DAGs
[2022-03-03 15:18:32,412] {logging_mixin.py:109} INFO - [2022-03-03 15:18:32,412] {dag.py:2935} INFO - Setting next_dagrun for example_xcom_args to None
[2022-03-03 15:18:32,414] {logging_mixin.py:109} INFO - [2022-03-03 15:18:32,413] {dag.py:2935} INFO - Setting next_dagrun for example_xcom_args_with_operators to None
[2022-03-03 15:18:32,452] {processor.py:171} INFO - Processing /home/airflow/.local/lib/python3.7/site-packages/airflow/example_dags/example_xcomargs.py took 1.582 seconds
[2022-03-03 15:19:02,865] {processor.py:163} INFO - Started process (PID=105) to work on /home/airflow/.local/lib/python3.7/site-packages/airflow/example_dags/example_xcomargs.py
[2022-03-03 15:19:02,872] {processor.py:642} INFO - Processing file /home/airflow/.local/lib/python3.7/site-packages/airflow/example_dags/example_xcomargs.py for tasks to queue
[2022-03-03 15:19:02,874] {logging_mixin.py:109} INFO - [2022-03-03 15:19:02,874] {dagbag.py:500} INFO - Filling up the DagBag from /home/airflow/.local/lib/python3.7/site-packages/airflow/example_dags/example_xcomargs.py
[2022-03-03 15:19:02,940] {processor.py:654} INFO - DAG(s) dict_keys(['example_xcom_args', 'example_xcom_args_with_operators']) retrieved from /home/airflow/.local/lib/python3.7/site-packages/airflow/example_dags/example_xcomargs.py
[2022-03-03 15:19:03,826] {logging_mixin.py:109} INFO - [2022-03-03 15:19:03,826] {dag.py:2396} INFO - Sync 2 DAGs
[2022-03-03 15:19:03,857] {logging_mixin.py:109} INFO - [2022-03-03 15:19:03,856] {dag.py:2935} INFO - Setting next_dagrun for example_xcom_args to None
[2022-03-03 15:19:03,858] {logging_mixin.py:109} INFO - [2022-03-03 15:19:03,858] {dag.py:2935} INFO - Setting next_dagrun for example_xcom_args_with_operators to None
[2022-03-03 15:19:03,883] {processor.py:171} INFO - Processing /home/airflow/.local/lib/python3.7/site-packages/airflow/example_dags/example_xcomargs.py took 1.029 seconds
[2022-03-03 15:19:34,727] {processor.py:163} INFO - Started process (PID=160) to work on /home/airflow/.local/lib/python3.7/site-packages/airflow/example_dags/example_xcomargs.py
[2022-03-03 15:19:34,730] {processor.py:642} INFO - Processing file /home/airflow/.local/lib/python3.7/site-packages/airflow/example_dags/example_xcomargs.py for tasks to queue
[2022-03-03 15:19:34,731] {logging_mixin.py:109} INFO - [2022-03-03 15:19:34,731] {dagbag.py:500} INFO - Filling up the DagBag from /home/airflow/.local/lib/python3.7/site-packages/airflow/example_dags/example_xcomargs.py
[2022-03-03 15:19:34,769] {processor.py:654} INFO - DAG(s) dict_keys(['example_xcom_args', 'example_xcom_args_with_operators']) retrieved from /home/airflow/.local/lib/python3.7/site-packages/airflow/example_dags/example_xcomargs.py
[2022-03-03 15:19:35,115] {logging_mixin.py:109} INFO - [2022-03-03 15:19:35,115] {dag.py:2396} INFO - Sync 2 DAGs
[2022-03-03 15:19:35,141] {logging_mixin.py:109} INFO - [2022-03-03 15:19:35,140] {dag.py:2935} INFO - Setting next_dagrun for example_xcom_args to None
[2022-03-03 15:19:35,142] {logging_mixin.py:109} INFO - [2022-03-03 15:19:35,142] {dag.py:2935} INFO - Setting next_dagrun for example_xcom_args_with_operators to None
[2022-03-03 15:19:35,153] {processor.py:171} INFO - Processing /home/airflow/.local/lib/python3.7/site-packages/airflow/example_dags/example_xcomargs.py took 0.432 seconds
[2022-03-03 15:20:05,949] {processor.py:163} INFO - Started process (PID=214) to work on /home/airflow/.local/lib/python3.7/site-packages/airflow/example_dags/example_xcomargs.py
[2022-03-03 15:20:05,951] {processor.py:642} INFO - Processing file /home/airflow/.local/lib/python3.7/site-packages/airflow/example_dags/example_xcomargs.py for tasks to queue
[2022-03-03 15:20:05,953] {logging_mixin.py:109} INFO - [2022-03-03 15:20:05,953] {dagbag.py:500} INFO - Filling up the DagBag from /home/airflow/.local/lib/python3.7/site-packages/airflow/example_dags/example_xcomargs.py
[2022-03-03 15:20:06,068] {processor.py:654} INFO - DAG(s) dict_keys(['example_xcom_args', 'example_xcom_args_with_operators']) retrieved from /home/airflow/.local/lib/python3.7/site-packages/airflow/example_dags/example_xcomargs.py
[2022-03-03 15:20:06,452] {logging_mixin.py:109} INFO - [2022-03-03 15:20:06,452] {dag.py:2396} INFO - Sync 2 DAGs
[2022-03-03 15:20:06,469] {logging_mixin.py:109} INFO - [2022-03-03 15:20:06,469] {dag.py:2935} INFO - Setting next_dagrun for example_xcom_args to None
[2022-03-03 15:20:06,470] {logging_mixin.py:109} INFO - [2022-03-03 15:20:06,470] {dag.py:2935} INFO - Setting next_dagrun for example_xcom_args_with_operators to None
[2022-03-03 15:20:06,482] {processor.py:171} INFO - Processing /home/airflow/.local/lib/python3.7/site-packages/airflow/example_dags/example_xcomargs.py took 0.536 seconds
[2022-03-03 15:20:36,516] {processor.py:163} INFO - Started process (PID=267) to work on /home/airflow/.local/lib/python3.7/site-packages/airflow/example_dags/example_xcomargs.py
[2022-03-03 15:20:36,522] {processor.py:642} INFO - Processing file /home/airflow/.local/lib/python3.7/site-packages/airflow/example_dags/example_xcomargs.py for tasks to queue
[2022-03-03 15:20:36,527] {logging_mixin.py:109} INFO - [2022-03-03 15:20:36,527] {dagbag.py:500} INFO - Filling up the DagBag from /home/airflow/.local/lib/python3.7/site-packages/airflow/example_dags/example_xcomargs.py
[2022-03-03 15:20:36,677] {processor.py:654} INFO - DAG(s) dict_keys(['example_xcom_args', 'example_xcom_args_with_operators']) retrieved from /home/airflow/.local/lib/python3.7/site-packages/airflow/example_dags/example_xcomargs.py
[2022-03-03 15:20:37,288] {logging_mixin.py:109} INFO - [2022-03-03 15:20:37,288] {dag.py:2396} INFO - Sync 2 DAGs
[2022-03-03 15:20:37,313] {logging_mixin.py:109} INFO - [2022-03-03 15:20:37,313] {dag.py:2935} INFO - Setting next_dagrun for example_xcom_args to None
[2022-03-03 15:20:37,314] {logging_mixin.py:109} INFO - [2022-03-03 15:20:37,314] {dag.py:2935} INFO - Setting next_dagrun for example_xcom_args_with_operators to None
[2022-03-03 15:20:37,332] {processor.py:171} INFO - Processing /home/airflow/.local/lib/python3.7/site-packages/airflow/example_dags/example_xcomargs.py took 0.821 seconds
[2022-03-03 15:21:08,193] {processor.py:163} INFO - Started process (PID=333) to work on /home/airflow/.local/lib/python3.7/site-packages/airflow/example_dags/example_xcomargs.py
[2022-03-03 15:21:08,198] {processor.py:642} INFO - Processing file /home/airflow/.local/lib/python3.7/site-packages/airflow/example_dags/example_xcomargs.py for tasks to queue
[2022-03-03 15:21:08,203] {logging_mixin.py:109} INFO - [2022-03-03 15:21:08,202] {dagbag.py:500} INFO - Filling up the DagBag from /home/airflow/.local/lib/python3.7/site-packages/airflow/example_dags/example_xcomargs.py
[2022-03-03 15:21:08,300] {processor.py:654} INFO - DAG(s) dict_keys(['example_xcom_args', 'example_xcom_args_with_operators']) retrieved from /home/airflow/.local/lib/python3.7/site-packages/airflow/example_dags/example_xcomargs.py
[2022-03-03 15:21:08,769] {logging_mixin.py:109} INFO - [2022-03-03 15:21:08,768] {dag.py:2396} INFO - Sync 2 DAGs
[2022-03-03 15:21:08,782] {logging_mixin.py:109} INFO - [2022-03-03 15:21:08,782] {dag.py:2935} INFO - Setting next_dagrun for example_xcom_args to None
[2022-03-03 15:21:08,784] {logging_mixin.py:109} INFO - [2022-03-03 15:21:08,783] {dag.py:2935} INFO - Setting next_dagrun for example_xcom_args_with_operators to None
[2022-03-03 15:21:08,794] {processor.py:171} INFO - Processing /home/airflow/.local/lib/python3.7/site-packages/airflow/example_dags/example_xcomargs.py took 0.614 seconds
[2022-03-03 15:21:38,892] {processor.py:163} INFO - Started process (PID=390) to work on /home/airflow/.local/lib/python3.7/site-packages/airflow/example_dags/example_xcomargs.py
[2022-03-03 15:21:38,895] {processor.py:642} INFO - Processing file /home/airflow/.local/lib/python3.7/site-packages/airflow/example_dags/example_xcomargs.py for tasks to queue
[2022-03-03 15:21:38,898] {logging_mixin.py:109} INFO - [2022-03-03 15:21:38,898] {dagbag.py:500} INFO - Filling up the DagBag from /home/airflow/.local/lib/python3.7/site-packages/airflow/example_dags/example_xcomargs.py
[2022-03-03 15:21:38,983] {processor.py:654} INFO - DAG(s) dict_keys(['example_xcom_args', 'example_xcom_args_with_operators']) retrieved from /home/airflow/.local/lib/python3.7/site-packages/airflow/example_dags/example_xcomargs.py
[2022-03-03 15:21:39,755] {logging_mixin.py:109} INFO - [2022-03-03 15:21:39,755] {dag.py:2396} INFO - Sync 2 DAGs
[2022-03-03 15:21:39,810] {logging_mixin.py:109} INFO - [2022-03-03 15:21:39,810] {dag.py:2935} INFO - Setting next_dagrun for example_xcom_args to None
[2022-03-03 15:21:39,813] {logging_mixin.py:109} INFO - [2022-03-03 15:21:39,813] {dag.py:2935} INFO - Setting next_dagrun for example_xcom_args_with_operators to None
[2022-03-03 15:21:39,867] {processor.py:171} INFO - Processing /home/airflow/.local/lib/python3.7/site-packages/airflow/example_dags/example_xcomargs.py took 0.986 seconds
[2022-03-03 15:22:10,091] {processor.py:163} INFO - Started process (PID=445) to work on /home/airflow/.local/lib/python3.7/site-packages/airflow/example_dags/example_xcomargs.py
[2022-03-03 15:22:10,095] {processor.py:642} INFO - Processing file /home/airflow/.local/lib/python3.7/site-packages/airflow/example_dags/example_xcomargs.py for tasks to queue
[2022-03-03 15:22:10,099] {logging_mixin.py:109} INFO - [2022-03-03 15:22:10,098] {dagbag.py:500} INFO - Filling up the DagBag from /home/airflow/.local/lib/python3.7/site-packages/airflow/example_dags/example_xcomargs.py
[2022-03-03 15:22:10,178] {processor.py:654} INFO - DAG(s) dict_keys(['example_xcom_args', 'example_xcom_args_with_operators']) retrieved from /home/airflow/.local/lib/python3.7/site-packages/airflow/example_dags/example_xcomargs.py
[2022-03-03 15:22:10,612] {logging_mixin.py:109} INFO - [2022-03-03 15:22:10,612] {dag.py:2396} INFO - Sync 2 DAGs
[2022-03-03 15:22:10,630] {logging_mixin.py:109} INFO - [2022-03-03 15:22:10,630] {dag.py:2935} INFO - Setting next_dagrun for example_xcom_args to None
[2022-03-03 15:22:10,631] {logging_mixin.py:109} INFO - [2022-03-03 15:22:10,631] {dag.py:2935} INFO - Setting next_dagrun for example_xcom_args_with_operators to None
[2022-03-03 15:22:10,641] {processor.py:171} INFO - Processing /home/airflow/.local/lib/python3.7/site-packages/airflow/example_dags/example_xcomargs.py took 0.568 seconds
[2022-03-03 15:22:41,432] {processor.py:163} INFO - Started process (PID=503) to work on /home/airflow/.local/lib/python3.7/site-packages/airflow/example_dags/example_xcomargs.py
[2022-03-03 15:22:41,436] {processor.py:642} INFO - Processing file /home/airflow/.local/lib/python3.7/site-packages/airflow/example_dags/example_xcomargs.py for tasks to queue
[2022-03-03 15:22:41,437] {logging_mixin.py:109} INFO - [2022-03-03 15:22:41,437] {dagbag.py:500} INFO - Filling up the DagBag from /home/airflow/.local/lib/python3.7/site-packages/airflow/example_dags/example_xcomargs.py
[2022-03-03 15:22:41,506] {processor.py:654} INFO - DAG(s) dict_keys(['example_xcom_args', 'example_xcom_args_with_operators']) retrieved from /home/airflow/.local/lib/python3.7/site-packages/airflow/example_dags/example_xcomargs.py
[2022-03-03 15:22:42,122] {logging_mixin.py:109} INFO - [2022-03-03 15:22:42,122] {dag.py:2396} INFO - Sync 2 DAGs
[2022-03-03 15:22:42,139] {logging_mixin.py:109} INFO - [2022-03-03 15:22:42,139] {dag.py:2935} INFO - Setting next_dagrun for example_xcom_args to None
[2022-03-03 15:22:42,140] {logging_mixin.py:109} INFO - [2022-03-03 15:22:42,140] {dag.py:2935} INFO - Setting next_dagrun for example_xcom_args_with_operators to None
[2022-03-03 15:22:42,149] {processor.py:171} INFO - Processing /home/airflow/.local/lib/python3.7/site-packages/airflow/example_dags/example_xcomargs.py took 0.720 seconds
[2022-03-03 15:23:12,410] {processor.py:163} INFO - Started process (PID=561) to work on /home/airflow/.local/lib/python3.7/site-packages/airflow/example_dags/example_xcomargs.py
[2022-03-03 15:23:12,425] {processor.py:642} INFO - Processing file /home/airflow/.local/lib/python3.7/site-packages/airflow/example_dags/example_xcomargs.py for tasks to queue
[2022-03-03 15:23:12,430] {logging_mixin.py:109} INFO - [2022-03-03 15:23:12,430] {dagbag.py:500} INFO - Filling up the DagBag from /home/airflow/.local/lib/python3.7/site-packages/airflow/example_dags/example_xcomargs.py
[2022-03-03 15:23:12,546] {processor.py:654} INFO - DAG(s) dict_keys(['example_xcom_args', 'example_xcom_args_with_operators']) retrieved from /home/airflow/.local/lib/python3.7/site-packages/airflow/example_dags/example_xcomargs.py
[2022-03-03 15:23:12,926] {logging_mixin.py:109} INFO - [2022-03-03 15:23:12,925] {dag.py:2396} INFO - Sync 2 DAGs
[2022-03-03 15:23:12,963] {logging_mixin.py:109} INFO - [2022-03-03 15:23:12,963] {dag.py:2935} INFO - Setting next_dagrun for example_xcom_args to None
[2022-03-03 15:23:12,965] {logging_mixin.py:109} INFO - [2022-03-03 15:23:12,965] {dag.py:2935} INFO - Setting next_dagrun for example_xcom_args_with_operators to None
[2022-03-03 15:23:12,985] {processor.py:171} INFO - Processing /home/airflow/.local/lib/python3.7/site-packages/airflow/example_dags/example_xcomargs.py took 0.592 seconds
[2022-03-03 15:23:43,114] {processor.py:163} INFO - Started process (PID=624) to work on /home/airflow/.local/lib/python3.7/site-packages/airflow/example_dags/example_xcomargs.py
[2022-03-03 15:23:43,116] {processor.py:642} INFO - Processing file /home/airflow/.local/lib/python3.7/site-packages/airflow/example_dags/example_xcomargs.py for tasks to queue
[2022-03-03 15:23:43,123] {logging_mixin.py:109} INFO - [2022-03-03 15:23:43,123] {dagbag.py:500} INFO - Filling up the DagBag from /home/airflow/.local/lib/python3.7/site-packages/airflow/example_dags/example_xcomargs.py
[2022-03-03 15:23:43,199] {processor.py:654} INFO - DAG(s) dict_keys(['example_xcom_args', 'example_xcom_args_with_operators']) retrieved from /home/airflow/.local/lib/python3.7/site-packages/airflow/example_dags/example_xcomargs.py
[2022-03-03 15:23:43,532] {logging_mixin.py:109} INFO - [2022-03-03 15:23:43,532] {dag.py:2396} INFO - Sync 2 DAGs
[2022-03-03 15:23:43,545] {logging_mixin.py:109} INFO - [2022-03-03 15:23:43,545] {dag.py:2935} INFO - Setting next_dagrun for example_xcom_args to None
[2022-03-03 15:23:43,546] {logging_mixin.py:109} INFO - [2022-03-03 15:23:43,546] {dag.py:2935} INFO - Setting next_dagrun for example_xcom_args_with_operators to None
[2022-03-03 15:23:43,555] {processor.py:171} INFO - Processing /home/airflow/.local/lib/python3.7/site-packages/airflow/example_dags/example_xcomargs.py took 0.443 seconds
[2022-03-03 15:24:13,689] {processor.py:163} INFO - Started process (PID=680) to work on /home/airflow/.local/lib/python3.7/site-packages/airflow/example_dags/example_xcomargs.py
[2022-03-03 15:24:13,690] {processor.py:642} INFO - Processing file /home/airflow/.local/lib/python3.7/site-packages/airflow/example_dags/example_xcomargs.py for tasks to queue
[2022-03-03 15:24:13,692] {logging_mixin.py:109} INFO - [2022-03-03 15:24:13,692] {dagbag.py:500} INFO - Filling up the DagBag from /home/airflow/.local/lib/python3.7/site-packages/airflow/example_dags/example_xcomargs.py
[2022-03-03 15:24:13,747] {processor.py:654} INFO - DAG(s) dict_keys(['example_xcom_args', 'example_xcom_args_with_operators']) retrieved from /home/airflow/.local/lib/python3.7/site-packages/airflow/example_dags/example_xcomargs.py
[2022-03-03 15:24:14,039] {logging_mixin.py:109} INFO - [2022-03-03 15:24:14,039] {dag.py:2396} INFO - Sync 2 DAGs
[2022-03-03 15:24:14,051] {logging_mixin.py:109} INFO - [2022-03-03 15:24:14,051] {dag.py:2935} INFO - Setting next_dagrun for example_xcom_args to None
[2022-03-03 15:24:14,052] {logging_mixin.py:109} INFO - [2022-03-03 15:24:14,052] {dag.py:2935} INFO - Setting next_dagrun for example_xcom_args_with_operators to None
[2022-03-03 15:24:14,061] {processor.py:171} INFO - Processing /home/airflow/.local/lib/python3.7/site-packages/airflow/example_dags/example_xcomargs.py took 0.379 seconds
[2022-03-03 15:24:44,803] {processor.py:163} INFO - Started process (PID=734) to work on /home/airflow/.local/lib/python3.7/site-packages/airflow/example_dags/example_xcomargs.py
[2022-03-03 15:24:44,811] {processor.py:642} INFO - Processing file /home/airflow/.local/lib/python3.7/site-packages/airflow/example_dags/example_xcomargs.py for tasks to queue
[2022-03-03 15:24:44,812] {logging_mixin.py:109} INFO - [2022-03-03 15:24:44,812] {dagbag.py:500} INFO - Filling up the DagBag from /home/airflow/.local/lib/python3.7/site-packages/airflow/example_dags/example_xcomargs.py
[2022-03-03 15:24:44,884] {processor.py:654} INFO - DAG(s) dict_keys(['example_xcom_args', 'example_xcom_args_with_operators']) retrieved from /home/airflow/.local/lib/python3.7/site-packages/airflow/example_dags/example_xcomargs.py
[2022-03-03 15:24:45,452] {logging_mixin.py:109} INFO - [2022-03-03 15:24:45,452] {dag.py:2396} INFO - Sync 2 DAGs
[2022-03-03 15:24:45,480] {logging_mixin.py:109} INFO - [2022-03-03 15:24:45,480] {dag.py:2935} INFO - Setting next_dagrun for example_xcom_args to None
[2022-03-03 15:24:45,481] {logging_mixin.py:109} INFO - [2022-03-03 15:24:45,481] {dag.py:2935} INFO - Setting next_dagrun for example_xcom_args_with_operators to None
[2022-03-03 15:24:45,497] {processor.py:171} INFO - Processing /home/airflow/.local/lib/python3.7/site-packages/airflow/example_dags/example_xcomargs.py took 0.698 seconds
[2022-03-03 15:25:15,722] {processor.py:163} INFO - Started process (PID=795) to work on /home/airflow/.local/lib/python3.7/site-packages/airflow/example_dags/example_xcomargs.py
[2022-03-03 15:25:15,724] {processor.py:642} INFO - Processing file /home/airflow/.local/lib/python3.7/site-packages/airflow/example_dags/example_xcomargs.py for tasks to queue
[2022-03-03 15:25:15,728] {logging_mixin.py:109} INFO - [2022-03-03 15:25:15,728] {dagbag.py:500} INFO - Filling up the DagBag from /home/airflow/.local/lib/python3.7/site-packages/airflow/example_dags/example_xcomargs.py
[2022-03-03 15:25:15,820] {processor.py:654} INFO - DAG(s) dict_keys(['example_xcom_args', 'example_xcom_args_with_operators']) retrieved from /home/airflow/.local/lib/python3.7/site-packages/airflow/example_dags/example_xcomargs.py
[2022-03-03 15:25:17,072] {logging_mixin.py:109} INFO - [2022-03-03 15:25:17,072] {dag.py:2396} INFO - Sync 2 DAGs
[2022-03-03 15:25:17,136] {logging_mixin.py:109} INFO - [2022-03-03 15:25:17,136] {dag.py:2935} INFO - Setting next_dagrun for example_xcom_args to None
[2022-03-03 15:25:17,146] {logging_mixin.py:109} INFO - [2022-03-03 15:25:17,146] {dag.py:2935} INFO - Setting next_dagrun for example_xcom_args_with_operators to None
[2022-03-03 15:25:17,215] {processor.py:171} INFO - Processing /home/airflow/.local/lib/python3.7/site-packages/airflow/example_dags/example_xcomargs.py took 1.503 seconds
[2022-03-03 15:25:48,159] {processor.py:163} INFO - Started process (PID=853) to work on /home/airflow/.local/lib/python3.7/site-packages/airflow/example_dags/example_xcomargs.py
[2022-03-03 15:25:48,163] {processor.py:642} INFO - Processing file /home/airflow/.local/lib/python3.7/site-packages/airflow/example_dags/example_xcomargs.py for tasks to queue
[2022-03-03 15:25:48,166] {logging_mixin.py:109} INFO - [2022-03-03 15:25:48,166] {dagbag.py:500} INFO - Filling up the DagBag from /home/airflow/.local/lib/python3.7/site-packages/airflow/example_dags/example_xcomargs.py
[2022-03-03 15:25:48,209] {processor.py:654} INFO - DAG(s) dict_keys(['example_xcom_args', 'example_xcom_args_with_operators']) retrieved from /home/airflow/.local/lib/python3.7/site-packages/airflow/example_dags/example_xcomargs.py
[2022-03-03 15:25:48,561] {logging_mixin.py:109} INFO - [2022-03-03 15:25:48,561] {dag.py:2396} INFO - Sync 2 DAGs
[2022-03-03 15:25:48,578] {logging_mixin.py:109} INFO - [2022-03-03 15:25:48,577] {dag.py:2935} INFO - Setting next_dagrun for example_xcom_args to None
[2022-03-03 15:25:48,579] {logging_mixin.py:109} INFO - [2022-03-03 15:25:48,579] {dag.py:2935} INFO - Setting next_dagrun for example_xcom_args_with_operators to None
[2022-03-03 15:25:48,594] {processor.py:171} INFO - Processing /home/airflow/.local/lib/python3.7/site-packages/airflow/example_dags/example_xcomargs.py took 0.438 seconds
[2022-03-03 15:26:18,724] {processor.py:163} INFO - Started process (PID=908) to work on /home/airflow/.local/lib/python3.7/site-packages/airflow/example_dags/example_xcomargs.py
[2022-03-03 15:26:18,726] {processor.py:642} INFO - Processing file /home/airflow/.local/lib/python3.7/site-packages/airflow/example_dags/example_xcomargs.py for tasks to queue
[2022-03-03 15:26:18,728] {logging_mixin.py:109} INFO - [2022-03-03 15:26:18,727] {dagbag.py:500} INFO - Filling up the DagBag from /home/airflow/.local/lib/python3.7/site-packages/airflow/example_dags/example_xcomargs.py
[2022-03-03 15:26:18,761] {processor.py:654} INFO - DAG(s) dict_keys(['example_xcom_args', 'example_xcom_args_with_operators']) retrieved from /home/airflow/.local/lib/python3.7/site-packages/airflow/example_dags/example_xcomargs.py
[2022-03-03 15:26:19,067] {logging_mixin.py:109} INFO - [2022-03-03 15:26:19,067] {dag.py:2396} INFO - Sync 2 DAGs
[2022-03-03 15:26:19,084] {logging_mixin.py:109} INFO - [2022-03-03 15:26:19,084] {dag.py:2935} INFO - Setting next_dagrun for example_xcom_args to None
[2022-03-03 15:26:19,086] {logging_mixin.py:109} INFO - [2022-03-03 15:26:19,086] {dag.py:2935} INFO - Setting next_dagrun for example_xcom_args_with_operators to None
[2022-03-03 15:26:19,100] {processor.py:171} INFO - Processing /home/airflow/.local/lib/python3.7/site-packages/airflow/example_dags/example_xcomargs.py took 0.379 seconds
[2022-03-03 15:26:49,157] {processor.py:163} INFO - Started process (PID=962) to work on /home/airflow/.local/lib/python3.7/site-packages/airflow/example_dags/example_xcomargs.py
[2022-03-03 15:26:49,159] {processor.py:642} INFO - Processing file /home/airflow/.local/lib/python3.7/site-packages/airflow/example_dags/example_xcomargs.py for tasks to queue
[2022-03-03 15:26:49,160] {logging_mixin.py:109} INFO - [2022-03-03 15:26:49,160] {dagbag.py:500} INFO - Filling up the DagBag from /home/airflow/.local/lib/python3.7/site-packages/airflow/example_dags/example_xcomargs.py
[2022-03-03 15:26:49,196] {processor.py:654} INFO - DAG(s) dict_keys(['example_xcom_args', 'example_xcom_args_with_operators']) retrieved from /home/airflow/.local/lib/python3.7/site-packages/airflow/example_dags/example_xcomargs.py
[2022-03-03 15:26:49,482] {logging_mixin.py:109} INFO - [2022-03-03 15:26:49,482] {dag.py:2396} INFO - Sync 2 DAGs
[2022-03-03 15:26:49,497] {logging_mixin.py:109} INFO - [2022-03-03 15:26:49,497] {dag.py:2935} INFO - Setting next_dagrun for example_xcom_args to None
[2022-03-03 15:26:49,498] {logging_mixin.py:109} INFO - [2022-03-03 15:26:49,498] {dag.py:2935} INFO - Setting next_dagrun for example_xcom_args_with_operators to None
[2022-03-03 15:26:49,509] {processor.py:171} INFO - Processing /home/airflow/.local/lib/python3.7/site-packages/airflow/example_dags/example_xcomargs.py took 0.357 seconds
[2022-03-03 15:27:19,651] {processor.py:163} INFO - Started process (PID=1027) to work on /home/airflow/.local/lib/python3.7/site-packages/airflow/example_dags/example_xcomargs.py
[2022-03-03 15:27:19,658] {processor.py:642} INFO - Processing file /home/airflow/.local/lib/python3.7/site-packages/airflow/example_dags/example_xcomargs.py for tasks to queue
[2022-03-03 15:27:19,665] {logging_mixin.py:109} INFO - [2022-03-03 15:27:19,663] {dagbag.py:500} INFO - Filling up the DagBag from /home/airflow/.local/lib/python3.7/site-packages/airflow/example_dags/example_xcomargs.py
[2022-03-03 15:27:19,842] {processor.py:654} INFO - DAG(s) dict_keys(['example_xcom_args', 'example_xcom_args_with_operators']) retrieved from /home/airflow/.local/lib/python3.7/site-packages/airflow/example_dags/example_xcomargs.py
[2022-03-03 15:27:20,713] {logging_mixin.py:109} INFO - [2022-03-03 15:27:20,712] {dag.py:2396} INFO - Sync 2 DAGs
[2022-03-03 15:27:20,778] {logging_mixin.py:109} INFO - [2022-03-03 15:27:20,778] {dag.py:2935} INFO - Setting next_dagrun for example_xcom_args to None
[2022-03-03 15:27:20,780] {logging_mixin.py:109} INFO - [2022-03-03 15:27:20,779] {dag.py:2935} INFO - Setting next_dagrun for example_xcom_args_with_operators to None
[2022-03-03 15:27:20,789] {processor.py:171} INFO - Processing /home/airflow/.local/lib/python3.7/site-packages/airflow/example_dags/example_xcomargs.py took 1.167 seconds
[2022-03-03 15:27:51,744] {processor.py:163} INFO - Started process (PID=1086) to work on /home/airflow/.local/lib/python3.7/site-packages/airflow/example_dags/example_xcomargs.py
[2022-03-03 15:27:51,746] {processor.py:642} INFO - Processing file /home/airflow/.local/lib/python3.7/site-packages/airflow/example_dags/example_xcomargs.py for tasks to queue
[2022-03-03 15:27:51,747] {logging_mixin.py:109} INFO - [2022-03-03 15:27:51,747] {dagbag.py:500} INFO - Filling up the DagBag from /home/airflow/.local/lib/python3.7/site-packages/airflow/example_dags/example_xcomargs.py
[2022-03-03 15:27:51,808] {processor.py:654} INFO - DAG(s) dict_keys(['example_xcom_args', 'example_xcom_args_with_operators']) retrieved from /home/airflow/.local/lib/python3.7/site-packages/airflow/example_dags/example_xcomargs.py
[2022-03-03 15:27:52,093] {logging_mixin.py:109} INFO - [2022-03-03 15:27:52,093] {dag.py:2396} INFO - Sync 2 DAGs
[2022-03-03 15:27:52,110] {logging_mixin.py:109} INFO - [2022-03-03 15:27:52,110] {dag.py:2935} INFO - Setting next_dagrun for example_xcom_args to None
[2022-03-03 15:27:52,112] {logging_mixin.py:109} INFO - [2022-03-03 15:27:52,112] {dag.py:2935} INFO - Setting next_dagrun for example_xcom_args_with_operators to None
[2022-03-03 15:27:52,127] {processor.py:171} INFO - Processing /home/airflow/.local/lib/python3.7/site-packages/airflow/example_dags/example_xcomargs.py took 0.393 seconds
[2022-03-03 15:28:22,735] {processor.py:163} INFO - Started process (PID=1143) to work on /home/airflow/.local/lib/python3.7/site-packages/airflow/example_dags/example_xcomargs.py
[2022-03-03 15:28:22,737] {processor.py:642} INFO - Processing file /home/airflow/.local/lib/python3.7/site-packages/airflow/example_dags/example_xcomargs.py for tasks to queue
[2022-03-03 15:28:22,738] {logging_mixin.py:109} INFO - [2022-03-03 15:28:22,738] {dagbag.py:500} INFO - Filling up the DagBag from /home/airflow/.local/lib/python3.7/site-packages/airflow/example_dags/example_xcomargs.py
[2022-03-03 15:28:22,831] {processor.py:654} INFO - DAG(s) dict_keys(['example_xcom_args', 'example_xcom_args_with_operators']) retrieved from /home/airflow/.local/lib/python3.7/site-packages/airflow/example_dags/example_xcomargs.py
[2022-03-03 15:28:23,306] {logging_mixin.py:109} INFO - [2022-03-03 15:28:23,306] {dag.py:2396} INFO - Sync 2 DAGs
[2022-03-03 15:28:23,323] {logging_mixin.py:109} INFO - [2022-03-03 15:28:23,323] {dag.py:2935} INFO - Setting next_dagrun for example_xcom_args to None
[2022-03-03 15:28:23,324] {logging_mixin.py:109} INFO - [2022-03-03 15:28:23,324] {dag.py:2935} INFO - Setting next_dagrun for example_xcom_args_with_operators to None
[2022-03-03 15:28:23,335] {processor.py:171} INFO - Processing /home/airflow/.local/lib/python3.7/site-packages/airflow/example_dags/example_xcomargs.py took 0.603 seconds
[2022-03-03 15:28:55,197] {processor.py:163} INFO - Started process (PID=1195) to work on /home/airflow/.local/lib/python3.7/site-packages/airflow/example_dags/example_xcomargs.py
[2022-03-03 15:28:55,225] {processor.py:642} INFO - Processing file /home/airflow/.local/lib/python3.7/site-packages/airflow/example_dags/example_xcomargs.py for tasks to queue
[2022-03-03 15:28:55,241] {logging_mixin.py:109} INFO - [2022-03-03 15:28:55,241] {dagbag.py:500} INFO - Filling up the DagBag from /home/airflow/.local/lib/python3.7/site-packages/airflow/example_dags/example_xcomargs.py
[2022-03-03 15:28:55,559] {processor.py:654} INFO - DAG(s) dict_keys(['example_xcom_args', 'example_xcom_args_with_operators']) retrieved from /home/airflow/.local/lib/python3.7/site-packages/airflow/example_dags/example_xcomargs.py
[2022-03-03 15:28:57,882] {logging_mixin.py:109} INFO - [2022-03-03 15:28:57,881] {dag.py:2396} INFO - Sync 2 DAGs
[2022-03-03 15:28:58,020] {logging_mixin.py:109} INFO - [2022-03-03 15:28:58,020] {dag.py:2935} INFO - Setting next_dagrun for example_xcom_args to None
[2022-03-03 15:28:58,021] {logging_mixin.py:109} INFO - [2022-03-03 15:28:58,021] {dag.py:2935} INFO - Setting next_dagrun for example_xcom_args_with_operators to None
[2022-03-03 15:28:58,093] {processor.py:171} INFO - Processing /home/airflow/.local/lib/python3.7/site-packages/airflow/example_dags/example_xcomargs.py took 2.954 seconds
[2022-03-03 15:29:28,220] {processor.py:163} INFO - Started process (PID=1237) to work on /home/airflow/.local/lib/python3.7/site-packages/airflow/example_dags/example_xcomargs.py
[2022-03-03 15:29:28,225] {processor.py:642} INFO - Processing file /home/airflow/.local/lib/python3.7/site-packages/airflow/example_dags/example_xcomargs.py for tasks to queue
[2022-03-03 15:29:28,226] {logging_mixin.py:109} INFO - [2022-03-03 15:29:28,226] {dagbag.py:500} INFO - Filling up the DagBag from /home/airflow/.local/lib/python3.7/site-packages/airflow/example_dags/example_xcomargs.py
[2022-03-03 15:29:28,351] {processor.py:654} INFO - DAG(s) dict_keys(['example_xcom_args', 'example_xcom_args_with_operators']) retrieved from /home/airflow/.local/lib/python3.7/site-packages/airflow/example_dags/example_xcomargs.py
[2022-03-03 15:29:30,002] {logging_mixin.py:109} INFO - [2022-03-03 15:29:30,001] {dag.py:2396} INFO - Sync 2 DAGs
[2022-03-03 15:29:30,033] {logging_mixin.py:109} INFO - [2022-03-03 15:29:30,033] {dag.py:2935} INFO - Setting next_dagrun for example_xcom_args to None
[2022-03-03 15:29:30,034] {logging_mixin.py:109} INFO - [2022-03-03 15:29:30,034] {dag.py:2935} INFO - Setting next_dagrun for example_xcom_args_with_operators to None
[2022-03-03 15:29:30,045] {processor.py:171} INFO - Processing /home/airflow/.local/lib/python3.7/site-packages/airflow/example_dags/example_xcomargs.py took 1.831 seconds
[2022-03-03 15:30:00,661] {processor.py:163} INFO - Started process (PID=1303) to work on /home/airflow/.local/lib/python3.7/site-packages/airflow/example_dags/example_xcomargs.py
[2022-03-03 15:30:00,664] {processor.py:642} INFO - Processing file /home/airflow/.local/lib/python3.7/site-packages/airflow/example_dags/example_xcomargs.py for tasks to queue
[2022-03-03 15:30:00,665] {logging_mixin.py:109} INFO - [2022-03-03 15:30:00,665] {dagbag.py:500} INFO - Filling up the DagBag from /home/airflow/.local/lib/python3.7/site-packages/airflow/example_dags/example_xcomargs.py
[2022-03-03 15:30:00,712] {processor.py:654} INFO - DAG(s) dict_keys(['example_xcom_args', 'example_xcom_args_with_operators']) retrieved from /home/airflow/.local/lib/python3.7/site-packages/airflow/example_dags/example_xcomargs.py
[2022-03-03 15:30:00,739] {logging_mixin.py:109} INFO - [2022-03-03 15:30:00,739] {dag.py:2396} INFO - Sync 2 DAGs
[2022-03-03 15:30:00,859] {logging_mixin.py:109} INFO - [2022-03-03 15:30:00,859] {dag.py:2935} INFO - Setting next_dagrun for example_xcom_args to None
[2022-03-03 15:30:00,860] {logging_mixin.py:109} INFO - [2022-03-03 15:30:00,860] {dag.py:2935} INFO - Setting next_dagrun for example_xcom_args_with_operators to None
[2022-03-03 15:30:00,903] {processor.py:171} INFO - Processing /home/airflow/.local/lib/python3.7/site-packages/airflow/example_dags/example_xcomargs.py took 0.253 seconds
[2022-03-03 15:30:31,016] {processor.py:163} INFO - Started process (PID=1356) to work on /home/airflow/.local/lib/python3.7/site-packages/airflow/example_dags/example_xcomargs.py
[2022-03-03 15:30:31,018] {processor.py:642} INFO - Processing file /home/airflow/.local/lib/python3.7/site-packages/airflow/example_dags/example_xcomargs.py for tasks to queue
[2022-03-03 15:30:31,020] {logging_mixin.py:109} INFO - [2022-03-03 15:30:31,020] {dagbag.py:500} INFO - Filling up the DagBag from /home/airflow/.local/lib/python3.7/site-packages/airflow/example_dags/example_xcomargs.py
[2022-03-03 15:30:31,077] {processor.py:654} INFO - DAG(s) dict_keys(['example_xcom_args', 'example_xcom_args_with_operators']) retrieved from /home/airflow/.local/lib/python3.7/site-packages/airflow/example_dags/example_xcomargs.py
[2022-03-03 15:30:31,468] {logging_mixin.py:109} INFO - [2022-03-03 15:30:31,468] {dag.py:2396} INFO - Sync 2 DAGs
[2022-03-03 15:30:31,481] {logging_mixin.py:109} INFO - [2022-03-03 15:30:31,481] {dag.py:2935} INFO - Setting next_dagrun for example_xcom_args to None
[2022-03-03 15:30:31,482] {logging_mixin.py:109} INFO - [2022-03-03 15:30:31,482] {dag.py:2935} INFO - Setting next_dagrun for example_xcom_args_with_operators to None
[2022-03-03 15:30:31,491] {processor.py:171} INFO - Processing /home/airflow/.local/lib/python3.7/site-packages/airflow/example_dags/example_xcomargs.py took 0.478 seconds
[2022-03-03 15:31:01,943] {processor.py:163} INFO - Started process (PID=1415) to work on /home/airflow/.local/lib/python3.7/site-packages/airflow/example_dags/example_xcomargs.py
[2022-03-03 15:31:01,946] {processor.py:642} INFO - Processing file /home/airflow/.local/lib/python3.7/site-packages/airflow/example_dags/example_xcomargs.py for tasks to queue
[2022-03-03 15:31:01,949] {logging_mixin.py:109} INFO - [2022-03-03 15:31:01,949] {dagbag.py:500} INFO - Filling up the DagBag from /home/airflow/.local/lib/python3.7/site-packages/airflow/example_dags/example_xcomargs.py
[2022-03-03 15:31:02,035] {processor.py:654} INFO - DAG(s) dict_keys(['example_xcom_args', 'example_xcom_args_with_operators']) retrieved from /home/airflow/.local/lib/python3.7/site-packages/airflow/example_dags/example_xcomargs.py
[2022-03-03 15:31:02,637] {logging_mixin.py:109} INFO - [2022-03-03 15:31:02,637] {dag.py:2396} INFO - Sync 2 DAGs
[2022-03-03 15:31:02,673] {logging_mixin.py:109} INFO - [2022-03-03 15:31:02,673] {dag.py:2935} INFO - Setting next_dagrun for example_xcom_args to None
[2022-03-03 15:31:02,675] {logging_mixin.py:109} INFO - [2022-03-03 15:31:02,674] {dag.py:2935} INFO - Setting next_dagrun for example_xcom_args_with_operators to None
[2022-03-03 15:31:02,714] {processor.py:171} INFO - Processing /home/airflow/.local/lib/python3.7/site-packages/airflow/example_dags/example_xcomargs.py took 0.786 seconds
[2022-03-03 15:31:33,291] {processor.py:163} INFO - Started process (PID=1476) to work on /home/airflow/.local/lib/python3.7/site-packages/airflow/example_dags/example_xcomargs.py
[2022-03-03 15:31:33,294] {processor.py:642} INFO - Processing file /home/airflow/.local/lib/python3.7/site-packages/airflow/example_dags/example_xcomargs.py for tasks to queue
[2022-03-03 15:31:33,296] {logging_mixin.py:109} INFO - [2022-03-03 15:31:33,296] {dagbag.py:500} INFO - Filling up the DagBag from /home/airflow/.local/lib/python3.7/site-packages/airflow/example_dags/example_xcomargs.py
[2022-03-03 15:31:33,341] {processor.py:654} INFO - DAG(s) dict_keys(['example_xcom_args', 'example_xcom_args_with_operators']) retrieved from /home/airflow/.local/lib/python3.7/site-packages/airflow/example_dags/example_xcomargs.py
[2022-03-03 15:31:34,377] {logging_mixin.py:109} INFO - [2022-03-03 15:31:34,377] {dag.py:2396} INFO - Sync 2 DAGs
[2022-03-03 15:31:34,417] {logging_mixin.py:109} INFO - [2022-03-03 15:31:34,416] {dag.py:2935} INFO - Setting next_dagrun for example_xcom_args to None
[2022-03-03 15:31:34,418] {logging_mixin.py:109} INFO - [2022-03-03 15:31:34,418] {dag.py:2935} INFO - Setting next_dagrun for example_xcom_args_with_operators to None
[2022-03-03 15:31:34,440] {processor.py:171} INFO - Processing /home/airflow/.local/lib/python3.7/site-packages/airflow/example_dags/example_xcomargs.py took 1.153 seconds
[2022-03-03 15:32:04,703] {processor.py:163} INFO - Started process (PID=1542) to work on /home/airflow/.local/lib/python3.7/site-packages/airflow/example_dags/example_xcomargs.py
[2022-03-03 15:32:04,710] {processor.py:642} INFO - Processing file /home/airflow/.local/lib/python3.7/site-packages/airflow/example_dags/example_xcomargs.py for tasks to queue
[2022-03-03 15:32:04,716] {logging_mixin.py:109} INFO - [2022-03-03 15:32:04,716] {dagbag.py:500} INFO - Filling up the DagBag from /home/airflow/.local/lib/python3.7/site-packages/airflow/example_dags/example_xcomargs.py
[2022-03-03 15:32:05,029] {processor.py:654} INFO - DAG(s) dict_keys(['example_xcom_args', 'example_xcom_args_with_operators']) retrieved from /home/airflow/.local/lib/python3.7/site-packages/airflow/example_dags/example_xcomargs.py
[2022-03-03 15:32:05,787] {logging_mixin.py:109} INFO - [2022-03-03 15:32:05,787] {dag.py:2396} INFO - Sync 2 DAGs
[2022-03-03 15:32:05,809] {logging_mixin.py:109} INFO - [2022-03-03 15:32:05,809] {dag.py:2935} INFO - Setting next_dagrun for example_xcom_args to None
[2022-03-03 15:32:05,810] {logging_mixin.py:109} INFO - [2022-03-03 15:32:05,810] {dag.py:2935} INFO - Setting next_dagrun for example_xcom_args_with_operators to None
[2022-03-03 15:32:05,827] {processor.py:171} INFO - Processing /home/airflow/.local/lib/python3.7/site-packages/airflow/example_dags/example_xcomargs.py took 1.127 seconds
[2022-03-03 15:32:36,344] {processor.py:163} INFO - Started process (PID=1597) to work on /home/airflow/.local/lib/python3.7/site-packages/airflow/example_dags/example_xcomargs.py
[2022-03-03 15:32:36,352] {processor.py:642} INFO - Processing file /home/airflow/.local/lib/python3.7/site-packages/airflow/example_dags/example_xcomargs.py for tasks to queue
[2022-03-03 15:32:36,357] {logging_mixin.py:109} INFO - [2022-03-03 15:32:36,357] {dagbag.py:500} INFO - Filling up the DagBag from /home/airflow/.local/lib/python3.7/site-packages/airflow/example_dags/example_xcomargs.py
[2022-03-03 15:32:36,542] {processor.py:654} INFO - DAG(s) dict_keys(['example_xcom_args', 'example_xcom_args_with_operators']) retrieved from /home/airflow/.local/lib/python3.7/site-packages/airflow/example_dags/example_xcomargs.py
[2022-03-03 15:32:36,787] {logging_mixin.py:109} INFO - [2022-03-03 15:32:36,787] {dag.py:2396} INFO - Sync 2 DAGs
[2022-03-03 15:32:36,819] {logging_mixin.py:109} INFO - [2022-03-03 15:32:36,819] {dag.py:2935} INFO - Setting next_dagrun for example_xcom_args to None
[2022-03-03 15:32:36,822] {logging_mixin.py:109} INFO - [2022-03-03 15:32:36,822] {dag.py:2935} INFO - Setting next_dagrun for example_xcom_args_with_operators to None
[2022-03-03 15:32:36,834] {processor.py:171} INFO - Processing /home/airflow/.local/lib/python3.7/site-packages/airflow/example_dags/example_xcomargs.py took 0.494 seconds
[2022-03-03 15:33:07,108] {processor.py:163} INFO - Started process (PID=1655) to work on /home/airflow/.local/lib/python3.7/site-packages/airflow/example_dags/example_xcomargs.py
[2022-03-03 15:33:07,115] {processor.py:642} INFO - Processing file /home/airflow/.local/lib/python3.7/site-packages/airflow/example_dags/example_xcomargs.py for tasks to queue
[2022-03-03 15:33:07,118] {logging_mixin.py:109} INFO - [2022-03-03 15:33:07,118] {dagbag.py:500} INFO - Filling up the DagBag from /home/airflow/.local/lib/python3.7/site-packages/airflow/example_dags/example_xcomargs.py
[2022-03-03 15:33:07,349] {processor.py:654} INFO - DAG(s) dict_keys(['example_xcom_args', 'example_xcom_args_with_operators']) retrieved from /home/airflow/.local/lib/python3.7/site-packages/airflow/example_dags/example_xcomargs.py
[2022-03-03 15:33:07,581] {logging_mixin.py:109} INFO - [2022-03-03 15:33:07,581] {dag.py:2396} INFO - Sync 2 DAGs
[2022-03-03 15:33:07,595] {logging_mixin.py:109} INFO - [2022-03-03 15:33:07,595] {dag.py:2935} INFO - Setting next_dagrun for example_xcom_args to None
[2022-03-03 15:33:07,596] {logging_mixin.py:109} INFO - [2022-03-03 15:33:07,596] {dag.py:2935} INFO - Setting next_dagrun for example_xcom_args_with_operators to None
[2022-03-03 15:33:07,615] {processor.py:171} INFO - Processing /home/airflow/.local/lib/python3.7/site-packages/airflow/example_dags/example_xcomargs.py took 0.521 seconds
[2022-03-03 15:33:38,369] {processor.py:163} INFO - Started process (PID=1711) to work on /home/airflow/.local/lib/python3.7/site-packages/airflow/example_dags/example_xcomargs.py
[2022-03-03 15:33:38,372] {processor.py:642} INFO - Processing file /home/airflow/.local/lib/python3.7/site-packages/airflow/example_dags/example_xcomargs.py for tasks to queue
[2022-03-03 15:33:38,374] {logging_mixin.py:109} INFO - [2022-03-03 15:33:38,374] {dagbag.py:500} INFO - Filling up the DagBag from /home/airflow/.local/lib/python3.7/site-packages/airflow/example_dags/example_xcomargs.py
[2022-03-03 15:33:38,513] {processor.py:654} INFO - DAG(s) dict_keys(['example_xcom_args', 'example_xcom_args_with_operators']) retrieved from /home/airflow/.local/lib/python3.7/site-packages/airflow/example_dags/example_xcomargs.py
[2022-03-03 15:33:38,936] {logging_mixin.py:109} INFO - [2022-03-03 15:33:38,936] {dag.py:2396} INFO - Sync 2 DAGs
[2022-03-03 15:33:38,961] {logging_mixin.py:109} INFO - [2022-03-03 15:33:38,961] {dag.py:2935} INFO - Setting next_dagrun for example_xcom_args to None
[2022-03-03 15:33:38,965] {logging_mixin.py:109} INFO - [2022-03-03 15:33:38,965] {dag.py:2935} INFO - Setting next_dagrun for example_xcom_args_with_operators to None
[2022-03-03 15:33:38,988] {processor.py:171} INFO - Processing /home/airflow/.local/lib/python3.7/site-packages/airflow/example_dags/example_xcomargs.py took 0.629 seconds
[2022-03-03 15:34:09,635] {processor.py:163} INFO - Started process (PID=1771) to work on /home/airflow/.local/lib/python3.7/site-packages/airflow/example_dags/example_xcomargs.py
[2022-03-03 15:34:09,638] {processor.py:642} INFO - Processing file /home/airflow/.local/lib/python3.7/site-packages/airflow/example_dags/example_xcomargs.py for tasks to queue
[2022-03-03 15:34:09,640] {logging_mixin.py:109} INFO - [2022-03-03 15:34:09,640] {dagbag.py:500} INFO - Filling up the DagBag from /home/airflow/.local/lib/python3.7/site-packages/airflow/example_dags/example_xcomargs.py
[2022-03-03 15:34:09,763] {processor.py:654} INFO - DAG(s) dict_keys(['example_xcom_args', 'example_xcom_args_with_operators']) retrieved from /home/airflow/.local/lib/python3.7/site-packages/airflow/example_dags/example_xcomargs.py
[2022-03-03 15:34:10,099] {logging_mixin.py:109} INFO - [2022-03-03 15:34:10,099] {dag.py:2396} INFO - Sync 2 DAGs
[2022-03-03 15:34:10,124] {logging_mixin.py:109} INFO - [2022-03-03 15:34:10,124] {dag.py:2935} INFO - Setting next_dagrun for example_xcom_args to None
[2022-03-03 15:34:10,125] {logging_mixin.py:109} INFO - [2022-03-03 15:34:10,125] {dag.py:2935} INFO - Setting next_dagrun for example_xcom_args_with_operators to None
[2022-03-03 15:34:10,141] {processor.py:171} INFO - Processing /home/airflow/.local/lib/python3.7/site-packages/airflow/example_dags/example_xcomargs.py took 0.511 seconds
[2022-03-03 15:34:40,236] {processor.py:163} INFO - Started process (PID=1826) to work on /home/airflow/.local/lib/python3.7/site-packages/airflow/example_dags/example_xcomargs.py
[2022-03-03 15:34:40,238] {processor.py:642} INFO - Processing file /home/airflow/.local/lib/python3.7/site-packages/airflow/example_dags/example_xcomargs.py for tasks to queue
[2022-03-03 15:34:40,239] {logging_mixin.py:109} INFO - [2022-03-03 15:34:40,239] {dagbag.py:500} INFO - Filling up the DagBag from /home/airflow/.local/lib/python3.7/site-packages/airflow/example_dags/example_xcomargs.py
[2022-03-03 15:34:40,292] {processor.py:654} INFO - DAG(s) dict_keys(['example_xcom_args', 'example_xcom_args_with_operators']) retrieved from /home/airflow/.local/lib/python3.7/site-packages/airflow/example_dags/example_xcomargs.py
[2022-03-03 15:34:40,572] {logging_mixin.py:109} INFO - [2022-03-03 15:34:40,572] {dag.py:2396} INFO - Sync 2 DAGs
[2022-03-03 15:34:40,591] {logging_mixin.py:109} INFO - [2022-03-03 15:34:40,591] {dag.py:2935} INFO - Setting next_dagrun for example_xcom_args to None
[2022-03-03 15:34:40,592] {logging_mixin.py:109} INFO - [2022-03-03 15:34:40,592] {dag.py:2935} INFO - Setting next_dagrun for example_xcom_args_with_operators to None
[2022-03-03 15:34:40,602] {processor.py:171} INFO - Processing /home/airflow/.local/lib/python3.7/site-packages/airflow/example_dags/example_xcomargs.py took 0.369 seconds
[2022-03-03 15:35:10,839] {processor.py:163} INFO - Started process (PID=1889) to work on /home/airflow/.local/lib/python3.7/site-packages/airflow/example_dags/example_xcomargs.py
[2022-03-03 15:35:10,848] {processor.py:642} INFO - Processing file /home/airflow/.local/lib/python3.7/site-packages/airflow/example_dags/example_xcomargs.py for tasks to queue
[2022-03-03 15:35:10,853] {logging_mixin.py:109} INFO - [2022-03-03 15:35:10,852] {dagbag.py:500} INFO - Filling up the DagBag from /home/airflow/.local/lib/python3.7/site-packages/airflow/example_dags/example_xcomargs.py
[2022-03-03 15:35:11,078] {processor.py:654} INFO - DAG(s) dict_keys(['example_xcom_args', 'example_xcom_args_with_operators']) retrieved from /home/airflow/.local/lib/python3.7/site-packages/airflow/example_dags/example_xcomargs.py
[2022-03-03 15:35:11,716] {logging_mixin.py:109} INFO - [2022-03-03 15:35:11,716] {dag.py:2396} INFO - Sync 2 DAGs
[2022-03-03 15:35:11,798] {logging_mixin.py:109} INFO - [2022-03-03 15:35:11,798] {dag.py:2935} INFO - Setting next_dagrun for example_xcom_args to None
[2022-03-03 15:35:11,801] {logging_mixin.py:109} INFO - [2022-03-03 15:35:11,801] {dag.py:2935} INFO - Setting next_dagrun for example_xcom_args_with_operators to None
[2022-03-03 15:35:11,857] {processor.py:171} INFO - Processing /home/airflow/.local/lib/python3.7/site-packages/airflow/example_dags/example_xcomargs.py took 1.039 seconds
[2022-03-03 15:35:42,524] {processor.py:163} INFO - Started process (PID=1950) to work on /home/airflow/.local/lib/python3.7/site-packages/airflow/example_dags/example_xcomargs.py
[2022-03-03 15:35:42,526] {processor.py:642} INFO - Processing file /home/airflow/.local/lib/python3.7/site-packages/airflow/example_dags/example_xcomargs.py for tasks to queue
[2022-03-03 15:35:42,528] {logging_mixin.py:109} INFO - [2022-03-03 15:35:42,528] {dagbag.py:500} INFO - Filling up the DagBag from /home/airflow/.local/lib/python3.7/site-packages/airflow/example_dags/example_xcomargs.py
[2022-03-03 15:35:42,566] {processor.py:654} INFO - DAG(s) dict_keys(['example_xcom_args', 'example_xcom_args_with_operators']) retrieved from /home/airflow/.local/lib/python3.7/site-packages/airflow/example_dags/example_xcomargs.py
[2022-03-03 15:35:42,826] {logging_mixin.py:109} INFO - [2022-03-03 15:35:42,825] {dag.py:2396} INFO - Sync 2 DAGs
[2022-03-03 15:35:42,844] {logging_mixin.py:109} INFO - [2022-03-03 15:35:42,844] {dag.py:2935} INFO - Setting next_dagrun for example_xcom_args to None
[2022-03-03 15:35:42,845] {logging_mixin.py:109} INFO - [2022-03-03 15:35:42,845] {dag.py:2935} INFO - Setting next_dagrun for example_xcom_args_with_operators to None
[2022-03-03 15:35:42,858] {processor.py:171} INFO - Processing /home/airflow/.local/lib/python3.7/site-packages/airflow/example_dags/example_xcomargs.py took 0.339 seconds
[2022-03-03 15:36:13,052] {processor.py:163} INFO - Started process (PID=2009) to work on /home/airflow/.local/lib/python3.7/site-packages/airflow/example_dags/example_xcomargs.py
[2022-03-03 15:36:13,053] {processor.py:642} INFO - Processing file /home/airflow/.local/lib/python3.7/site-packages/airflow/example_dags/example_xcomargs.py for tasks to queue
[2022-03-03 15:36:13,055] {logging_mixin.py:109} INFO - [2022-03-03 15:36:13,055] {dagbag.py:500} INFO - Filling up the DagBag from /home/airflow/.local/lib/python3.7/site-packages/airflow/example_dags/example_xcomargs.py
[2022-03-03 15:36:13,088] {processor.py:654} INFO - DAG(s) dict_keys(['example_xcom_args', 'example_xcom_args_with_operators']) retrieved from /home/airflow/.local/lib/python3.7/site-packages/airflow/example_dags/example_xcomargs.py
[2022-03-03 15:36:13,437] {logging_mixin.py:109} INFO - [2022-03-03 15:36:13,437] {dag.py:2396} INFO - Sync 2 DAGs
[2022-03-03 15:36:13,468] {logging_mixin.py:109} INFO - [2022-03-03 15:36:13,468] {dag.py:2935} INFO - Setting next_dagrun for example_xcom_args to None
[2022-03-03 15:36:13,472] {logging_mixin.py:109} INFO - [2022-03-03 15:36:13,472] {dag.py:2935} INFO - Setting next_dagrun for example_xcom_args_with_operators to None
[2022-03-03 15:36:13,485] {processor.py:171} INFO - Processing /home/airflow/.local/lib/python3.7/site-packages/airflow/example_dags/example_xcomargs.py took 0.437 seconds
[2022-03-03 15:36:44,276] {processor.py:163} INFO - Started process (PID=2064) to work on /home/airflow/.local/lib/python3.7/site-packages/airflow/example_dags/example_xcomargs.py
[2022-03-03 15:36:44,279] {processor.py:642} INFO - Processing file /home/airflow/.local/lib/python3.7/site-packages/airflow/example_dags/example_xcomargs.py for tasks to queue
[2022-03-03 15:36:44,280] {logging_mixin.py:109} INFO - [2022-03-03 15:36:44,280] {dagbag.py:500} INFO - Filling up the DagBag from /home/airflow/.local/lib/python3.7/site-packages/airflow/example_dags/example_xcomargs.py
[2022-03-03 15:36:44,346] {processor.py:654} INFO - DAG(s) dict_keys(['example_xcom_args', 'example_xcom_args_with_operators']) retrieved from /home/airflow/.local/lib/python3.7/site-packages/airflow/example_dags/example_xcomargs.py
[2022-03-03 15:36:44,568] {logging_mixin.py:109} INFO - [2022-03-03 15:36:44,568] {dag.py:2396} INFO - Sync 2 DAGs
[2022-03-03 15:36:44,594] {logging_mixin.py:109} INFO - [2022-03-03 15:36:44,593] {dag.py:2935} INFO - Setting next_dagrun for example_xcom_args to None
[2022-03-03 15:36:44,594] {logging_mixin.py:109} INFO - [2022-03-03 15:36:44,594] {dag.py:2935} INFO - Setting next_dagrun for example_xcom_args_with_operators to None
[2022-03-03 15:36:44,603] {processor.py:171} INFO - Processing /home/airflow/.local/lib/python3.7/site-packages/airflow/example_dags/example_xcomargs.py took 0.333 seconds
[2022-03-03 15:37:14,934] {processor.py:163} INFO - Started process (PID=2132) to work on /home/airflow/.local/lib/python3.7/site-packages/airflow/example_dags/example_xcomargs.py
[2022-03-03 15:37:14,943] {processor.py:642} INFO - Processing file /home/airflow/.local/lib/python3.7/site-packages/airflow/example_dags/example_xcomargs.py for tasks to queue
[2022-03-03 15:37:14,944] {logging_mixin.py:109} INFO - [2022-03-03 15:37:14,944] {dagbag.py:500} INFO - Filling up the DagBag from /home/airflow/.local/lib/python3.7/site-packages/airflow/example_dags/example_xcomargs.py
[2022-03-03 15:37:15,028] {processor.py:654} INFO - DAG(s) dict_keys(['example_xcom_args', 'example_xcom_args_with_operators']) retrieved from /home/airflow/.local/lib/python3.7/site-packages/airflow/example_dags/example_xcomargs.py
[2022-03-03 15:37:15,738] {logging_mixin.py:109} INFO - [2022-03-03 15:37:15,738] {dag.py:2396} INFO - Sync 2 DAGs
[2022-03-03 15:37:15,759] {logging_mixin.py:109} INFO - [2022-03-03 15:37:15,759] {dag.py:2935} INFO - Setting next_dagrun for example_xcom_args to None
[2022-03-03 15:37:15,763] {logging_mixin.py:109} INFO - [2022-03-03 15:37:15,763] {dag.py:2935} INFO - Setting next_dagrun for example_xcom_args_with_operators to None
[2022-03-03 15:37:15,788] {processor.py:171} INFO - Processing /home/airflow/.local/lib/python3.7/site-packages/airflow/example_dags/example_xcomargs.py took 0.864 seconds
[2022-03-03 15:37:46,087] {processor.py:163} INFO - Started process (PID=2187) to work on /home/airflow/.local/lib/python3.7/site-packages/airflow/example_dags/example_xcomargs.py
[2022-03-03 15:37:46,089] {processor.py:642} INFO - Processing file /home/airflow/.local/lib/python3.7/site-packages/airflow/example_dags/example_xcomargs.py for tasks to queue
[2022-03-03 15:37:46,094] {logging_mixin.py:109} INFO - [2022-03-03 15:37:46,093] {dagbag.py:500} INFO - Filling up the DagBag from /home/airflow/.local/lib/python3.7/site-packages/airflow/example_dags/example_xcomargs.py
[2022-03-03 15:37:46,136] {processor.py:654} INFO - DAG(s) dict_keys(['example_xcom_args', 'example_xcom_args_with_operators']) retrieved from /home/airflow/.local/lib/python3.7/site-packages/airflow/example_dags/example_xcomargs.py
[2022-03-03 15:37:46,475] {logging_mixin.py:109} INFO - [2022-03-03 15:37:46,475] {dag.py:2396} INFO - Sync 2 DAGs
[2022-03-03 15:37:46,493] {logging_mixin.py:109} INFO - [2022-03-03 15:37:46,493] {dag.py:2935} INFO - Setting next_dagrun for example_xcom_args to None
[2022-03-03 15:37:46,494] {logging_mixin.py:109} INFO - [2022-03-03 15:37:46,494] {dag.py:2935} INFO - Setting next_dagrun for example_xcom_args_with_operators to None
[2022-03-03 15:37:46,506] {processor.py:171} INFO - Processing /home/airflow/.local/lib/python3.7/site-packages/airflow/example_dags/example_xcomargs.py took 0.426 seconds
[2022-03-03 15:38:17,516] {processor.py:163} INFO - Started process (PID=2243) to work on /home/airflow/.local/lib/python3.7/site-packages/airflow/example_dags/example_xcomargs.py
[2022-03-03 15:38:17,518] {processor.py:642} INFO - Processing file /home/airflow/.local/lib/python3.7/site-packages/airflow/example_dags/example_xcomargs.py for tasks to queue
[2022-03-03 15:38:17,519] {logging_mixin.py:109} INFO - [2022-03-03 15:38:17,519] {dagbag.py:500} INFO - Filling up the DagBag from /home/airflow/.local/lib/python3.7/site-packages/airflow/example_dags/example_xcomargs.py
[2022-03-03 15:38:17,555] {processor.py:654} INFO - DAG(s) dict_keys(['example_xcom_args', 'example_xcom_args_with_operators']) retrieved from /home/airflow/.local/lib/python3.7/site-packages/airflow/example_dags/example_xcomargs.py
[2022-03-03 15:38:17,888] {logging_mixin.py:109} INFO - [2022-03-03 15:38:17,888] {dag.py:2396} INFO - Sync 2 DAGs
[2022-03-03 15:38:17,908] {logging_mixin.py:109} INFO - [2022-03-03 15:38:17,908] {dag.py:2935} INFO - Setting next_dagrun for example_xcom_args to None
[2022-03-03 15:38:17,909] {logging_mixin.py:109} INFO - [2022-03-03 15:38:17,909] {dag.py:2935} INFO - Setting next_dagrun for example_xcom_args_with_operators to None
[2022-03-03 15:38:17,919] {processor.py:171} INFO - Processing /home/airflow/.local/lib/python3.7/site-packages/airflow/example_dags/example_xcomargs.py took 0.408 seconds
[2022-03-03 15:38:47,978] {processor.py:163} INFO - Started process (PID=2299) to work on /home/airflow/.local/lib/python3.7/site-packages/airflow/example_dags/example_xcomargs.py
[2022-03-03 15:38:47,980] {processor.py:642} INFO - Processing file /home/airflow/.local/lib/python3.7/site-packages/airflow/example_dags/example_xcomargs.py for tasks to queue
[2022-03-03 15:38:47,986] {logging_mixin.py:109} INFO - [2022-03-03 15:38:47,986] {dagbag.py:500} INFO - Filling up the DagBag from /home/airflow/.local/lib/python3.7/site-packages/airflow/example_dags/example_xcomargs.py
[2022-03-03 15:38:48,066] {processor.py:654} INFO - DAG(s) dict_keys(['example_xcom_args', 'example_xcom_args_with_operators']) retrieved from /home/airflow/.local/lib/python3.7/site-packages/airflow/example_dags/example_xcomargs.py
[2022-03-03 15:38:48,307] {logging_mixin.py:109} INFO - [2022-03-03 15:38:48,307] {dag.py:2396} INFO - Sync 2 DAGs
[2022-03-03 15:38:48,320] {logging_mixin.py:109} INFO - [2022-03-03 15:38:48,320] {dag.py:2935} INFO - Setting next_dagrun for example_xcom_args to None
[2022-03-03 15:38:48,321] {logging_mixin.py:109} INFO - [2022-03-03 15:38:48,321] {dag.py:2935} INFO - Setting next_dagrun for example_xcom_args_with_operators to None
[2022-03-03 15:38:48,330] {processor.py:171} INFO - Processing /home/airflow/.local/lib/python3.7/site-packages/airflow/example_dags/example_xcomargs.py took 0.355 seconds
[2022-03-03 15:39:18,845] {processor.py:163} INFO - Started process (PID=2355) to work on /home/airflow/.local/lib/python3.7/site-packages/airflow/example_dags/example_xcomargs.py
[2022-03-03 15:39:18,851] {processor.py:642} INFO - Processing file /home/airflow/.local/lib/python3.7/site-packages/airflow/example_dags/example_xcomargs.py for tasks to queue
[2022-03-03 15:39:18,856] {logging_mixin.py:109} INFO - [2022-03-03 15:39:18,856] {dagbag.py:500} INFO - Filling up the DagBag from /home/airflow/.local/lib/python3.7/site-packages/airflow/example_dags/example_xcomargs.py
[2022-03-03 15:39:18,993] {processor.py:654} INFO - DAG(s) dict_keys(['example_xcom_args', 'example_xcom_args_with_operators']) retrieved from /home/airflow/.local/lib/python3.7/site-packages/airflow/example_dags/example_xcomargs.py
[2022-03-03 15:39:19,315] {logging_mixin.py:109} INFO - [2022-03-03 15:39:19,315] {dag.py:2396} INFO - Sync 2 DAGs
[2022-03-03 15:39:19,335] {logging_mixin.py:109} INFO - [2022-03-03 15:39:19,335] {dag.py:2935} INFO - Setting next_dagrun for example_xcom_args to None
[2022-03-03 15:39:19,336] {logging_mixin.py:109} INFO - [2022-03-03 15:39:19,336] {dag.py:2935} INFO - Setting next_dagrun for example_xcom_args_with_operators to None
[2022-03-03 15:39:19,347] {processor.py:171} INFO - Processing /home/airflow/.local/lib/python3.7/site-packages/airflow/example_dags/example_xcomargs.py took 0.508 seconds
[2022-03-03 15:39:50,204] {processor.py:163} INFO - Started process (PID=2423) to work on /home/airflow/.local/lib/python3.7/site-packages/airflow/example_dags/example_xcomargs.py
[2022-03-03 15:39:50,207] {processor.py:642} INFO - Processing file /home/airflow/.local/lib/python3.7/site-packages/airflow/example_dags/example_xcomargs.py for tasks to queue
[2022-03-03 15:39:50,209] {logging_mixin.py:109} INFO - [2022-03-03 15:39:50,208] {dagbag.py:500} INFO - Filling up the DagBag from /home/airflow/.local/lib/python3.7/site-packages/airflow/example_dags/example_xcomargs.py
[2022-03-03 15:39:50,288] {processor.py:654} INFO - DAG(s) dict_keys(['example_xcom_args', 'example_xcom_args_with_operators']) retrieved from /home/airflow/.local/lib/python3.7/site-packages/airflow/example_dags/example_xcomargs.py
[2022-03-03 15:39:50,537] {logging_mixin.py:109} INFO - [2022-03-03 15:39:50,537] {dag.py:2396} INFO - Sync 2 DAGs
[2022-03-03 15:39:50,554] {logging_mixin.py:109} INFO - [2022-03-03 15:39:50,554] {dag.py:2935} INFO - Setting next_dagrun for example_xcom_args to None
[2022-03-03 15:39:50,555] {logging_mixin.py:109} INFO - [2022-03-03 15:39:50,555] {dag.py:2935} INFO - Setting next_dagrun for example_xcom_args_with_operators to None
[2022-03-03 15:39:50,567] {processor.py:171} INFO - Processing /home/airflow/.local/lib/python3.7/site-packages/airflow/example_dags/example_xcomargs.py took 0.372 seconds
[2022-03-03 15:40:20,918] {processor.py:163} INFO - Started process (PID=2473) to work on /home/airflow/.local/lib/python3.7/site-packages/airflow/example_dags/example_xcomargs.py
[2022-03-03 15:40:20,920] {processor.py:642} INFO - Processing file /home/airflow/.local/lib/python3.7/site-packages/airflow/example_dags/example_xcomargs.py for tasks to queue
[2022-03-03 15:40:20,922] {logging_mixin.py:109} INFO - [2022-03-03 15:40:20,922] {dagbag.py:500} INFO - Filling up the DagBag from /home/airflow/.local/lib/python3.7/site-packages/airflow/example_dags/example_xcomargs.py
[2022-03-03 15:40:20,979] {processor.py:654} INFO - DAG(s) dict_keys(['example_xcom_args', 'example_xcom_args_with_operators']) retrieved from /home/airflow/.local/lib/python3.7/site-packages/airflow/example_dags/example_xcomargs.py
[2022-03-03 15:40:21,575] {logging_mixin.py:109} INFO - [2022-03-03 15:40:21,575] {dag.py:2396} INFO - Sync 2 DAGs
[2022-03-03 15:40:21,596] {logging_mixin.py:109} INFO - [2022-03-03 15:40:21,595] {dag.py:2935} INFO - Setting next_dagrun for example_xcom_args to None
[2022-03-03 15:40:21,597] {logging_mixin.py:109} INFO - [2022-03-03 15:40:21,597] {dag.py:2935} INFO - Setting next_dagrun for example_xcom_args_with_operators to None
[2022-03-03 15:40:21,609] {processor.py:171} INFO - Processing /home/airflow/.local/lib/python3.7/site-packages/airflow/example_dags/example_xcomargs.py took 0.700 seconds
[2022-03-03 15:40:52,111] {processor.py:163} INFO - Started process (PID=2532) to work on /home/airflow/.local/lib/python3.7/site-packages/airflow/example_dags/example_xcomargs.py
[2022-03-03 15:40:52,114] {processor.py:642} INFO - Processing file /home/airflow/.local/lib/python3.7/site-packages/airflow/example_dags/example_xcomargs.py for tasks to queue
[2022-03-03 15:40:52,123] {logging_mixin.py:109} INFO - [2022-03-03 15:40:52,123] {dagbag.py:500} INFO - Filling up the DagBag from /home/airflow/.local/lib/python3.7/site-packages/airflow/example_dags/example_xcomargs.py
[2022-03-03 15:40:52,179] {processor.py:654} INFO - DAG(s) dict_keys(['example_xcom_args', 'example_xcom_args_with_operators']) retrieved from /home/airflow/.local/lib/python3.7/site-packages/airflow/example_dags/example_xcomargs.py
[2022-03-03 15:40:52,576] {logging_mixin.py:109} INFO - [2022-03-03 15:40:52,576] {dag.py:2396} INFO - Sync 2 DAGs
[2022-03-03 15:40:52,594] {logging_mixin.py:109} INFO - [2022-03-03 15:40:52,594] {dag.py:2935} INFO - Setting next_dagrun for example_xcom_args to None
[2022-03-03 15:40:52,595] {logging_mixin.py:109} INFO - [2022-03-03 15:40:52,595] {dag.py:2935} INFO - Setting next_dagrun for example_xcom_args_with_operators to None
[2022-03-03 15:40:52,607] {processor.py:171} INFO - Processing /home/airflow/.local/lib/python3.7/site-packages/airflow/example_dags/example_xcomargs.py took 0.501 seconds
[2022-03-03 15:41:22,865] {processor.py:163} INFO - Started process (PID=2589) to work on /home/airflow/.local/lib/python3.7/site-packages/airflow/example_dags/example_xcomargs.py
[2022-03-03 15:41:22,868] {processor.py:642} INFO - Processing file /home/airflow/.local/lib/python3.7/site-packages/airflow/example_dags/example_xcomargs.py for tasks to queue
[2022-03-03 15:41:22,870] {logging_mixin.py:109} INFO - [2022-03-03 15:41:22,869] {dagbag.py:500} INFO - Filling up the DagBag from /home/airflow/.local/lib/python3.7/site-packages/airflow/example_dags/example_xcomargs.py
[2022-03-03 15:41:22,912] {processor.py:654} INFO - DAG(s) dict_keys(['example_xcom_args', 'example_xcom_args_with_operators']) retrieved from /home/airflow/.local/lib/python3.7/site-packages/airflow/example_dags/example_xcomargs.py
[2022-03-03 15:41:23,201] {logging_mixin.py:109} INFO - [2022-03-03 15:41:23,201] {dag.py:2396} INFO - Sync 2 DAGs
[2022-03-03 15:41:23,222] {logging_mixin.py:109} INFO - [2022-03-03 15:41:23,222] {dag.py:2935} INFO - Setting next_dagrun for example_xcom_args to None
[2022-03-03 15:41:23,223] {logging_mixin.py:109} INFO - [2022-03-03 15:41:23,223] {dag.py:2935} INFO - Setting next_dagrun for example_xcom_args_with_operators to None
[2022-03-03 15:41:23,237] {processor.py:171} INFO - Processing /home/airflow/.local/lib/python3.7/site-packages/airflow/example_dags/example_xcomargs.py took 0.379 seconds
[2022-03-03 15:41:53,635] {processor.py:163} INFO - Started process (PID=2652) to work on /home/airflow/.local/lib/python3.7/site-packages/airflow/example_dags/example_xcomargs.py
[2022-03-03 15:41:53,639] {processor.py:642} INFO - Processing file /home/airflow/.local/lib/python3.7/site-packages/airflow/example_dags/example_xcomargs.py for tasks to queue
[2022-03-03 15:41:53,642] {logging_mixin.py:109} INFO - [2022-03-03 15:41:53,642] {dagbag.py:500} INFO - Filling up the DagBag from /home/airflow/.local/lib/python3.7/site-packages/airflow/example_dags/example_xcomargs.py
[2022-03-03 15:41:53,757] {processor.py:654} INFO - DAG(s) dict_keys(['example_xcom_args', 'example_xcom_args_with_operators']) retrieved from /home/airflow/.local/lib/python3.7/site-packages/airflow/example_dags/example_xcomargs.py
[2022-03-03 15:41:54,169] {logging_mixin.py:109} INFO - [2022-03-03 15:41:54,169] {dag.py:2396} INFO - Sync 2 DAGs
[2022-03-03 15:41:54,184] {logging_mixin.py:109} INFO - [2022-03-03 15:41:54,184] {dag.py:2935} INFO - Setting next_dagrun for example_xcom_args to None
[2022-03-03 15:41:54,185] {logging_mixin.py:109} INFO - [2022-03-03 15:41:54,185] {dag.py:2935} INFO - Setting next_dagrun for example_xcom_args_with_operators to None
[2022-03-03 15:41:54,195] {processor.py:171} INFO - Processing /home/airflow/.local/lib/python3.7/site-packages/airflow/example_dags/example_xcomargs.py took 0.568 seconds
[2022-03-03 15:42:24,345] {processor.py:163} INFO - Started process (PID=2710) to work on /home/airflow/.local/lib/python3.7/site-packages/airflow/example_dags/example_xcomargs.py
[2022-03-03 15:42:24,347] {processor.py:642} INFO - Processing file /home/airflow/.local/lib/python3.7/site-packages/airflow/example_dags/example_xcomargs.py for tasks to queue
[2022-03-03 15:42:24,349] {logging_mixin.py:109} INFO - [2022-03-03 15:42:24,349] {dagbag.py:500} INFO - Filling up the DagBag from /home/airflow/.local/lib/python3.7/site-packages/airflow/example_dags/example_xcomargs.py
[2022-03-03 15:42:24,426] {processor.py:654} INFO - DAG(s) dict_keys(['example_xcom_args', 'example_xcom_args_with_operators']) retrieved from /home/airflow/.local/lib/python3.7/site-packages/airflow/example_dags/example_xcomargs.py
[2022-03-03 15:42:24,638] {logging_mixin.py:109} INFO - [2022-03-03 15:42:24,637] {dag.py:2396} INFO - Sync 2 DAGs
[2022-03-03 15:42:24,652] {logging_mixin.py:109} INFO - [2022-03-03 15:42:24,652] {dag.py:2935} INFO - Setting next_dagrun for example_xcom_args to None
[2022-03-03 15:42:24,653] {logging_mixin.py:109} INFO - [2022-03-03 15:42:24,653] {dag.py:2935} INFO - Setting next_dagrun for example_xcom_args_with_operators to None
[2022-03-03 15:42:24,663] {processor.py:171} INFO - Processing /home/airflow/.local/lib/python3.7/site-packages/airflow/example_dags/example_xcomargs.py took 0.322 seconds
[2022-03-03 15:42:54,696] {processor.py:163} INFO - Started process (PID=2772) to work on /home/airflow/.local/lib/python3.7/site-packages/airflow/example_dags/example_xcomargs.py
[2022-03-03 15:42:54,697] {processor.py:642} INFO - Processing file /home/airflow/.local/lib/python3.7/site-packages/airflow/example_dags/example_xcomargs.py for tasks to queue
[2022-03-03 15:42:54,699] {logging_mixin.py:109} INFO - [2022-03-03 15:42:54,698] {dagbag.py:500} INFO - Filling up the DagBag from /home/airflow/.local/lib/python3.7/site-packages/airflow/example_dags/example_xcomargs.py
[2022-03-03 15:42:54,731] {processor.py:654} INFO - DAG(s) dict_keys(['example_xcom_args', 'example_xcom_args_with_operators']) retrieved from /home/airflow/.local/lib/python3.7/site-packages/airflow/example_dags/example_xcomargs.py
[2022-03-03 15:42:55,092] {logging_mixin.py:109} INFO - [2022-03-03 15:42:55,091] {dag.py:2396} INFO - Sync 2 DAGs
[2022-03-03 15:42:55,124] {logging_mixin.py:109} INFO - [2022-03-03 15:42:55,124] {dag.py:2935} INFO - Setting next_dagrun for example_xcom_args to None
[2022-03-03 15:42:55,126] {logging_mixin.py:109} INFO - [2022-03-03 15:42:55,126] {dag.py:2935} INFO - Setting next_dagrun for example_xcom_args_with_operators to None
[2022-03-03 15:42:55,147] {processor.py:171} INFO - Processing /home/airflow/.local/lib/python3.7/site-packages/airflow/example_dags/example_xcomargs.py took 0.454 seconds
[2022-03-03 15:43:25,598] {processor.py:163} INFO - Started process (PID=2828) to work on /home/airflow/.local/lib/python3.7/site-packages/airflow/example_dags/example_xcomargs.py
[2022-03-03 15:43:25,601] {processor.py:642} INFO - Processing file /home/airflow/.local/lib/python3.7/site-packages/airflow/example_dags/example_xcomargs.py for tasks to queue
[2022-03-03 15:43:25,603] {logging_mixin.py:109} INFO - [2022-03-03 15:43:25,603] {dagbag.py:500} INFO - Filling up the DagBag from /home/airflow/.local/lib/python3.7/site-packages/airflow/example_dags/example_xcomargs.py
[2022-03-03 15:43:25,638] {processor.py:654} INFO - DAG(s) dict_keys(['example_xcom_args', 'example_xcom_args_with_operators']) retrieved from /home/airflow/.local/lib/python3.7/site-packages/airflow/example_dags/example_xcomargs.py
[2022-03-03 15:43:25,912] {logging_mixin.py:109} INFO - [2022-03-03 15:43:25,912] {dag.py:2396} INFO - Sync 2 DAGs
[2022-03-03 15:43:25,928] {logging_mixin.py:109} INFO - [2022-03-03 15:43:25,928] {dag.py:2935} INFO - Setting next_dagrun for example_xcom_args to None
[2022-03-03 15:43:25,929] {logging_mixin.py:109} INFO - [2022-03-03 15:43:25,929] {dag.py:2935} INFO - Setting next_dagrun for example_xcom_args_with_operators to None
[2022-03-03 15:43:25,944] {processor.py:171} INFO - Processing /home/airflow/.local/lib/python3.7/site-packages/airflow/example_dags/example_xcomargs.py took 0.356 seconds
[2022-03-03 15:43:56,089] {processor.py:163} INFO - Started process (PID=2884) to work on /home/airflow/.local/lib/python3.7/site-packages/airflow/example_dags/example_xcomargs.py
[2022-03-03 15:43:56,090] {processor.py:642} INFO - Processing file /home/airflow/.local/lib/python3.7/site-packages/airflow/example_dags/example_xcomargs.py for tasks to queue
[2022-03-03 15:43:56,091] {logging_mixin.py:109} INFO - [2022-03-03 15:43:56,091] {dagbag.py:500} INFO - Filling up the DagBag from /home/airflow/.local/lib/python3.7/site-packages/airflow/example_dags/example_xcomargs.py
[2022-03-03 15:43:56,127] {processor.py:654} INFO - DAG(s) dict_keys(['example_xcom_args', 'example_xcom_args_with_operators']) retrieved from /home/airflow/.local/lib/python3.7/site-packages/airflow/example_dags/example_xcomargs.py
[2022-03-03 15:43:56,338] {logging_mixin.py:109} INFO - [2022-03-03 15:43:56,338] {dag.py:2396} INFO - Sync 2 DAGs
[2022-03-03 15:43:56,352] {logging_mixin.py:109} INFO - [2022-03-03 15:43:56,352] {dag.py:2935} INFO - Setting next_dagrun for example_xcom_args to None
[2022-03-03 15:43:56,353] {logging_mixin.py:109} INFO - [2022-03-03 15:43:56,353] {dag.py:2935} INFO - Setting next_dagrun for example_xcom_args_with_operators to None
[2022-03-03 15:43:56,362] {processor.py:171} INFO - Processing /home/airflow/.local/lib/python3.7/site-packages/airflow/example_dags/example_xcomargs.py took 0.277 seconds
[2022-03-03 15:44:26,603] {processor.py:163} INFO - Started process (PID=2938) to work on /home/airflow/.local/lib/python3.7/site-packages/airflow/example_dags/example_xcomargs.py
[2022-03-03 15:44:26,604] {processor.py:642} INFO - Processing file /home/airflow/.local/lib/python3.7/site-packages/airflow/example_dags/example_xcomargs.py for tasks to queue
[2022-03-03 15:44:26,606] {logging_mixin.py:109} INFO - [2022-03-03 15:44:26,606] {dagbag.py:500} INFO - Filling up the DagBag from /home/airflow/.local/lib/python3.7/site-packages/airflow/example_dags/example_xcomargs.py
[2022-03-03 15:44:26,650] {processor.py:654} INFO - DAG(s) dict_keys(['example_xcom_args', 'example_xcom_args_with_operators']) retrieved from /home/airflow/.local/lib/python3.7/site-packages/airflow/example_dags/example_xcomargs.py
[2022-03-03 15:44:27,288] {logging_mixin.py:109} INFO - [2022-03-03 15:44:27,288] {dag.py:2396} INFO - Sync 2 DAGs
[2022-03-03 15:44:27,318] {logging_mixin.py:109} INFO - [2022-03-03 15:44:27,318] {dag.py:2935} INFO - Setting next_dagrun for example_xcom_args to None
[2022-03-03 15:44:27,320] {logging_mixin.py:109} INFO - [2022-03-03 15:44:27,319] {dag.py:2935} INFO - Setting next_dagrun for example_xcom_args_with_operators to None
[2022-03-03 15:44:27,340] {processor.py:171} INFO - Processing /home/airflow/.local/lib/python3.7/site-packages/airflow/example_dags/example_xcomargs.py took 0.741 seconds
[2022-03-03 15:44:58,003] {processor.py:163} INFO - Started process (PID=3004) to work on /home/airflow/.local/lib/python3.7/site-packages/airflow/example_dags/example_xcomargs.py
[2022-03-03 15:44:58,014] {processor.py:642} INFO - Processing file /home/airflow/.local/lib/python3.7/site-packages/airflow/example_dags/example_xcomargs.py for tasks to queue
[2022-03-03 15:44:58,017] {logging_mixin.py:109} INFO - [2022-03-03 15:44:58,016] {dagbag.py:500} INFO - Filling up the DagBag from /home/airflow/.local/lib/python3.7/site-packages/airflow/example_dags/example_xcomargs.py
[2022-03-03 15:44:58,165] {processor.py:654} INFO - DAG(s) dict_keys(['example_xcom_args', 'example_xcom_args_with_operators']) retrieved from /home/airflow/.local/lib/python3.7/site-packages/airflow/example_dags/example_xcomargs.py
[2022-03-03 15:44:58,673] {logging_mixin.py:109} INFO - [2022-03-03 15:44:58,673] {dag.py:2396} INFO - Sync 2 DAGs
[2022-03-03 15:44:58,699] {logging_mixin.py:109} INFO - [2022-03-03 15:44:58,699] {dag.py:2935} INFO - Setting next_dagrun for example_xcom_args to None
[2022-03-03 15:44:58,700] {logging_mixin.py:109} INFO - [2022-03-03 15:44:58,700] {dag.py:2935} INFO - Setting next_dagrun for example_xcom_args_with_operators to None
[2022-03-03 15:44:58,721] {processor.py:171} INFO - Processing /home/airflow/.local/lib/python3.7/site-packages/airflow/example_dags/example_xcomargs.py took 0.731 seconds
[2022-03-03 15:45:29,264] {processor.py:163} INFO - Started process (PID=3059) to work on /home/airflow/.local/lib/python3.7/site-packages/airflow/example_dags/example_xcomargs.py
[2022-03-03 15:45:29,268] {processor.py:642} INFO - Processing file /home/airflow/.local/lib/python3.7/site-packages/airflow/example_dags/example_xcomargs.py for tasks to queue
[2022-03-03 15:45:29,270] {logging_mixin.py:109} INFO - [2022-03-03 15:45:29,270] {dagbag.py:500} INFO - Filling up the DagBag from /home/airflow/.local/lib/python3.7/site-packages/airflow/example_dags/example_xcomargs.py
[2022-03-03 15:45:29,308] {processor.py:654} INFO - DAG(s) dict_keys(['example_xcom_args', 'example_xcom_args_with_operators']) retrieved from /home/airflow/.local/lib/python3.7/site-packages/airflow/example_dags/example_xcomargs.py
[2022-03-03 15:45:29,539] {logging_mixin.py:109} INFO - [2022-03-03 15:45:29,539] {dag.py:2396} INFO - Sync 2 DAGs
[2022-03-03 15:45:29,555] {logging_mixin.py:109} INFO - [2022-03-03 15:45:29,555] {dag.py:2935} INFO - Setting next_dagrun for example_xcom_args to None
[2022-03-03 15:45:29,556] {logging_mixin.py:109} INFO - [2022-03-03 15:45:29,556] {dag.py:2935} INFO - Setting next_dagrun for example_xcom_args_with_operators to None
[2022-03-03 15:45:29,567] {processor.py:171} INFO - Processing /home/airflow/.local/lib/python3.7/site-packages/airflow/example_dags/example_xcomargs.py took 0.311 seconds
[2022-03-03 15:45:59,600] {processor.py:163} INFO - Started process (PID=3126) to work on /home/airflow/.local/lib/python3.7/site-packages/airflow/example_dags/example_xcomargs.py
[2022-03-03 15:45:59,608] {processor.py:642} INFO - Processing file /home/airflow/.local/lib/python3.7/site-packages/airflow/example_dags/example_xcomargs.py for tasks to queue
[2022-03-03 15:45:59,610] {logging_mixin.py:109} INFO - [2022-03-03 15:45:59,609] {dagbag.py:500} INFO - Filling up the DagBag from /home/airflow/.local/lib/python3.7/site-packages/airflow/example_dags/example_xcomargs.py
[2022-03-03 15:45:59,644] {processor.py:654} INFO - DAG(s) dict_keys(['example_xcom_args', 'example_xcom_args_with_operators']) retrieved from /home/airflow/.local/lib/python3.7/site-packages/airflow/example_dags/example_xcomargs.py
[2022-03-03 15:45:59,843] {logging_mixin.py:109} INFO - [2022-03-03 15:45:59,843] {dag.py:2396} INFO - Sync 2 DAGs
[2022-03-03 15:45:59,860] {logging_mixin.py:109} INFO - [2022-03-03 15:45:59,860] {dag.py:2935} INFO - Setting next_dagrun for example_xcom_args to None
[2022-03-03 15:45:59,863] {logging_mixin.py:109} INFO - [2022-03-03 15:45:59,862] {dag.py:2935} INFO - Setting next_dagrun for example_xcom_args_with_operators to None
[2022-03-03 15:45:59,876] {processor.py:171} INFO - Processing /home/airflow/.local/lib/python3.7/site-packages/airflow/example_dags/example_xcomargs.py took 0.286 seconds
[2022-03-03 15:46:30,676] {processor.py:163} INFO - Started process (PID=3192) to work on /home/airflow/.local/lib/python3.7/site-packages/airflow/example_dags/example_xcomargs.py
[2022-03-03 15:46:30,678] {processor.py:642} INFO - Processing file /home/airflow/.local/lib/python3.7/site-packages/airflow/example_dags/example_xcomargs.py for tasks to queue
[2022-03-03 15:46:30,679] {logging_mixin.py:109} INFO - [2022-03-03 15:46:30,679] {dagbag.py:500} INFO - Filling up the DagBag from /home/airflow/.local/lib/python3.7/site-packages/airflow/example_dags/example_xcomargs.py
[2022-03-03 15:46:30,722] {processor.py:654} INFO - DAG(s) dict_keys(['example_xcom_args', 'example_xcom_args_with_operators']) retrieved from /home/airflow/.local/lib/python3.7/site-packages/airflow/example_dags/example_xcomargs.py
[2022-03-03 15:46:30,939] {logging_mixin.py:109} INFO - [2022-03-03 15:46:30,939] {dag.py:2396} INFO - Sync 2 DAGs
[2022-03-03 15:46:30,956] {logging_mixin.py:109} INFO - [2022-03-03 15:46:30,956] {dag.py:2935} INFO - Setting next_dagrun for example_xcom_args to None
[2022-03-03 15:46:30,957] {logging_mixin.py:109} INFO - [2022-03-03 15:46:30,957] {dag.py:2935} INFO - Setting next_dagrun for example_xcom_args_with_operators to None
[2022-03-03 15:46:30,970] {processor.py:171} INFO - Processing /home/airflow/.local/lib/python3.7/site-packages/airflow/example_dags/example_xcomargs.py took 0.302 seconds
[2022-03-03 15:47:01,255] {processor.py:163} INFO - Started process (PID=3250) to work on /home/airflow/.local/lib/python3.7/site-packages/airflow/example_dags/example_xcomargs.py
[2022-03-03 15:47:01,258] {processor.py:642} INFO - Processing file /home/airflow/.local/lib/python3.7/site-packages/airflow/example_dags/example_xcomargs.py for tasks to queue
[2022-03-03 15:47:01,259] {logging_mixin.py:109} INFO - [2022-03-03 15:47:01,259] {dagbag.py:500} INFO - Filling up the DagBag from /home/airflow/.local/lib/python3.7/site-packages/airflow/example_dags/example_xcomargs.py
[2022-03-03 15:47:01,329] {processor.py:654} INFO - DAG(s) dict_keys(['example_xcom_args', 'example_xcom_args_with_operators']) retrieved from /home/airflow/.local/lib/python3.7/site-packages/airflow/example_dags/example_xcomargs.py
[2022-03-03 15:47:01,799] {logging_mixin.py:109} INFO - [2022-03-03 15:47:01,798] {dag.py:2396} INFO - Sync 2 DAGs
[2022-03-03 15:47:01,833] {logging_mixin.py:109} INFO - [2022-03-03 15:47:01,833] {dag.py:2935} INFO - Setting next_dagrun for example_xcom_args to None
[2022-03-03 15:47:01,834] {logging_mixin.py:109} INFO - [2022-03-03 15:47:01,834] {dag.py:2935} INFO - Setting next_dagrun for example_xcom_args_with_operators to None
[2022-03-03 15:47:01,857] {processor.py:171} INFO - Processing /home/airflow/.local/lib/python3.7/site-packages/airflow/example_dags/example_xcomargs.py took 0.607 seconds
[2022-03-03 15:47:31,937] {processor.py:163} INFO - Started process (PID=3307) to work on /home/airflow/.local/lib/python3.7/site-packages/airflow/example_dags/example_xcomargs.py
[2022-03-03 15:47:31,939] {processor.py:642} INFO - Processing file /home/airflow/.local/lib/python3.7/site-packages/airflow/example_dags/example_xcomargs.py for tasks to queue
[2022-03-03 15:47:31,941] {logging_mixin.py:109} INFO - [2022-03-03 15:47:31,941] {dagbag.py:500} INFO - Filling up the DagBag from /home/airflow/.local/lib/python3.7/site-packages/airflow/example_dags/example_xcomargs.py
[2022-03-03 15:47:31,978] {processor.py:654} INFO - DAG(s) dict_keys(['example_xcom_args', 'example_xcom_args_with_operators']) retrieved from /home/airflow/.local/lib/python3.7/site-packages/airflow/example_dags/example_xcomargs.py
[2022-03-03 15:47:32,210] {logging_mixin.py:109} INFO - [2022-03-03 15:47:32,210] {dag.py:2396} INFO - Sync 2 DAGs
[2022-03-03 15:47:32,225] {logging_mixin.py:109} INFO - [2022-03-03 15:47:32,225] {dag.py:2935} INFO - Setting next_dagrun for example_xcom_args to None
[2022-03-03 15:47:32,226] {logging_mixin.py:109} INFO - [2022-03-03 15:47:32,226] {dag.py:2935} INFO - Setting next_dagrun for example_xcom_args_with_operators to None
[2022-03-03 15:47:32,237] {processor.py:171} INFO - Processing /home/airflow/.local/lib/python3.7/site-packages/airflow/example_dags/example_xcomargs.py took 0.304 seconds
[2022-03-03 15:48:02,339] {processor.py:163} INFO - Started process (PID=3372) to work on /home/airflow/.local/lib/python3.7/site-packages/airflow/example_dags/example_xcomargs.py
[2022-03-03 15:48:02,341] {processor.py:642} INFO - Processing file /home/airflow/.local/lib/python3.7/site-packages/airflow/example_dags/example_xcomargs.py for tasks to queue
[2022-03-03 15:48:02,342] {logging_mixin.py:109} INFO - [2022-03-03 15:48:02,342] {dagbag.py:500} INFO - Filling up the DagBag from /home/airflow/.local/lib/python3.7/site-packages/airflow/example_dags/example_xcomargs.py
[2022-03-03 15:48:02,377] {processor.py:654} INFO - DAG(s) dict_keys(['example_xcom_args', 'example_xcom_args_with_operators']) retrieved from /home/airflow/.local/lib/python3.7/site-packages/airflow/example_dags/example_xcomargs.py
[2022-03-03 15:48:02,569] {logging_mixin.py:109} INFO - [2022-03-03 15:48:02,568] {dag.py:2396} INFO - Sync 2 DAGs
[2022-03-03 15:48:02,585] {logging_mixin.py:109} INFO - [2022-03-03 15:48:02,585] {dag.py:2935} INFO - Setting next_dagrun for example_xcom_args to None
[2022-03-03 15:48:02,586] {logging_mixin.py:109} INFO - [2022-03-03 15:48:02,586] {dag.py:2935} INFO - Setting next_dagrun for example_xcom_args_with_operators to None
[2022-03-03 15:48:02,598] {processor.py:171} INFO - Processing /home/airflow/.local/lib/python3.7/site-packages/airflow/example_dags/example_xcomargs.py took 0.265 seconds
[2022-03-03 15:48:33,542] {processor.py:163} INFO - Started process (PID=3429) to work on /home/airflow/.local/lib/python3.7/site-packages/airflow/example_dags/example_xcomargs.py
[2022-03-03 15:48:33,544] {processor.py:642} INFO - Processing file /home/airflow/.local/lib/python3.7/site-packages/airflow/example_dags/example_xcomargs.py for tasks to queue
[2022-03-03 15:48:33,545] {logging_mixin.py:109} INFO - [2022-03-03 15:48:33,545] {dagbag.py:500} INFO - Filling up the DagBag from /home/airflow/.local/lib/python3.7/site-packages/airflow/example_dags/example_xcomargs.py
[2022-03-03 15:48:33,599] {processor.py:654} INFO - DAG(s) dict_keys(['example_xcom_args', 'example_xcom_args_with_operators']) retrieved from /home/airflow/.local/lib/python3.7/site-packages/airflow/example_dags/example_xcomargs.py
[2022-03-03 15:48:33,831] {logging_mixin.py:109} INFO - [2022-03-03 15:48:33,831] {dag.py:2396} INFO - Sync 2 DAGs
[2022-03-03 15:48:33,846] {logging_mixin.py:109} INFO - [2022-03-03 15:48:33,846] {dag.py:2935} INFO - Setting next_dagrun for example_xcom_args to None
[2022-03-03 15:48:33,847] {logging_mixin.py:109} INFO - [2022-03-03 15:48:33,847] {dag.py:2935} INFO - Setting next_dagrun for example_xcom_args_with_operators to None
[2022-03-03 15:48:33,860] {processor.py:171} INFO - Processing /home/airflow/.local/lib/python3.7/site-packages/airflow/example_dags/example_xcomargs.py took 0.326 seconds
[2022-03-03 15:49:04,287] {processor.py:163} INFO - Started process (PID=3482) to work on /home/airflow/.local/lib/python3.7/site-packages/airflow/example_dags/example_xcomargs.py
[2022-03-03 15:49:04,293] {processor.py:642} INFO - Processing file /home/airflow/.local/lib/python3.7/site-packages/airflow/example_dags/example_xcomargs.py for tasks to queue
[2022-03-03 15:49:04,294] {logging_mixin.py:109} INFO - [2022-03-03 15:49:04,294] {dagbag.py:500} INFO - Filling up the DagBag from /home/airflow/.local/lib/python3.7/site-packages/airflow/example_dags/example_xcomargs.py
[2022-03-03 15:49:04,362] {processor.py:654} INFO - DAG(s) dict_keys(['example_xcom_args', 'example_xcom_args_with_operators']) retrieved from /home/airflow/.local/lib/python3.7/site-packages/airflow/example_dags/example_xcomargs.py
[2022-03-03 15:49:04,773] {logging_mixin.py:109} INFO - [2022-03-03 15:49:04,773] {dag.py:2396} INFO - Sync 2 DAGs
[2022-03-03 15:49:04,790] {logging_mixin.py:109} INFO - [2022-03-03 15:49:04,790] {dag.py:2935} INFO - Setting next_dagrun for example_xcom_args to None
[2022-03-03 15:49:04,791] {logging_mixin.py:109} INFO - [2022-03-03 15:49:04,791] {dag.py:2935} INFO - Setting next_dagrun for example_xcom_args_with_operators to None
[2022-03-03 15:49:04,825] {processor.py:171} INFO - Processing /home/airflow/.local/lib/python3.7/site-packages/airflow/example_dags/example_xcomargs.py took 0.541 seconds
[2022-03-03 15:49:34,879] {processor.py:163} INFO - Started process (PID=3548) to work on /home/airflow/.local/lib/python3.7/site-packages/airflow/example_dags/example_xcomargs.py
[2022-03-03 15:49:34,884] {processor.py:642} INFO - Processing file /home/airflow/.local/lib/python3.7/site-packages/airflow/example_dags/example_xcomargs.py for tasks to queue
[2022-03-03 15:49:34,886] {logging_mixin.py:109} INFO - [2022-03-03 15:49:34,886] {dagbag.py:500} INFO - Filling up the DagBag from /home/airflow/.local/lib/python3.7/site-packages/airflow/example_dags/example_xcomargs.py
[2022-03-03 15:49:34,939] {processor.py:654} INFO - DAG(s) dict_keys(['example_xcom_args', 'example_xcom_args_with_operators']) retrieved from /home/airflow/.local/lib/python3.7/site-packages/airflow/example_dags/example_xcomargs.py
[2022-03-03 15:49:35,276] {logging_mixin.py:109} INFO - [2022-03-03 15:49:35,275] {dag.py:2396} INFO - Sync 2 DAGs
[2022-03-03 15:49:35,294] {logging_mixin.py:109} INFO - [2022-03-03 15:49:35,294] {dag.py:2935} INFO - Setting next_dagrun for example_xcom_args to None
[2022-03-03 15:49:35,296] {logging_mixin.py:109} INFO - [2022-03-03 15:49:35,295] {dag.py:2935} INFO - Setting next_dagrun for example_xcom_args_with_operators to None
[2022-03-03 15:49:35,311] {processor.py:171} INFO - Processing /home/airflow/.local/lib/python3.7/site-packages/airflow/example_dags/example_xcomargs.py took 0.435 seconds
[2022-03-03 15:50:05,463] {processor.py:163} INFO - Started process (PID=3603) to work on /home/airflow/.local/lib/python3.7/site-packages/airflow/example_dags/example_xcomargs.py
[2022-03-03 15:50:05,465] {processor.py:642} INFO - Processing file /home/airflow/.local/lib/python3.7/site-packages/airflow/example_dags/example_xcomargs.py for tasks to queue
[2022-03-03 15:50:05,467] {logging_mixin.py:109} INFO - [2022-03-03 15:50:05,467] {dagbag.py:500} INFO - Filling up the DagBag from /home/airflow/.local/lib/python3.7/site-packages/airflow/example_dags/example_xcomargs.py
[2022-03-03 15:50:05,544] {processor.py:654} INFO - DAG(s) dict_keys(['example_xcom_args', 'example_xcom_args_with_operators']) retrieved from /home/airflow/.local/lib/python3.7/site-packages/airflow/example_dags/example_xcomargs.py
[2022-03-03 15:50:05,995] {logging_mixin.py:109} INFO - [2022-03-03 15:50:05,995] {dag.py:2396} INFO - Sync 2 DAGs
[2022-03-03 15:50:06,060] {logging_mixin.py:109} INFO - [2022-03-03 15:50:06,053] {dag.py:2935} INFO - Setting next_dagrun for example_xcom_args to None
[2022-03-03 15:50:06,062] {logging_mixin.py:109} INFO - [2022-03-03 15:50:06,062] {dag.py:2935} INFO - Setting next_dagrun for example_xcom_args_with_operators to None
[2022-03-03 15:50:06,135] {processor.py:171} INFO - Processing /home/airflow/.local/lib/python3.7/site-packages/airflow/example_dags/example_xcomargs.py took 0.679 seconds
[2022-03-03 15:50:37,014] {processor.py:163} INFO - Started process (PID=3663) to work on /home/airflow/.local/lib/python3.7/site-packages/airflow/example_dags/example_xcomargs.py
[2022-03-03 15:50:37,017] {processor.py:642} INFO - Processing file /home/airflow/.local/lib/python3.7/site-packages/airflow/example_dags/example_xcomargs.py for tasks to queue
[2022-03-03 15:50:37,019] {logging_mixin.py:109} INFO - [2022-03-03 15:50:37,019] {dagbag.py:500} INFO - Filling up the DagBag from /home/airflow/.local/lib/python3.7/site-packages/airflow/example_dags/example_xcomargs.py
[2022-03-03 15:50:37,073] {processor.py:654} INFO - DAG(s) dict_keys(['example_xcom_args', 'example_xcom_args_with_operators']) retrieved from /home/airflow/.local/lib/python3.7/site-packages/airflow/example_dags/example_xcomargs.py
[2022-03-03 15:50:37,540] {logging_mixin.py:109} INFO - [2022-03-03 15:50:37,540] {dag.py:2396} INFO - Sync 2 DAGs
[2022-03-03 15:50:37,555] {logging_mixin.py:109} INFO - [2022-03-03 15:50:37,555] {dag.py:2935} INFO - Setting next_dagrun for example_xcom_args to None
[2022-03-03 15:50:37,556] {logging_mixin.py:109} INFO - [2022-03-03 15:50:37,556] {dag.py:2935} INFO - Setting next_dagrun for example_xcom_args_with_operators to None
[2022-03-03 15:50:37,567] {processor.py:171} INFO - Processing /home/airflow/.local/lib/python3.7/site-packages/airflow/example_dags/example_xcomargs.py took 0.563 seconds
