[2022-03-03 15:18:30,544] {processor.py:163} INFO - Started process (PID=52) to work on /home/airflow/.local/lib/python3.7/site-packages/airflow/example_dags/tutorial.py
[2022-03-03 15:18:30,549] {processor.py:642} INFO - Processing file /home/airflow/.local/lib/python3.7/site-packages/airflow/example_dags/tutorial.py for tasks to queue
[2022-03-03 15:18:30,553] {logging_mixin.py:109} INFO - [2022-03-03 15:18:30,552] {dagbag.py:500} INFO - Filling up the DagBag from /home/airflow/.local/lib/python3.7/site-packages/airflow/example_dags/tutorial.py
[2022-03-03 15:18:30,668] {processor.py:654} INFO - DAG(s) dict_keys(['tutorial']) retrieved from /home/airflow/.local/lib/python3.7/site-packages/airflow/example_dags/tutorial.py
[2022-03-03 15:18:30,707] {logging_mixin.py:109} INFO - [2022-03-03 15:18:30,707] {dag.py:2396} INFO - Sync 1 DAGs
[2022-03-03 15:18:30,773] {logging_mixin.py:109} INFO - [2022-03-03 15:18:30,773] {dag.py:2935} INFO - Setting next_dagrun for tutorial to 2022-03-02T15:18:30.773121+00:00
[2022-03-03 15:18:30,804] {processor.py:171} INFO - Processing /home/airflow/.local/lib/python3.7/site-packages/airflow/example_dags/tutorial.py took 0.277 seconds
[2022-03-03 15:19:01,243] {processor.py:163} INFO - Started process (PID=104) to work on /home/airflow/.local/lib/python3.7/site-packages/airflow/example_dags/tutorial.py
[2022-03-03 15:19:01,255] {processor.py:642} INFO - Processing file /home/airflow/.local/lib/python3.7/site-packages/airflow/example_dags/tutorial.py for tasks to queue
[2022-03-03 15:19:01,268] {logging_mixin.py:109} INFO - [2022-03-03 15:19:01,265] {dagbag.py:500} INFO - Filling up the DagBag from /home/airflow/.local/lib/python3.7/site-packages/airflow/example_dags/tutorial.py
[2022-03-03 15:19:01,421] {processor.py:654} INFO - DAG(s) dict_keys(['tutorial']) retrieved from /home/airflow/.local/lib/python3.7/site-packages/airflow/example_dags/tutorial.py
[2022-03-03 15:19:01,467] {logging_mixin.py:109} INFO - [2022-03-03 15:19:01,465] {dag.py:2396} INFO - Sync 1 DAGs
[2022-03-03 15:19:01,551] {logging_mixin.py:109} INFO - [2022-03-03 15:19:01,550] {dag.py:2935} INFO - Setting next_dagrun for tutorial to 2022-03-02T15:19:01.548305+00:00
[2022-03-03 15:19:01,693] {processor.py:171} INFO - Processing /home/airflow/.local/lib/python3.7/site-packages/airflow/example_dags/tutorial.py took 0.493 seconds
[2022-03-03 15:19:32,418] {processor.py:163} INFO - Started process (PID=158) to work on /home/airflow/.local/lib/python3.7/site-packages/airflow/example_dags/tutorial.py
[2022-03-03 15:19:32,421] {processor.py:642} INFO - Processing file /home/airflow/.local/lib/python3.7/site-packages/airflow/example_dags/tutorial.py for tasks to queue
[2022-03-03 15:19:32,423] {logging_mixin.py:109} INFO - [2022-03-03 15:19:32,423] {dagbag.py:500} INFO - Filling up the DagBag from /home/airflow/.local/lib/python3.7/site-packages/airflow/example_dags/tutorial.py
[2022-03-03 15:19:32,537] {processor.py:654} INFO - DAG(s) dict_keys(['tutorial']) retrieved from /home/airflow/.local/lib/python3.7/site-packages/airflow/example_dags/tutorial.py
[2022-03-03 15:19:32,551] {logging_mixin.py:109} INFO - [2022-03-03 15:19:32,551] {dag.py:2396} INFO - Sync 1 DAGs
[2022-03-03 15:19:32,584] {logging_mixin.py:109} INFO - [2022-03-03 15:19:32,583] {dag.py:2935} INFO - Setting next_dagrun for tutorial to 2022-03-02T15:19:32.583639+00:00
[2022-03-03 15:19:32,619] {processor.py:171} INFO - Processing /home/airflow/.local/lib/python3.7/site-packages/airflow/example_dags/tutorial.py took 0.212 seconds
[2022-03-03 15:20:02,798] {processor.py:163} INFO - Started process (PID=212) to work on /home/airflow/.local/lib/python3.7/site-packages/airflow/example_dags/tutorial.py
[2022-03-03 15:20:02,801] {processor.py:642} INFO - Processing file /home/airflow/.local/lib/python3.7/site-packages/airflow/example_dags/tutorial.py for tasks to queue
[2022-03-03 15:20:02,804] {logging_mixin.py:109} INFO - [2022-03-03 15:20:02,803] {dagbag.py:500} INFO - Filling up the DagBag from /home/airflow/.local/lib/python3.7/site-packages/airflow/example_dags/tutorial.py
[2022-03-03 15:20:02,839] {processor.py:654} INFO - DAG(s) dict_keys(['tutorial']) retrieved from /home/airflow/.local/lib/python3.7/site-packages/airflow/example_dags/tutorial.py
[2022-03-03 15:20:02,852] {logging_mixin.py:109} INFO - [2022-03-03 15:20:02,852] {dag.py:2396} INFO - Sync 1 DAGs
[2022-03-03 15:20:02,881] {logging_mixin.py:109} INFO - [2022-03-03 15:20:02,880] {dag.py:2935} INFO - Setting next_dagrun for tutorial to 2022-03-02T15:20:02.880493+00:00
[2022-03-03 15:20:02,906] {processor.py:171} INFO - Processing /home/airflow/.local/lib/python3.7/site-packages/airflow/example_dags/tutorial.py took 0.113 seconds
[2022-03-03 15:20:33,304] {processor.py:163} INFO - Started process (PID=265) to work on /home/airflow/.local/lib/python3.7/site-packages/airflow/example_dags/tutorial.py
[2022-03-03 15:20:33,308] {processor.py:642} INFO - Processing file /home/airflow/.local/lib/python3.7/site-packages/airflow/example_dags/tutorial.py for tasks to queue
[2022-03-03 15:20:33,314] {logging_mixin.py:109} INFO - [2022-03-03 15:20:33,314] {dagbag.py:500} INFO - Filling up the DagBag from /home/airflow/.local/lib/python3.7/site-packages/airflow/example_dags/tutorial.py
[2022-03-03 15:20:33,383] {processor.py:654} INFO - DAG(s) dict_keys(['tutorial']) retrieved from /home/airflow/.local/lib/python3.7/site-packages/airflow/example_dags/tutorial.py
[2022-03-03 15:20:33,407] {logging_mixin.py:109} INFO - [2022-03-03 15:20:33,407] {dag.py:2396} INFO - Sync 1 DAGs
[2022-03-03 15:20:33,443] {logging_mixin.py:109} INFO - [2022-03-03 15:20:33,443] {dag.py:2935} INFO - Setting next_dagrun for tutorial to 2022-03-02T15:20:33.442730+00:00
[2022-03-03 15:20:33,472] {processor.py:171} INFO - Processing /home/airflow/.local/lib/python3.7/site-packages/airflow/example_dags/tutorial.py took 0.171 seconds
[2022-03-03 15:21:03,994] {processor.py:163} INFO - Started process (PID=320) to work on /home/airflow/.local/lib/python3.7/site-packages/airflow/example_dags/tutorial.py
[2022-03-03 15:21:04,002] {processor.py:642} INFO - Processing file /home/airflow/.local/lib/python3.7/site-packages/airflow/example_dags/tutorial.py for tasks to queue
[2022-03-03 15:21:04,005] {logging_mixin.py:109} INFO - [2022-03-03 15:21:04,004] {dagbag.py:500} INFO - Filling up the DagBag from /home/airflow/.local/lib/python3.7/site-packages/airflow/example_dags/tutorial.py
[2022-03-03 15:21:04,066] {processor.py:654} INFO - DAG(s) dict_keys(['tutorial']) retrieved from /home/airflow/.local/lib/python3.7/site-packages/airflow/example_dags/tutorial.py
[2022-03-03 15:21:04,082] {logging_mixin.py:109} INFO - [2022-03-03 15:21:04,081] {dag.py:2396} INFO - Sync 1 DAGs
[2022-03-03 15:21:04,107] {logging_mixin.py:109} INFO - [2022-03-03 15:21:04,107] {dag.py:2935} INFO - Setting next_dagrun for tutorial to 2022-03-02T15:21:04.107370+00:00
[2022-03-03 15:21:04,125] {processor.py:171} INFO - Processing /home/airflow/.local/lib/python3.7/site-packages/airflow/example_dags/tutorial.py took 0.144 seconds
[2022-03-03 15:21:34,286] {processor.py:163} INFO - Started process (PID=375) to work on /home/airflow/.local/lib/python3.7/site-packages/airflow/example_dags/tutorial.py
[2022-03-03 15:21:34,288] {processor.py:642} INFO - Processing file /home/airflow/.local/lib/python3.7/site-packages/airflow/example_dags/tutorial.py for tasks to queue
[2022-03-03 15:21:34,294] {logging_mixin.py:109} INFO - [2022-03-03 15:21:34,294] {dagbag.py:500} INFO - Filling up the DagBag from /home/airflow/.local/lib/python3.7/site-packages/airflow/example_dags/tutorial.py
[2022-03-03 15:21:34,372] {processor.py:654} INFO - DAG(s) dict_keys(['tutorial']) retrieved from /home/airflow/.local/lib/python3.7/site-packages/airflow/example_dags/tutorial.py
[2022-03-03 15:21:34,426] {logging_mixin.py:109} INFO - [2022-03-03 15:21:34,426] {dag.py:2396} INFO - Sync 1 DAGs
[2022-03-03 15:21:34,484] {logging_mixin.py:109} INFO - [2022-03-03 15:21:34,484] {dag.py:2935} INFO - Setting next_dagrun for tutorial to 2022-03-02T15:21:34.484392+00:00
[2022-03-03 15:21:34,537] {processor.py:171} INFO - Processing /home/airflow/.local/lib/python3.7/site-packages/airflow/example_dags/tutorial.py took 0.257 seconds
[2022-03-03 15:22:04,831] {processor.py:163} INFO - Started process (PID=431) to work on /home/airflow/.local/lib/python3.7/site-packages/airflow/example_dags/tutorial.py
[2022-03-03 15:22:04,833] {processor.py:642} INFO - Processing file /home/airflow/.local/lib/python3.7/site-packages/airflow/example_dags/tutorial.py for tasks to queue
[2022-03-03 15:22:04,835] {logging_mixin.py:109} INFO - [2022-03-03 15:22:04,834] {dagbag.py:500} INFO - Filling up the DagBag from /home/airflow/.local/lib/python3.7/site-packages/airflow/example_dags/tutorial.py
[2022-03-03 15:22:04,865] {processor.py:654} INFO - DAG(s) dict_keys(['tutorial']) retrieved from /home/airflow/.local/lib/python3.7/site-packages/airflow/example_dags/tutorial.py
[2022-03-03 15:22:04,875] {logging_mixin.py:109} INFO - [2022-03-03 15:22:04,875] {dag.py:2396} INFO - Sync 1 DAGs
[2022-03-03 15:22:04,893] {logging_mixin.py:109} INFO - [2022-03-03 15:22:04,893] {dag.py:2935} INFO - Setting next_dagrun for tutorial to 2022-03-02T15:22:04.893111+00:00
[2022-03-03 15:22:04,907] {processor.py:171} INFO - Processing /home/airflow/.local/lib/python3.7/site-packages/airflow/example_dags/tutorial.py took 0.080 seconds
[2022-03-03 15:22:35,129] {processor.py:163} INFO - Started process (PID=498) to work on /home/airflow/.local/lib/python3.7/site-packages/airflow/example_dags/tutorial.py
[2022-03-03 15:22:35,133] {processor.py:642} INFO - Processing file /home/airflow/.local/lib/python3.7/site-packages/airflow/example_dags/tutorial.py for tasks to queue
[2022-03-03 15:22:35,135] {logging_mixin.py:109} INFO - [2022-03-03 15:22:35,135] {dagbag.py:500} INFO - Filling up the DagBag from /home/airflow/.local/lib/python3.7/site-packages/airflow/example_dags/tutorial.py
[2022-03-03 15:22:35,193] {processor.py:654} INFO - DAG(s) dict_keys(['tutorial']) retrieved from /home/airflow/.local/lib/python3.7/site-packages/airflow/example_dags/tutorial.py
[2022-03-03 15:22:35,210] {logging_mixin.py:109} INFO - [2022-03-03 15:22:35,210] {dag.py:2396} INFO - Sync 1 DAGs
[2022-03-03 15:22:35,238] {logging_mixin.py:109} INFO - [2022-03-03 15:22:35,238] {dag.py:2935} INFO - Setting next_dagrun for tutorial to 2022-03-02T15:22:35.237999+00:00
[2022-03-03 15:22:35,255] {processor.py:171} INFO - Processing /home/airflow/.local/lib/python3.7/site-packages/airflow/example_dags/tutorial.py took 0.136 seconds
[2022-03-03 15:23:05,556] {processor.py:163} INFO - Started process (PID=554) to work on /home/airflow/.local/lib/python3.7/site-packages/airflow/example_dags/tutorial.py
[2022-03-03 15:23:05,558] {processor.py:642} INFO - Processing file /home/airflow/.local/lib/python3.7/site-packages/airflow/example_dags/tutorial.py for tasks to queue
[2022-03-03 15:23:05,559] {logging_mixin.py:109} INFO - [2022-03-03 15:23:05,559] {dagbag.py:500} INFO - Filling up the DagBag from /home/airflow/.local/lib/python3.7/site-packages/airflow/example_dags/tutorial.py
[2022-03-03 15:23:05,594] {processor.py:654} INFO - DAG(s) dict_keys(['tutorial']) retrieved from /home/airflow/.local/lib/python3.7/site-packages/airflow/example_dags/tutorial.py
[2022-03-03 15:23:05,608] {logging_mixin.py:109} INFO - [2022-03-03 15:23:05,608] {dag.py:2396} INFO - Sync 1 DAGs
[2022-03-03 15:23:05,626] {logging_mixin.py:109} INFO - [2022-03-03 15:23:05,626] {dag.py:2935} INFO - Setting next_dagrun for tutorial to 2022-03-02T15:23:05.626494+00:00
[2022-03-03 15:23:05,637] {processor.py:171} INFO - Processing /home/airflow/.local/lib/python3.7/site-packages/airflow/example_dags/tutorial.py took 0.085 seconds
[2022-03-03 15:23:36,274] {processor.py:163} INFO - Started process (PID=608) to work on /home/airflow/.local/lib/python3.7/site-packages/airflow/example_dags/tutorial.py
[2022-03-03 15:23:36,279] {processor.py:642} INFO - Processing file /home/airflow/.local/lib/python3.7/site-packages/airflow/example_dags/tutorial.py for tasks to queue
[2022-03-03 15:23:36,285] {logging_mixin.py:109} INFO - [2022-03-03 15:23:36,284] {dagbag.py:500} INFO - Filling up the DagBag from /home/airflow/.local/lib/python3.7/site-packages/airflow/example_dags/tutorial.py
[2022-03-03 15:23:36,387] {processor.py:654} INFO - DAG(s) dict_keys(['tutorial']) retrieved from /home/airflow/.local/lib/python3.7/site-packages/airflow/example_dags/tutorial.py
[2022-03-03 15:23:36,411] {logging_mixin.py:109} INFO - [2022-03-03 15:23:36,411] {dag.py:2396} INFO - Sync 1 DAGs
[2022-03-03 15:23:36,437] {logging_mixin.py:109} INFO - [2022-03-03 15:23:36,437] {dag.py:2935} INFO - Setting next_dagrun for tutorial to 2022-03-02T15:23:36.437451+00:00
[2022-03-03 15:23:36,453] {processor.py:171} INFO - Processing /home/airflow/.local/lib/python3.7/site-packages/airflow/example_dags/tutorial.py took 0.189 seconds
[2022-03-03 15:24:06,992] {processor.py:163} INFO - Started process (PID=671) to work on /home/airflow/.local/lib/python3.7/site-packages/airflow/example_dags/tutorial.py
[2022-03-03 15:24:07,000] {processor.py:642} INFO - Processing file /home/airflow/.local/lib/python3.7/site-packages/airflow/example_dags/tutorial.py for tasks to queue
[2022-03-03 15:24:07,003] {logging_mixin.py:109} INFO - [2022-03-03 15:24:07,002] {dagbag.py:500} INFO - Filling up the DagBag from /home/airflow/.local/lib/python3.7/site-packages/airflow/example_dags/tutorial.py
[2022-03-03 15:24:07,068] {processor.py:654} INFO - DAG(s) dict_keys(['tutorial']) retrieved from /home/airflow/.local/lib/python3.7/site-packages/airflow/example_dags/tutorial.py
[2022-03-03 15:24:07,098] {logging_mixin.py:109} INFO - [2022-03-03 15:24:07,097] {dag.py:2396} INFO - Sync 1 DAGs
[2022-03-03 15:24:07,137] {logging_mixin.py:109} INFO - [2022-03-03 15:24:07,137] {dag.py:2935} INFO - Setting next_dagrun for tutorial to 2022-03-02T15:24:07.137111+00:00
[2022-03-03 15:24:07,157] {processor.py:171} INFO - Processing /home/airflow/.local/lib/python3.7/site-packages/airflow/example_dags/tutorial.py took 0.176 seconds
[2022-03-03 15:24:37,289] {processor.py:163} INFO - Started process (PID=726) to work on /home/airflow/.local/lib/python3.7/site-packages/airflow/example_dags/tutorial.py
[2022-03-03 15:24:37,291] {processor.py:642} INFO - Processing file /home/airflow/.local/lib/python3.7/site-packages/airflow/example_dags/tutorial.py for tasks to queue
[2022-03-03 15:24:37,293] {logging_mixin.py:109} INFO - [2022-03-03 15:24:37,292] {dagbag.py:500} INFO - Filling up the DagBag from /home/airflow/.local/lib/python3.7/site-packages/airflow/example_dags/tutorial.py
[2022-03-03 15:24:37,320] {processor.py:654} INFO - DAG(s) dict_keys(['tutorial']) retrieved from /home/airflow/.local/lib/python3.7/site-packages/airflow/example_dags/tutorial.py
[2022-03-03 15:24:37,329] {logging_mixin.py:109} INFO - [2022-03-03 15:24:37,329] {dag.py:2396} INFO - Sync 1 DAGs
[2022-03-03 15:24:37,349] {logging_mixin.py:109} INFO - [2022-03-03 15:24:37,349] {dag.py:2935} INFO - Setting next_dagrun for tutorial to 2022-03-02T15:24:37.349498+00:00
[2022-03-03 15:24:37,360] {processor.py:171} INFO - Processing /home/airflow/.local/lib/python3.7/site-packages/airflow/example_dags/tutorial.py took 0.075 seconds
[2022-03-03 15:25:07,832] {processor.py:163} INFO - Started process (PID=780) to work on /home/airflow/.local/lib/python3.7/site-packages/airflow/example_dags/tutorial.py
[2022-03-03 15:25:07,835] {processor.py:642} INFO - Processing file /home/airflow/.local/lib/python3.7/site-packages/airflow/example_dags/tutorial.py for tasks to queue
[2022-03-03 15:25:07,837] {logging_mixin.py:109} INFO - [2022-03-03 15:25:07,837] {dagbag.py:500} INFO - Filling up the DagBag from /home/airflow/.local/lib/python3.7/site-packages/airflow/example_dags/tutorial.py
[2022-03-03 15:25:07,868] {processor.py:654} INFO - DAG(s) dict_keys(['tutorial']) retrieved from /home/airflow/.local/lib/python3.7/site-packages/airflow/example_dags/tutorial.py
[2022-03-03 15:25:07,880] {logging_mixin.py:109} INFO - [2022-03-03 15:25:07,880] {dag.py:2396} INFO - Sync 1 DAGs
[2022-03-03 15:25:07,900] {logging_mixin.py:109} INFO - [2022-03-03 15:25:07,900] {dag.py:2935} INFO - Setting next_dagrun for tutorial to 2022-03-02T15:25:07.899939+00:00
[2022-03-03 15:25:07,915] {processor.py:171} INFO - Processing /home/airflow/.local/lib/python3.7/site-packages/airflow/example_dags/tutorial.py took 0.090 seconds
[2022-03-03 15:25:38,235] {processor.py:163} INFO - Started process (PID=835) to work on /home/airflow/.local/lib/python3.7/site-packages/airflow/example_dags/tutorial.py
[2022-03-03 15:25:38,237] {processor.py:642} INFO - Processing file /home/airflow/.local/lib/python3.7/site-packages/airflow/example_dags/tutorial.py for tasks to queue
[2022-03-03 15:25:38,239] {logging_mixin.py:109} INFO - [2022-03-03 15:25:38,238] {dagbag.py:500} INFO - Filling up the DagBag from /home/airflow/.local/lib/python3.7/site-packages/airflow/example_dags/tutorial.py
[2022-03-03 15:25:38,267] {processor.py:654} INFO - DAG(s) dict_keys(['tutorial']) retrieved from /home/airflow/.local/lib/python3.7/site-packages/airflow/example_dags/tutorial.py
[2022-03-03 15:25:38,278] {logging_mixin.py:109} INFO - [2022-03-03 15:25:38,278] {dag.py:2396} INFO - Sync 1 DAGs
[2022-03-03 15:25:38,296] {logging_mixin.py:109} INFO - [2022-03-03 15:25:38,296] {dag.py:2935} INFO - Setting next_dagrun for tutorial to 2022-03-02T15:25:38.296265+00:00
[2022-03-03 15:25:38,307] {processor.py:171} INFO - Processing /home/airflow/.local/lib/python3.7/site-packages/airflow/example_dags/tutorial.py took 0.076 seconds
[2022-03-03 15:26:08,591] {processor.py:163} INFO - Started process (PID=885) to work on /home/airflow/.local/lib/python3.7/site-packages/airflow/example_dags/tutorial.py
[2022-03-03 15:26:08,596] {processor.py:642} INFO - Processing file /home/airflow/.local/lib/python3.7/site-packages/airflow/example_dags/tutorial.py for tasks to queue
[2022-03-03 15:26:08,598] {logging_mixin.py:109} INFO - [2022-03-03 15:26:08,598] {dagbag.py:500} INFO - Filling up the DagBag from /home/airflow/.local/lib/python3.7/site-packages/airflow/example_dags/tutorial.py
[2022-03-03 15:26:08,650] {processor.py:654} INFO - DAG(s) dict_keys(['tutorial']) retrieved from /home/airflow/.local/lib/python3.7/site-packages/airflow/example_dags/tutorial.py
[2022-03-03 15:26:08,663] {logging_mixin.py:109} INFO - [2022-03-03 15:26:08,663] {dag.py:2396} INFO - Sync 1 DAGs
[2022-03-03 15:26:08,699] {logging_mixin.py:109} INFO - [2022-03-03 15:26:08,699] {dag.py:2935} INFO - Setting next_dagrun for tutorial to 2022-03-02T15:26:08.699454+00:00
[2022-03-03 15:26:08,717] {processor.py:171} INFO - Processing /home/airflow/.local/lib/python3.7/site-packages/airflow/example_dags/tutorial.py took 0.129 seconds
[2022-03-03 15:26:39,128] {processor.py:163} INFO - Started process (PID=948) to work on /home/airflow/.local/lib/python3.7/site-packages/airflow/example_dags/tutorial.py
[2022-03-03 15:26:39,130] {processor.py:642} INFO - Processing file /home/airflow/.local/lib/python3.7/site-packages/airflow/example_dags/tutorial.py for tasks to queue
[2022-03-03 15:26:39,131] {logging_mixin.py:109} INFO - [2022-03-03 15:26:39,131] {dagbag.py:500} INFO - Filling up the DagBag from /home/airflow/.local/lib/python3.7/site-packages/airflow/example_dags/tutorial.py
[2022-03-03 15:26:39,215] {processor.py:654} INFO - DAG(s) dict_keys(['tutorial']) retrieved from /home/airflow/.local/lib/python3.7/site-packages/airflow/example_dags/tutorial.py
[2022-03-03 15:26:39,243] {logging_mixin.py:109} INFO - [2022-03-03 15:26:39,243] {dag.py:2396} INFO - Sync 1 DAGs
[2022-03-03 15:26:39,321] {logging_mixin.py:109} INFO - [2022-03-03 15:26:39,321] {dag.py:2935} INFO - Setting next_dagrun for tutorial to 2022-03-02T15:26:39.320860+00:00
[2022-03-03 15:26:39,412] {processor.py:171} INFO - Processing /home/airflow/.local/lib/python3.7/site-packages/airflow/example_dags/tutorial.py took 0.287 seconds
[2022-03-03 15:27:09,862] {processor.py:163} INFO - Started process (PID=1003) to work on /home/airflow/.local/lib/python3.7/site-packages/airflow/example_dags/tutorial.py
[2022-03-03 15:27:09,865] {processor.py:642} INFO - Processing file /home/airflow/.local/lib/python3.7/site-packages/airflow/example_dags/tutorial.py for tasks to queue
[2022-03-03 15:27:09,866] {logging_mixin.py:109} INFO - [2022-03-03 15:27:09,866] {dagbag.py:500} INFO - Filling up the DagBag from /home/airflow/.local/lib/python3.7/site-packages/airflow/example_dags/tutorial.py
[2022-03-03 15:27:09,916] {processor.py:654} INFO - DAG(s) dict_keys(['tutorial']) retrieved from /home/airflow/.local/lib/python3.7/site-packages/airflow/example_dags/tutorial.py
[2022-03-03 15:27:09,939] {logging_mixin.py:109} INFO - [2022-03-03 15:27:09,939] {dag.py:2396} INFO - Sync 1 DAGs
[2022-03-03 15:27:09,967] {logging_mixin.py:109} INFO - [2022-03-03 15:27:09,967] {dag.py:2935} INFO - Setting next_dagrun for tutorial to 2022-03-02T15:27:09.966860+00:00
[2022-03-03 15:27:09,980] {processor.py:171} INFO - Processing /home/airflow/.local/lib/python3.7/site-packages/airflow/example_dags/tutorial.py took 0.125 seconds
[2022-03-03 15:27:40,412] {processor.py:163} INFO - Started process (PID=1061) to work on /home/airflow/.local/lib/python3.7/site-packages/airflow/example_dags/tutorial.py
[2022-03-03 15:27:40,419] {processor.py:642} INFO - Processing file /home/airflow/.local/lib/python3.7/site-packages/airflow/example_dags/tutorial.py for tasks to queue
[2022-03-03 15:27:40,421] {logging_mixin.py:109} INFO - [2022-03-03 15:27:40,421] {dagbag.py:500} INFO - Filling up the DagBag from /home/airflow/.local/lib/python3.7/site-packages/airflow/example_dags/tutorial.py
[2022-03-03 15:27:40,461] {processor.py:654} INFO - DAG(s) dict_keys(['tutorial']) retrieved from /home/airflow/.local/lib/python3.7/site-packages/airflow/example_dags/tutorial.py
[2022-03-03 15:27:40,472] {logging_mixin.py:109} INFO - [2022-03-03 15:27:40,472] {dag.py:2396} INFO - Sync 1 DAGs
[2022-03-03 15:27:40,488] {logging_mixin.py:109} INFO - [2022-03-03 15:27:40,488] {dag.py:2935} INFO - Setting next_dagrun for tutorial to 2022-03-02T15:27:40.487886+00:00
[2022-03-03 15:27:40,498] {processor.py:171} INFO - Processing /home/airflow/.local/lib/python3.7/site-packages/airflow/example_dags/tutorial.py took 0.089 seconds
[2022-03-03 15:28:10,972] {processor.py:163} INFO - Started process (PID=1119) to work on /home/airflow/.local/lib/python3.7/site-packages/airflow/example_dags/tutorial.py
[2022-03-03 15:28:10,975] {processor.py:642} INFO - Processing file /home/airflow/.local/lib/python3.7/site-packages/airflow/example_dags/tutorial.py for tasks to queue
[2022-03-03 15:28:10,977] {logging_mixin.py:109} INFO - [2022-03-03 15:28:10,976] {dagbag.py:500} INFO - Filling up the DagBag from /home/airflow/.local/lib/python3.7/site-packages/airflow/example_dags/tutorial.py
[2022-03-03 15:28:11,016] {processor.py:654} INFO - DAG(s) dict_keys(['tutorial']) retrieved from /home/airflow/.local/lib/python3.7/site-packages/airflow/example_dags/tutorial.py
[2022-03-03 15:28:11,029] {logging_mixin.py:109} INFO - [2022-03-03 15:28:11,029] {dag.py:2396} INFO - Sync 1 DAGs
[2022-03-03 15:28:11,049] {logging_mixin.py:109} INFO - [2022-03-03 15:28:11,049] {dag.py:2935} INFO - Setting next_dagrun for tutorial to 2022-03-02T15:28:11.048880+00:00
[2022-03-03 15:28:11,064] {processor.py:171} INFO - Processing /home/airflow/.local/lib/python3.7/site-packages/airflow/example_dags/tutorial.py took 0.097 seconds
[2022-03-03 15:28:42,900] {processor.py:163} INFO - Started process (PID=1174) to work on /home/airflow/.local/lib/python3.7/site-packages/airflow/example_dags/tutorial.py
[2022-03-03 15:28:42,906] {processor.py:642} INFO - Processing file /home/airflow/.local/lib/python3.7/site-packages/airflow/example_dags/tutorial.py for tasks to queue
[2022-03-03 15:28:42,910] {logging_mixin.py:109} INFO - [2022-03-03 15:28:42,909] {dagbag.py:500} INFO - Filling up the DagBag from /home/airflow/.local/lib/python3.7/site-packages/airflow/example_dags/tutorial.py
[2022-03-03 15:28:42,997] {processor.py:654} INFO - DAG(s) dict_keys(['tutorial']) retrieved from /home/airflow/.local/lib/python3.7/site-packages/airflow/example_dags/tutorial.py
[2022-03-03 15:28:43,068] {logging_mixin.py:109} INFO - [2022-03-03 15:28:43,067] {dag.py:2396} INFO - Sync 1 DAGs
[2022-03-03 15:28:43,134] {logging_mixin.py:109} INFO - [2022-03-03 15:28:43,134] {dag.py:2935} INFO - Setting next_dagrun for tutorial to 2022-03-02T15:28:43.133538+00:00
[2022-03-03 15:28:43,186] {processor.py:171} INFO - Processing /home/airflow/.local/lib/python3.7/site-packages/airflow/example_dags/tutorial.py took 0.320 seconds
[2022-03-03 15:29:14,089] {processor.py:163} INFO - Started process (PID=1226) to work on /home/airflow/.local/lib/python3.7/site-packages/airflow/example_dags/tutorial.py
[2022-03-03 15:29:14,095] {processor.py:642} INFO - Processing file /home/airflow/.local/lib/python3.7/site-packages/airflow/example_dags/tutorial.py for tasks to queue
[2022-03-03 15:29:14,097] {logging_mixin.py:109} INFO - [2022-03-03 15:29:14,097] {dagbag.py:500} INFO - Filling up the DagBag from /home/airflow/.local/lib/python3.7/site-packages/airflow/example_dags/tutorial.py
[2022-03-03 15:29:14,226] {processor.py:654} INFO - DAG(s) dict_keys(['tutorial']) retrieved from /home/airflow/.local/lib/python3.7/site-packages/airflow/example_dags/tutorial.py
[2022-03-03 15:29:14,274] {logging_mixin.py:109} INFO - [2022-03-03 15:29:14,273] {dag.py:2396} INFO - Sync 1 DAGs
[2022-03-03 15:29:14,342] {logging_mixin.py:109} INFO - [2022-03-03 15:29:14,342] {dag.py:2935} INFO - Setting next_dagrun for tutorial to 2022-03-02T15:29:14.342133+00:00
[2022-03-03 15:29:14,389] {processor.py:171} INFO - Processing /home/airflow/.local/lib/python3.7/site-packages/airflow/example_dags/tutorial.py took 0.314 seconds
[2022-03-03 15:29:44,562] {processor.py:163} INFO - Started process (PID=1279) to work on /home/airflow/.local/lib/python3.7/site-packages/airflow/example_dags/tutorial.py
[2022-03-03 15:29:44,564] {processor.py:642} INFO - Processing file /home/airflow/.local/lib/python3.7/site-packages/airflow/example_dags/tutorial.py for tasks to queue
[2022-03-03 15:29:44,569] {logging_mixin.py:109} INFO - [2022-03-03 15:29:44,568] {dagbag.py:500} INFO - Filling up the DagBag from /home/airflow/.local/lib/python3.7/site-packages/airflow/example_dags/tutorial.py
[2022-03-03 15:29:44,629] {processor.py:654} INFO - DAG(s) dict_keys(['tutorial']) retrieved from /home/airflow/.local/lib/python3.7/site-packages/airflow/example_dags/tutorial.py
[2022-03-03 15:29:44,655] {logging_mixin.py:109} INFO - [2022-03-03 15:29:44,655] {dag.py:2396} INFO - Sync 1 DAGs
[2022-03-03 15:29:44,694] {logging_mixin.py:109} INFO - [2022-03-03 15:29:44,694] {dag.py:2935} INFO - Setting next_dagrun for tutorial to 2022-03-02T15:29:44.693737+00:00
[2022-03-03 15:29:44,792] {processor.py:171} INFO - Processing /home/airflow/.local/lib/python3.7/site-packages/airflow/example_dags/tutorial.py took 0.234 seconds
[2022-03-03 15:30:15,085] {processor.py:163} INFO - Started process (PID=1334) to work on /home/airflow/.local/lib/python3.7/site-packages/airflow/example_dags/tutorial.py
[2022-03-03 15:30:15,087] {processor.py:642} INFO - Processing file /home/airflow/.local/lib/python3.7/site-packages/airflow/example_dags/tutorial.py for tasks to queue
[2022-03-03 15:30:15,089] {logging_mixin.py:109} INFO - [2022-03-03 15:30:15,089] {dagbag.py:500} INFO - Filling up the DagBag from /home/airflow/.local/lib/python3.7/site-packages/airflow/example_dags/tutorial.py
[2022-03-03 15:30:15,124] {processor.py:654} INFO - DAG(s) dict_keys(['tutorial']) retrieved from /home/airflow/.local/lib/python3.7/site-packages/airflow/example_dags/tutorial.py
[2022-03-03 15:30:15,135] {logging_mixin.py:109} INFO - [2022-03-03 15:30:15,135] {dag.py:2396} INFO - Sync 1 DAGs
[2022-03-03 15:30:15,155] {logging_mixin.py:109} INFO - [2022-03-03 15:30:15,155] {dag.py:2935} INFO - Setting next_dagrun for tutorial to 2022-03-02T15:30:15.155424+00:00
[2022-03-03 15:30:15,261] {processor.py:171} INFO - Processing /home/airflow/.local/lib/python3.7/site-packages/airflow/example_dags/tutorial.py took 0.181 seconds
[2022-03-03 15:30:45,577] {processor.py:163} INFO - Started process (PID=1389) to work on /home/airflow/.local/lib/python3.7/site-packages/airflow/example_dags/tutorial.py
[2022-03-03 15:30:45,580] {processor.py:642} INFO - Processing file /home/airflow/.local/lib/python3.7/site-packages/airflow/example_dags/tutorial.py for tasks to queue
[2022-03-03 15:30:45,581] {logging_mixin.py:109} INFO - [2022-03-03 15:30:45,581] {dagbag.py:500} INFO - Filling up the DagBag from /home/airflow/.local/lib/python3.7/site-packages/airflow/example_dags/tutorial.py
[2022-03-03 15:30:45,612] {processor.py:654} INFO - DAG(s) dict_keys(['tutorial']) retrieved from /home/airflow/.local/lib/python3.7/site-packages/airflow/example_dags/tutorial.py
[2022-03-03 15:30:45,622] {logging_mixin.py:109} INFO - [2022-03-03 15:30:45,622] {dag.py:2396} INFO - Sync 1 DAGs
[2022-03-03 15:30:45,728] {logging_mixin.py:109} INFO - [2022-03-03 15:30:45,728] {dag.py:2935} INFO - Setting next_dagrun for tutorial to 2022-03-02T15:30:45.728174+00:00
[2022-03-03 15:30:45,740] {processor.py:171} INFO - Processing /home/airflow/.local/lib/python3.7/site-packages/airflow/example_dags/tutorial.py took 0.167 seconds
[2022-03-03 15:31:16,474] {processor.py:163} INFO - Started process (PID=1446) to work on /home/airflow/.local/lib/python3.7/site-packages/airflow/example_dags/tutorial.py
[2022-03-03 15:31:16,480] {processor.py:642} INFO - Processing file /home/airflow/.local/lib/python3.7/site-packages/airflow/example_dags/tutorial.py for tasks to queue
[2022-03-03 15:31:16,499] {logging_mixin.py:109} INFO - [2022-03-03 15:31:16,499] {dagbag.py:500} INFO - Filling up the DagBag from /home/airflow/.local/lib/python3.7/site-packages/airflow/example_dags/tutorial.py
[2022-03-03 15:31:16,543] {processor.py:654} INFO - DAG(s) dict_keys(['tutorial']) retrieved from /home/airflow/.local/lib/python3.7/site-packages/airflow/example_dags/tutorial.py
[2022-03-03 15:31:16,570] {logging_mixin.py:109} INFO - [2022-03-03 15:31:16,570] {dag.py:2396} INFO - Sync 1 DAGs
[2022-03-03 15:31:16,854] {logging_mixin.py:109} INFO - [2022-03-03 15:31:16,854] {dag.py:2935} INFO - Setting next_dagrun for tutorial to 2022-03-02T15:31:16.854434+00:00
[2022-03-03 15:31:16,884] {processor.py:171} INFO - Processing /home/airflow/.local/lib/python3.7/site-packages/airflow/example_dags/tutorial.py took 0.421 seconds
[2022-03-03 15:31:46,964] {processor.py:163} INFO - Started process (PID=1506) to work on /home/airflow/.local/lib/python3.7/site-packages/airflow/example_dags/tutorial.py
[2022-03-03 15:31:46,966] {processor.py:642} INFO - Processing file /home/airflow/.local/lib/python3.7/site-packages/airflow/example_dags/tutorial.py for tasks to queue
[2022-03-03 15:31:46,970] {logging_mixin.py:109} INFO - [2022-03-03 15:31:46,970] {dagbag.py:500} INFO - Filling up the DagBag from /home/airflow/.local/lib/python3.7/site-packages/airflow/example_dags/tutorial.py
[2022-03-03 15:31:47,004] {processor.py:654} INFO - DAG(s) dict_keys(['tutorial']) retrieved from /home/airflow/.local/lib/python3.7/site-packages/airflow/example_dags/tutorial.py
[2022-03-03 15:31:47,015] {logging_mixin.py:109} INFO - [2022-03-03 15:31:47,015] {dag.py:2396} INFO - Sync 1 DAGs
[2022-03-03 15:31:47,118] {logging_mixin.py:109} INFO - [2022-03-03 15:31:47,118] {dag.py:2935} INFO - Setting next_dagrun for tutorial to 2022-03-02T15:31:47.118258+00:00
[2022-03-03 15:31:47,131] {processor.py:171} INFO - Processing /home/airflow/.local/lib/python3.7/site-packages/airflow/example_dags/tutorial.py took 0.176 seconds
[2022-03-03 15:32:17,455] {processor.py:163} INFO - Started process (PID=1561) to work on /home/airflow/.local/lib/python3.7/site-packages/airflow/example_dags/tutorial.py
[2022-03-03 15:32:17,459] {processor.py:642} INFO - Processing file /home/airflow/.local/lib/python3.7/site-packages/airflow/example_dags/tutorial.py for tasks to queue
[2022-03-03 15:32:17,461] {logging_mixin.py:109} INFO - [2022-03-03 15:32:17,461] {dagbag.py:500} INFO - Filling up the DagBag from /home/airflow/.local/lib/python3.7/site-packages/airflow/example_dags/tutorial.py
[2022-03-03 15:32:17,590] {processor.py:654} INFO - DAG(s) dict_keys(['tutorial']) retrieved from /home/airflow/.local/lib/python3.7/site-packages/airflow/example_dags/tutorial.py
[2022-03-03 15:32:17,795] {logging_mixin.py:109} INFO - [2022-03-03 15:32:17,794] {dag.py:2396} INFO - Sync 1 DAGs
[2022-03-03 15:32:17,824] {logging_mixin.py:109} INFO - [2022-03-03 15:32:17,824] {dag.py:2935} INFO - Setting next_dagrun for tutorial to 2022-03-02T15:32:17.824365+00:00
[2022-03-03 15:32:17,833] {processor.py:171} INFO - Processing /home/airflow/.local/lib/python3.7/site-packages/airflow/example_dags/tutorial.py took 0.404 seconds
[2022-03-03 15:32:50,417] {processor.py:163} INFO - Started process (PID=1627) to work on /home/airflow/.local/lib/python3.7/site-packages/airflow/example_dags/tutorial.py
[2022-03-03 15:32:50,421] {processor.py:642} INFO - Processing file /home/airflow/.local/lib/python3.7/site-packages/airflow/example_dags/tutorial.py for tasks to queue
[2022-03-03 15:32:50,423] {logging_mixin.py:109} INFO - [2022-03-03 15:32:50,423] {dagbag.py:500} INFO - Filling up the DagBag from /home/airflow/.local/lib/python3.7/site-packages/airflow/example_dags/tutorial.py
[2022-03-03 15:32:50,732] {processor.py:654} INFO - DAG(s) dict_keys(['tutorial']) retrieved from /home/airflow/.local/lib/python3.7/site-packages/airflow/example_dags/tutorial.py
[2022-03-03 15:32:50,758] {logging_mixin.py:109} INFO - [2022-03-03 15:32:50,758] {dag.py:2396} INFO - Sync 1 DAGs
[2022-03-03 15:32:50,795] {logging_mixin.py:109} INFO - [2022-03-03 15:32:50,795] {dag.py:2935} INFO - Setting next_dagrun for tutorial to 2022-03-02T15:32:50.794822+00:00
[2022-03-03 15:32:50,823] {processor.py:171} INFO - Processing /home/airflow/.local/lib/python3.7/site-packages/airflow/example_dags/tutorial.py took 0.418 seconds
[2022-03-03 15:33:20,981] {processor.py:163} INFO - Started process (PID=1684) to work on /home/airflow/.local/lib/python3.7/site-packages/airflow/example_dags/tutorial.py
[2022-03-03 15:33:20,983] {processor.py:642} INFO - Processing file /home/airflow/.local/lib/python3.7/site-packages/airflow/example_dags/tutorial.py for tasks to queue
[2022-03-03 15:33:20,984] {logging_mixin.py:109} INFO - [2022-03-03 15:33:20,984] {dagbag.py:500} INFO - Filling up the DagBag from /home/airflow/.local/lib/python3.7/site-packages/airflow/example_dags/tutorial.py
[2022-03-03 15:33:21,103] {processor.py:654} INFO - DAG(s) dict_keys(['tutorial']) retrieved from /home/airflow/.local/lib/python3.7/site-packages/airflow/example_dags/tutorial.py
[2022-03-03 15:33:21,117] {logging_mixin.py:109} INFO - [2022-03-03 15:33:21,117] {dag.py:2396} INFO - Sync 1 DAGs
[2022-03-03 15:33:21,139] {logging_mixin.py:109} INFO - [2022-03-03 15:33:21,139] {dag.py:2935} INFO - Setting next_dagrun for tutorial to 2022-03-02T15:33:21.139112+00:00
[2022-03-03 15:33:21,180] {processor.py:171} INFO - Processing /home/airflow/.local/lib/python3.7/site-packages/airflow/example_dags/tutorial.py took 0.204 seconds
[2022-03-03 15:33:51,867] {processor.py:163} INFO - Started process (PID=1740) to work on /home/airflow/.local/lib/python3.7/site-packages/airflow/example_dags/tutorial.py
[2022-03-03 15:33:51,869] {processor.py:642} INFO - Processing file /home/airflow/.local/lib/python3.7/site-packages/airflow/example_dags/tutorial.py for tasks to queue
[2022-03-03 15:33:51,871] {logging_mixin.py:109} INFO - [2022-03-03 15:33:51,871] {dagbag.py:500} INFO - Filling up the DagBag from /home/airflow/.local/lib/python3.7/site-packages/airflow/example_dags/tutorial.py
[2022-03-03 15:33:51,989] {processor.py:654} INFO - DAG(s) dict_keys(['tutorial']) retrieved from /home/airflow/.local/lib/python3.7/site-packages/airflow/example_dags/tutorial.py
[2022-03-03 15:33:52,002] {logging_mixin.py:109} INFO - [2022-03-03 15:33:52,002] {dag.py:2396} INFO - Sync 1 DAGs
[2022-03-03 15:33:52,017] {logging_mixin.py:109} INFO - [2022-03-03 15:33:52,017] {dag.py:2935} INFO - Setting next_dagrun for tutorial to 2022-03-02T15:33:52.017007+00:00
[2022-03-03 15:33:52,033] {processor.py:171} INFO - Processing /home/airflow/.local/lib/python3.7/site-packages/airflow/example_dags/tutorial.py took 0.171 seconds
[2022-03-03 15:34:22,145] {processor.py:163} INFO - Started process (PID=1799) to work on /home/airflow/.local/lib/python3.7/site-packages/airflow/example_dags/tutorial.py
[2022-03-03 15:34:22,147] {processor.py:642} INFO - Processing file /home/airflow/.local/lib/python3.7/site-packages/airflow/example_dags/tutorial.py for tasks to queue
[2022-03-03 15:34:22,148] {logging_mixin.py:109} INFO - [2022-03-03 15:34:22,148] {dagbag.py:500} INFO - Filling up the DagBag from /home/airflow/.local/lib/python3.7/site-packages/airflow/example_dags/tutorial.py
[2022-03-03 15:34:22,267] {processor.py:654} INFO - DAG(s) dict_keys(['tutorial']) retrieved from /home/airflow/.local/lib/python3.7/site-packages/airflow/example_dags/tutorial.py
[2022-03-03 15:34:22,282] {logging_mixin.py:109} INFO - [2022-03-03 15:34:22,282] {dag.py:2396} INFO - Sync 1 DAGs
[2022-03-03 15:34:22,298] {logging_mixin.py:109} INFO - [2022-03-03 15:34:22,298] {dag.py:2935} INFO - Setting next_dagrun for tutorial to 2022-03-02T15:34:22.298494+00:00
[2022-03-03 15:34:22,307] {processor.py:171} INFO - Processing /home/airflow/.local/lib/python3.7/site-packages/airflow/example_dags/tutorial.py took 0.166 seconds
[2022-03-03 15:34:52,632] {processor.py:163} INFO - Started process (PID=1855) to work on /home/airflow/.local/lib/python3.7/site-packages/airflow/example_dags/tutorial.py
[2022-03-03 15:34:52,634] {processor.py:642} INFO - Processing file /home/airflow/.local/lib/python3.7/site-packages/airflow/example_dags/tutorial.py for tasks to queue
[2022-03-03 15:34:52,635] {logging_mixin.py:109} INFO - [2022-03-03 15:34:52,635] {dagbag.py:500} INFO - Filling up the DagBag from /home/airflow/.local/lib/python3.7/site-packages/airflow/example_dags/tutorial.py
[2022-03-03 15:34:52,669] {processor.py:654} INFO - DAG(s) dict_keys(['tutorial']) retrieved from /home/airflow/.local/lib/python3.7/site-packages/airflow/example_dags/tutorial.py
[2022-03-03 15:34:52,683] {logging_mixin.py:109} INFO - [2022-03-03 15:34:52,683] {dag.py:2396} INFO - Sync 1 DAGs
[2022-03-03 15:34:52,710] {logging_mixin.py:109} INFO - [2022-03-03 15:34:52,710] {dag.py:2935} INFO - Setting next_dagrun for tutorial to 2022-03-02T15:34:52.709828+00:00
[2022-03-03 15:34:52,722] {processor.py:171} INFO - Processing /home/airflow/.local/lib/python3.7/site-packages/airflow/example_dags/tutorial.py took 0.095 seconds
[2022-03-03 15:35:23,025] {processor.py:163} INFO - Started process (PID=1911) to work on /home/airflow/.local/lib/python3.7/site-packages/airflow/example_dags/tutorial.py
[2022-03-03 15:35:23,028] {processor.py:642} INFO - Processing file /home/airflow/.local/lib/python3.7/site-packages/airflow/example_dags/tutorial.py for tasks to queue
[2022-03-03 15:35:23,032] {logging_mixin.py:109} INFO - [2022-03-03 15:35:23,032] {dagbag.py:500} INFO - Filling up the DagBag from /home/airflow/.local/lib/python3.7/site-packages/airflow/example_dags/tutorial.py
[2022-03-03 15:35:23,151] {processor.py:654} INFO - DAG(s) dict_keys(['tutorial']) retrieved from /home/airflow/.local/lib/python3.7/site-packages/airflow/example_dags/tutorial.py
[2022-03-03 15:35:23,189] {logging_mixin.py:109} INFO - [2022-03-03 15:35:23,189] {dag.py:2396} INFO - Sync 1 DAGs
[2022-03-03 15:35:23,232] {logging_mixin.py:109} INFO - [2022-03-03 15:35:23,232] {dag.py:2935} INFO - Setting next_dagrun for tutorial to 2022-03-02T15:35:23.231908+00:00
[2022-03-03 15:35:23,261] {processor.py:171} INFO - Processing /home/airflow/.local/lib/python3.7/site-packages/airflow/example_dags/tutorial.py took 0.253 seconds
[2022-03-03 15:35:54,071] {processor.py:163} INFO - Started process (PID=1976) to work on /home/airflow/.local/lib/python3.7/site-packages/airflow/example_dags/tutorial.py
[2022-03-03 15:35:54,077] {processor.py:642} INFO - Processing file /home/airflow/.local/lib/python3.7/site-packages/airflow/example_dags/tutorial.py for tasks to queue
[2022-03-03 15:35:54,083] {logging_mixin.py:109} INFO - [2022-03-03 15:35:54,082] {dagbag.py:500} INFO - Filling up the DagBag from /home/airflow/.local/lib/python3.7/site-packages/airflow/example_dags/tutorial.py
[2022-03-03 15:35:54,171] {processor.py:654} INFO - DAG(s) dict_keys(['tutorial']) retrieved from /home/airflow/.local/lib/python3.7/site-packages/airflow/example_dags/tutorial.py
[2022-03-03 15:35:54,187] {logging_mixin.py:109} INFO - [2022-03-03 15:35:54,187] {dag.py:2396} INFO - Sync 1 DAGs
[2022-03-03 15:35:54,237] {logging_mixin.py:109} INFO - [2022-03-03 15:35:54,237] {dag.py:2935} INFO - Setting next_dagrun for tutorial to 2022-03-02T15:35:54.237405+00:00
[2022-03-03 15:35:54,263] {processor.py:171} INFO - Processing /home/airflow/.local/lib/python3.7/site-packages/airflow/example_dags/tutorial.py took 0.197 seconds
[2022-03-03 15:36:25,178] {processor.py:163} INFO - Started process (PID=2030) to work on /home/airflow/.local/lib/python3.7/site-packages/airflow/example_dags/tutorial.py
[2022-03-03 15:36:25,181] {processor.py:642} INFO - Processing file /home/airflow/.local/lib/python3.7/site-packages/airflow/example_dags/tutorial.py for tasks to queue
[2022-03-03 15:36:25,182] {logging_mixin.py:109} INFO - [2022-03-03 15:36:25,182] {dagbag.py:500} INFO - Filling up the DagBag from /home/airflow/.local/lib/python3.7/site-packages/airflow/example_dags/tutorial.py
[2022-03-03 15:36:25,214] {processor.py:654} INFO - DAG(s) dict_keys(['tutorial']) retrieved from /home/airflow/.local/lib/python3.7/site-packages/airflow/example_dags/tutorial.py
[2022-03-03 15:36:25,223] {logging_mixin.py:109} INFO - [2022-03-03 15:36:25,222] {dag.py:2396} INFO - Sync 1 DAGs
[2022-03-03 15:36:25,240] {logging_mixin.py:109} INFO - [2022-03-03 15:36:25,240] {dag.py:2935} INFO - Setting next_dagrun for tutorial to 2022-03-02T15:36:25.240494+00:00
[2022-03-03 15:36:25,249] {processor.py:171} INFO - Processing /home/airflow/.local/lib/python3.7/site-packages/airflow/example_dags/tutorial.py took 0.076 seconds
[2022-03-03 15:36:55,848] {processor.py:163} INFO - Started process (PID=2085) to work on /home/airflow/.local/lib/python3.7/site-packages/airflow/example_dags/tutorial.py
[2022-03-03 15:36:55,849] {processor.py:642} INFO - Processing file /home/airflow/.local/lib/python3.7/site-packages/airflow/example_dags/tutorial.py for tasks to queue
[2022-03-03 15:36:55,850] {logging_mixin.py:109} INFO - [2022-03-03 15:36:55,850] {dagbag.py:500} INFO - Filling up the DagBag from /home/airflow/.local/lib/python3.7/site-packages/airflow/example_dags/tutorial.py
[2022-03-03 15:36:55,891] {processor.py:654} INFO - DAG(s) dict_keys(['tutorial']) retrieved from /home/airflow/.local/lib/python3.7/site-packages/airflow/example_dags/tutorial.py
[2022-03-03 15:36:55,901] {logging_mixin.py:109} INFO - [2022-03-03 15:36:55,900] {dag.py:2396} INFO - Sync 1 DAGs
[2022-03-03 15:36:55,925] {logging_mixin.py:109} INFO - [2022-03-03 15:36:55,925] {dag.py:2935} INFO - Setting next_dagrun for tutorial to 2022-03-02T15:36:55.925589+00:00
[2022-03-03 15:36:55,937] {processor.py:171} INFO - Processing /home/airflow/.local/lib/python3.7/site-packages/airflow/example_dags/tutorial.py took 0.093 seconds
[2022-03-03 15:37:26,019] {processor.py:163} INFO - Started process (PID=2143) to work on /home/airflow/.local/lib/python3.7/site-packages/airflow/example_dags/tutorial.py
[2022-03-03 15:37:26,023] {processor.py:642} INFO - Processing file /home/airflow/.local/lib/python3.7/site-packages/airflow/example_dags/tutorial.py for tasks to queue
[2022-03-03 15:37:26,025] {logging_mixin.py:109} INFO - [2022-03-03 15:37:26,024] {dagbag.py:500} INFO - Filling up the DagBag from /home/airflow/.local/lib/python3.7/site-packages/airflow/example_dags/tutorial.py
[2022-03-03 15:37:26,057] {processor.py:654} INFO - DAG(s) dict_keys(['tutorial']) retrieved from /home/airflow/.local/lib/python3.7/site-packages/airflow/example_dags/tutorial.py
[2022-03-03 15:37:26,067] {logging_mixin.py:109} INFO - [2022-03-03 15:37:26,067] {dag.py:2396} INFO - Sync 1 DAGs
[2022-03-03 15:37:26,085] {logging_mixin.py:109} INFO - [2022-03-03 15:37:26,085] {dag.py:2935} INFO - Setting next_dagrun for tutorial to 2022-03-02T15:37:26.085041+00:00
[2022-03-03 15:37:26,094] {processor.py:171} INFO - Processing /home/airflow/.local/lib/python3.7/site-packages/airflow/example_dags/tutorial.py took 0.080 seconds
[2022-03-03 15:37:56,314] {processor.py:163} INFO - Started process (PID=2198) to work on /home/airflow/.local/lib/python3.7/site-packages/airflow/example_dags/tutorial.py
[2022-03-03 15:37:56,317] {processor.py:642} INFO - Processing file /home/airflow/.local/lib/python3.7/site-packages/airflow/example_dags/tutorial.py for tasks to queue
[2022-03-03 15:37:56,318] {logging_mixin.py:109} INFO - [2022-03-03 15:37:56,318] {dagbag.py:500} INFO - Filling up the DagBag from /home/airflow/.local/lib/python3.7/site-packages/airflow/example_dags/tutorial.py
[2022-03-03 15:37:56,376] {processor.py:654} INFO - DAG(s) dict_keys(['tutorial']) retrieved from /home/airflow/.local/lib/python3.7/site-packages/airflow/example_dags/tutorial.py
[2022-03-03 15:37:56,390] {logging_mixin.py:109} INFO - [2022-03-03 15:37:56,390] {dag.py:2396} INFO - Sync 1 DAGs
[2022-03-03 15:37:56,430] {logging_mixin.py:109} INFO - [2022-03-03 15:37:56,430] {dag.py:2935} INFO - Setting next_dagrun for tutorial to 2022-03-02T15:37:56.429907+00:00
[2022-03-03 15:37:56,455] {processor.py:171} INFO - Processing /home/airflow/.local/lib/python3.7/site-packages/airflow/example_dags/tutorial.py took 0.148 seconds
[2022-03-03 15:38:26,658] {processor.py:163} INFO - Started process (PID=2262) to work on /home/airflow/.local/lib/python3.7/site-packages/airflow/example_dags/tutorial.py
[2022-03-03 15:38:26,660] {processor.py:642} INFO - Processing file /home/airflow/.local/lib/python3.7/site-packages/airflow/example_dags/tutorial.py for tasks to queue
[2022-03-03 15:38:26,661] {logging_mixin.py:109} INFO - [2022-03-03 15:38:26,661] {dagbag.py:500} INFO - Filling up the DagBag from /home/airflow/.local/lib/python3.7/site-packages/airflow/example_dags/tutorial.py
[2022-03-03 15:38:26,700] {processor.py:654} INFO - DAG(s) dict_keys(['tutorial']) retrieved from /home/airflow/.local/lib/python3.7/site-packages/airflow/example_dags/tutorial.py
[2022-03-03 15:38:26,708] {logging_mixin.py:109} INFO - [2022-03-03 15:38:26,708] {dag.py:2396} INFO - Sync 1 DAGs
[2022-03-03 15:38:26,724] {logging_mixin.py:109} INFO - [2022-03-03 15:38:26,724] {dag.py:2935} INFO - Setting next_dagrun for tutorial to 2022-03-02T15:38:26.724316+00:00
[2022-03-03 15:38:26,732] {processor.py:171} INFO - Processing /home/airflow/.local/lib/python3.7/site-packages/airflow/example_dags/tutorial.py took 0.078 seconds
[2022-03-03 15:38:57,516] {processor.py:163} INFO - Started process (PID=2316) to work on /home/airflow/.local/lib/python3.7/site-packages/airflow/example_dags/tutorial.py
[2022-03-03 15:38:57,518] {processor.py:642} INFO - Processing file /home/airflow/.local/lib/python3.7/site-packages/airflow/example_dags/tutorial.py for tasks to queue
[2022-03-03 15:38:57,521] {logging_mixin.py:109} INFO - [2022-03-03 15:38:57,521] {dagbag.py:500} INFO - Filling up the DagBag from /home/airflow/.local/lib/python3.7/site-packages/airflow/example_dags/tutorial.py
[2022-03-03 15:38:57,593] {processor.py:654} INFO - DAG(s) dict_keys(['tutorial']) retrieved from /home/airflow/.local/lib/python3.7/site-packages/airflow/example_dags/tutorial.py
[2022-03-03 15:38:57,606] {logging_mixin.py:109} INFO - [2022-03-03 15:38:57,606] {dag.py:2396} INFO - Sync 1 DAGs
[2022-03-03 15:38:57,650] {logging_mixin.py:109} INFO - [2022-03-03 15:38:57,650] {dag.py:2935} INFO - Setting next_dagrun for tutorial to 2022-03-02T15:38:57.649782+00:00
[2022-03-03 15:38:57,667] {processor.py:171} INFO - Processing /home/airflow/.local/lib/python3.7/site-packages/airflow/example_dags/tutorial.py took 0.154 seconds
[2022-03-03 15:39:27,759] {processor.py:163} INFO - Started process (PID=2373) to work on /home/airflow/.local/lib/python3.7/site-packages/airflow/example_dags/tutorial.py
[2022-03-03 15:39:27,761] {processor.py:642} INFO - Processing file /home/airflow/.local/lib/python3.7/site-packages/airflow/example_dags/tutorial.py for tasks to queue
[2022-03-03 15:39:27,762] {logging_mixin.py:109} INFO - [2022-03-03 15:39:27,762] {dagbag.py:500} INFO - Filling up the DagBag from /home/airflow/.local/lib/python3.7/site-packages/airflow/example_dags/tutorial.py
[2022-03-03 15:39:27,793] {processor.py:654} INFO - DAG(s) dict_keys(['tutorial']) retrieved from /home/airflow/.local/lib/python3.7/site-packages/airflow/example_dags/tutorial.py
[2022-03-03 15:39:27,802] {logging_mixin.py:109} INFO - [2022-03-03 15:39:27,802] {dag.py:2396} INFO - Sync 1 DAGs
[2022-03-03 15:39:27,817] {logging_mixin.py:109} INFO - [2022-03-03 15:39:27,817] {dag.py:2935} INFO - Setting next_dagrun for tutorial to 2022-03-02T15:39:27.817458+00:00
[2022-03-03 15:39:27,827] {processor.py:171} INFO - Processing /home/airflow/.local/lib/python3.7/site-packages/airflow/example_dags/tutorial.py took 0.072 seconds
[2022-03-03 15:39:57,959] {processor.py:163} INFO - Started process (PID=2428) to work on /home/airflow/.local/lib/python3.7/site-packages/airflow/example_dags/tutorial.py
[2022-03-03 15:39:57,961] {processor.py:642} INFO - Processing file /home/airflow/.local/lib/python3.7/site-packages/airflow/example_dags/tutorial.py for tasks to queue
[2022-03-03 15:39:57,962] {logging_mixin.py:109} INFO - [2022-03-03 15:39:57,962] {dagbag.py:500} INFO - Filling up the DagBag from /home/airflow/.local/lib/python3.7/site-packages/airflow/example_dags/tutorial.py
[2022-03-03 15:39:57,993] {processor.py:654} INFO - DAG(s) dict_keys(['tutorial']) retrieved from /home/airflow/.local/lib/python3.7/site-packages/airflow/example_dags/tutorial.py
[2022-03-03 15:39:58,002] {logging_mixin.py:109} INFO - [2022-03-03 15:39:58,002] {dag.py:2396} INFO - Sync 1 DAGs
[2022-03-03 15:39:58,024] {logging_mixin.py:109} INFO - [2022-03-03 15:39:58,024] {dag.py:2935} INFO - Setting next_dagrun for tutorial to 2022-03-02T15:39:58.024251+00:00
[2022-03-03 15:39:58,035] {processor.py:171} INFO - Processing /home/airflow/.local/lib/python3.7/site-packages/airflow/example_dags/tutorial.py took 0.081 seconds
[2022-03-03 15:40:28,683] {processor.py:163} INFO - Started process (PID=2481) to work on /home/airflow/.local/lib/python3.7/site-packages/airflow/example_dags/tutorial.py
[2022-03-03 15:40:28,687] {processor.py:642} INFO - Processing file /home/airflow/.local/lib/python3.7/site-packages/airflow/example_dags/tutorial.py for tasks to queue
[2022-03-03 15:40:28,690] {logging_mixin.py:109} INFO - [2022-03-03 15:40:28,690] {dagbag.py:500} INFO - Filling up the DagBag from /home/airflow/.local/lib/python3.7/site-packages/airflow/example_dags/tutorial.py
[2022-03-03 15:40:28,739] {processor.py:654} INFO - DAG(s) dict_keys(['tutorial']) retrieved from /home/airflow/.local/lib/python3.7/site-packages/airflow/example_dags/tutorial.py
[2022-03-03 15:40:28,758] {logging_mixin.py:109} INFO - [2022-03-03 15:40:28,758] {dag.py:2396} INFO - Sync 1 DAGs
[2022-03-03 15:40:28,809] {logging_mixin.py:109} INFO - [2022-03-03 15:40:28,809] {dag.py:2935} INFO - Setting next_dagrun for tutorial to 2022-03-02T15:40:28.808834+00:00
[2022-03-03 15:40:28,847] {processor.py:171} INFO - Processing /home/airflow/.local/lib/python3.7/site-packages/airflow/example_dags/tutorial.py took 0.167 seconds
[2022-03-03 15:40:59,066] {processor.py:163} INFO - Started process (PID=2549) to work on /home/airflow/.local/lib/python3.7/site-packages/airflow/example_dags/tutorial.py
[2022-03-03 15:40:59,071] {processor.py:642} INFO - Processing file /home/airflow/.local/lib/python3.7/site-packages/airflow/example_dags/tutorial.py for tasks to queue
[2022-03-03 15:40:59,074] {logging_mixin.py:109} INFO - [2022-03-03 15:40:59,074] {dagbag.py:500} INFO - Filling up the DagBag from /home/airflow/.local/lib/python3.7/site-packages/airflow/example_dags/tutorial.py
[2022-03-03 15:40:59,138] {processor.py:654} INFO - DAG(s) dict_keys(['tutorial']) retrieved from /home/airflow/.local/lib/python3.7/site-packages/airflow/example_dags/tutorial.py
[2022-03-03 15:40:59,167] {logging_mixin.py:109} INFO - [2022-03-03 15:40:59,167] {dag.py:2396} INFO - Sync 1 DAGs
[2022-03-03 15:40:59,208] {logging_mixin.py:109} INFO - [2022-03-03 15:40:59,208] {dag.py:2935} INFO - Setting next_dagrun for tutorial to 2022-03-02T15:40:59.208169+00:00
[2022-03-03 15:40:59,230] {processor.py:171} INFO - Processing /home/airflow/.local/lib/python3.7/site-packages/airflow/example_dags/tutorial.py took 0.170 seconds
[2022-03-03 15:41:29,310] {processor.py:163} INFO - Started process (PID=2606) to work on /home/airflow/.local/lib/python3.7/site-packages/airflow/example_dags/tutorial.py
[2022-03-03 15:41:29,312] {processor.py:642} INFO - Processing file /home/airflow/.local/lib/python3.7/site-packages/airflow/example_dags/tutorial.py for tasks to queue
[2022-03-03 15:41:29,313] {logging_mixin.py:109} INFO - [2022-03-03 15:41:29,313] {dagbag.py:500} INFO - Filling up the DagBag from /home/airflow/.local/lib/python3.7/site-packages/airflow/example_dags/tutorial.py
[2022-03-03 15:41:29,344] {processor.py:654} INFO - DAG(s) dict_keys(['tutorial']) retrieved from /home/airflow/.local/lib/python3.7/site-packages/airflow/example_dags/tutorial.py
[2022-03-03 15:41:29,354] {logging_mixin.py:109} INFO - [2022-03-03 15:41:29,354] {dag.py:2396} INFO - Sync 1 DAGs
[2022-03-03 15:41:29,371] {logging_mixin.py:109} INFO - [2022-03-03 15:41:29,371] {dag.py:2935} INFO - Setting next_dagrun for tutorial to 2022-03-02T15:41:29.371577+00:00
[2022-03-03 15:41:29,380] {processor.py:171} INFO - Processing /home/airflow/.local/lib/python3.7/site-packages/airflow/example_dags/tutorial.py took 0.078 seconds
[2022-03-03 15:41:59,478] {processor.py:163} INFO - Started process (PID=2659) to work on /home/airflow/.local/lib/python3.7/site-packages/airflow/example_dags/tutorial.py
[2022-03-03 15:41:59,479] {processor.py:642} INFO - Processing file /home/airflow/.local/lib/python3.7/site-packages/airflow/example_dags/tutorial.py for tasks to queue
[2022-03-03 15:41:59,481] {logging_mixin.py:109} INFO - [2022-03-03 15:41:59,480] {dagbag.py:500} INFO - Filling up the DagBag from /home/airflow/.local/lib/python3.7/site-packages/airflow/example_dags/tutorial.py
[2022-03-03 15:41:59,529] {processor.py:654} INFO - DAG(s) dict_keys(['tutorial']) retrieved from /home/airflow/.local/lib/python3.7/site-packages/airflow/example_dags/tutorial.py
[2022-03-03 15:41:59,539] {logging_mixin.py:109} INFO - [2022-03-03 15:41:59,539] {dag.py:2396} INFO - Sync 1 DAGs
[2022-03-03 15:41:59,566] {logging_mixin.py:109} INFO - [2022-03-03 15:41:59,566] {dag.py:2935} INFO - Setting next_dagrun for tutorial to 2022-03-02T15:41:59.566279+00:00
[2022-03-03 15:41:59,577] {processor.py:171} INFO - Processing /home/airflow/.local/lib/python3.7/site-packages/airflow/example_dags/tutorial.py took 0.103 seconds
[2022-03-03 15:42:29,725] {processor.py:163} INFO - Started process (PID=2714) to work on /home/airflow/.local/lib/python3.7/site-packages/airflow/example_dags/tutorial.py
[2022-03-03 15:42:29,727] {processor.py:642} INFO - Processing file /home/airflow/.local/lib/python3.7/site-packages/airflow/example_dags/tutorial.py for tasks to queue
[2022-03-03 15:42:29,729] {logging_mixin.py:109} INFO - [2022-03-03 15:42:29,729] {dagbag.py:500} INFO - Filling up the DagBag from /home/airflow/.local/lib/python3.7/site-packages/airflow/example_dags/tutorial.py
[2022-03-03 15:42:29,760] {processor.py:654} INFO - DAG(s) dict_keys(['tutorial']) retrieved from /home/airflow/.local/lib/python3.7/site-packages/airflow/example_dags/tutorial.py
[2022-03-03 15:42:29,770] {logging_mixin.py:109} INFO - [2022-03-03 15:42:29,770] {dag.py:2396} INFO - Sync 1 DAGs
[2022-03-03 15:42:29,787] {logging_mixin.py:109} INFO - [2022-03-03 15:42:29,787] {dag.py:2935} INFO - Setting next_dagrun for tutorial to 2022-03-02T15:42:29.787384+00:00
[2022-03-03 15:42:29,798] {processor.py:171} INFO - Processing /home/airflow/.local/lib/python3.7/site-packages/airflow/example_dags/tutorial.py took 0.078 seconds
[2022-03-03 15:43:00,218] {processor.py:163} INFO - Started process (PID=2779) to work on /home/airflow/.local/lib/python3.7/site-packages/airflow/example_dags/tutorial.py
[2022-03-03 15:43:00,220] {processor.py:642} INFO - Processing file /home/airflow/.local/lib/python3.7/site-packages/airflow/example_dags/tutorial.py for tasks to queue
[2022-03-03 15:43:00,222] {logging_mixin.py:109} INFO - [2022-03-03 15:43:00,222] {dagbag.py:500} INFO - Filling up the DagBag from /home/airflow/.local/lib/python3.7/site-packages/airflow/example_dags/tutorial.py
[2022-03-03 15:43:00,253] {processor.py:654} INFO - DAG(s) dict_keys(['tutorial']) retrieved from /home/airflow/.local/lib/python3.7/site-packages/airflow/example_dags/tutorial.py
[2022-03-03 15:43:00,263] {logging_mixin.py:109} INFO - [2022-03-03 15:43:00,262] {dag.py:2396} INFO - Sync 1 DAGs
[2022-03-03 15:43:00,278] {logging_mixin.py:109} INFO - [2022-03-03 15:43:00,278] {dag.py:2935} INFO - Setting next_dagrun for tutorial to 2022-03-02T15:43:00.277811+00:00
[2022-03-03 15:43:00,287] {processor.py:171} INFO - Processing /home/airflow/.local/lib/python3.7/site-packages/airflow/example_dags/tutorial.py took 0.074 seconds
[2022-03-03 15:43:31,121] {processor.py:163} INFO - Started process (PID=2846) to work on /home/airflow/.local/lib/python3.7/site-packages/airflow/example_dags/tutorial.py
[2022-03-03 15:43:31,143] {processor.py:642} INFO - Processing file /home/airflow/.local/lib/python3.7/site-packages/airflow/example_dags/tutorial.py for tasks to queue
[2022-03-03 15:43:31,154] {logging_mixin.py:109} INFO - [2022-03-03 15:43:31,153] {dagbag.py:500} INFO - Filling up the DagBag from /home/airflow/.local/lib/python3.7/site-packages/airflow/example_dags/tutorial.py
[2022-03-03 15:43:31,265] {processor.py:654} INFO - DAG(s) dict_keys(['tutorial']) retrieved from /home/airflow/.local/lib/python3.7/site-packages/airflow/example_dags/tutorial.py
[2022-03-03 15:43:31,298] {logging_mixin.py:109} INFO - [2022-03-03 15:43:31,298] {dag.py:2396} INFO - Sync 1 DAGs
[2022-03-03 15:43:31,341] {logging_mixin.py:109} INFO - [2022-03-03 15:43:31,341] {dag.py:2935} INFO - Setting next_dagrun for tutorial to 2022-03-02T15:43:31.341002+00:00
[2022-03-03 15:43:31,370] {processor.py:171} INFO - Processing /home/airflow/.local/lib/python3.7/site-packages/airflow/example_dags/tutorial.py took 0.263 seconds
[2022-03-03 15:44:01,799] {processor.py:163} INFO - Started process (PID=2901) to work on /home/airflow/.local/lib/python3.7/site-packages/airflow/example_dags/tutorial.py
[2022-03-03 15:44:01,803] {processor.py:642} INFO - Processing file /home/airflow/.local/lib/python3.7/site-packages/airflow/example_dags/tutorial.py for tasks to queue
[2022-03-03 15:44:01,806] {logging_mixin.py:109} INFO - [2022-03-03 15:44:01,805] {dagbag.py:500} INFO - Filling up the DagBag from /home/airflow/.local/lib/python3.7/site-packages/airflow/example_dags/tutorial.py
[2022-03-03 15:44:01,858] {processor.py:654} INFO - DAG(s) dict_keys(['tutorial']) retrieved from /home/airflow/.local/lib/python3.7/site-packages/airflow/example_dags/tutorial.py
[2022-03-03 15:44:01,878] {logging_mixin.py:109} INFO - [2022-03-03 15:44:01,878] {dag.py:2396} INFO - Sync 1 DAGs
[2022-03-03 15:44:01,930] {logging_mixin.py:109} INFO - [2022-03-03 15:44:01,930] {dag.py:2935} INFO - Setting next_dagrun for tutorial to 2022-03-02T15:44:01.929827+00:00
[2022-03-03 15:44:01,976] {processor.py:171} INFO - Processing /home/airflow/.local/lib/python3.7/site-packages/airflow/example_dags/tutorial.py took 0.187 seconds
[2022-03-03 15:44:32,286] {processor.py:163} INFO - Started process (PID=2956) to work on /home/airflow/.local/lib/python3.7/site-packages/airflow/example_dags/tutorial.py
[2022-03-03 15:44:32,294] {processor.py:642} INFO - Processing file /home/airflow/.local/lib/python3.7/site-packages/airflow/example_dags/tutorial.py for tasks to queue
[2022-03-03 15:44:32,297] {logging_mixin.py:109} INFO - [2022-03-03 15:44:32,297] {dagbag.py:500} INFO - Filling up the DagBag from /home/airflow/.local/lib/python3.7/site-packages/airflow/example_dags/tutorial.py
[2022-03-03 15:44:32,360] {processor.py:654} INFO - DAG(s) dict_keys(['tutorial']) retrieved from /home/airflow/.local/lib/python3.7/site-packages/airflow/example_dags/tutorial.py
[2022-03-03 15:44:32,373] {logging_mixin.py:109} INFO - [2022-03-03 15:44:32,373] {dag.py:2396} INFO - Sync 1 DAGs
[2022-03-03 15:44:32,399] {logging_mixin.py:109} INFO - [2022-03-03 15:44:32,399] {dag.py:2935} INFO - Setting next_dagrun for tutorial to 2022-03-02T15:44:32.399473+00:00
[2022-03-03 15:44:32,415] {processor.py:171} INFO - Processing /home/airflow/.local/lib/python3.7/site-packages/airflow/example_dags/tutorial.py took 0.140 seconds
[2022-03-03 15:45:02,981] {processor.py:163} INFO - Started process (PID=3015) to work on /home/airflow/.local/lib/python3.7/site-packages/airflow/example_dags/tutorial.py
[2022-03-03 15:45:02,983] {processor.py:642} INFO - Processing file /home/airflow/.local/lib/python3.7/site-packages/airflow/example_dags/tutorial.py for tasks to queue
[2022-03-03 15:45:02,984] {logging_mixin.py:109} INFO - [2022-03-03 15:45:02,984] {dagbag.py:500} INFO - Filling up the DagBag from /home/airflow/.local/lib/python3.7/site-packages/airflow/example_dags/tutorial.py
[2022-03-03 15:45:03,012] {processor.py:654} INFO - DAG(s) dict_keys(['tutorial']) retrieved from /home/airflow/.local/lib/python3.7/site-packages/airflow/example_dags/tutorial.py
[2022-03-03 15:45:03,021] {logging_mixin.py:109} INFO - [2022-03-03 15:45:03,021] {dag.py:2396} INFO - Sync 1 DAGs
[2022-03-03 15:45:03,037] {logging_mixin.py:109} INFO - [2022-03-03 15:45:03,036] {dag.py:2935} INFO - Setting next_dagrun for tutorial to 2022-03-02T15:45:03.036649+00:00
[2022-03-03 15:45:03,046] {processor.py:171} INFO - Processing /home/airflow/.local/lib/python3.7/site-packages/airflow/example_dags/tutorial.py took 0.068 seconds
[2022-03-03 15:45:33,779] {processor.py:163} INFO - Started process (PID=3069) to work on /home/airflow/.local/lib/python3.7/site-packages/airflow/example_dags/tutorial.py
[2022-03-03 15:45:33,781] {processor.py:642} INFO - Processing file /home/airflow/.local/lib/python3.7/site-packages/airflow/example_dags/tutorial.py for tasks to queue
[2022-03-03 15:45:33,785] {logging_mixin.py:109} INFO - [2022-03-03 15:45:33,785] {dagbag.py:500} INFO - Filling up the DagBag from /home/airflow/.local/lib/python3.7/site-packages/airflow/example_dags/tutorial.py
[2022-03-03 15:45:33,839] {processor.py:654} INFO - DAG(s) dict_keys(['tutorial']) retrieved from /home/airflow/.local/lib/python3.7/site-packages/airflow/example_dags/tutorial.py
[2022-03-03 15:45:33,852] {logging_mixin.py:109} INFO - [2022-03-03 15:45:33,852] {dag.py:2396} INFO - Sync 1 DAGs
[2022-03-03 15:45:33,867] {logging_mixin.py:109} INFO - [2022-03-03 15:45:33,867] {dag.py:2935} INFO - Setting next_dagrun for tutorial to 2022-03-02T15:45:33.867530+00:00
[2022-03-03 15:45:33,878] {processor.py:171} INFO - Processing /home/airflow/.local/lib/python3.7/site-packages/airflow/example_dags/tutorial.py took 0.109 seconds
[2022-03-03 15:46:03,945] {processor.py:163} INFO - Started process (PID=3141) to work on /home/airflow/.local/lib/python3.7/site-packages/airflow/example_dags/tutorial.py
[2022-03-03 15:46:03,949] {processor.py:642} INFO - Processing file /home/airflow/.local/lib/python3.7/site-packages/airflow/example_dags/tutorial.py for tasks to queue
[2022-03-03 15:46:03,950] {logging_mixin.py:109} INFO - [2022-03-03 15:46:03,949] {dagbag.py:500} INFO - Filling up the DagBag from /home/airflow/.local/lib/python3.7/site-packages/airflow/example_dags/tutorial.py
[2022-03-03 15:46:04,005] {processor.py:654} INFO - DAG(s) dict_keys(['tutorial']) retrieved from /home/airflow/.local/lib/python3.7/site-packages/airflow/example_dags/tutorial.py
[2022-03-03 15:46:04,025] {logging_mixin.py:109} INFO - [2022-03-03 15:46:04,025] {dag.py:2396} INFO - Sync 1 DAGs
[2022-03-03 15:46:04,055] {logging_mixin.py:109} INFO - [2022-03-03 15:46:04,055] {dag.py:2935} INFO - Setting next_dagrun for tutorial to 2022-03-02T15:46:04.055439+00:00
[2022-03-03 15:46:04,076] {processor.py:171} INFO - Processing /home/airflow/.local/lib/python3.7/site-packages/airflow/example_dags/tutorial.py took 0.143 seconds
[2022-03-03 15:46:34,191] {processor.py:163} INFO - Started process (PID=3195) to work on /home/airflow/.local/lib/python3.7/site-packages/airflow/example_dags/tutorial.py
[2022-03-03 15:46:34,194] {processor.py:642} INFO - Processing file /home/airflow/.local/lib/python3.7/site-packages/airflow/example_dags/tutorial.py for tasks to queue
[2022-03-03 15:46:34,195] {logging_mixin.py:109} INFO - [2022-03-03 15:46:34,195] {dagbag.py:500} INFO - Filling up the DagBag from /home/airflow/.local/lib/python3.7/site-packages/airflow/example_dags/tutorial.py
[2022-03-03 15:46:34,228] {processor.py:654} INFO - DAG(s) dict_keys(['tutorial']) retrieved from /home/airflow/.local/lib/python3.7/site-packages/airflow/example_dags/tutorial.py
[2022-03-03 15:46:34,240] {logging_mixin.py:109} INFO - [2022-03-03 15:46:34,240] {dag.py:2396} INFO - Sync 1 DAGs
[2022-03-03 15:46:34,259] {logging_mixin.py:109} INFO - [2022-03-03 15:46:34,259] {dag.py:2935} INFO - Setting next_dagrun for tutorial to 2022-03-02T15:46:34.258605+00:00
[2022-03-03 15:46:34,271] {processor.py:171} INFO - Processing /home/airflow/.local/lib/python3.7/site-packages/airflow/example_dags/tutorial.py took 0.086 seconds
[2022-03-03 15:47:04,409] {processor.py:163} INFO - Started process (PID=3253) to work on /home/airflow/.local/lib/python3.7/site-packages/airflow/example_dags/tutorial.py
[2022-03-03 15:47:04,411] {processor.py:642} INFO - Processing file /home/airflow/.local/lib/python3.7/site-packages/airflow/example_dags/tutorial.py for tasks to queue
[2022-03-03 15:47:04,413] {logging_mixin.py:109} INFO - [2022-03-03 15:47:04,412] {dagbag.py:500} INFO - Filling up the DagBag from /home/airflow/.local/lib/python3.7/site-packages/airflow/example_dags/tutorial.py
[2022-03-03 15:47:04,444] {processor.py:654} INFO - DAG(s) dict_keys(['tutorial']) retrieved from /home/airflow/.local/lib/python3.7/site-packages/airflow/example_dags/tutorial.py
[2022-03-03 15:47:04,454] {logging_mixin.py:109} INFO - [2022-03-03 15:47:04,454] {dag.py:2396} INFO - Sync 1 DAGs
[2022-03-03 15:47:04,476] {logging_mixin.py:109} INFO - [2022-03-03 15:47:04,476] {dag.py:2935} INFO - Setting next_dagrun for tutorial to 2022-03-02T15:47:04.476450+00:00
[2022-03-03 15:47:04,491] {processor.py:171} INFO - Processing /home/airflow/.local/lib/python3.7/site-packages/airflow/example_dags/tutorial.py took 0.087 seconds
[2022-03-03 15:47:35,002] {processor.py:163} INFO - Started process (PID=3317) to work on /home/airflow/.local/lib/python3.7/site-packages/airflow/example_dags/tutorial.py
[2022-03-03 15:47:35,004] {processor.py:642} INFO - Processing file /home/airflow/.local/lib/python3.7/site-packages/airflow/example_dags/tutorial.py for tasks to queue
[2022-03-03 15:47:35,007] {logging_mixin.py:109} INFO - [2022-03-03 15:47:35,006] {dagbag.py:500} INFO - Filling up the DagBag from /home/airflow/.local/lib/python3.7/site-packages/airflow/example_dags/tutorial.py
[2022-03-03 15:47:35,061] {processor.py:654} INFO - DAG(s) dict_keys(['tutorial']) retrieved from /home/airflow/.local/lib/python3.7/site-packages/airflow/example_dags/tutorial.py
[2022-03-03 15:47:35,079] {logging_mixin.py:109} INFO - [2022-03-03 15:47:35,079] {dag.py:2396} INFO - Sync 1 DAGs
[2022-03-03 15:47:35,099] {logging_mixin.py:109} INFO - [2022-03-03 15:47:35,099] {dag.py:2935} INFO - Setting next_dagrun for tutorial to 2022-03-02T15:47:35.099630+00:00
[2022-03-03 15:47:35,109] {processor.py:171} INFO - Processing /home/airflow/.local/lib/python3.7/site-packages/airflow/example_dags/tutorial.py took 0.114 seconds
[2022-03-03 15:48:05,715] {processor.py:163} INFO - Started process (PID=3375) to work on /home/airflow/.local/lib/python3.7/site-packages/airflow/example_dags/tutorial.py
[2022-03-03 15:48:05,717] {processor.py:642} INFO - Processing file /home/airflow/.local/lib/python3.7/site-packages/airflow/example_dags/tutorial.py for tasks to queue
[2022-03-03 15:48:05,718] {logging_mixin.py:109} INFO - [2022-03-03 15:48:05,718] {dagbag.py:500} INFO - Filling up the DagBag from /home/airflow/.local/lib/python3.7/site-packages/airflow/example_dags/tutorial.py
[2022-03-03 15:48:05,750] {processor.py:654} INFO - DAG(s) dict_keys(['tutorial']) retrieved from /home/airflow/.local/lib/python3.7/site-packages/airflow/example_dags/tutorial.py
[2022-03-03 15:48:05,760] {logging_mixin.py:109} INFO - [2022-03-03 15:48:05,760] {dag.py:2396} INFO - Sync 1 DAGs
[2022-03-03 15:48:05,775] {logging_mixin.py:109} INFO - [2022-03-03 15:48:05,775] {dag.py:2935} INFO - Setting next_dagrun for tutorial to 2022-03-02T15:48:05.775056+00:00
[2022-03-03 15:48:05,785] {processor.py:171} INFO - Processing /home/airflow/.local/lib/python3.7/site-packages/airflow/example_dags/tutorial.py took 0.075 seconds
[2022-03-03 15:48:35,903] {processor.py:163} INFO - Started process (PID=3432) to work on /home/airflow/.local/lib/python3.7/site-packages/airflow/example_dags/tutorial.py
[2022-03-03 15:48:35,906] {processor.py:642} INFO - Processing file /home/airflow/.local/lib/python3.7/site-packages/airflow/example_dags/tutorial.py for tasks to queue
[2022-03-03 15:48:35,908] {logging_mixin.py:109} INFO - [2022-03-03 15:48:35,908] {dagbag.py:500} INFO - Filling up the DagBag from /home/airflow/.local/lib/python3.7/site-packages/airflow/example_dags/tutorial.py
[2022-03-03 15:48:35,972] {processor.py:654} INFO - DAG(s) dict_keys(['tutorial']) retrieved from /home/airflow/.local/lib/python3.7/site-packages/airflow/example_dags/tutorial.py
[2022-03-03 15:48:35,989] {logging_mixin.py:109} INFO - [2022-03-03 15:48:35,989] {dag.py:2396} INFO - Sync 1 DAGs
[2022-03-03 15:48:36,016] {logging_mixin.py:109} INFO - [2022-03-03 15:48:36,016] {dag.py:2935} INFO - Setting next_dagrun for tutorial to 2022-03-02T15:48:36.016452+00:00
[2022-03-03 15:48:36,042] {processor.py:171} INFO - Processing /home/airflow/.local/lib/python3.7/site-packages/airflow/example_dags/tutorial.py took 0.142 seconds
[2022-03-03 15:49:06,873] {processor.py:163} INFO - Started process (PID=3494) to work on /home/airflow/.local/lib/python3.7/site-packages/airflow/example_dags/tutorial.py
[2022-03-03 15:49:06,875] {processor.py:642} INFO - Processing file /home/airflow/.local/lib/python3.7/site-packages/airflow/example_dags/tutorial.py for tasks to queue
[2022-03-03 15:49:06,876] {logging_mixin.py:109} INFO - [2022-03-03 15:49:06,876] {dagbag.py:500} INFO - Filling up the DagBag from /home/airflow/.local/lib/python3.7/site-packages/airflow/example_dags/tutorial.py
[2022-03-03 15:49:06,906] {processor.py:654} INFO - DAG(s) dict_keys(['tutorial']) retrieved from /home/airflow/.local/lib/python3.7/site-packages/airflow/example_dags/tutorial.py
[2022-03-03 15:49:06,915] {logging_mixin.py:109} INFO - [2022-03-03 15:49:06,915] {dag.py:2396} INFO - Sync 1 DAGs
[2022-03-03 15:49:06,931] {logging_mixin.py:109} INFO - [2022-03-03 15:49:06,930] {dag.py:2935} INFO - Setting next_dagrun for tutorial to 2022-03-02T15:49:06.930692+00:00
[2022-03-03 15:49:06,939] {processor.py:171} INFO - Processing /home/airflow/.local/lib/python3.7/site-packages/airflow/example_dags/tutorial.py took 0.072 seconds
[2022-03-03 15:49:37,398] {processor.py:163} INFO - Started process (PID=3550) to work on /home/airflow/.local/lib/python3.7/site-packages/airflow/example_dags/tutorial.py
[2022-03-03 15:49:37,401] {processor.py:642} INFO - Processing file /home/airflow/.local/lib/python3.7/site-packages/airflow/example_dags/tutorial.py for tasks to queue
[2022-03-03 15:49:37,402] {logging_mixin.py:109} INFO - [2022-03-03 15:49:37,402] {dagbag.py:500} INFO - Filling up the DagBag from /home/airflow/.local/lib/python3.7/site-packages/airflow/example_dags/tutorial.py
[2022-03-03 15:49:37,434] {processor.py:654} INFO - DAG(s) dict_keys(['tutorial']) retrieved from /home/airflow/.local/lib/python3.7/site-packages/airflow/example_dags/tutorial.py
[2022-03-03 15:49:37,450] {logging_mixin.py:109} INFO - [2022-03-03 15:49:37,450] {dag.py:2396} INFO - Sync 1 DAGs
[2022-03-03 15:49:37,465] {logging_mixin.py:109} INFO - [2022-03-03 15:49:37,465] {dag.py:2935} INFO - Setting next_dagrun for tutorial to 2022-03-02T15:49:37.465555+00:00
[2022-03-03 15:49:37,476] {processor.py:171} INFO - Processing /home/airflow/.local/lib/python3.7/site-packages/airflow/example_dags/tutorial.py took 0.082 seconds
[2022-03-03 15:50:08,208] {processor.py:163} INFO - Started process (PID=3606) to work on /home/airflow/.local/lib/python3.7/site-packages/airflow/example_dags/tutorial.py
[2022-03-03 15:50:08,211] {processor.py:642} INFO - Processing file /home/airflow/.local/lib/python3.7/site-packages/airflow/example_dags/tutorial.py for tasks to queue
[2022-03-03 15:50:08,212] {logging_mixin.py:109} INFO - [2022-03-03 15:50:08,212] {dagbag.py:500} INFO - Filling up the DagBag from /home/airflow/.local/lib/python3.7/site-packages/airflow/example_dags/tutorial.py
[2022-03-03 15:50:08,244] {processor.py:654} INFO - DAG(s) dict_keys(['tutorial']) retrieved from /home/airflow/.local/lib/python3.7/site-packages/airflow/example_dags/tutorial.py
[2022-03-03 15:50:08,254] {logging_mixin.py:109} INFO - [2022-03-03 15:50:08,254] {dag.py:2396} INFO - Sync 1 DAGs
[2022-03-03 15:50:08,270] {logging_mixin.py:109} INFO - [2022-03-03 15:50:08,270] {dag.py:2935} INFO - Setting next_dagrun for tutorial to 2022-03-02T15:50:08.270104+00:00
[2022-03-03 15:50:08,281] {processor.py:171} INFO - Processing /home/airflow/.local/lib/python3.7/site-packages/airflow/example_dags/tutorial.py took 0.077 seconds
[2022-03-03 15:50:38,671] {processor.py:163} INFO - Started process (PID=3674) to work on /home/airflow/.local/lib/python3.7/site-packages/airflow/example_dags/tutorial.py
[2022-03-03 15:50:38,681] {processor.py:642} INFO - Processing file /home/airflow/.local/lib/python3.7/site-packages/airflow/example_dags/tutorial.py for tasks to queue
[2022-03-03 15:50:38,682] {logging_mixin.py:109} INFO - [2022-03-03 15:50:38,682] {dagbag.py:500} INFO - Filling up the DagBag from /home/airflow/.local/lib/python3.7/site-packages/airflow/example_dags/tutorial.py
[2022-03-03 15:50:38,747] {processor.py:654} INFO - DAG(s) dict_keys(['tutorial']) retrieved from /home/airflow/.local/lib/python3.7/site-packages/airflow/example_dags/tutorial.py
[2022-03-03 15:50:38,765] {logging_mixin.py:109} INFO - [2022-03-03 15:50:38,764] {dag.py:2396} INFO - Sync 1 DAGs
[2022-03-03 15:50:38,800] {logging_mixin.py:109} INFO - [2022-03-03 15:50:38,799] {dag.py:2935} INFO - Setting next_dagrun for tutorial to 2022-03-02T15:50:38.799560+00:00
[2022-03-03 15:50:38,816] {processor.py:171} INFO - Processing /home/airflow/.local/lib/python3.7/site-packages/airflow/example_dags/tutorial.py took 0.152 seconds
