[2022-02-08 01:04:47,516] {taskinstance.py:1032} INFO - Dependencies all met for <TaskInstance: Sample_one.connect_to_astra_db manual__2022-02-08T01:04:45.559380+00:00 [queued]>
[2022-02-08 01:04:47,527] {taskinstance.py:1032} INFO - Dependencies all met for <TaskInstance: Sample_one.connect_to_astra_db manual__2022-02-08T01:04:45.559380+00:00 [queued]>
[2022-02-08 01:04:47,529] {taskinstance.py:1238} INFO - 
--------------------------------------------------------------------------------
[2022-02-08 01:04:47,529] {taskinstance.py:1239} INFO - Starting attempt 1 of 1
[2022-02-08 01:04:47,530] {taskinstance.py:1240} INFO - 
--------------------------------------------------------------------------------
[2022-02-08 01:04:47,544] {taskinstance.py:1259} INFO - Executing <Task(PythonOperator): connect_to_astra_db> on 2022-02-08 01:04:45.559380+00:00
[2022-02-08 01:04:47,552] {standard_task_runner.py:52} INFO - Started process 723 to run task
[2022-02-08 01:04:47,558] {standard_task_runner.py:76} INFO - Running: ['***', 'tasks', 'run', 'Sample_one', 'connect_to_astra_db', 'manual__2022-02-08T01:04:45.559380+00:00', '--job-id', '271', '--raw', '--subdir', 'DAGS_FOLDER/astradb.py', '--cfg-path', '/tmp/tmp684dd0b8', '--error-file', '/tmp/tmp382b1fy3']
[2022-02-08 01:04:47,561] {standard_task_runner.py:77} INFO - Job 271: Subtask connect_to_astra_db
[2022-02-08 01:04:47,642] {logging_mixin.py:109} INFO - Running <TaskInstance: Sample_one.connect_to_astra_db manual__2022-02-08T01:04:45.559380+00:00 [running]> on host 6d571ddbde8b
[2022-02-08 01:04:47,717] {taskinstance.py:1426} INFO - Exporting the following env vars:
AIRFLOW_CTX_DAG_OWNER=vathana
AIRFLOW_CTX_DAG_ID=Sample_one
AIRFLOW_CTX_TASK_ID=connect_to_astra_db
AIRFLOW_CTX_EXECUTION_DATE=2022-02-08T01:04:45.559380+00:00
AIRFLOW_CTX_DAG_RUN_ID=manual__2022-02-08T01:04:45.559380+00:00
[2022-02-08 01:04:48,060] {astradb.py:27} WARNING - Downgrading core protocol version from 66 to 65 for 3844b209-e6f1-4eda-8605-b019293c1e08-us-east1.db.astra.datastax.com:29042:c4854619-2b96-4a4a-bff9-0c18466c44bf. To avoid this, it is best practice to explicitly set Cluster(protocol_version) to the version supported by your cluster. http://datastax.github.io/python-driver/api/cassandra/cluster.html#cassandra.cluster.Cluster.protocol_version
[2022-02-08 01:04:48,207] {astradb.py:27} WARNING - Downgrading core protocol version from 65 to 5 for 3844b209-e6f1-4eda-8605-b019293c1e08-us-east1.db.astra.datastax.com:29042:c4854619-2b96-4a4a-bff9-0c18466c44bf. To avoid this, it is best practice to explicitly set Cluster(protocol_version) to the version supported by your cluster. http://datastax.github.io/python-driver/api/cassandra/cluster.html#cassandra.cluster.Cluster.protocol_version
[2022-02-08 01:04:48,343] {libevreactor.py:370} ERROR - Closing connection <LibevConnection(140390899713680) 3844b209-e6f1-4eda-8605-b019293c1e08-us-east1.db.astra.datastax.com:29042:c4854619-2b96-4a4a-bff9-0c18466c44bf> due to protocol error: Error from server: code=000a [Protocol error] message="Beta version of the protocol used (5/v5-beta), but USE_BETA flag is unset"
[2022-02-08 01:04:48,346] {astradb.py:27} WARNING - Downgrading core protocol version from 5 to 4 for 3844b209-e6f1-4eda-8605-b019293c1e08-us-east1.db.astra.datastax.com:29042:c4854619-2b96-4a4a-bff9-0c18466c44bf. To avoid this, it is best practice to explicitly set Cluster(protocol_version) to the version supported by your cluster. http://datastax.github.io/python-driver/api/cassandra/cluster.html#cassandra.cluster.Cluster.protocol_version
[2022-02-08 01:04:48,753] {policies.py:292} INFO - Using datacenter 'us-east1' for DCAwareRoundRobinPolicy (via host '3844b209-e6f1-4eda-8605-b019293c1e08-us-east1.db.astra.datastax.com:29042:c4854619-2b96-4a4a-bff9-0c18466c44bf'); if incorrect, please specify a local_dc to the constructor, or limit contact points to local cluster nodes
[2022-02-08 01:04:49,614] {python.py:175} INFO - Done. Returned value was: None
[2022-02-08 01:04:49,640] {taskinstance.py:1277} INFO - Marking task as SUCCESS. dag_id=Sample_one, task_id=connect_to_astra_db, execution_date=20220208T010445, start_date=20220208T010447, end_date=20220208T010449
[2022-02-08 01:04:49,717] {local_task_job.py:154} INFO - Task exited with return code 0
[2022-02-08 01:04:49,766] {local_task_job.py:264} INFO - 1 downstream tasks scheduled from follow-on schedule check
