[2022-02-09 02:54:03,124] {taskinstance.py:1032} INFO - Dependencies all met for <TaskInstance: Sample_one.query_from_astra_db manual__2022-02-09T02:53:51.482043+00:00 [queued]>
[2022-02-09 02:54:03,139] {taskinstance.py:1032} INFO - Dependencies all met for <TaskInstance: Sample_one.query_from_astra_db manual__2022-02-09T02:53:51.482043+00:00 [queued]>
[2022-02-09 02:54:03,141] {taskinstance.py:1238} INFO - 
--------------------------------------------------------------------------------
[2022-02-09 02:54:03,142] {taskinstance.py:1239} INFO - Starting attempt 1 of 1
[2022-02-09 02:54:03,144] {taskinstance.py:1240} INFO - 
--------------------------------------------------------------------------------
[2022-02-09 02:54:03,161] {taskinstance.py:1259} INFO - Executing <Task(PythonOperator): query_from_astra_db> on 2022-02-09 02:53:51.482043+00:00
[2022-02-09 02:54:03,171] {standard_task_runner.py:52} INFO - Started process 639 to run task
[2022-02-09 02:54:03,177] {standard_task_runner.py:76} INFO - Running: ['***', 'tasks', 'run', 'Sample_one', 'query_from_astra_db', 'manual__2022-02-09T02:53:51.482043+00:00', '--job-id', '404', '--raw', '--subdir', 'DAGS_FOLDER/astradb.py', '--cfg-path', '/tmp/tmpm9al5618', '--error-file', '/tmp/tmpv18vmf5_']
[2022-02-09 02:54:03,179] {standard_task_runner.py:77} INFO - Job 404: Subtask query_from_astra_db
[2022-02-09 02:54:03,267] {logging_mixin.py:109} INFO - Running <TaskInstance: Sample_one.query_from_astra_db manual__2022-02-09T02:53:51.482043+00:00 [running]> on host 065524cb0049
[2022-02-09 02:54:03,344] {taskinstance.py:1426} INFO - Exporting the following env vars:
AIRFLOW_CTX_DAG_OWNER=vathana
AIRFLOW_CTX_DAG_ID=Sample_one
AIRFLOW_CTX_TASK_ID=query_from_astra_db
AIRFLOW_CTX_EXECUTION_DATE=2022-02-09T02:53:51.482043+00:00
AIRFLOW_CTX_DAG_RUN_ID=manual__2022-02-09T02:53:51.482043+00:00
[2022-02-09 02:54:03,347] {logging_mixin.py:109} INFO - hello
[2022-02-09 02:54:03,348] {python.py:175} INFO - Done. Returned value was: None
[2022-02-09 02:54:03,363] {taskinstance.py:1277} INFO - Marking task as SUCCESS. dag_id=Sample_one, task_id=query_from_astra_db, execution_date=20220209T025351, start_date=20220209T025403, end_date=20220209T025403
[2022-02-09 02:54:03,431] {local_task_job.py:154} INFO - Task exited with return code 0
[2022-02-09 02:54:03,501] {local_task_job.py:264} INFO - 0 downstream tasks scheduled from follow-on schedule check
