[2022-02-24 20:10:33,574] {taskinstance.py:1032} INFO - Dependencies all met for <TaskInstance: Sample_one.process_kmeans manual__2022-02-24T20:10:30.676217+00:00 [queued]>
[2022-02-24 20:10:33,585] {taskinstance.py:1032} INFO - Dependencies all met for <TaskInstance: Sample_one.process_kmeans manual__2022-02-24T20:10:30.676217+00:00 [queued]>
[2022-02-24 20:10:33,586] {taskinstance.py:1238} INFO - 
--------------------------------------------------------------------------------
[2022-02-24 20:10:33,586] {taskinstance.py:1239} INFO - Starting attempt 1 of 1
[2022-02-24 20:10:33,587] {taskinstance.py:1240} INFO - 
--------------------------------------------------------------------------------
[2022-02-24 20:10:33,600] {taskinstance.py:1259} INFO - Executing <Task(PythonOperator): process_kmeans> on 2022-02-24 20:10:30.676217+00:00
[2022-02-24 20:10:33,607] {standard_task_runner.py:52} INFO - Started process 500 to run task
[2022-02-24 20:10:33,619] {standard_task_runner.py:76} INFO - Running: ['***', 'tasks', 'run', 'Sample_one', 'process_kmeans', 'manual__2022-02-24T20:10:30.676217+00:00', '--job-id', '46', '--raw', '--subdir', 'DAGS_FOLDER/dag.py', '--cfg-path', '/tmp/tmp68hkom4a', '--error-file', '/tmp/tmp5185b9mp']
[2022-02-24 20:10:33,621] {standard_task_runner.py:77} INFO - Job 46: Subtask process_kmeans
[2022-02-24 20:10:33,683] {logging_mixin.py:109} INFO - Running <TaskInstance: Sample_one.process_kmeans manual__2022-02-24T20:10:30.676217+00:00 [running]> on host 99813ca71bd1
[2022-02-24 20:10:33,779] {taskinstance.py:1426} INFO - Exporting the following env vars:
AIRFLOW_CTX_DAG_OWNER=vathana
AIRFLOW_CTX_DAG_ID=Sample_one
AIRFLOW_CTX_TASK_ID=process_kmeans
AIRFLOW_CTX_EXECUTION_DATE=2022-02-24T20:10:30.676217+00:00
AIRFLOW_CTX_DAG_RUN_ID=manual__2022-02-24T20:10:30.676217+00:00
[2022-02-24 20:10:34,131] {dag.py:27} WARNING - Downgrading core protocol version from 66 to 65 for 3844b209-e6f1-4eda-8605-b019293c1e08-us-east1.db.astra.datastax.com:29042:33c650af-8c56-4bb3-9716-13c8a515600f. To avoid this, it is best practice to explicitly set Cluster(protocol_version) to the version supported by your cluster. http://datastax.github.io/python-driver/api/cassandra/cluster.html#cassandra.cluster.Cluster.protocol_version
[2022-02-24 20:10:34,313] {dag.py:27} WARNING - Downgrading core protocol version from 65 to 5 for 3844b209-e6f1-4eda-8605-b019293c1e08-us-east1.db.astra.datastax.com:29042:33c650af-8c56-4bb3-9716-13c8a515600f. To avoid this, it is best practice to explicitly set Cluster(protocol_version) to the version supported by your cluster. http://datastax.github.io/python-driver/api/cassandra/cluster.html#cassandra.cluster.Cluster.protocol_version
[2022-02-24 20:10:34,447] {libevreactor.py:370} ERROR - Closing connection <LibevConnection(140639535228688) 3844b209-e6f1-4eda-8605-b019293c1e08-us-east1.db.astra.datastax.com:29042:33c650af-8c56-4bb3-9716-13c8a515600f> due to protocol error: Error from server: code=000a [Protocol error] message="Beta version of the protocol used (5/v5-beta), but USE_BETA flag is unset"
[2022-02-24 20:10:34,450] {dag.py:27} WARNING - Downgrading core protocol version from 5 to 4 for 3844b209-e6f1-4eda-8605-b019293c1e08-us-east1.db.astra.datastax.com:29042:33c650af-8c56-4bb3-9716-13c8a515600f. To avoid this, it is best practice to explicitly set Cluster(protocol_version) to the version supported by your cluster. http://datastax.github.io/python-driver/api/cassandra/cluster.html#cassandra.cluster.Cluster.protocol_version
[2022-02-24 20:10:34,812] {policies.py:292} INFO - Using datacenter 'us-east1' for DCAwareRoundRobinPolicy (via host '3844b209-e6f1-4eda-8605-b019293c1e08-us-east1.db.astra.datastax.com:29042:33c650af-8c56-4bb3-9716-13c8a515600f'); if incorrect, please specify a local_dc to the constructor, or limit contact points to local cluster nodes
[2022-02-24 20:10:37,652] {logging_mixin.py:109} INFO - kmeans_done
[2022-02-24 20:10:37,656] {python.py:175} INFO - Done. Returned value was: None
[2022-02-24 20:10:37,670] {taskinstance.py:1277} INFO - Marking task as SUCCESS. dag_id=Sample_one, task_id=process_kmeans, execution_date=20220224T201030, start_date=20220224T201033, end_date=20220224T201037
[2022-02-24 20:10:37,754] {local_task_job.py:154} INFO - Task exited with return code 0
[2022-02-24 20:10:37,799] {local_task_job.py:264} INFO - 1 downstream tasks scheduled from follow-on schedule check
