[2022-02-08 01:20:37,966] {taskinstance.py:1032} INFO - Dependencies all met for <TaskInstance: Sample_one.query_from_astra_db manual__2022-02-08T01:20:30.189735+00:00 [queued]>
[2022-02-08 01:20:38,013] {taskinstance.py:1032} INFO - Dependencies all met for <TaskInstance: Sample_one.query_from_astra_db manual__2022-02-08T01:20:30.189735+00:00 [queued]>
[2022-02-08 01:20:38,015] {taskinstance.py:1238} INFO - 
--------------------------------------------------------------------------------
[2022-02-08 01:20:38,016] {taskinstance.py:1239} INFO - Starting attempt 1 of 1
[2022-02-08 01:20:38,017] {taskinstance.py:1240} INFO - 
--------------------------------------------------------------------------------
[2022-02-08 01:20:38,033] {taskinstance.py:1259} INFO - Executing <Task(PythonOperator): query_from_astra_db> on 2022-02-08 01:20:30.189735+00:00
[2022-02-08 01:20:38,045] {standard_task_runner.py:52} INFO - Started process 135 to run task
[2022-02-08 01:20:38,050] {standard_task_runner.py:76} INFO - Running: ['***', 'tasks', 'run', 'Sample_one', 'query_from_astra_db', 'manual__2022-02-08T01:20:30.189735+00:00', '--job-id', '280', '--raw', '--subdir', 'DAGS_FOLDER/astradb.py', '--cfg-path', '/tmp/tmpmwem4t4u', '--error-file', '/tmp/tmpw2l7wfbm']
[2022-02-08 01:20:38,053] {standard_task_runner.py:77} INFO - Job 280: Subtask query_from_astra_db
[2022-02-08 01:20:38,139] {logging_mixin.py:109} INFO - Running <TaskInstance: Sample_one.query_from_astra_db manual__2022-02-08T01:20:30.189735+00:00 [running]> on host 6d571ddbde8b
[2022-02-08 01:20:38,214] {taskinstance.py:1426} INFO - Exporting the following env vars:
AIRFLOW_CTX_DAG_OWNER=vathana
AIRFLOW_CTX_DAG_ID=Sample_one
AIRFLOW_CTX_TASK_ID=query_from_astra_db
AIRFLOW_CTX_EXECUTION_DATE=2022-02-08T01:20:30.189735+00:00
AIRFLOW_CTX_DAG_RUN_ID=manual__2022-02-08T01:20:30.189735+00:00
[2022-02-08 01:20:38,216] {logging_mixin.py:109} INFO - /opt/***
[2022-02-08 01:20:38,217] {python.py:175} INFO - Done. Returned value was: None
[2022-02-08 01:20:38,233] {taskinstance.py:1277} INFO - Marking task as SUCCESS. dag_id=Sample_one, task_id=query_from_astra_db, execution_date=20220208T012030, start_date=20220208T012037, end_date=20220208T012038
[2022-02-08 01:20:38,284] {local_task_job.py:154} INFO - Task exited with return code 0
[2022-02-08 01:20:38,332] {local_task_job.py:264} INFO - 0 downstream tasks scheduled from follow-on schedule check
