[2022-02-09 03:06:44,582] {taskinstance.py:1032} INFO - Dependencies all met for <TaskInstance: Sample_one.query_from_astra_db manual__2022-02-09T03:06:33.302635+00:00 [queued]>
[2022-02-09 03:06:44,608] {taskinstance.py:1032} INFO - Dependencies all met for <TaskInstance: Sample_one.query_from_astra_db manual__2022-02-09T03:06:33.302635+00:00 [queued]>
[2022-02-09 03:06:44,610] {taskinstance.py:1238} INFO - 
--------------------------------------------------------------------------------
[2022-02-09 03:06:44,611] {taskinstance.py:1239} INFO - Starting attempt 1 of 1
[2022-02-09 03:06:44,613] {taskinstance.py:1240} INFO - 
--------------------------------------------------------------------------------
[2022-02-09 03:06:44,636] {taskinstance.py:1259} INFO - Executing <Task(PythonOperator): query_from_astra_db> on 2022-02-09 03:06:33.302635+00:00
[2022-02-09 03:06:44,654] {standard_task_runner.py:52} INFO - Started process 1279 to run task
[2022-02-09 03:06:44,683] {standard_task_runner.py:76} INFO - Running: ['***', 'tasks', 'run', 'Sample_one', 'query_from_astra_db', 'manual__2022-02-09T03:06:33.302635+00:00', '--job-id', '409', '--raw', '--subdir', 'DAGS_FOLDER/astradb.py', '--cfg-path', '/tmp/tmpbvoh9m_q', '--error-file', '/tmp/tmpepvl2qef']
[2022-02-09 03:06:44,688] {standard_task_runner.py:77} INFO - Job 409: Subtask query_from_astra_db
[2022-02-09 03:06:44,823] {logging_mixin.py:109} INFO - Running <TaskInstance: Sample_one.query_from_astra_db manual__2022-02-09T03:06:33.302635+00:00 [running]> on host 065524cb0049
[2022-02-09 03:06:44,983] {taskinstance.py:1426} INFO - Exporting the following env vars:
AIRFLOW_CTX_DAG_OWNER=vathana
AIRFLOW_CTX_DAG_ID=Sample_one
AIRFLOW_CTX_TASK_ID=query_from_astra_db
AIRFLOW_CTX_EXECUTION_DATE=2022-02-09T03:06:33.302635+00:00
AIRFLOW_CTX_DAG_RUN_ID=manual__2022-02-09T03:06:33.302635+00:00
[2022-02-09 03:06:44,989] {logging_mixin.py:109} INFO - hello
[2022-02-09 03:06:44,991] {python.py:175} INFO - Done. Returned value was: None
[2022-02-09 03:06:45,023] {taskinstance.py:1277} INFO - Marking task as SUCCESS. dag_id=Sample_one, task_id=query_from_astra_db, execution_date=20220209T030633, start_date=20220209T030644, end_date=20220209T030645
[2022-02-09 03:06:45,110] {local_task_job.py:154} INFO - Task exited with return code 0
[2022-02-09 03:06:45,152] {local_task_job.py:264} INFO - 0 downstream tasks scheduled from follow-on schedule check
