[2022-02-04 01:59:39,435] {taskinstance.py:1032} INFO - Dependencies all met for <TaskInstance: Sample_one.connect_to_astra_db manual__2022-02-04T01:59:37.754056+00:00 [queued]>
[2022-02-04 01:59:39,447] {taskinstance.py:1032} INFO - Dependencies all met for <TaskInstance: Sample_one.connect_to_astra_db manual__2022-02-04T01:59:37.754056+00:00 [queued]>
[2022-02-04 01:59:39,448] {taskinstance.py:1238} INFO - 
--------------------------------------------------------------------------------
[2022-02-04 01:59:39,449] {taskinstance.py:1239} INFO - Starting attempt 1 of 1
[2022-02-04 01:59:39,451] {taskinstance.py:1240} INFO - 
--------------------------------------------------------------------------------
[2022-02-04 01:59:39,463] {taskinstance.py:1259} INFO - Executing <Task(PythonOperator): connect_to_astra_db> on 2022-02-04 01:59:37.754056+00:00
[2022-02-04 01:59:39,470] {standard_task_runner.py:52} INFO - Started process 1184 to run task
[2022-02-04 01:59:39,475] {standard_task_runner.py:76} INFO - Running: ['***', 'tasks', 'run', 'Sample_one', 'connect_to_astra_db', 'manual__2022-02-04T01:59:37.754056+00:00', '--job-id', '93', '--raw', '--subdir', 'DAGS_FOLDER/astradb.py', '--cfg-path', '/tmp/tmpcrh_rajn', '--error-file', '/tmp/tmphrdepq1k']
[2022-02-04 01:59:39,477] {standard_task_runner.py:77} INFO - Job 93: Subtask connect_to_astra_db
[2022-02-04 01:59:39,556] {logging_mixin.py:109} INFO - Running <TaskInstance: Sample_one.connect_to_astra_db manual__2022-02-04T01:59:37.754056+00:00 [running]> on host 8c7de8c21c73
[2022-02-04 01:59:39,631] {taskinstance.py:1426} INFO - Exporting the following env vars:
AIRFLOW_CTX_DAG_OWNER=vathana
AIRFLOW_CTX_DAG_ID=Sample_one
AIRFLOW_CTX_TASK_ID=connect_to_astra_db
AIRFLOW_CTX_EXECUTION_DATE=2022-02-04T01:59:37.754056+00:00
AIRFLOW_CTX_DAG_RUN_ID=manual__2022-02-04T01:59:37.754056+00:00
[2022-02-04 01:59:40,144] {astradb.py:23} WARNING - Downgrading core protocol version from 66 to 65 for 3844b209-e6f1-4eda-8605-b019293c1e08-us-east1.db.astra.datastax.com:29042:572cf0bc-a5fe-4303-8200-4dd6c0e9bba9. To avoid this, it is best practice to explicitly set Cluster(protocol_version) to the version supported by your cluster. http://datastax.github.io/python-driver/api/cassandra/cluster.html#cassandra.cluster.Cluster.protocol_version
[2022-02-04 01:59:40,297] {astradb.py:23} WARNING - Downgrading core protocol version from 65 to 5 for 3844b209-e6f1-4eda-8605-b019293c1e08-us-east1.db.astra.datastax.com:29042:572cf0bc-a5fe-4303-8200-4dd6c0e9bba9. To avoid this, it is best practice to explicitly set Cluster(protocol_version) to the version supported by your cluster. http://datastax.github.io/python-driver/api/cassandra/cluster.html#cassandra.cluster.Cluster.protocol_version
[2022-02-04 01:59:40,495] {libevreactor.py:370} ERROR - Closing connection <LibevConnection(139672779970448) 3844b209-e6f1-4eda-8605-b019293c1e08-us-east1.db.astra.datastax.com:29042:572cf0bc-a5fe-4303-8200-4dd6c0e9bba9> due to protocol error: Error from server: code=000a [Protocol error] message="Beta version of the protocol used (5/v5-beta), but USE_BETA flag is unset"
[2022-02-04 01:59:40,499] {astradb.py:23} WARNING - Downgrading core protocol version from 5 to 4 for 3844b209-e6f1-4eda-8605-b019293c1e08-us-east1.db.astra.datastax.com:29042:572cf0bc-a5fe-4303-8200-4dd6c0e9bba9. To avoid this, it is best practice to explicitly set Cluster(protocol_version) to the version supported by your cluster. http://datastax.github.io/python-driver/api/cassandra/cluster.html#cassandra.cluster.Cluster.protocol_version
[2022-02-04 01:59:40,896] {policies.py:292} INFO - Using datacenter 'us-east1' for DCAwareRoundRobinPolicy (via host '3844b209-e6f1-4eda-8605-b019293c1e08-us-east1.db.astra.datastax.com:29042:572cf0bc-a5fe-4303-8200-4dd6c0e9bba9'); if incorrect, please specify a local_dc to the constructor, or limit contact points to local cluster nodes
[2022-02-04 01:59:41,599] {logging_mixin.py:109} INFO - success
[2022-02-04 01:59:41,601] {python.py:175} INFO - Done. Returned value was: None
[2022-02-04 01:59:41,635] {taskinstance.py:1277} INFO - Marking task as SUCCESS. dag_id=Sample_one, task_id=connect_to_astra_db, execution_date=20220204T015937, start_date=20220204T015939, end_date=20220204T015941
[2022-02-04 01:59:41,719] {local_task_job.py:154} INFO - Task exited with return code 0
[2022-02-04 01:59:41,789] {local_task_job.py:264} INFO - 1 downstream tasks scheduled from follow-on schedule check
