[2022-02-07 20:37:02,264] {taskinstance.py:1032} INFO - Dependencies all met for <TaskInstance: Sample_one.query_from_astra_db manual__2022-02-07T20:36:54.335136+00:00 [queued]>
[2022-02-07 20:37:02,277] {taskinstance.py:1032} INFO - Dependencies all met for <TaskInstance: Sample_one.query_from_astra_db manual__2022-02-07T20:36:54.335136+00:00 [queued]>
[2022-02-07 20:37:02,278] {taskinstance.py:1238} INFO - 
--------------------------------------------------------------------------------
[2022-02-07 20:37:02,279] {taskinstance.py:1239} INFO - Starting attempt 1 of 1
[2022-02-07 20:37:02,280] {taskinstance.py:1240} INFO - 
--------------------------------------------------------------------------------
[2022-02-07 20:37:02,294] {taskinstance.py:1259} INFO - Executing <Task(PythonOperator): query_from_astra_db> on 2022-02-07 20:36:54.335136+00:00
[2022-02-07 20:37:02,309] {standard_task_runner.py:52} INFO - Started process 202 to run task
[2022-02-07 20:37:02,320] {standard_task_runner.py:76} INFO - Running: ['***', 'tasks', 'run', 'Sample_one', 'query_from_astra_db', 'manual__2022-02-07T20:36:54.335136+00:00', '--job-id', '144', '--raw', '--subdir', 'DAGS_FOLDER/astradb.py', '--cfg-path', '/tmp/tmpkz3vpyqj', '--error-file', '/tmp/tmp24xw88sw']
[2022-02-07 20:37:02,325] {standard_task_runner.py:77} INFO - Job 144: Subtask query_from_astra_db
[2022-02-07 20:37:02,411] {logging_mixin.py:109} INFO - Running <TaskInstance: Sample_one.query_from_astra_db manual__2022-02-07T20:36:54.335136+00:00 [running]> on host 822c7f64ea94
[2022-02-07 20:37:02,549] {taskinstance.py:1426} INFO - Exporting the following env vars:
AIRFLOW_CTX_DAG_OWNER=vathana
AIRFLOW_CTX_DAG_ID=Sample_one
AIRFLOW_CTX_TASK_ID=query_from_astra_db
AIRFLOW_CTX_EXECUTION_DATE=2022-02-07T20:36:54.335136+00:00
AIRFLOW_CTX_DAG_RUN_ID=manual__2022-02-07T20:36:54.335136+00:00
[2022-02-07 20:37:02,550] {logging_mixin.py:109} INFO - he
[2022-02-07 20:37:02,555] {python.py:175} INFO - Done. Returned value was: None
[2022-02-07 20:37:02,573] {taskinstance.py:1277} INFO - Marking task as SUCCESS. dag_id=Sample_one, task_id=query_from_astra_db, execution_date=20220207T203654, start_date=20220207T203702, end_date=20220207T203702
[2022-02-07 20:37:02,655] {local_task_job.py:154} INFO - Task exited with return code 0
[2022-02-07 20:37:02,725] {local_task_job.py:264} INFO - 0 downstream tasks scheduled from follow-on schedule check
